LOCAL 2024-02-12 11:16:17 INFO  LocalApp:32 - LocalApp started with id 8bf2a3a1e7176845
LOCAL 2024-02-12 11:16:17 INFO  LocalApp:35 - LocalAppEnv created
LOCAL 2024-02-12 11:16:20 INFO  S3Handler:24 - S3 bucket sarcasm-analysis-bucket-8bf2a3a1e7176845 created
LOCAL 2024-02-12 11:16:21 INFO  SQSHandler:19 - Queue localToManagerQueue created
LOCAL 2024-02-12 11:16:21 INFO  SQSHandler:19 - Queue managerToLocalQueue created
LOCAL 2024-02-12 11:16:22 INFO  S3Handler:42 - File input3.txt uploaded to S3 bucket sarcasm-analysis-bucket-8bf2a3a1e7176845
LOCAL 2024-02-12 11:16:22 INFO  SQSHandler:76 - Sent message to https://sqs.us-east-1.amazonaws.com/767398090493/localToManagerQueue
LOCAL 2024-02-12 11:16:22 INFO  LocalApp:80 - Sent task to manager: input3.txt for inputIndex 0 with 350 reviews per worker
LOCAL 2024-02-12 11:16:23 INFO  EC2Handler:68 - Manager instance i-06647f1ca8475b18f is running
LOCAL 2024-02-12 11:16:23 INFO  LocalApp:87 - Polling for responses from manager
LOCAL 2024-02-12 11:16:43 INFO  LocalApp:87 - Polling for responses from manager
LOCAL 2024-02-12 11:17:04 INFO  LocalApp:87 - Polling for responses from manager
LOCAL 2024-02-12 11:17:24 INFO  LocalApp:87 - Polling for responses from manager
LOCAL 2024-02-12 11:17:44 INFO  LocalApp:87 - Polling for responses from manager
LOCAL 2024-02-12 11:18:04 INFO  LocalApp:87 - Polling for responses from manager
LOCAL 2024-02-12 11:18:24 INFO  LocalApp:87 - Polling for responses from manager
LOCAL 2024-02-12 11:18:45 INFO  LocalApp:87 - Polling for responses from manager
LOCAL 2024-02-12 11:19:05 INFO  LocalApp:87 - Polling for responses from manager
LOCAL 2024-02-12 11:19:25 INFO  LocalApp:87 - Polling for responses from manager
LOCAL 2024-02-12 11:19:45 INFO  LocalApp:87 - Polling for responses from manager
LOCAL 2024-02-12 11:20:05 INFO  LocalApp:87 - Polling for responses from manager
LOCAL 2024-02-12 11:20:25 INFO  LocalApp:87 - Polling for responses from manager
LOCAL 2024-02-12 11:20:46 INFO  LocalApp:87 - Polling for responses from manager
LOCAL 2024-02-12 11:21:06 INFO  LocalApp:87 - Polling for responses from manager
LOCAL 2024-02-12 11:21:26 INFO  LocalApp:87 - Polling for responses from manager
LOCAL 2024-02-12 11:21:47 INFO  LocalApp:87 - Polling for responses from manager
LOCAL 2024-02-12 11:22:07 INFO  LocalApp:87 - Polling for responses from manager
LOCAL 2024-02-12 11:22:27 INFO  LocalApp:87 - Polling for responses from manager
LOCAL 2024-02-12 11:22:47 INFO  LocalApp:87 - Polling for responses from manager
LOCAL 2024-02-12 11:23:07 INFO  LocalApp:87 - Polling for responses from manager
LOCAL 2024-02-12 11:23:27 INFO  LocalApp:87 - Polling for responses from manager
LOCAL 2024-02-12 11:23:47 INFO  LocalApp:87 - Polling for responses from manager
LOCAL 2024-02-12 11:24:08 INFO  LocalApp:87 - Polling for responses from manager
LOCAL 2024-02-12 11:24:28 INFO  LocalApp:87 - Polling for responses from manager
LOCAL 2024-02-12 11:24:48 INFO  LocalApp:87 - Polling for responses from manager
LOCAL 2024-02-12 11:25:09 INFO  LocalApp:87 - Polling for responses from manager
LOCAL 2024-02-12 11:25:29 INFO  LocalApp:87 - Polling for responses from manager
LOCAL 2024-02-12 11:25:49 INFO  LocalApp:87 - Polling for responses from manager
LOCAL 2024-02-12 11:26:09 INFO  LocalApp:87 - Polling for responses from manager
LOCAL 2024-02-12 11:26:10 INFO  LocalApp:99 - Received response from manager: 8bf2a3a1e7176845::done::8bf2a3a1e7176845-summary-0::0
LOCAL 2024-02-12 11:26:10 INFO  LocalApp:26 - LocalAppTask started
LOCAL 2024-02-12 11:26:10 INFO  S3Handler:56 - Downloading file 8bf2a3a1e7176845-summary-0 from S3 bucket sarcasm-analysis-bucket-8bf2a3a1e7176845
LOCAL 2024-02-12 11:26:12 INFO  LocalApp:33 - Received summary file from S3
LOCAL 2024-02-12 11:26:12 INFO  LocalApp:60 - Added review R15VRLC9S2AKVA to summary
LOCAL 2024-02-12 11:26:12 INFO  LocalApp:60 - Added review RYR2W2TEMEL1L to summary
LOCAL 2024-02-12 11:26:12 INFO  LocalApp:60 - Added review R2LJ75KUSZW43L to summary
LOCAL 2024-02-12 11:26:12 INFO  LocalApp:60 - Added review R1MQFUH9ENZW1I to summary
LOCAL 2024-02-12 11:26:12 INFO  LocalApp:60 - Added review R2IWSJDAPFZ9VM to summary
LOCAL 2024-02-12 11:26:12 INFO  LocalApp:60 - Added review R2TRFW8811UBB8 to summary
LOCAL 2024-02-12 11:26:12 INFO  LocalApp:60 - Added review R2LS7ZITDQXU9B to summary
LOCAL 2024-02-12 11:26:12 INFO  LocalApp:60 - Added review R24SBF8A0QOZLM to summary
LOCAL 2024-02-12 11:26:12 INFO  LocalApp:60 - Added review R3KC02V10ED331 to summary
LOCAL 2024-02-12 11:26:12 INFO  LocalApp:60 - Added review R1TNK8284EFVZ4 to summary
LOCAL 2024-02-12 11:26:12 INFO  LocalApp:60 - Added review R2FXZJQ9UEBW5B to summary
LOCAL 2024-02-12 11:26:12 INFO  LocalApp:60 - Added review R1DWWZF9ONB8B3 to summary
LOCAL 2024-02-12 11:26:12 INFO  LocalApp:60 - Added review R16OCYOBPH2COB to summary
LOCAL 2024-02-12 11:26:12 INFO  LocalApp:60 - Added review R1BAZR89AW4GCW to summary
LOCAL 2024-02-12 11:26:12 INFO  LocalApp:60 - Added review R3U42MT6PEXLL5 to summary
LOCAL 2024-02-12 11:26:12 INFO  LocalApp:60 - Added review RSVFVEOKGUS7A to summary
LOCAL 2024-02-12 11:26:12 INFO  LocalApp:60 - Added review R229XBJFYDTF39 to summary
LOCAL 2024-02-12 11:26:12 INFO  LocalApp:60 - Added review RQG0HPR6A8H8J to summary
LOCAL 2024-02-12 11:26:12 INFO  LocalApp:60 - Added review R18J6ISULRU669 to summary
LOCAL 2024-02-12 11:26:12 INFO  LocalApp:60 - Added review RYAGCGWLNAUW5 to summary
LOCAL 2024-02-12 11:26:12 INFO  LocalApp:60 - Added review R29CM6S96RG40S to summary
LOCAL 2024-02-12 11:26:12 INFO  LocalApp:60 - Added review R27RB68YEFLBIE to summary
LOCAL 2024-02-12 11:26:12 INFO  LocalApp:60 - Added review R29LVP2EBC2ZIM to summary
LOCAL 2024-02-12 11:26:12 INFO  LocalApp:60 - Added review R3L9OZZTT1632E to summary
LOCAL 2024-02-12 11:26:12 INFO  LocalApp:60 - Added review R6YDI2512EBLO to summary
LOCAL 2024-02-12 11:26:12 INFO  LocalApp:60 - Added review R215FN7P4GATLM to summary
LOCAL 2024-02-12 11:26:12 INFO  LocalApp:60 - Added review R1UQPTD2VN97NK to summary
LOCAL 2024-02-12 11:26:12 INFO  LocalApp:60 - Added review RVWAYV1XL8TIR to summary
LOCAL 2024-02-12 11:26:12 INFO  LocalApp:60 - Added review R16HDN034ERRX5 to summary
LOCAL 2024-02-12 11:26:12 INFO  LocalApp:60 - Added review R298VKH241HQZO to summary
LOCAL 2024-02-12 11:26:12 INFO  LocalApp:60 - Added review R30CP1RHJ35K6J to summary
LOCAL 2024-02-12 11:26:12 INFO  LocalApp:60 - Added review R2X153EHX4OMHM to summary
LOCAL 2024-02-12 11:26:12 INFO  LocalApp:60 - Added review R2JYN1I9ET59BH to summary
LOCAL 2024-02-12 11:26:12 INFO  LocalApp:60 - Added review R245LTU7MEDJLX to summary
LOCAL 2024-02-12 11:26:12 INFO  LocalApp:60 - Added review R2GLCL9F236VQV to summary
LOCAL 2024-02-12 11:26:12 INFO  LocalApp:60 - Added review R1HAZDGUHTR87X to summary
LOCAL 2024-02-12 11:26:12 INFO  LocalApp:60 - Added review REHUKU9S27P0G to summary
LOCAL 2024-02-12 11:26:12 INFO  LocalApp:60 - Added review R19VF906VTUBFI to summary
LOCAL 2024-02-12 11:26:12 INFO  LocalApp:60 - Added review R1DA1IVISZGNBY to summary
LOCAL 2024-02-12 11:26:12 INFO  LocalApp:60 - Added review RFLV8XPKGQ8PR to summary
LOCAL 2024-02-12 11:26:12 INFO  LocalApp:60 - Added review R1P5DBMPBE17VT to summary
LOCAL 2024-02-12 11:26:12 INFO  LocalApp:60 - Added review R32H7YIY4I2E49 to summary
LOCAL 2024-02-12 11:26:12 INFO  LocalApp:60 - Added review R2MIHPKRTN24NM to summary
LOCAL 2024-02-12 11:26:12 INFO  LocalApp:60 - Added review R1KDEZKHS10VCQ to summary
LOCAL 2024-02-12 11:26:12 INFO  LocalApp:60 - Added review R2KJMPU2G47FU4 to summary
LOCAL 2024-02-12 11:26:12 INFO  LocalApp:60 - Added review RNUX3O5A6VENG to summary
LOCAL 2024-02-12 11:26:12 INFO  LocalApp:60 - Added review R1HIWT1AGV86KQ to summary
LOCAL 2024-02-12 11:26:12 INFO  LocalApp:60 - Added review R1FNQ3PCC5ZKKJ to summary
LOCAL 2024-02-12 11:26:12 INFO  LocalApp:60 - Added review R2PQ8GHYTC732I to summary
LOCAL 2024-02-12 11:26:12 INFO  LocalApp:60 - Added review R28DB5QGNFXPV7 to summary
LOCAL 2024-02-12 11:26:12 INFO  LocalApp:60 - Added review RFF4QU1GAVCQS to summary
LOCAL 2024-02-12 11:26:12 INFO  LocalApp:60 - Added review R1BR4N0E8IZ87P to summary
LOCAL 2024-02-12 11:26:12 INFO  LocalApp:60 - Added review R2PWV5GNRKFKLI to summary
LOCAL 2024-02-12 11:26:12 INFO  LocalApp:60 - Added review R2ZKSD136VGIEK to summary
LOCAL 2024-02-12 11:26:12 INFO  LocalApp:60 - Added review R2TZ5939M4Z71 to summary
LOCAL 2024-02-12 11:26:12 INFO  LocalApp:60 - Added review RYWDMWUM7UP4C to summary
LOCAL 2024-02-12 11:26:12 INFO  LocalApp:60 - Added review RNMX0W7XT4GR3 to summary
LOCAL 2024-02-12 11:26:12 INFO  LocalApp:60 - Added review RZJRXYESADE31 to summary
LOCAL 2024-02-12 11:26:12 INFO  LocalApp:60 - Added review R1HAW75BU11OBQ to summary
LOCAL 2024-02-12 11:26:12 INFO  LocalApp:60 - Added review R2CNDNDP9XB0XE to summary
LOCAL 2024-02-12 11:26:12 INFO  LocalApp:60 - Added review R2F9KQ0Y4AQ9FB to summary
LOCAL 2024-02-12 11:26:12 INFO  LocalApp:60 - Added review R2J0AEHY5ENDLE to summary
LOCAL 2024-02-12 11:26:12 INFO  LocalApp:60 - Added review R1964BGL7O15EA to summary
LOCAL 2024-02-12 11:26:12 INFO  LocalApp:60 - Added review R3T6TX0DHA613X to summary
LOCAL 2024-02-12 11:26:12 INFO  LocalApp:60 - Added review R1LG0Q3UGHDVJZ to summary
LOCAL 2024-02-12 11:26:12 INFO  LocalApp:60 - Added review RKYIM3APOJ7TZ to summary
LOCAL 2024-02-12 11:26:12 INFO  LocalApp:60 - Added review R1FMRQEK3MP6YA to summary
LOCAL 2024-02-12 11:26:12 INFO  LocalApp:60 - Added review R1MTHVPNHR75HD to summary
LOCAL 2024-02-12 11:26:12 INFO  LocalApp:60 - Added review R1K6WHTZ2IWVEF to summary
LOCAL 2024-02-12 11:26:12 INFO  LocalApp:60 - Added review R2K2CTSWH5H01H to summary
LOCAL 2024-02-12 11:26:12 INFO  LocalApp:60 - Added review R1G4OWFBJVVM0J to summary
LOCAL 2024-02-12 11:26:12 INFO  LocalApp:60 - Added review R10D7J1NEI36R2 to summary
LOCAL 2024-02-12 11:26:12 INFO  LocalApp:60 - Added review R39LIK5G2FD7WO to summary
LOCAL 2024-02-12 11:26:12 INFO  LocalApp:60 - Added review R23CYOKMO21NVS to summary
LOCAL 2024-02-12 11:26:12 INFO  LocalApp:60 - Added review R4MNRHMIWXQ3O to summary
LOCAL 2024-02-12 11:26:12 INFO  LocalApp:60 - Added review RZDH975VAURWG to summary
LOCAL 2024-02-12 11:26:12 INFO  LocalApp:60 - Added review R30JIF1DJ7MOPG to summary
LOCAL 2024-02-12 11:26:12 INFO  LocalApp:60 - Added review R2QGHFDXXC8FXM to summary
LOCAL 2024-02-12 11:26:12 INFO  LocalApp:60 - Added review R2UJOMISHXCKA9 to summary
LOCAL 2024-02-12 11:26:12 INFO  LocalApp:60 - Added review R21A4322WO9U0X to summary
LOCAL 2024-02-12 11:26:12 INFO  LocalApp:60 - Added review R36QX3N00LBY8T to summary
LOCAL 2024-02-12 11:26:12 INFO  LocalApp:60 - Added review R15QHAQQ7KNX0C to summary
LOCAL 2024-02-12 11:26:12 INFO  LocalApp:60 - Added review R2K6FX313UUNY4 to summary
LOCAL 2024-02-12 11:26:12 INFO  LocalApp:60 - Added review R3FOV8BG2LL403 to summary
LOCAL 2024-02-12 11:26:12 INFO  LocalApp:60 - Added review R2JYN5LLWUJWPE to summary
LOCAL 2024-02-12 11:26:12 INFO  LocalApp:60 - Added review R2UT5AOS96UYAK to summary
LOCAL 2024-02-12 11:26:12 INFO  LocalApp:60 - Added review R29A6BIUW08BRV to summary
LOCAL 2024-02-12 11:26:12 INFO  LocalApp:60 - Added review R32KKI4EZMXBC7 to summary
LOCAL 2024-02-12 11:26:12 INFO  LocalApp:60 - Added review R29EI7UXTHHS9G to summary
LOCAL 2024-02-12 11:26:12 INFO  LocalApp:60 - Added review RI18K07U2FQXH to summary
LOCAL 2024-02-12 11:26:12 INFO  LocalApp:60 - Added review R1H6HUJOPXPPDN to summary
LOCAL 2024-02-12 11:26:12 INFO  LocalApp:60 - Added review R37PU69JLZ94QO to summary
LOCAL 2024-02-12 11:26:12 INFO  LocalApp:60 - Added review R2POYC2860CH6H to summary
LOCAL 2024-02-12 11:26:12 INFO  LocalApp:60 - Added review R3EXYWVXI8V06H to summary
LOCAL 2024-02-12 11:26:12 INFO  LocalApp:60 - Added review R2NDTHHI353TQK to summary
LOCAL 2024-02-12 11:26:12 INFO  LocalApp:60 - Added review R2MY6Z3GP9FU2G to summary
LOCAL 2024-02-12 11:26:12 INFO  LocalApp:60 - Added review RDXFKIE4LIL4A to summary
LOCAL 2024-02-12 11:26:12 INFO  LocalApp:60 - Added review RFAZZPJ87DNLM to summary
LOCAL 2024-02-12 11:26:12 INFO  LocalApp:60 - Added review RC1KFWW9VVVQ2 to summary
LOCAL 2024-02-12 11:26:12 INFO  LocalApp:60 - Added review R16OGWA7JAHWNB to summary
LOCAL 2024-02-12 11:26:12 INFO  LocalApp:60 - Added review R1FTP2JJQQG49R to summary
LOCAL 2024-02-12 11:26:12 INFO  LocalApp:60 - Added review R1FMAMY8343N73 to summary
LOCAL 2024-02-12 11:26:12 INFO  LocalApp:60 - Added review R2ELM09EN8G6QU to summary
LOCAL 2024-02-12 11:26:12 INFO  LocalApp:60 - Added review RNUM8GG7KABWF to summary
LOCAL 2024-02-12 11:26:12 INFO  LocalApp:60 - Added review R11YUOZK02IGIO to summary
LOCAL 2024-02-12 11:26:12 INFO  LocalApp:60 - Added review R33GMF2JT2HI0K to summary
LOCAL 2024-02-12 11:26:12 INFO  LocalApp:60 - Added review R18YES8HAIJ34K to summary
LOCAL 2024-02-12 11:26:12 INFO  LocalApp:60 - Added review R4CI1YYCW6HXF to summary
LOCAL 2024-02-12 11:26:12 INFO  LocalApp:60 - Added review ROEGTL6ZIL367 to summary
LOCAL 2024-02-12 11:26:12 INFO  LocalApp:60 - Added review R30W5MV14HLQS8 to summary
LOCAL 2024-02-12 11:26:12 INFO  LocalApp:60 - Added review R3TJI9PX0NVOD0 to summary
LOCAL 2024-02-12 11:26:12 INFO  LocalApp:60 - Added review RHNZHP3CAG0GU to summary
LOCAL 2024-02-12 11:26:12 INFO  LocalApp:60 - Added review R41GQI1RJ0QQ2 to summary
LOCAL 2024-02-12 11:26:12 INFO  LocalApp:60 - Added review RILH517WZA4UU to summary
LOCAL 2024-02-12 11:26:12 INFO  LocalApp:60 - Added review RJJAKDLS7ZKYG to summary
LOCAL 2024-02-12 11:26:12 INFO  LocalApp:60 - Added review R3SY8NQQGGA550 to summary
LOCAL 2024-02-12 11:26:12 INFO  LocalApp:60 - Added review R3LK84JXOSETS1 to summary
LOCAL 2024-02-12 11:26:12 INFO  LocalApp:60 - Added review R10ARJ6L1RX5ZU to summary
LOCAL 2024-02-12 11:26:12 INFO  LocalApp:60 - Added review R1HTBZ0A4DYFY9 to summary
LOCAL 2024-02-12 11:26:12 INFO  LocalApp:60 - Added review RUQ3TJWAGIS2X to summary
LOCAL 2024-02-12 11:26:12 INFO  LocalApp:60 - Added review RSMBOAHY459L3 to summary
LOCAL 2024-02-12 11:26:12 INFO  LocalApp:60 - Added review R2LKO94V1PNG6A to summary
LOCAL 2024-02-12 11:26:12 INFO  LocalApp:60 - Added review R21VM0DFZOG04J to summary
LOCAL 2024-02-12 11:26:12 INFO  LocalApp:60 - Added review R3MG6WHTK9DFWI to summary
LOCAL 2024-02-12 11:26:12 INFO  LocalApp:60 - Added review R11CLKZBIYULP to summary
LOCAL 2024-02-12 11:26:12 INFO  LocalApp:60 - Added review RD2QSPG7ZUWBD to summary
LOCAL 2024-02-12 11:26:12 INFO  LocalApp:60 - Added review R3B2RKMWCWZ7Y9 to summary
LOCAL 2024-02-12 11:26:12 INFO  LocalApp:60 - Added review R252J3F9B6IE3V to summary
LOCAL 2024-02-12 11:26:12 INFO  LocalApp:60 - Added review R36HZDTOVF455W to summary
LOCAL 2024-02-12 11:26:12 INFO  LocalApp:60 - Added review R223MC8TG3YG1T to summary
LOCAL 2024-02-12 11:26:12 INFO  LocalApp:60 - Added review R1EWH4JB3I2MZG to summary
LOCAL 2024-02-12 11:26:12 INFO  LocalApp:60 - Added review RCKKY3S3JY8GG to summary
LOCAL 2024-02-12 11:26:12 INFO  LocalApp:60 - Added review R35RCI4X7DTNOM to summary
LOCAL 2024-02-12 11:26:12 INFO  LocalApp:60 - Added review R3FHOZGAZ69THT to summary
LOCAL 2024-02-12 11:26:12 INFO  LocalApp:60 - Added review R3B7K6FLN1S8MI to summary
LOCAL 2024-02-12 11:26:12 INFO  LocalApp:60 - Added review R219Q6D24WOB8A to summary
LOCAL 2024-02-12 11:26:12 INFO  LocalApp:60 - Added review RVA4QMZNLZ38O to summary
LOCAL 2024-02-12 11:26:12 INFO  LocalApp:60 - Added review R3DI8C96Y6WSC4 to summary
LOCAL 2024-02-12 11:26:12 INFO  LocalApp:60 - Added review R28PLBM97FKPWY to summary
LOCAL 2024-02-12 11:26:12 INFO  LocalApp:60 - Added review R2GP675YHCZV0D to summary
LOCAL 2024-02-12 11:26:12 INFO  LocalApp:60 - Added review REVOIMEA8J9UC to summary
LOCAL 2024-02-12 11:26:12 INFO  LocalApp:60 - Added review R3K79OSFA3QBHE to summary
LOCAL 2024-02-12 11:26:12 INFO  LocalApp:60 - Added review R31QR5RMM9RRMZ to summary
LOCAL 2024-02-12 11:26:12 INFO  LocalApp:60 - Added review R2GRYCY2LQIFB6 to summary
LOCAL 2024-02-12 11:26:12 INFO  LocalApp:60 - Added review RDD9SW7D9E3VM to summary
LOCAL 2024-02-12 11:26:12 INFO  LocalApp:60 - Added review R168ULSS1EC4TG to summary
LOCAL 2024-02-12 11:26:12 INFO  LocalApp:60 - Added review R3C2G0UTXALY0T to summary
LOCAL 2024-02-12 11:26:12 INFO  LocalApp:60 - Added review R26PDSJJ0UI0G5 to summary
LOCAL 2024-02-12 11:26:12 INFO  LocalApp:60 - Added review R25C9T2HCXYU4P to summary
LOCAL 2024-02-12 11:26:12 INFO  LocalApp:60 - Added review R26NYNGDZFZ8HN to summary
LOCAL 2024-02-12 11:26:12 INFO  LocalApp:60 - Added review R1F4EZ2BOAKX10 to summary
LOCAL 2024-02-12 11:26:12 INFO  LocalApp:60 - Added review R38OYXUKCI9YE4 to summary
LOCAL 2024-02-12 11:26:12 INFO  LocalApp:60 - Added review R2MBI7OUR16VYM to summary
LOCAL 2024-02-12 11:26:12 INFO  LocalApp:60 - Added review R973ZFSA26XLB to summary
LOCAL 2024-02-12 11:26:12 INFO  LocalApp:60 - Added review R21GGIP6H1320S to summary
LOCAL 2024-02-12 11:26:12 INFO  LocalApp:60 - Added review R2OKCSQ2NYCYUW to summary
LOCAL 2024-02-12 11:26:12 INFO  LocalApp:60 - Added review RG9ZIGJXCN4TG to summary
LOCAL 2024-02-12 11:26:12 INFO  LocalApp:60 - Added review R3EHVBJLJ86J5B to summary
LOCAL 2024-02-12 11:26:12 INFO  LocalApp:60 - Added review R12ZO9ZVNNQUQ8 to summary
LOCAL 2024-02-12 11:26:12 INFO  LocalApp:60 - Added review R338OGHLO1RYIP to summary
LOCAL 2024-02-12 11:26:12 INFO  LocalApp:60 - Added review R1T9OBR5KSASM7 to summary
LOCAL 2024-02-12 11:26:12 INFO  LocalApp:60 - Added review R3V03QLP0ZR4OB to summary
LOCAL 2024-02-12 11:26:12 INFO  LocalApp:60 - Added review RVODER0PRPD5L to summary
LOCAL 2024-02-12 11:26:12 INFO  LocalApp:60 - Added review RSR3TZU6WLG2 to summary
LOCAL 2024-02-12 11:26:12 INFO  LocalApp:60 - Added review R3IYBQD24JO5HT to summary
LOCAL 2024-02-12 11:26:12 INFO  LocalApp:60 - Added review RZVNOT7GZQ35A to summary
LOCAL 2024-02-12 11:26:12 INFO  LocalApp:60 - Added review R1Y9SOR3TBVH3G to summary
LOCAL 2024-02-12 11:26:12 INFO  LocalApp:60 - Added review R2XAON4I83K3RK to summary
LOCAL 2024-02-12 11:26:12 INFO  LocalApp:60 - Added review RJNYK4SB3WTOI to summary
LOCAL 2024-02-12 11:26:12 INFO  LocalApp:60 - Added review R1OXU12ZDJAVG1 to summary
LOCAL 2024-02-12 11:26:12 INFO  LocalApp:60 - Added review R1MNS3EGP6BC90 to summary
LOCAL 2024-02-12 11:26:12 INFO  LocalApp:60 - Added review R1PXKS4CFIX8YS to summary
LOCAL 2024-02-12 11:26:12 INFO  LocalApp:60 - Added review R2QS2D5RPD5P8N to summary
LOCAL 2024-02-12 11:26:12 INFO  LocalApp:60 - Added review R3DS93NGAJ1ZIJ to summary
LOCAL 2024-02-12 11:26:12 INFO  LocalApp:60 - Added review R1HHL52NDVIHAZ to summary
LOCAL 2024-02-12 11:26:12 INFO  LocalApp:60 - Added review R19QN0FAJQ6HMC to summary
LOCAL 2024-02-12 11:26:12 INFO  LocalApp:60 - Added review R155F2E0Q23JKI to summary
LOCAL 2024-02-12 11:26:12 INFO  LocalApp:60 - Added review R1AN0IYE4KG5B6 to summary
LOCAL 2024-02-12 11:26:12 INFO  LocalApp:60 - Added review R2G8S6VBA6NY2Q to summary
LOCAL 2024-02-12 11:26:12 INFO  LocalApp:60 - Added review R1QPKHWTZ1RB3Q to summary
LOCAL 2024-02-12 11:26:12 INFO  LocalApp:60 - Added review R13S78A3DRFLT0 to summary
LOCAL 2024-02-12 11:26:12 INFO  LocalApp:60 - Added review R2YPRSRARLVVGS to summary
LOCAL 2024-02-12 11:26:12 INFO  LocalApp:60 - Added review R268WIYUD8HFYM to summary
LOCAL 2024-02-12 11:26:12 INFO  LocalApp:60 - Added review RTNHFOXEFUVBQ to summary
LOCAL 2024-02-12 11:26:12 INFO  LocalApp:60 - Added review R10FCV4GUUXWR5 to summary
LOCAL 2024-02-12 11:26:12 INFO  LocalApp:60 - Added review RONA29TOQS2EF to summary
LOCAL 2024-02-12 11:26:12 INFO  LocalApp:60 - Added review R25UNTLEJ0OK6K to summary
LOCAL 2024-02-12 11:26:12 INFO  LocalApp:60 - Added review R1E19R7RZVYOSP to summary
LOCAL 2024-02-12 11:26:12 INFO  LocalApp:60 - Added review R6O8WL022CRTI to summary
LOCAL 2024-02-12 11:26:12 INFO  LocalApp:60 - Added review R1CCN261JK76T to summary
LOCAL 2024-02-12 11:26:12 INFO  LocalApp:60 - Added review RMJJUX3YJF2UI to summary
LOCAL 2024-02-12 11:26:12 INFO  LocalApp:60 - Added review R2B8U1OUG819O7 to summary
LOCAL 2024-02-12 11:26:12 INFO  LocalApp:60 - Added review R2O28S5YIES74H to summary
LOCAL 2024-02-12 11:26:12 INFO  LocalApp:60 - Added review R2G7FLZKXFP5TF to summary
LOCAL 2024-02-12 11:26:12 INFO  LocalApp:60 - Added review R1EZ544Y3VGJRN to summary
LOCAL 2024-02-12 11:26:12 INFO  LocalApp:60 - Added review R1880EX02AS8OB to summary
LOCAL 2024-02-12 11:26:12 INFO  LocalApp:60 - Added review R3MEW6I0AJ5MNZ to summary
LOCAL 2024-02-12 11:26:12 INFO  LocalApp:60 - Added review R3P1XFR6NQ553R to summary
LOCAL 2024-02-12 11:26:12 INFO  LocalApp:60 - Added review R2EKSJ6GA2PAEN to summary
LOCAL 2024-02-12 11:26:12 INFO  LocalApp:60 - Added review R3KU0Y18GX7DXS to summary
LOCAL 2024-02-12 11:26:12 INFO  LocalApp:60 - Added review R1JC27G6KRKZHY to summary
LOCAL 2024-02-12 11:26:12 INFO  LocalApp:60 - Added review R1M8HFW29HGY5T to summary
LOCAL 2024-02-12 11:26:12 INFO  LocalApp:60 - Added review R3R8BNVHZ6AFCS to summary
LOCAL 2024-02-12 11:26:12 INFO  LocalApp:60 - Added review R2S21I2V7KXI3Z to summary
LOCAL 2024-02-12 11:26:12 INFO  LocalApp:60 - Added review R1G1T9AXD3VRER to summary
LOCAL 2024-02-12 11:26:12 INFO  LocalApp:60 - Added review RPCE2H69JIRVI to summary
LOCAL 2024-02-12 11:26:12 INFO  LocalApp:60 - Added review R3MTHQSQAQDV7K to summary
LOCAL 2024-02-12 11:26:12 INFO  LocalApp:60 - Added review R37LPR89SW22Z7 to summary
LOCAL 2024-02-12 11:26:12 INFO  LocalApp:60 - Added review R2U3A751M8SFN0 to summary
LOCAL 2024-02-12 11:26:12 INFO  LocalApp:60 - Added review R2LRDQPC425O32 to summary
LOCAL 2024-02-12 11:26:12 INFO  LocalApp:60 - Added review R22116IA23S9A6 to summary
LOCAL 2024-02-12 11:26:12 INFO  LocalApp:60 - Added review R3IJ3IM70WWMFF to summary
LOCAL 2024-02-12 11:26:12 INFO  LocalApp:60 - Added review R8SOGCT7TXZAT to summary
LOCAL 2024-02-12 11:26:12 INFO  LocalApp:60 - Added review R2LIGXAA6W3RHK to summary
LOCAL 2024-02-12 11:26:12 INFO  LocalApp:60 - Added review R13JVZ4WXVRMGK to summary
LOCAL 2024-02-12 11:26:12 INFO  LocalApp:60 - Added review R37MKR8B8HQTBG to summary
LOCAL 2024-02-12 11:26:12 INFO  LocalApp:60 - Added review R1CPPSHZWOJXPH to summary
LOCAL 2024-02-12 11:26:12 INFO  LocalApp:60 - Added review R2AOC5JG3BPR5W to summary
LOCAL 2024-02-12 11:26:12 INFO  LocalApp:60 - Added review R16AET8J5YAKWQ to summary
LOCAL 2024-02-12 11:26:12 INFO  LocalApp:60 - Added review R154O594YST360 to summary
LOCAL 2024-02-12 11:26:12 INFO  LocalApp:60 - Added review R2YW9IM3LAM2AV to summary
LOCAL 2024-02-12 11:26:12 INFO  LocalApp:60 - Added review R2GZS81IOH1XJY to summary
LOCAL 2024-02-12 11:26:12 INFO  LocalApp:60 - Added review RV5JS5WN4GHT5 to summary
LOCAL 2024-02-12 11:26:12 INFO  LocalApp:60 - Added review R5SGNW8833R9D to summary
LOCAL 2024-02-12 11:26:12 INFO  LocalApp:60 - Added review RRZ6ROCKIKHIQ to summary
LOCAL 2024-02-12 11:26:12 INFO  LocalApp:60 - Added review R2QL6OPCE0JITN to summary
LOCAL 2024-02-12 11:26:12 INFO  LocalApp:60 - Added review R2UJYYJTILQ2LG to summary
LOCAL 2024-02-12 11:26:12 INFO  LocalApp:60 - Added review RA78XOHG1PE7T to summary
LOCAL 2024-02-12 11:26:12 INFO  LocalApp:60 - Added review R2878RVLAGISPQ to summary
LOCAL 2024-02-12 11:26:12 INFO  LocalApp:60 - Added review R25PBHTTVI652U to summary
LOCAL 2024-02-12 11:26:12 INFO  LocalApp:60 - Added review R85FTKVI9BXHM to summary
LOCAL 2024-02-12 11:26:12 INFO  LocalApp:60 - Added review RISUUH3GSFGPP to summary
LOCAL 2024-02-12 11:26:12 INFO  LocalApp:60 - Added review R23BWA95TBLW74 to summary
LOCAL 2024-02-12 11:26:12 INFO  LocalApp:60 - Added review R2ELMETK2MQ668 to summary
LOCAL 2024-02-12 11:26:12 INFO  LocalApp:60 - Added review R12WV9Q5TLPLM3 to summary
LOCAL 2024-02-12 11:26:12 INFO  LocalApp:60 - Added review R10C1IC229KRZ5 to summary
LOCAL 2024-02-12 11:26:12 INFO  LocalApp:60 - Added review RDXR7CWF3X7SW to summary
LOCAL 2024-02-12 11:26:12 INFO  LocalApp:60 - Added review RO8RMZK4O5DPX to summary
LOCAL 2024-02-12 11:26:12 INFO  LocalApp:60 - Added review R1R41E2HI9IU77 to summary
LOCAL 2024-02-12 11:26:12 INFO  LocalApp:60 - Added review R2G76T67KTP3QD to summary
LOCAL 2024-02-12 11:26:12 INFO  LocalApp:60 - Added review RM5CBMHH305TN to summary
LOCAL 2024-02-12 11:26:12 INFO  LocalApp:60 - Added review R1KDAARNILNLCC to summary
LOCAL 2024-02-12 11:26:12 INFO  LocalApp:60 - Added review R2B5SXZ6309KPN to summary
LOCAL 2024-02-12 11:26:12 INFO  LocalApp:60 - Added review R2CU95KY74ZS9G to summary
LOCAL 2024-02-12 11:26:12 INFO  LocalApp:60 - Added review R3JD7T6VAADI6V to summary
LOCAL 2024-02-12 11:26:12 INFO  LocalApp:60 - Added review R2WSSW0EXMVQ1R to summary
LOCAL 2024-02-12 11:26:12 INFO  LocalApp:60 - Added review R1NMZFUPFEQALF to summary
LOCAL 2024-02-12 11:26:12 INFO  LocalApp:60 - Added review R28UVJ7VHSBBZI to summary
LOCAL 2024-02-12 11:26:12 INFO  LocalApp:60 - Added review R1JBNLN5PI9ATZ to summary
LOCAL 2024-02-12 11:26:12 INFO  LocalApp:60 - Added review R47HAWHHDXE5D to summary
LOCAL 2024-02-12 11:26:12 INFO  LocalApp:60 - Added review R3ATS0XTX24TWC to summary
LOCAL 2024-02-12 11:26:12 INFO  LocalApp:60 - Added review RVT51J4MLF51 to summary
LOCAL 2024-02-12 11:26:12 INFO  LocalApp:60 - Added review R31ED2BWE2NLDC to summary
LOCAL 2024-02-12 11:26:12 INFO  LocalApp:60 - Added review R11W1XNVDPJJBP to summary
LOCAL 2024-02-12 11:26:12 INFO  LocalApp:60 - Added review R1MSYWLUSS2QEX to summary
LOCAL 2024-02-12 11:26:12 INFO  LocalApp:60 - Added review R29M3DI93T4M51 to summary
LOCAL 2024-02-12 11:26:12 INFO  LocalApp:60 - Added review R26W0D9UJ51T0H to summary
LOCAL 2024-02-12 11:26:12 INFO  LocalApp:60 - Added review R3EPS80XX6ZSI0 to summary
LOCAL 2024-02-12 11:26:12 INFO  LocalApp:60 - Added review R3CMJP39M4YPJ7 to summary
LOCAL 2024-02-12 11:26:12 INFO  LocalApp:60 - Added review R3IPZ77QUB7G0S to summary
LOCAL 2024-02-12 11:26:12 INFO  LocalApp:60 - Added review R2QQG8M0PIPQW to summary
LOCAL 2024-02-12 11:26:12 INFO  LocalApp:60 - Added review RZCZOKP6N5X8Z to summary
LOCAL 2024-02-12 11:26:12 INFO  LocalApp:60 - Added review R1TIX6VIZAMHRD to summary
LOCAL 2024-02-12 11:26:12 INFO  LocalApp:60 - Added review R1BJYVWWCB73YT to summary
LOCAL 2024-02-12 11:26:12 INFO  LocalApp:60 - Added review RKK7FUBZQQZ1T to summary
LOCAL 2024-02-12 11:26:12 INFO  LocalApp:60 - Added review R2IS2ZBBLMP4E8 to summary
LOCAL 2024-02-12 11:26:12 INFO  LocalApp:60 - Added review RYGTRZT078PLY to summary
LOCAL 2024-02-12 11:26:12 INFO  LocalApp:60 - Added review R1M62RMI6HLCAF to summary
LOCAL 2024-02-12 11:26:12 INFO  LocalApp:60 - Added review R1X5C2DGRQ6XDN to summary
LOCAL 2024-02-12 11:26:12 INFO  LocalApp:60 - Added review R2KL5TZJW68QH8 to summary
LOCAL 2024-02-12 11:26:12 INFO  LocalApp:60 - Added review R7TWAASEK807V to summary
LOCAL 2024-02-12 11:26:12 INFO  LocalApp:60 - Added review RAVJ8D8RG5FJO to summary
LOCAL 2024-02-12 11:26:12 INFO  LocalApp:60 - Added review R4NEQ2HQOE48G to summary
LOCAL 2024-02-12 11:26:12 INFO  LocalApp:60 - Added review RA10IJHAUX9X0 to summary
LOCAL 2024-02-12 11:26:12 INFO  LocalApp:60 - Added review R1FMXMWKDICKRU to summary
LOCAL 2024-02-12 11:26:12 INFO  LocalApp:60 - Added review R3SL0LJC9PYDBW to summary
LOCAL 2024-02-12 11:26:12 INFO  LocalApp:60 - Added review R1IQWO7HVEFUYQ to summary
LOCAL 2024-02-12 11:26:12 INFO  LocalApp:60 - Added review RMXHQJ3E6VPHC to summary
LOCAL 2024-02-12 11:26:12 INFO  LocalApp:60 - Added review RCVQLR8QXSYM3 to summary
LOCAL 2024-02-12 11:26:12 INFO  LocalApp:60 - Added review RIE6EPQY5ALC6 to summary
LOCAL 2024-02-12 11:26:12 INFO  LocalApp:60 - Added review R3J3O6RGYDV0VH to summary
LOCAL 2024-02-12 11:26:12 INFO  LocalApp:60 - Added review R1PBQLIQDPMQVC to summary
LOCAL 2024-02-12 11:26:12 INFO  LocalApp:60 - Added review ROELF03O1Y2VB to summary
LOCAL 2024-02-12 11:26:12 INFO  LocalApp:60 - Added review RXEMN5J1UN78M to summary
LOCAL 2024-02-12 11:26:12 INFO  LocalApp:60 - Added review R2I6C00FHCQBHV to summary
LOCAL 2024-02-12 11:26:12 INFO  LocalApp:60 - Added review R39EAXTUTTOIMF to summary
LOCAL 2024-02-12 11:26:12 INFO  LocalApp:60 - Added review R3AK5790M57BTC to summary
LOCAL 2024-02-12 11:26:12 INFO  LocalApp:60 - Added review R3UI76Z4P4ZY7R to summary
LOCAL 2024-02-12 11:26:12 INFO  LocalApp:60 - Added review RDS5DOPN1990E to summary
LOCAL 2024-02-12 11:26:12 INFO  LocalApp:60 - Added review R1CKFFU33ZC1HU to summary
LOCAL 2024-02-12 11:26:12 INFO  LocalApp:60 - Added review R16KRLC0HAMQ5 to summary
LOCAL 2024-02-12 11:26:12 INFO  LocalApp:60 - Added review R1A8ZYV4SN8EAC to summary
LOCAL 2024-02-12 11:26:12 INFO  LocalApp:60 - Added review R2J20BDJ73IJIG to summary
LOCAL 2024-02-12 11:26:12 INFO  LocalApp:60 - Added review R3HPRGJRDBHL1H to summary
LOCAL 2024-02-12 11:26:12 INFO  LocalApp:60 - Added review R3MY67Y9UZRCL6 to summary
LOCAL 2024-02-12 11:26:12 INFO  LocalApp:60 - Added review R33O2ANPJLOVTN to summary
LOCAL 2024-02-12 11:26:12 INFO  LocalApp:60 - Added review R38RFBSTI6XHXR to summary
LOCAL 2024-02-12 11:26:12 INFO  LocalApp:60 - Added review R1H13WTREIAFH6 to summary
LOCAL 2024-02-12 11:26:12 INFO  LocalApp:60 - Added review R2IGVNKI4RQVKO to summary
LOCAL 2024-02-12 11:26:12 INFO  LocalApp:60 - Added review R1N6DDXE8O8LJB to summary
LOCAL 2024-02-12 11:26:12 INFO  LocalApp:60 - Added review R1FGQIMRHMOM1Q to summary
LOCAL 2024-02-12 11:26:12 INFO  LocalApp:60 - Added review R2F1TWTBS03Y18 to summary
LOCAL 2024-02-12 11:26:12 INFO  LocalApp:60 - Added review RGRU36OZKAEHY to summary
LOCAL 2024-02-12 11:26:12 INFO  LocalApp:60 - Added review R3O3VNIPX1N7HS to summary
LOCAL 2024-02-12 11:26:12 INFO  LocalApp:60 - Added review R2AGRELN38ITGM to summary
LOCAL 2024-02-12 11:26:12 INFO  LocalApp:60 - Added review R4SUWX46J6SQ4 to summary
LOCAL 2024-02-12 11:26:12 INFO  LocalApp:60 - Added review R1LG1RMBKTJHBW to summary
LOCAL 2024-02-12 11:26:12 INFO  LocalApp:60 - Added review R109H0GU7YD0HW to summary
LOCAL 2024-02-12 11:26:12 INFO  LocalApp:60 - Added review R1WSH35BJ8V4ZB to summary
LOCAL 2024-02-12 11:26:12 INFO  LocalApp:60 - Added review RC34FMLCNM8VA to summary
LOCAL 2024-02-12 11:26:12 INFO  LocalApp:60 - Added review R3NHJ03BVK9PY2 to summary
LOCAL 2024-02-12 11:26:12 INFO  LocalApp:60 - Added review R2OI3RDSFPML0B to summary
LOCAL 2024-02-12 11:26:12 INFO  LocalApp:60 - Added review R10CF26CVQFWAU to summary
LOCAL 2024-02-12 11:26:12 INFO  LocalApp:60 - Added review R1R1X0TN9OS7SH to summary
LOCAL 2024-02-12 11:26:12 INFO  LocalApp:60 - Added review RJPA5WKRVJ8TG to summary
LOCAL 2024-02-12 11:26:12 INFO  LocalApp:60 - Added review RF0W173HA1SPJ to summary
LOCAL 2024-02-12 11:26:12 INFO  LocalApp:60 - Added review R3QA16756Z1HCV to summary
LOCAL 2024-02-12 11:26:12 INFO  LocalApp:60 - Added review RN8CGYW0H7O6E to summary
LOCAL 2024-02-12 11:26:12 INFO  LocalApp:60 - Added review R16H2OEL7GO05H to summary
LOCAL 2024-02-12 11:26:12 INFO  LocalApp:60 - Added review R334S2T0S5RJC8 to summary
LOCAL 2024-02-12 11:26:12 INFO  LocalApp:60 - Added review R3FKLSX2MLAJJV to summary
LOCAL 2024-02-12 11:26:12 INFO  LocalApp:60 - Added review R2132Q6BW4AAEM to summary
LOCAL 2024-02-12 11:26:12 INFO  LocalApp:60 - Added review R1JECQSTRTFA0F to summary
LOCAL 2024-02-12 11:26:12 INFO  LocalApp:60 - Added review R2F6RD8A51CD4T to summary
LOCAL 2024-02-12 11:26:12 INFO  LocalApp:60 - Added review R2KH8A9DZL3268 to summary
LOCAL 2024-02-12 11:26:12 INFO  LocalApp:60 - Added review R2IPTFQH5AUI7L to summary
LOCAL 2024-02-12 11:26:12 INFO  LocalApp:60 - Added review REAQHGAAC7W97 to summary
LOCAL 2024-02-12 11:26:12 INFO  LocalApp:60 - Added review R3IK3KD1X0WIQ2 to summary
LOCAL 2024-02-12 11:26:12 INFO  LocalApp:60 - Added review R2IWS2NUBU90YD to summary
LOCAL 2024-02-12 11:26:12 INFO  LocalApp:60 - Added review R760MPUTLN5KM to summary
LOCAL 2024-02-12 11:26:12 INFO  LocalApp:60 - Added review R35OEUGX9GHHPX to summary
LOCAL 2024-02-12 11:26:12 INFO  LocalApp:60 - Added review R2CNMGRXMIVWZ2 to summary
LOCAL 2024-02-12 11:26:12 INFO  LocalApp:60 - Added review RRGBBUEEND1Y0 to summary
LOCAL 2024-02-12 11:26:12 INFO  LocalApp:60 - Added review RGE81G2X7BZVW to summary
LOCAL 2024-02-12 11:26:12 INFO  LocalApp:60 - Added review R1RKGAVQ7XV85R to summary
LOCAL 2024-02-12 11:26:12 INFO  LocalApp:60 - Added review R3C05UCFBVGU0Y to summary
LOCAL 2024-02-12 11:26:12 INFO  LocalApp:60 - Added review RJHA1K1IY2GI0 to summary
LOCAL 2024-02-12 11:26:12 INFO  LocalApp:60 - Added review R3OO5L1UKIU6H8 to summary
LOCAL 2024-02-12 11:26:12 INFO  LocalApp:60 - Added review R24MYE0DFP2KRF to summary
LOCAL 2024-02-12 11:26:12 INFO  LocalApp:60 - Added review R3QYASJ0S32YZ7 to summary
LOCAL 2024-02-12 11:26:12 INFO  LocalApp:60 - Added review R3MA9VIS6QN80Z to summary
LOCAL 2024-02-12 11:26:12 INFO  LocalApp:60 - Added review R16YXPS3DF8QZ9 to summary
LOCAL 2024-02-12 11:26:12 INFO  LocalApp:60 - Added review R4ZBQHA56T5JC to summary
LOCAL 2024-02-12 11:26:12 INFO  LocalApp:60 - Added review R3L1GQAIIY6VFQ to summary
LOCAL 2024-02-12 11:26:12 INFO  LocalApp:60 - Added review R3HTQG44SO9YZK to summary
LOCAL 2024-02-12 11:26:12 INFO  LocalApp:60 - Added review R1FAOVJHGVO3AB to summary
LOCAL 2024-02-12 11:26:12 INFO  LocalApp:60 - Added review R329IMB5Z10E4D to summary
LOCAL 2024-02-12 11:26:12 INFO  LocalApp:60 - Added review RLMAURWMU92FE to summary
LOCAL 2024-02-12 11:26:12 INFO  LocalApp:60 - Added review R27KAF9GVH8GQ2 to summary
LOCAL 2024-02-12 11:26:12 INFO  LocalApp:60 - Added review R1VK6CQ3IJS5FT to summary
LOCAL 2024-02-12 11:26:12 INFO  LocalApp:60 - Added review R3DOLBA5EB8GD4 to summary
LOCAL 2024-02-12 11:26:12 INFO  LocalApp:60 - Added review RP1HM5Z5QA6OJ to summary
LOCAL 2024-02-12 11:26:12 INFO  LocalApp:60 - Added review R3A3UC1W78F5M0 to summary
LOCAL 2024-02-12 11:26:12 INFO  LocalApp:60 - Added review R35G41WODWBJ8P to summary
LOCAL 2024-02-12 11:26:12 INFO  LocalApp:60 - Added review RI6BZ502KBS9 to summary
LOCAL 2024-02-12 11:26:12 INFO  LocalApp:60 - Added review RJ7EPEHHM3CY9 to summary
LOCAL 2024-02-12 11:26:12 INFO  LocalApp:60 - Added review R3QO2SSMLMOXC4 to summary
LOCAL 2024-02-12 11:26:12 INFO  LocalApp:60 - Added review REC7H27A8UPIC to summary
LOCAL 2024-02-12 11:26:12 INFO  LocalApp:60 - Added review R397LX7BKT5Q0N to summary
LOCAL 2024-02-12 11:26:12 INFO  LocalApp:60 - Added review R2N3PYGSVYB0N1 to summary
LOCAL 2024-02-12 11:26:12 INFO  LocalApp:60 - Added review RUJSWK10JHUJI to summary
LOCAL 2024-02-12 11:26:12 INFO  LocalApp:60 - Added review R11GNFS8XRRPXC to summary
LOCAL 2024-02-12 11:26:12 INFO  LocalApp:60 - Added review R5N7V9CWHMIJB to summary
LOCAL 2024-02-12 11:26:12 INFO  LocalApp:60 - Added review R38UBU9VQ3LO2Z to summary
LOCAL 2024-02-12 11:26:12 INFO  LocalApp:60 - Added review R3OVPHPJR0SCKH to summary
LOCAL 2024-02-12 11:26:12 INFO  LocalApp:60 - Added review R1J7QOR80LYWDY to summary
LOCAL 2024-02-12 11:26:12 INFO  LocalApp:60 - Added review R3N6MBELY8T93B to summary
LOCAL 2024-02-12 11:26:12 INFO  LocalApp:60 - Added review R1X2KNQQXKT9Q4 to summary
LOCAL 2024-02-12 11:26:12 INFO  LocalApp:60 - Added review R2BFTQ895BJO49 to summary
LOCAL 2024-02-12 11:26:12 INFO  LocalApp:60 - Added review R3NRW1RSJT3XUY to summary
LOCAL 2024-02-12 11:26:12 INFO  LocalApp:60 - Added review RF7QY2Q22URKZ to summary
LOCAL 2024-02-12 11:26:12 INFO  LocalApp:60 - Added review R32OL6A1B1LHK1 to summary
LOCAL 2024-02-12 11:26:12 INFO  LocalApp:60 - Added review R18OKAM24GRH5W to summary
LOCAL 2024-02-12 11:26:12 INFO  LocalApp:60 - Added review RN18ZFNQJGQPB to summary
LOCAL 2024-02-12 11:26:12 INFO  LocalApp:60 - Added review R3PNM8QMMTEJ2K to summary
LOCAL 2024-02-12 11:26:12 INFO  LocalApp:60 - Added review REKCE1J9FPOSL to summary
LOCAL 2024-02-12 11:26:12 INFO  LocalApp:60 - Added review R2XV0DBIL2KQU4 to summary
LOCAL 2024-02-12 11:26:12 INFO  LocalApp:60 - Added review R284EV7PQS7VMQ to summary
LOCAL 2024-02-12 11:26:12 INFO  LocalApp:60 - Added review R13QI9670RFU38 to summary
LOCAL 2024-02-12 11:26:12 INFO  LocalApp:60 - Added review R2DZEIJH6YMH7L to summary
LOCAL 2024-02-12 11:26:12 INFO  LocalApp:60 - Added review R1MAHORBCT5BSS to summary
LOCAL 2024-02-12 11:26:12 INFO  LocalApp:60 - Added review RZMYQQ918U22A to summary
LOCAL 2024-02-12 11:26:12 INFO  LocalApp:60 - Added review RHMGCFK3UAIJ4 to summary
LOCAL 2024-02-12 11:26:12 INFO  LocalApp:60 - Added review R27AAL2D885F8J to summary
LOCAL 2024-02-12 11:26:12 INFO  LocalApp:60 - Added review R34E33XJZA5274 to summary
LOCAL 2024-02-12 11:26:12 INFO  LocalApp:60 - Added review R21DI2DUT7SSV8 to summary
LOCAL 2024-02-12 11:26:12 INFO  LocalApp:60 - Added review RJSYFNO4XXATY to summary
LOCAL 2024-02-12 11:26:12 INFO  LocalApp:60 - Added review R3UJ0WE6LMH2AV to summary
LOCAL 2024-02-12 11:26:12 INFO  LocalApp:60 - Added review R3MD4VMLEI0QKP to summary
LOCAL 2024-02-12 11:26:12 INFO  LocalApp:60 - Added review R2RDK28B7KVFK0 to summary
LOCAL 2024-02-12 11:26:12 INFO  LocalApp:60 - Added review RIQUIWGEZHTKG to summary
LOCAL 2024-02-12 11:26:12 INFO  LocalApp:60 - Added review R20T6OUXPVZ5RK to summary
LOCAL 2024-02-12 11:26:12 INFO  LocalApp:60 - Added review RTIGRT532R45K to summary
LOCAL 2024-02-12 11:26:12 INFO  LocalApp:60 - Added review RERZJZWNPMK49 to summary
LOCAL 2024-02-12 11:26:12 INFO  LocalApp:60 - Added review RA87JIPD6C45Q to summary
LOCAL 2024-02-12 11:26:12 INFO  LocalApp:60 - Added review R31YIENQT8YBP7 to summary
LOCAL 2024-02-12 11:26:12 INFO  LocalApp:60 - Added review ROV2ED0CL8UNG to summary
LOCAL 2024-02-12 11:26:12 INFO  LocalApp:60 - Added review R28PEXGQC0C3NU to summary
LOCAL 2024-02-12 11:26:12 INFO  LocalApp:60 - Added review RSY9NMU807BXM to summary
LOCAL 2024-02-12 11:26:12 INFO  LocalApp:60 - Added review RJKXBJFUGM3UW to summary
LOCAL 2024-02-12 11:26:12 INFO  LocalApp:60 - Added review R3NJBHVYS9C3C to summary
LOCAL 2024-02-12 11:26:12 INFO  LocalApp:60 - Added review RN1ML1NRCEEQ8 to summary
LOCAL 2024-02-12 11:26:12 INFO  LocalApp:60 - Added review R1MVDM6Y1LVP2Q to summary
LOCAL 2024-02-12 11:26:12 INFO  LocalApp:60 - Added review R18668H192BJJ0 to summary
LOCAL 2024-02-12 11:26:12 INFO  LocalApp:60 - Added review R1KDEKH72456TA to summary
LOCAL 2024-02-12 11:26:12 INFO  LocalApp:60 - Added review R3HD6WSU0PC2DL to summary
LOCAL 2024-02-12 11:26:12 INFO  LocalApp:60 - Added review R3IXX4I3FLKQ3P to summary
LOCAL 2024-02-12 11:26:12 INFO  LocalApp:60 - Added review RT1ASQWSMAY0T to summary
LOCAL 2024-02-12 11:26:12 INFO  LocalApp:60 - Added review R3RO4ABKYOK4E4 to summary
LOCAL 2024-02-12 11:26:12 INFO  LocalApp:60 - Added review RUKOW5PV7K51Z to summary
LOCAL 2024-02-12 11:26:12 INFO  LocalApp:60 - Added review R3EUCS59KCYH91 to summary
LOCAL 2024-02-12 11:26:12 INFO  LocalApp:60 - Added review RVR6BA79L72TV to summary
LOCAL 2024-02-12 11:26:12 INFO  LocalApp:60 - Added review R2S1S4R1CTQU81 to summary
LOCAL 2024-02-12 11:26:12 INFO  LocalApp:60 - Added review RTM6IB0I4J6PI to summary
LOCAL 2024-02-12 11:26:12 INFO  LocalApp:60 - Added review R4RD4U3RT0U2H to summary
LOCAL 2024-02-12 11:26:12 INFO  LocalApp:60 - Added review R24UQ2BU6KJMDU to summary
LOCAL 2024-02-12 11:26:12 INFO  LocalApp:60 - Added review R69E5TE3NNU8O to summary
LOCAL 2024-02-12 11:26:12 INFO  LocalApp:60 - Added review R7FUX8SPEHQUF to summary
LOCAL 2024-02-12 11:26:12 INFO  LocalApp:60 - Added review R10C5LDSAZ4QSU to summary
LOCAL 2024-02-12 11:26:12 INFO  LocalApp:60 - Added review R3BFVE3ADXNAOC to summary
LOCAL 2024-02-12 11:26:12 INFO  LocalApp:60 - Added review R30JYK1X92BW1S to summary
LOCAL 2024-02-12 11:26:12 INFO  LocalApp:60 - Added review RGDX2Q9DKBPLV to summary
LOCAL 2024-02-12 11:26:12 INFO  LocalApp:60 - Added review R25I0SZPXT7VV8 to summary
LOCAL 2024-02-12 11:26:12 INFO  LocalApp:60 - Added review RJYF5J9C4MKNP to summary
LOCAL 2024-02-12 11:26:12 INFO  LocalApp:60 - Added review RAOMDSGFQJE22 to summary
LOCAL 2024-02-12 11:26:12 INFO  LocalApp:60 - Added review R1318N482171W2 to summary
LOCAL 2024-02-12 11:26:12 INFO  LocalApp:60 - Added review R2J10L4LR8OLPL to summary
LOCAL 2024-02-12 11:26:12 INFO  LocalApp:60 - Added review RQ8BVLHELP29O to summary
LOCAL 2024-02-12 11:26:12 INFO  LocalApp:60 - Added review R1DOAA8E6S71E6 to summary
LOCAL 2024-02-12 11:26:12 INFO  LocalApp:60 - Added review R3CVM5PDRWRG66 to summary
LOCAL 2024-02-12 11:26:12 INFO  LocalApp:60 - Added review RXFUWH0SW6L to summary
LOCAL 2024-02-12 11:26:12 INFO  LocalApp:60 - Added review R12FC4OEC8WYAG to summary
LOCAL 2024-02-12 11:26:12 INFO  LocalApp:60 - Added review R1SKJ0HIFQHJAV to summary
LOCAL 2024-02-12 11:26:12 INFO  LocalApp:60 - Added review R23W9TV2K0DU4E to summary
LOCAL 2024-02-12 11:26:12 INFO  LocalApp:60 - Added review R3557YP5WA6YWD to summary
LOCAL 2024-02-12 11:26:12 INFO  LocalApp:60 - Added review RFZNSV6S6D96D to summary
LOCAL 2024-02-12 11:26:12 INFO  LocalApp:60 - Added review R2N0ISKZIJN7BG to summary
LOCAL 2024-02-12 11:26:12 INFO  LocalApp:60 - Added review R1FNHQ55I36WDM to summary
LOCAL 2024-02-12 11:26:12 INFO  LocalApp:60 - Added review R3G7HLIJFXD50S to summary
LOCAL 2024-02-12 11:26:12 INFO  LocalApp:60 - Added review RFOA4CHMVSNTQ to summary
LOCAL 2024-02-12 11:26:12 INFO  LocalApp:60 - Added review R277PJZU4327P1 to summary
LOCAL 2024-02-12 11:26:12 INFO  LocalApp:60 - Added review RPKTDWLQ13LN2 to summary
LOCAL 2024-02-12 11:26:12 INFO  LocalApp:60 - Added review R3TBMR2C29E8DN to summary
LOCAL 2024-02-12 11:26:12 INFO  LocalApp:60 - Added review RUUSHJN2XN55G to summary
LOCAL 2024-02-12 11:26:12 INFO  LocalApp:60 - Added review R1I0QOFMXIQEFP to summary
LOCAL 2024-02-12 11:26:12 INFO  LocalApp:60 - Added review R3N6LRS4GIOS0U to summary
LOCAL 2024-02-12 11:26:12 INFO  LocalApp:60 - Added review R1N01LO5367UUH to summary
LOCAL 2024-02-12 11:26:12 INFO  LocalApp:60 - Added review RJRPB8DQ4SNGW to summary
LOCAL 2024-02-12 11:26:12 INFO  LocalApp:60 - Added review R9EMJLB2Q0MWJ to summary
LOCAL 2024-02-12 11:26:12 INFO  LocalApp:60 - Added review R1K7SQBP4OBQP to summary
LOCAL 2024-02-12 11:26:12 INFO  LocalApp:60 - Added review R2TVN2961O3W7P to summary
LOCAL 2024-02-12 11:26:12 INFO  LocalApp:60 - Added review R29WVOGDOVIFV1 to summary
LOCAL 2024-02-12 11:26:12 INFO  LocalApp:60 - Added review ROWMXEB3F6UMZ to summary
LOCAL 2024-02-12 11:26:12 INFO  LocalApp:60 - Added review R20RL4NHY391CU to summary
LOCAL 2024-02-12 11:26:12 INFO  LocalApp:60 - Added review RH20QUQ5QQR83 to summary
LOCAL 2024-02-12 11:26:12 INFO  LocalApp:60 - Added review R15B8S7VG41Q00 to summary
LOCAL 2024-02-12 11:26:12 INFO  LocalApp:60 - Added review R28AHMDZ753QFL to summary
LOCAL 2024-02-12 11:26:12 INFO  LocalApp:60 - Added review R11RFXPYKNLDIL to summary
LOCAL 2024-02-12 11:26:12 INFO  LocalApp:60 - Added review R2GAP4X1PQJ6NJ to summary
LOCAL 2024-02-12 11:26:12 INFO  LocalApp:60 - Added review R148DJRQ1C0OOP to summary
LOCAL 2024-02-12 11:26:12 INFO  LocalApp:60 - Added review R1BZZBTG0HIQLI to summary
LOCAL 2024-02-12 11:26:12 INFO  LocalApp:60 - Added review R2IHP13RWC95OL to summary
LOCAL 2024-02-12 11:26:12 INFO  LocalApp:60 - Added review R1P1M8YLFNZZ00 to summary
LOCAL 2024-02-12 11:26:12 INFO  LocalApp:60 - Added review R29PVH4IBB0E3A to summary
LOCAL 2024-02-12 11:26:12 INFO  LocalApp:60 - Added review RYHZPHUHDS7EP to summary
LOCAL 2024-02-12 11:26:12 INFO  LocalApp:60 - Added review R2SHA8DOTOQK0R to summary
LOCAL 2024-02-12 11:26:12 INFO  LocalApp:60 - Added review R15XXUYZ33YPW5 to summary
LOCAL 2024-02-12 11:26:12 INFO  LocalApp:60 - Added review R5HS5F2K5DKGW to summary
LOCAL 2024-02-12 11:26:12 INFO  LocalApp:60 - Added review RSSCLUIJZUQ9S to summary
LOCAL 2024-02-12 11:26:12 INFO  LocalApp:60 - Added review R3DTRHKSYJQGCQ to summary
LOCAL 2024-02-12 11:26:12 INFO  LocalApp:60 - Added review R175WA8J0N9I81 to summary
LOCAL 2024-02-12 11:26:12 INFO  LocalApp:60 - Added review R3US9D186G7NJU to summary
LOCAL 2024-02-12 11:26:12 INFO  LocalApp:60 - Added review R2CFS0COEYXOKL to summary
LOCAL 2024-02-12 11:26:12 INFO  LocalApp:60 - Added review R3OB1MYHWCBPF5 to summary
LOCAL 2024-02-12 11:26:12 INFO  LocalApp:60 - Added review R29PMLADDY6GC6 to summary
LOCAL 2024-02-12 11:26:12 INFO  LocalApp:60 - Added review RDB9J3BMLIJ26 to summary
LOCAL 2024-02-12 11:26:12 INFO  LocalApp:60 - Added review RLFQFIXIXBSP1 to summary
LOCAL 2024-02-12 11:26:12 INFO  LocalApp:60 - Added review R39PEIZXKPHJHG to summary
LOCAL 2024-02-12 11:26:12 INFO  LocalApp:60 - Added review R2ICKEHZRETQPE to summary
LOCAL 2024-02-12 11:26:12 INFO  LocalApp:60 - Added review R3CUM1XYJKWOK8 to summary
LOCAL 2024-02-12 11:26:12 INFO  LocalApp:69 - Created summary HTML file at output3.html
LOCAL 2024-02-12 11:26:13 INFO  S3Handler:71 - File 8bf2a3a1e7176845-summary-0 deleted from S3 bucket sarcasm-analysis-bucket-8bf2a3a1e7176845
LOCAL 2024-02-12 11:26:13 INFO  SQSHandler:116 - Deleted message from https://sqs.us-east-1.amazonaws.com/767398090493/managerToLocalQueue
LOCAL 2024-02-12 11:26:13 INFO  LocalApp:54 - Sending terminate message to manager
LOCAL 2024-02-12 11:26:13 INFO  SQSHandler:76 - Sent message to https://sqs.us-east-1.amazonaws.com/767398090493/localToManagerQueue
LOCAL 2024-02-12 11:26:13 INFO  LocalApp:135 - Waiting for executor to finish
LOCAL 2024-02-12 11:26:13 INFO  LocalApp:140 - Executor finished
LOCAL 2024-02-12 11:26:14 INFO  S3Handler:86 - S3 bucket sarcasm-analysis-bucket-8bf2a3a1e7176845 emptied
LOCAL 2024-02-12 11:26:14 INFO  S3Handler:95 - S3 bucket sarcasm-analysis-bucket-8bf2a3a1e7176845 deleted
LOCAL 2024-02-12 11:26:14 INFO  LocalApp:65 - LocalApp finished
