LOCAL 2024-02-11 21:13:21 INFO  LocalApp:32 - LocalApp started with id 8614b3695e391010
LOCAL 2024-02-11 21:13:21 INFO  LocalApp:36 - LocalAppEnv created
LOCAL 2024-02-11 21:13:24 INFO  S3Handler:24 - S3 bucket sarcasm-analysis-bucket-8614b3695e391010 created
LOCAL 2024-02-11 21:13:25 INFO  SQSHandler:19 - Queue localToManagerQueue-8614b3695e391010 created
LOCAL 2024-02-11 21:13:26 INFO  SQSHandler:19 - Queue managerToLocalQueue-8614b3695e391010 created
LOCAL 2024-02-11 21:13:28 INFO  S3Handler:42 - File input1.txt uploaded to S3 bucket sarcasm-analysis-bucket-8614b3695e391010
LOCAL 2024-02-11 21:13:28 INFO  SQSHandler:73 - Sent message to https://sqs.us-east-1.amazonaws.com/767398090493/localToManagerQueue-8614b3695e391010
LOCAL 2024-02-11 21:13:28 INFO  LocalApp:85 - Sent task to manager: input1.txt for inputIndex 0 with 400 reviews per worker
LOCAL 2024-02-11 21:13:28 INFO  LocalApp:92 - Polling for responses from manager
LOCAL 2024-02-11 21:13:49 INFO  LocalApp:92 - Polling for responses from manager
LOCAL 2024-02-11 21:14:09 INFO  LocalApp:92 - Polling for responses from manager
LOCAL 2024-02-11 21:14:29 INFO  LocalApp:92 - Polling for responses from manager
LOCAL 2024-02-11 21:14:49 INFO  LocalApp:92 - Polling for responses from manager
LOCAL 2024-02-11 21:15:09 INFO  LocalApp:92 - Polling for responses from manager
LOCAL 2024-02-11 21:15:30 INFO  LocalApp:92 - Polling for responses from manager
LOCAL 2024-02-11 21:15:50 INFO  LocalApp:92 - Polling for responses from manager
LOCAL 2024-02-11 21:16:10 INFO  LocalApp:92 - Polling for responses from manager
LOCAL 2024-02-11 21:16:31 INFO  LocalApp:92 - Polling for responses from manager
LOCAL 2024-02-11 21:16:51 INFO  LocalApp:92 - Polling for responses from manager
LOCAL 2024-02-11 21:17:11 INFO  LocalApp:92 - Polling for responses from manager
LOCAL 2024-02-11 21:17:31 INFO  LocalApp:92 - Polling for responses from manager
LOCAL 2024-02-11 21:17:52 INFO  LocalApp:92 - Polling for responses from manager
LOCAL 2024-02-11 21:18:12 INFO  LocalApp:92 - Polling for responses from manager
LOCAL 2024-02-11 21:18:32 INFO  LocalApp:92 - Polling for responses from manager
LOCAL 2024-02-11 21:18:52 INFO  LocalApp:92 - Polling for responses from manager
LOCAL 2024-02-11 21:19:12 INFO  LocalApp:92 - Polling for responses from manager
LOCAL 2024-02-11 21:19:33 INFO  LocalApp:92 - Polling for responses from manager
LOCAL 2024-02-11 21:19:53 INFO  LocalApp:92 - Polling for responses from manager
LOCAL 2024-02-11 21:20:13 INFO  LocalApp:92 - Polling for responses from manager
LOCAL 2024-02-11 21:20:33 INFO  LocalApp:92 - Polling for responses from manager
LOCAL 2024-02-11 21:20:53 INFO  LocalApp:92 - Polling for responses from manager
LOCAL 2024-02-11 21:21:13 INFO  LocalApp:92 - Polling for responses from manager
LOCAL 2024-02-11 21:21:34 INFO  LocalApp:92 - Polling for responses from manager
LOCAL 2024-02-11 21:21:54 INFO  LocalApp:92 - Polling for responses from manager
LOCAL 2024-02-11 21:22:15 INFO  LocalApp:92 - Polling for responses from manager
LOCAL 2024-02-11 21:22:35 INFO  LocalApp:92 - Polling for responses from manager
LOCAL 2024-02-11 21:22:55 INFO  LocalApp:92 - Polling for responses from manager
LOCAL 2024-02-11 21:23:15 INFO  LocalApp:92 - Polling for responses from manager
LOCAL 2024-02-11 21:23:35 INFO  LocalApp:92 - Polling for responses from manager
LOCAL 2024-02-11 21:23:55 INFO  LocalApp:92 - Polling for responses from manager
LOCAL 2024-02-11 21:24:16 INFO  LocalApp:92 - Polling for responses from manager
LOCAL 2024-02-11 21:24:36 INFO  LocalApp:92 - Polling for responses from manager
LOCAL 2024-02-11 21:24:56 INFO  LocalApp:92 - Polling for responses from manager
LOCAL 2024-02-11 21:25:16 INFO  LocalApp:92 - Polling for responses from manager
LOCAL 2024-02-11 21:25:36 INFO  LocalApp:92 - Polling for responses from manager
LOCAL 2024-02-11 21:25:57 INFO  LocalApp:92 - Polling for responses from manager
LOCAL 2024-02-11 21:26:17 INFO  LocalApp:92 - Polling for responses from manager
LOCAL 2024-02-11 21:26:37 INFO  LocalApp:92 - Polling for responses from manager
LOCAL 2024-02-11 21:26:57 INFO  LocalApp:92 - Polling for responses from manager
LOCAL 2024-02-11 21:27:18 INFO  LocalApp:92 - Polling for responses from manager
LOCAL 2024-02-11 21:27:38 INFO  LocalApp:92 - Polling for responses from manager
LOCAL 2024-02-11 21:27:58 INFO  LocalApp:92 - Polling for responses from manager
LOCAL 2024-02-11 21:28:18 INFO  LocalApp:92 - Polling for responses from manager
LOCAL 2024-02-11 21:28:38 INFO  LocalApp:92 - Polling for responses from manager
LOCAL 2024-02-11 21:28:58 INFO  LocalApp:92 - Polling for responses from manager
LOCAL 2024-02-11 21:29:19 INFO  LocalApp:92 - Polling for responses from manager
LOCAL 2024-02-11 21:29:39 INFO  LocalApp:92 - Polling for responses from manager
LOCAL 2024-02-11 21:29:59 INFO  LocalApp:92 - Polling for responses from manager
LOCAL 2024-02-11 21:30:20 INFO  LocalApp:92 - Polling for responses from manager
LOCAL 2024-02-11 21:30:40 INFO  LocalApp:92 - Polling for responses from manager
LOCAL 2024-02-11 21:31:00 INFO  LocalApp:92 - Polling for responses from manager
LOCAL 2024-02-11 21:31:20 INFO  LocalApp:92 - Polling for responses from manager
LOCAL 2024-02-11 21:31:40 INFO  LocalApp:92 - Polling for responses from manager
LOCAL 2024-02-11 21:32:00 INFO  LocalApp:92 - Polling for responses from manager
LOCAL 2024-02-11 21:32:21 INFO  LocalApp:92 - Polling for responses from manager
LOCAL 2024-02-11 21:32:41 INFO  LocalApp:92 - Polling for responses from manager
LOCAL 2024-02-11 21:33:01 INFO  LocalApp:92 - Polling for responses from manager
LOCAL 2024-02-11 21:33:21 INFO  LocalApp:92 - Polling for responses from manager
LOCAL 2024-02-11 21:33:41 INFO  LocalApp:92 - Polling for responses from manager
LOCAL 2024-02-11 21:34:02 INFO  LocalApp:92 - Polling for responses from manager
LOCAL 2024-02-11 21:34:22 INFO  LocalApp:92 - Polling for responses from manager
LOCAL 2024-02-11 21:34:42 INFO  LocalApp:92 - Polling for responses from manager
LOCAL 2024-02-11 21:35:02 INFO  LocalApp:92 - Polling for responses from manager
LOCAL 2024-02-11 21:35:22 INFO  LocalApp:92 - Polling for responses from manager
LOCAL 2024-02-11 21:35:43 INFO  LocalApp:92 - Polling for responses from manager
LOCAL 2024-02-11 21:36:03 INFO  LocalApp:92 - Polling for responses from manager
LOCAL 2024-02-11 21:36:23 INFO  LocalApp:92 - Polling for responses from manager
LOCAL 2024-02-11 21:36:43 INFO  LocalApp:92 - Polling for responses from manager
LOCAL 2024-02-11 21:36:58 INFO  LocalApp:104 - Received response from manager: 8614b3695e391010::done::8614b3695e391010-summary-0::0
LOCAL 2024-02-11 21:36:58 INFO  LocalApp:26 - LocalAppTask started
LOCAL 2024-02-11 21:36:58 INFO  S3Handler:56 - Downloading file 8614b3695e391010-summary-0 from S3 bucket sarcasm-analysis-bucket-8614b3695e391010
LOCAL 2024-02-11 21:37:00 INFO  LocalApp:33 - Received summary file from S3
LOCAL 2024-02-11 21:37:00 INFO  LocalApp:60 - Added review R3JVMDCLCJQ7OD to summary
LOCAL 2024-02-11 21:37:00 INFO  LocalApp:60 - Added review R2JET1LNB8VGIC to summary
LOCAL 2024-02-11 21:37:00 INFO  LocalApp:60 - Added review R1YSA0QE7S7SNN to summary
LOCAL 2024-02-11 21:37:00 INFO  LocalApp:60 - Added review R2JAVZCM52EDOV to summary
LOCAL 2024-02-11 21:37:00 INFO  LocalApp:60 - Added review R1XXZKFEUS6WD8 to summary
LOCAL 2024-02-11 21:37:00 INFO  LocalApp:60 - Added review RQFO6EZK21SA3 to summary
LOCAL 2024-02-11 21:37:00 INFO  LocalApp:60 - Added review RQAAAHDDGBGSM to summary
LOCAL 2024-02-11 21:37:00 INFO  LocalApp:60 - Added review R2Q0PPQ18OXN9 to summary
LOCAL 2024-02-11 21:37:00 INFO  LocalApp:60 - Added review R3IABCV7XBGTS7 to summary
LOCAL 2024-02-11 21:37:00 INFO  LocalApp:60 - Added review R37FFB363KA4VW to summary
LOCAL 2024-02-11 21:37:00 INFO  LocalApp:60 - Added review R11K609K9FA6Y4 to summary
LOCAL 2024-02-11 21:37:00 INFO  LocalApp:60 - Added review R3W3BU16T3ZB6K to summary
LOCAL 2024-02-11 21:37:00 INFO  LocalApp:60 - Added review R20R5DLH2UZKX1 to summary
LOCAL 2024-02-11 21:37:00 INFO  LocalApp:60 - Added review R37OYAYP2HL4WM to summary
LOCAL 2024-02-11 21:37:00 INFO  LocalApp:60 - Added review RZQ0PVWAXQN1I to summary
LOCAL 2024-02-11 21:37:00 INFO  LocalApp:60 - Added review R193MF3E66AMI5 to summary
LOCAL 2024-02-11 21:37:00 INFO  LocalApp:60 - Added review R2S6U0PQQDWR6G to summary
LOCAL 2024-02-11 21:37:00 INFO  LocalApp:60 - Added review R1S6W7GFYN25CW to summary
LOCAL 2024-02-11 21:37:00 INFO  LocalApp:60 - Added review ROH8MORG3G94X to summary
LOCAL 2024-02-11 21:37:00 INFO  LocalApp:60 - Added review RINQNJYCZ6ZMA to summary
LOCAL 2024-02-11 21:37:00 INFO  LocalApp:60 - Added review R20C15AL3RZNFK to summary
LOCAL 2024-02-11 21:37:00 INFO  LocalApp:60 - Added review R1VXBAML9Y9OOA to summary
LOCAL 2024-02-11 21:37:00 INFO  LocalApp:60 - Added review R3JLDNL9R4RBWA to summary
LOCAL 2024-02-11 21:37:00 INFO  LocalApp:60 - Added review R1DZOY7TSM9H8I to summary
LOCAL 2024-02-11 21:37:00 INFO  LocalApp:60 - Added review R3BBOWZM73BJ4G to summary
LOCAL 2024-02-11 21:37:00 INFO  LocalApp:60 - Added review RN3WUTQPDORYE to summary
LOCAL 2024-02-11 21:37:00 INFO  LocalApp:60 - Added review R2NN3ZT114GXSD to summary
LOCAL 2024-02-11 21:37:00 INFO  LocalApp:60 - Added review R4FQCSH8I533I to summary
LOCAL 2024-02-11 21:37:00 INFO  LocalApp:60 - Added review R167BE5I3EVUMB to summary
LOCAL 2024-02-11 21:37:00 INFO  LocalApp:60 - Added review R2N9E7VG8GC6AS to summary
LOCAL 2024-02-11 21:37:00 INFO  LocalApp:60 - Added review RVG9C50OK3MYF to summary
LOCAL 2024-02-11 21:37:00 INFO  LocalApp:60 - Added review R1OQJ80RUJ759U to summary
LOCAL 2024-02-11 21:37:00 INFO  LocalApp:60 - Added review R3QIO4111QI7F2 to summary
LOCAL 2024-02-11 21:37:00 INFO  LocalApp:60 - Added review R168F35482GO3P to summary
LOCAL 2024-02-11 21:37:00 INFO  LocalApp:60 - Added review RN3WUTQPDORYE to summary
LOCAL 2024-02-11 21:37:00 INFO  LocalApp:60 - Added review R1TG4AUA7Y7EU4 to summary
LOCAL 2024-02-11 21:37:00 INFO  LocalApp:60 - Added review R2AF2W42NTLN03 to summary
LOCAL 2024-02-11 21:37:00 INFO  LocalApp:60 - Added review R2NF2SA2LOJYK0 to summary
LOCAL 2024-02-11 21:37:00 INFO  LocalApp:60 - Added review R2N9E7VG8GC6AS to summary
LOCAL 2024-02-11 21:37:00 INFO  LocalApp:60 - Added review R2NN3ZT114GXSD to summary
LOCAL 2024-02-11 21:37:00 INFO  LocalApp:60 - Added review R2T3D5DOO5FCXG to summary
LOCAL 2024-02-11 21:37:00 INFO  LocalApp:60 - Added review R2JYKFIOFLDPVT to summary
LOCAL 2024-02-11 21:37:00 INFO  LocalApp:60 - Added review R142H1KFJ8C2QK to summary
LOCAL 2024-02-11 21:37:00 INFO  LocalApp:60 - Added review R1BIV3K2KLDPDO to summary
LOCAL 2024-02-11 21:37:00 INFO  LocalApp:60 - Added review R1D5ATRPD0FLF to summary
LOCAL 2024-02-11 21:37:00 INFO  LocalApp:60 - Added review R34QMOG4K0SHD8 to summary
LOCAL 2024-02-11 21:37:00 INFO  LocalApp:60 - Added review R1YSA0QE7S7SNN to summary
LOCAL 2024-02-11 21:37:00 INFO  LocalApp:60 - Added review R3MB41VM9C8JHF to summary
LOCAL 2024-02-11 21:37:00 INFO  LocalApp:60 - Added review RZKLR0UYVK26X to summary
LOCAL 2024-02-11 21:37:00 INFO  LocalApp:60 - Added review R8EMU3QVATTYV to summary
LOCAL 2024-02-11 21:37:00 INFO  LocalApp:60 - Added review RRGM06Y1WF6L3 to summary
LOCAL 2024-02-11 21:37:00 INFO  LocalApp:60 - Added review RUQ90EAKFV7EA to summary
LOCAL 2024-02-11 21:37:00 INFO  LocalApp:60 - Added review R2JET1LNB8VGIC to summary
LOCAL 2024-02-11 21:37:00 INFO  LocalApp:60 - Added review R1H6AFG81P2C0H to summary
LOCAL 2024-02-11 21:37:00 INFO  LocalApp:60 - Added review R167BE5I3EVUMB to summary
LOCAL 2024-02-11 21:37:00 INFO  LocalApp:60 - Added review R2JET1LNB8VGIC to summary
LOCAL 2024-02-11 21:37:00 INFO  LocalApp:60 - Added review R1XXZKFEUS6WD8 to summary
LOCAL 2024-02-11 21:37:00 INFO  LocalApp:60 - Added review R4FQCSH8I533I to summary
LOCAL 2024-02-11 21:37:00 INFO  LocalApp:60 - Added review R1ND8M8IXDOCXS to summary
LOCAL 2024-02-11 21:37:00 INFO  LocalApp:60 - Added review RQFO6EZK21SA3 to summary
LOCAL 2024-02-11 21:37:00 INFO  LocalApp:60 - Added review R3W3BU16T3ZB6K to summary
LOCAL 2024-02-11 21:37:00 INFO  LocalApp:60 - Added review R1S6W7GFYN25CW to summary
LOCAL 2024-02-11 21:37:00 INFO  LocalApp:60 - Added review R2TRPI07Z5TB9L to summary
LOCAL 2024-02-11 21:37:00 INFO  LocalApp:60 - Added review R3VWQZT9AA217G to summary
LOCAL 2024-02-11 21:37:00 INFO  LocalApp:60 - Added review R34QMOG4K0SHD8 to summary
LOCAL 2024-02-11 21:37:00 INFO  LocalApp:60 - Added review R34QMOG4K0SHD8 to summary
LOCAL 2024-02-11 21:37:00 INFO  LocalApp:60 - Added review R3EJ4B2TLY20HI to summary
LOCAL 2024-02-11 21:37:00 INFO  LocalApp:60 - Added review R2JYKFIOFLDPVT to summary
LOCAL 2024-02-11 21:37:00 INFO  LocalApp:60 - Added review R1HA441CEIOX36 to summary
LOCAL 2024-02-11 21:37:00 INFO  LocalApp:60 - Added review R2KDDNCDQVLJBD to summary
LOCAL 2024-02-11 21:37:00 INFO  LocalApp:60 - Added review R1VXBAML9Y9OOA to summary
LOCAL 2024-02-11 21:37:00 INFO  LocalApp:60 - Added review R1ND8M8IXDOCXS to summary
LOCAL 2024-02-11 21:37:00 INFO  LocalApp:60 - Added review R2N9E7VG8GC6AS to summary
LOCAL 2024-02-11 21:37:00 INFO  LocalApp:60 - Added review RGLQYVJV1BUPN to summary
LOCAL 2024-02-11 21:37:00 INFO  LocalApp:60 - Added review RN3WUTQPDORYE to summary
LOCAL 2024-02-11 21:37:00 INFO  LocalApp:60 - Added review R2NN3ZT114GXSD to summary
LOCAL 2024-02-11 21:37:00 INFO  LocalApp:60 - Added review R4FQCSH8I533I to summary
LOCAL 2024-02-11 21:37:00 INFO  LocalApp:60 - Added review R1IAD68RQ7ELAV to summary
LOCAL 2024-02-11 21:37:00 INFO  LocalApp:60 - Added review R167BE5I3EVUMB to summary
LOCAL 2024-02-11 21:37:00 INFO  LocalApp:60 - Added review R1L8O7RM8DD6J3 to summary
LOCAL 2024-02-11 21:37:00 INFO  LocalApp:60 - Added review R2NN3ZT114GXSD to summary
LOCAL 2024-02-11 21:37:00 INFO  LocalApp:60 - Added review R2M08968Q9D8Y5 to summary
LOCAL 2024-02-11 21:37:00 INFO  LocalApp:60 - Added review R1OQJ80RUJ759U to summary
LOCAL 2024-02-11 21:37:00 INFO  LocalApp:60 - Added review R2JAVZCM52EDOV to summary
LOCAL 2024-02-11 21:37:00 INFO  LocalApp:60 - Added review R32FDZSX2MVDXV to summary
LOCAL 2024-02-11 21:37:00 INFO  LocalApp:60 - Added review R1BEK8UWDRQ7WL to summary
LOCAL 2024-02-11 21:37:00 INFO  LocalApp:60 - Added review RQAAAHDDGBGSM to summary
LOCAL 2024-02-11 21:37:00 INFO  LocalApp:60 - Added review RRKHISGKBUFR6 to summary
LOCAL 2024-02-11 21:37:00 INFO  LocalApp:60 - Added review R3JVMDCLCJQ7OD to summary
LOCAL 2024-02-11 21:37:00 INFO  LocalApp:60 - Added review R2DVFPWJ0YUFUS to summary
LOCAL 2024-02-11 21:37:00 INFO  LocalApp:60 - Added review R2EWLW4U57UJOL to summary
LOCAL 2024-02-11 21:37:00 INFO  LocalApp:60 - Added review R1IMZWAH2HU0RA to summary
LOCAL 2024-02-11 21:37:00 INFO  LocalApp:60 - Added review RO8ZN3X330K2T to summary
LOCAL 2024-02-11 21:37:00 INFO  LocalApp:60 - Added review R35M6ASHV3I9TP to summary
LOCAL 2024-02-11 21:37:00 INFO  LocalApp:60 - Added review R3U0VNJAUVG281 to summary
LOCAL 2024-02-11 21:37:00 INFO  LocalApp:60 - Added review R168F35482GO3P to summary
LOCAL 2024-02-11 21:37:00 INFO  LocalApp:60 - Added review R2T3D5DOO5FCXG to summary
LOCAL 2024-02-11 21:37:00 INFO  LocalApp:60 - Added review R11K609K9FA6Y4 to summary
LOCAL 2024-02-11 21:37:00 INFO  LocalApp:60 - Added review R9R9FOKED36NB to summary
LOCAL 2024-02-11 21:37:00 INFO  LocalApp:60 - Added review R126IXMG8FTZNK to summary
LOCAL 2024-02-11 21:37:00 INFO  LocalApp:60 - Added review R2T3D5DOO5FCXG to summary
LOCAL 2024-02-11 21:37:00 INFO  LocalApp:60 - Added review R1YWNXNOGDAVYC to summary
LOCAL 2024-02-11 21:37:00 INFO  LocalApp:60 - Added review R3VWQZT9AA217G to summary
LOCAL 2024-02-11 21:37:00 INFO  LocalApp:60 - Added review R8OWCLDI0GGL0 to summary
LOCAL 2024-02-11 21:37:00 INFO  LocalApp:60 - Added review RWSMZGI6FO4KI to summary
LOCAL 2024-02-11 21:37:00 INFO  LocalApp:60 - Added review R1RUXYHCSZSHJ0 to summary
LOCAL 2024-02-11 21:37:00 INFO  LocalApp:60 - Added review R1D4E096B5B40Z to summary
LOCAL 2024-02-11 21:37:00 INFO  LocalApp:60 - Added review R2JET1LNB8VGIC to summary
LOCAL 2024-02-11 21:37:00 INFO  LocalApp:60 - Added review R22RDBC963OKZZ to summary
LOCAL 2024-02-11 21:37:00 INFO  LocalApp:60 - Added review RUQ90EAKFV7EA to summary
LOCAL 2024-02-11 21:37:00 INFO  LocalApp:60 - Added review R1HA441CEIOX36 to summary
LOCAL 2024-02-11 21:37:00 INFO  LocalApp:60 - Added review R34R8UQM5K3CA8 to summary
LOCAL 2024-02-11 21:37:00 INFO  LocalApp:60 - Added review R2PSXJ6JTY2KBF to summary
LOCAL 2024-02-11 21:37:00 INFO  LocalApp:60 - Added review R1RXSH9ONH6WJZ to summary
LOCAL 2024-02-11 21:37:00 INFO  LocalApp:60 - Added review R2O3VN9WJ6D3G6 to summary
LOCAL 2024-02-11 21:37:00 INFO  LocalApp:60 - Added review R3J1ZND39RD7EA to summary
LOCAL 2024-02-11 21:37:00 INFO  LocalApp:60 - Added review RSLQEPL3493PJ to summary
LOCAL 2024-02-11 21:37:00 INFO  LocalApp:60 - Added review R2TFTOL4S8QAJ1 to summary
LOCAL 2024-02-11 21:37:00 INFO  LocalApp:60 - Added review R1TG4AUA7Y7EU4 to summary
LOCAL 2024-02-11 21:37:00 INFO  LocalApp:60 - Added review R3JLDNL9R4RBWA to summary
LOCAL 2024-02-11 21:37:00 INFO  LocalApp:60 - Added review RZQ0PVWAXQN1I to summary
LOCAL 2024-02-11 21:37:00 INFO  LocalApp:60 - Added review RQFO6EZK21SA3 to summary
LOCAL 2024-02-11 21:37:00 INFO  LocalApp:60 - Added review R8OWCLDI0GGL0 to summary
LOCAL 2024-02-11 21:37:00 INFO  LocalApp:60 - Added review R1LKR85K1N9H2K to summary
LOCAL 2024-02-11 21:37:00 INFO  LocalApp:60 - Added review R2JAVZCM52EDOV to summary
LOCAL 2024-02-11 21:37:00 INFO  LocalApp:60 - Added review R11K315ANOZUXE to summary
LOCAL 2024-02-11 21:37:00 INFO  LocalApp:60 - Added review R167BE5I3EVUMB to summary
LOCAL 2024-02-11 21:37:00 INFO  LocalApp:60 - Added review R1BEK8UWDRQ7WL to summary
LOCAL 2024-02-11 21:37:00 INFO  LocalApp:60 - Added review R3LCKBMPC7LRWI to summary
LOCAL 2024-02-11 21:37:00 INFO  LocalApp:60 - Added review R33EE9HRQ7VLL4 to summary
LOCAL 2024-02-11 21:37:00 INFO  LocalApp:60 - Added review R1OQJ80RUJ759U to summary
LOCAL 2024-02-11 21:37:00 INFO  LocalApp:60 - Added review R3KPJ5LPNYVASQ to summary
LOCAL 2024-02-11 21:37:00 INFO  LocalApp:60 - Added review R1PFRW1GXKKW9O to summary
LOCAL 2024-02-11 21:37:00 INFO  LocalApp:60 - Added review RVG9C50OK3MYF to summary
LOCAL 2024-02-11 21:37:00 INFO  LocalApp:60 - Added review R27GJBQ8QODQ6T to summary
LOCAL 2024-02-11 21:37:00 INFO  LocalApp:60 - Added review RVG9C50OK3MYF to summary
LOCAL 2024-02-11 21:37:00 INFO  LocalApp:60 - Added review R1ND8M8IXDOCXS to summary
LOCAL 2024-02-11 21:37:00 INFO  LocalApp:60 - Added review R2CEP9SLZ400M to summary
LOCAL 2024-02-11 21:37:00 INFO  LocalApp:60 - Added review R38E4AKFKFZRCX to summary
LOCAL 2024-02-11 21:37:00 INFO  LocalApp:60 - Added review R36KHA7G6JKTZN to summary
LOCAL 2024-02-11 21:37:00 INFO  LocalApp:60 - Added review RZQ0PVWAXQN1I to summary
LOCAL 2024-02-11 21:37:00 INFO  LocalApp:60 - Added review R193MF3E66AMI5 to summary
LOCAL 2024-02-11 21:37:00 INFO  LocalApp:60 - Added review R1HHT6SSV0YEJP to summary
LOCAL 2024-02-11 21:37:00 INFO  LocalApp:60 - Added review R25ATJUDAMEBGX to summary
LOCAL 2024-02-11 21:37:00 INFO  LocalApp:60 - Added review R2UMQUE3WKQ0YW to summary
LOCAL 2024-02-11 21:37:00 INFO  LocalApp:60 - Added review R31UKUOX0D7WLH to summary
LOCAL 2024-02-11 21:37:00 INFO  LocalApp:60 - Added review R3M5MWFPDVPQEX to summary
LOCAL 2024-02-11 21:37:00 INFO  LocalApp:60 - Added review R2B31JK893KNO6 to summary
LOCAL 2024-02-11 21:37:00 INFO  LocalApp:60 - Added review R19TV6B4AWHG1B to summary
LOCAL 2024-02-11 21:37:00 INFO  LocalApp:60 - Added review R3TE1ALLUZGSIP to summary
LOCAL 2024-02-11 21:37:00 INFO  LocalApp:60 - Added review RWFOZAFSTAJXW to summary
LOCAL 2024-02-11 21:37:00 INFO  LocalApp:60 - Added review R1L8O7RM8DD6J3 to summary
LOCAL 2024-02-11 21:37:00 INFO  LocalApp:60 - Added review RO8ZN3X330K2T to summary
LOCAL 2024-02-11 21:37:00 INFO  LocalApp:60 - Added review R2DUT9NY2SHSIY to summary
LOCAL 2024-02-11 21:37:00 INFO  LocalApp:60 - Added review R3DBRVSQUC8RUA to summary
LOCAL 2024-02-11 21:37:00 INFO  LocalApp:60 - Added review R1GPZVVNN2SLTB to summary
LOCAL 2024-02-11 21:37:00 INFO  LocalApp:60 - Added review R2LAHNXIUPH5IY to summary
LOCAL 2024-02-11 21:37:00 INFO  LocalApp:60 - Added review R3OQXC2KMMY14C to summary
LOCAL 2024-02-11 21:37:00 INFO  LocalApp:60 - Added review R1EX0F7SR4ARP8 to summary
LOCAL 2024-02-11 21:37:00 INFO  LocalApp:60 - Added review R37OYAYP2HL4WM to summary
LOCAL 2024-02-11 21:37:00 INFO  LocalApp:60 - Added review R1OQJ80RUJ759U to summary
LOCAL 2024-02-11 21:37:00 INFO  LocalApp:60 - Added review R142H1KFJ8C2QK to summary
LOCAL 2024-02-11 21:37:00 INFO  LocalApp:60 - Added review R1BIV3K2KLDPDO to summary
LOCAL 2024-02-11 21:37:00 INFO  LocalApp:60 - Added review R1RUXYHCSZSHJ0 to summary
LOCAL 2024-02-11 21:37:00 INFO  LocalApp:60 - Added review R2HMSFQRWCJ7E8 to summary
LOCAL 2024-02-11 21:37:00 INFO  LocalApp:60 - Added review R167BE5I3EVUMB to summary
LOCAL 2024-02-11 21:37:00 INFO  LocalApp:60 - Added review R19TV6B4AWHG1B to summary
LOCAL 2024-02-11 21:37:00 INFO  LocalApp:60 - Added review R3QIO4111QI7F2 to summary
LOCAL 2024-02-11 21:37:00 INFO  LocalApp:60 - Added review R1HA441CEIOX36 to summary
LOCAL 2024-02-11 21:37:00 INFO  LocalApp:60 - Added review R1IMZWAH2HU0RA to summary
LOCAL 2024-02-11 21:37:00 INFO  LocalApp:60 - Added review R3DCAP989VIWT7 to summary
LOCAL 2024-02-11 21:37:00 INFO  LocalApp:60 - Added review R2T7WL4AHZOFAD to summary
LOCAL 2024-02-11 21:37:00 INFO  LocalApp:60 - Added review RXS3K32XDYS50 to summary
LOCAL 2024-02-11 21:37:00 INFO  LocalApp:60 - Added review RGJS8O3BD0JXC to summary
LOCAL 2024-02-11 21:37:00 INFO  LocalApp:60 - Added review R2UMQUE3WKQ0YW to summary
LOCAL 2024-02-11 21:37:00 INFO  LocalApp:60 - Added review R126IXMG8FTZNK to summary
LOCAL 2024-02-11 21:37:00 INFO  LocalApp:60 - Added review R3VWQZT9AA217G to summary
LOCAL 2024-02-11 21:37:00 INFO  LocalApp:60 - Added review RO8ZN3X330K2T to summary
LOCAL 2024-02-11 21:37:00 INFO  LocalApp:60 - Added review R3JLDNL9R4RBWA to summary
LOCAL 2024-02-11 21:37:00 INFO  LocalApp:60 - Added review R3BBOWZM73BJ4G to summary
LOCAL 2024-02-11 21:37:00 INFO  LocalApp:60 - Added review R2VZ7UOOPUYRN to summary
LOCAL 2024-02-11 21:37:00 INFO  LocalApp:60 - Added review RLTQWFL029OMF to summary
LOCAL 2024-02-11 21:37:00 INFO  LocalApp:60 - Added review R26PN2JPMGRCS1 to summary
LOCAL 2024-02-11 21:37:00 INFO  LocalApp:60 - Added review R3J1ZND39RD7EA to summary
LOCAL 2024-02-11 21:37:00 INFO  LocalApp:60 - Added review R3VWQZT9AA217G to summary
LOCAL 2024-02-11 21:37:00 INFO  LocalApp:60 - Added review R20C15AL3RZNFK to summary
LOCAL 2024-02-11 21:37:00 INFO  LocalApp:60 - Added review RGLQYVJV1BUPN to summary
LOCAL 2024-02-11 21:37:00 INFO  LocalApp:60 - Added review R2QL7JQ11XX841 to summary
LOCAL 2024-02-11 21:37:00 INFO  LocalApp:60 - Added review R2TYJQX6PJ6ML7 to summary
LOCAL 2024-02-11 21:37:00 INFO  LocalApp:60 - Added review R10PCA22ETND2D to summary
LOCAL 2024-02-11 21:37:00 INFO  LocalApp:60 - Added review R1Q8MYS13UXZ57 to summary
LOCAL 2024-02-11 21:37:00 INFO  LocalApp:60 - Added review R2874NT3K974P7 to summary
LOCAL 2024-02-11 21:37:00 INFO  LocalApp:60 - Added review R1L8O7RM8DD6J3 to summary
LOCAL 2024-02-11 21:37:00 INFO  LocalApp:60 - Added review R1XIYMC4J5O6OV to summary
LOCAL 2024-02-11 21:37:00 INFO  LocalApp:60 - Added review R1EX0F7SR4ARP8 to summary
LOCAL 2024-02-11 21:37:00 INFO  LocalApp:60 - Added review R24VL4QPDT1RPG to summary
LOCAL 2024-02-11 21:37:00 INFO  LocalApp:60 - Added review R21F9WLAL0G2GY to summary
LOCAL 2024-02-11 21:37:00 INFO  LocalApp:60 - Added review R2JAVZCM52EDOV to summary
LOCAL 2024-02-11 21:37:00 INFO  LocalApp:60 - Added review R3QKCZV42H5JEI to summary
LOCAL 2024-02-11 21:37:00 INFO  LocalApp:60 - Added review R9R9FOKED36NB to summary
LOCAL 2024-02-11 21:37:00 INFO  LocalApp:60 - Added review R2T3D5DOO5FCXG to summary
LOCAL 2024-02-11 21:37:00 INFO  LocalApp:60 - Added review R167BE5I3EVUMB to summary
LOCAL 2024-02-11 21:37:00 INFO  LocalApp:60 - Added review R1T853CAOX2GKQ to summary
LOCAL 2024-02-11 21:37:00 INFO  LocalApp:60 - Added review R36KHA7G6JKTZN to summary
LOCAL 2024-02-11 21:37:00 INFO  LocalApp:60 - Added review R3VWQZT9AA217G to summary
LOCAL 2024-02-11 21:37:00 INFO  LocalApp:60 - Added review R22U7UAVMUE79R to summary
LOCAL 2024-02-11 21:37:00 INFO  LocalApp:60 - Added review R27ENEEYHCA5KM to summary
LOCAL 2024-02-11 21:37:00 INFO  LocalApp:60 - Added review R1UX7L4IJ0AN12 to summary
LOCAL 2024-02-11 21:37:00 INFO  LocalApp:60 - Added review R1DZOY7TSM9H8I to summary
LOCAL 2024-02-11 21:37:00 INFO  LocalApp:60 - Added review R1OA4SL67OYE3J to summary
LOCAL 2024-02-11 21:37:00 INFO  LocalApp:60 - Added review R30Z19HH5I0UYU to summary
LOCAL 2024-02-11 21:37:00 INFO  LocalApp:60 - Added review R245Y0C7S97L7T to summary
LOCAL 2024-02-11 21:37:00 INFO  LocalApp:60 - Added review R1OMC346J0RPSH to summary
LOCAL 2024-02-11 21:37:00 INFO  LocalApp:60 - Added review RJ62XWHGDIF7 to summary
LOCAL 2024-02-11 21:37:00 INFO  LocalApp:60 - Added review R35M6ASHV3I9TP to summary
LOCAL 2024-02-11 21:37:00 INFO  LocalApp:60 - Added review R2HMSFQRWCJ7E8 to summary
LOCAL 2024-02-11 21:37:00 INFO  LocalApp:60 - Added review R3ER25YMQE61VO to summary
LOCAL 2024-02-11 21:37:00 INFO  LocalApp:60 - Added review R2ZXKBYP9Q5H1P to summary
LOCAL 2024-02-11 21:37:00 INFO  LocalApp:60 - Added review R2NBVJ1U6UGRYQ to summary
LOCAL 2024-02-11 21:37:00 INFO  LocalApp:60 - Added review R1VTDATV2934TB to summary
LOCAL 2024-02-11 21:37:00 INFO  LocalApp:60 - Added review R28CW6BRT1I3WS to summary
LOCAL 2024-02-11 21:37:00 INFO  LocalApp:60 - Added review R3MB41VM9C8JHF to summary
LOCAL 2024-02-11 21:37:00 INFO  LocalApp:60 - Added review R1BIV3K2KLDPDO to summary
LOCAL 2024-02-11 21:37:00 INFO  LocalApp:60 - Added review R2M4FJVQOSB6OQ to summary
LOCAL 2024-02-11 21:37:00 INFO  LocalApp:60 - Added review R1IAD68RQ7ELAV to summary
LOCAL 2024-02-11 21:37:00 INFO  LocalApp:60 - Added review R2UFOFK6BI3R75 to summary
LOCAL 2024-02-11 21:37:00 INFO  LocalApp:60 - Added review R3CT041SZBYQLC to summary
LOCAL 2024-02-11 21:37:00 INFO  LocalApp:60 - Added review R1MA8FZO5EG2L4 to summary
LOCAL 2024-02-11 21:37:00 INFO  LocalApp:60 - Added review R1LYZFL0CCAE2N to summary
LOCAL 2024-02-11 21:37:00 INFO  LocalApp:60 - Added review RZ39NFVABIQ2B to summary
LOCAL 2024-02-11 21:37:00 INFO  LocalApp:60 - Added review R167BE5I3EVUMB to summary
LOCAL 2024-02-11 21:37:00 INFO  LocalApp:60 - Added review RWFOZAFSTAJXW to summary
LOCAL 2024-02-11 21:37:00 INFO  LocalApp:60 - Added review R26PN2JPMGRCS1 to summary
LOCAL 2024-02-11 21:37:00 INFO  LocalApp:60 - Added review R9R9FOKED36NB to summary
LOCAL 2024-02-11 21:37:00 INFO  LocalApp:60 - Added review R2M08968Q9D8Y5 to summary
LOCAL 2024-02-11 21:37:00 INFO  LocalApp:60 - Added review R3HNBZ5SGS2X72 to summary
LOCAL 2024-02-11 21:37:00 INFO  LocalApp:60 - Added review R2LTX4K942REZ6 to summary
LOCAL 2024-02-11 21:37:00 INFO  LocalApp:60 - Added review R35M6ASHV3I9TP to summary
LOCAL 2024-02-11 21:37:00 INFO  LocalApp:60 - Added review RUQ90EAKFV7EA to summary
LOCAL 2024-02-11 21:37:00 INFO  LocalApp:60 - Added review R1KLR893YIZHI9 to summary
LOCAL 2024-02-11 21:37:00 INFO  LocalApp:60 - Added review R1IMZWAH2HU0RA to summary
LOCAL 2024-02-11 21:37:00 INFO  LocalApp:60 - Added review R4IFCFJATVTKZ to summary
LOCAL 2024-02-11 21:37:00 INFO  LocalApp:60 - Added review RQRPF15W2PFLA to summary
LOCAL 2024-02-11 21:37:00 INFO  LocalApp:60 - Added review R1VTDATV2934TB to summary
LOCAL 2024-02-11 21:37:00 INFO  LocalApp:60 - Added review RVG9C50OK3MYF to summary
LOCAL 2024-02-11 21:37:00 INFO  LocalApp:60 - Added review R3ER25YMQE61VO to summary
LOCAL 2024-02-11 21:37:00 INFO  LocalApp:60 - Added review RX3GH8MLDBA23 to summary
LOCAL 2024-02-11 21:37:00 INFO  LocalApp:60 - Added review R3GJORSH5JM7J2 to summary
LOCAL 2024-02-11 21:37:00 INFO  LocalApp:60 - Added review R1ND8M8IXDOCXS to summary
LOCAL 2024-02-11 21:37:00 INFO  LocalApp:60 - Added review R2JKJMT8XRKD5W to summary
LOCAL 2024-02-11 21:37:00 INFO  LocalApp:60 - Added review R2874NT3K974P7 to summary
LOCAL 2024-02-11 21:37:00 INFO  LocalApp:60 - Added review R3JVMDCLCJQ7OD to summary
LOCAL 2024-02-11 21:37:00 INFO  LocalApp:60 - Added review R28PK1OZ82GMZX to summary
LOCAL 2024-02-11 21:37:00 INFO  LocalApp:60 - Added review R2DUT9NY2SHSIY to summary
LOCAL 2024-02-11 21:37:00 INFO  LocalApp:60 - Added review RIY7QWC9HDQA7 to summary
LOCAL 2024-02-11 21:37:00 INFO  LocalApp:60 - Added review R1T853CAOX2GKQ to summary
LOCAL 2024-02-11 21:37:00 INFO  LocalApp:60 - Added review R1RUXYHCSZSHJ0 to summary
LOCAL 2024-02-11 21:37:00 INFO  LocalApp:60 - Added review R2JYKFIOFLDPVT to summary
LOCAL 2024-02-11 21:37:00 INFO  LocalApp:60 - Added review R34QMOG4K0SHD8 to summary
LOCAL 2024-02-11 21:37:00 INFO  LocalApp:60 - Added review R167BE5I3EVUMB to summary
LOCAL 2024-02-11 21:37:00 INFO  LocalApp:60 - Added review R2B31JK893KNO6 to summary
LOCAL 2024-02-11 21:37:00 INFO  LocalApp:60 - Added review RC813AP3NS1PR to summary
LOCAL 2024-02-11 21:37:00 INFO  LocalApp:60 - Added review R2QL7JQ11XX841 to summary
LOCAL 2024-02-11 21:37:00 INFO  LocalApp:60 - Added review R1OMC346J0RPSH to summary
LOCAL 2024-02-11 21:37:00 INFO  LocalApp:60 - Added review RZ3R86KJFIF5C to summary
LOCAL 2024-02-11 21:37:00 INFO  LocalApp:60 - Added review R2R2JD8A0HBFKS to summary
LOCAL 2024-02-11 21:37:00 INFO  LocalApp:60 - Added review R1L37SZ6RS1Z9D to summary
LOCAL 2024-02-11 21:37:00 INFO  LocalApp:60 - Added review R1CWBOPMHGTPRH to summary
LOCAL 2024-02-11 21:37:00 INFO  LocalApp:60 - Added review R1OMC346J0RPSH to summary
LOCAL 2024-02-11 21:37:00 INFO  LocalApp:60 - Added review R2TFTOL4S8QAJ1 to summary
LOCAL 2024-02-11 21:37:00 INFO  LocalApp:60 - Added review RC813AP3NS1PR to summary
LOCAL 2024-02-11 21:37:00 INFO  LocalApp:60 - Added review R2MFTWFJ8DCA9J to summary
LOCAL 2024-02-11 21:37:00 INFO  LocalApp:60 - Added review R1N84C747XKGEV to summary
LOCAL 2024-02-11 21:37:00 INFO  LocalApp:60 - Added review R2KDDNCDQVLJBD to summary
LOCAL 2024-02-11 21:37:00 INFO  LocalApp:60 - Added review RSO743RDYVWTZ to summary
LOCAL 2024-02-11 21:37:00 INFO  LocalApp:60 - Added review R30Z19HH5I0UYU to summary
LOCAL 2024-02-11 21:37:00 INFO  LocalApp:60 - Added review R2XF37Q0BUEPWW to summary
LOCAL 2024-02-11 21:37:00 INFO  LocalApp:60 - Added review RC813AP3NS1PR to summary
LOCAL 2024-02-11 21:37:00 INFO  LocalApp:60 - Added review R2NBVJ1U6UGRYQ to summary
LOCAL 2024-02-11 21:37:00 INFO  LocalApp:60 - Added review R1G3HOE63Q4PP8 to summary
LOCAL 2024-02-11 21:37:00 INFO  LocalApp:60 - Added review R2O3VN9WJ6D3G6 to summary
LOCAL 2024-02-11 21:37:00 INFO  LocalApp:60 - Added review R3M5MWFPDVPQEX to summary
LOCAL 2024-02-11 21:37:00 INFO  LocalApp:60 - Added review R1T853CAOX2GKQ to summary
LOCAL 2024-02-11 21:37:00 INFO  LocalApp:60 - Added review RI3AC1GCJ55PO to summary
LOCAL 2024-02-11 21:37:00 INFO  LocalApp:60 - Added review RVG9C50OK3MYF to summary
LOCAL 2024-02-11 21:37:00 INFO  LocalApp:60 - Added review R3RJQ9B9T9HT3Q to summary
LOCAL 2024-02-11 21:37:00 INFO  LocalApp:60 - Added review R1D4E096B5B40Z to summary
LOCAL 2024-02-11 21:37:00 INFO  LocalApp:60 - Added review R8EMU3QVATTYV to summary
LOCAL 2024-02-11 21:37:00 INFO  LocalApp:60 - Added review R1IMZWAH2HU0RA to summary
LOCAL 2024-02-11 21:37:00 INFO  LocalApp:60 - Added review R2GXX215IFPZ3N to summary
LOCAL 2024-02-11 21:37:00 INFO  LocalApp:60 - Added review R366N97DLUODS7 to summary
LOCAL 2024-02-11 21:37:00 INFO  LocalApp:60 - Added review R1EX0F7SR4ARP8 to summary
LOCAL 2024-02-11 21:37:00 INFO  LocalApp:60 - Added review R1RUXYHCSZSHJ0 to summary
LOCAL 2024-02-11 21:37:00 INFO  LocalApp:60 - Added review R1RUXYHCSZSHJ0 to summary
LOCAL 2024-02-11 21:37:00 INFO  LocalApp:60 - Added review R2S6U0PQQDWR6G to summary
LOCAL 2024-02-11 21:37:00 INFO  LocalApp:60 - Added review R36NOS68DTSO98 to summary
LOCAL 2024-02-11 21:37:00 INFO  LocalApp:60 - Added review RMIV0C8N1RI2 to summary
LOCAL 2024-02-11 21:37:00 INFO  LocalApp:60 - Added review R19TV6B4AWHG1B to summary
LOCAL 2024-02-11 21:37:00 INFO  LocalApp:60 - Added review RRKHISGKBUFR6 to summary
LOCAL 2024-02-11 21:37:00 INFO  LocalApp:60 - Added review R2TRPI07Z5TB9L to summary
LOCAL 2024-02-11 21:37:00 INFO  LocalApp:60 - Added review R3GCFAIUL8BI3Y to summary
LOCAL 2024-02-11 21:37:00 INFO  LocalApp:60 - Added review R1VMWMMRIBIWWK to summary
LOCAL 2024-02-11 21:37:00 INFO  LocalApp:60 - Added review R1H6AFG81P2C0H to summary
LOCAL 2024-02-11 21:37:00 INFO  LocalApp:60 - Added review RPGSRSWYE4BMV to summary
LOCAL 2024-02-11 21:37:00 INFO  LocalApp:60 - Added review R2DVFPWJ0YUFUS to summary
LOCAL 2024-02-11 21:37:00 INFO  LocalApp:60 - Added review RUQ90EAKFV7EA to summary
LOCAL 2024-02-11 21:37:00 INFO  LocalApp:60 - Added review R2FVF4IE2XB6YE to summary
LOCAL 2024-02-11 21:37:00 INFO  LocalApp:60 - Added review R1HQ0YR95HH94J to summary
LOCAL 2024-02-11 21:37:00 INFO  LocalApp:60 - Added review R1D4E096B5B40Z to summary
LOCAL 2024-02-11 21:37:00 INFO  LocalApp:60 - Added review R3LVVT5NNG1SU6 to summary
LOCAL 2024-02-11 21:37:00 INFO  LocalApp:60 - Added review R1W8PM4V07OZXO to summary
LOCAL 2024-02-11 21:37:00 INFO  LocalApp:60 - Added review R1EX0F7SR4ARP8 to summary
LOCAL 2024-02-11 21:37:00 INFO  LocalApp:60 - Added review R2NN3ZT114GXSD to summary
LOCAL 2024-02-11 21:37:00 INFO  LocalApp:60 - Added review R2EWLW4U57UJOL to summary
LOCAL 2024-02-11 21:37:00 INFO  LocalApp:60 - Added review RO8ZN3X330K2T to summary
LOCAL 2024-02-11 21:37:00 INFO  LocalApp:60 - Added review R3RJQ9B9T9HT3Q to summary
LOCAL 2024-02-11 21:37:00 INFO  LocalApp:60 - Added review R38E4AKFKFZRCX to summary
LOCAL 2024-02-11 21:37:00 INFO  LocalApp:60 - Added review R11K315ANOZUXE to summary
LOCAL 2024-02-11 21:37:00 INFO  LocalApp:60 - Added review R3OQXC2KMMY14C to summary
LOCAL 2024-02-11 21:37:00 INFO  LocalApp:60 - Added review R32FDZSX2MVDXV to summary
LOCAL 2024-02-11 21:37:00 INFO  LocalApp:60 - Added review R2KDDNCDQVLJBD to summary
LOCAL 2024-02-11 21:37:00 INFO  LocalApp:60 - Added review R1BEK8UWDRQ7WL to summary
LOCAL 2024-02-11 21:37:00 INFO  LocalApp:60 - Added review R22U7UAVMUE79R to summary
LOCAL 2024-02-11 21:37:00 INFO  LocalApp:60 - Added review R26PN2JPMGRCS1 to summary
LOCAL 2024-02-11 21:37:00 INFO  LocalApp:60 - Added review RQRPF15W2PFLA to summary
LOCAL 2024-02-11 21:37:00 INFO  LocalApp:60 - Added review R2UMQUE3WKQ0YW to summary
LOCAL 2024-02-11 21:37:00 INFO  LocalApp:60 - Added review R1HA441CEIOX36 to summary
LOCAL 2024-02-11 21:37:00 INFO  LocalApp:60 - Added review R2BJ1N7XP2P3OO to summary
LOCAL 2024-02-11 21:37:00 INFO  LocalApp:60 - Added review R1IMZWAH2HU0RA to summary
LOCAL 2024-02-11 21:37:00 INFO  LocalApp:60 - Added review R3IV1HXD6GE9OL to summary
LOCAL 2024-02-11 21:37:00 INFO  LocalApp:60 - Added review R36TQH2JYUNKBP to summary
LOCAL 2024-02-11 21:37:00 INFO  LocalApp:60 - Added review R16IG63G0E5ZM8 to summary
LOCAL 2024-02-11 21:37:00 INFO  LocalApp:60 - Added review R3JXU261M77CA7 to summary
LOCAL 2024-02-11 21:37:00 INFO  LocalApp:60 - Added review RO8ZN3X330K2T to summary
LOCAL 2024-02-11 21:37:00 INFO  LocalApp:60 - Added review R2JET1LNB8VGIC to summary
LOCAL 2024-02-11 21:37:00 INFO  LocalApp:60 - Added review R2MRVNKTE6SIO4 to summary
LOCAL 2024-02-11 21:37:00 INFO  LocalApp:60 - Added review R1PFRW1GXKKW9O to summary
LOCAL 2024-02-11 21:37:00 INFO  LocalApp:60 - Added review R2QEFCG4OWTZBS to summary
LOCAL 2024-02-11 21:37:00 INFO  LocalApp:60 - Added review R8OWCLDI0GGL0 to summary
LOCAL 2024-02-11 21:37:00 INFO  LocalApp:60 - Added review R1T853CAOX2GKQ to summary
LOCAL 2024-02-11 21:37:00 INFO  LocalApp:60 - Added review R1RUXYHCSZSHJ0 to summary
LOCAL 2024-02-11 21:37:00 INFO  LocalApp:60 - Added review R3PIU8RR2V1QXR to summary
LOCAL 2024-02-11 21:37:00 INFO  LocalApp:60 - Added review R36KHA7G6JKTZN to summary
LOCAL 2024-02-11 21:37:00 INFO  LocalApp:60 - Added review R1BEK8UWDRQ7WL to summary
LOCAL 2024-02-11 21:37:00 INFO  LocalApp:60 - Added review R1Y0AEEBILEI4T to summary
LOCAL 2024-02-11 21:37:00 INFO  LocalApp:60 - Added review R3W3M51ZOILXYA to summary
LOCAL 2024-02-11 21:37:00 INFO  LocalApp:60 - Added review R3HNBZ5SGS2X72 to summary
LOCAL 2024-02-11 21:37:00 INFO  LocalApp:60 - Added review R1HA441CEIOX36 to summary
LOCAL 2024-02-11 21:37:00 INFO  LocalApp:60 - Added review R1RUXYHCSZSHJ0 to summary
LOCAL 2024-02-11 21:37:00 INFO  LocalApp:60 - Added review R1BIV3K2KLDPDO to summary
LOCAL 2024-02-11 21:37:00 INFO  LocalApp:60 - Added review R1D4E096B5B40Z to summary
LOCAL 2024-02-11 21:37:00 INFO  LocalApp:60 - Added review R1RUXYHCSZSHJ0 to summary
LOCAL 2024-02-11 21:37:00 INFO  LocalApp:60 - Added review R34QMOG4K0SHD8 to summary
LOCAL 2024-02-11 21:37:00 INFO  LocalApp:60 - Added review R1HQ0YR95HH94J to summary
LOCAL 2024-02-11 21:37:00 INFO  LocalApp:60 - Added review R10MKQ12AA3GZ1 to summary
LOCAL 2024-02-11 21:37:00 INFO  LocalApp:60 - Added review RZ39NFVABIQ2B to summary
LOCAL 2024-02-11 21:37:00 INFO  LocalApp:60 - Added review R2MFTWFJ8DCA9J to summary
LOCAL 2024-02-11 21:37:00 INFO  LocalApp:60 - Added review R1T853CAOX2GKQ to summary
LOCAL 2024-02-11 21:37:00 INFO  LocalApp:60 - Added review R3JVMDCLCJQ7OD to summary
LOCAL 2024-02-11 21:37:00 INFO  LocalApp:60 - Added review R1XIYMC4J5O6OV to summary
LOCAL 2024-02-11 21:37:00 INFO  LocalApp:60 - Added review R2MFTWFJ8DCA9J to summary
LOCAL 2024-02-11 21:37:00 INFO  LocalApp:60 - Added review RJ62XWHGDIF7 to summary
LOCAL 2024-02-11 21:37:00 INFO  LocalApp:60 - Added review R2PSXJ6JTY2KBF to summary
LOCAL 2024-02-11 21:37:00 INFO  LocalApp:60 - Added review RTMHJUN966903 to summary
LOCAL 2024-02-11 21:37:00 INFO  LocalApp:60 - Added review RXS3K32XDYS50 to summary
LOCAL 2024-02-11 21:37:00 INFO  LocalApp:60 - Added review R25ATJUDAMEBGX to summary
LOCAL 2024-02-11 21:37:00 INFO  LocalApp:60 - Added review R10GHGPK2F88T7 to summary
LOCAL 2024-02-11 21:37:00 INFO  LocalApp:60 - Added review R2L9FQQMP0N4TL to summary
LOCAL 2024-02-11 21:37:00 INFO  LocalApp:60 - Added review R328UU7JAUKED6 to summary
LOCAL 2024-02-11 21:37:00 INFO  LocalApp:60 - Added review R38E4AKFKFZRCX to summary
LOCAL 2024-02-11 21:37:00 INFO  LocalApp:60 - Added review R19TV6B4AWHG1B to summary
LOCAL 2024-02-11 21:37:00 INFO  LocalApp:60 - Added review RSLQEPL3493PJ to summary
LOCAL 2024-02-11 21:37:00 INFO  LocalApp:60 - Added review R2PSXJ6JTY2KBF to summary
LOCAL 2024-02-11 21:37:00 INFO  LocalApp:60 - Added review R38ARJN8DX67EM to summary
LOCAL 2024-02-11 21:37:00 INFO  LocalApp:60 - Added review R21F9WLAL0G2GY to summary
LOCAL 2024-02-11 21:37:00 INFO  LocalApp:60 - Added review R35M6ASHV3I9TP to summary
LOCAL 2024-02-11 21:37:00 INFO  LocalApp:60 - Added review R34QMOG4K0SHD8 to summary
LOCAL 2024-02-11 21:37:00 INFO  LocalApp:60 - Added review R2NBVJ1U6UGRYQ to summary
LOCAL 2024-02-11 21:37:00 INFO  LocalApp:60 - Added review R2O3VN9WJ6D3G6 to summary
LOCAL 2024-02-11 21:37:00 INFO  LocalApp:60 - Added review R1L8O7RM8DD6J3 to summary
LOCAL 2024-02-11 21:37:00 INFO  LocalApp:60 - Added review R8OWCLDI0GGL0 to summary
LOCAL 2024-02-11 21:37:00 INFO  LocalApp:60 - Added review R2MRVNKTE6SIO4 to summary
LOCAL 2024-02-11 21:37:00 INFO  LocalApp:60 - Added review R1IMZWAH2HU0RA to summary
LOCAL 2024-02-11 21:37:00 INFO  LocalApp:60 - Added review R28CW6BRT1I3WS to summary
LOCAL 2024-02-11 21:37:00 INFO  LocalApp:60 - Added review R7VFTZYSCIRIG to summary
LOCAL 2024-02-11 21:37:00 INFO  LocalApp:60 - Added review R2ZXKBYP9Q5H1P to summary
LOCAL 2024-02-11 21:37:00 INFO  LocalApp:60 - Added review R366N97DLUODS7 to summary
LOCAL 2024-02-11 21:37:00 INFO  LocalApp:60 - Added review R2JKJMT8XRKD5W to summary
LOCAL 2024-02-11 21:37:00 INFO  LocalApp:60 - Added review R1XVGD3AR8BOFL to summary
LOCAL 2024-02-11 21:37:00 INFO  LocalApp:60 - Added review R2LTX4K942REZ6 to summary
LOCAL 2024-02-11 21:37:00 INFO  LocalApp:60 - Added review R34W9OUGHQZGRA to summary
LOCAL 2024-02-11 21:37:00 INFO  LocalApp:60 - Added review R1YWNXNOGDAVYC to summary
LOCAL 2024-02-11 21:37:00 INFO  LocalApp:60 - Added review R1F0JXWPK0N5ME to summary
LOCAL 2024-02-11 21:37:00 INFO  LocalApp:60 - Added review R2EACXOHPUS13F to summary
LOCAL 2024-02-11 21:37:00 INFO  LocalApp:60 - Added review R1OX0D2CIF3U0R to summary
LOCAL 2024-02-11 21:37:00 INFO  LocalApp:60 - Added review R1RXSH9ONH6WJZ to summary
LOCAL 2024-02-11 21:37:00 INFO  LocalApp:60 - Added review R3JCVVMOALPEKC to summary
LOCAL 2024-02-11 21:37:00 INFO  LocalApp:60 - Added review R2M9GCGH0QS9ER to summary
LOCAL 2024-02-11 21:37:00 INFO  LocalApp:60 - Added review R33RDBKMP4FIXJ to summary
LOCAL 2024-02-11 21:37:00 INFO  LocalApp:60 - Added review R2ZXKBYP9Q5H1P to summary
LOCAL 2024-02-11 21:37:00 INFO  LocalApp:60 - Added review R2874NT3K974P7 to summary
LOCAL 2024-02-11 21:37:00 INFO  LocalApp:60 - Added review R1GU961A8Y8Y58 to summary
LOCAL 2024-02-11 21:37:00 INFO  LocalApp:60 - Added review R1HA441CEIOX36 to summary
LOCAL 2024-02-11 21:37:00 INFO  LocalApp:60 - Added review R1JDXS706K8S1T to summary
LOCAL 2024-02-11 21:37:00 INFO  LocalApp:60 - Added review R11ZD8ST2J0QFD to summary
LOCAL 2024-02-11 21:37:00 INFO  LocalApp:60 - Added review R9R9FOKED36NB to summary
LOCAL 2024-02-11 21:37:00 INFO  LocalApp:60 - Added review R167BE5I3EVUMB to summary
LOCAL 2024-02-11 21:37:00 INFO  LocalApp:60 - Added review R1L8O7RM8DD6J3 to summary
LOCAL 2024-02-11 21:37:00 INFO  LocalApp:60 - Added review R28CW6BRT1I3WS to summary
LOCAL 2024-02-11 21:37:00 INFO  LocalApp:60 - Added review RVG9C50OK3MYF to summary
LOCAL 2024-02-11 21:37:00 INFO  LocalApp:60 - Added review R4FQCSH8I533I to summary
LOCAL 2024-02-11 21:37:00 INFO  LocalApp:60 - Added review RC813AP3NS1PR to summary
LOCAL 2024-02-11 21:37:00 INFO  LocalApp:60 - Added review R34QMOG4K0SHD8 to summary
LOCAL 2024-02-11 21:37:00 INFO  LocalApp:60 - Added review RZKLR0UYVK26X to summary
LOCAL 2024-02-11 21:37:00 INFO  LocalApp:60 - Added review R32A0VE1X0BURI to summary
LOCAL 2024-02-11 21:37:00 INFO  LocalApp:60 - Added review R37BJSTWUYTPC4 to summary
LOCAL 2024-02-11 21:37:00 INFO  LocalApp:60 - Added review R28OXGZB5KE9IY to summary
LOCAL 2024-02-11 21:37:00 INFO  LocalApp:60 - Added review RNIMX9A9V5LH9 to summary
LOCAL 2024-02-11 21:37:00 INFO  LocalApp:60 - Added review R2JET1LNB8VGIC to summary
LOCAL 2024-02-11 21:37:00 INFO  LocalApp:60 - Added review R3O0QQ6ZEUBOZU to summary
LOCAL 2024-02-11 21:37:00 INFO  LocalApp:60 - Added review RRGM06Y1WF6L3 to summary
LOCAL 2024-02-11 21:37:00 INFO  LocalApp:60 - Added review R53R2LEIH4WK3 to summary
LOCAL 2024-02-11 21:37:00 INFO  LocalApp:60 - Added review RZQ0PVWAXQN1I to summary
LOCAL 2024-02-11 21:37:00 INFO  LocalApp:60 - Added review RS23X6XG4MEFE to summary
LOCAL 2024-02-11 21:37:00 INFO  LocalApp:60 - Added review RF7T03L50TV2Y to summary
LOCAL 2024-02-11 21:37:00 INFO  LocalApp:60 - Added review R3MB41VM9C8JHF to summary
LOCAL 2024-02-11 21:37:00 INFO  LocalApp:60 - Added review R1H6AFG81P2C0H to summary
LOCAL 2024-02-11 21:37:00 INFO  LocalApp:60 - Added review R2LTX4K942REZ6 to summary
LOCAL 2024-02-11 21:37:00 INFO  LocalApp:60 - Added review RINQNJYCZ6ZMA to summary
LOCAL 2024-02-11 21:37:00 INFO  LocalApp:60 - Added review R3R0QA0Z422DDC to summary
LOCAL 2024-02-11 21:37:00 INFO  LocalApp:60 - Added review R34R8UQM5K3CA8 to summary
LOCAL 2024-02-11 21:37:00 INFO  LocalApp:60 - Added review R3P2KOXRF7Z400 to summary
LOCAL 2024-02-11 21:37:00 INFO  LocalApp:60 - Added review R2LHG5IN67NQRR to summary
LOCAL 2024-02-11 21:37:00 INFO  LocalApp:60 - Added review R22LGGPNAGZBKA to summary
LOCAL 2024-02-11 21:37:00 INFO  LocalApp:60 - Added review R1HQ0YR95HH94J to summary
LOCAL 2024-02-11 21:37:00 INFO  LocalApp:60 - Added review RQAAAHDDGBGSM to summary
LOCAL 2024-02-11 21:37:00 INFO  LocalApp:60 - Added review R1XVGD3AR8BOFL to summary
LOCAL 2024-02-11 21:37:00 INFO  LocalApp:60 - Added review R2DVFPWJ0YUFUS to summary
LOCAL 2024-02-11 21:37:00 INFO  LocalApp:60 - Added review R3M5MWFPDVPQEX to summary
LOCAL 2024-02-11 21:37:00 INFO  LocalApp:60 - Added review R20C15AL3RZNFK to summary
LOCAL 2024-02-11 21:37:00 INFO  LocalApp:60 - Added review R10MKQ12AA3GZ1 to summary
LOCAL 2024-02-11 21:37:00 INFO  LocalApp:60 - Added review R36NOS68DTSO98 to summary
LOCAL 2024-02-11 21:37:00 INFO  LocalApp:60 - Added review R3R9QKZ61DMKGF to summary
LOCAL 2024-02-11 21:37:00 INFO  LocalApp:60 - Added review R1W8PM4V07OZXO to summary
LOCAL 2024-02-11 21:37:00 INFO  LocalApp:60 - Added review RO8ZN3X330K2T to summary
LOCAL 2024-02-11 21:37:00 INFO  LocalApp:60 - Added review RRQAAPTNP04V0 to summary
LOCAL 2024-02-11 21:37:00 INFO  LocalApp:60 - Added review R1XIYMC4J5O6OV to summary
LOCAL 2024-02-11 21:37:00 INFO  LocalApp:60 - Added review R2FVF4IE2XB6YE to summary
LOCAL 2024-02-11 21:37:00 INFO  LocalApp:60 - Added review R1ICW84S7FXWNG to summary
LOCAL 2024-02-11 21:37:00 INFO  LocalApp:60 - Added review R1ZLQJZEJT8SI8 to summary
LOCAL 2024-02-11 21:37:00 INFO  LocalApp:60 - Added review R3VWQZT9AA217G to summary
LOCAL 2024-02-11 21:37:00 INFO  LocalApp:60 - Added review R1IMZWAH2HU0RA to summary
LOCAL 2024-02-11 21:37:00 INFO  LocalApp:60 - Added review R1L8O7RM8DD6J3 to summary
LOCAL 2024-02-11 21:37:00 INFO  LocalApp:60 - Added review R8OWCLDI0GGL0 to summary
LOCAL 2024-02-11 21:37:00 INFO  LocalApp:60 - Added review RO8ZN3X330K2T to summary
LOCAL 2024-02-11 21:37:00 INFO  LocalApp:60 - Added review R2JAVZCM52EDOV to summary
LOCAL 2024-02-11 21:37:00 INFO  LocalApp:60 - Added review R3GJORSH5JM7J2 to summary
LOCAL 2024-02-11 21:37:00 INFO  LocalApp:60 - Added review R964TFJRPFI9F to summary
LOCAL 2024-02-11 21:37:00 INFO  LocalApp:60 - Added review R2O3VN9WJ6D3G6 to summary
LOCAL 2024-02-11 21:37:00 INFO  LocalApp:60 - Added review R3LCKBMPC7LRWI to summary
LOCAL 2024-02-11 21:37:00 INFO  LocalApp:60 - Added review R17J1W34Y36S12 to summary
LOCAL 2024-02-11 21:37:00 INFO  LocalApp:60 - Added review R33EE9HRQ7VLL4 to summary
LOCAL 2024-02-11 21:37:00 INFO  LocalApp:60 - Added review RMIV0C8N1RI2 to summary
LOCAL 2024-02-11 21:37:00 INFO  LocalApp:60 - Added review RVG9C50OK3MYF to summary
LOCAL 2024-02-11 21:37:00 INFO  LocalApp:60 - Added review R2S6U0PQQDWR6G to summary
LOCAL 2024-02-11 21:37:00 INFO  LocalApp:60 - Added review R3HNBZ5SGS2X72 to summary
LOCAL 2024-02-11 21:37:00 INFO  LocalApp:60 - Added review R2MFTWFJ8DCA9J to summary
LOCAL 2024-02-11 21:37:00 INFO  LocalApp:60 - Added review R35M6ASHV3I9TP to summary
LOCAL 2024-02-11 21:37:00 INFO  LocalApp:60 - Added review R34QMOG4K0SHD8 to summary
LOCAL 2024-02-11 21:37:00 INFO  LocalApp:60 - Added review R2NBVJ1U6UGRYQ to summary
LOCAL 2024-02-11 21:37:00 INFO  LocalApp:60 - Added review R1ESOYWR8JQV7W to summary
LOCAL 2024-02-11 21:37:00 INFO  LocalApp:60 - Added review R2ZK1F1GXZ3EFP to summary
LOCAL 2024-02-11 21:37:00 INFO  LocalApp:60 - Added review R1TXEA6FWMTRYQ to summary
LOCAL 2024-02-11 21:37:00 INFO  LocalApp:60 - Added review R19UVJU1NEU3H to summary
LOCAL 2024-02-11 21:37:00 INFO  LocalApp:60 - Added review RN3WUTQPDORYE to summary
LOCAL 2024-02-11 21:37:00 INFO  LocalApp:60 - Added review R126IXMG8FTZNK to summary
LOCAL 2024-02-11 21:37:00 INFO  LocalApp:60 - Added review R1F0JXWPK0N5ME to summary
LOCAL 2024-02-11 21:37:00 INFO  LocalApp:60 - Added review R2VOB9HQVVBKCE to summary
LOCAL 2024-02-11 21:37:00 INFO  LocalApp:60 - Added review R2874NT3K974P7 to summary
LOCAL 2024-02-11 21:37:00 INFO  LocalApp:60 - Added review RSNQBZ6FHJE7F to summary
LOCAL 2024-02-11 21:37:00 INFO  LocalApp:60 - Added review R9R9FOKED36NB to summary
LOCAL 2024-02-11 21:37:00 INFO  LocalApp:60 - Added review R4XTLZ1J160AS to summary
LOCAL 2024-02-11 21:37:00 INFO  LocalApp:60 - Added review R2WI7ZRYOSMKRS to summary
LOCAL 2024-02-11 21:37:00 INFO  LocalApp:60 - Added review R1UERI590KMF1S to summary
LOCAL 2024-02-11 21:37:00 INFO  LocalApp:60 - Added review R10MKQ12AA3GZ1 to summary
LOCAL 2024-02-11 21:37:00 INFO  LocalApp:60 - Added review R3HNBZ5SGS2X72 to summary
LOCAL 2024-02-11 21:37:00 INFO  LocalApp:60 - Added review R7VFTZYSCIRIG to summary
LOCAL 2024-02-11 21:37:00 INFO  LocalApp:60 - Added review R3RJQ9B9T9HT3Q to summary
LOCAL 2024-02-11 21:37:00 INFO  LocalApp:60 - Added review R3EI5HH6KG05SC to summary
LOCAL 2024-02-11 21:37:00 INFO  LocalApp:60 - Added review R1IAD68RQ7ELAV to summary
LOCAL 2024-02-11 21:37:00 INFO  LocalApp:60 - Added review RVG9C50OK3MYF to summary
LOCAL 2024-02-11 21:37:00 INFO  LocalApp:60 - Added review R193MF3E66AMI5 to summary
LOCAL 2024-02-11 21:37:00 INFO  LocalApp:60 - Added review R3KPJ5LPNYVASQ to summary
LOCAL 2024-02-11 21:37:00 INFO  LocalApp:60 - Added review R137VQHXSUZ6XR to summary
LOCAL 2024-02-11 21:37:00 INFO  LocalApp:60 - Added review R3PIU8RR2V1QXR to summary
LOCAL 2024-02-11 21:37:00 INFO  LocalApp:60 - Added review R35M6ASHV3I9TP to summary
LOCAL 2024-02-11 21:37:00 INFO  LocalApp:60 - Added review R1TXEA6FWMTRYQ to summary
LOCAL 2024-02-11 21:37:00 INFO  LocalApp:60 - Added review R2UMQUE3WKQ0YW to summary
LOCAL 2024-02-11 21:37:00 INFO  LocalApp:60 - Added review R126IXMG8FTZNK to summary
LOCAL 2024-02-11 21:37:00 INFO  LocalApp:60 - Added review R25OY7C5TO11CA to summary
LOCAL 2024-02-11 21:37:00 INFO  LocalApp:60 - Added review R2DUT9NY2SHSIY to summary
LOCAL 2024-02-11 21:37:00 INFO  LocalApp:60 - Added review R2PSXJ6JTY2KBF to summary
LOCAL 2024-02-11 21:37:00 INFO  LocalApp:60 - Added review R1DDF96B1EE6L7 to summary
LOCAL 2024-02-11 21:37:00 INFO  LocalApp:60 - Added review R2BKVRLR3QS30L to summary
LOCAL 2024-02-11 21:37:00 INFO  LocalApp:60 - Added review R1ND8M8IXDOCXS to summary
LOCAL 2024-02-11 21:37:00 INFO  LocalApp:60 - Added review R3M5MWFPDVPQEX to summary
LOCAL 2024-02-11 21:37:00 INFO  LocalApp:60 - Added review R26HIKXDKUTC5E to summary
LOCAL 2024-02-11 21:37:00 INFO  LocalApp:60 - Added review RC813AP3NS1PR to summary
LOCAL 2024-02-11 21:37:00 INFO  LocalApp:60 - Added review R3AKCQ54R1VBKF to summary
LOCAL 2024-02-11 21:37:00 INFO  LocalApp:60 - Added review R1TG4AUA7Y7EU4 to summary
LOCAL 2024-02-11 21:37:00 INFO  LocalApp:60 - Added review R2UJ2ZN8MY6705 to summary
LOCAL 2024-02-11 21:37:00 INFO  LocalApp:60 - Added review RB9QK3F6SUQPU to summary
LOCAL 2024-02-11 21:37:00 INFO  LocalApp:60 - Added review R220PLS0R7MXKD to summary
LOCAL 2024-02-11 21:37:00 INFO  LocalApp:60 - Added review R3HYF4UBGHHUW7 to summary
LOCAL 2024-02-11 21:37:00 INFO  LocalApp:60 - Added review R2L9FQQMP0N4TL to summary
LOCAL 2024-02-11 21:37:00 INFO  LocalApp:60 - Added review R2W0W7A3KRY3W6 to summary
LOCAL 2024-02-11 21:37:00 INFO  LocalApp:60 - Added review R2FVF4IE2XB6YE to summary
LOCAL 2024-02-11 21:37:00 INFO  LocalApp:60 - Added review R1EX0F7SR4ARP8 to summary
LOCAL 2024-02-11 21:37:00 INFO  LocalApp:60 - Added review RTA4YTCX331MA to summary
LOCAL 2024-02-11 21:37:00 INFO  LocalApp:60 - Added review R28ZVOY8Y12MGU to summary
LOCAL 2024-02-11 21:37:00 INFO  LocalApp:60 - Added review R1OMC346J0RPSH to summary
LOCAL 2024-02-11 21:37:00 INFO  LocalApp:60 - Added review R3V3U3DQHMG8WJ to summary
LOCAL 2024-02-11 21:37:00 INFO  LocalApp:60 - Added review RM90411MKGVD1 to summary
LOCAL 2024-02-11 21:37:00 INFO  LocalApp:60 - Added review R198LJWE0I81WG to summary
LOCAL 2024-02-11 21:37:00 INFO  LocalApp:60 - Added review RGMH5ROASTBS8 to summary
LOCAL 2024-02-11 21:37:00 INFO  LocalApp:60 - Added review R1BIV3K2KLDPDO to summary
LOCAL 2024-02-11 21:37:00 INFO  LocalApp:60 - Added review RVX8MSFRFAR34 to summary
LOCAL 2024-02-11 21:37:00 INFO  LocalApp:60 - Added review R2W0W7A3KRY3W6 to summary
LOCAL 2024-02-11 21:37:00 INFO  LocalApp:60 - Added review R14EML3C2US6RE to summary
LOCAL 2024-02-11 21:37:00 INFO  LocalApp:60 - Added review R12FNAFF3HU47X to summary
LOCAL 2024-02-11 21:37:00 INFO  LocalApp:60 - Added review RN3WUTQPDORYE to summary
LOCAL 2024-02-11 21:37:00 INFO  LocalApp:60 - Added review R1L8O7RM8DD6J3 to summary
LOCAL 2024-02-11 21:37:00 INFO  LocalApp:60 - Added review R2JAVZCM52EDOV to summary
LOCAL 2024-02-11 21:37:00 INFO  LocalApp:60 - Added review RZ39NFVABIQ2B to summary
LOCAL 2024-02-11 21:37:00 INFO  LocalApp:60 - Added review R2X77IUYDICNQJ to summary
LOCAL 2024-02-11 21:37:00 INFO  LocalApp:60 - Added review R2JKJMT8XRKD5W to summary
LOCAL 2024-02-11 21:37:00 INFO  LocalApp:60 - Added review R2874NT3K974P7 to summary
LOCAL 2024-02-11 21:37:00 INFO  LocalApp:60 - Added review RQFO6EZK21SA3 to summary
LOCAL 2024-02-11 21:37:00 INFO  LocalApp:60 - Added review R31UKUOX0D7WLH to summary
LOCAL 2024-02-11 21:37:00 INFO  LocalApp:60 - Added review R38E4AKFKFZRCX to summary
LOCAL 2024-02-11 21:37:00 INFO  LocalApp:60 - Added review RINQNJYCZ6ZMA to summary
LOCAL 2024-02-11 21:37:00 INFO  LocalApp:60 - Added review R10PCA22ETND2D to summary
LOCAL 2024-02-11 21:37:00 INFO  LocalApp:60 - Added review R4P13V3C24PFB to summary
LOCAL 2024-02-11 21:37:00 INFO  LocalApp:60 - Added review R1U56NAOWA05QF to summary
LOCAL 2024-02-11 21:37:00 INFO  LocalApp:60 - Added review R3RJQ9B9T9HT3Q to summary
LOCAL 2024-02-11 21:37:00 INFO  LocalApp:60 - Added review R3RJQ9B9T9HT3Q to summary
LOCAL 2024-02-11 21:37:00 INFO  LocalApp:60 - Added review R19IQ8GH4D0JNI to summary
LOCAL 2024-02-11 21:37:00 INFO  LocalApp:69 - Created summary HTML file at output6.html
LOCAL 2024-02-11 21:37:01 INFO  S3Handler:71 - File 8614b3695e391010-summary-0 deleted from S3 bucket sarcasm-analysis-bucket-8614b3695e391010
LOCAL 2024-02-11 21:37:02 INFO  SQSHandler:93 - Deleted message from https://sqs.us-east-1.amazonaws.com/767398090493/managerToLocalQueue-8614b3695e391010
LOCAL 2024-02-11 21:37:02 INFO  LocalApp:54 - Sending terminate message to manager
LOCAL 2024-02-11 21:37:02 INFO  SQSHandler:73 - Sent message to https://sqs.us-east-1.amazonaws.com/767398090493/localToManagerQueue-8614b3695e391010
LOCAL 2024-02-11 21:37:02 INFO  LocalApp:130 - Waiting for executor to finish
LOCAL 2024-02-11 21:37:02 INFO  SQSHandler:55 - Queue https://sqs.us-east-1.amazonaws.com/767398090493/managerToLocalQueue-8614b3695e391010 deleted
LOCAL 2024-02-11 21:37:02 INFO  SQSHandler:55 - Queue https://sqs.us-east-1.amazonaws.com/767398090493/localToManagerQueue-8614b3695e391010 deleted
LOCAL 2024-02-11 21:37:03 INFO  S3Handler:86 - S3 bucket sarcasm-analysis-bucket-8614b3695e391010 emptied
LOCAL 2024-02-11 21:37:03 INFO  S3Handler:95 - S3 bucket sarcasm-analysis-bucket-8614b3695e391010 deleted
LOCAL 2024-02-11 21:37:03 INFO  LocalApp:70 - LocalApp finished
