LOCAL 2024-02-11 20:58:20 INFO  LocalApp:32 - LocalApp started with id ad19f2be63d4f13a
LOCAL 2024-02-11 20:58:20 INFO  LocalApp:36 - LocalAppEnv created
LOCAL 2024-02-11 20:58:22 INFO  S3Handler:24 - S3 bucket sarcasm-analysis-bucket-ad19f2be63d4f13a created
LOCAL 2024-02-11 20:58:23 INFO  SQSHandler:19 - Queue localToManagerQueue-ad19f2be63d4f13a created
LOCAL 2024-02-11 20:58:24 INFO  SQSHandler:19 - Queue managerToLocalQueue-ad19f2be63d4f13a created
LOCAL 2024-02-11 20:58:25 INFO  S3Handler:42 - File test-input1.txt uploaded to S3 bucket sarcasm-analysis-bucket-ad19f2be63d4f13a
LOCAL 2024-02-11 20:58:25 INFO  SQSHandler:73 - Sent message to https://sqs.us-east-1.amazonaws.com/767398090493/localToManagerQueue-ad19f2be63d4f13a
LOCAL 2024-02-11 20:58:25 INFO  LocalApp:85 - Sent task to manager: test-input1.txt for inputIndex 0 with 10 reviews per worker
LOCAL 2024-02-11 20:58:25 INFO  S3Handler:42 - File test-input2.txt uploaded to S3 bucket sarcasm-analysis-bucket-ad19f2be63d4f13a
LOCAL 2024-02-11 20:58:26 INFO  SQSHandler:73 - Sent message to https://sqs.us-east-1.amazonaws.com/767398090493/localToManagerQueue-ad19f2be63d4f13a
LOCAL 2024-02-11 20:58:26 INFO  LocalApp:85 - Sent task to manager: test-input2.txt for inputIndex 1 with 10 reviews per worker
LOCAL 2024-02-11 20:58:26 INFO  LocalApp:92 - Polling for responses from manager
LOCAL 2024-02-11 20:58:46 INFO  LocalApp:92 - Polling for responses from manager
LOCAL 2024-02-11 20:59:07 INFO  LocalApp:92 - Polling for responses from manager
LOCAL 2024-02-11 20:59:27 INFO  LocalApp:92 - Polling for responses from manager
LOCAL 2024-02-11 20:59:47 INFO  LocalApp:92 - Polling for responses from manager
LOCAL 2024-02-11 21:00:08 INFO  LocalApp:92 - Polling for responses from manager
LOCAL 2024-02-11 21:00:28 INFO  LocalApp:92 - Polling for responses from manager
LOCAL 2024-02-11 21:00:49 INFO  LocalApp:92 - Polling for responses from manager
LOCAL 2024-02-11 21:01:09 INFO  LocalApp:92 - Polling for responses from manager
LOCAL 2024-02-11 21:01:30 INFO  LocalApp:92 - Polling for responses from manager
LOCAL 2024-02-11 21:01:50 INFO  LocalApp:92 - Polling for responses from manager
LOCAL 2024-02-11 21:02:10 INFO  LocalApp:92 - Polling for responses from manager
LOCAL 2024-02-11 21:02:31 INFO  LocalApp:92 - Polling for responses from manager
LOCAL 2024-02-11 21:02:52 INFO  LocalApp:92 - Polling for responses from manager
LOCAL 2024-02-11 21:03:13 INFO  LocalApp:92 - Polling for responses from manager
