LOCAL 2024-02-11 22:04:19 INFO  LocalApp:32 - LocalApp started with id 9b5f7d172af89cb9
LOCAL 2024-02-11 22:04:19 INFO  LocalApp:36 - LocalAppEnv created
LOCAL 2024-02-11 22:04:21 INFO  S3Handler:24 - S3 bucket sarcasm-analysis-bucket-9b5f7d172af89cb9 created
LOCAL 2024-02-11 22:04:25 INFO  SQSHandler:19 - Queue localToManagerQueue-9b5f7d172af89cb9 created
LOCAL 2024-02-11 22:04:26 INFO  SQSHandler:19 - Queue managerToLocalQueue-9b5f7d172af89cb9 created
LOCAL 2024-02-11 22:04:28 INFO  S3Handler:42 - File input2.txt uploaded to S3 bucket sarcasm-analysis-bucket-9b5f7d172af89cb9
LOCAL 2024-02-11 22:04:28 INFO  SQSHandler:73 - Sent message to https://sqs.us-east-1.amazonaws.com/767398090493/localToManagerQueue-9b5f7d172af89cb9
LOCAL 2024-02-11 22:04:28 INFO  LocalApp:85 - Sent task to manager: input2.txt for inputIndex 0 with 400 reviews per worker
LOCAL 2024-02-11 22:04:30 INFO  EC2Handler:68 - Manager instance i-08ecfc7d51e4dd4ea is running
LOCAL 2024-02-11 22:04:30 INFO  LocalApp:92 - Polling for responses from manager
LOCAL 2024-02-11 22:04:51 INFO  LocalApp:92 - Polling for responses from manager
LOCAL 2024-02-11 22:05:11 INFO  LocalApp:92 - Polling for responses from manager
LOCAL 2024-02-11 22:05:32 INFO  LocalApp:92 - Polling for responses from manager
LOCAL 2024-02-11 22:05:52 INFO  LocalApp:92 - Polling for responses from manager
LOCAL 2024-02-11 22:06:13 INFO  LocalApp:92 - Polling for responses from manager
LOCAL 2024-02-11 22:06:33 INFO  LocalApp:92 - Polling for responses from manager
LOCAL 2024-02-11 22:06:54 INFO  LocalApp:92 - Polling for responses from manager
LOCAL 2024-02-11 22:07:14 INFO  LocalApp:92 - Polling for responses from manager
LOCAL 2024-02-11 22:07:35 INFO  LocalApp:92 - Polling for responses from manager
LOCAL 2024-02-11 22:07:55 INFO  LocalApp:92 - Polling for responses from manager
LOCAL 2024-02-11 22:08:16 INFO  LocalApp:92 - Polling for responses from manager
LOCAL 2024-02-11 22:08:37 INFO  LocalApp:92 - Polling for responses from manager
LOCAL 2024-02-11 22:08:57 INFO  LocalApp:92 - Polling for responses from manager
LOCAL 2024-02-11 22:09:17 INFO  LocalApp:92 - Polling for responses from manager
LOCAL 2024-02-11 22:09:37 INFO  LocalApp:92 - Polling for responses from manager
LOCAL 2024-02-11 22:09:57 INFO  LocalApp:92 - Polling for responses from manager
LOCAL 2024-02-11 22:10:17 INFO  LocalApp:92 - Polling for responses from manager
LOCAL 2024-02-11 22:10:37 INFO  LocalApp:92 - Polling for responses from manager
