LOCAL 2024-02-11 09:58:52 INFO  LocalApp:27 - LocalApp started with id a38ee0a2af3c459c
LOCAL 2024-02-11 09:58:52 INFO  LocalApp:31 - LocalAppEnv created
LOCAL 2024-02-11 09:58:54 INFO  LocalApp:27 - S3 bucket sarcasm-analysis-bucket-a38ee0a2af3c459c created
LOCAL 2024-02-11 09:58:55 INFO  LocalApp:22 - Queue localToManagerQueue-a38ee0a2af3c459c created
LOCAL 2024-02-11 09:58:55 INFO  LocalApp:22 - Queue managerToLocalQueue-a38ee0a2af3c459c created
LOCAL 2024-02-11 09:58:56 INFO  LocalApp:45 - File test-input1.txt uploaded to S3 bucket sarcasm-analysis-bucket-a38ee0a2af3c459c
LOCAL 2024-02-11 09:58:56 INFO  LocalApp:76 - Sent message to https://sqs.us-east-1.amazonaws.com/767398090493/localToManagerQueue-a38ee0a2af3c459c
LOCAL 2024-02-11 09:58:56 INFO  LocalApp:80 - Sent task to manager: test-input1.txt for inputIndex 0 with 20 reviews per worker
LOCAL 2024-02-11 09:58:56 INFO  LocalApp:87 - Polling for responses from manager
LOCAL 2024-02-11 09:58:56 INFO  LocalApp:80 - Polling messages from https://sqs.us-east-1.amazonaws.com/767398090493/managerToLocalQueue-a38ee0a2af3c459c
LOCAL 2024-02-11 09:59:16 INFO  LocalApp:87 - Polling for responses from manager
LOCAL 2024-02-11 09:59:16 INFO  LocalApp:80 - Polling messages from https://sqs.us-east-1.amazonaws.com/767398090493/managerToLocalQueue-a38ee0a2af3c459c
LOCAL 2024-02-11 09:59:36 INFO  LocalApp:87 - Polling for responses from manager
LOCAL 2024-02-11 09:59:36 INFO  LocalApp:80 - Polling messages from https://sqs.us-east-1.amazonaws.com/767398090493/managerToLocalQueue-a38ee0a2af3c459c
LOCAL 2024-02-11 09:59:56 INFO  LocalApp:87 - Polling for responses from manager
LOCAL 2024-02-11 09:59:56 INFO  LocalApp:80 - Polling messages from https://sqs.us-east-1.amazonaws.com/767398090493/managerToLocalQueue-a38ee0a2af3c459c
LOCAL 2024-02-11 10:00:16 INFO  LocalApp:87 - Polling for responses from manager
LOCAL 2024-02-11 10:00:16 INFO  LocalApp:80 - Polling messages from https://sqs.us-east-1.amazonaws.com/767398090493/managerToLocalQueue-a38ee0a2af3c459c
LOCAL 2024-02-11 10:00:37 INFO  LocalApp:87 - Polling for responses from manager
LOCAL 2024-02-11 10:00:37 INFO  LocalApp:80 - Polling messages from https://sqs.us-east-1.amazonaws.com/767398090493/managerToLocalQueue-a38ee0a2af3c459c
LOCAL 2024-02-11 10:00:57 INFO  LocalApp:87 - Polling for responses from manager
LOCAL 2024-02-11 10:00:57 INFO  LocalApp:80 - Polling messages from https://sqs.us-east-1.amazonaws.com/767398090493/managerToLocalQueue-a38ee0a2af3c459c
LOCAL 2024-02-11 10:01:17 INFO  LocalApp:87 - Polling for responses from manager
LOCAL 2024-02-11 10:01:17 INFO  LocalApp:80 - Polling messages from https://sqs.us-east-1.amazonaws.com/767398090493/managerToLocalQueue-a38ee0a2af3c459c
LOCAL 2024-02-11 10:01:37 INFO  LocalApp:87 - Polling for responses from manager
LOCAL 2024-02-11 10:01:37 INFO  LocalApp:80 - Polling messages from https://sqs.us-east-1.amazonaws.com/767398090493/managerToLocalQueue-a38ee0a2af3c459c
LOCAL 2024-02-11 10:01:57 INFO  LocalApp:87 - Polling for responses from manager
LOCAL 2024-02-11 10:01:57 INFO  LocalApp:80 - Polling messages from https://sqs.us-east-1.amazonaws.com/767398090493/managerToLocalQueue-a38ee0a2af3c459c
LOCAL 2024-02-11 10:02:17 INFO  LocalApp:87 - Polling for responses from manager
LOCAL 2024-02-11 10:02:17 INFO  LocalApp:80 - Polling messages from https://sqs.us-east-1.amazonaws.com/767398090493/managerToLocalQueue-a38ee0a2af3c459c
LOCAL 2024-02-11 10:02:37 INFO  LocalApp:87 - Polling for responses from manager
LOCAL 2024-02-11 10:02:37 INFO  LocalApp:80 - Polling messages from https://sqs.us-east-1.amazonaws.com/767398090493/managerToLocalQueue-a38ee0a2af3c459c
LOCAL 2024-02-11 10:02:58 INFO  LocalApp:87 - Polling for responses from manager
LOCAL 2024-02-11 10:02:58 INFO  LocalApp:80 - Polling messages from https://sqs.us-east-1.amazonaws.com/767398090493/managerToLocalQueue-a38ee0a2af3c459c
LOCAL 2024-02-11 10:03:18 INFO  LocalApp:87 - Polling for responses from manager
LOCAL 2024-02-11 10:03:18 INFO  LocalApp:80 - Polling messages from https://sqs.us-east-1.amazonaws.com/767398090493/managerToLocalQueue-a38ee0a2af3c459c
