LOCAL 2024-02-11 16:41:16 INFO  LocalApp:26 - LocalApp started with id a36ce5c665c4c706
LOCAL 2024-02-11 16:41:16 INFO  LocalApp:30 - LocalAppEnv created
LOCAL 2024-02-11 16:41:19 INFO  S3Handler:24 - S3 bucket sarcasm-analysis-bucket-a36ce5c665c4c706 created
LOCAL 2024-02-11 16:41:20 INFO  SQSHandler:19 - Queue localToManagerQueue-a36ce5c665c4c706 created
LOCAL 2024-02-11 16:41:20 INFO  SQSHandler:19 - Queue managerToLocalQueue-a36ce5c665c4c706 created
LOCAL 2024-02-11 16:41:21 INFO  S3Handler:42 - File test-input1.txt uploaded to S3 bucket sarcasm-analysis-bucket-a36ce5c665c4c706
LOCAL 2024-02-11 16:41:21 INFO  SQSHandler:73 - Sent message to https://sqs.us-east-1.amazonaws.com/767398090493/localToManagerQueue-a36ce5c665c4c706
LOCAL 2024-02-11 16:41:21 INFO  LocalApp:79 - Sent task to manager: test-input1.txt for inputIndex 0 with 10 reviews per worker
LOCAL 2024-02-11 16:41:22 INFO  S3Handler:42 - File test-input2.txt uploaded to S3 bucket sarcasm-analysis-bucket-a36ce5c665c4c706
LOCAL 2024-02-11 16:41:22 INFO  SQSHandler:73 - Sent message to https://sqs.us-east-1.amazonaws.com/767398090493/localToManagerQueue-a36ce5c665c4c706
LOCAL 2024-02-11 16:41:22 INFO  LocalApp:79 - Sent task to manager: test-input2.txt for inputIndex 1 with 10 reviews per worker
LOCAL 2024-02-11 16:41:23 INFO  EC2Handler:81 - Manager instance does not exist
LOCAL 2024-02-11 16:41:23 INFO  EC2Handler:87 - Creating manager instance
LOCAL 2024-02-11 16:41:25 INFO  EC2Handler:33 - Successfully started EC2 instance i-00af0e190e1101ef7 based on AMI ami-00e95a9222311e8ed
LOCAL 2024-02-11 16:41:25 INFO  LocalApp:86 - Polling for responses from manager
LOCAL 2024-02-11 16:41:25 INFO  SQSHandler:77 - Polling messages from https://sqs.us-east-1.amazonaws.com/767398090493/managerToLocalQueue-a36ce5c665c4c706
LOCAL 2024-02-11 16:41:45 INFO  LocalApp:86 - Polling for responses from manager
LOCAL 2024-02-11 16:41:45 INFO  SQSHandler:77 - Polling messages from https://sqs.us-east-1.amazonaws.com/767398090493/managerToLocalQueue-a36ce5c665c4c706
LOCAL 2024-02-11 16:42:05 INFO  LocalApp:86 - Polling for responses from manager
LOCAL 2024-02-11 16:42:05 INFO  SQSHandler:77 - Polling messages from https://sqs.us-east-1.amazonaws.com/767398090493/managerToLocalQueue-a36ce5c665c4c706
LOCAL 2024-02-11 16:42:25 INFO  LocalApp:86 - Polling for responses from manager
LOCAL 2024-02-11 16:42:25 INFO  SQSHandler:77 - Polling messages from https://sqs.us-east-1.amazonaws.com/767398090493/managerToLocalQueue-a36ce5c665c4c706
