LOCAL 2024-02-11 21:50:01 INFO  LocalApp:32 - LocalApp started with id 94105e2d2cee0609
LOCAL 2024-02-11 21:50:01 INFO  LocalApp:36 - LocalAppEnv created
LOCAL 2024-02-11 21:50:03 INFO  S3Handler:24 - S3 bucket sarcasm-analysis-bucket-94105e2d2cee0609 created
LOCAL 2024-02-11 21:50:04 INFO  SQSHandler:19 - Queue localToManagerQueue-94105e2d2cee0609 created
LOCAL 2024-02-11 21:50:05 INFO  SQSHandler:19 - Queue managerToLocalQueue-94105e2d2cee0609 created
LOCAL 2024-02-11 21:50:06 INFO  S3Handler:42 - File input1.txt uploaded to S3 bucket sarcasm-analysis-bucket-94105e2d2cee0609
LOCAL 2024-02-11 21:50:07 INFO  SQSHandler:73 - Sent message to https://sqs.us-east-1.amazonaws.com/767398090493/localToManagerQueue-94105e2d2cee0609
LOCAL 2024-02-11 21:50:07 INFO  LocalApp:85 - Sent task to manager: input1.txt for inputIndex 0 with 200 reviews per worker
LOCAL 2024-02-11 21:50:07 INFO  S3Handler:42 - File input2.txt uploaded to S3 bucket sarcasm-analysis-bucket-94105e2d2cee0609
LOCAL 2024-02-11 21:50:08 INFO  SQSHandler:73 - Sent message to https://sqs.us-east-1.amazonaws.com/767398090493/localToManagerQueue-94105e2d2cee0609
LOCAL 2024-02-11 21:50:08 INFO  LocalApp:85 - Sent task to manager: input2.txt for inputIndex 1 with 200 reviews per worker
LOCAL 2024-02-11 21:50:09 INFO  EC2Handler:87 - Manager instance does not exist
LOCAL 2024-02-11 21:50:09 INFO  EC2Handler:93 - Creating manager instance
LOCAL 2024-02-11 21:50:11 INFO  EC2Handler:33 - Successfully started EC2 instance i-02c5142a7a4d693d5 based on AMI ami-00e95a9222311e8ed
LOCAL 2024-02-11 21:50:11 INFO  LocalApp:92 - Polling for responses from manager
LOCAL 2024-02-11 21:50:31 INFO  LocalApp:92 - Polling for responses from manager
LOCAL 2024-02-11 21:50:52 INFO  LocalApp:92 - Polling for responses from manager
LOCAL 2024-02-11 21:51:12 INFO  LocalApp:92 - Polling for responses from manager
LOCAL 2024-02-11 21:51:32 INFO  LocalApp:92 - Polling for responses from manager
LOCAL 2024-02-11 21:51:52 INFO  LocalApp:92 - Polling for responses from manager
LOCAL 2024-02-11 21:52:12 INFO  LocalApp:92 - Polling for responses from manager
LOCAL 2024-02-11 21:52:33 INFO  LocalApp:92 - Polling for responses from manager
