LOCAL 2024-02-11 21:10:45 INFO  LocalApp:32 - LocalApp started with id 80930a0bab143223
LOCAL 2024-02-11 21:10:45 INFO  LocalApp:36 - LocalAppEnv created
LOCAL 2024-02-11 21:10:49 INFO  S3Handler:24 - S3 bucket sarcasm-analysis-bucket-80930a0bab143223 created
LOCAL 2024-02-11 21:10:50 INFO  SQSHandler:19 - Queue localToManagerQueue-80930a0bab143223 created
LOCAL 2024-02-11 21:10:50 INFO  SQSHandler:19 - Queue managerToLocalQueue-80930a0bab143223 created
LOCAL 2024-02-11 21:10:54 INFO  S3Handler:42 - File input4.txt uploaded to S3 bucket sarcasm-analysis-bucket-80930a0bab143223
LOCAL 2024-02-11 21:10:54 INFO  SQSHandler:73 - Sent message to https://sqs.us-east-1.amazonaws.com/767398090493/localToManagerQueue-80930a0bab143223
LOCAL 2024-02-11 21:10:54 INFO  LocalApp:85 - Sent task to manager: input4.txt for inputIndex 0 with 100 reviews per worker
LOCAL 2024-02-11 21:10:54 INFO  LocalApp:92 - Polling for responses from manager
LOCAL 2024-02-11 21:11:15 INFO  LocalApp:92 - Polling for responses from manager
LOCAL 2024-02-11 21:11:35 INFO  LocalApp:92 - Polling for responses from manager
LOCAL 2024-02-11 21:11:55 INFO  LocalApp:92 - Polling for responses from manager
LOCAL 2024-02-11 21:12:15 INFO  LocalApp:92 - Polling for responses from manager
LOCAL 2024-02-11 21:12:35 INFO  LocalApp:92 - Polling for responses from manager
LOCAL 2024-02-11 21:12:55 INFO  LocalApp:92 - Polling for responses from manager
LOCAL 2024-02-11 21:13:16 INFO  LocalApp:92 - Polling for responses from manager
LOCAL 2024-02-11 21:13:36 INFO  LocalApp:92 - Polling for responses from manager
LOCAL 2024-02-11 21:13:56 INFO  LocalApp:92 - Polling for responses from manager
LOCAL 2024-02-11 21:14:16 INFO  LocalApp:92 - Polling for responses from manager
LOCAL 2024-02-11 21:14:36 INFO  LocalApp:92 - Polling for responses from manager
LOCAL 2024-02-11 21:14:56 INFO  LocalApp:92 - Polling for responses from manager
LOCAL 2024-02-11 21:15:17 INFO  LocalApp:92 - Polling for responses from manager
LOCAL 2024-02-11 21:15:37 INFO  LocalApp:92 - Polling for responses from manager
LOCAL 2024-02-11 21:15:57 INFO  LocalApp:92 - Polling for responses from manager
LOCAL 2024-02-11 21:16:18 INFO  LocalApp:92 - Polling for responses from manager
LOCAL 2024-02-11 21:16:38 INFO  LocalApp:92 - Polling for responses from manager
LOCAL 2024-02-11 21:16:58 INFO  LocalApp:92 - Polling for responses from manager
LOCAL 2024-02-11 21:17:18 INFO  LocalApp:92 - Polling for responses from manager
LOCAL 2024-02-11 21:17:38 INFO  LocalApp:92 - Polling for responses from manager
LOCAL 2024-02-11 21:17:58 INFO  LocalApp:92 - Polling for responses from manager
LOCAL 2024-02-11 21:18:19 INFO  LocalApp:92 - Polling for responses from manager
LOCAL 2024-02-11 21:18:39 INFO  LocalApp:92 - Polling for responses from manager
LOCAL 2024-02-11 21:18:59 INFO  LocalApp:92 - Polling for responses from manager
LOCAL 2024-02-11 21:19:20 INFO  LocalApp:92 - Polling for responses from manager
LOCAL 2024-02-11 21:19:40 INFO  LocalApp:92 - Polling for responses from manager
LOCAL 2024-02-11 21:20:00 INFO  LocalApp:92 - Polling for responses from manager
LOCAL 2024-02-11 21:20:20 INFO  LocalApp:92 - Polling for responses from manager
LOCAL 2024-02-11 21:20:40 INFO  LocalApp:92 - Polling for responses from manager
LOCAL 2024-02-11 21:21:00 INFO  LocalApp:92 - Polling for responses from manager
LOCAL 2024-02-11 21:21:21 INFO  LocalApp:92 - Polling for responses from manager
LOCAL 2024-02-11 21:21:41 INFO  LocalApp:92 - Polling for responses from manager
LOCAL 2024-02-11 21:22:01 INFO  LocalApp:92 - Polling for responses from manager
LOCAL 2024-02-11 21:22:21 INFO  LocalApp:92 - Polling for responses from manager
LOCAL 2024-02-11 21:22:41 INFO  LocalApp:92 - Polling for responses from manager
LOCAL 2024-02-11 21:23:01 INFO  LocalApp:92 - Polling for responses from manager
LOCAL 2024-02-11 21:23:22 INFO  LocalApp:92 - Polling for responses from manager
LOCAL 2024-02-11 21:23:42 INFO  LocalApp:92 - Polling for responses from manager
LOCAL 2024-02-11 21:24:02 INFO  LocalApp:92 - Polling for responses from manager
LOCAL 2024-02-11 21:24:23 INFO  LocalApp:92 - Polling for responses from manager
LOCAL 2024-02-11 21:24:27 INFO  LocalApp:104 - Received response from manager: 80930a0bab143223::done::80930a0bab143223-summary-0::0
LOCAL 2024-02-11 21:24:27 INFO  LocalApp:26 - LocalAppTask started
LOCAL 2024-02-11 21:24:27 INFO  S3Handler:56 - Downloading file 80930a0bab143223-summary-0 from S3 bucket sarcasm-analysis-bucket-80930a0bab143223
LOCAL 2024-02-11 21:24:28 INFO  LocalApp:33 - Received summary file from S3
LOCAL 2024-02-11 21:24:28 INFO  LocalApp:60 - Added review R1BAZR89AW4GCW to summary
LOCAL 2024-02-11 21:24:28 INFO  LocalApp:60 - Added review R2LJ75KUSZW43L to summary
LOCAL 2024-02-11 21:24:28 INFO  LocalApp:60 - Added review R2TZ5939M4Z71 to summary
LOCAL 2024-02-11 21:24:28 INFO  LocalApp:60 - Added review R15QHAQQ7KNX0C to summary
LOCAL 2024-02-11 21:24:28 INFO  LocalApp:60 - Added review R2TRFW8811UBB8 to summary
LOCAL 2024-02-11 21:24:28 INFO  LocalApp:60 - Added review R229XBJFYDTF39 to summary
LOCAL 2024-02-11 21:24:28 INFO  LocalApp:60 - Added review R15VRLC9S2AKVA to summary
LOCAL 2024-02-11 21:24:28 INFO  LocalApp:60 - Added review R2CNDNDP9XB0XE to summary
LOCAL 2024-02-11 21:24:28 INFO  LocalApp:60 - Added review R2UJOMISHXCKA9 to summary
LOCAL 2024-02-11 21:24:28 INFO  LocalApp:60 - Added review R10D7J1NEI36R2 to summary
LOCAL 2024-02-11 21:24:28 INFO  LocalApp:60 - Added review R6YDI2512EBLO to summary
LOCAL 2024-02-11 21:24:28 INFO  LocalApp:60 - Added review R3U42MT6PEXLL5 to summary
LOCAL 2024-02-11 21:24:28 INFO  LocalApp:60 - Added review R1MTHVPNHR75HD to summary
LOCAL 2024-02-11 21:24:28 INFO  LocalApp:60 - Added review R3KC02V10ED331 to summary
LOCAL 2024-02-11 21:24:28 INFO  LocalApp:60 - Added review R298VKH241HQZO to summary
LOCAL 2024-02-11 21:24:28 INFO  LocalApp:60 - Added review R2LS7ZITDQXU9B to summary
LOCAL 2024-02-11 21:24:28 INFO  LocalApp:60 - Added review R24SBF8A0QOZLM to summary
LOCAL 2024-02-11 21:24:28 INFO  LocalApp:60 - Added review R1MQFUH9ENZW1I to summary
LOCAL 2024-02-11 21:24:28 INFO  LocalApp:60 - Added review R1FMAMY8343N73 to summary
LOCAL 2024-02-11 21:24:28 INFO  LocalApp:60 - Added review R36QX3N00LBY8T to summary
LOCAL 2024-02-11 21:24:28 INFO  LocalApp:60 - Added review R3EXYWVXI8V06H to summary
LOCAL 2024-02-11 21:24:28 INFO  LocalApp:60 - Added review R1HAW75BU11OBQ to summary
LOCAL 2024-02-11 21:24:28 INFO  LocalApp:60 - Added review R1DA1IVISZGNBY to summary
LOCAL 2024-02-11 21:24:28 INFO  LocalApp:60 - Added review R39LIK5G2FD7WO to summary
LOCAL 2024-02-11 21:24:28 INFO  LocalApp:60 - Added review R2MY6Z3GP9FU2G to summary
LOCAL 2024-02-11 21:24:28 INFO  LocalApp:60 - Added review R2JYN1I9ET59BH to summary
LOCAL 2024-02-11 21:24:28 INFO  LocalApp:60 - Added review RFF4QU1GAVCQS to summary
LOCAL 2024-02-11 21:24:28 INFO  LocalApp:60 - Added review R35RCI4X7DTNOM to summary
LOCAL 2024-02-11 21:24:28 INFO  LocalApp:60 - Added review R29CM6S96RG40S to summary
LOCAL 2024-02-11 21:24:28 INFO  LocalApp:60 - Added review R1H6HUJOPXPPDN to summary
LOCAL 2024-02-11 21:24:28 INFO  LocalApp:60 - Added review R29A6BIUW08BRV to summary
LOCAL 2024-02-11 21:24:28 INFO  LocalApp:60 - Added review R2PQ8GHYTC732I to summary
LOCAL 2024-02-11 21:24:28 INFO  LocalApp:60 - Added review R2X153EHX4OMHM to summary
LOCAL 2024-02-11 21:24:28 INFO  LocalApp:60 - Added review R4CI1YYCW6HXF to summary
LOCAL 2024-02-11 21:24:28 INFO  LocalApp:60 - Added review RQG0HPR6A8H8J to summary
LOCAL 2024-02-11 21:24:28 INFO  LocalApp:60 - Added review RYR2W2TEMEL1L to summary
LOCAL 2024-02-11 21:24:28 INFO  LocalApp:60 - Added review RZJRXYESADE31 to summary
LOCAL 2024-02-11 21:24:28 INFO  LocalApp:60 - Added review R1UQPTD2VN97NK to summary
LOCAL 2024-02-11 21:24:28 INFO  LocalApp:60 - Added review RJJAKDLS7ZKYG to summary
LOCAL 2024-02-11 21:24:28 INFO  LocalApp:60 - Added review R2KJMPU2G47FU4 to summary
LOCAL 2024-02-11 21:24:28 INFO  LocalApp:60 - Added review R215FN7P4GATLM to summary
LOCAL 2024-02-11 21:24:28 INFO  LocalApp:60 - Added review R2MIHPKRTN24NM to summary
LOCAL 2024-02-11 21:24:28 INFO  LocalApp:60 - Added review R16HDN034ERRX5 to summary
LOCAL 2024-02-11 21:24:28 INFO  LocalApp:60 - Added review R2K6FX313UUNY4 to summary
LOCAL 2024-02-11 21:24:28 INFO  LocalApp:60 - Added review R3L9OZZTT1632E to summary
LOCAL 2024-02-11 21:24:28 INFO  LocalApp:60 - Added review RNMX0W7XT4GR3 to summary
LOCAL 2024-02-11 21:24:28 INFO  LocalApp:60 - Added review R2IKDPTJH7WGZI to summary
LOCAL 2024-02-11 21:24:28 INFO  LocalApp:60 - Added review R4MNRHMIWXQ3O to summary
LOCAL 2024-02-11 21:24:28 INFO  LocalApp:60 - Added review R19VF906VTUBFI to summary
LOCAL 2024-02-11 21:24:28 INFO  LocalApp:60 - Added review R2A2JOUT1V296H to summary
LOCAL 2024-02-11 21:24:28 INFO  LocalApp:60 - Added review RYAGCGWLNAUW5 to summary
LOCAL 2024-02-11 21:24:28 INFO  LocalApp:60 - Added review R2FXZJQ9UEBW5B to summary
LOCAL 2024-02-11 21:24:28 INFO  LocalApp:60 - Added review R37PU69JLZ94QO to summary
LOCAL 2024-02-11 21:24:28 INFO  LocalApp:60 - Added review RNUX3O5A6VENG to summary
LOCAL 2024-02-11 21:24:28 INFO  LocalApp:60 - Added review R16OCYOBPH2COB to summary
LOCAL 2024-02-11 21:24:28 INFO  LocalApp:60 - Added review R1DWWZF9ONB8B3 to summary
LOCAL 2024-02-11 21:24:28 INFO  LocalApp:60 - Added review R30W5MV14HLQS8 to summary
LOCAL 2024-02-11 21:24:28 INFO  LocalApp:60 - Added review R36HZDTOVF455W to summary
LOCAL 2024-02-11 21:24:28 INFO  LocalApp:60 - Added review RFAZZPJ87DNLM to summary
LOCAL 2024-02-11 21:24:28 INFO  LocalApp:60 - Added review R1X5C2DGRQ6XDN to summary
LOCAL 2024-02-11 21:24:28 INFO  LocalApp:60 - Added review R1FMRQEK3MP6YA to summary
LOCAL 2024-02-11 21:24:28 INFO  LocalApp:60 - Added review R219Q6D24WOB8A to summary
LOCAL 2024-02-11 21:24:28 INFO  LocalApp:60 - Added review R1EWH4JB3I2MZG to summary
LOCAL 2024-02-11 21:24:28 INFO  LocalApp:60 - Added review R2UT5AOS96UYAK to summary
LOCAL 2024-02-11 21:24:28 INFO  LocalApp:60 - Added review R3T6TX0DHA613X to summary
LOCAL 2024-02-11 21:24:28 INFO  LocalApp:60 - Added review RDXFKIE4LIL4A to summary
LOCAL 2024-02-11 21:24:28 INFO  LocalApp:60 - Added review R29LVP2EBC2ZIM to summary
LOCAL 2024-02-11 21:24:28 INFO  LocalApp:60 - Added review R25O7K1V9N5TC7 to summary
LOCAL 2024-02-11 21:24:28 INFO  LocalApp:60 - Added review R1TNK8284EFVZ4 to summary
LOCAL 2024-02-11 21:24:28 INFO  LocalApp:60 - Added review RVWAYV1XL8TIR to summary
LOCAL 2024-02-11 21:24:28 INFO  LocalApp:60 - Added review RVT51J4MLF51 to summary
LOCAL 2024-02-11 21:24:28 INFO  LocalApp:60 - Added review R30CP1RHJ35K6J to summary
LOCAL 2024-02-11 21:24:28 INFO  LocalApp:60 - Added review R2MBI7OUR16VYM to summary
LOCAL 2024-02-11 21:24:28 INFO  LocalApp:60 - Added review R1OXU12ZDJAVG1 to summary
LOCAL 2024-02-11 21:24:28 INFO  LocalApp:60 - Added review R3FHOZGAZ69THT to summary
LOCAL 2024-02-11 21:24:28 INFO  LocalApp:60 - Added review R223MC8TG3YG1T to summary
LOCAL 2024-02-11 21:24:28 INFO  LocalApp:60 - Added review R2POYC2860CH6H to summary
LOCAL 2024-02-11 21:24:28 INFO  LocalApp:60 - Added review RILH517WZA4UU to summary
LOCAL 2024-02-11 21:24:28 INFO  LocalApp:60 - Added review R2JYN5LLWUJWPE to summary
LOCAL 2024-02-11 21:24:28 INFO  LocalApp:60 - Added review ROEGTL6ZIL367 to summary
LOCAL 2024-02-11 21:24:28 INFO  LocalApp:60 - Added review RHNZHP3CAG0GU to summary
LOCAL 2024-02-11 21:24:28 INFO  LocalApp:60 - Added review R1FNQ3PCC5ZKKJ to summary
LOCAL 2024-02-11 21:24:28 INFO  LocalApp:60 - Added review RNUM8GG7KABWF to summary
LOCAL 2024-02-11 21:24:28 INFO  LocalApp:60 - Added review RKYIM3APOJ7TZ to summary
LOCAL 2024-02-11 21:24:28 INFO  LocalApp:60 - Added review R1AN0IYE4KG5B6 to summary
LOCAL 2024-02-11 21:24:28 INFO  LocalApp:60 - Added review R2LRDQPC425O32 to summary
LOCAL 2024-02-11 21:24:28 INFO  LocalApp:60 - Added review R1HAZDGUHTR87X to summary
LOCAL 2024-02-11 21:24:28 INFO  LocalApp:60 - Added review R2QGHFDXXC8FXM to summary
LOCAL 2024-02-11 21:24:28 INFO  LocalApp:60 - Added review R10ARJ6L1RX5ZU to summary
LOCAL 2024-02-11 21:24:28 INFO  LocalApp:60 - Added review R27RB68YEFLBIE to summary
LOCAL 2024-02-11 21:24:28 INFO  LocalApp:60 - Added review R32KKI4EZMXBC7 to summary
LOCAL 2024-02-11 21:24:28 INFO  LocalApp:60 - Added review R41GQI1RJ0QQ2 to summary
LOCAL 2024-02-11 21:24:28 INFO  LocalApp:60 - Added review RPCE2H69JIRVI to summary
LOCAL 2024-02-11 21:24:28 INFO  LocalApp:60 - Added review R3CMJP39M4YPJ7 to summary
LOCAL 2024-02-11 21:24:28 INFO  LocalApp:60 - Added review RDS5DOPN1990E to summary
LOCAL 2024-02-11 21:24:28 INFO  LocalApp:60 - Added review R2ZKSD136VGIEK to summary
LOCAL 2024-02-11 21:24:28 INFO  LocalApp:60 - Added review RMXHQJ3E6VPHC to summary
LOCAL 2024-02-11 21:24:28 INFO  LocalApp:60 - Added review R14L71R5NM2J2Z to summary
LOCAL 2024-02-11 21:24:28 INFO  LocalApp:60 - Added review RJNYK4SB3WTOI to summary
LOCAL 2024-02-11 21:24:28 INFO  LocalApp:60 - Added review R2G7FLZKXFP5TF to summary
LOCAL 2024-02-11 21:24:28 INFO  LocalApp:60 - Added review R18YES8HAIJ34K to summary
LOCAL 2024-02-11 21:24:28 INFO  LocalApp:60 - Added review R1F4EZ2BOAKX10 to summary
LOCAL 2024-02-11 21:24:28 INFO  LocalApp:60 - Added review R1964BGL7O15EA to summary
LOCAL 2024-02-11 21:24:28 INFO  LocalApp:60 - Added review R8SOGCT7TXZAT to summary
LOCAL 2024-02-11 21:24:28 INFO  LocalApp:60 - Added review R16AET8J5YAKWQ to summary
LOCAL 2024-02-11 21:24:28 INFO  LocalApp:60 - Added review RG9ZIGJXCN4TG to summary
LOCAL 2024-02-11 21:24:28 INFO  LocalApp:60 - Added review R3B2RKMWCWZ7Y9 to summary
LOCAL 2024-02-11 21:24:28 INFO  LocalApp:60 - Added review RGRU36OZKAEHY to summary
LOCAL 2024-02-11 21:24:28 INFO  LocalApp:60 - Added review R2K2CTSWH5H01H to summary
LOCAL 2024-02-11 21:24:28 INFO  LocalApp:60 - Added review R47HAWHHDXE5D to summary
LOCAL 2024-02-11 21:24:28 INFO  LocalApp:60 - Added review R32H7YIY4I2E49 to summary
LOCAL 2024-02-11 21:24:28 INFO  LocalApp:60 - Added review R3P1XFR6NQ553R to summary
LOCAL 2024-02-11 21:24:28 INFO  LocalApp:60 - Added review R3KQ70967X985T to summary
LOCAL 2024-02-11 21:24:28 INFO  LocalApp:60 - Added review R13S78A3DRFLT0 to summary
LOCAL 2024-02-11 21:24:28 INFO  LocalApp:60 - Added review R2QS2D5RPD5P8N to summary
LOCAL 2024-02-11 21:24:28 INFO  LocalApp:60 - Added review R2ELMETK2MQ668 to summary
LOCAL 2024-02-11 21:24:28 INFO  LocalApp:60 - Added review R3ATS0XTX24TWC to summary
LOCAL 2024-02-11 21:24:28 INFO  LocalApp:60 - Added review R155F2E0Q23JKI to summary
LOCAL 2024-02-11 21:24:28 INFO  LocalApp:60 - Added review R12ZO9ZVNNQUQ8 to summary
LOCAL 2024-02-11 21:24:28 INFO  LocalApp:60 - Added review R1BR4N0E8IZ87P to summary
LOCAL 2024-02-11 21:24:28 INFO  LocalApp:60 - Added review R1K6WHTZ2IWVEF to summary
LOCAL 2024-02-11 21:24:28 INFO  LocalApp:60 - Added review R3KU0Y18GX7DXS to summary
LOCAL 2024-02-11 21:24:28 INFO  LocalApp:60 - Added review R2PWV5GNRKFKLI to summary
LOCAL 2024-02-11 21:24:28 INFO  LocalApp:60 - Added review R25C9T2HCXYU4P to summary
LOCAL 2024-02-11 21:24:28 INFO  LocalApp:60 - Added review R1HIWT1AGV86KQ to summary
LOCAL 2024-02-11 21:24:28 INFO  LocalApp:60 - Added review R1FTP2JJQQG49R to summary
LOCAL 2024-02-11 21:24:28 INFO  LocalApp:60 - Added review R2F1TWTBS03Y18 to summary
LOCAL 2024-02-11 21:24:28 INFO  LocalApp:60 - Added review R31QR5RMM9RRMZ to summary
LOCAL 2024-02-11 21:24:28 INFO  LocalApp:60 - Added review R21VM0DFZOG04J to summary
LOCAL 2024-02-11 21:24:28 INFO  LocalApp:60 - Added review RA78XOHG1PE7T to summary
LOCAL 2024-02-11 21:24:28 INFO  LocalApp:60 - Added review R3V03QLP0ZR4OB to summary
LOCAL 2024-02-11 21:24:28 INFO  LocalApp:60 - Added review R2WSSW0EXMVQ1R to summary
LOCAL 2024-02-11 21:24:28 INFO  LocalApp:60 - Added review R3ATS0XTX24TWC to summary
LOCAL 2024-02-11 21:24:28 INFO  LocalApp:60 - Added review RI18K07U2FQXH to summary
LOCAL 2024-02-11 21:24:28 INFO  LocalApp:60 - Added review R2KJMPU2G47FU4 to summary
LOCAL 2024-02-11 21:24:28 INFO  LocalApp:60 - Added review R3IJ3IM70WWMFF to summary
LOCAL 2024-02-11 21:24:28 INFO  LocalApp:60 - Added review R2XAON4I83K3RK to summary
LOCAL 2024-02-11 21:24:28 INFO  LocalApp:60 - Added review R1Y9SOR3TBVH3G to summary
LOCAL 2024-02-11 21:24:28 INFO  LocalApp:60 - Added review R2YW9IM3LAM2AV to summary
LOCAL 2024-02-11 21:24:28 INFO  LocalApp:60 - Added review R1KDAARNILNLCC to summary
LOCAL 2024-02-11 21:24:28 INFO  LocalApp:60 - Added review R3DS93NGAJ1ZIJ to summary
LOCAL 2024-02-11 21:24:28 INFO  LocalApp:60 - Added review RV5JS5WN4GHT5 to summary
LOCAL 2024-02-11 21:24:28 INFO  LocalApp:60 - Added review R1LG0Q3UGHDVJZ to summary
LOCAL 2024-02-11 21:24:28 INFO  LocalApp:60 - Added review RSVFVEOKGUS7A to summary
LOCAL 2024-02-11 21:24:28 INFO  LocalApp:60 - Added review R1TNK8284EFVZ4 to summary
LOCAL 2024-02-11 21:24:28 INFO  LocalApp:60 - Added review R18J6ISULRU669 to summary
LOCAL 2024-02-11 21:24:28 INFO  LocalApp:60 - Added review R2IWSJDAPFZ9VM to summary
LOCAL 2024-02-11 21:24:28 INFO  LocalApp:60 - Added review R2F9KQ0Y4AQ9FB to summary
LOCAL 2024-02-11 21:24:28 INFO  LocalApp:60 - Added review R28DB5QGNFXPV7 to summary
LOCAL 2024-02-11 21:24:28 INFO  LocalApp:60 - Added review R2GLCL9F236VQV to summary
LOCAL 2024-02-11 21:24:28 INFO  LocalApp:60 - Added review R10FCV4GUUXWR5 to summary
LOCAL 2024-02-11 21:24:28 INFO  LocalApp:60 - Added review R1KDAARNILNLCC to summary
LOCAL 2024-02-11 21:24:28 INFO  LocalApp:60 - Added review R29M3DI93T4M51 to summary
LOCAL 2024-02-11 21:24:28 INFO  LocalApp:60 - Added review R3MG6WHTK9DFWI to summary
LOCAL 2024-02-11 21:24:28 INFO  LocalApp:60 - Added review R2KH8A9DZL3268 to summary
LOCAL 2024-02-11 21:24:28 INFO  LocalApp:60 - Added review R1MNS3EGP6BC90 to summary
LOCAL 2024-02-11 21:24:28 INFO  LocalApp:60 - Added review R2PWV5GNRKFKLI to summary
LOCAL 2024-02-11 21:24:28 INFO  LocalApp:60 - Added review R334S2T0S5RJC8 to summary
LOCAL 2024-02-11 21:24:28 INFO  LocalApp:60 - Added review R3C2G0UTXALY0T to summary
LOCAL 2024-02-11 21:24:28 INFO  LocalApp:60 - Added review R25PBHTTVI652U to summary
LOCAL 2024-02-11 21:24:28 INFO  LocalApp:60 - Added review R31ED2BWE2NLDC to summary
LOCAL 2024-02-11 21:24:28 INFO  LocalApp:60 - Added review R19QN0FAJQ6HMC to summary
LOCAL 2024-02-11 21:24:28 INFO  LocalApp:60 - Added review RSVFVEOKGUS7A to summary
LOCAL 2024-02-11 21:24:28 INFO  LocalApp:60 - Added review R3DI8C96Y6WSC4 to summary
LOCAL 2024-02-11 21:24:28 INFO  LocalApp:60 - Added review R28PLBM97FKPWY to summary
LOCAL 2024-02-11 21:24:28 INFO  LocalApp:60 - Added review R2GZS81IOH1XJY to summary
LOCAL 2024-02-11 21:24:28 INFO  LocalApp:60 - Added review R30JIF1DJ7MOPG to summary
LOCAL 2024-02-11 21:24:28 INFO  LocalApp:60 - Added review R21GGIP6H1320S to summary
LOCAL 2024-02-11 21:24:28 INFO  LocalApp:60 - Added review R1R41E2HI9IU77 to summary
LOCAL 2024-02-11 21:24:28 INFO  LocalApp:60 - Added review RV5JS5WN4GHT5 to summary
LOCAL 2024-02-11 21:24:28 INFO  LocalApp:60 - Added review R25O7K1V9N5TC7 to summary
LOCAL 2024-02-11 21:24:28 INFO  LocalApp:60 - Added review R3MEW6I0AJ5MNZ to summary
LOCAL 2024-02-11 21:24:28 INFO  LocalApp:60 - Added review R3UI76Z4P4ZY7R to summary
LOCAL 2024-02-11 21:24:28 INFO  LocalApp:60 - Added review REHUKU9S27P0G to summary
LOCAL 2024-02-11 21:24:28 INFO  LocalApp:60 - Added review R11W1XNVDPJJBP to summary
LOCAL 2024-02-11 21:24:28 INFO  LocalApp:60 - Added review R16H2OEL7GO05H to summary
LOCAL 2024-02-11 21:24:28 INFO  LocalApp:60 - Added review R1G4OWFBJVVM0J to summary
LOCAL 2024-02-11 21:24:28 INFO  LocalApp:60 - Added review R2F6RD8A51CD4T to summary
LOCAL 2024-02-11 21:24:28 INFO  LocalApp:60 - Added review R1Y9SOR3TBVH3G to summary
LOCAL 2024-02-11 21:24:28 INFO  LocalApp:60 - Added review R37LPR89SW22Z7 to summary
LOCAL 2024-02-11 21:24:28 INFO  LocalApp:60 - Added review R3P1XFR6NQ553R to summary
LOCAL 2024-02-11 21:24:28 INFO  LocalApp:60 - Added review R13S78A3DRFLT0 to summary
LOCAL 2024-02-11 21:24:28 INFO  LocalApp:60 - Added review R2QS2D5RPD5P8N to summary
LOCAL 2024-02-11 21:24:28 INFO  LocalApp:60 - Added review R19TAJIRGWJ7D4 to summary
LOCAL 2024-02-11 21:24:28 INFO  LocalApp:60 - Added review R38OYXUKCI9YE4 to summary
LOCAL 2024-02-11 21:24:28 INFO  LocalApp:60 - Added review R33O2ANPJLOVTN to summary
LOCAL 2024-02-11 21:24:28 INFO  LocalApp:60 - Added review R1NMZFUPFEQALF to summary
LOCAL 2024-02-11 21:24:28 INFO  LocalApp:60 - Added review R3DS93NGAJ1ZIJ to summary
LOCAL 2024-02-11 21:24:28 INFO  LocalApp:60 - Added review R3QA16756Z1HCV to summary
LOCAL 2024-02-11 21:24:28 INFO  LocalApp:60 - Added review R2WSSW0EXMVQ1R to summary
LOCAL 2024-02-11 21:24:28 INFO  LocalApp:60 - Added review R2YW9IM3LAM2AV to summary
LOCAL 2024-02-11 21:24:28 INFO  LocalApp:60 - Added review R2KJMPU2G47FU4 to summary
LOCAL 2024-02-11 21:24:28 INFO  LocalApp:60 - Added review R2XAON4I83K3RK to summary
LOCAL 2024-02-11 21:24:28 INFO  LocalApp:60 - Added review R38RFBSTI6XHXR to summary
LOCAL 2024-02-11 21:24:28 INFO  LocalApp:60 - Added review R2B5SXZ6309KPN to summary
LOCAL 2024-02-11 21:24:28 INFO  LocalApp:60 - Added review R1T9OBR5KSASM7 to summary
LOCAL 2024-02-11 21:24:28 INFO  LocalApp:60 - Added review R2B8U1OUG819O7 to summary
LOCAL 2024-02-11 21:24:28 INFO  LocalApp:60 - Added review R1JECQSTRTFA0F to summary
LOCAL 2024-02-11 21:24:28 INFO  LocalApp:60 - Added review R2UJYYJTILQ2LG to summary
LOCAL 2024-02-11 21:24:28 INFO  LocalApp:60 - Added review R2LIGXAA6W3RHK to summary
LOCAL 2024-02-11 21:24:28 INFO  LocalApp:60 - Added review R1PXKS4CFIX8YS to summary
LOCAL 2024-02-11 21:24:28 INFO  LocalApp:60 - Added review RCVQLR8QXSYM3 to summary
LOCAL 2024-02-11 21:24:28 INFO  LocalApp:60 - Added review R11CLKZBIYULP to summary
LOCAL 2024-02-11 21:24:28 INFO  LocalApp:60 - Added review RRZ6ROCKIKHIQ to summary
LOCAL 2024-02-11 21:24:28 INFO  LocalApp:60 - Added review R1JBNLN5PI9ATZ to summary
LOCAL 2024-02-11 21:24:28 INFO  LocalApp:60 - Added review R23BWA95TBLW74 to summary
LOCAL 2024-02-11 21:24:28 INFO  LocalApp:60 - Added review R168ULSS1EC4TG to summary
LOCAL 2024-02-11 21:24:28 INFO  LocalApp:60 - Added review RISUUH3GSFGPP to summary
LOCAL 2024-02-11 21:24:28 INFO  LocalApp:60 - Added review R1EZ544Y3VGJRN to summary
LOCAL 2024-02-11 21:24:28 INFO  LocalApp:60 - Added review R3AK5790M57BTC to summary
LOCAL 2024-02-11 21:24:28 INFO  LocalApp:60 - Added review RJPA5WKRVJ8TG to summary
LOCAL 2024-02-11 21:24:28 INFO  LocalApp:60 - Added review R3JD7T6VAADI6V to summary
LOCAL 2024-02-11 21:24:28 INFO  LocalApp:60 - Added review R10CF26CVQFWAU to summary
LOCAL 2024-02-11 21:24:28 INFO  LocalApp:60 - Added review R1880EX02AS8OB to summary
LOCAL 2024-02-11 21:24:28 INFO  LocalApp:60 - Added review R3IYBQD24JO5HT to summary
LOCAL 2024-02-11 21:24:28 INFO  LocalApp:60 - Added review R2EKSJ6GA2PAEN to summary
LOCAL 2024-02-11 21:24:28 INFO  LocalApp:60 - Added review R1R1X0TN9OS7SH to summary
LOCAL 2024-02-11 21:24:28 INFO  LocalApp:60 - Added review R28UVJ7VHSBBZI to summary
LOCAL 2024-02-11 21:24:28 INFO  LocalApp:60 - Added review R1A8ZYV4SN8EAC to summary
LOCAL 2024-02-11 21:24:28 INFO  LocalApp:60 - Added review RYWDMWUM7UP4C to summary
LOCAL 2024-02-11 21:24:28 INFO  LocalApp:60 - Added review REVOIMEA8J9UC to summary
LOCAL 2024-02-11 21:24:28 INFO  LocalApp:60 - Added review R2IGVNKI4RQVKO to summary
LOCAL 2024-02-11 21:24:28 INFO  LocalApp:60 - Added review R3MG6WHTK9DFWI to summary
LOCAL 2024-02-11 21:24:28 INFO  LocalApp:60 - Added review R1HIWT1AGV86KQ to summary
LOCAL 2024-02-11 21:24:28 INFO  LocalApp:60 - Added review R2NDTHHI353TQK to summary
LOCAL 2024-02-11 21:24:28 INFO  LocalApp:60 - Added review R1LG0Q3UGHDVJZ to summary
LOCAL 2024-02-11 21:24:28 INFO  LocalApp:60 - Added review R2UJYYJTILQ2LG to summary
LOCAL 2024-02-11 21:24:28 INFO  LocalApp:60 - Added review RM5CBMHH305TN to summary
LOCAL 2024-02-11 21:24:28 INFO  LocalApp:60 - Added review R3IK3KD1X0WIQ2 to summary
LOCAL 2024-02-11 21:24:28 INFO  LocalApp:60 - Added review R2ELM09EN8G6QU to summary
LOCAL 2024-02-11 21:24:28 INFO  LocalApp:60 - Added review R2S21I2V7KXI3Z to summary
LOCAL 2024-02-11 21:24:28 INFO  LocalApp:60 - Added review R3HPRGJRDBHL1H to summary
LOCAL 2024-02-11 21:24:28 INFO  LocalApp:60 - Added review R18J6ISULRU669 to summary
LOCAL 2024-02-11 21:24:28 INFO  LocalApp:60 - Added review R2IWSJDAPFZ9VM to summary
LOCAL 2024-02-11 21:24:28 INFO  LocalApp:60 - Added review ROELF03O1Y2VB to summary
LOCAL 2024-02-11 21:24:28 INFO  LocalApp:60 - Added review R4NEQ2HQOE48G to summary
LOCAL 2024-02-11 21:24:28 INFO  LocalApp:60 - Added review R25C9T2HCXYU4P to summary
LOCAL 2024-02-11 21:24:28 INFO  LocalApp:60 - Added review R10C1IC229KRZ5 to summary
LOCAL 2024-02-11 21:24:28 INFO  LocalApp:60 - Added review R32H7YIY4I2E49 to summary
LOCAL 2024-02-11 21:24:28 INFO  LocalApp:60 - Added review RSR3TZU6WLG2 to summary
LOCAL 2024-02-11 21:24:28 INFO  LocalApp:60 - Added review R16KRLC0HAMQ5 to summary
LOCAL 2024-02-11 21:24:28 INFO  LocalApp:60 - Added review R245LTU7MEDJLX to summary
LOCAL 2024-02-11 21:24:28 INFO  LocalApp:60 - Added review RRGBBUEEND1Y0 to summary
LOCAL 2024-02-11 21:24:28 INFO  LocalApp:60 - Added review R3DI8C96Y6WSC4 to summary
LOCAL 2024-02-11 21:24:28 INFO  LocalApp:60 - Added review R11W1XNVDPJJBP to summary
LOCAL 2024-02-11 21:24:28 INFO  LocalApp:60 - Added review RTNHFOXEFUVBQ to summary
LOCAL 2024-02-11 21:24:28 INFO  LocalApp:60 - Added review RDD9SW7D9E3VM to summary
LOCAL 2024-02-11 21:24:28 INFO  LocalApp:60 - Added review RERZJZWNPMK49 to summary
LOCAL 2024-02-11 21:24:28 INFO  LocalApp:60 - Added review R2OKCSQ2NYCYUW to summary
LOCAL 2024-02-11 21:24:28 INFO  LocalApp:60 - Added review R33GMF2JT2HI0K to summary
LOCAL 2024-02-11 21:24:28 INFO  LocalApp:60 - Added review R2KL5TZJW68QH8 to summary
LOCAL 2024-02-11 21:24:28 INFO  LocalApp:60 - Added review R3EHVBJLJ86J5B to summary
LOCAL 2024-02-11 21:24:28 INFO  LocalApp:60 - Added review R3O3VNIPX1N7HS to summary
LOCAL 2024-02-11 21:24:28 INFO  LocalApp:60 - Added review R3V03QLP0ZR4OB to summary
LOCAL 2024-02-11 21:24:28 INFO  LocalApp:60 - Added review R1CKFFU33ZC1HU to summary
LOCAL 2024-02-11 21:24:28 INFO  LocalApp:60 - Added review R1CPPSHZWOJXPH to summary
LOCAL 2024-02-11 21:24:28 INFO  LocalApp:60 - Added review R39EAXTUTTOIMF to summary
LOCAL 2024-02-11 21:24:28 INFO  LocalApp:60 - Added review R11YUOZK02IGIO to summary
LOCAL 2024-02-11 21:24:28 INFO  LocalApp:60 - Added review R973ZFSA26XLB to summary
LOCAL 2024-02-11 21:24:28 INFO  LocalApp:60 - Added review RSMBOAHY459L3 to summary
LOCAL 2024-02-11 21:24:28 INFO  LocalApp:60 - Added review RSVFVEOKGUS7A to summary
LOCAL 2024-02-11 21:24:28 INFO  LocalApp:60 - Added review R23BWA95TBLW74 to summary
LOCAL 2024-02-11 21:24:28 INFO  LocalApp:60 - Added review R1P5DBMPBE17VT to summary
LOCAL 2024-02-11 21:24:28 INFO  LocalApp:60 - Added review R37LPR89SW22Z7 to summary
LOCAL 2024-02-11 21:24:28 INFO  LocalApp:60 - Added review R2IWSJDAPFZ9VM to summary
LOCAL 2024-02-11 21:24:28 INFO  LocalApp:60 - Added review R2GLCL9F236VQV to summary
LOCAL 2024-02-11 21:24:28 INFO  LocalApp:60 - Added review R25UNTLEJ0OK6K to summary
LOCAL 2024-02-11 21:24:28 INFO  LocalApp:60 - Added review RI18K07U2FQXH to summary
LOCAL 2024-02-11 21:24:28 INFO  LocalApp:60 - Added review R4S8LECBI9MYF to summary
LOCAL 2024-02-11 21:24:28 INFO  LocalApp:60 - Added review RAVJ8D8RG5FJO to summary
LOCAL 2024-02-11 21:24:28 INFO  LocalApp:60 - Added review R2G8S6VBA6NY2Q to summary
LOCAL 2024-02-11 21:24:28 INFO  LocalApp:60 - Added review R2878RVLAGISPQ to summary
LOCAL 2024-02-11 21:24:28 INFO  LocalApp:60 - Added review R1G1T9AXD3VRER to summary
LOCAL 2024-02-11 21:24:28 INFO  LocalApp:60 - Added review R1KDEZKHS10VCQ to summary
LOCAL 2024-02-11 21:24:28 INFO  LocalApp:60 - Added review R1MSYWLUSS2QEX to summary
LOCAL 2024-02-11 21:24:28 INFO  LocalApp:60 - Added review R3EHVBJLJ86J5B to summary
LOCAL 2024-02-11 21:24:28 INFO  LocalApp:60 - Added review R3KQ70967X985T to summary
LOCAL 2024-02-11 21:24:28 INFO  LocalApp:60 - Added review R3FKLSX2MLAJJV to summary
LOCAL 2024-02-11 21:24:28 INFO  LocalApp:60 - Added review REHUKU9S27P0G to summary
LOCAL 2024-02-11 21:24:28 INFO  LocalApp:60 - Added review R3JD7T6VAADI6V to summary
LOCAL 2024-02-11 21:24:28 INFO  LocalApp:60 - Added review RDD9SW7D9E3VM to summary
LOCAL 2024-02-11 21:24:28 INFO  LocalApp:60 - Added review R2QQG8M0PIPQW to summary
LOCAL 2024-02-11 21:24:28 INFO  LocalApp:60 - Added review RVA4QMZNLZ38O to summary
LOCAL 2024-02-11 21:24:28 INFO  LocalApp:60 - Added review RMJJUX3YJF2UI to summary
LOCAL 2024-02-11 21:24:28 INFO  LocalApp:60 - Added review RDXR7CWF3X7SW to summary
LOCAL 2024-02-11 21:24:28 INFO  LocalApp:60 - Added review R3LK84JXOSETS1 to summary
LOCAL 2024-02-11 21:24:28 INFO  LocalApp:60 - Added review R3KU0Y18GX7DXS to summary
LOCAL 2024-02-11 21:24:28 INFO  LocalApp:60 - Added review RONA29TOQS2EF to summary
LOCAL 2024-02-11 21:24:28 INFO  LocalApp:60 - Added review R3K79OSFA3QBHE to summary
LOCAL 2024-02-11 21:24:28 INFO  LocalApp:60 - Added review R2132Q6BW4AAEM to summary
LOCAL 2024-02-11 21:24:28 INFO  LocalApp:60 - Added review R3IK3KD1X0WIQ2 to summary
LOCAL 2024-02-11 21:24:28 INFO  LocalApp:60 - Added review R3V03QLP0ZR4OB to summary
LOCAL 2024-02-11 21:24:28 INFO  LocalApp:60 - Added review R268WIYUD8HFYM to summary
LOCAL 2024-02-11 21:24:28 INFO  LocalApp:60 - Added review R38RFBSTI6XHXR to summary
LOCAL 2024-02-11 21:24:28 INFO  LocalApp:60 - Added review R2UJYYJTILQ2LG to summary
LOCAL 2024-02-11 21:24:28 INFO  LocalApp:60 - Added review R2LIGXAA6W3RHK to summary
LOCAL 2024-02-11 21:24:28 INFO  LocalApp:60 - Added review R1JECQSTRTFA0F to summary
LOCAL 2024-02-11 21:24:28 INFO  LocalApp:60 - Added review R1HTBZ0A4DYFY9 to summary
LOCAL 2024-02-11 21:24:28 INFO  LocalApp:60 - Added review R1PBQLIQDPMQVC to summary
LOCAL 2024-02-11 21:24:28 INFO  LocalApp:60 - Added review R1MSYWLUSS2QEX to summary
LOCAL 2024-02-11 21:24:28 INFO  LocalApp:60 - Added review R154O594YST360 to summary
LOCAL 2024-02-11 21:24:28 INFO  LocalApp:60 - Added review R1FMXMWKDICKRU to summary
LOCAL 2024-02-11 21:24:28 INFO  LocalApp:60 - Added review R1K6WHTZ2IWVEF to summary
LOCAL 2024-02-11 21:24:28 INFO  LocalApp:60 - Added review R35G41WODWBJ8P to summary
LOCAL 2024-02-11 21:24:28 INFO  LocalApp:60 - Added review RZVNOT7GZQ35A to summary
LOCAL 2024-02-11 21:24:28 INFO  LocalApp:60 - Added review RCKKY3S3JY8GG to summary
LOCAL 2024-02-11 21:24:28 INFO  LocalApp:60 - Added review R32H7YIY4I2E49 to summary
LOCAL 2024-02-11 21:24:28 INFO  LocalApp:60 - Added review R3UI76Z4P4ZY7R to summary
LOCAL 2024-02-11 21:24:28 INFO  LocalApp:60 - Added review R1HHL52NDVIHAZ to summary
LOCAL 2024-02-11 21:24:28 INFO  LocalApp:60 - Added review R1880EX02AS8OB to summary
LOCAL 2024-02-11 21:24:28 INFO  LocalApp:60 - Added review R2KL5TZJW68QH8 to summary
LOCAL 2024-02-11 21:24:28 INFO  LocalApp:60 - Added review R19QN0FAJQ6HMC to summary
LOCAL 2024-02-11 21:24:28 INFO  LocalApp:60 - Added review R109H0GU7YD0HW to summary
LOCAL 2024-02-11 21:24:28 INFO  LocalApp:60 - Added review RYWDMWUM7UP4C to summary
LOCAL 2024-02-11 21:24:28 INFO  LocalApp:60 - Added review RIE6EPQY5ALC6 to summary
LOCAL 2024-02-11 21:24:28 INFO  LocalApp:60 - Added review R2KH8A9DZL3268 to summary
LOCAL 2024-02-11 21:24:28 INFO  LocalApp:60 - Added review R16OGWA7JAHWNB to summary
LOCAL 2024-02-11 21:24:28 INFO  LocalApp:60 - Added review R2NDTHHI353TQK to summary
LOCAL 2024-02-11 21:24:28 INFO  LocalApp:60 - Added review R3MTHQSQAQDV7K to summary
LOCAL 2024-02-11 21:24:28 INFO  LocalApp:60 - Added review RZDH975VAURWG to summary
LOCAL 2024-02-11 21:24:28 INFO  LocalApp:60 - Added review RC34FMLCNM8VA to summary
LOCAL 2024-02-11 21:24:28 INFO  LocalApp:60 - Added review R3IPZ77QUB7G0S to summary
LOCAL 2024-02-11 21:24:28 INFO  LocalApp:60 - Added review R1318N482171W2 to summary
LOCAL 2024-02-11 21:24:28 INFO  LocalApp:60 - Added review RM5CBMHH305TN to summary
LOCAL 2024-02-11 21:24:28 INFO  LocalApp:60 - Added review R2QQG8M0PIPQW to summary
LOCAL 2024-02-11 21:24:28 INFO  LocalApp:60 - Added review R4SUWX46J6SQ4 to summary
LOCAL 2024-02-11 21:24:28 INFO  LocalApp:60 - Added review R3MY67Y9UZRCL6 to summary
LOCAL 2024-02-11 21:24:28 INFO  LocalApp:60 - Added review R1CCN261JK76T to summary
LOCAL 2024-02-11 21:24:28 INFO  LocalApp:60 - Added review R3SY8NQQGGA550 to summary
LOCAL 2024-02-11 21:24:28 INFO  LocalApp:60 - Added review RJPA5WKRVJ8TG to summary
LOCAL 2024-02-11 21:24:28 INFO  LocalApp:60 - Added review RZCZOKP6N5X8Z to summary
LOCAL 2024-02-11 21:24:28 INFO  LocalApp:60 - Added review R1LG0Q3UGHDVJZ to summary
LOCAL 2024-02-11 21:24:28 INFO  LocalApp:60 - Added review R2AGRELN38ITGM to summary
LOCAL 2024-02-11 21:24:28 INFO  LocalApp:60 - Added review R2OI3RDSFPML0B to summary
LOCAL 2024-02-11 21:24:28 INFO  LocalApp:60 - Added review R3MEW6I0AJ5MNZ to summary
LOCAL 2024-02-11 21:24:28 INFO  LocalApp:60 - Added review R2G76T67KTP3QD to summary
LOCAL 2024-02-11 21:24:28 INFO  LocalApp:60 - Added review R3OVPHPJR0SCKH to summary
LOCAL 2024-02-11 21:24:28 INFO  LocalApp:60 - Added review RJPA5WKRVJ8TG to summary
LOCAL 2024-02-11 21:24:28 INFO  LocalApp:60 - Added review R3B7K6FLN1S8MI to summary
LOCAL 2024-02-11 21:24:28 INFO  LocalApp:60 - Added review R16OGWA7JAHWNB to summary
LOCAL 2024-02-11 21:24:28 INFO  LocalApp:60 - Added review R2G8S6VBA6NY2Q to summary
LOCAL 2024-02-11 21:24:28 INFO  LocalApp:60 - Added review R3IJ3IM70WWMFF to summary
LOCAL 2024-02-11 21:24:28 INFO  LocalApp:60 - Added review R2GZS81IOH1XJY to summary
LOCAL 2024-02-11 21:24:28 INFO  LocalApp:60 - Added review R329IMB5Z10E4D to summary
LOCAL 2024-02-11 21:24:28 INFO  LocalApp:60 - Added review R1MNS3EGP6BC90 to summary
LOCAL 2024-02-11 21:24:28 INFO  LocalApp:60 - Added review R3MG6WHTK9DFWI to summary
LOCAL 2024-02-11 21:24:28 INFO  LocalApp:60 - Added review R21A4322WO9U0X to summary
LOCAL 2024-02-11 21:24:28 INFO  LocalApp:60 - Added review R3IYBQD24JO5HT to summary
LOCAL 2024-02-11 21:24:28 INFO  LocalApp:60 - Added review R2GZS81IOH1XJY to summary
LOCAL 2024-02-11 21:24:28 INFO  LocalApp:60 - Added review R3G7HLIJFXD50S to summary
LOCAL 2024-02-11 21:24:28 INFO  LocalApp:60 - Added review RGDX2Q9DKBPLV to summary
LOCAL 2024-02-11 21:24:28 INFO  LocalApp:60 - Added review R338OGHLO1RYIP to summary
LOCAL 2024-02-11 21:24:28 INFO  LocalApp:60 - Added review R13QI9670RFU38 to summary
LOCAL 2024-02-11 21:24:28 INFO  LocalApp:60 - Added review R23CYOKMO21NVS to summary
LOCAL 2024-02-11 21:24:28 INFO  LocalApp:60 - Added review R1QPKHWTZ1RB3Q to summary
LOCAL 2024-02-11 21:24:28 INFO  LocalApp:60 - Added review R252J3F9B6IE3V to summary
LOCAL 2024-02-11 21:24:28 INFO  LocalApp:60 - Added review R1CCN261JK76T to summary
LOCAL 2024-02-11 21:24:28 INFO  LocalApp:60 - Added review RISUUH3GSFGPP to summary
LOCAL 2024-02-11 21:24:28 INFO  LocalApp:60 - Added review R2ELM09EN8G6QU to summary
LOCAL 2024-02-11 21:24:28 INFO  LocalApp:60 - Added review R2IS2ZBBLMP4E8 to summary
LOCAL 2024-02-11 21:24:28 INFO  LocalApp:60 - Added review R245LTU7MEDJLX to summary
LOCAL 2024-02-11 21:24:28 INFO  LocalApp:60 - Added review R109H0GU7YD0HW to summary
LOCAL 2024-02-11 21:24:28 INFO  LocalApp:60 - Added review R28DB5QGNFXPV7 to summary
LOCAL 2024-02-11 21:24:28 INFO  LocalApp:60 - Added review R29M3DI93T4M51 to summary
LOCAL 2024-02-11 21:24:28 INFO  LocalApp:60 - Added review R28UVJ7VHSBBZI to summary
LOCAL 2024-02-11 21:24:28 INFO  LocalApp:60 - Added review R2KL5TZJW68QH8 to summary
LOCAL 2024-02-11 21:24:28 INFO  LocalApp:60 - Added review RAVJ8D8RG5FJO to summary
LOCAL 2024-02-11 21:24:28 INFO  LocalApp:60 - Added review R1M8HFW29HGY5T to summary
LOCAL 2024-02-11 21:24:28 INFO  LocalApp:60 - Added review R1T9OBR5KSASM7 to summary
LOCAL 2024-02-11 21:24:28 INFO  LocalApp:60 - Added review R1JECQSTRTFA0F to summary
LOCAL 2024-02-11 21:24:28 INFO  LocalApp:60 - Added review R4S8LECBI9MYF to summary
LOCAL 2024-02-11 21:24:28 INFO  LocalApp:60 - Added review RTNHFOXEFUVBQ to summary
LOCAL 2024-02-11 21:24:28 INFO  LocalApp:60 - Added review R38OYXUKCI9YE4 to summary
LOCAL 2024-02-11 21:24:28 INFO  LocalApp:60 - Added review R252J3F9B6IE3V to summary
LOCAL 2024-02-11 21:24:28 INFO  LocalApp:60 - Added review R277PJZU4327P1 to summary
LOCAL 2024-02-11 21:24:28 INFO  LocalApp:60 - Added review R3EHVBJLJ86J5B to summary
LOCAL 2024-02-11 21:24:28 INFO  LocalApp:60 - Added review R1T9OBR5KSASM7 to summary
LOCAL 2024-02-11 21:24:28 INFO  LocalApp:60 - Added review R168ULSS1EC4TG to summary
LOCAL 2024-02-11 21:24:28 INFO  LocalApp:60 - Added review R2EKSJ6GA2PAEN to summary
LOCAL 2024-02-11 21:24:28 INFO  LocalApp:60 - Added review R2F9KQ0Y4AQ9FB to summary
LOCAL 2024-02-11 21:24:28 INFO  LocalApp:60 - Added review R1RKGAVQ7XV85R to summary
LOCAL 2024-02-11 21:24:28 INFO  LocalApp:60 - Added review R3FKLSX2MLAJJV to summary
LOCAL 2024-02-11 21:24:28 INFO  LocalApp:60 - Added review R2F6RD8A51CD4T to summary
LOCAL 2024-02-11 21:24:28 INFO  LocalApp:60 - Added review R24MYE0DFP2KRF to summary
LOCAL 2024-02-11 21:24:28 INFO  LocalApp:60 - Added review R1KDAARNILNLCC to summary
LOCAL 2024-02-11 21:24:28 INFO  LocalApp:60 - Added review RVODER0PRPD5L to summary
LOCAL 2024-02-11 21:24:28 INFO  LocalApp:60 - Added review R1TIX6VIZAMHRD to summary
LOCAL 2024-02-11 21:24:28 INFO  LocalApp:60 - Added review R2YPRSRARLVVGS to summary
LOCAL 2024-02-11 21:24:28 INFO  LocalApp:60 - Added review RUQ3TJWAGIS2X to summary
LOCAL 2024-02-11 21:24:28 INFO  LocalApp:60 - Added review RSR3TZU6WLG2 to summary
LOCAL 2024-02-11 21:24:28 INFO  LocalApp:60 - Added review R6O8WL022CRTI to summary
LOCAL 2024-02-11 21:24:28 INFO  LocalApp:60 - Added review R2N3PYGSVYB0N1 to summary
LOCAL 2024-02-11 21:24:28 INFO  LocalApp:60 - Added review R6FXF5SD7GU09 to summary
LOCAL 2024-02-11 21:24:28 INFO  LocalApp:60 - Added review R154O594YST360 to summary
LOCAL 2024-02-11 21:24:28 INFO  LocalApp:60 - Added review R1K6WHTZ2IWVEF to summary
LOCAL 2024-02-11 21:24:28 INFO  LocalApp:60 - Added review R21VM0DFZOG04J to summary
LOCAL 2024-02-11 21:24:28 INFO  LocalApp:60 - Added review R2WSSW0EXMVQ1R to summary
LOCAL 2024-02-11 21:24:28 INFO  LocalApp:60 - Added review RA78XOHG1PE7T to summary
LOCAL 2024-02-11 21:24:28 INFO  LocalApp:60 - Added review R4ZBQHA56T5JC to summary
LOCAL 2024-02-11 21:24:28 INFO  LocalApp:60 - Added review R3V03QLP0ZR4OB to summary
LOCAL 2024-02-11 21:24:28 INFO  LocalApp:60 - Added review RN1ML1NRCEEQ8 to summary
LOCAL 2024-02-11 21:24:28 INFO  LocalApp:60 - Added review RLMAURWMU92FE to summary
LOCAL 2024-02-11 21:24:28 INFO  LocalApp:60 - Added review R17B49IDJRTLGO to summary
LOCAL 2024-02-11 21:24:28 INFO  LocalApp:60 - Added review R175WA8J0N9I81 to summary
LOCAL 2024-02-11 21:24:28 INFO  LocalApp:60 - Added review R1M62RMI6HLCAF to summary
LOCAL 2024-02-11 21:24:28 INFO  LocalApp:60 - Added review R2QL6OPCE0JITN to summary
LOCAL 2024-02-11 21:24:28 INFO  LocalApp:60 - Added review RSY9NMU807BXM to summary
LOCAL 2024-02-11 21:24:28 INFO  LocalApp:60 - Added review R1WSH35BJ8V4ZB to summary
LOCAL 2024-02-11 21:24:28 INFO  LocalApp:60 - Added review R3MTHQSQAQDV7K to summary
LOCAL 2024-02-11 21:24:28 INFO  LocalApp:60 - Added review R1CPPSHZWOJXPH to summary
LOCAL 2024-02-11 21:24:28 INFO  LocalApp:60 - Added review R3RO4ABKYOK4E4 to summary
LOCAL 2024-02-11 21:24:28 INFO  LocalApp:60 - Added review RRZ6ROCKIKHIQ to summary
LOCAL 2024-02-11 21:24:28 INFO  LocalApp:60 - Added review R28PLBM97FKPWY to summary
LOCAL 2024-02-11 21:24:28 INFO  LocalApp:60 - Added review R245LTU7MEDJLX to summary
LOCAL 2024-02-11 21:24:28 INFO  LocalApp:60 - Added review RMJJUX3YJF2UI to summary
LOCAL 2024-02-11 21:24:28 INFO  LocalApp:60 - Added review R3TJI9PX0NVOD0 to summary
LOCAL 2024-02-11 21:24:28 INFO  LocalApp:60 - Added review R2CNMGRXMIVWZ2 to summary
LOCAL 2024-02-11 21:24:28 INFO  LocalApp:60 - Added review R3MG6WHTK9DFWI to summary
LOCAL 2024-02-11 21:24:28 INFO  LocalApp:60 - Added review R3TJI9PX0NVOD0 to summary
LOCAL 2024-02-11 21:24:28 INFO  LocalApp:60 - Added review R3SL0LJC9PYDBW to summary
LOCAL 2024-02-11 21:24:28 INFO  LocalApp:60 - Added review R3B7K6FLN1S8MI to summary
LOCAL 2024-02-11 21:24:28 INFO  LocalApp:60 - Added review R2AOC5JG3BPR5W to summary
LOCAL 2024-02-11 21:24:28 INFO  LocalApp:60 - Added review RD2QSPG7ZUWBD to summary
LOCAL 2024-02-11 21:24:28 INFO  LocalApp:60 - Added review R1PBQLIQDPMQVC to summary
LOCAL 2024-02-11 21:24:28 INFO  LocalApp:60 - Added review R1HHL52NDVIHAZ to summary
LOCAL 2024-02-11 21:24:28 INFO  LocalApp:60 - Added review R2BFTQ895BJO49 to summary
LOCAL 2024-02-11 21:24:28 INFO  LocalApp:60 - Added review R3C05UCFBVGU0Y to summary
LOCAL 2024-02-11 21:24:28 INFO  LocalApp:60 - Added review RDD9SW7D9E3VM to summary
LOCAL 2024-02-11 21:24:28 INFO  LocalApp:60 - Added review R6O8WL022CRTI to summary
LOCAL 2024-02-11 21:24:28 INFO  LocalApp:60 - Added review R2YPRSRARLVVGS to summary
LOCAL 2024-02-11 21:24:28 INFO  LocalApp:60 - Added review R1PBQLIQDPMQVC to summary
LOCAL 2024-02-11 21:24:28 INFO  LocalApp:60 - Added review R2LKO94V1PNG6A to summary
LOCAL 2024-02-11 21:24:28 INFO  LocalApp:60 - Added review R268WIYUD8HFYM to summary
LOCAL 2024-02-11 21:24:28 INFO  LocalApp:60 - Added review RFLV8XPKGQ8PR to summary
LOCAL 2024-02-11 21:24:28 INFO  LocalApp:60 - Added review R1RKGAVQ7XV85R to summary
LOCAL 2024-02-11 21:24:28 INFO  LocalApp:60 - Added review R11YUOZK02IGIO to summary
LOCAL 2024-02-11 21:24:28 INFO  LocalApp:60 - Added review R18668H192BJJ0 to summary
LOCAL 2024-02-11 21:24:28 INFO  LocalApp:60 - Added review R5N7V9CWHMIJB to summary
LOCAL 2024-02-11 21:24:28 INFO  LocalApp:60 - Added review RJSYFNO4XXATY to summary
LOCAL 2024-02-11 21:24:28 INFO  LocalApp:60 - Added review R1QPKHWTZ1RB3Q to summary
LOCAL 2024-02-11 21:24:28 INFO  LocalApp:60 - Added review R21GGIP6H1320S to summary
LOCAL 2024-02-11 21:24:28 INFO  LocalApp:60 - Added review R30JIF1DJ7MOPG to summary
LOCAL 2024-02-11 21:24:28 INFO  LocalApp:60 - Added review RV5JS5WN4GHT5 to summary
LOCAL 2024-02-11 21:24:28 INFO  LocalApp:60 - Added review RJHA1K1IY2GI0 to summary
LOCAL 2024-02-11 21:24:28 INFO  LocalApp:60 - Added review R38UBU9VQ3LO2Z to summary
LOCAL 2024-02-11 21:24:28 INFO  LocalApp:60 - Added review R1PXKS4CFIX8YS to summary
LOCAL 2024-02-11 21:24:28 INFO  LocalApp:60 - Added review RISUUH3GSFGPP to summary
LOCAL 2024-02-11 21:24:28 INFO  LocalApp:60 - Added review R1MAHORBCT5BSS to summary
LOCAL 2024-02-11 21:24:28 INFO  LocalApp:60 - Added review R1NMZFUPFEQALF to summary
LOCAL 2024-02-11 21:24:28 INFO  LocalApp:60 - Added review R21A4322WO9U0X to summary
LOCAL 2024-02-11 21:24:28 INFO  LocalApp:60 - Added review RUQ3TJWAGIS2X to summary
LOCAL 2024-02-11 21:24:28 INFO  LocalApp:60 - Added review R3IYBQD24JO5HT to summary
LOCAL 2024-02-11 21:24:28 INFO  LocalApp:60 - Added review R3IK3KD1X0WIQ2 to summary
LOCAL 2024-02-11 21:24:28 INFO  LocalApp:60 - Added review R338OGHLO1RYIP to summary
LOCAL 2024-02-11 21:24:28 INFO  LocalApp:60 - Added review R4S8LECBI9MYF to summary
LOCAL 2024-02-11 21:24:28 INFO  LocalApp:60 - Added review R1KDAARNILNLCC to summary
LOCAL 2024-02-11 21:24:28 INFO  LocalApp:60 - Added review R28DB5QGNFXPV7 to summary
LOCAL 2024-02-11 21:24:28 INFO  LocalApp:60 - Added review RC1KFWW9VVVQ2 to summary
LOCAL 2024-02-11 21:24:28 INFO  LocalApp:60 - Added review R1CPPSHZWOJXPH to summary
LOCAL 2024-02-11 21:24:28 INFO  LocalApp:60 - Added review R37MKR8B8HQTBG to summary
LOCAL 2024-02-11 21:24:28 INFO  LocalApp:60 - Added review R3EPS80XX6ZSI0 to summary
LOCAL 2024-02-11 21:24:28 INFO  LocalApp:60 - Added review RCVQLR8QXSYM3 to summary
LOCAL 2024-02-11 21:24:28 INFO  LocalApp:60 - Added review R11GNFS8XRRPXC to summary
LOCAL 2024-02-11 21:24:28 INFO  LocalApp:60 - Added review R1QPKHWTZ1RB3Q to summary
LOCAL 2024-02-11 21:24:28 INFO  LocalApp:60 - Added review R25PBHTTVI652U to summary
LOCAL 2024-02-11 21:24:28 INFO  LocalApp:60 - Added review R31ED2BWE2NLDC to summary
LOCAL 2024-02-11 21:24:28 INFO  LocalApp:60 - Added review R3MA9VIS6QN80Z to summary
LOCAL 2024-02-11 21:24:28 INFO  LocalApp:60 - Added review R22116IA23S9A6 to summary
LOCAL 2024-02-11 21:24:28 INFO  LocalApp:60 - Added review R2BFTQ895BJO49 to summary
LOCAL 2024-02-11 21:24:28 INFO  LocalApp:60 - Added review R28PLBM97FKPWY to summary
LOCAL 2024-02-11 21:24:28 INFO  LocalApp:60 - Added review R3TJI9PX0NVOD0 to summary
LOCAL 2024-02-11 21:24:28 INFO  LocalApp:60 - Added review R3SY8NQQGGA550 to summary
LOCAL 2024-02-11 21:24:28 INFO  LocalApp:60 - Added review R1MSYWLUSS2QEX to summary
LOCAL 2024-02-11 21:24:28 INFO  LocalApp:60 - Added review R168ULSS1EC4TG to summary
LOCAL 2024-02-11 21:24:28 INFO  LocalApp:60 - Added review R2AOC5JG3BPR5W to summary
LOCAL 2024-02-11 21:24:28 INFO  LocalApp:60 - Added review R1FAOVJHGVO3AB to summary
LOCAL 2024-02-11 21:24:28 INFO  LocalApp:60 - Added review R2B8U1OUG819O7 to summary
LOCAL 2024-02-11 21:24:28 INFO  LocalApp:60 - Added review R1G1T9AXD3VRER to summary
LOCAL 2024-02-11 21:24:28 INFO  LocalApp:60 - Added review RZCZOKP6N5X8Z to summary
LOCAL 2024-02-11 21:24:28 INFO  LocalApp:60 - Added review R2GZS81IOH1XJY to summary
LOCAL 2024-02-11 21:24:28 INFO  LocalApp:60 - Added review R1FMXMWKDICKRU to summary
LOCAL 2024-02-11 21:24:28 INFO  LocalApp:60 - Added review R3UI76Z4P4ZY7R to summary
LOCAL 2024-02-11 21:24:28 INFO  LocalApp:60 - Added review RYHZPHUHDS7EP to summary
LOCAL 2024-02-11 21:24:28 INFO  LocalApp:60 - Added review R2KL5TZJW68QH8 to summary
LOCAL 2024-02-11 21:24:28 INFO  LocalApp:60 - Added review RSVFVEOKGUS7A to summary
LOCAL 2024-02-11 21:24:28 INFO  LocalApp:60 - Added review R1FNHQ55I36WDM to summary
LOCAL 2024-02-11 21:24:28 INFO  LocalApp:60 - Added review RI18K07U2FQXH to summary
LOCAL 2024-02-11 21:24:28 INFO  LocalApp:60 - Added review R11YUOZK02IGIO to summary
LOCAL 2024-02-11 21:24:28 INFO  LocalApp:60 - Added review R37LPR89SW22Z7 to summary
LOCAL 2024-02-11 21:24:28 INFO  LocalApp:60 - Added review RA10IJHAUX9X0 to summary
LOCAL 2024-02-11 21:24:28 INFO  LocalApp:60 - Added review R3R8BNVHZ6AFCS to summary
LOCAL 2024-02-11 21:24:28 INFO  LocalApp:60 - Added review R33GMF2JT2HI0K to summary
LOCAL 2024-02-11 21:24:28 INFO  LocalApp:60 - Added review R2EKSJ6GA2PAEN to summary
LOCAL 2024-02-11 21:24:28 INFO  LocalApp:60 - Added review R3SL0LJC9PYDBW to summary
LOCAL 2024-02-11 21:24:28 INFO  LocalApp:60 - Added review RKYIM3APOJ7TZ to summary
LOCAL 2024-02-11 21:24:28 INFO  LocalApp:60 - Added review R2BFTQ895BJO49 to summary
LOCAL 2024-02-11 21:24:28 INFO  LocalApp:60 - Added review R4NEQ2HQOE48G to summary
LOCAL 2024-02-11 21:24:28 INFO  LocalApp:60 - Added review R1N6DDXE8O8LJB to summary
LOCAL 2024-02-11 21:24:28 INFO  LocalApp:60 - Added review RMJJUX3YJF2UI to summary
LOCAL 2024-02-11 21:24:28 INFO  LocalApp:60 - Added review R2OKCSQ2NYCYUW to summary
LOCAL 2024-02-11 21:24:28 INFO  LocalApp:60 - Added review RD2QSPG7ZUWBD to summary
LOCAL 2024-02-11 21:24:28 INFO  LocalApp:60 - Added review REHUKU9S27P0G to summary
LOCAL 2024-02-11 21:24:28 INFO  LocalApp:60 - Added review R1R1X0TN9OS7SH to summary
LOCAL 2024-02-11 21:24:28 INFO  LocalApp:60 - Added review R2N0ISKZIJN7BG to summary
LOCAL 2024-02-11 21:24:28 INFO  LocalApp:60 - Added review R69E5TE3NNU8O to summary
LOCAL 2024-02-11 21:24:28 INFO  LocalApp:60 - Added review R3OB1MYHWCBPF5 to summary
LOCAL 2024-02-11 21:24:28 INFO  LocalApp:60 - Added review RVODER0PRPD5L to summary
LOCAL 2024-02-11 21:24:28 INFO  LocalApp:60 - Added review RVA4QMZNLZ38O to summary
LOCAL 2024-02-11 21:24:28 INFO  LocalApp:60 - Added review R2O28S5YIES74H to summary
LOCAL 2024-02-11 21:24:28 INFO  LocalApp:69 - Created summary HTML file at output4.html
LOCAL 2024-02-11 21:24:29 INFO  S3Handler:71 - File 80930a0bab143223-summary-0 deleted from S3 bucket sarcasm-analysis-bucket-80930a0bab143223
LOCAL 2024-02-11 21:24:29 INFO  SQSHandler:93 - Deleted message from https://sqs.us-east-1.amazonaws.com/767398090493/managerToLocalQueue-80930a0bab143223
LOCAL 2024-02-11 21:24:29 INFO  LocalApp:130 - Waiting for executor to finish
LOCAL 2024-02-11 21:24:30 INFO  SQSHandler:55 - Queue https://sqs.us-east-1.amazonaws.com/767398090493/managerToLocalQueue-80930a0bab143223 deleted
LOCAL 2024-02-11 21:24:30 INFO  SQSHandler:55 - Queue https://sqs.us-east-1.amazonaws.com/767398090493/localToManagerQueue-80930a0bab143223 deleted
LOCAL 2024-02-11 21:24:30 INFO  S3Handler:86 - S3 bucket sarcasm-analysis-bucket-80930a0bab143223 emptied
LOCAL 2024-02-11 21:24:31 INFO  S3Handler:95 - S3 bucket sarcasm-analysis-bucket-80930a0bab143223 deleted
LOCAL 2024-02-11 21:24:31 INFO  LocalApp:70 - LocalApp finished
