LOCAL 2024-02-12 15:35:37 INFO  LocalApp:32 - LocalApp started with id aa96c5c9c8a6a59c
LOCAL 2024-02-12 15:35:37 INFO  LocalApp:35 - LocalAppEnv created
LOCAL 2024-02-12 15:35:40 ERROR S3Handler:27 - Your previous request to create the named bucket succeeded and you already own it. (Service: S3, Status Code: 409, Request ID: P5PSSV2R13E3XHR8, Extended Request ID: 4VZZ0lIPLWQlx5oTfJNMpHC/jCWUtlECQr5Kb0KBI2ie6iPFgfc8Mzq9fxqwOtI83RoQIy5j8sM=)
LOCAL 2024-02-12 15:35:41 INFO  SQSHandler:19 - Queue localToManagerQueue created
LOCAL 2024-02-12 15:35:41 INFO  SQSHandler:19 - Queue managerToLocalQueue created
LOCAL 2024-02-12 15:35:42 INFO  S3Handler:42 - File input2.txt uploaded to S3 bucket sarcasm-analysis-bucket
LOCAL 2024-02-12 15:35:42 INFO  SQSHandler:76 - Sent message to https://sqs.us-east-1.amazonaws.com/767398090493/localToManagerQueue
LOCAL 2024-02-12 15:35:42 INFO  LocalApp:80 - Sent task to manager: input2.txt for inputIndex 0 with 350 reviews per worker
LOCAL 2024-02-12 15:35:42 INFO  LocalApp:87 - Polling for responses from manager
LOCAL 2024-02-12 15:36:02 INFO  LocalApp:87 - Polling for responses from manager
LOCAL 2024-02-12 15:36:22 INFO  LocalApp:87 - Polling for responses from manager
LOCAL 2024-02-12 15:36:43 INFO  LocalApp:87 - Polling for responses from manager
LOCAL 2024-02-12 15:37:03 INFO  LocalApp:87 - Polling for responses from manager
LOCAL 2024-02-12 15:37:23 INFO  LocalApp:87 - Polling for responses from manager
LOCAL 2024-02-12 15:37:43 INFO  LocalApp:87 - Polling for responses from manager
LOCAL 2024-02-12 15:38:03 INFO  LocalApp:87 - Polling for responses from manager
LOCAL 2024-02-12 15:38:23 INFO  LocalApp:87 - Polling for responses from manager
LOCAL 2024-02-12 15:38:43 INFO  LocalApp:87 - Polling for responses from manager
LOCAL 2024-02-12 15:39:04 INFO  LocalApp:87 - Polling for responses from manager
LOCAL 2024-02-12 15:39:24 INFO  LocalApp:87 - Polling for responses from manager
LOCAL 2024-02-12 15:39:44 INFO  LocalApp:87 - Polling for responses from manager
