LOCAL 2024-02-11 20:50:07 INFO  LocalApp:32 - LocalApp started with id ba8b31929571a9c8
LOCAL 2024-02-11 20:50:07 INFO  LocalApp:36 - LocalAppEnv created
LOCAL 2024-02-11 20:50:10 INFO  S3Handler:24 - S3 bucket sarcasm-analysis-bucket-ba8b31929571a9c8 created
LOCAL 2024-02-11 20:50:11 INFO  SQSHandler:19 - Queue localToManagerQueue-ba8b31929571a9c8 created
LOCAL 2024-02-11 20:50:12 INFO  SQSHandler:19 - Queue managerToLocalQueue-ba8b31929571a9c8 created
LOCAL 2024-02-11 20:50:13 INFO  S3Handler:42 - File test-input1.txt uploaded to S3 bucket sarcasm-analysis-bucket-ba8b31929571a9c8
LOCAL 2024-02-11 20:50:13 INFO  SQSHandler:73 - Sent message to https://sqs.us-east-1.amazonaws.com/767398090493/localToManagerQueue-ba8b31929571a9c8
LOCAL 2024-02-11 20:50:13 INFO  LocalApp:85 - Sent task to manager: test-input1.txt for inputIndex 0 with 10 reviews per worker
LOCAL 2024-02-11 20:50:14 INFO  S3Handler:42 - File test-input2.txt uploaded to S3 bucket sarcasm-analysis-bucket-ba8b31929571a9c8
LOCAL 2024-02-11 20:50:14 INFO  SQSHandler:73 - Sent message to https://sqs.us-east-1.amazonaws.com/767398090493/localToManagerQueue-ba8b31929571a9c8
LOCAL 2024-02-11 20:50:14 INFO  LocalApp:85 - Sent task to manager: test-input2.txt for inputIndex 1 with 10 reviews per worker
LOCAL 2024-02-11 20:50:14 INFO  LocalApp:92 - Polling for responses from manager
LOCAL 2024-02-11 20:50:34 INFO  LocalApp:92 - Polling for responses from manager
LOCAL 2024-02-11 20:50:54 INFO  LocalApp:92 - Polling for responses from manager
LOCAL 2024-02-11 20:51:14 INFO  LocalApp:92 - Polling for responses from manager
LOCAL 2024-02-11 20:51:35 INFO  LocalApp:92 - Polling for responses from manager
LOCAL 2024-02-11 20:51:55 INFO  LocalApp:92 - Polling for responses from manager
LOCAL 2024-02-11 20:52:15 INFO  LocalApp:92 - Polling for responses from manager
LOCAL 2024-02-11 20:52:35 INFO  LocalApp:92 - Polling for responses from manager
LOCAL 2024-02-11 20:52:55 INFO  LocalApp:92 - Polling for responses from manager
LOCAL 2024-02-11 20:53:15 INFO  LocalApp:92 - Polling for responses from manager
LOCAL 2024-02-11 20:53:35 INFO  LocalApp:92 - Polling for responses from manager
LOCAL 2024-02-11 20:53:56 INFO  LocalApp:92 - Polling for responses from manager
LOCAL 2024-02-11 20:54:16 INFO  LocalApp:92 - Polling for responses from manager
