LOCAL 2024-02-11 16:09:52 INFO  LocalApp:32 - LocalApp started with id a63ac2715b7f9166
LOCAL 2024-02-11 16:09:52 INFO  LocalApp:36 - LocalAppEnv created
LOCAL 2024-02-11 16:09:55 INFO  LocalApp:27 - S3 bucket sarcasm-analysis-bucket-a63ac2715b7f9166 created
LOCAL 2024-02-11 16:09:56 INFO  LocalApp:22 - Queue localToManagerQueue-a63ac2715b7f9166 created
LOCAL 2024-02-11 16:09:56 INFO  LocalApp:22 - Queue managerToLocalQueue-a63ac2715b7f9166 created
LOCAL 2024-02-11 16:09:57 INFO  LocalApp:45 - File test-input1.txt uploaded to S3 bucket sarcasm-analysis-bucket-a63ac2715b7f9166
LOCAL 2024-02-11 16:09:57 INFO  LocalApp:76 - Sent message to https://sqs.us-east-1.amazonaws.com/767398090493/localToManagerQueue-a63ac2715b7f9166
LOCAL 2024-02-11 16:09:57 INFO  LocalApp:85 - Sent task to manager: test-input1.txt for inputIndex 0 with 20 reviews per worker
LOCAL 2024-02-11 16:09:58 INFO  LocalApp:84 - Manager instance does not exist
LOCAL 2024-02-11 16:09:58 INFO  LocalApp:90 - Creating manager instance
LOCAL 2024-02-11 16:10:00 INFO  LocalApp:36 - Successfully started EC2 instance i-0f7a8a44dd8f45732 based on AMI ami-00e95a9222311e8ed
LOCAL 2024-02-11 16:10:00 INFO  LocalApp:92 - Polling for responses from manager
LOCAL 2024-02-11 16:10:00 INFO  LocalApp:80 - Polling messages from https://sqs.us-east-1.amazonaws.com/767398090493/managerToLocalQueue-a63ac2715b7f9166
LOCAL 2024-02-11 16:10:20 INFO  LocalApp:92 - Polling for responses from manager
LOCAL 2024-02-11 16:10:20 INFO  LocalApp:80 - Polling messages from https://sqs.us-east-1.amazonaws.com/767398090493/managerToLocalQueue-a63ac2715b7f9166
LOCAL 2024-02-11 16:10:40 INFO  LocalApp:92 - Polling for responses from manager
LOCAL 2024-02-11 16:10:40 INFO  LocalApp:80 - Polling messages from https://sqs.us-east-1.amazonaws.com/767398090493/managerToLocalQueue-a63ac2715b7f9166
LOCAL 2024-02-11 16:11:00 INFO  LocalApp:92 - Polling for responses from manager
LOCAL 2024-02-11 16:11:00 INFO  LocalApp:80 - Polling messages from https://sqs.us-east-1.amazonaws.com/767398090493/managerToLocalQueue-a63ac2715b7f9166
LOCAL 2024-02-11 16:11:20 INFO  LocalApp:92 - Polling for responses from manager
LOCAL 2024-02-11 16:11:20 INFO  LocalApp:80 - Polling messages from https://sqs.us-east-1.amazonaws.com/767398090493/managerToLocalQueue-a63ac2715b7f9166
LOCAL 2024-02-11 16:11:40 INFO  LocalApp:92 - Polling for responses from manager
LOCAL 2024-02-11 16:11:40 INFO  LocalApp:80 - Polling messages from https://sqs.us-east-1.amazonaws.com/767398090493/managerToLocalQueue-a63ac2715b7f9166
LOCAL 2024-02-11 16:12:01 INFO  LocalApp:92 - Polling for responses from manager
LOCAL 2024-02-11 16:12:01 INFO  LocalApp:80 - Polling messages from https://sqs.us-east-1.amazonaws.com/767398090493/managerToLocalQueue-a63ac2715b7f9166
LOCAL 2024-02-11 16:12:21 INFO  LocalApp:92 - Polling for responses from manager
LOCAL 2024-02-11 16:12:21 INFO  LocalApp:80 - Polling messages from https://sqs.us-east-1.amazonaws.com/767398090493/managerToLocalQueue-a63ac2715b7f9166
LOCAL 2024-02-11 16:12:41 INFO  LocalApp:92 - Polling for responses from manager
LOCAL 2024-02-11 16:12:41 INFO  LocalApp:80 - Polling messages from https://sqs.us-east-1.amazonaws.com/767398090493/managerToLocalQueue-a63ac2715b7f9166
LOCAL 2024-02-11 16:13:01 INFO  LocalApp:92 - Polling for responses from manager
LOCAL 2024-02-11 16:13:01 INFO  LocalApp:80 - Polling messages from https://sqs.us-east-1.amazonaws.com/767398090493/managerToLocalQueue-a63ac2715b7f9166
LOCAL 2024-02-11 16:13:21 INFO  LocalApp:92 - Polling for responses from manager
LOCAL 2024-02-11 16:13:21 INFO  LocalApp:80 - Polling messages from https://sqs.us-east-1.amazonaws.com/767398090493/managerToLocalQueue-a63ac2715b7f9166
LOCAL 2024-02-11 16:13:41 INFO  LocalApp:92 - Polling for responses from manager
LOCAL 2024-02-11 16:13:41 INFO  LocalApp:80 - Polling messages from https://sqs.us-east-1.amazonaws.com/767398090493/managerToLocalQueue-a63ac2715b7f9166
LOCAL 2024-02-11 16:14:01 INFO  LocalApp:92 - Polling for responses from manager
LOCAL 2024-02-11 16:14:01 INFO  LocalApp:80 - Polling messages from https://sqs.us-east-1.amazonaws.com/767398090493/managerToLocalQueue-a63ac2715b7f9166
