LOCAL 2024-02-12 12:22:42 INFO  LocalApp:26 - LocalApp started with id 9c9889cae2404a2e
LOCAL 2024-02-12 12:22:42 INFO  LocalApp:29 - LocalAppEnv created
LOCAL 2024-02-12 12:22:44 ERROR S3Handler:27 - Your previous request to create the named bucket succeeded and you already own it. (Service: S3, Status Code: 409, Request ID: 4EP3MV3S8JS3CTX9, Extended Request ID: D9fKswvQIng5PxTkyBeWvmdIY6wGjcoH2Z6givMevhr17k29qGN9HraigwSV8znOUkAuAVsXzJg=)
LOCAL 2024-02-12 12:22:44 INFO  SQSHandler:19 - Queue localToManagerQueue created
LOCAL 2024-02-12 12:22:45 INFO  SQSHandler:19 - Queue managerToLocalQueue created
LOCAL 2024-02-12 12:22:45 INFO  S3Handler:42 - File test-input1.txt uploaded to S3 bucket sarcasm-analysis-bucket
LOCAL 2024-02-12 12:22:45 INFO  SQSHandler:76 - Sent message to https://sqs.us-east-1.amazonaws.com/767398090493/localToManagerQueue
LOCAL 2024-02-12 12:22:45 INFO  LocalApp:74 - Sent task to manager: test-input1.txt for inputIndex 0 with 10 reviews per worker
LOCAL 2024-02-12 12:22:45 INFO  LocalApp:81 - Polling for responses from manager
LOCAL 2024-02-12 12:23:05 INFO  LocalApp:81 - Polling for responses from manager
LOCAL 2024-02-12 12:23:25 INFO  LocalApp:81 - Polling for responses from manager
LOCAL 2024-02-12 12:23:46 INFO  LocalApp:81 - Polling for responses from manager
LOCAL 2024-02-12 12:24:06 INFO  LocalApp:81 - Polling for responses from manager
LOCAL 2024-02-12 12:24:20 INFO  LocalApp:93 - Received response from manager: 9c9889cae2404a2e::done::9c9889cae2404a2e-summary-0::0
LOCAL 2024-02-12 12:24:20 INFO  LocalApp:27 - LocalAppTask started
LOCAL 2024-02-12 12:24:20 INFO  S3Handler:56 - Downloading file 9c9889cae2404a2e/9c9889cae2404a2e-summary-0 from S3 bucket sarcasm-analysis-bucket
LOCAL 2024-02-12 12:24:20 INFO  LocalApp:35 - Received summary file from S3
LOCAL 2024-02-12 12:24:20 INFO  LocalApp:62 - Added review RGMH5ROASTBS8 to summary
LOCAL 2024-02-12 12:24:20 INFO  LocalApp:62 - Added review R3GCFAIUL8BI3Y to summary
LOCAL 2024-02-12 12:24:20 INFO  LocalApp:62 - Added review R367OTNJ8I36FS to summary
LOCAL 2024-02-12 12:24:20 INFO  LocalApp:62 - Added review R3DHV2T9Q991V7 to summary
LOCAL 2024-02-12 12:24:20 INFO  LocalApp:62 - Added review R8OWCLDI0GGL0 to summary
LOCAL 2024-02-12 12:24:20 INFO  LocalApp:62 - Added review R1L8O7RM8DD6J3 to summary
LOCAL 2024-02-12 12:24:20 INFO  LocalApp:62 - Added review RJ62XWHGDIF7 to summary
LOCAL 2024-02-12 12:24:20 INFO  LocalApp:62 - Added review R33DK4T6EHUIHX to summary
LOCAL 2024-02-12 12:24:20 INFO  LocalApp:62 - Added review R3R9QKZ61DMKGF to summary
LOCAL 2024-02-12 12:24:20 INFO  LocalApp:62 - Added review R33SW6AMDKTSB8 to summary
LOCAL 2024-02-12 12:24:20 INFO  LocalApp:62 - Added review R3P2KOXRF7Z400 to summary
LOCAL 2024-02-12 12:24:20 INFO  LocalApp:62 - Added review R3V239ZPPF0XY3 to summary
LOCAL 2024-02-12 12:24:20 INFO  LocalApp:62 - Added review RB9QK3F6SUQPU to summary
LOCAL 2024-02-12 12:24:20 INFO  LocalApp:62 - Added review R14D3WP6J91DCU to summary
LOCAL 2024-02-12 12:24:20 INFO  LocalApp:62 - Added review R1RUXYHCSZSHJ0 to summary
LOCAL 2024-02-12 12:24:20 INFO  LocalApp:62 - Added review R1IKZK5S0DCKZ0 to summary
LOCAL 2024-02-12 12:24:20 INFO  LocalApp:62 - Added review RW6ORU2M3C461 to summary
LOCAL 2024-02-12 12:24:20 INFO  LocalApp:62 - Added review RSO743RDYVWTZ to summary
LOCAL 2024-02-12 12:24:20 INFO  LocalApp:62 - Added review R366N97DLUODS7 to summary
LOCAL 2024-02-12 12:24:20 INFO  LocalApp:62 - Added review R3MRIY8FUDOYHU to summary
LOCAL 2024-02-12 12:24:20 INFO  LocalApp:71 - Created summary HTML file at output2.html
LOCAL 2024-02-12 12:24:21 INFO  SQSHandler:116 - Deleted message from https://sqs.us-east-1.amazonaws.com/767398090493/managerToLocalQueue
LOCAL 2024-02-12 12:24:21 INFO  LocalApp:127 - Waiting for executor to finish
LOCAL 2024-02-12 12:24:21 INFO  LocalApp:132 - Executor finished
LOCAL 2024-02-12 12:24:22 INFO  S3Handler:71 - File 9c9889cae2404a2e/ deleted from S3 bucket sarcasm-analysis-bucket
LOCAL 2024-02-12 12:24:22 INFO  LocalApp:59 - LocalApp finished
