LOCAL 2024-02-11 19:51:38 INFO  LocalApp:32 - LocalApp started with id badda125fa523977
LOCAL 2024-02-11 19:51:38 INFO  LocalApp:36 - LocalAppEnv created
LOCAL 2024-02-11 19:51:40 INFO  S3Handler:24 - S3 bucket sarcasm-analysis-bucket-badda125fa523977 created
LOCAL 2024-02-11 19:51:41 INFO  SQSHandler:19 - Queue localToManagerQueue-badda125fa523977 created
LOCAL 2024-02-11 19:51:41 INFO  SQSHandler:19 - Queue managerToLocalQueue-badda125fa523977 created
LOCAL 2024-02-11 19:51:42 INFO  S3Handler:42 - File test-input1.txt uploaded to S3 bucket sarcasm-analysis-bucket-badda125fa523977
LOCAL 2024-02-11 19:51:42 INFO  SQSHandler:73 - Sent message to https://sqs.us-east-1.amazonaws.com/767398090493/localToManagerQueue-badda125fa523977
LOCAL 2024-02-11 19:51:42 INFO  LocalApp:85 - Sent task to manager: test-input1.txt for inputIndex 0 with 10 reviews per worker
LOCAL 2024-02-11 19:51:43 INFO  EC2Handler:68 - Manager instance i-0de9b20a731fb49c9 is running
LOCAL 2024-02-11 19:51:43 INFO  LocalApp:92 - Polling for responses from manager
LOCAL 2024-02-11 19:51:43 INFO  SQSHandler:77 - Polling messages from https://sqs.us-east-1.amazonaws.com/767398090493/managerToLocalQueue-badda125fa523977
LOCAL 2024-02-11 19:52:04 INFO  LocalApp:92 - Polling for responses from manager
LOCAL 2024-02-11 19:52:04 INFO  SQSHandler:77 - Polling messages from https://sqs.us-east-1.amazonaws.com/767398090493/managerToLocalQueue-badda125fa523977
LOCAL 2024-02-11 19:52:24 INFO  LocalApp:92 - Polling for responses from manager
LOCAL 2024-02-11 19:52:24 INFO  SQSHandler:77 - Polling messages from https://sqs.us-east-1.amazonaws.com/767398090493/managerToLocalQueue-badda125fa523977
LOCAL 2024-02-11 19:52:44 INFO  LocalApp:92 - Polling for responses from manager
LOCAL 2024-02-11 19:52:44 INFO  SQSHandler:77 - Polling messages from https://sqs.us-east-1.amazonaws.com/767398090493/managerToLocalQueue-badda125fa523977
LOCAL 2024-02-11 19:53:04 INFO  LocalApp:92 - Polling for responses from manager
LOCAL 2024-02-11 19:53:04 INFO  SQSHandler:77 - Polling messages from https://sqs.us-east-1.amazonaws.com/767398090493/managerToLocalQueue-badda125fa523977
LOCAL 2024-02-11 19:53:24 INFO  LocalApp:92 - Polling for responses from manager
LOCAL 2024-02-11 19:53:24 INFO  SQSHandler:77 - Polling messages from https://sqs.us-east-1.amazonaws.com/767398090493/managerToLocalQueue-badda125fa523977
LOCAL 2024-02-11 19:53:44 INFO  LocalApp:92 - Polling for responses from manager
LOCAL 2024-02-11 19:53:44 INFO  SQSHandler:77 - Polling messages from https://sqs.us-east-1.amazonaws.com/767398090493/managerToLocalQueue-badda125fa523977
LOCAL 2024-02-11 19:54:05 INFO  LocalApp:92 - Polling for responses from manager
LOCAL 2024-02-11 19:54:05 INFO  SQSHandler:77 - Polling messages from https://sqs.us-east-1.amazonaws.com/767398090493/managerToLocalQueue-badda125fa523977
LOCAL 2024-02-11 19:54:25 INFO  LocalApp:92 - Polling for responses from manager
LOCAL 2024-02-11 19:54:25 INFO  SQSHandler:77 - Polling messages from https://sqs.us-east-1.amazonaws.com/767398090493/managerToLocalQueue-badda125fa523977
LOCAL 2024-02-11 19:54:45 INFO  LocalApp:92 - Polling for responses from manager
LOCAL 2024-02-11 19:54:45 INFO  SQSHandler:77 - Polling messages from https://sqs.us-east-1.amazonaws.com/767398090493/managerToLocalQueue-badda125fa523977
LOCAL 2024-02-11 19:55:05 INFO  LocalApp:92 - Polling for responses from manager
LOCAL 2024-02-11 19:55:05 INFO  SQSHandler:77 - Polling messages from https://sqs.us-east-1.amazonaws.com/767398090493/managerToLocalQueue-badda125fa523977
LOCAL 2024-02-11 19:55:25 INFO  LocalApp:92 - Polling for responses from manager
LOCAL 2024-02-11 19:55:25 INFO  SQSHandler:77 - Polling messages from https://sqs.us-east-1.amazonaws.com/767398090493/managerToLocalQueue-badda125fa523977
LOCAL 2024-02-11 19:55:45 INFO  LocalApp:92 - Polling for responses from manager
LOCAL 2024-02-11 19:55:45 INFO  SQSHandler:77 - Polling messages from https://sqs.us-east-1.amazonaws.com/767398090493/managerToLocalQueue-badda125fa523977
LOCAL 2024-02-11 19:56:06 INFO  LocalApp:92 - Polling for responses from manager
LOCAL 2024-02-11 19:56:06 INFO  SQSHandler:77 - Polling messages from https://sqs.us-east-1.amazonaws.com/767398090493/managerToLocalQueue-badda125fa523977
LOCAL 2024-02-11 19:56:27 INFO  LocalApp:92 - Polling for responses from manager
LOCAL 2024-02-11 19:56:27 INFO  SQSHandler:77 - Polling messages from https://sqs.us-east-1.amazonaws.com/767398090493/managerToLocalQueue-badda125fa523977
LOCAL 2024-02-11 19:56:47 INFO  LocalApp:92 - Polling for responses from manager
LOCAL 2024-02-11 19:56:47 INFO  SQSHandler:77 - Polling messages from https://sqs.us-east-1.amazonaws.com/767398090493/managerToLocalQueue-badda125fa523977
LOCAL 2024-02-11 19:57:07 INFO  LocalApp:92 - Polling for responses from manager
LOCAL 2024-02-11 19:57:07 INFO  SQSHandler:77 - Polling messages from https://sqs.us-east-1.amazonaws.com/767398090493/managerToLocalQueue-badda125fa523977
LOCAL 2024-02-11 19:57:27 INFO  LocalApp:92 - Polling for responses from manager
LOCAL 2024-02-11 19:57:27 INFO  SQSHandler:77 - Polling messages from https://sqs.us-east-1.amazonaws.com/767398090493/managerToLocalQueue-badda125fa523977
LOCAL 2024-02-11 19:57:47 INFO  LocalApp:92 - Polling for responses from manager
LOCAL 2024-02-11 19:57:47 INFO  SQSHandler:77 - Polling messages from https://sqs.us-east-1.amazonaws.com/767398090493/managerToLocalQueue-badda125fa523977
LOCAL 2024-02-11 19:58:08 INFO  LocalApp:92 - Polling for responses from manager
LOCAL 2024-02-11 19:58:08 INFO  SQSHandler:77 - Polling messages from https://sqs.us-east-1.amazonaws.com/767398090493/managerToLocalQueue-badda125fa523977
