LOCAL 2024-02-12 15:53:42 INFO  LocalApp:32 - LocalApp started with id 9831814ce736dd77
LOCAL 2024-02-12 15:53:42 INFO  LocalApp:35 - LocalAppEnv created
LOCAL 2024-02-12 15:53:44 ERROR S3Handler:27 - Your previous request to create the named bucket succeeded and you already own it. (Service: S3, Status Code: 409, Request ID: 9VWYEXX3JGXEQ8RH, Extended Request ID: DPOwiSfupn9D66v+jd9Y9iiOvENmm6DaOqnJYV7KOa0wCa5U6Ymz6J5de1nazJO7ghw/A+os7S4wRK9mYKfRIg==)
LOCAL 2024-02-12 15:53:45 INFO  SQSHandler:19 - Queue localToManagerQueue created
LOCAL 2024-02-12 15:53:45 INFO  SQSHandler:19 - Queue managerToLocalQueue created
LOCAL 2024-02-12 15:53:46 INFO  S3Handler:42 - File test-input3.txt uploaded to S3 bucket sarcasm-analysis-bucket
LOCAL 2024-02-12 15:53:46 INFO  SQSHandler:76 - Sent message to https://sqs.us-east-1.amazonaws.com/767398090493/localToManagerQueue
LOCAL 2024-02-12 15:53:46 INFO  LocalApp:80 - Sent task to manager: test-input3.txt for inputIndex 0 with 1 reviews per worker
LOCAL 2024-02-12 15:53:46 INFO  LocalApp:87 - Polling for responses from manager
LOCAL 2024-02-12 15:54:06 INFO  LocalApp:87 - Polling for responses from manager
LOCAL 2024-02-12 15:54:26 INFO  LocalApp:87 - Polling for responses from manager
LOCAL 2024-02-12 15:54:46 INFO  LocalApp:87 - Polling for responses from manager
LOCAL 2024-02-12 15:55:07 INFO  LocalApp:87 - Polling for responses from manager
LOCAL 2024-02-12 15:55:27 INFO  LocalApp:87 - Polling for responses from manager
LOCAL 2024-02-12 15:55:47 INFO  LocalApp:87 - Polling for responses from manager
LOCAL 2024-02-12 15:56:07 INFO  LocalApp:87 - Polling for responses from manager
LOCAL 2024-02-12 15:56:27 INFO  LocalApp:87 - Polling for responses from manager
LOCAL 2024-02-12 15:56:47 INFO  LocalApp:87 - Polling for responses from manager
LOCAL 2024-02-12 15:57:07 INFO  LocalApp:87 - Polling for responses from manager
LOCAL 2024-02-12 15:57:28 INFO  LocalApp:87 - Polling for responses from manager
LOCAL 2024-02-12 15:57:48 INFO  LocalApp:87 - Polling for responses from manager
LOCAL 2024-02-12 15:58:09 INFO  LocalApp:87 - Polling for responses from manager
LOCAL 2024-02-12 15:58:29 INFO  LocalApp:87 - Polling for responses from manager
LOCAL 2024-02-12 15:58:49 INFO  LocalApp:87 - Polling for responses from manager
LOCAL 2024-02-12 15:59:09 INFO  LocalApp:87 - Polling for responses from manager
LOCAL 2024-02-12 15:59:29 INFO  LocalApp:87 - Polling for responses from manager
LOCAL 2024-02-12 15:59:50 INFO  LocalApp:87 - Polling for responses from manager
LOCAL 2024-02-12 16:00:10 INFO  LocalApp:87 - Polling for responses from manager
LOCAL 2024-02-12 16:00:30 INFO  LocalApp:87 - Polling for responses from manager
LOCAL 2024-02-12 16:00:47 INFO  LocalApp:99 - Received response from manager: 9831814ce736dd77::done::9831814ce736dd77-summary-0::0
LOCAL 2024-02-12 16:00:47 INFO  LocalApp:27 - LocalAppTask started
LOCAL 2024-02-12 16:00:47 INFO  S3Handler:56 - Downloading file 9831814ce736dd77/9831814ce736dd77-summary-0 from S3 bucket sarcasm-analysis-bucket
LOCAL 2024-02-12 16:00:48 INFO  LocalApp:35 - Received summary file from S3
LOCAL 2024-02-12 16:00:48 INFO  LocalApp:64 - Added review RZFIYJTPVUZ94 to summary
LOCAL 2024-02-12 16:00:48 INFO  LocalApp:73 - Created summary HTML file at output3.html
LOCAL 2024-02-12 16:00:48 INFO  SQSHandler:116 - Deleted message from https://sqs.us-east-1.amazonaws.com/767398090493/managerToLocalQueue
LOCAL 2024-02-12 16:00:48 INFO  LocalApp:133 - Waiting for executor to finish
LOCAL 2024-02-12 16:00:48 INFO  LocalApp:138 - Executor finished
LOCAL 2024-02-12 16:00:49 INFO  S3Handler:71 - File 9831814ce736dd77/ deleted from S3 bucket sarcasm-analysis-bucket
LOCAL 2024-02-12 16:00:49 INFO  LocalApp:65 - LocalApp finished
