LOCAL 2024-02-11 09:23:49 INFO  LocalApp:27 - LocalApp started with id dc877428ed6e4bd3
LOCAL 2024-02-11 09:23:49 INFO  LocalApp:31 - LocalAppEnv created
LOCAL 2024-02-11 09:23:50 INFO  LocalApp:27 - S3 bucket sarcasm-analysis-bucket-dc877428ed6e4bd3 created
LOCAL 2024-02-11 09:23:51 INFO  LocalApp:22 - Queue localToManagerQueue-dc877428ed6e4bd3 created
LOCAL 2024-02-11 09:23:52 INFO  LocalApp:22 - Queue managerToLocalQueue-dc877428ed6e4bd3 created
LOCAL 2024-02-11 09:23:52 INFO  LocalApp:45 - File test-input1.txt uploaded to S3 bucket sarcasm-analysis-bucket-dc877428ed6e4bd3
LOCAL 2024-02-11 09:23:52 INFO  LocalApp:76 - Sent message to https://sqs.us-east-1.amazonaws.com/767398090493/localToManagerQueue-dc877428ed6e4bd3
LOCAL 2024-02-11 09:23:52 INFO  LocalApp:80 - Sent task to manager: test-input1.txt for inputIndex 0 with 3 reviews per worker
LOCAL 2024-02-11 09:23:52 INFO  LocalApp:87 - Polling for responses from manager
LOCAL 2024-02-11 09:23:52 INFO  LocalApp:80 - Polling messages from https://sqs.us-east-1.amazonaws.com/767398090493/managerToLocalQueue-dc877428ed6e4bd3
LOCAL 2024-02-11 09:24:12 INFO  LocalApp:87 - Polling for responses from manager
LOCAL 2024-02-11 09:24:12 INFO  LocalApp:80 - Polling messages from https://sqs.us-east-1.amazonaws.com/767398090493/managerToLocalQueue-dc877428ed6e4bd3
LOCAL 2024-02-11 09:24:33 INFO  LocalApp:87 - Polling for responses from manager
LOCAL 2024-02-11 09:24:33 INFO  LocalApp:80 - Polling messages from https://sqs.us-east-1.amazonaws.com/767398090493/managerToLocalQueue-dc877428ed6e4bd3
LOCAL 2024-02-11 09:24:53 INFO  LocalApp:87 - Polling for responses from manager
LOCAL 2024-02-11 09:24:53 INFO  LocalApp:80 - Polling messages from https://sqs.us-east-1.amazonaws.com/767398090493/managerToLocalQueue-dc877428ed6e4bd3
LOCAL 2024-02-11 09:25:13 INFO  LocalApp:87 - Polling for responses from manager
LOCAL 2024-02-11 09:25:13 INFO  LocalApp:80 - Polling messages from https://sqs.us-east-1.amazonaws.com/767398090493/managerToLocalQueue-dc877428ed6e4bd3
LOCAL 2024-02-11 09:25:33 INFO  LocalApp:87 - Polling for responses from manager
LOCAL 2024-02-11 09:25:33 INFO  LocalApp:80 - Polling messages from https://sqs.us-east-1.amazonaws.com/767398090493/managerToLocalQueue-dc877428ed6e4bd3
LOCAL 2024-02-11 09:25:53 INFO  LocalApp:87 - Polling for responses from manager
LOCAL 2024-02-11 09:25:53 INFO  LocalApp:80 - Polling messages from https://sqs.us-east-1.amazonaws.com/767398090493/managerToLocalQueue-dc877428ed6e4bd3
LOCAL 2024-02-11 09:26:13 INFO  LocalApp:87 - Polling for responses from manager
LOCAL 2024-02-11 09:26:13 INFO  LocalApp:80 - Polling messages from https://sqs.us-east-1.amazonaws.com/767398090493/managerToLocalQueue-dc877428ed6e4bd3
LOCAL 2024-02-11 09:26:34 INFO  LocalApp:87 - Polling for responses from manager
LOCAL 2024-02-11 09:26:34 INFO  LocalApp:80 - Polling messages from https://sqs.us-east-1.amazonaws.com/767398090493/managerToLocalQueue-dc877428ed6e4bd3
LOCAL 2024-02-11 09:26:54 INFO  LocalApp:87 - Polling for responses from manager
LOCAL 2024-02-11 09:26:54 INFO  LocalApp:80 - Polling messages from https://sqs.us-east-1.amazonaws.com/767398090493/managerToLocalQueue-dc877428ed6e4bd3
LOCAL 2024-02-11 09:27:14 INFO  LocalApp:87 - Polling for responses from manager
LOCAL 2024-02-11 09:27:14 INFO  LocalApp:80 - Polling messages from https://sqs.us-east-1.amazonaws.com/767398090493/managerToLocalQueue-dc877428ed6e4bd3
LOCAL 2024-02-11 09:27:34 INFO  LocalApp:87 - Polling for responses from manager
LOCAL 2024-02-11 09:27:34 INFO  LocalApp:80 - Polling messages from https://sqs.us-east-1.amazonaws.com/767398090493/managerToLocalQueue-dc877428ed6e4bd3
LOCAL 2024-02-11 09:27:45 INFO  LocalApp:99 - Received response from manager: dc877428ed6e4bd3::done::dc877428ed6e4bd3-summary-0::0
LOCAL 2024-02-11 09:27:45 INFO  LocalApp:28 - LocalAppTask ac5f9b52 started
LOCAL 2024-02-11 09:27:45 INFO  LocalApp:59 - Downloading file dc877428ed6e4bd3-summary-0 from S3 bucket sarcasm-analysis-bucket-dc877428ed6e4bd3
LOCAL 2024-02-11 09:27:46 INFO  LocalApp:35 - LocalAppTask ac5f9b52 received summary file from S3
LOCAL 2024-02-11 09:27:46 INFO  LocalApp:87 - LocalAppTask ac5f9b52 added review to summary
LOCAL 2024-02-11 09:27:46 INFO  LocalApp:87 - LocalAppTask ac5f9b52 added review to summary
LOCAL 2024-02-11 09:27:46 INFO  LocalApp:87 - LocalAppTask ac5f9b52 added review to summary
LOCAL 2024-02-11 09:27:46 INFO  LocalApp:87 - LocalAppTask ac5f9b52 added review to summary
LOCAL 2024-02-11 09:27:46 INFO  LocalApp:87 - LocalAppTask ac5f9b52 added review to summary
LOCAL 2024-02-11 09:27:46 INFO  LocalApp:87 - LocalAppTask ac5f9b52 added review to summary
LOCAL 2024-02-11 09:27:46 INFO  LocalApp:87 - LocalAppTask ac5f9b52 added review to summary
LOCAL 2024-02-11 09:27:46 INFO  LocalApp:87 - LocalAppTask ac5f9b52 added review to summary
LOCAL 2024-02-11 09:27:46 INFO  LocalApp:87 - LocalAppTask ac5f9b52 added review to summary
LOCAL 2024-02-11 09:27:46 INFO  LocalApp:87 - LocalAppTask ac5f9b52 added review to summary
LOCAL 2024-02-11 09:27:46 INFO  LocalApp:87 - LocalAppTask ac5f9b52 added review to summary
LOCAL 2024-02-11 09:27:46 INFO  LocalApp:87 - LocalAppTask ac5f9b52 added review to summary
LOCAL 2024-02-11 09:27:46 INFO  LocalApp:87 - LocalAppTask ac5f9b52 added review to summary
LOCAL 2024-02-11 09:27:46 INFO  LocalApp:87 - LocalAppTask ac5f9b52 added review to summary
LOCAL 2024-02-11 09:27:46 INFO  LocalApp:87 - LocalAppTask ac5f9b52 added review to summary
LOCAL 2024-02-11 09:27:46 INFO  LocalApp:87 - LocalAppTask ac5f9b52 added review to summary
LOCAL 2024-02-11 09:27:46 INFO  LocalApp:87 - LocalAppTask ac5f9b52 added review to summary
LOCAL 2024-02-11 09:27:46 INFO  LocalApp:87 - LocalAppTask ac5f9b52 added review to summary
LOCAL 2024-02-11 09:27:46 INFO  LocalApp:87 - LocalAppTask ac5f9b52 added review to summary
LOCAL 2024-02-11 09:27:46 INFO  LocalApp:87 - LocalAppTask ac5f9b52 added review to summary
LOCAL 2024-02-11 09:27:46 INFO  LocalApp:96 - LocalAppTask ac5f9b52 created summary HTML file at output1.html
LOCAL 2024-02-11 09:27:47 INFO  LocalApp:74 - File dc877428ed6e4bd3-summary-0 deleted from S3 bucket sarcasm-analysis-bucket-dc877428ed6e4bd3
LOCAL 2024-02-11 09:27:48 INFO  LocalApp:98 - Deleted message from https://sqs.us-east-1.amazonaws.com/767398090493/managerToLocalQueue-dc877428ed6e4bd3
LOCAL 2024-02-11 09:27:48 INFO  LocalApp:126 - Waiting for executor to finish
LOCAL 2024-02-11 09:27:48 INFO  LocalApp:58 - Queue https://sqs.us-east-1.amazonaws.com/767398090493/managerToLocalQueue-dc877428ed6e4bd3 deleted
LOCAL 2024-02-11 09:27:48 INFO  LocalApp:58 - Queue https://sqs.us-east-1.amazonaws.com/767398090493/localToManagerQueue-dc877428ed6e4bd3 deleted
LOCAL 2024-02-11 09:27:48 INFO  LocalApp:89 - S3 bucket sarcasm-analysis-bucket-dc877428ed6e4bd3 emptied
LOCAL 2024-02-11 09:27:49 INFO  LocalApp:98 - S3 bucket sarcasm-analysis-bucket-dc877428ed6e4bd3 deleted
LOCAL 2024-02-11 09:27:49 INFO  LocalApp:65 - LocalApp finished
