LOCAL 2024-02-11 19:35:55 INFO  LocalApp:32 - LocalApp started with id 84c7cd23d6bc9812
LOCAL 2024-02-11 19:35:55 INFO  LocalApp:36 - LocalAppEnv created
LOCAL 2024-02-11 19:35:58 INFO  S3Handler:24 - S3 bucket sarcasm-analysis-bucket-84c7cd23d6bc9812 created
LOCAL 2024-02-11 19:35:59 INFO  SQSHandler:19 - Queue localToManagerQueue-84c7cd23d6bc9812 created
LOCAL 2024-02-11 19:35:59 INFO  SQSHandler:19 - Queue managerToLocalQueue-84c7cd23d6bc9812 created
LOCAL 2024-02-11 19:36:00 INFO  S3Handler:42 - File input1.txt uploaded to S3 bucket sarcasm-analysis-bucket-84c7cd23d6bc9812
LOCAL 2024-02-11 19:36:01 INFO  SQSHandler:73 - Sent message to https://sqs.us-east-1.amazonaws.com/767398090493/localToManagerQueue-84c7cd23d6bc9812
LOCAL 2024-02-11 19:36:01 INFO  LocalApp:85 - Sent task to manager: input1.txt for inputIndex 0 with 50 reviews per worker
LOCAL 2024-02-11 19:36:01 INFO  S3Handler:42 - File input2.txt uploaded to S3 bucket sarcasm-analysis-bucket-84c7cd23d6bc9812
LOCAL 2024-02-11 19:36:02 INFO  SQSHandler:73 - Sent message to https://sqs.us-east-1.amazonaws.com/767398090493/localToManagerQueue-84c7cd23d6bc9812
LOCAL 2024-02-11 19:36:02 INFO  LocalApp:85 - Sent task to manager: input2.txt for inputIndex 1 with 50 reviews per worker
LOCAL 2024-02-11 19:36:02 INFO  LocalApp:92 - Polling for responses from manager
LOCAL 2024-02-11 19:36:22 INFO  LocalApp:92 - Polling for responses from manager
LOCAL 2024-02-11 19:36:42 INFO  LocalApp:92 - Polling for responses from manager
LOCAL 2024-02-11 19:37:02 INFO  LocalApp:92 - Polling for responses from manager
LOCAL 2024-02-11 19:37:22 INFO  LocalApp:92 - Polling for responses from manager
LOCAL 2024-02-11 19:37:43 INFO  LocalApp:92 - Polling for responses from manager
LOCAL 2024-02-11 19:38:03 INFO  LocalApp:92 - Polling for responses from manager
LOCAL 2024-02-11 19:38:23 INFO  LocalApp:92 - Polling for responses from manager
LOCAL 2024-02-11 19:38:43 INFO  LocalApp:92 - Polling for responses from manager
LOCAL 2024-02-11 19:39:03 INFO  LocalApp:92 - Polling for responses from manager
