LOCAL 2024-02-12 12:54:46 INFO  LocalApp:32 - LocalApp started with id a9bc09963d512882
LOCAL 2024-02-12 12:54:46 INFO  LocalApp:35 - LocalAppEnv created
LOCAL 2024-02-12 12:54:48 INFO  S3Handler:24 - S3 bucket sarcasm-analysis-bucket created
LOCAL 2024-02-12 12:54:49 INFO  SQSHandler:19 - Queue localToManagerQueue created
LOCAL 2024-02-12 12:54:49 INFO  SQSHandler:19 - Queue managerToLocalQueue created
LOCAL 2024-02-12 12:54:50 INFO  S3Handler:42 - File input2.txt uploaded to S3 bucket sarcasm-analysis-bucket
LOCAL 2024-02-12 12:54:50 INFO  SQSHandler:76 - Sent message to https://sqs.us-east-1.amazonaws.com/767398090493/localToManagerQueue
LOCAL 2024-02-12 12:54:50 INFO  LocalApp:80 - Sent task to manager: input2.txt for inputIndex 0 with 100 reviews per worker
LOCAL 2024-02-12 12:54:52 INFO  EC2Handler:87 - Manager instance does not exist
LOCAL 2024-02-12 12:54:52 INFO  EC2Handler:93 - Creating manager instance
LOCAL 2024-02-12 12:54:54 INFO  EC2Handler:33 - Successfully started EC2 instance i-0ef9cb7333a4fa133 based on AMI ami-00e95a9222311e8ed
LOCAL 2024-02-12 12:54:54 INFO  LocalApp:87 - Polling for responses from manager
LOCAL 2024-02-12 12:55:14 INFO  LocalApp:87 - Polling for responses from manager
LOCAL 2024-02-12 12:55:34 INFO  LocalApp:87 - Polling for responses from manager
LOCAL 2024-02-12 12:55:54 INFO  LocalApp:87 - Polling for responses from manager
LOCAL 2024-02-12 12:56:14 INFO  LocalApp:87 - Polling for responses from manager
LOCAL 2024-02-12 12:56:34 INFO  LocalApp:87 - Polling for responses from manager
LOCAL 2024-02-12 12:56:54 INFO  LocalApp:87 - Polling for responses from manager
LOCAL 2024-02-12 12:57:15 INFO  LocalApp:87 - Polling for responses from manager
LOCAL 2024-02-12 12:57:35 INFO  LocalApp:87 - Polling for responses from manager
LOCAL 2024-02-12 12:57:55 INFO  LocalApp:87 - Polling for responses from manager
LOCAL 2024-02-12 12:58:15 INFO  LocalApp:87 - Polling for responses from manager
LOCAL 2024-02-12 12:58:35 INFO  LocalApp:87 - Polling for responses from manager
LOCAL 2024-02-12 12:58:55 INFO  LocalApp:87 - Polling for responses from manager
LOCAL 2024-02-12 12:59:16 INFO  LocalApp:87 - Polling for responses from manager
LOCAL 2024-02-12 12:59:36 INFO  LocalApp:87 - Polling for responses from manager
LOCAL 2024-02-12 12:59:56 INFO  LocalApp:87 - Polling for responses from manager
LOCAL 2024-02-12 13:00:17 INFO  LocalApp:87 - Polling for responses from manager
LOCAL 2024-02-12 13:00:37 INFO  LocalApp:87 - Polling for responses from manager
LOCAL 2024-02-12 13:00:57 INFO  LocalApp:87 - Polling for responses from manager
LOCAL 2024-02-12 13:01:17 INFO  LocalApp:87 - Polling for responses from manager
LOCAL 2024-02-12 13:01:37 INFO  LocalApp:87 - Polling for responses from manager
LOCAL 2024-02-12 13:01:57 INFO  LocalApp:87 - Polling for responses from manager
LOCAL 2024-02-12 13:02:17 INFO  LocalApp:87 - Polling for responses from manager
