LOCAL 2024-02-12 13:16:35 INFO  LocalApp:32 - LocalApp started with id 828e095603c938da
LOCAL 2024-02-12 13:16:35 INFO  LocalApp:35 - LocalAppEnv created
LOCAL 2024-02-12 13:16:37 INFO  S3Handler:24 - S3 bucket sarcasm-analysis-bucket created
LOCAL 2024-02-12 13:16:38 INFO  SQSHandler:19 - Queue localToManagerQueue created
LOCAL 2024-02-12 13:16:38 INFO  SQSHandler:19 - Queue managerToLocalQueue created
LOCAL 2024-02-12 13:16:39 INFO  S3Handler:42 - File input2.txt uploaded to S3 bucket sarcasm-analysis-bucket
LOCAL 2024-02-12 13:16:39 INFO  SQSHandler:76 - Sent message to https://sqs.us-east-1.amazonaws.com/767398090493/localToManagerQueue
LOCAL 2024-02-12 13:16:39 INFO  LocalApp:80 - Sent task to manager: input2.txt for inputIndex 0 with 200 reviews per worker
LOCAL 2024-02-12 13:16:41 INFO  EC2Handler:87 - Manager instance does not exist
LOCAL 2024-02-12 13:16:41 INFO  EC2Handler:93 - Creating manager instance
LOCAL 2024-02-12 13:16:43 INFO  EC2Handler:33 - Successfully started EC2 instance i-0b705fbefe4dfedd3 based on AMI ami-00e95a9222311e8ed
LOCAL 2024-02-12 13:16:43 INFO  LocalApp:87 - Polling for responses from manager
LOCAL 2024-02-12 13:17:03 INFO  LocalApp:87 - Polling for responses from manager
LOCAL 2024-02-12 13:17:24 INFO  LocalApp:87 - Polling for responses from manager
LOCAL 2024-02-12 13:17:44 INFO  LocalApp:87 - Polling for responses from manager
LOCAL 2024-02-12 13:18:04 INFO  LocalApp:87 - Polling for responses from manager
LOCAL 2024-02-12 13:18:24 INFO  LocalApp:87 - Polling for responses from manager
LOCAL 2024-02-12 13:18:44 INFO  LocalApp:87 - Polling for responses from manager
LOCAL 2024-02-12 13:19:04 INFO  LocalApp:87 - Polling for responses from manager
LOCAL 2024-02-12 13:19:24 INFO  LocalApp:87 - Polling for responses from manager
LOCAL 2024-02-12 13:19:45 INFO  LocalApp:87 - Polling for responses from manager
LOCAL 2024-02-12 13:20:05 INFO  LocalApp:87 - Polling for responses from manager
LOCAL 2024-02-12 13:20:25 INFO  LocalApp:87 - Polling for responses from manager
LOCAL 2024-02-12 13:20:45 INFO  LocalApp:87 - Polling for responses from manager
