LOCAL 2024-02-11 22:00:49 INFO  LocalApp:32 - LocalApp started with id 98bddbd651f28c66
LOCAL 2024-02-11 22:00:49 INFO  LocalApp:36 - LocalAppEnv created
LOCAL 2024-02-11 22:00:51 INFO  S3Handler:24 - S3 bucket sarcasm-analysis-bucket-98bddbd651f28c66 created
LOCAL 2024-02-11 22:00:52 INFO  SQSHandler:19 - Queue localToManagerQueue-98bddbd651f28c66 created
LOCAL 2024-02-11 22:00:52 INFO  SQSHandler:19 - Queue managerToLocalQueue-98bddbd651f28c66 created
LOCAL 2024-02-11 22:00:53 INFO  S3Handler:42 - File input1.txt uploaded to S3 bucket sarcasm-analysis-bucket-98bddbd651f28c66
LOCAL 2024-02-11 22:00:54 INFO  SQSHandler:73 - Sent message to https://sqs.us-east-1.amazonaws.com/767398090493/localToManagerQueue-98bddbd651f28c66
LOCAL 2024-02-11 22:00:54 INFO  LocalApp:85 - Sent task to manager: input1.txt for inputIndex 0 with 200 reviews per worker
LOCAL 2024-02-11 22:00:54 INFO  S3Handler:42 - File input2.txt uploaded to S3 bucket sarcasm-analysis-bucket-98bddbd651f28c66
LOCAL 2024-02-11 22:00:54 INFO  SQSHandler:73 - Sent message to https://sqs.us-east-1.amazonaws.com/767398090493/localToManagerQueue-98bddbd651f28c66
LOCAL 2024-02-11 22:00:54 INFO  LocalApp:85 - Sent task to manager: input2.txt for inputIndex 1 with 200 reviews per worker
LOCAL 2024-02-11 22:00:55 INFO  EC2Handler:87 - Manager instance does not exist
LOCAL 2024-02-11 22:00:55 INFO  EC2Handler:93 - Creating manager instance
LOCAL 2024-02-11 22:00:58 INFO  EC2Handler:33 - Successfully started EC2 instance i-08ecfc7d51e4dd4ea based on AMI ami-00e95a9222311e8ed
LOCAL 2024-02-11 22:00:58 INFO  LocalApp:92 - Polling for responses from manager
LOCAL 2024-02-11 22:01:18 INFO  LocalApp:92 - Polling for responses from manager
LOCAL 2024-02-11 22:01:38 INFO  LocalApp:92 - Polling for responses from manager
LOCAL 2024-02-11 22:01:58 INFO  LocalApp:92 - Polling for responses from manager
LOCAL 2024-02-11 22:02:18 INFO  LocalApp:92 - Polling for responses from manager
LOCAL 2024-02-11 22:02:38 INFO  LocalApp:92 - Polling for responses from manager
LOCAL 2024-02-11 22:02:59 INFO  LocalApp:92 - Polling for responses from manager
LOCAL 2024-02-11 22:03:19 INFO  LocalApp:92 - Polling for responses from manager
LOCAL 2024-02-11 22:03:39 INFO  LocalApp:92 - Polling for responses from manager
LOCAL 2024-02-11 22:03:49 INFO  LocalApp:104 - Received response from manager: 98bddbd651f28c66::done::98bddbd651f28c66-summary-0::0
LOCAL 2024-02-11 22:03:49 INFO  LocalApp:26 - LocalAppTask started
LOCAL 2024-02-11 22:03:49 INFO  S3Handler:56 - Downloading file 98bddbd651f28c66-summary-0 from S3 bucket sarcasm-analysis-bucket-98bddbd651f28c66
LOCAL 2024-02-11 22:03:50 INFO  LocalApp:33 - Received summary file from S3
LOCAL 2024-02-11 22:03:50 INFO  LocalApp:60 - Added review R28CW6BRT1I3WS to summary
LOCAL 2024-02-11 22:03:50 INFO  LocalApp:60 - Added review R1HA441CEIOX36 to summary
LOCAL 2024-02-11 22:03:50 INFO  LocalApp:60 - Added review RZQ0PVWAXQN1I to summary
LOCAL 2024-02-11 22:03:50 INFO  LocalApp:60 - Added review R2NN3ZT114GXSD to summary
LOCAL 2024-02-11 22:03:50 INFO  LocalApp:60 - Added review R2JET1LNB8VGIC to summary
LOCAL 2024-02-11 22:03:50 INFO  LocalApp:60 - Added review R3MB41VM9C8JHF to summary
LOCAL 2024-02-11 22:03:50 INFO  LocalApp:60 - Added review R1IMZWAH2HU0RA to summary
LOCAL 2024-02-11 22:03:50 INFO  LocalApp:60 - Added review R1VXBAML9Y9OOA to summary
LOCAL 2024-02-11 22:03:50 INFO  LocalApp:60 - Added review R1YSA0QE7S7SNN to summary
LOCAL 2024-02-11 22:03:50 INFO  LocalApp:60 - Added review R34QMOG4K0SHD8 to summary
LOCAL 2024-02-11 22:03:50 INFO  LocalApp:60 - Added review R35M6ASHV3I9TP to summary
LOCAL 2024-02-11 22:03:50 INFO  LocalApp:60 - Added review R2L9FQQMP0N4TL to summary
LOCAL 2024-02-11 22:03:50 INFO  LocalApp:60 - Added review RJ62XWHGDIF7 to summary
LOCAL 2024-02-11 22:03:50 INFO  LocalApp:60 - Added review R1XXZKFEUS6WD8 to summary
LOCAL 2024-02-11 22:03:50 INFO  LocalApp:60 - Added review R3JVMDCLCJQ7OD to summary
LOCAL 2024-02-11 22:03:50 INFO  LocalApp:60 - Added review RVG9C50OK3MYF to summary
LOCAL 2024-02-11 22:03:50 INFO  LocalApp:60 - Added review R168F35482GO3P to summary
LOCAL 2024-02-11 22:03:50 INFO  LocalApp:60 - Added review R1BIV3K2KLDPDO to summary
LOCAL 2024-02-11 22:03:50 INFO  LocalApp:60 - Added review R2T3D5DOO5FCXG to summary
LOCAL 2024-02-11 22:03:50 INFO  LocalApp:60 - Added review R1HQ0YR95HH94J to summary
LOCAL 2024-02-11 22:03:50 INFO  LocalApp:60 - Added review R8OWCLDI0GGL0 to summary
LOCAL 2024-02-11 22:03:50 INFO  LocalApp:60 - Added review R1RUXYHCSZSHJ0 to summary
LOCAL 2024-02-11 22:03:50 INFO  LocalApp:60 - Added review R2UMQUE3WKQ0YW to summary
LOCAL 2024-02-11 22:03:50 INFO  LocalApp:60 - Added review R11K609K9FA6Y4 to summary
LOCAL 2024-02-11 22:03:50 INFO  LocalApp:60 - Added review R1T853CAOX2GKQ to summary
LOCAL 2024-02-11 22:03:50 INFO  LocalApp:60 - Added review R22U7UAVMUE79R to summary
LOCAL 2024-02-11 22:03:50 INFO  LocalApp:60 - Added review RN3WUTQPDORYE to summary
LOCAL 2024-02-11 22:03:50 INFO  LocalApp:60 - Added review RQFO6EZK21SA3 to summary
LOCAL 2024-02-11 22:03:50 INFO  LocalApp:60 - Added review ROH8MORG3G94X to summary
LOCAL 2024-02-11 22:03:50 INFO  LocalApp:60 - Added review R4FQCSH8I533I to summary
LOCAL 2024-02-11 22:03:50 INFO  LocalApp:60 - Added review R3GJORSH5JM7J2 to summary
LOCAL 2024-02-11 22:03:50 INFO  LocalApp:60 - Added review R36NOS68DTSO98 to summary
LOCAL 2024-02-11 22:03:50 INFO  LocalApp:60 - Added review R1OQJ80RUJ759U to summary
LOCAL 2024-02-11 22:03:50 INFO  LocalApp:60 - Added review R2LTX4K942REZ6 to summary
LOCAL 2024-02-11 22:03:50 INFO  LocalApp:60 - Added review R167BE5I3EVUMB to summary
LOCAL 2024-02-11 22:03:50 INFO  LocalApp:60 - Added review R126IXMG8FTZNK to summary
LOCAL 2024-02-11 22:03:50 INFO  LocalApp:60 - Added review R37FFB363KA4VW to summary
LOCAL 2024-02-11 22:03:50 INFO  LocalApp:60 - Added review R2AF2W42NTLN03 to summary
LOCAL 2024-02-11 22:03:50 INFO  LocalApp:60 - Added review R1D5ATRPD0FLF to summary
LOCAL 2024-02-11 22:03:50 INFO  LocalApp:60 - Added review RXS3K32XDYS50 to summary
LOCAL 2024-02-11 22:03:50 INFO  LocalApp:60 - Added review R2NF2SA2LOJYK0 to summary
LOCAL 2024-02-11 22:03:50 INFO  LocalApp:60 - Added review R2TRPI07Z5TB9L to summary
LOCAL 2024-02-11 22:03:50 INFO  LocalApp:60 - Added review R1D4E096B5B40Z to summary
LOCAL 2024-02-11 22:03:50 INFO  LocalApp:60 - Added review R20R5DLH2UZKX1 to summary
LOCAL 2024-02-11 22:03:50 INFO  LocalApp:60 - Added review RGLQYVJV1BUPN to summary
LOCAL 2024-02-11 22:03:50 INFO  LocalApp:60 - Added review R1TG4AUA7Y7EU4 to summary
LOCAL 2024-02-11 22:03:50 INFO  LocalApp:60 - Added review R36KHA7G6JKTZN to summary
LOCAL 2024-02-11 22:03:50 INFO  LocalApp:60 - Added review RQAAAHDDGBGSM to summary
LOCAL 2024-02-11 22:03:50 INFO  LocalApp:60 - Added review R2ZXKBYP9Q5H1P to summary
LOCAL 2024-02-11 22:03:50 INFO  LocalApp:60 - Added review R20C15AL3RZNFK to summary
LOCAL 2024-02-11 22:03:50 INFO  LocalApp:60 - Added review R2DUT9NY2SHSIY to summary
LOCAL 2024-02-11 22:03:50 INFO  LocalApp:60 - Added review R3R9QKZ61DMKGF to summary
LOCAL 2024-02-11 22:03:50 INFO  LocalApp:60 - Added review R2JYKFIOFLDPVT to summary
LOCAL 2024-02-11 22:03:50 INFO  LocalApp:60 - Added review R2PSXJ6JTY2KBF to summary
LOCAL 2024-02-11 22:03:50 INFO  LocalApp:60 - Added review R193MF3E66AMI5 to summary
LOCAL 2024-02-11 22:03:50 INFO  LocalApp:60 - Added review R2JKJMT8XRKD5W to summary
LOCAL 2024-02-11 22:03:50 INFO  LocalApp:60 - Added review R9R9FOKED36NB to summary
LOCAL 2024-02-11 22:03:50 INFO  LocalApp:60 - Added review R38E4AKFKFZRCX to summary
LOCAL 2024-02-11 22:03:50 INFO  LocalApp:60 - Added review R37OYAYP2HL4WM to summary
LOCAL 2024-02-11 22:03:50 INFO  LocalApp:60 - Added review RINQNJYCZ6ZMA to summary
LOCAL 2024-02-11 22:03:50 INFO  LocalApp:60 - Added review R3BBOWZM73BJ4G to summary
LOCAL 2024-02-11 22:03:50 INFO  LocalApp:60 - Added review R3W3BU16T3ZB6K to summary
LOCAL 2024-02-11 22:03:50 INFO  LocalApp:60 - Added review R2JAVZCM52EDOV to summary
LOCAL 2024-02-11 22:03:50 INFO  LocalApp:60 - Added review R26PN2JPMGRCS1 to summary
LOCAL 2024-02-11 22:03:50 INFO  LocalApp:60 - Added review R1S6W7GFYN25CW to summary
LOCAL 2024-02-11 22:03:50 INFO  LocalApp:60 - Added review R19TV6B4AWHG1B to summary
LOCAL 2024-02-11 22:03:50 INFO  LocalApp:60 - Added review R1ND8M8IXDOCXS to summary
LOCAL 2024-02-11 22:03:50 INFO  LocalApp:60 - Added review R2MFTWFJ8DCA9J to summary
LOCAL 2024-02-11 22:03:50 INFO  LocalApp:60 - Added review R2Q0PPQ18OXN9 to summary
LOCAL 2024-02-11 22:03:50 INFO  LocalApp:60 - Added review R2FVF4IE2XB6YE to summary
LOCAL 2024-02-11 22:03:50 INFO  LocalApp:60 - Added review R34R8UQM5K3CA8 to summary
LOCAL 2024-02-11 22:03:50 INFO  LocalApp:60 - Added review R3JLDNL9R4RBWA to summary
LOCAL 2024-02-11 22:03:50 INFO  LocalApp:60 - Added review R3IABCV7XBGTS7 to summary
LOCAL 2024-02-11 22:03:50 INFO  LocalApp:60 - Added review R1OMC346J0RPSH to summary
LOCAL 2024-02-11 22:03:50 INFO  LocalApp:60 - Added review R1IAD68RQ7ELAV to summary
LOCAL 2024-02-11 22:03:50 INFO  LocalApp:60 - Added review R142H1KFJ8C2QK to summary
LOCAL 2024-02-11 22:03:50 INFO  LocalApp:60 - Added review R2874NT3K974P7 to summary
LOCAL 2024-02-11 22:03:50 INFO  LocalApp:60 - Added review R1TXEA6FWMTRYQ to summary
LOCAL 2024-02-11 22:03:50 INFO  LocalApp:60 - Added review RRGM06Y1WF6L3 to summary
LOCAL 2024-02-11 22:03:50 INFO  LocalApp:60 - Added review R2M4FJVQOSB6OQ to summary
LOCAL 2024-02-11 22:03:50 INFO  LocalApp:60 - Added review RZKLR0UYVK26X to summary
LOCAL 2024-02-11 22:03:50 INFO  LocalApp:60 - Added review R25ATJUDAMEBGX to summary
LOCAL 2024-02-11 22:03:50 INFO  LocalApp:60 - Added review RO8ZN3X330K2T to summary
LOCAL 2024-02-11 22:03:50 INFO  LocalApp:60 - Added review R2M08968Q9D8Y5 to summary
LOCAL 2024-02-11 22:03:50 INFO  LocalApp:60 - Added review R2HMSFQRWCJ7E8 to summary
LOCAL 2024-02-11 22:03:50 INFO  LocalApp:60 - Added review RUQ90EAKFV7EA to summary
LOCAL 2024-02-11 22:03:50 INFO  LocalApp:60 - Added review RRKHISGKBUFR6 to summary
LOCAL 2024-02-11 22:03:50 INFO  LocalApp:60 - Added review RRQAAPTNP04V0 to summary
LOCAL 2024-02-11 22:03:50 INFO  LocalApp:60 - Added review R1EX0F7SR4ARP8 to summary
LOCAL 2024-02-11 22:03:50 INFO  LocalApp:60 - Added review R3QIO4111QI7F2 to summary
LOCAL 2024-02-11 22:03:50 INFO  LocalApp:60 - Added review R366N97DLUODS7 to summary
LOCAL 2024-02-11 22:03:50 INFO  LocalApp:60 - Added review R1L37SZ6RS1Z9D to summary
LOCAL 2024-02-11 22:03:50 INFO  LocalApp:60 - Added review R1BEK8UWDRQ7WL to summary
LOCAL 2024-02-11 22:03:50 INFO  LocalApp:60 - Added review R31UKUOX0D7WLH to summary
LOCAL 2024-02-11 22:03:50 INFO  LocalApp:60 - Added review R30Z19HH5I0UYU to summary
LOCAL 2024-02-11 22:03:50 INFO  LocalApp:60 - Added review R2T7WL4AHZOFAD to summary
LOCAL 2024-02-11 22:03:50 INFO  LocalApp:60 - Added review R2TFTOL4S8QAJ1 to summary
LOCAL 2024-02-11 22:03:50 INFO  LocalApp:60 - Added review R3OQXC2KMMY14C to summary
LOCAL 2024-02-11 22:03:50 INFO  LocalApp:60 - Added review R3RJQ9B9T9HT3Q to summary
LOCAL 2024-02-11 22:03:50 INFO  LocalApp:60 - Added review R2WI7ZRYOSMKRS to summary
LOCAL 2024-02-11 22:03:50 INFO  LocalApp:60 - Added review R21F9WLAL0G2GY to summary
LOCAL 2024-02-11 22:03:50 INFO  LocalApp:60 - Added review R1OA4SL67OYE3J to summary
LOCAL 2024-02-11 22:03:50 INFO  LocalApp:60 - Added review R2DVFPWJ0YUFUS to summary
LOCAL 2024-02-11 22:03:50 INFO  LocalApp:60 - Added review R2W0W7A3KRY3W6 to summary
LOCAL 2024-02-11 22:03:50 INFO  LocalApp:60 - Added review R2KYNCYLJO46TH to summary
LOCAL 2024-02-11 22:03:50 INFO  LocalApp:60 - Added review R1XIYMC4J5O6OV to summary
LOCAL 2024-02-11 22:03:50 INFO  LocalApp:60 - Added review R1GPZVVNN2SLTB to summary
LOCAL 2024-02-11 22:03:50 INFO  LocalApp:60 - Added review R3QJZUUET6KUNG to summary
LOCAL 2024-02-11 22:03:50 INFO  LocalApp:60 - Added review R2LAHNXIUPH5IY to summary
LOCAL 2024-02-11 22:03:50 INFO  LocalApp:60 - Added review R2B31JK893KNO6 to summary
LOCAL 2024-02-11 22:03:50 INFO  LocalApp:60 - Added review RX3GH8MLDBA23 to summary
LOCAL 2024-02-11 22:03:50 INFO  LocalApp:60 - Added review R2O3VN9WJ6D3G6 to summary
LOCAL 2024-02-11 22:03:50 INFO  LocalApp:60 - Added review R1J5IB7XTSWARR to summary
LOCAL 2024-02-11 22:03:50 INFO  LocalApp:60 - Added review R10PCA22ETND2D to summary
LOCAL 2024-02-11 22:03:50 INFO  LocalApp:60 - Added review R2AZ2TDKPLVYC7 to summary
LOCAL 2024-02-11 22:03:50 INFO  LocalApp:60 - Added review R8EMU3QVATTYV to summary
LOCAL 2024-02-11 22:03:50 INFO  LocalApp:60 - Added review R2LPZYQ9OSWFT5 to summary
LOCAL 2024-02-11 22:03:50 INFO  LocalApp:60 - Added review R1E2WAOOO3SKNA to summary
LOCAL 2024-02-11 22:03:50 INFO  LocalApp:60 - Added review R3J1ZND39RD7EA to summary
LOCAL 2024-02-11 22:03:50 INFO  LocalApp:60 - Added review R1ZZLMZ4F5TWUS to summary
LOCAL 2024-02-11 22:03:50 INFO  LocalApp:60 - Added review RSLQEPL3493PJ to summary
LOCAL 2024-02-11 22:03:50 INFO  LocalApp:60 - Added review R1LYZFL0CCAE2N to summary
LOCAL 2024-02-11 22:03:50 INFO  LocalApp:60 - Added review R32FDZSX2MVDXV to summary
LOCAL 2024-02-11 22:03:50 INFO  LocalApp:60 - Added review RMDOODQ2GFY7H to summary
LOCAL 2024-02-11 22:03:50 INFO  LocalApp:60 - Added review R3LVVT5NNG1SU6 to summary
LOCAL 2024-02-11 22:03:50 INFO  LocalApp:60 - Added review R3CT041SZBYQLC to summary
LOCAL 2024-02-11 22:03:50 INFO  LocalApp:60 - Added review RE9JXCD6Z39OS to summary
LOCAL 2024-02-11 22:03:50 INFO  LocalApp:60 - Added review R3KPJ5LPNYVASQ to summary
LOCAL 2024-02-11 22:03:50 INFO  LocalApp:60 - Added review RNQTKJ0S9501J to summary
LOCAL 2024-02-11 22:03:50 INFO  LocalApp:60 - Added review R3DBRVSQUC8RUA to summary
LOCAL 2024-02-11 22:03:50 INFO  LocalApp:60 - Added review R3QKCZV42H5JEI to summary
LOCAL 2024-02-11 22:03:50 INFO  LocalApp:60 - Added review R220PLS0R7MXKD to summary
LOCAL 2024-02-11 22:03:50 INFO  LocalApp:60 - Added review R3OL550I4OXK7 to summary
LOCAL 2024-02-11 22:03:50 INFO  LocalApp:60 - Added review R24VL4QPDT1RPG to summary
LOCAL 2024-02-11 22:03:50 INFO  LocalApp:60 - Added review R3R0QA0Z422DDC to summary
LOCAL 2024-02-11 22:03:50 INFO  LocalApp:60 - Added review R1VMWMMRIBIWWK to summary
LOCAL 2024-02-11 22:03:50 INFO  LocalApp:60 - Added review R3QVF9OC02C9AY to summary
LOCAL 2024-02-11 22:03:50 INFO  LocalApp:60 - Added review R1MA8FZO5EG2L4 to summary
LOCAL 2024-02-11 22:03:50 INFO  LocalApp:60 - Added review R3LCKBMPC7LRWI to summary
LOCAL 2024-02-11 22:03:50 INFO  LocalApp:60 - Added review R3TE1ALLUZGSIP to summary
LOCAL 2024-02-11 22:03:50 INFO  LocalApp:60 - Added review R4IFCFJATVTKZ to summary
LOCAL 2024-02-11 22:03:50 INFO  LocalApp:60 - Added review R3ER25YMQE61VO to summary
LOCAL 2024-02-11 22:03:50 INFO  LocalApp:60 - Added review RE8RXL7N5Y3D to summary
LOCAL 2024-02-11 22:03:50 INFO  LocalApp:60 - Added review R2LZUPOD2GQPNH to summary
LOCAL 2024-02-11 22:03:50 INFO  LocalApp:60 - Added review R1KSYWLWT54DGC to summary
LOCAL 2024-02-11 22:03:50 INFO  LocalApp:60 - Added review RLTQWFL029OMF to summary
LOCAL 2024-02-11 22:03:50 INFO  LocalApp:60 - Added review R1YWNXNOGDAVYC to summary
LOCAL 2024-02-11 22:03:50 INFO  LocalApp:60 - Added review R1CWBOPMHGTPRH to summary
LOCAL 2024-02-11 22:03:50 INFO  LocalApp:60 - Added review R13WBJI6QUH9II to summary
LOCAL 2024-02-11 22:03:50 INFO  LocalApp:60 - Added review RTMHJUN966903 to summary
LOCAL 2024-02-11 22:03:50 INFO  LocalApp:60 - Added review R15ONHJH7JFUMM to summary
LOCAL 2024-02-11 22:03:50 INFO  LocalApp:60 - Added review R2SOCWQ20G2BR4 to summary
LOCAL 2024-02-11 22:03:50 INFO  LocalApp:60 - Added review R3M5MWFPDVPQEX to summary
LOCAL 2024-02-11 22:03:50 INFO  LocalApp:60 - Added review RWFOZAFSTAJXW to summary
LOCAL 2024-02-11 22:03:50 INFO  LocalApp:60 - Added review RJ3S9D0RNMMKZ to summary
LOCAL 2024-02-11 22:03:50 INFO  LocalApp:60 - Added review R3EJ4B2TLY20HI to summary
LOCAL 2024-02-11 22:03:50 INFO  LocalApp:60 - Added review R7VFTZYSCIRIG to summary
LOCAL 2024-02-11 22:03:50 INFO  LocalApp:60 - Added review R2MC3Q6H8O8BWC to summary
LOCAL 2024-02-11 22:03:50 INFO  LocalApp:60 - Added review R3W3M51ZOILXYA to summary
LOCAL 2024-02-11 22:03:50 INFO  LocalApp:60 - Added review R28OXGZB5KE9IY to summary
LOCAL 2024-02-11 22:03:50 INFO  LocalApp:60 - Added review RZ39NFVABIQ2B to summary
LOCAL 2024-02-11 22:03:50 INFO  LocalApp:60 - Added review RPGSRSWYE4BMV to summary
LOCAL 2024-02-11 22:03:50 INFO  LocalApp:60 - Added review RGJS8O3BD0JXC to summary
LOCAL 2024-02-11 22:03:50 INFO  LocalApp:60 - Added review RUSLY50O8EK0A to summary
LOCAL 2024-02-11 22:03:50 INFO  LocalApp:60 - Added review RMIV0C8N1RI2 to summary
LOCAL 2024-02-11 22:03:50 INFO  LocalApp:60 - Added review R2N9E7VG8GC6AS to summary
LOCAL 2024-02-11 22:03:50 INFO  LocalApp:60 - Added review R16IG63G0E5ZM8 to summary
LOCAL 2024-02-11 22:03:50 INFO  LocalApp:60 - Added review R1KLR893YIZHI9 to summary
LOCAL 2024-02-11 22:03:50 INFO  LocalApp:60 - Added review R21FG1K2OXT546 to summary
LOCAL 2024-02-11 22:03:50 INFO  LocalApp:60 - Added review RZ3R86KJFIF5C to summary
LOCAL 2024-02-11 22:03:50 INFO  LocalApp:60 - Added review R2NBVJ1U6UGRYQ to summary
LOCAL 2024-02-11 22:03:50 INFO  LocalApp:60 - Added review R3PIU8RR2V1QXR to summary
LOCAL 2024-02-11 22:03:50 INFO  LocalApp:60 - Added review R2DGUXQ63LS65K to summary
LOCAL 2024-02-11 22:03:50 INFO  LocalApp:60 - Added review R27I1YAPZH764F to summary
LOCAL 2024-02-11 22:03:50 INFO  LocalApp:60 - Added review R28PK1OZ82GMZX to summary
LOCAL 2024-02-11 22:03:50 INFO  LocalApp:60 - Added review R1DZOY7TSM9H8I to summary
LOCAL 2024-02-11 22:03:50 INFO  LocalApp:60 - Added review R3P9ZXG7G7LWPL to summary
LOCAL 2024-02-11 22:03:50 INFO  LocalApp:60 - Added review R2S6U0PQQDWR6G to summary
LOCAL 2024-02-11 22:03:50 INFO  LocalApp:60 - Added review R2QL7JQ11XX841 to summary
LOCAL 2024-02-11 22:03:50 INFO  LocalApp:60 - Added review R2BJ1N7XP2P3OO to summary
LOCAL 2024-02-11 22:03:50 INFO  LocalApp:60 - Added review R1W8PM4V07OZXO to summary
LOCAL 2024-02-11 22:03:50 INFO  LocalApp:60 - Added review RV72IMNCY05RO to summary
LOCAL 2024-02-11 22:03:50 INFO  LocalApp:60 - Added review R3U0VNJAUVG281 to summary
LOCAL 2024-02-11 22:03:50 INFO  LocalApp:60 - Added review RI3AC1GCJ55PO to summary
LOCAL 2024-02-11 22:03:50 INFO  LocalApp:60 - Added review R1MPKDF8SR9DUH to summary
LOCAL 2024-02-11 22:03:50 INFO  LocalApp:60 - Added review R1RXSH9ONH6WJZ to summary
LOCAL 2024-02-11 22:03:50 INFO  LocalApp:60 - Added review R2R2JD8A0HBFKS to summary
LOCAL 2024-02-11 22:03:50 INFO  LocalApp:60 - Added review R33EE9HRQ7VLL4 to summary
LOCAL 2024-02-11 22:03:50 INFO  LocalApp:60 - Added review RWSMZGI6FO4KI to summary
LOCAL 2024-02-11 22:03:50 INFO  LocalApp:60 - Added review R3VWQZT9AA217G to summary
LOCAL 2024-02-11 22:03:50 INFO  LocalApp:60 - Added review R2MRVNKTE6SIO4 to summary
LOCAL 2024-02-11 22:03:50 INFO  LocalApp:60 - Added review R2CEP9SLZ400M to summary
LOCAL 2024-02-11 22:03:50 INFO  LocalApp:60 - Added review R1XVGD3AR8BOFL to summary
LOCAL 2024-02-11 22:03:50 INFO  LocalApp:60 - Added review RC813AP3NS1PR to summary
LOCAL 2024-02-11 22:03:50 INFO  LocalApp:60 - Added review R1N84C747XKGEV to summary
LOCAL 2024-02-11 22:03:50 INFO  LocalApp:60 - Added review R2LHG5IN67NQRR to summary
LOCAL 2024-02-11 22:03:50 INFO  LocalApp:60 - Added review R2VZ7UOOPUYRN to summary
LOCAL 2024-02-11 22:03:50 INFO  LocalApp:60 - Added review R1L8O7RM8DD6J3 to summary
LOCAL 2024-02-11 22:03:50 INFO  LocalApp:60 - Added review RSRQ513FZ0LIO to summary
LOCAL 2024-02-11 22:03:50 INFO  LocalApp:60 - Added review R1JDXS706K8S1T to summary
LOCAL 2024-02-11 22:03:50 INFO  LocalApp:60 - Added review R22RDBC963OKZZ to summary
LOCAL 2024-02-11 22:03:50 INFO  LocalApp:60 - Added review R1VTDATV2934TB to summary
LOCAL 2024-02-11 22:03:50 INFO  LocalApp:60 - Added review R1H6AFG81P2C0H to summary
LOCAL 2024-02-11 22:03:50 INFO  LocalApp:60 - Added review R3HNBZ5SGS2X72 to summary
LOCAL 2024-02-11 22:03:50 INFO  LocalApp:60 - Added review R3JCVVMOALPEKC to summary
LOCAL 2024-02-11 22:03:50 INFO  LocalApp:60 - Added review R2KDDNCDQVLJBD to summary
LOCAL 2024-02-11 22:03:50 INFO  LocalApp:60 - Added review R2GXX215IFPZ3N to summary
LOCAL 2024-02-11 22:03:50 INFO  LocalApp:60 - Added review R3DCAP989VIWT7 to summary
LOCAL 2024-02-11 22:03:50 INFO  LocalApp:60 - Added review R1M39N5OEUXUJV to summary
LOCAL 2024-02-11 22:03:50 INFO  LocalApp:60 - Added review R27GJBQ8QODQ6T to summary
LOCAL 2024-02-11 22:03:50 INFO  LocalApp:60 - Added review RCZXQOZ4AQ5J4 to summary
LOCAL 2024-02-11 22:03:50 INFO  LocalApp:60 - Added review R1Q8MYS13UXZ57 to summary
LOCAL 2024-02-11 22:03:50 INFO  LocalApp:60 - Added review R3174XTTMK3DOT to summary
LOCAL 2024-02-11 22:03:50 INFO  LocalApp:60 - Added review R1PFRW1GXKKW9O to summary
LOCAL 2024-02-11 22:03:50 INFO  LocalApp:60 - Added review R3OYE536TI4NSO to summary
LOCAL 2024-02-11 22:03:50 INFO  LocalApp:60 - Added review R1F0JXWPK0N5ME to summary
LOCAL 2024-02-11 22:03:50 INFO  LocalApp:60 - Added review R2UFOFK6BI3R75 to summary
LOCAL 2024-02-11 22:03:50 INFO  LocalApp:60 - Added review R2RX0V0CUTYB31 to summary
LOCAL 2024-02-11 22:03:50 INFO  LocalApp:60 - Added review R27ENEEYHCA5KM to summary
LOCAL 2024-02-11 22:03:50 INFO  LocalApp:60 - Added review R3IV1HXD6GE9OL to summary
LOCAL 2024-02-11 22:03:50 INFO  LocalApp:60 - Added review R2TYJQX6PJ6ML7 to summary
LOCAL 2024-02-11 22:03:50 INFO  LocalApp:60 - Added review R38ARJN8DX67EM to summary
LOCAL 2024-02-11 22:03:50 INFO  LocalApp:60 - Added review R11K315ANOZUXE to summary
LOCAL 2024-02-11 22:03:50 INFO  LocalApp:60 - Added review RVX8MSFRFAR34 to summary
LOCAL 2024-02-11 22:03:50 INFO  LocalApp:60 - Added review R2EWLW4U57UJOL to summary
LOCAL 2024-02-11 22:03:50 INFO  LocalApp:60 - Added review R3GCFAIUL8BI3Y to summary
LOCAL 2024-02-11 22:03:50 INFO  LocalApp:60 - Added review R3O0QQ6ZEUBOZU to summary
LOCAL 2024-02-11 22:03:50 INFO  LocalApp:60 - Added review R22LGGPNAGZBKA to summary
LOCAL 2024-02-11 22:03:50 INFO  LocalApp:60 - Added review R10GHGPK2F88T7 to summary
LOCAL 2024-02-11 22:03:50 INFO  LocalApp:60 - Added review R2F79Z3KTYUF7L to summary
LOCAL 2024-02-11 22:03:50 INFO  LocalApp:60 - Added review R53R2LEIH4WK3 to summary
LOCAL 2024-02-11 22:03:50 INFO  LocalApp:60 - Added review R34J8SXZE9UF6Y to summary
LOCAL 2024-02-11 22:03:50 INFO  LocalApp:60 - Added review R3RWE3GWU14B7W to summary
LOCAL 2024-02-11 22:03:50 INFO  LocalApp:60 - Added review R245Y0C7S97L7T to summary
LOCAL 2024-02-11 22:03:50 INFO  LocalApp:60 - Added review R10MKQ12AA3GZ1 to summary
LOCAL 2024-02-11 22:03:50 INFO  LocalApp:60 - Added review RYLQNFZAY1UCH to summary
LOCAL 2024-02-11 22:03:50 INFO  LocalApp:60 - Added review RQRPF15W2PFLA to summary
LOCAL 2024-02-11 22:03:50 INFO  LocalApp:60 - Added review R1ICW84S7FXWNG to summary
LOCAL 2024-02-11 22:03:50 INFO  LocalApp:60 - Added review R2UJ2ZN8MY6705 to summary
LOCAL 2024-02-11 22:03:50 INFO  LocalApp:60 - Added review R20Z1LO2VI7185 to summary
LOCAL 2024-02-11 22:03:50 INFO  LocalApp:60 - Added review R1GU961A8Y8Y58 to summary
LOCAL 2024-02-11 22:03:50 INFO  LocalApp:60 - Added review R1LKR85K1N9H2K to summary
LOCAL 2024-02-11 22:03:50 INFO  LocalApp:60 - Added review R15ISW7QF1DTTP to summary
LOCAL 2024-02-11 22:03:50 INFO  LocalApp:60 - Added review R1RL4L5M3I7QGM to summary
LOCAL 2024-02-11 22:03:50 INFO  LocalApp:60 - Added review R2QOR4FHWCW79Z to summary
LOCAL 2024-02-11 22:03:50 INFO  LocalApp:60 - Added review RNIMX9A9V5LH9 to summary
LOCAL 2024-02-11 22:03:50 INFO  LocalApp:60 - Added review R1N41681HILU4W to summary
LOCAL 2024-02-11 22:03:50 INFO  LocalApp:60 - Added review RSO743RDYVWTZ to summary
LOCAL 2024-02-11 22:03:50 INFO  LocalApp:60 - Added review R3PBKOK6X3ON71 to summary
LOCAL 2024-02-11 22:03:50 INFO  LocalApp:60 - Added review RTA4YTCX331MA to summary
LOCAL 2024-02-11 22:03:50 INFO  LocalApp:60 - Added review R1QX3ZAK49008W to summary
LOCAL 2024-02-11 22:03:50 INFO  LocalApp:60 - Added review R1HHT6SSV0YEJP to summary
LOCAL 2024-02-11 22:03:50 INFO  LocalApp:60 - Added review R3UTL9MIT7DH3R to summary
LOCAL 2024-02-11 22:03:50 INFO  LocalApp:60 - Added review R2PFEEAU7NHO8L to summary
LOCAL 2024-02-11 22:03:50 INFO  LocalApp:60 - Added review RO9KYZSJ2BZ5X to summary
LOCAL 2024-02-11 22:03:50 INFO  LocalApp:60 - Added review R2YGBK02773008 to summary
LOCAL 2024-02-11 22:03:50 INFO  LocalApp:60 - Added review RTXE8U60512M1 to summary
LOCAL 2024-02-11 22:03:50 INFO  LocalApp:60 - Added review R31DYT53JJ16KJ to summary
LOCAL 2024-02-11 22:03:50 INFO  LocalApp:60 - Added review RSGEELAPJ320R to summary
LOCAL 2024-02-11 22:03:50 INFO  LocalApp:60 - Added review R3AKCQ54R1VBKF to summary
LOCAL 2024-02-11 22:03:50 INFO  LocalApp:60 - Added review RSNQBZ6FHJE7F to summary
LOCAL 2024-02-11 22:03:50 INFO  LocalApp:60 - Added review R1UX7L4IJ0AN12 to summary
LOCAL 2024-02-11 22:03:50 INFO  LocalApp:60 - Added review RUE7FGTOI9NY3 to summary
LOCAL 2024-02-11 22:03:50 INFO  LocalApp:60 - Added review RNEDMWJ5Z8IIS to summary
LOCAL 2024-02-11 22:03:50 INFO  LocalApp:60 - Added review R1G3HOE63Q4PP8 to summary
LOCAL 2024-02-11 22:03:50 INFO  LocalApp:60 - Added review R32A0VE1X0BURI to summary
LOCAL 2024-02-11 22:03:50 INFO  LocalApp:60 - Added review R33FKDTHXNZEKB to summary
LOCAL 2024-02-11 22:03:50 INFO  LocalApp:60 - Added review R39TPNPEGEHKB9 to summary
LOCAL 2024-02-11 22:03:50 INFO  LocalApp:60 - Added review R1ESOYWR8JQV7W to summary
LOCAL 2024-02-11 22:03:50 INFO  LocalApp:60 - Added review RIY7QWC9HDQA7 to summary
LOCAL 2024-02-11 22:03:50 INFO  LocalApp:60 - Added review R2LR1FW9LWFOJS to summary
LOCAL 2024-02-11 22:03:50 INFO  LocalApp:60 - Added review R2EACXOHPUS13F to summary
LOCAL 2024-02-11 22:03:50 INFO  LocalApp:60 - Added review R303SDL05XV8Z3 to summary
LOCAL 2024-02-11 22:03:50 INFO  LocalApp:60 - Added review R27JHP2U1QDKWK to summary
LOCAL 2024-02-11 22:03:50 INFO  LocalApp:60 - Added review RROR8WXBS5IQC to summary
LOCAL 2024-02-11 22:03:50 INFO  LocalApp:60 - Added review R3P2KOXRF7Z400 to summary
LOCAL 2024-02-11 22:03:50 INFO  LocalApp:60 - Added review R3MRIY8FUDOYHU to summary
LOCAL 2024-02-11 22:03:50 INFO  LocalApp:60 - Added review RQWPIYS6Y0XQW to summary
LOCAL 2024-02-11 22:03:50 INFO  LocalApp:60 - Added review R1OX0D2CIF3U0R to summary
LOCAL 2024-02-11 22:03:50 INFO  LocalApp:60 - Added review R28ZVOY8Y12MGU to summary
LOCAL 2024-02-11 22:03:50 INFO  LocalApp:60 - Added review R1XR34W255M9LI to summary
LOCAL 2024-02-11 22:03:50 INFO  LocalApp:60 - Added review R1T3RK94K334GN to summary
LOCAL 2024-02-11 22:03:50 INFO  LocalApp:60 - Added review R34W9OUGHQZGRA to summary
LOCAL 2024-02-11 22:03:50 INFO  LocalApp:60 - Added review R14D3WP6J91DCU to summary
LOCAL 2024-02-11 22:03:50 INFO  LocalApp:60 - Added review R3GAPLTWQLTQPB to summary
LOCAL 2024-02-11 22:03:50 INFO  LocalApp:60 - Added review RS23X6XG4MEFE to summary
LOCAL 2024-02-11 22:03:50 INFO  LocalApp:60 - Added review R3FZE813LOV0F7 to summary
LOCAL 2024-02-11 22:03:50 INFO  LocalApp:60 - Added review R17J1W34Y36S12 to summary
LOCAL 2024-02-11 22:03:50 INFO  LocalApp:60 - Added review R3DLKE1DPQKKHY to summary
LOCAL 2024-02-11 22:03:50 INFO  LocalApp:60 - Added review RDIAD7W7ZA43O to summary
LOCAL 2024-02-11 22:03:50 INFO  LocalApp:60 - Added review R3U6JNVKKLKT23 to summary
LOCAL 2024-02-11 22:03:50 INFO  LocalApp:60 - Added review R3JXU261M77CA7 to summary
LOCAL 2024-02-11 22:03:50 INFO  LocalApp:60 - Added review R1DDF96B1EE6L7 to summary
LOCAL 2024-02-11 22:03:50 INFO  LocalApp:60 - Added review R3J828Q50RECVC to summary
LOCAL 2024-02-11 22:03:50 INFO  LocalApp:60 - Added review R198LJWE0I81WG to summary
LOCAL 2024-02-11 22:03:50 INFO  LocalApp:60 - Added review R25H46GOTV1I49 to summary
LOCAL 2024-02-11 22:03:50 INFO  LocalApp:60 - Added review R1HX86XI7IT66N to summary
LOCAL 2024-02-11 22:03:50 INFO  LocalApp:60 - Added review R4XTLZ1J160AS to summary
LOCAL 2024-02-11 22:03:50 INFO  LocalApp:60 - Added review R36TQH2JYUNKBP to summary
LOCAL 2024-02-11 22:03:50 INFO  LocalApp:60 - Added review RB2CL5OT7XQ0Z to summary
LOCAL 2024-02-11 22:03:50 INFO  LocalApp:60 - Added review R3HYF4UBGHHUW7 to summary
LOCAL 2024-02-11 22:03:50 INFO  LocalApp:60 - Added review R236BBM296K6YZ to summary
LOCAL 2024-02-11 22:03:50 INFO  LocalApp:60 - Added review R2XF37Q0BUEPWW to summary
LOCAL 2024-02-11 22:03:50 INFO  LocalApp:60 - Added review RAC53O9YPB7Q1 to summary
LOCAL 2024-02-11 22:03:50 INFO  LocalApp:60 - Added review R2P158DY9PQIDC to summary
LOCAL 2024-02-11 22:03:50 INFO  LocalApp:60 - Added review R26WH6MRW8OH5E to summary
LOCAL 2024-02-11 22:03:50 INFO  LocalApp:60 - Added review R2X77IUYDICNQJ to summary
LOCAL 2024-02-11 22:03:50 INFO  LocalApp:60 - Added review R16N2ZAZ9E7U7B to summary
LOCAL 2024-02-11 22:03:50 INFO  LocalApp:60 - Added review RMA4EPV3X1PCE to summary
LOCAL 2024-02-11 22:03:50 INFO  LocalApp:60 - Added review R2QEFCG4OWTZBS to summary
LOCAL 2024-02-11 22:03:50 INFO  LocalApp:60 - Added review RLLZSA03AB82N to summary
LOCAL 2024-02-11 22:03:50 INFO  LocalApp:60 - Added review R1XOH273JQGR85 to summary
LOCAL 2024-02-11 22:03:50 INFO  LocalApp:60 - Added review R39KHDTJWO6AM2 to summary
LOCAL 2024-02-11 22:03:50 INFO  LocalApp:60 - Added review R328UU7JAUKED6 to summary
LOCAL 2024-02-11 22:03:50 INFO  LocalApp:60 - Added review R19IQ8GH4D0JNI to summary
LOCAL 2024-02-11 22:03:50 INFO  LocalApp:60 - Added review R1RG5TN164JGW2 to summary
LOCAL 2024-02-11 22:03:50 INFO  LocalApp:60 - Added review RF7T03L50TV2Y to summary
LOCAL 2024-02-11 22:03:50 INFO  LocalApp:60 - Added review R14EML3C2US6RE to summary
LOCAL 2024-02-11 22:03:50 INFO  LocalApp:60 - Added review R37BJSTWUYTPC4 to summary
LOCAL 2024-02-11 22:03:50 INFO  LocalApp:60 - Added review R2S1SOHCT343K3 to summary
LOCAL 2024-02-11 22:03:50 INFO  LocalApp:60 - Added review R2N3LRVO6RQZQD to summary
LOCAL 2024-02-11 22:03:50 INFO  LocalApp:60 - Added review R3GRQ222IYDXZI to summary
LOCAL 2024-02-11 22:03:50 INFO  LocalApp:60 - Added review R1A5I1W7YNP8ZT to summary
LOCAL 2024-02-11 22:03:50 INFO  LocalApp:60 - Added review R33RDBKMP4FIXJ to summary
LOCAL 2024-02-11 22:03:50 INFO  LocalApp:60 - Added review R12FNAFF3HU47X to summary
LOCAL 2024-02-11 22:03:50 INFO  LocalApp:60 - Added review RB4ZPD9DRFAL5 to summary
LOCAL 2024-02-11 22:03:50 INFO  LocalApp:60 - Added review R1IKZK5S0DCKZ0 to summary
LOCAL 2024-02-11 22:03:50 INFO  LocalApp:60 - Added review R1WSDH1D79BE9T to summary
LOCAL 2024-02-11 22:03:50 INFO  LocalApp:60 - Added review R2M9GCGH0QS9ER to summary
LOCAL 2024-02-11 22:03:50 INFO  LocalApp:60 - Added review R2KWAYD53HAYPB to summary
LOCAL 2024-02-11 22:03:50 INFO  LocalApp:60 - Added review R1DZNZJRG2M25K to summary
LOCAL 2024-02-11 22:03:50 INFO  LocalApp:60 - Added review RY923Q1Q9UQU9 to summary
LOCAL 2024-02-11 22:03:50 INFO  LocalApp:60 - Added review RS5OGCLDYYGOZ to summary
LOCAL 2024-02-11 22:03:50 INFO  LocalApp:60 - Added review RM90411MKGVD1 to summary
LOCAL 2024-02-11 22:03:50 INFO  LocalApp:60 - Added review RWJAPTXKP497Z to summary
LOCAL 2024-02-11 22:03:50 INFO  LocalApp:60 - Added review R1JKLGHE883XOR to summary
LOCAL 2024-02-11 22:03:50 INFO  LocalApp:60 - Added review R364IZ0KABIJXV to summary
LOCAL 2024-02-11 22:03:50 INFO  LocalApp:60 - Added review R137VQHXSUZ6XR to summary
LOCAL 2024-02-11 22:03:50 INFO  LocalApp:60 - Added review R1P479XNKT3EIJ to summary
LOCAL 2024-02-11 22:03:50 INFO  LocalApp:60 - Added review R2X0RC926D0NNV to summary
LOCAL 2024-02-11 22:03:50 INFO  LocalApp:60 - Added review R25OY7C5TO11CA to summary
LOCAL 2024-02-11 22:03:50 INFO  LocalApp:60 - Added review R2K5E7GXYJB2OD to summary
LOCAL 2024-02-11 22:03:50 INFO  LocalApp:60 - Added review R3LO89TKI1MVMC to summary
LOCAL 2024-02-11 22:03:50 INFO  LocalApp:60 - Added review R1QVQNXDLSULDY to summary
LOCAL 2024-02-11 22:03:50 INFO  LocalApp:60 - Added review RUWAA0T4YDPW to summary
LOCAL 2024-02-11 22:03:50 INFO  LocalApp:60 - Added review R1HA441CEIOX36 to summary
LOCAL 2024-02-11 22:03:50 INFO  LocalApp:60 - Added review R3V3U3DQHMG8WJ to summary
LOCAL 2024-02-11 22:03:50 INFO  LocalApp:60 - Added review R11ZD8ST2J0QFD to summary
LOCAL 2024-02-11 22:03:50 INFO  LocalApp:60 - Added review R2EVW6A92DMNU3 to summary
LOCAL 2024-02-11 22:03:50 INFO  LocalApp:60 - Added review R1CGN6DTV5XTOB to summary
LOCAL 2024-02-11 22:03:50 INFO  LocalApp:60 - Added review R31QCW6DOTS5FF to summary
LOCAL 2024-02-11 22:03:50 INFO  LocalApp:60 - Added review R3RLX7Y80I0FZ8 to summary
LOCAL 2024-02-11 22:03:50 INFO  LocalApp:60 - Added review R31XNE83I72XBE to summary
LOCAL 2024-02-11 22:03:50 INFO  LocalApp:60 - Added review RKW0DAIUVAU0I to summary
LOCAL 2024-02-11 22:03:50 INFO  LocalApp:60 - Added review R2EN1XAV1FADJ0 to summary
LOCAL 2024-02-11 22:03:50 INFO  LocalApp:60 - Added review R2VO9722XBBVTH to summary
LOCAL 2024-02-11 22:03:50 INFO  LocalApp:60 - Added review RK50KAQ31GOFC to summary
LOCAL 2024-02-11 22:03:50 INFO  LocalApp:60 - Added review R3DHV2T9Q991V7 to summary
LOCAL 2024-02-11 22:03:50 INFO  LocalApp:60 - Added review RZYFWT276TO8K to summary
LOCAL 2024-02-11 22:03:50 INFO  LocalApp:60 - Added review R1HQ0YR95HH94J to summary
LOCAL 2024-02-11 22:03:50 INFO  LocalApp:60 - Added review R1PSPFNN42EI57 to summary
LOCAL 2024-02-11 22:03:50 INFO  LocalApp:60 - Added review R224KK65ZQ71JI to summary
LOCAL 2024-02-11 22:03:50 INFO  LocalApp:60 - Added review R3MB41VM9C8JHF to summary
LOCAL 2024-02-11 22:03:50 INFO  LocalApp:60 - Added review R2PSXJ6JTY2KBF to summary
LOCAL 2024-02-11 22:03:50 INFO  LocalApp:60 - Added review R2PSXJ6JTY2KBF to summary
LOCAL 2024-02-11 22:03:50 INFO  LocalApp:60 - Added review RQAAAHDDGBGSM to summary
LOCAL 2024-02-11 22:03:50 INFO  LocalApp:60 - Added review R2UDAI0FVZ4EDB to summary
LOCAL 2024-02-11 22:03:50 INFO  LocalApp:60 - Added review R28CW6BRT1I3WS to summary
LOCAL 2024-02-11 22:03:50 INFO  LocalApp:60 - Added review RJ62XWHGDIF7 to summary
LOCAL 2024-02-11 22:03:50 INFO  LocalApp:60 - Added review R1U56NAOWA05QF to summary
LOCAL 2024-02-11 22:03:50 INFO  LocalApp:60 - Added review R15IEZL8QALCZP to summary
LOCAL 2024-02-11 22:03:50 INFO  LocalApp:60 - Added review R2XDMQSSSSPDG to summary
LOCAL 2024-02-11 22:03:50 INFO  LocalApp:60 - Added review RN5LOLJWE1LM9 to summary
LOCAL 2024-02-11 22:03:50 INFO  LocalApp:60 - Added review R2JET1LNB8VGIC to summary
LOCAL 2024-02-11 22:03:50 INFO  LocalApp:60 - Added review R2AF2W42NTLN03 to summary
LOCAL 2024-02-11 22:03:50 INFO  LocalApp:60 - Added review R2NN3ZT114GXSD to summary
LOCAL 2024-02-11 22:03:50 INFO  LocalApp:60 - Added review R1HA441CEIOX36 to summary
LOCAL 2024-02-11 22:03:50 INFO  LocalApp:60 - Added review RC37DXGZEHSHA to summary
LOCAL 2024-02-11 22:03:50 INFO  LocalApp:60 - Added review R2JET1LNB8VGIC to summary
LOCAL 2024-02-11 22:03:50 INFO  LocalApp:60 - Added review R1L72VD853B8CZ to summary
LOCAL 2024-02-11 22:03:50 INFO  LocalApp:60 - Added review R1VXBAML9Y9OOA to summary
LOCAL 2024-02-11 22:03:50 INFO  LocalApp:60 - Added review R19UVJU1NEU3H to summary
LOCAL 2024-02-11 22:03:50 INFO  LocalApp:60 - Added review RN3WUTQPDORYE to summary
LOCAL 2024-02-11 22:03:50 INFO  LocalApp:60 - Added review R1VXBAML9Y9OOA to summary
LOCAL 2024-02-11 22:03:50 INFO  LocalApp:60 - Added review R1EXE1UIVEM18S to summary
LOCAL 2024-02-11 22:03:50 INFO  LocalApp:60 - Added review RN3WUTQPDORYE to summary
LOCAL 2024-02-11 22:03:50 INFO  LocalApp:60 - Added review RB9QK3F6SUQPU to summary
LOCAL 2024-02-11 22:03:50 INFO  LocalApp:60 - Added review R1VXBAML9Y9OOA to summary
LOCAL 2024-02-11 22:03:50 INFO  LocalApp:60 - Added review RN3WUTQPDORYE to summary
LOCAL 2024-02-11 22:03:50 INFO  LocalApp:60 - Added review R8OWCLDI0GGL0 to summary
LOCAL 2024-02-11 22:03:50 INFO  LocalApp:60 - Added review R1Y0AEEBILEI4T to summary
LOCAL 2024-02-11 22:03:50 INFO  LocalApp:60 - Added review R1VXBAML9Y9OOA to summary
LOCAL 2024-02-11 22:03:50 INFO  LocalApp:60 - Added review R1IMZWAH2HU0RA to summary
LOCAL 2024-02-11 22:03:50 INFO  LocalApp:60 - Added review R2VOB9HQVVBKCE to summary
LOCAL 2024-02-11 22:03:50 INFO  LocalApp:60 - Added review RJ2CXFFX2K8BE to summary
LOCAL 2024-02-11 22:03:50 INFO  LocalApp:60 - Added review R2BKVRLR3QS30L to summary
LOCAL 2024-02-11 22:03:50 INFO  LocalApp:60 - Added review R1YSA0QE7S7SNN to summary
LOCAL 2024-02-11 22:03:50 INFO  LocalApp:60 - Added review R1XXZKFEUS6WD8 to summary
LOCAL 2024-02-11 22:03:50 INFO  LocalApp:60 - Added review R20MDI3S8QMGT4 to summary
LOCAL 2024-02-11 22:03:50 INFO  LocalApp:60 - Added review R13A1E84GQINZW to summary
LOCAL 2024-02-11 22:03:50 INFO  LocalApp:60 - Added review R4P13V3C24PFB to summary
LOCAL 2024-02-11 22:03:50 INFO  LocalApp:60 - Added review R19TV6B4AWHG1B to summary
LOCAL 2024-02-11 22:03:50 INFO  LocalApp:60 - Added review RBR7K0M0AIKP2 to summary
LOCAL 2024-02-11 22:03:50 INFO  LocalApp:60 - Added review RKGESVRQIU9QR to summary
LOCAL 2024-02-11 22:03:50 INFO  LocalApp:60 - Added review R2MFTWFJ8DCA9J to summary
LOCAL 2024-02-11 22:03:50 INFO  LocalApp:60 - Added review R1TG4AUA7Y7EU4 to summary
LOCAL 2024-02-11 22:03:50 INFO  LocalApp:60 - Added review R34QMOG4K0SHD8 to summary
LOCAL 2024-02-11 22:03:50 INFO  LocalApp:60 - Added review R34QMOG4K0SHD8 to summary
LOCAL 2024-02-11 22:03:50 INFO  LocalApp:60 - Added review R3QO2P0VJD176Y to summary
LOCAL 2024-02-11 22:03:50 INFO  LocalApp:60 - Added review R15RC5VD0SZYCR to summary
LOCAL 2024-02-11 22:03:50 INFO  LocalApp:60 - Added review R37FFB363KA4VW to summary
LOCAL 2024-02-11 22:03:50 INFO  LocalApp:60 - Added review R1KB8SMBCGS3LN to summary
LOCAL 2024-02-11 22:03:50 INFO  LocalApp:60 - Added review R2JLXP3D723900 to summary
LOCAL 2024-02-11 22:03:50 INFO  LocalApp:60 - Added review RCTVBSIPB9Q2X to summary
LOCAL 2024-02-11 22:03:50 INFO  LocalApp:60 - Added review R1UERI590KMF1S to summary
LOCAL 2024-02-11 22:03:50 INFO  LocalApp:60 - Added review R22U7UAVMUE79R to summary
LOCAL 2024-02-11 22:03:50 INFO  LocalApp:60 - Added review R1IHIM75XZ15TC to summary
LOCAL 2024-02-11 22:03:50 INFO  LocalApp:60 - Added review R35M6ASHV3I9TP to summary
LOCAL 2024-02-11 22:03:50 INFO  LocalApp:60 - Added review R3D94WHWZRMCTU to summary
LOCAL 2024-02-11 22:03:50 INFO  LocalApp:60 - Added review RGMH5ROASTBS8 to summary
LOCAL 2024-02-11 22:03:50 INFO  LocalApp:60 - Added review R258PTZJ3U5I1Z to summary
LOCAL 2024-02-11 22:03:50 INFO  LocalApp:60 - Added review R35M6ASHV3I9TP to summary
LOCAL 2024-02-11 22:03:50 INFO  LocalApp:60 - Added review R193MF3E66AMI5 to summary
LOCAL 2024-02-11 22:03:50 INFO  LocalApp:60 - Added review R33DK4T6EHUIHX to summary
LOCAL 2024-02-11 22:03:50 INFO  LocalApp:60 - Added review R2L9FQQMP0N4TL to summary
LOCAL 2024-02-11 22:03:50 INFO  LocalApp:60 - Added review R1QO0739NKZT64 to summary
LOCAL 2024-02-11 22:03:50 INFO  LocalApp:60 - Added review R2JAVZCM52EDOV to summary
LOCAL 2024-02-11 22:03:50 INFO  LocalApp:60 - Added review R3QKBFRYMJTRC8 to summary
LOCAL 2024-02-11 22:03:50 INFO  LocalApp:60 - Added review R3BBOWZM73BJ4G to summary
LOCAL 2024-02-11 22:03:50 INFO  LocalApp:60 - Added review R1BIV3K2KLDPDO to summary
LOCAL 2024-02-11 22:03:50 INFO  LocalApp:60 - Added review R1H00LVI098GS0 to summary
LOCAL 2024-02-11 22:03:50 INFO  LocalApp:60 - Added review RJ62XWHGDIF7 to summary
LOCAL 2024-02-11 22:03:50 INFO  LocalApp:60 - Added review R27SGCOMFO1QOO to summary
LOCAL 2024-02-11 22:03:50 INFO  LocalApp:60 - Added review R2ZXKBYP9Q5H1P to summary
LOCAL 2024-02-11 22:03:50 INFO  LocalApp:60 - Added review R366N97DLUODS7 to summary
LOCAL 2024-02-11 22:03:50 INFO  LocalApp:60 - Added review R2JKJMT8XRKD5W to summary
LOCAL 2024-02-11 22:03:50 INFO  LocalApp:60 - Added review R2TRPI07Z5TB9L to summary
LOCAL 2024-02-11 22:03:50 INFO  LocalApp:60 - Added review R1XXZKFEUS6WD8 to summary
LOCAL 2024-02-11 22:03:50 INFO  LocalApp:60 - Added review R38BD387JZFIYA to summary
LOCAL 2024-02-11 22:03:50 INFO  LocalApp:60 - Added review R2N9E7VG8GC6AS to summary
LOCAL 2024-02-11 22:03:50 INFO  LocalApp:60 - Added review R2QL7JQ11XX841 to summary
LOCAL 2024-02-11 22:03:50 INFO  LocalApp:60 - Added review R989B3XZKUMWT to summary
LOCAL 2024-02-11 22:03:50 INFO  LocalApp:60 - Added review R3JVMDCLCJQ7OD to summary
LOCAL 2024-02-11 22:03:50 INFO  LocalApp:60 - Added review R168F35482GO3P to summary
LOCAL 2024-02-11 22:03:50 INFO  LocalApp:60 - Added review RVG9C50OK3MYF to summary
LOCAL 2024-02-11 22:03:50 INFO  LocalApp:60 - Added review R1BIV3K2KLDPDO to summary
LOCAL 2024-02-11 22:03:50 INFO  LocalApp:60 - Added review R3KUG35W8EC0Y4 to summary
LOCAL 2024-02-11 22:03:50 INFO  LocalApp:60 - Added review R3UMDZ3JH2JJF8 to summary
LOCAL 2024-02-11 22:03:50 INFO  LocalApp:60 - Added review R2T3D5DOO5FCXG to summary
LOCAL 2024-02-11 22:03:50 INFO  LocalApp:60 - Added review R184ZQAE6OMSMN to summary
LOCAL 2024-02-11 22:03:50 INFO  LocalApp:60 - Added review R8OWCLDI0GGL0 to summary
LOCAL 2024-02-11 22:03:50 INFO  LocalApp:60 - Added review R3N3E2EB1TIMH0 to summary
LOCAL 2024-02-11 22:03:50 INFO  LocalApp:60 - Added review R1HQ0YR95HH94J to summary
LOCAL 2024-02-11 22:03:50 INFO  LocalApp:60 - Added review R8OWCLDI0GGL0 to summary
LOCAL 2024-02-11 22:03:50 INFO  LocalApp:60 - Added review R3GJORSH5JM7J2 to summary
LOCAL 2024-02-11 22:03:50 INFO  LocalApp:60 - Added review R3GJORSH5JM7J2 to summary
LOCAL 2024-02-11 22:03:50 INFO  LocalApp:60 - Added review R2BJ1N7XP2P3OO to summary
LOCAL 2024-02-11 22:03:50 INFO  LocalApp:60 - Added review R2DVDVKAMIXE50 to summary
LOCAL 2024-02-11 22:03:50 INFO  LocalApp:60 - Added review R33SW6AMDKTSB8 to summary
LOCAL 2024-02-11 22:03:50 INFO  LocalApp:60 - Added review RGLQYVJV1BUPN to summary
LOCAL 2024-02-11 22:03:50 INFO  LocalApp:60 - Added review R2UMQUE3WKQ0YW to summary
LOCAL 2024-02-11 22:03:50 INFO  LocalApp:60 - Added review R2UMQUE3WKQ0YW to summary
LOCAL 2024-02-11 22:03:50 INFO  LocalApp:60 - Added review R1NWQUW6SGEYHR to summary
LOCAL 2024-02-11 22:03:50 INFO  LocalApp:60 - Added review R3W3BU16T3ZB6K to summary
LOCAL 2024-02-11 22:03:50 INFO  LocalApp:60 - Added review R11K609K9FA6Y4 to summary
LOCAL 2024-02-11 22:03:50 INFO  LocalApp:60 - Added review R1HRC6MTTWN9RN to summary
LOCAL 2024-02-11 22:03:50 INFO  LocalApp:60 - Added review R2NS4J2WULUMZN to summary
LOCAL 2024-02-11 22:03:50 INFO  LocalApp:60 - Added review R964TFJRPFI9F to summary
LOCAL 2024-02-11 22:03:50 INFO  LocalApp:60 - Added review R314FSLWJB1BYS to summary
LOCAL 2024-02-11 22:03:50 INFO  LocalApp:60 - Added review ROH8MORG3G94X to summary
LOCAL 2024-02-11 22:03:50 INFO  LocalApp:60 - Added review R26HIKXDKUTC5E to summary
LOCAL 2024-02-11 22:03:50 INFO  LocalApp:60 - Added review R3L5XD2VWY235I to summary
LOCAL 2024-02-11 22:03:50 INFO  LocalApp:60 - Added review RJPL8KXN348NY to summary
LOCAL 2024-02-11 22:03:50 INFO  LocalApp:60 - Added review R3MIC1REUBPREZ to summary
LOCAL 2024-02-11 22:03:50 INFO  LocalApp:60 - Added review RQFO6EZK21SA3 to summary
LOCAL 2024-02-11 22:03:50 INFO  LocalApp:60 - Added review R3U0AGCN0XLFYW to summary
LOCAL 2024-02-11 22:03:50 INFO  LocalApp:60 - Added review R2LTX4K942REZ6 to summary
LOCAL 2024-02-11 22:03:50 INFO  LocalApp:60 - Added review RQFO6EZK21SA3 to summary
LOCAL 2024-02-11 22:03:50 INFO  LocalApp:60 - Added review R1ND8M8IXDOCXS to summary
LOCAL 2024-02-11 22:03:50 INFO  LocalApp:60 - Added review R1SY90KME52LDP to summary
LOCAL 2024-02-11 22:03:50 INFO  LocalApp:60 - Added review R3Q6GXS0CJ2O8X to summary
LOCAL 2024-02-11 22:03:50 INFO  LocalApp:60 - Added review R1D4E096B5B40Z to summary
LOCAL 2024-02-11 22:03:50 INFO  LocalApp:60 - Added review R1PVCVO8PI7VCK to summary
LOCAL 2024-02-11 22:03:50 INFO  LocalApp:60 - Added review R4FQCSH8I533I to summary
LOCAL 2024-02-11 22:03:50 INFO  LocalApp:60 - Added review R1OQJ80RUJ759U to summary
LOCAL 2024-02-11 22:03:50 INFO  LocalApp:60 - Added review R2Y7JC1QKZ4IK to summary
LOCAL 2024-02-11 22:03:50 INFO  LocalApp:60 - Added review R3PI0U0KLRMI10 to summary
LOCAL 2024-02-11 22:03:50 INFO  LocalApp:60 - Added review R126IXMG8FTZNK to summary
LOCAL 2024-02-11 22:03:50 INFO  LocalApp:60 - Added review R1D4E096B5B40Z to summary
LOCAL 2024-02-11 22:03:50 INFO  LocalApp:60 - Added review R2AF2W42NTLN03 to summary
LOCAL 2024-02-11 22:03:50 INFO  LocalApp:60 - Added review R1D4E096B5B40Z to summary
LOCAL 2024-02-11 22:03:50 INFO  LocalApp:60 - Added review R3V239ZPPF0XY3 to summary
LOCAL 2024-02-11 22:03:50 INFO  LocalApp:60 - Added review R2T7WL4AHZOFAD to summary
LOCAL 2024-02-11 22:03:50 INFO  LocalApp:60 - Added review RDJ2LZRJ4K0V to summary
LOCAL 2024-02-11 22:03:50 INFO  LocalApp:60 - Added review R2AF2W42NTLN03 to summary
LOCAL 2024-02-11 22:03:50 INFO  LocalApp:60 - Added review R39T2E8UGYDUKA to summary
LOCAL 2024-02-11 22:03:50 INFO  LocalApp:60 - Added review R2CUSAEOO5ZUZY to summary
LOCAL 2024-02-11 22:03:50 INFO  LocalApp:60 - Added review R167BE5I3EVUMB to summary
LOCAL 2024-02-11 22:03:50 INFO  LocalApp:60 - Added review R37FFB363KA4VW to summary
LOCAL 2024-02-11 22:03:50 INFO  LocalApp:60 - Added review R1D4E096B5B40Z to summary
LOCAL 2024-02-11 22:03:50 INFO  LocalApp:60 - Added review R26PN2JPMGRCS1 to summary
LOCAL 2024-02-11 22:03:50 INFO  LocalApp:60 - Added review R10353KY5U9CAL to summary
LOCAL 2024-02-11 22:03:50 INFO  LocalApp:60 - Added review RYBWUKZSF8HKX to summary
LOCAL 2024-02-11 22:03:50 INFO  LocalApp:60 - Added review R2TRPI07Z5TB9L to summary
LOCAL 2024-02-11 22:03:50 INFO  LocalApp:60 - Added review R37FFB363KA4VW to summary
LOCAL 2024-02-11 22:03:50 INFO  LocalApp:60 - Added review R2TRPI07Z5TB9L to summary
LOCAL 2024-02-11 22:03:50 INFO  LocalApp:60 - Added review R1D4E096B5B40Z to summary
LOCAL 2024-02-11 22:03:50 INFO  LocalApp:60 - Added review R2TFTOL4S8QAJ1 to summary
LOCAL 2024-02-11 22:03:50 INFO  LocalApp:60 - Added review R20R5DLH2UZKX1 to summary
LOCAL 2024-02-11 22:03:50 INFO  LocalApp:60 - Added review R2AF2W42NTLN03 to summary
LOCAL 2024-02-11 22:03:50 INFO  LocalApp:60 - Added review RRGM06Y1WF6L3 to summary
LOCAL 2024-02-11 22:03:50 INFO  LocalApp:60 - Added review R22RDBC963OKZZ to summary
LOCAL 2024-02-11 22:03:50 INFO  LocalApp:69 - Created summary HTML file at output1.html
LOCAL 2024-02-11 22:03:51 INFO  S3Handler:71 - File 98bddbd651f28c66-summary-0 deleted from S3 bucket sarcasm-analysis-bucket-98bddbd651f28c66
LOCAL 2024-02-11 22:03:52 INFO  SQSHandler:93 - Deleted message from https://sqs.us-east-1.amazonaws.com/767398090493/managerToLocalQueue-98bddbd651f28c66
LOCAL 2024-02-11 22:03:52 INFO  LocalApp:92 - Polling for responses from manager
LOCAL 2024-02-11 22:04:12 INFO  LocalApp:92 - Polling for responses from manager
LOCAL 2024-02-11 22:04:25 INFO  LocalApp:104 - Received response from manager: 98bddbd651f28c66::done::98bddbd651f28c66-summary-1::1
LOCAL 2024-02-11 22:04:25 INFO  LocalApp:26 - LocalAppTask started
LOCAL 2024-02-11 22:04:25 INFO  S3Handler:56 - Downloading file 98bddbd651f28c66-summary-1 from S3 bucket sarcasm-analysis-bucket-98bddbd651f28c66
LOCAL 2024-02-11 22:04:26 INFO  LocalApp:33 - Received summary file from S3
LOCAL 2024-02-11 22:04:26 INFO  LocalApp:60 - Added review R3FZ9XKPAJHGWK to summary
LOCAL 2024-02-11 22:04:26 INFO  LocalApp:60 - Added review RVTO9178ITTWI to summary
LOCAL 2024-02-11 22:04:26 INFO  LocalApp:60 - Added review R1LO6KREH0DO7C to summary
LOCAL 2024-02-11 22:04:26 INFO  LocalApp:60 - Added review R3I9BY0ZH5W75E to summary
LOCAL 2024-02-11 22:04:26 INFO  LocalApp:60 - Added review R3VOO35O3GEQOY to summary
LOCAL 2024-02-11 22:04:26 INFO  LocalApp:60 - Added review R2TBAXUSYI7CVS to summary
LOCAL 2024-02-11 22:04:26 INFO  LocalApp:60 - Added review RZ863ZL7WLRB6 to summary
LOCAL 2024-02-11 22:04:26 INFO  LocalApp:60 - Added review R1SA1U9TKOD2E2 to summary
LOCAL 2024-02-11 22:04:26 INFO  LocalApp:60 - Added review RGV3LWFFHSF39 to summary
LOCAL 2024-02-11 22:04:26 INFO  LocalApp:60 - Added review R1PKNUW159WTK5 to summary
LOCAL 2024-02-11 22:04:26 INFO  LocalApp:60 - Added review R34HMSN4RMOSXX to summary
LOCAL 2024-02-11 22:04:26 INFO  LocalApp:60 - Added review R1LKVHVCF9WG2D to summary
LOCAL 2024-02-11 22:04:26 INFO  LocalApp:60 - Added review R297KZJPP5KIVI to summary
LOCAL 2024-02-11 22:04:26 INFO  LocalApp:60 - Added review R2WSLWOVAUC256 to summary
LOCAL 2024-02-11 22:04:26 INFO  LocalApp:60 - Added review R37TIRA7FUBA92 to summary
LOCAL 2024-02-11 22:04:26 INFO  LocalApp:60 - Added review RYCEFJV10K560 to summary
LOCAL 2024-02-11 22:04:26 INFO  LocalApp:60 - Added review R3GCQ5GE7CGFVG to summary
LOCAL 2024-02-11 22:04:26 INFO  LocalApp:60 - Added review R2GOJ9HURVXPEL to summary
LOCAL 2024-02-11 22:04:26 INFO  LocalApp:60 - Added review RYYBXOLNVCSAA to summary
LOCAL 2024-02-11 22:04:26 INFO  LocalApp:60 - Added review RNOV1Z9YGYM7H to summary
LOCAL 2024-02-11 22:04:26 INFO  LocalApp:60 - Added review RLQ519QM2GOKN to summary
LOCAL 2024-02-11 22:04:26 INFO  LocalApp:60 - Added review R1ODNMD5CB2CJE to summary
LOCAL 2024-02-11 22:04:26 INFO  LocalApp:60 - Added review RBPE2D2FFF5ZU to summary
LOCAL 2024-02-11 22:04:26 INFO  LocalApp:60 - Added review R2JZUX6LR3YMAX to summary
LOCAL 2024-02-11 22:04:26 INFO  LocalApp:60 - Added review RPURVNKU8YWTS to summary
LOCAL 2024-02-11 22:04:26 INFO  LocalApp:60 - Added review R225MLQF383IP9 to summary
LOCAL 2024-02-11 22:04:26 INFO  LocalApp:60 - Added review R1UHFNZH1YH4HW to summary
LOCAL 2024-02-11 22:04:26 INFO  LocalApp:60 - Added review RI5ZCNMM7AQFF to summary
LOCAL 2024-02-11 22:04:26 INFO  LocalApp:60 - Added review R1J9M9CMH91RG to summary
LOCAL 2024-02-11 22:04:26 INFO  LocalApp:60 - Added review R30ERQ2E10KAMM to summary
LOCAL 2024-02-11 22:04:26 INFO  LocalApp:60 - Added review R1M9SJWVZ9I39O to summary
LOCAL 2024-02-11 22:04:26 INFO  LocalApp:60 - Added review R32ONNVRE6KH31 to summary
LOCAL 2024-02-11 22:04:26 INFO  LocalApp:60 - Added review R3KNE6FOKATP4E to summary
LOCAL 2024-02-11 22:04:26 INFO  LocalApp:60 - Added review R17DL6RPR3AWZR to summary
LOCAL 2024-02-11 22:04:26 INFO  LocalApp:60 - Added review R1ZLTHFSSOGNWB to summary
LOCAL 2024-02-11 22:04:26 INFO  LocalApp:60 - Added review R3BD8T9FKXTM94 to summary
LOCAL 2024-02-11 22:04:26 INFO  LocalApp:60 - Added review R183TPGJF3GM74 to summary
LOCAL 2024-02-11 22:04:26 INFO  LocalApp:60 - Added review R35P822BAW0TEW to summary
LOCAL 2024-02-11 22:04:26 INFO  LocalApp:60 - Added review R32NA4WE4RRV7O to summary
LOCAL 2024-02-11 22:04:26 INFO  LocalApp:60 - Added review R17W2EKR19FDC1 to summary
LOCAL 2024-02-11 22:04:26 INFO  LocalApp:60 - Added review R2YYX5Y0UECYHM to summary
LOCAL 2024-02-11 22:04:26 INFO  LocalApp:60 - Added review R1YIN6TRBDN6E7 to summary
LOCAL 2024-02-11 22:04:26 INFO  LocalApp:60 - Added review R26Y61K9RS9NPV to summary
LOCAL 2024-02-11 22:04:26 INFO  LocalApp:60 - Added review R2X93JXNHREHY8 to summary
LOCAL 2024-02-11 22:04:26 INFO  LocalApp:60 - Added review R3VJ2TR1IOIG60 to summary
LOCAL 2024-02-11 22:04:26 INFO  LocalApp:60 - Added review R1NHGQ3COBPL09 to summary
LOCAL 2024-02-11 22:04:26 INFO  LocalApp:60 - Added review R2AULTY7GVDVP0 to summary
LOCAL 2024-02-11 22:04:26 INFO  LocalApp:60 - Added review RM29R8JV689D4 to summary
LOCAL 2024-02-11 22:04:26 INFO  LocalApp:60 - Added review R716FIYPFIADE to summary
LOCAL 2024-02-11 22:04:26 INFO  LocalApp:60 - Added review RJUE2YU7GO1SO to summary
LOCAL 2024-02-11 22:04:26 INFO  LocalApp:60 - Added review R3IPZJF4Z7OHKF to summary
LOCAL 2024-02-11 22:04:26 INFO  LocalApp:60 - Added review R198S9JCR8HBTP to summary
LOCAL 2024-02-11 22:04:26 INFO  LocalApp:60 - Added review R3CFE1BSO8B2NP to summary
LOCAL 2024-02-11 22:04:26 INFO  LocalApp:60 - Added review RB5LI29VWDK0F to summary
LOCAL 2024-02-11 22:04:26 INFO  LocalApp:60 - Added review RQ8TUZ6IDTMUZ to summary
LOCAL 2024-02-11 22:04:26 INFO  LocalApp:60 - Added review R2OJAJRDONJ956 to summary
LOCAL 2024-02-11 22:04:26 INFO  LocalApp:60 - Added review RY9H7J59QQ7PJ to summary
LOCAL 2024-02-11 22:04:26 INFO  LocalApp:60 - Added review RFF7D2RYSX90A to summary
LOCAL 2024-02-11 22:04:26 INFO  LocalApp:60 - Added review R2WNE7SOM1LQUD to summary
LOCAL 2024-02-11 22:04:26 INFO  LocalApp:60 - Added review R3A44ZN69S3ISH to summary
LOCAL 2024-02-11 22:04:26 INFO  LocalApp:60 - Added review R2C5LGQ61KIEO0 to summary
LOCAL 2024-02-11 22:04:26 INFO  LocalApp:60 - Added review R2WOZ9H5W3WWDX to summary
LOCAL 2024-02-11 22:04:26 INFO  LocalApp:60 - Added review R1BTZ4X4HMYMLL to summary
LOCAL 2024-02-11 22:04:26 INFO  LocalApp:60 - Added review R30I9X1GIK2UAJ to summary
LOCAL 2024-02-11 22:04:26 INFO  LocalApp:60 - Added review R2IT194E9FMSXY to summary
LOCAL 2024-02-11 22:04:26 INFO  LocalApp:60 - Added review R1AC4H1G5X3OM3 to summary
LOCAL 2024-02-11 22:04:26 INFO  LocalApp:60 - Added review RVC430084EWAT to summary
LOCAL 2024-02-11 22:04:26 INFO  LocalApp:60 - Added review R2UX54V1DRPOH1 to summary
LOCAL 2024-02-11 22:04:26 INFO  LocalApp:60 - Added review R1X01FR3HZGMMQ to summary
LOCAL 2024-02-11 22:04:26 INFO  LocalApp:60 - Added review R2H8I2J8S3EKBD to summary
LOCAL 2024-02-11 22:04:26 INFO  LocalApp:60 - Added review R3HQKX62U50021 to summary
LOCAL 2024-02-11 22:04:26 INFO  LocalApp:60 - Added review RXY6J59YCD4Y9 to summary
LOCAL 2024-02-11 22:04:26 INFO  LocalApp:60 - Added review R3CCJUR9ZFW1D1 to summary
LOCAL 2024-02-11 22:04:26 INFO  LocalApp:60 - Added review R1XGKP86XPBJ78 to summary
LOCAL 2024-02-11 22:04:26 INFO  LocalApp:60 - Added review R1WBH7GJ6ZQN0H to summary
LOCAL 2024-02-11 22:04:26 INFO  LocalApp:60 - Added review R2NYJVKFJ4NKU5 to summary
LOCAL 2024-02-11 22:04:26 INFO  LocalApp:60 - Added review RQK3XWZASMVG1 to summary
LOCAL 2024-02-11 22:04:26 INFO  LocalApp:60 - Added review R3P2J84U84FPPC to summary
LOCAL 2024-02-11 22:04:26 INFO  LocalApp:60 - Added review R2V5LCNVFQH63H to summary
LOCAL 2024-02-11 22:04:26 INFO  LocalApp:60 - Added review RA2BV6MNW6H4P to summary
LOCAL 2024-02-11 22:04:26 INFO  LocalApp:60 - Added review R3D8CF7GI13EME to summary
LOCAL 2024-02-11 22:04:26 INFO  LocalApp:60 - Added review RYGBQ4TNO87U7 to summary
LOCAL 2024-02-11 22:04:26 INFO  LocalApp:60 - Added review R1RE39MYZ74V0I to summary
LOCAL 2024-02-11 22:04:26 INFO  LocalApp:60 - Added review R18BVPFNLVLI00 to summary
LOCAL 2024-02-11 22:04:26 INFO  LocalApp:60 - Added review R1DAFZDBHXJS58 to summary
LOCAL 2024-02-11 22:04:26 INFO  LocalApp:60 - Added review R1266STJW192AU to summary
LOCAL 2024-02-11 22:04:26 INFO  LocalApp:60 - Added review R6G369XAIQZGD to summary
LOCAL 2024-02-11 22:04:26 INFO  LocalApp:60 - Added review R3O6WOENPE10M7 to summary
LOCAL 2024-02-11 22:04:26 INFO  LocalApp:60 - Added review RTCQYW9LFP4NU to summary
LOCAL 2024-02-11 22:04:26 INFO  LocalApp:60 - Added review R9VWEW7889P7Y to summary
LOCAL 2024-02-11 22:04:26 INFO  LocalApp:60 - Added review R2RF78R3BRL33K to summary
LOCAL 2024-02-11 22:04:26 INFO  LocalApp:60 - Added review R3UZPD8PIOB639 to summary
LOCAL 2024-02-11 22:04:26 INFO  LocalApp:60 - Added review R2XG6L81KSWNXG to summary
LOCAL 2024-02-11 22:04:26 INFO  LocalApp:60 - Added review R19UZIIX87DUSA to summary
LOCAL 2024-02-11 22:04:26 INFO  LocalApp:60 - Added review R1L97WS57EGN33 to summary
LOCAL 2024-02-11 22:04:26 INFO  LocalApp:60 - Added review R3MCZ44MR2G0XI to summary
LOCAL 2024-02-11 22:04:26 INFO  LocalApp:60 - Added review R2M9GQ7J9AARJF to summary
LOCAL 2024-02-11 22:04:26 INFO  LocalApp:60 - Added review R16NII4O2CTQXH to summary
LOCAL 2024-02-11 22:04:26 INFO  LocalApp:60 - Added review R1GCPZZHP98R6L to summary
LOCAL 2024-02-11 22:04:26 INFO  LocalApp:60 - Added review R2K2WJL3O0QX60 to summary
LOCAL 2024-02-11 22:04:26 INFO  LocalApp:60 - Added review R1CDOPSMXKVATP to summary
LOCAL 2024-02-11 22:04:26 INFO  LocalApp:60 - Added review RYOASE3FEEMQF to summary
LOCAL 2024-02-11 22:04:26 INFO  LocalApp:60 - Added review R1E0B4BSATMDLF to summary
LOCAL 2024-02-11 22:04:26 INFO  LocalApp:60 - Added review R3SMC951SELPWG to summary
LOCAL 2024-02-11 22:04:26 INFO  LocalApp:60 - Added review R1TVO3SSA48O63 to summary
LOCAL 2024-02-11 22:04:26 INFO  LocalApp:60 - Added review R248WNDI9KORMN to summary
LOCAL 2024-02-11 22:04:26 INFO  LocalApp:60 - Added review R1ZQT8HRYPPAL1 to summary
LOCAL 2024-02-11 22:04:26 INFO  LocalApp:60 - Added review R3785VDMIX17Q5 to summary
LOCAL 2024-02-11 22:04:26 INFO  LocalApp:60 - Added review R324EUIJM66K3P to summary
LOCAL 2024-02-11 22:04:26 INFO  LocalApp:60 - Added review RA7282JO4ZCOR to summary
LOCAL 2024-02-11 22:04:26 INFO  LocalApp:60 - Added review R2BM6SS8E2LI0R to summary
LOCAL 2024-02-11 22:04:26 INFO  LocalApp:60 - Added review R35TTME01L2RTA to summary
LOCAL 2024-02-11 22:04:26 INFO  LocalApp:60 - Added review R24CFCPABA0NKB to summary
LOCAL 2024-02-11 22:04:26 INFO  LocalApp:60 - Added review RURO5A0YDEK8 to summary
LOCAL 2024-02-11 22:04:26 INFO  LocalApp:60 - Added review R3BPLUWVR7KR0I to summary
LOCAL 2024-02-11 22:04:26 INFO  LocalApp:60 - Added review R2AXHZPASOMOIK to summary
LOCAL 2024-02-11 22:04:26 INFO  LocalApp:60 - Added review RG35LRUWRI7FE to summary
LOCAL 2024-02-11 22:04:26 INFO  LocalApp:60 - Added review R2YU28TN6F9LK to summary
LOCAL 2024-02-11 22:04:26 INFO  LocalApp:60 - Added review ROYON5JGU35A8 to summary
LOCAL 2024-02-11 22:04:26 INFO  LocalApp:60 - Added review R3KYA1B58ITTGQ to summary
LOCAL 2024-02-11 22:04:26 INFO  LocalApp:60 - Added review R2DLHZH742W51P to summary
LOCAL 2024-02-11 22:04:26 INFO  LocalApp:60 - Added review R18AQ7YXO522HB to summary
LOCAL 2024-02-11 22:04:26 INFO  LocalApp:60 - Added review R27G76ZPUBZAYU to summary
LOCAL 2024-02-11 22:04:26 INFO  LocalApp:60 - Added review R22R8AUXBWUT1N to summary
LOCAL 2024-02-11 22:04:26 INFO  LocalApp:60 - Added review RYA8G58AGZ0FH to summary
LOCAL 2024-02-11 22:04:26 INFO  LocalApp:60 - Added review R3OZIWII588595 to summary
LOCAL 2024-02-11 22:04:26 INFO  LocalApp:60 - Added review R5GZ92RJSQ5W7 to summary
LOCAL 2024-02-11 22:04:26 INFO  LocalApp:60 - Added review R2YVSHU4J58L3A to summary
LOCAL 2024-02-11 22:04:26 INFO  LocalApp:60 - Added review R2NBB4XZWXXH8E to summary
LOCAL 2024-02-11 22:04:26 INFO  LocalApp:60 - Added review R5YV6JHKBGA0G to summary
LOCAL 2024-02-11 22:04:26 INFO  LocalApp:60 - Added review RP1Q8KK6ZJAK0 to summary
LOCAL 2024-02-11 22:04:26 INFO  LocalApp:60 - Added review R28UPRD10VDSOA to summary
LOCAL 2024-02-11 22:04:26 INFO  LocalApp:60 - Added review R39F8EC4DNBI5R to summary
LOCAL 2024-02-11 22:04:26 INFO  LocalApp:60 - Added review R1R0BIOPYLKIJQ to summary
LOCAL 2024-02-11 22:04:26 INFO  LocalApp:60 - Added review R31CKECGRZINVZ to summary
LOCAL 2024-02-11 22:04:26 INFO  LocalApp:60 - Added review R103MJ3WBZAMZ to summary
LOCAL 2024-02-11 22:04:26 INFO  LocalApp:60 - Added review R2K667JRI5Y6T9 to summary
LOCAL 2024-02-11 22:04:26 INFO  LocalApp:60 - Added review R3VWYSFV6Y6R4H to summary
LOCAL 2024-02-11 22:04:26 INFO  LocalApp:60 - Added review R1IUA35Y37GCST to summary
LOCAL 2024-02-11 22:04:26 INFO  LocalApp:60 - Added review R2V18MFRC0RYAE to summary
LOCAL 2024-02-11 22:04:26 INFO  LocalApp:60 - Added review R3Q3V0NWWEZJVB to summary
LOCAL 2024-02-11 22:04:26 INFO  LocalApp:60 - Added review R3I6HGR094A2LA to summary
LOCAL 2024-02-11 22:04:26 INFO  LocalApp:60 - Added review R1TR2RN3Q6017B to summary
LOCAL 2024-02-11 22:04:26 INFO  LocalApp:60 - Added review R3IUPTHD7TLV1V to summary
LOCAL 2024-02-11 22:04:26 INFO  LocalApp:60 - Added review R3DPJ1Z51D8F97 to summary
LOCAL 2024-02-11 22:04:26 INFO  LocalApp:60 - Added review R145R0X7OOR111 to summary
LOCAL 2024-02-11 22:04:26 INFO  LocalApp:60 - Added review R2NDFHW34UATFJ to summary
LOCAL 2024-02-11 22:04:26 INFO  LocalApp:60 - Added review R2I4MYU1IT5IJ to summary
LOCAL 2024-02-11 22:04:26 INFO  LocalApp:60 - Added review R24K2YEHAKPCC7 to summary
LOCAL 2024-02-11 22:04:26 INFO  LocalApp:60 - Added review R229D11Q705WJH to summary
LOCAL 2024-02-11 22:04:26 INFO  LocalApp:60 - Added review RI9CMCQKXE0OD to summary
LOCAL 2024-02-11 22:04:26 INFO  LocalApp:60 - Added review R2IMP0Y4PYSN4H to summary
LOCAL 2024-02-11 22:04:26 INFO  LocalApp:60 - Added review R2A4MRXOK6OK3C to summary
LOCAL 2024-02-11 22:04:26 INFO  LocalApp:60 - Added review R2CC6E5DL952U6 to summary
LOCAL 2024-02-11 22:04:26 INFO  LocalApp:60 - Added review R1O4CEQC6ML81G to summary
LOCAL 2024-02-11 22:04:26 INFO  LocalApp:60 - Added review R3GB834FUHFBLJ to summary
LOCAL 2024-02-11 22:04:26 INFO  LocalApp:60 - Added review R1J7EXZEWE5ZHY to summary
LOCAL 2024-02-11 22:04:26 INFO  LocalApp:60 - Added review RTZXY5K58OTS3 to summary
LOCAL 2024-02-11 22:04:26 INFO  LocalApp:60 - Added review R2Q1XB0XQH6N15 to summary
LOCAL 2024-02-11 22:04:26 INFO  LocalApp:60 - Added review R2AQ1ZCFRIDCAZ to summary
LOCAL 2024-02-11 22:04:26 INFO  LocalApp:60 - Added review R206D81KTHBV9X to summary
LOCAL 2024-02-11 22:04:26 INFO  LocalApp:60 - Added review R5PYX2JUYHA2A to summary
LOCAL 2024-02-11 22:04:26 INFO  LocalApp:60 - Added review R67WMALKSTSAR to summary
LOCAL 2024-02-11 22:04:26 INFO  LocalApp:60 - Added review R2GYD3QAS9GIU4 to summary
LOCAL 2024-02-11 22:04:26 INFO  LocalApp:60 - Added review R29FH56TPJ9DV7 to summary
LOCAL 2024-02-11 22:04:26 INFO  LocalApp:60 - Added review RZ0RLDVJBNXG0 to summary
LOCAL 2024-02-11 22:04:26 INFO  LocalApp:60 - Added review R3Q6I72352TWD7 to summary
LOCAL 2024-02-11 22:04:26 INFO  LocalApp:60 - Added review R19ARZ9IWQW9TZ to summary
LOCAL 2024-02-11 22:04:26 INFO  LocalApp:60 - Added review R21TCKA3UPS8TL to summary
LOCAL 2024-02-11 22:04:26 INFO  LocalApp:60 - Added review R4C1F7UFVM4P1 to summary
LOCAL 2024-02-11 22:04:26 INFO  LocalApp:60 - Added review RKMS4JRDEKXAS to summary
LOCAL 2024-02-11 22:04:26 INFO  LocalApp:60 - Added review R6QUYS14N548B to summary
LOCAL 2024-02-11 22:04:26 INFO  LocalApp:60 - Added review R38OZTTA0W1INP to summary
LOCAL 2024-02-11 22:04:26 INFO  LocalApp:60 - Added review R1DZMZ1OCAIWCY to summary
LOCAL 2024-02-11 22:04:26 INFO  LocalApp:60 - Added review R1GOML3G4KYXBJ to summary
LOCAL 2024-02-11 22:04:26 INFO  LocalApp:60 - Added review R148ODUBECNMP6 to summary
LOCAL 2024-02-11 22:04:26 INFO  LocalApp:60 - Added review R272D15U2AR0F9 to summary
LOCAL 2024-02-11 22:04:26 INFO  LocalApp:60 - Added review R4F0PVX3L9AUJ to summary
LOCAL 2024-02-11 22:04:26 INFO  LocalApp:60 - Added review R2JGOBVUZ6RUQW to summary
LOCAL 2024-02-11 22:04:26 INFO  LocalApp:60 - Added review R2UCGMCJJSZACG to summary
LOCAL 2024-02-11 22:04:26 INFO  LocalApp:60 - Added review R4IW6YDAJEVH9 to summary
LOCAL 2024-02-11 22:04:26 INFO  LocalApp:60 - Added review R296GKIHV67WP3 to summary
LOCAL 2024-02-11 22:04:26 INFO  LocalApp:60 - Added review RYPW2J11XJBEO to summary
LOCAL 2024-02-11 22:04:26 INFO  LocalApp:60 - Added review R15I68PPFBA6YG to summary
LOCAL 2024-02-11 22:04:26 INFO  LocalApp:60 - Added review R1JDXB8Y4TO3MT to summary
LOCAL 2024-02-11 22:04:26 INFO  LocalApp:60 - Added review R3TOUV3S3TEWJV to summary
LOCAL 2024-02-11 22:04:26 INFO  LocalApp:60 - Added review RMWWN2CXUZENY to summary
LOCAL 2024-02-11 22:04:26 INFO  LocalApp:60 - Added review R13DWX82BJFWVM to summary
LOCAL 2024-02-11 22:04:26 INFO  LocalApp:60 - Added review R2YRLW9TX4VBVZ to summary
LOCAL 2024-02-11 22:04:26 INFO  LocalApp:60 - Added review R2SQ2SGHSGLTKZ to summary
LOCAL 2024-02-11 22:04:26 INFO  LocalApp:60 - Added review R7B4KD4PDTPLL to summary
LOCAL 2024-02-11 22:04:26 INFO  LocalApp:60 - Added review R1BF5GUVE02107 to summary
LOCAL 2024-02-11 22:04:26 INFO  LocalApp:60 - Added review R9NBZ4PQ9JR9K to summary
LOCAL 2024-02-11 22:04:26 INFO  LocalApp:60 - Added review R2AAXV4515O3UD to summary
LOCAL 2024-02-11 22:04:26 INFO  LocalApp:60 - Added review RFNQW6G1BP2VW to summary
LOCAL 2024-02-11 22:04:26 INFO  LocalApp:60 - Added review R39YFS3B2XSKEU to summary
LOCAL 2024-02-11 22:04:26 INFO  LocalApp:60 - Added review R2KWLYJ8X61VPI to summary
LOCAL 2024-02-11 22:04:26 INFO  LocalApp:60 - Added review R1ER3G3LTR7S71 to summary
LOCAL 2024-02-11 22:04:26 INFO  LocalApp:60 - Added review REIA502IX274J to summary
LOCAL 2024-02-11 22:04:26 INFO  LocalApp:60 - Added review R17PU9QKZ8VPJ9 to summary
LOCAL 2024-02-11 22:04:26 INFO  LocalApp:60 - Added review R19CHFE0E0GLEC to summary
LOCAL 2024-02-11 22:04:26 INFO  LocalApp:60 - Added review R3APFHFY3OCT2F to summary
LOCAL 2024-02-11 22:04:26 INFO  LocalApp:60 - Added review R2E55D8NHOQBU7 to summary
LOCAL 2024-02-11 22:04:26 INFO  LocalApp:60 - Added review R1VH2SIAF3DBAH to summary
LOCAL 2024-02-11 22:04:26 INFO  LocalApp:60 - Added review RSBGE9U7IZAVK to summary
LOCAL 2024-02-11 22:04:26 INFO  LocalApp:60 - Added review R2DW4G59VTIKLS to summary
LOCAL 2024-02-11 22:04:26 INFO  LocalApp:60 - Added review R24289NXIN1HSM to summary
LOCAL 2024-02-11 22:04:26 INFO  LocalApp:60 - Added review R3MIDZWFLDL268 to summary
LOCAL 2024-02-11 22:04:26 INFO  LocalApp:60 - Added review RZR9VNN4XJZD5 to summary
LOCAL 2024-02-11 22:04:26 INFO  LocalApp:60 - Added review R1CKE9Q64Z7CZC to summary
LOCAL 2024-02-11 22:04:26 INFO  LocalApp:60 - Added review R14GMZORT9KMN8 to summary
LOCAL 2024-02-11 22:04:26 INFO  LocalApp:60 - Added review R1V0J5CNK3H94W to summary
LOCAL 2024-02-11 22:04:26 INFO  LocalApp:60 - Added review R1GJO5C0V0Q9LG to summary
LOCAL 2024-02-11 22:04:26 INFO  LocalApp:60 - Added review R1YT6DNYYN9WNY to summary
LOCAL 2024-02-11 22:04:26 INFO  LocalApp:60 - Added review R2PDT1D1OW1P67 to summary
LOCAL 2024-02-11 22:04:26 INFO  LocalApp:60 - Added review R3MUYOT9NNN95A to summary
LOCAL 2024-02-11 22:04:26 INFO  LocalApp:60 - Added review R3OONWNYEZ0WC6 to summary
LOCAL 2024-02-11 22:04:26 INFO  LocalApp:60 - Added review R2B1BKEQE1SN36 to summary
LOCAL 2024-02-11 22:04:26 INFO  LocalApp:60 - Added review R3TNVUIIDECEM2 to summary
LOCAL 2024-02-11 22:04:26 INFO  LocalApp:60 - Added review R1O43OZNA9U61Q to summary
LOCAL 2024-02-11 22:04:26 INFO  LocalApp:60 - Added review R2YY4MB1JSYXW9 to summary
LOCAL 2024-02-11 22:04:26 INFO  LocalApp:60 - Added review R32QMZ5G6AVMU1 to summary
LOCAL 2024-02-11 22:04:26 INFO  LocalApp:60 - Added review R2JPKAUXCO3KJU to summary
LOCAL 2024-02-11 22:04:26 INFO  LocalApp:60 - Added review R157KFECQL28DL to summary
LOCAL 2024-02-11 22:04:26 INFO  LocalApp:60 - Added review RCQCN4PEKUVGT to summary
LOCAL 2024-02-11 22:04:26 INFO  LocalApp:60 - Added review REYMDANUK2DTX to summary
LOCAL 2024-02-11 22:04:26 INFO  LocalApp:60 - Added review R2WBV2ZOZ9U8GK to summary
LOCAL 2024-02-11 22:04:26 INFO  LocalApp:60 - Added review R1V2YENX1DGP3N to summary
LOCAL 2024-02-11 22:04:26 INFO  LocalApp:60 - Added review R3KHL1RAN2MAYM to summary
LOCAL 2024-02-11 22:04:26 INFO  LocalApp:60 - Added review R28IFV0Q4DPVGI to summary
LOCAL 2024-02-11 22:04:26 INFO  LocalApp:60 - Added review R2BUSGDRZHQVZD to summary
LOCAL 2024-02-11 22:04:26 INFO  LocalApp:60 - Added review R3KLQZW5AZWTMA to summary
LOCAL 2024-02-11 22:04:26 INFO  LocalApp:60 - Added review RV1IE9YX2S53P to summary
LOCAL 2024-02-11 22:04:26 INFO  LocalApp:60 - Added review R209YS2I5HBS27 to summary
LOCAL 2024-02-11 22:04:26 INFO  LocalApp:60 - Added review R2VWMFWPPLU8KW to summary
LOCAL 2024-02-11 22:04:26 INFO  LocalApp:60 - Added review R2XMZTWHF1PBCY to summary
LOCAL 2024-02-11 22:04:26 INFO  LocalApp:60 - Added review R2AL5KUXHLVMSY to summary
LOCAL 2024-02-11 22:04:26 INFO  LocalApp:60 - Added review RH9CQDJ1UOPX4 to summary
LOCAL 2024-02-11 22:04:26 INFO  LocalApp:60 - Added review R3E9BL98WUW7RG to summary
LOCAL 2024-02-11 22:04:26 INFO  LocalApp:60 - Added review R1OSYNM81H5W61 to summary
LOCAL 2024-02-11 22:04:26 INFO  LocalApp:60 - Added review R1LVSG0GUC5AW6 to summary
LOCAL 2024-02-11 22:04:26 INFO  LocalApp:60 - Added review R175JKHTIYTRDO to summary
LOCAL 2024-02-11 22:04:26 INFO  LocalApp:60 - Added review R5X3IGR682CFK to summary
LOCAL 2024-02-11 22:04:26 INFO  LocalApp:60 - Added review R3BYJDZUHVQSTH to summary
LOCAL 2024-02-11 22:04:26 INFO  LocalApp:60 - Added review R3C9II3W87987H to summary
LOCAL 2024-02-11 22:04:26 INFO  LocalApp:60 - Added review R2S5QAXPI9SN2N to summary
LOCAL 2024-02-11 22:04:26 INFO  LocalApp:60 - Added review R1GUOU2JUZ56T1 to summary
LOCAL 2024-02-11 22:04:26 INFO  LocalApp:60 - Added review RIFOS4G2F4VJT to summary
LOCAL 2024-02-11 22:04:26 INFO  LocalApp:60 - Added review R1YR66SJAHGAAO to summary
LOCAL 2024-02-11 22:04:26 INFO  LocalApp:60 - Added review R1LC70WE8SM04K to summary
LOCAL 2024-02-11 22:04:26 INFO  LocalApp:60 - Added review R1YDL3PQIH76F to summary
LOCAL 2024-02-11 22:04:26 INFO  LocalApp:60 - Added review R2V10FE7PLM835 to summary
LOCAL 2024-02-11 22:04:26 INFO  LocalApp:60 - Added review RXQD8R6743JEP to summary
LOCAL 2024-02-11 22:04:26 INFO  LocalApp:60 - Added review R8Y9MNLDZES8A to summary
LOCAL 2024-02-11 22:04:26 INFO  LocalApp:60 - Added review RU01QFNHXAPNW to summary
LOCAL 2024-02-11 22:04:26 INFO  LocalApp:60 - Added review R3CM3FWS8KB9U6 to summary
LOCAL 2024-02-11 22:04:26 INFO  LocalApp:60 - Added review R27K7OQJI188BH to summary
LOCAL 2024-02-11 22:04:26 INFO  LocalApp:60 - Added review R3ITPVY64FDDFG to summary
LOCAL 2024-02-11 22:04:26 INFO  LocalApp:60 - Added review R27RQOEUQGU3PM to summary
LOCAL 2024-02-11 22:04:26 INFO  LocalApp:60 - Added review R14SLB4RJU0673 to summary
LOCAL 2024-02-11 22:04:26 INFO  LocalApp:60 - Added review RPPPXEK7P610R to summary
LOCAL 2024-02-11 22:04:26 INFO  LocalApp:60 - Added review R1J5ZHEHJ043PK to summary
LOCAL 2024-02-11 22:04:26 INFO  LocalApp:60 - Added review RJ23VSC053H1A to summary
LOCAL 2024-02-11 22:04:26 INFO  LocalApp:60 - Added review R2UMS1OTRB7Q7F to summary
LOCAL 2024-02-11 22:04:26 INFO  LocalApp:60 - Added review R3IAKDAA10WTOP to summary
LOCAL 2024-02-11 22:04:26 INFO  LocalApp:60 - Added review R2LB5DXYFCPBD8 to summary
LOCAL 2024-02-11 22:04:26 INFO  LocalApp:60 - Added review R23NHHCGDUYDW to summary
LOCAL 2024-02-11 22:04:26 INFO  LocalApp:60 - Added review R1DZKWS33WWLWK to summary
LOCAL 2024-02-11 22:04:26 INFO  LocalApp:60 - Added review R2Q4VX34VKZ5OM to summary
LOCAL 2024-02-11 22:04:26 INFO  LocalApp:60 - Added review RCNKDT3EPDTED to summary
LOCAL 2024-02-11 22:04:26 INFO  LocalApp:60 - Added review RYER0W0DOQGSC to summary
LOCAL 2024-02-11 22:04:26 INFO  LocalApp:60 - Added review R2A5X0VJB8WR4Y to summary
LOCAL 2024-02-11 22:04:26 INFO  LocalApp:60 - Added review R2RHRCIOJVDZBS to summary
LOCAL 2024-02-11 22:04:26 INFO  LocalApp:60 - Added review R2H8F1W7XUGANH to summary
LOCAL 2024-02-11 22:04:26 INFO  LocalApp:60 - Added review RV312TG1DAMQ to summary
LOCAL 2024-02-11 22:04:26 INFO  LocalApp:60 - Added review R2WGLZ99SOSNE5 to summary
LOCAL 2024-02-11 22:04:26 INFO  LocalApp:60 - Added review R39344CJD0C25C to summary
LOCAL 2024-02-11 22:04:26 INFO  LocalApp:60 - Added review R1VM2BSVHRZDXA to summary
LOCAL 2024-02-11 22:04:26 INFO  LocalApp:60 - Added review R24YRZ8B5Y5AWM to summary
LOCAL 2024-02-11 22:04:26 INFO  LocalApp:60 - Added review RSR1DNQ5OEHHX to summary
LOCAL 2024-02-11 22:04:26 INFO  LocalApp:60 - Added review RJ8UR9BS8O1XQ to summary
LOCAL 2024-02-11 22:04:26 INFO  LocalApp:60 - Added review R8KQLJNIJVCN0 to summary
LOCAL 2024-02-11 22:04:26 INFO  LocalApp:60 - Added review R278Z7WYAICS3O to summary
LOCAL 2024-02-11 22:04:26 INFO  LocalApp:60 - Added review R2VY59EBA6XVL to summary
LOCAL 2024-02-11 22:04:26 INFO  LocalApp:60 - Added review R1MRR69EYV96N0 to summary
LOCAL 2024-02-11 22:04:26 INFO  LocalApp:60 - Added review R2FPQN68JFGUV8 to summary
LOCAL 2024-02-11 22:04:26 INFO  LocalApp:60 - Added review R1ZJELIAJZORAD to summary
LOCAL 2024-02-11 22:04:26 INFO  LocalApp:60 - Added review R2VXM5FPD0GPL9 to summary
LOCAL 2024-02-11 22:04:26 INFO  LocalApp:60 - Added review R3IYQRXBY31UKV to summary
LOCAL 2024-02-11 22:04:26 INFO  LocalApp:60 - Added review R1LO6KREH0DO7C to summary
LOCAL 2024-02-11 22:04:26 INFO  LocalApp:60 - Added review RLKUTV7OCE7RP to summary
LOCAL 2024-02-11 22:04:26 INFO  LocalApp:60 - Added review RJ1ACTUJ9GHIA to summary
LOCAL 2024-02-11 22:04:26 INFO  LocalApp:60 - Added review R2NBYBR34SC9AO to summary
LOCAL 2024-02-11 22:04:26 INFO  LocalApp:60 - Added review R2NETRFTNAT0D to summary
LOCAL 2024-02-11 22:04:26 INFO  LocalApp:60 - Added review R3CXQKI3LVEV2B to summary
LOCAL 2024-02-11 22:04:26 INFO  LocalApp:60 - Added review R2H1I3BH2013W2 to summary
LOCAL 2024-02-11 22:04:26 INFO  LocalApp:60 - Added review R25FFC8CA1VJPA to summary
LOCAL 2024-02-11 22:04:26 INFO  LocalApp:60 - Added review R1H8I10HZJB9KZ to summary
LOCAL 2024-02-11 22:04:26 INFO  LocalApp:60 - Added review R2XG6L81KSWNXG to summary
LOCAL 2024-02-11 22:04:26 INFO  LocalApp:60 - Added review R238HR2A3OZYMS to summary
LOCAL 2024-02-11 22:04:26 INFO  LocalApp:60 - Added review R2TUXHNTX6DKMF to summary
LOCAL 2024-02-11 22:04:26 INFO  LocalApp:60 - Added review R20PUL971EZQLN to summary
LOCAL 2024-02-11 22:04:26 INFO  LocalApp:60 - Added review R386EPGNDYSO6 to summary
LOCAL 2024-02-11 22:04:26 INFO  LocalApp:60 - Added review R3EDUJEN21EB2M to summary
LOCAL 2024-02-11 22:04:26 INFO  LocalApp:60 - Added review R1WO23VK6OLL3D to summary
LOCAL 2024-02-11 22:04:26 INFO  LocalApp:60 - Added review R2VPOABA56IXBI to summary
LOCAL 2024-02-11 22:04:26 INFO  LocalApp:60 - Added review R2HWLRULWW038X to summary
LOCAL 2024-02-11 22:04:26 INFO  LocalApp:60 - Added review R19Z9QM063EQ1I to summary
LOCAL 2024-02-11 22:04:26 INFO  LocalApp:60 - Added review RVTO9178ITTWI to summary
LOCAL 2024-02-11 22:04:26 INFO  LocalApp:60 - Added review R34KRDS3CE01FZ to summary
LOCAL 2024-02-11 22:04:26 INFO  LocalApp:60 - Added review R1DDGNT9SP05KN to summary
LOCAL 2024-02-11 22:04:26 INFO  LocalApp:60 - Added review R2EBLCT4JRL9YP to summary
LOCAL 2024-02-11 22:04:26 INFO  LocalApp:60 - Added review RBUG0LWXE684L to summary
LOCAL 2024-02-11 22:04:26 INFO  LocalApp:60 - Added review R25FJ8A7YK02S4 to summary
LOCAL 2024-02-11 22:04:26 INFO  LocalApp:60 - Added review R2R3XU0BQ68512 to summary
LOCAL 2024-02-11 22:04:26 INFO  LocalApp:60 - Added review RPURVNKU8YWTS to summary
LOCAL 2024-02-11 22:04:26 INFO  LocalApp:60 - Added review R2NYJVKFJ4NKU5 to summary
LOCAL 2024-02-11 22:04:26 INFO  LocalApp:60 - Added review R1HF63FY97DQ7F to summary
LOCAL 2024-02-11 22:04:26 INFO  LocalApp:60 - Added review RQXK1DHVRLJ4S to summary
LOCAL 2024-02-11 22:04:26 INFO  LocalApp:60 - Added review R3D8CF7GI13EME to summary
LOCAL 2024-02-11 22:04:26 INFO  LocalApp:60 - Added review RGV3LWFFHSF39 to summary
LOCAL 2024-02-11 22:04:26 INFO  LocalApp:60 - Added review R1M9SJWVZ9I39O to summary
LOCAL 2024-02-11 22:04:26 INFO  LocalApp:60 - Added review R1YQ94HD7AMSIA to summary
LOCAL 2024-02-11 22:04:26 INFO  LocalApp:60 - Added review R169N1UHOZ6VP9 to summary
LOCAL 2024-02-11 22:04:26 INFO  LocalApp:60 - Added review R31IQF27WMBPM8 to summary
LOCAL 2024-02-11 22:04:26 INFO  LocalApp:60 - Added review R225MLQF383IP9 to summary
LOCAL 2024-02-11 22:04:26 INFO  LocalApp:60 - Added review RVTO9178ITTWI to summary
LOCAL 2024-02-11 22:04:26 INFO  LocalApp:60 - Added review R1TBWM5HF7ODVT to summary
LOCAL 2024-02-11 22:04:26 INFO  LocalApp:60 - Added review R2ZQJA1RY37ZT6 to summary
LOCAL 2024-02-11 22:04:26 INFO  LocalApp:60 - Added review R1UBN207QV2IGW to summary
LOCAL 2024-02-11 22:04:26 INFO  LocalApp:60 - Added review R28IHE5SVZ4LOW to summary
LOCAL 2024-02-11 22:04:26 INFO  LocalApp:60 - Added review R13JQHAXBNGY2P to summary
LOCAL 2024-02-11 22:04:26 INFO  LocalApp:60 - Added review R3ESBXZXUYSWBQ to summary
LOCAL 2024-02-11 22:04:26 INFO  LocalApp:60 - Added review RVWQR22XISFU5 to summary
LOCAL 2024-02-11 22:04:26 INFO  LocalApp:60 - Added review RCOA98GMNATG7 to summary
LOCAL 2024-02-11 22:04:26 INFO  LocalApp:60 - Added review RMC0FFBB9RF00 to summary
LOCAL 2024-02-11 22:04:26 INFO  LocalApp:60 - Added review R2V5LCNVFQH63H to summary
LOCAL 2024-02-11 22:04:26 INFO  LocalApp:60 - Added review RWP0P09KAPKN9 to summary
LOCAL 2024-02-11 22:04:26 INFO  LocalApp:60 - Added review R1TDVCJYSL9RJP to summary
LOCAL 2024-02-11 22:04:26 INFO  LocalApp:60 - Added review R2V5LCNVFQH63H to summary
LOCAL 2024-02-11 22:04:26 INFO  LocalApp:60 - Added review RJ1A2Q4PBA0CS to summary
LOCAL 2024-02-11 22:04:26 INFO  LocalApp:60 - Added review R1TK0PGD21ZO5V to summary
LOCAL 2024-02-11 22:04:26 INFO  LocalApp:60 - Added review R1X4FCXALT6ENA to summary
LOCAL 2024-02-11 22:04:26 INFO  LocalApp:60 - Added review R1IYKKI6JNAU45 to summary
LOCAL 2024-02-11 22:04:26 INFO  LocalApp:60 - Added review RK7T59TZN96X9 to summary
LOCAL 2024-02-11 22:04:26 INFO  LocalApp:60 - Added review R24EV54J59FJHJ to summary
LOCAL 2024-02-11 22:04:26 INFO  LocalApp:60 - Added review R1KC7E36J97UF8 to summary
LOCAL 2024-02-11 22:04:26 INFO  LocalApp:60 - Added review R231QVJAG125C5 to summary
LOCAL 2024-02-11 22:04:26 INFO  LocalApp:60 - Added review RNWRJE9FSSVK8 to summary
LOCAL 2024-02-11 22:04:26 INFO  LocalApp:60 - Added review R1ZTM5KVV7CJ1B to summary
LOCAL 2024-02-11 22:04:26 INFO  LocalApp:60 - Added review R1PB0BUAKS1OHT to summary
LOCAL 2024-02-11 22:04:26 INFO  LocalApp:60 - Added review R8YO3ESXQYGQA to summary
LOCAL 2024-02-11 22:04:26 INFO  LocalApp:60 - Added review R1CDOPSMXKVATP to summary
LOCAL 2024-02-11 22:04:26 INFO  LocalApp:60 - Added review R1CDOPSMXKVATP to summary
LOCAL 2024-02-11 22:04:26 INFO  LocalApp:60 - Added review R257HZ3QFCEA6L to summary
LOCAL 2024-02-11 22:04:26 INFO  LocalApp:60 - Added review R32NA4WE4RRV7O to summary
LOCAL 2024-02-11 22:04:26 INFO  LocalApp:60 - Added review RFF7D2RYSX90A to summary
LOCAL 2024-02-11 22:04:26 INFO  LocalApp:60 - Added review R2GOJ9HURVXPEL to summary
LOCAL 2024-02-11 22:04:26 INFO  LocalApp:60 - Added review R1CDOPSMXKVATP to summary
LOCAL 2024-02-11 22:04:26 INFO  LocalApp:60 - Added review R3O6WOENPE10M7 to summary
LOCAL 2024-02-11 22:04:26 INFO  LocalApp:60 - Added review R2TBAXUSYI7CVS to summary
LOCAL 2024-02-11 22:04:26 INFO  LocalApp:60 - Added review R2TBAXUSYI7CVS to summary
LOCAL 2024-02-11 22:04:26 INFO  LocalApp:60 - Added review R16KPU7WT00X2T to summary
LOCAL 2024-02-11 22:04:26 INFO  LocalApp:60 - Added review R2GOJ9HURVXPEL to summary
LOCAL 2024-02-11 22:04:26 INFO  LocalApp:60 - Added review R17RZK7OGVOSHK to summary
LOCAL 2024-02-11 22:04:26 INFO  LocalApp:60 - Added review R1991P2EEAKZ6P to summary
LOCAL 2024-02-11 22:04:26 INFO  LocalApp:60 - Added review RECV550AOG3GG to summary
LOCAL 2024-02-11 22:04:26 INFO  LocalApp:60 - Added review R1CDOPSMXKVATP to summary
LOCAL 2024-02-11 22:04:26 INFO  LocalApp:60 - Added review RFF7D2RYSX90A to summary
LOCAL 2024-02-11 22:04:26 INFO  LocalApp:60 - Added review R1S4OOOXVUJGIF to summary
LOCAL 2024-02-11 22:04:26 INFO  LocalApp:60 - Added review R2EHN024K37E3H to summary
LOCAL 2024-02-11 22:04:26 INFO  LocalApp:60 - Added review R30ZDQSHOTU4SU to summary
LOCAL 2024-02-11 22:04:26 INFO  LocalApp:60 - Added review R2Z4AU87RCDQ80 to summary
LOCAL 2024-02-11 22:04:26 INFO  LocalApp:60 - Added review R2IZ8JCDKDN7YL to summary
LOCAL 2024-02-11 22:04:26 INFO  LocalApp:60 - Added review R3SQKX74K3H3IW to summary
LOCAL 2024-02-11 22:04:26 INFO  LocalApp:60 - Added review R1SA1U9TKOD2E2 to summary
LOCAL 2024-02-11 22:04:26 INFO  LocalApp:60 - Added review R1SA1U9TKOD2E2 to summary
LOCAL 2024-02-11 22:04:26 INFO  LocalApp:60 - Added review RZ863ZL7WLRB6 to summary
LOCAL 2024-02-11 22:04:26 INFO  LocalApp:60 - Added review R3TTKTBNH35GDQ to summary
LOCAL 2024-02-11 22:04:26 INFO  LocalApp:60 - Added review R3KEKN5CXGBJAW to summary
LOCAL 2024-02-11 22:04:26 INFO  LocalApp:60 - Added review RYCW2NENIN2E0 to summary
LOCAL 2024-02-11 22:04:26 INFO  LocalApp:60 - Added review R1SA1U9TKOD2E2 to summary
LOCAL 2024-02-11 22:04:26 INFO  LocalApp:60 - Added review R3FBRK1A3Z21HJ to summary
LOCAL 2024-02-11 22:04:26 INFO  LocalApp:60 - Added review RSSWA6D6B3Z0E to summary
LOCAL 2024-02-11 22:04:26 INFO  LocalApp:60 - Added review RH3HO4EDABKJW to summary
LOCAL 2024-02-11 22:04:26 INFO  LocalApp:60 - Added review R1SA1U9TKOD2E2 to summary
LOCAL 2024-02-11 22:04:26 INFO  LocalApp:60 - Added review R1SA1U9TKOD2E2 to summary
LOCAL 2024-02-11 22:04:26 INFO  LocalApp:60 - Added review R2X93JXNHREHY8 to summary
LOCAL 2024-02-11 22:04:26 INFO  LocalApp:60 - Added review R82DFHHKNJGR0 to summary
LOCAL 2024-02-11 22:04:26 INFO  LocalApp:60 - Added review R2MDEDIVL62ICM to summary
LOCAL 2024-02-11 22:04:26 INFO  LocalApp:60 - Added review R3UVIORF9B0E45 to summary
LOCAL 2024-02-11 22:04:26 INFO  LocalApp:60 - Added review R2UXS8KB2J4O73 to summary
LOCAL 2024-02-11 22:04:26 INFO  LocalApp:60 - Added review R1QJU0DCRO0UOS to summary
LOCAL 2024-02-11 22:04:26 INFO  LocalApp:60 - Added review RTO8O62M0G07I to summary
LOCAL 2024-02-11 22:04:26 INFO  LocalApp:60 - Added review R1BRC94EDPLV22 to summary
LOCAL 2024-02-11 22:04:26 INFO  LocalApp:60 - Added review R2DLGISFSOTYUS to summary
LOCAL 2024-02-11 22:04:26 INFO  LocalApp:60 - Added review R2X93JXNHREHY8 to summary
LOCAL 2024-02-11 22:04:26 INFO  LocalApp:60 - Added review R1DZKWS33WWLWK to summary
LOCAL 2024-02-11 22:04:26 INFO  LocalApp:60 - Added review RGV3LWFFHSF39 to summary
LOCAL 2024-02-11 22:04:26 INFO  LocalApp:60 - Added review RXK3HIHQB2ARA to summary
LOCAL 2024-02-11 22:04:26 INFO  LocalApp:60 - Added review R1YI0RPX97B65F to summary
LOCAL 2024-02-11 22:04:26 INFO  LocalApp:60 - Added review RGV3LWFFHSF39 to summary
LOCAL 2024-02-11 22:04:26 INFO  LocalApp:60 - Added review R2H28I8GCUWMIY to summary
LOCAL 2024-02-11 22:04:26 INFO  LocalApp:60 - Added review R3T9EU833MQBG6 to summary
LOCAL 2024-02-11 22:04:26 INFO  LocalApp:60 - Added review R3M7G3639CS9C3 to summary
LOCAL 2024-02-11 22:04:26 INFO  LocalApp:60 - Added review RC48YM58AQKUC to summary
LOCAL 2024-02-11 22:04:26 INFO  LocalApp:60 - Added review R1L0IJKHSEMRKB to summary
LOCAL 2024-02-11 22:04:26 INFO  LocalApp:60 - Added review RGV3LWFFHSF39 to summary
LOCAL 2024-02-11 22:04:26 INFO  LocalApp:60 - Added review R1142PWPH2SL71 to summary
LOCAL 2024-02-11 22:04:26 INFO  LocalApp:60 - Added review R2JB4TO4X7P3PN to summary
LOCAL 2024-02-11 22:04:26 INFO  LocalApp:60 - Added review R40SKYP6HUE5K to summary
LOCAL 2024-02-11 22:04:26 INFO  LocalApp:60 - Added review R34EZQ9O1SGHKL to summary
LOCAL 2024-02-11 22:04:26 INFO  LocalApp:60 - Added review R34HMSN4RMOSXX to summary
LOCAL 2024-02-11 22:04:26 INFO  LocalApp:60 - Added review R34HMSN4RMOSXX to summary
LOCAL 2024-02-11 22:04:26 INFO  LocalApp:60 - Added review R38CTJ5ZSLH4SP to summary
LOCAL 2024-02-11 22:04:26 INFO  LocalApp:60 - Added review R2IHZFIXOMCL5O to summary
LOCAL 2024-02-11 22:04:26 INFO  LocalApp:60 - Added review R1076DMX03DXW0 to summary
LOCAL 2024-02-11 22:04:26 INFO  LocalApp:60 - Added review RH30N2VICM5S3 to summary
LOCAL 2024-02-11 22:04:26 INFO  LocalApp:60 - Added review R3ABT89HWBESRO to summary
LOCAL 2024-02-11 22:04:26 INFO  LocalApp:60 - Added review R2M9GQ7J9AARJF to summary
LOCAL 2024-02-11 22:04:26 INFO  LocalApp:60 - Added review RLZQ8VYH4Y2WE to summary
LOCAL 2024-02-11 22:04:26 INFO  LocalApp:60 - Added review RN70C8LJO1K77 to summary
LOCAL 2024-02-11 22:04:26 INFO  LocalApp:60 - Added review R364LYA34D79RC to summary
LOCAL 2024-02-11 22:04:26 INFO  LocalApp:60 - Added review R1KQEDTUKNNVC1 to summary
LOCAL 2024-02-11 22:04:26 INFO  LocalApp:60 - Added review R1EFMRT5ND369 to summary
LOCAL 2024-02-11 22:04:26 INFO  LocalApp:60 - Added review R1A1HPX7Q7X7YP to summary
LOCAL 2024-02-11 22:04:26 INFO  LocalApp:60 - Added review R36DLXRAD5W1R5 to summary
LOCAL 2024-02-11 22:04:26 INFO  LocalApp:60 - Added review R1B0HE2MC959I9 to summary
LOCAL 2024-02-11 22:04:26 INFO  LocalApp:60 - Added review R2VWI7FB0UMC4J to summary
LOCAL 2024-02-11 22:04:26 INFO  LocalApp:60 - Added review R2A4MRXOK6OK3C to summary
LOCAL 2024-02-11 22:04:26 INFO  LocalApp:60 - Added review R1UHFNZH1YH4HW to summary
LOCAL 2024-02-11 22:04:26 INFO  LocalApp:60 - Added review RMF9QT5EV495N to summary
LOCAL 2024-02-11 22:04:26 INFO  LocalApp:60 - Added review RTEHJSPVD10LF to summary
LOCAL 2024-02-11 22:04:26 INFO  LocalApp:60 - Added review R2GYD3QAS9GIU4 to summary
LOCAL 2024-02-11 22:04:26 INFO  LocalApp:60 - Added review RI5ZCNMM7AQFF to summary
LOCAL 2024-02-11 22:04:26 INFO  LocalApp:60 - Added review R297KZJPP5KIVI to summary
LOCAL 2024-02-11 22:04:26 INFO  LocalApp:60 - Added review R17W2EKR19FDC1 to summary
LOCAL 2024-02-11 22:04:26 INFO  LocalApp:60 - Added review R1UHFNZH1YH4HW to summary
LOCAL 2024-02-11 22:04:26 INFO  LocalApp:60 - Added review R30ERQ2E10KAMM to summary
LOCAL 2024-02-11 22:04:26 INFO  LocalApp:60 - Added review R1XGKP86XPBJ78 to summary
LOCAL 2024-02-11 22:04:26 INFO  LocalApp:60 - Added review R3GCQ5GE7CGFVG to summary
LOCAL 2024-02-11 22:04:26 INFO  LocalApp:60 - Added review R3AFRDSYK50P1C to summary
LOCAL 2024-02-11 22:04:26 INFO  LocalApp:60 - Added review R2HOU0IXKC6XOM to summary
LOCAL 2024-02-11 22:04:26 INFO  LocalApp:60 - Added review RYCEFJV10K560 to summary
LOCAL 2024-02-11 22:04:26 INFO  LocalApp:60 - Added review RXNYI1DTMV4SM to summary
LOCAL 2024-02-11 22:04:26 INFO  LocalApp:60 - Added review R2JZUX6LR3YMAX to summary
LOCAL 2024-02-11 22:04:26 INFO  LocalApp:60 - Added review R13A3L9WFMRK1W to summary
LOCAL 2024-02-11 22:04:26 INFO  LocalApp:60 - Added review R1J9M9CMH91RG to summary
LOCAL 2024-02-11 22:04:26 INFO  LocalApp:60 - Added review R2JZUX6LR3YMAX to summary
LOCAL 2024-02-11 22:04:26 INFO  LocalApp:60 - Added review R248WNDI9KORMN to summary
LOCAL 2024-02-11 22:04:26 INFO  LocalApp:60 - Added review RYOASE3FEEMQF to summary
LOCAL 2024-02-11 22:04:26 INFO  LocalApp:60 - Added review R2VXY3WQWH9Z0F to summary
LOCAL 2024-02-11 22:04:26 INFO  LocalApp:60 - Added review R2JZUX6LR3YMAX to summary
LOCAL 2024-02-11 22:04:26 INFO  LocalApp:60 - Added review R248WNDI9KORMN to summary
LOCAL 2024-02-11 22:04:26 INFO  LocalApp:60 - Added review R2NBB4XZWXXH8E to summary
LOCAL 2024-02-11 22:04:26 INFO  LocalApp:60 - Added review RBPE2D2FFF5ZU to summary
LOCAL 2024-02-11 22:04:26 INFO  LocalApp:60 - Added review R1R3BPMPJ9N7DY to summary
LOCAL 2024-02-11 22:04:26 INFO  LocalApp:60 - Added review RYYBXOLNVCSAA to summary
LOCAL 2024-02-11 22:04:26 INFO  LocalApp:60 - Added review RYOASE3FEEMQF to summary
LOCAL 2024-02-11 22:04:26 INFO  LocalApp:60 - Added review RBPE2D2FFF5ZU to summary
LOCAL 2024-02-11 22:04:26 INFO  LocalApp:60 - Added review R2JZUX6LR3YMAX to summary
LOCAL 2024-02-11 22:04:26 INFO  LocalApp:60 - Added review R307611V5X96BR to summary
LOCAL 2024-02-11 22:04:26 INFO  LocalApp:60 - Added review R1R1QV7N8DC9RV to summary
LOCAL 2024-02-11 22:04:26 INFO  LocalApp:60 - Added review R1QM5ZYB9WSW5M to summary
LOCAL 2024-02-11 22:04:26 INFO  LocalApp:60 - Added review RUIWSE5LCA59O to summary
LOCAL 2024-02-11 22:04:26 INFO  LocalApp:60 - Added review RPURVNKU8YWTS to summary
LOCAL 2024-02-11 22:04:26 INFO  LocalApp:60 - Added review RZ3HP8YT068C8 to summary
LOCAL 2024-02-11 22:04:26 INFO  LocalApp:60 - Added review R3KQHGDQOB4IO9 to summary
LOCAL 2024-02-11 22:04:26 INFO  LocalApp:60 - Added review R2JZUX6LR3YMAX to summary
LOCAL 2024-02-11 22:04:26 INFO  LocalApp:60 - Added review R1WO0G4B42XPZR to summary
LOCAL 2024-02-11 22:04:26 INFO  LocalApp:60 - Added review R3JSLUVXMD91UR to summary
LOCAL 2024-02-11 22:04:26 INFO  LocalApp:60 - Added review R2YW9QL5JMEGOJ to summary
LOCAL 2024-02-11 22:04:26 INFO  LocalApp:60 - Added review R3CFE1BSO8B2NP to summary
LOCAL 2024-02-11 22:04:26 INFO  LocalApp:60 - Added review R2NBB4XZWXXH8E to summary
LOCAL 2024-02-11 22:04:26 INFO  LocalApp:60 - Added review R3CFE1BSO8B2NP to summary
LOCAL 2024-02-11 22:04:26 INFO  LocalApp:60 - Added review RPURVNKU8YWTS to summary
LOCAL 2024-02-11 22:04:26 INFO  LocalApp:60 - Added review R1UHFNZH1YH4HW to summary
LOCAL 2024-02-11 22:04:26 INFO  LocalApp:60 - Added review R2WMYLBOAKJ61D to summary
LOCAL 2024-02-11 22:04:26 INFO  LocalApp:60 - Added review RPSZSY9YHTM3N to summary
LOCAL 2024-02-11 22:04:26 INFO  LocalApp:60 - Added review R225MLQF383IP9 to summary
LOCAL 2024-02-11 22:04:26 INFO  LocalApp:60 - Added review R1AHLE36QATFAP to summary
LOCAL 2024-02-11 22:04:26 INFO  LocalApp:60 - Added review R2HCLPWXGUJ1SU to summary
LOCAL 2024-02-11 22:04:26 INFO  LocalApp:60 - Added review RI5ZCNMM7AQFF to summary
LOCAL 2024-02-11 22:04:26 INFO  LocalApp:60 - Added review R1NHGQ3COBPL09 to summary
LOCAL 2024-02-11 22:04:26 INFO  LocalApp:60 - Added review R2YYX5Y0UECYHM to summary
LOCAL 2024-02-11 22:04:26 INFO  LocalApp:60 - Added review R30ERQ2E10KAMM to summary
LOCAL 2024-02-11 22:04:26 INFO  LocalApp:60 - Added review R2WNE7SOM1LQUD to summary
LOCAL 2024-02-11 22:04:26 INFO  LocalApp:60 - Added review R3JUQFKUCSTII2 to summary
LOCAL 2024-02-11 22:04:26 INFO  LocalApp:60 - Added review RKSHHWZLCCIXI to summary
LOCAL 2024-02-11 22:04:26 INFO  LocalApp:60 - Added review R1ZLTHFSSOGNWB to summary
LOCAL 2024-02-11 22:04:26 INFO  LocalApp:60 - Added review R3MH02OUVKTKZ9 to summary
LOCAL 2024-02-11 22:04:26 INFO  LocalApp:60 - Added review R1X1YTV175B0RJ to summary
LOCAL 2024-02-11 22:04:26 INFO  LocalApp:60 - Added review RJUE2YU7GO1SO to summary
LOCAL 2024-02-11 22:04:26 INFO  LocalApp:60 - Added review R32ONNVRE6KH31 to summary
LOCAL 2024-02-11 22:04:26 INFO  LocalApp:60 - Added review R27G2NWZOPLM3S to summary
LOCAL 2024-02-11 22:04:26 INFO  LocalApp:60 - Added review R2MELEOSY8H9G8 to summary
LOCAL 2024-02-11 22:04:26 INFO  LocalApp:60 - Added review R1AG0984AXAIP to summary
LOCAL 2024-02-11 22:04:26 INFO  LocalApp:60 - Added review REXPQYOEGGEJ4 to summary
LOCAL 2024-02-11 22:04:26 INFO  LocalApp:60 - Added review R17DL6RPR3AWZR to summary
LOCAL 2024-02-11 22:04:26 INFO  LocalApp:60 - Added review R35P822BAW0TEW to summary
LOCAL 2024-02-11 22:04:26 INFO  LocalApp:69 - Created summary HTML file at output2.html
LOCAL 2024-02-11 22:04:27 INFO  S3Handler:71 - File 98bddbd651f28c66-summary-1 deleted from S3 bucket sarcasm-analysis-bucket-98bddbd651f28c66
LOCAL 2024-02-11 22:04:28 INFO  SQSHandler:93 - Deleted message from https://sqs.us-east-1.amazonaws.com/767398090493/managerToLocalQueue-98bddbd651f28c66
LOCAL 2024-02-11 22:04:28 INFO  LocalApp:130 - Waiting for executor to finish
LOCAL 2024-02-11 22:04:28 INFO  SQSHandler:55 - Queue https://sqs.us-east-1.amazonaws.com/767398090493/managerToLocalQueue-98bddbd651f28c66 deleted
LOCAL 2024-02-11 22:04:28 INFO  SQSHandler:55 - Queue https://sqs.us-east-1.amazonaws.com/767398090493/localToManagerQueue-98bddbd651f28c66 deleted
LOCAL 2024-02-11 22:04:29 INFO  S3Handler:86 - S3 bucket sarcasm-analysis-bucket-98bddbd651f28c66 emptied
LOCAL 2024-02-11 22:04:29 INFO  S3Handler:95 - S3 bucket sarcasm-analysis-bucket-98bddbd651f28c66 deleted
LOCAL 2024-02-11 22:04:29 INFO  LocalApp:70 - LocalApp finished
