LOCAL 2024-02-11 17:47:02 INFO  LocalApp:32 - LocalApp started with id 9f77f8f96a8ecee2
LOCAL 2024-02-11 17:47:02 INFO  LocalApp:36 - LocalAppEnv created
LOCAL 2024-02-11 17:47:04 INFO  S3Handler:24 - S3 bucket sarcasm-analysis-bucket-9f77f8f96a8ecee2 created
LOCAL 2024-02-11 17:47:05 INFO  SQSHandler:19 - Queue localToManagerQueue-9f77f8f96a8ecee2 created
LOCAL 2024-02-11 17:47:06 INFO  SQSHandler:19 - Queue managerToLocalQueue-9f77f8f96a8ecee2 created
LOCAL 2024-02-11 17:47:06 INFO  S3Handler:42 - File test-input1.txt uploaded to S3 bucket sarcasm-analysis-bucket-9f77f8f96a8ecee2
LOCAL 2024-02-11 17:47:07 INFO  SQSHandler:73 - Sent message to https://sqs.us-east-1.amazonaws.com/767398090493/localToManagerQueue-9f77f8f96a8ecee2
LOCAL 2024-02-11 17:47:07 INFO  LocalApp:85 - Sent task to manager: test-input1.txt for inputIndex 0 with 10 reviews per worker
LOCAL 2024-02-11 17:47:07 INFO  EC2Handler:87 - Manager instance does not exist
LOCAL 2024-02-11 17:47:07 INFO  EC2Handler:93 - Creating manager instance
LOCAL 2024-02-11 17:47:10 INFO  EC2Handler:33 - Successfully started EC2 instance i-086a86bfa88378bf8 based on AMI ami-00e95a9222311e8ed
LOCAL 2024-02-11 17:47:10 INFO  LocalApp:92 - Polling for responses from manager
LOCAL 2024-02-11 17:47:10 INFO  SQSHandler:77 - Polling messages from https://sqs.us-east-1.amazonaws.com/767398090493/managerToLocalQueue-9f77f8f96a8ecee2
LOCAL 2024-02-11 17:47:30 INFO  LocalApp:92 - Polling for responses from manager
LOCAL 2024-02-11 17:47:30 INFO  SQSHandler:77 - Polling messages from https://sqs.us-east-1.amazonaws.com/767398090493/managerToLocalQueue-9f77f8f96a8ecee2
LOCAL 2024-02-11 17:47:50 INFO  LocalApp:92 - Polling for responses from manager
LOCAL 2024-02-11 17:47:50 INFO  SQSHandler:77 - Polling messages from https://sqs.us-east-1.amazonaws.com/767398090493/managerToLocalQueue-9f77f8f96a8ecee2
LOCAL 2024-02-11 17:48:10 INFO  LocalApp:92 - Polling for responses from manager
LOCAL 2024-02-11 17:48:10 INFO  SQSHandler:77 - Polling messages from https://sqs.us-east-1.amazonaws.com/767398090493/managerToLocalQueue-9f77f8f96a8ecee2
LOCAL 2024-02-11 17:48:30 INFO  LocalApp:92 - Polling for responses from manager
LOCAL 2024-02-11 17:48:30 INFO  SQSHandler:77 - Polling messages from https://sqs.us-east-1.amazonaws.com/767398090493/managerToLocalQueue-9f77f8f96a8ecee2
LOCAL 2024-02-11 17:48:50 INFO  LocalApp:92 - Polling for responses from manager
LOCAL 2024-02-11 17:48:50 INFO  SQSHandler:77 - Polling messages from https://sqs.us-east-1.amazonaws.com/767398090493/managerToLocalQueue-9f77f8f96a8ecee2
LOCAL 2024-02-11 17:49:11 INFO  LocalApp:92 - Polling for responses from manager
LOCAL 2024-02-11 17:49:11 INFO  SQSHandler:77 - Polling messages from https://sqs.us-east-1.amazonaws.com/767398090493/managerToLocalQueue-9f77f8f96a8ecee2
LOCAL 2024-02-11 17:49:31 INFO  LocalApp:92 - Polling for responses from manager
LOCAL 2024-02-11 17:49:31 INFO  SQSHandler:77 - Polling messages from https://sqs.us-east-1.amazonaws.com/767398090493/managerToLocalQueue-9f77f8f96a8ecee2
LOCAL 2024-02-11 17:49:51 INFO  LocalApp:92 - Polling for responses from manager
LOCAL 2024-02-11 17:49:51 INFO  SQSHandler:77 - Polling messages from https://sqs.us-east-1.amazonaws.com/767398090493/managerToLocalQueue-9f77f8f96a8ecee2
LOCAL 2024-02-11 17:50:11 INFO  LocalApp:92 - Polling for responses from manager
LOCAL 2024-02-11 17:50:11 INFO  SQSHandler:77 - Polling messages from https://sqs.us-east-1.amazonaws.com/767398090493/managerToLocalQueue-9f77f8f96a8ecee2
LOCAL 2024-02-11 17:50:31 INFO  LocalApp:92 - Polling for responses from manager
LOCAL 2024-02-11 17:50:31 INFO  SQSHandler:77 - Polling messages from https://sqs.us-east-1.amazonaws.com/767398090493/managerToLocalQueue-9f77f8f96a8ecee2
LOCAL 2024-02-11 17:50:51 INFO  LocalApp:92 - Polling for responses from manager
LOCAL 2024-02-11 17:50:51 INFO  SQSHandler:77 - Polling messages from https://sqs.us-east-1.amazonaws.com/767398090493/managerToLocalQueue-9f77f8f96a8ecee2
LOCAL 2024-02-11 17:51:12 INFO  LocalApp:92 - Polling for responses from manager
LOCAL 2024-02-11 17:51:12 INFO  SQSHandler:77 - Polling messages from https://sqs.us-east-1.amazonaws.com/767398090493/managerToLocalQueue-9f77f8f96a8ecee2
LOCAL 2024-02-11 17:51:32 INFO  LocalApp:92 - Polling for responses from manager
LOCAL 2024-02-11 17:51:32 INFO  SQSHandler:77 - Polling messages from https://sqs.us-east-1.amazonaws.com/767398090493/managerToLocalQueue-9f77f8f96a8ecee2
LOCAL 2024-02-11 17:51:52 INFO  LocalApp:92 - Polling for responses from manager
LOCAL 2024-02-11 17:51:52 INFO  SQSHandler:77 - Polling messages from https://sqs.us-east-1.amazonaws.com/767398090493/managerToLocalQueue-9f77f8f96a8ecee2
LOCAL 2024-02-11 17:52:13 INFO  LocalApp:92 - Polling for responses from manager
LOCAL 2024-02-11 17:52:13 INFO  SQSHandler:77 - Polling messages from https://sqs.us-east-1.amazonaws.com/767398090493/managerToLocalQueue-9f77f8f96a8ecee2
LOCAL 2024-02-11 17:52:33 INFO  LocalApp:92 - Polling for responses from manager
LOCAL 2024-02-11 17:52:33 INFO  SQSHandler:77 - Polling messages from https://sqs.us-east-1.amazonaws.com/767398090493/managerToLocalQueue-9f77f8f96a8ecee2
LOCAL 2024-02-11 17:52:53 INFO  LocalApp:92 - Polling for responses from manager
LOCAL 2024-02-11 17:52:53 INFO  SQSHandler:77 - Polling messages from https://sqs.us-east-1.amazonaws.com/767398090493/managerToLocalQueue-9f77f8f96a8ecee2
LOCAL 2024-02-11 17:53:13 INFO  LocalApp:92 - Polling for responses from manager
LOCAL 2024-02-11 17:53:13 INFO  SQSHandler:77 - Polling messages from https://sqs.us-east-1.amazonaws.com/767398090493/managerToLocalQueue-9f77f8f96a8ecee2
LOCAL 2024-02-11 17:53:33 INFO  LocalApp:92 - Polling for responses from manager
LOCAL 2024-02-11 17:53:33 INFO  SQSHandler:77 - Polling messages from https://sqs.us-east-1.amazonaws.com/767398090493/managerToLocalQueue-9f77f8f96a8ecee2
LOCAL 2024-02-11 17:53:53 INFO  LocalApp:92 - Polling for responses from manager
LOCAL 2024-02-11 17:53:53 INFO  SQSHandler:77 - Polling messages from https://sqs.us-east-1.amazonaws.com/767398090493/managerToLocalQueue-9f77f8f96a8ecee2
LOCAL 2024-02-11 17:54:13 INFO  LocalApp:92 - Polling for responses from manager
LOCAL 2024-02-11 17:54:13 INFO  SQSHandler:77 - Polling messages from https://sqs.us-east-1.amazonaws.com/767398090493/managerToLocalQueue-9f77f8f96a8ecee2
LOCAL 2024-02-11 17:54:34 INFO  LocalApp:92 - Polling for responses from manager
LOCAL 2024-02-11 17:54:34 INFO  SQSHandler:77 - Polling messages from https://sqs.us-east-1.amazonaws.com/767398090493/managerToLocalQueue-9f77f8f96a8ecee2
LOCAL 2024-02-11 17:54:54 INFO  LocalApp:92 - Polling for responses from manager
LOCAL 2024-02-11 17:54:54 INFO  SQSHandler:77 - Polling messages from https://sqs.us-east-1.amazonaws.com/767398090493/managerToLocalQueue-9f77f8f96a8ecee2
LOCAL 2024-02-11 17:55:14 INFO  LocalApp:92 - Polling for responses from manager
LOCAL 2024-02-11 17:55:14 INFO  SQSHandler:77 - Polling messages from https://sqs.us-east-1.amazonaws.com/767398090493/managerToLocalQueue-9f77f8f96a8ecee2
LOCAL 2024-02-11 17:55:35 INFO  LocalApp:92 - Polling for responses from manager
LOCAL 2024-02-11 17:55:35 INFO  SQSHandler:77 - Polling messages from https://sqs.us-east-1.amazonaws.com/767398090493/managerToLocalQueue-9f77f8f96a8ecee2
LOCAL 2024-02-11 17:55:55 INFO  LocalApp:92 - Polling for responses from manager
LOCAL 2024-02-11 17:55:55 INFO  SQSHandler:77 - Polling messages from https://sqs.us-east-1.amazonaws.com/767398090493/managerToLocalQueue-9f77f8f96a8ecee2
LOCAL 2024-02-11 17:56:15 INFO  LocalApp:92 - Polling for responses from manager
LOCAL 2024-02-11 17:56:15 INFO  SQSHandler:77 - Polling messages from https://sqs.us-east-1.amazonaws.com/767398090493/managerToLocalQueue-9f77f8f96a8ecee2
LOCAL 2024-02-11 17:56:35 INFO  LocalApp:92 - Polling for responses from manager
LOCAL 2024-02-11 17:56:35 INFO  SQSHandler:77 - Polling messages from https://sqs.us-east-1.amazonaws.com/767398090493/managerToLocalQueue-9f77f8f96a8ecee2
LOCAL 2024-02-11 17:56:55 INFO  LocalApp:92 - Polling for responses from manager
LOCAL 2024-02-11 17:56:55 INFO  SQSHandler:77 - Polling messages from https://sqs.us-east-1.amazonaws.com/767398090493/managerToLocalQueue-9f77f8f96a8ecee2
LOCAL 2024-02-11 17:57:15 INFO  LocalApp:92 - Polling for responses from manager
LOCAL 2024-02-11 17:57:15 INFO  SQSHandler:77 - Polling messages from https://sqs.us-east-1.amazonaws.com/767398090493/managerToLocalQueue-9f77f8f96a8ecee2
LOCAL 2024-02-11 17:57:35 INFO  LocalApp:92 - Polling for responses from manager
LOCAL 2024-02-11 17:57:35 INFO  SQSHandler:77 - Polling messages from https://sqs.us-east-1.amazonaws.com/767398090493/managerToLocalQueue-9f77f8f96a8ecee2
LOCAL 2024-02-11 17:57:56 INFO  LocalApp:92 - Polling for responses from manager
LOCAL 2024-02-11 17:57:56 INFO  SQSHandler:77 - Polling messages from https://sqs.us-east-1.amazonaws.com/767398090493/managerToLocalQueue-9f77f8f96a8ecee2
LOCAL 2024-02-11 17:58:16 INFO  LocalApp:92 - Polling for responses from manager
LOCAL 2024-02-11 17:58:16 INFO  SQSHandler:77 - Polling messages from https://sqs.us-east-1.amazonaws.com/767398090493/managerToLocalQueue-9f77f8f96a8ecee2
LOCAL 2024-02-11 17:58:36 INFO  LocalApp:92 - Polling for responses from manager
LOCAL 2024-02-11 17:58:36 INFO  SQSHandler:77 - Polling messages from https://sqs.us-east-1.amazonaws.com/767398090493/managerToLocalQueue-9f77f8f96a8ecee2
LOCAL 2024-02-11 17:58:56 INFO  LocalApp:92 - Polling for responses from manager
LOCAL 2024-02-11 17:58:56 INFO  SQSHandler:77 - Polling messages from https://sqs.us-east-1.amazonaws.com/767398090493/managerToLocalQueue-9f77f8f96a8ecee2
LOCAL 2024-02-11 17:59:16 INFO  LocalApp:92 - Polling for responses from manager
LOCAL 2024-02-11 17:59:16 INFO  SQSHandler:77 - Polling messages from https://sqs.us-east-1.amazonaws.com/767398090493/managerToLocalQueue-9f77f8f96a8ecee2
LOCAL 2024-02-11 17:59:37 INFO  LocalApp:92 - Polling for responses from manager
LOCAL 2024-02-11 17:59:37 INFO  SQSHandler:77 - Polling messages from https://sqs.us-east-1.amazonaws.com/767398090493/managerToLocalQueue-9f77f8f96a8ecee2
LOCAL 2024-02-11 17:59:57 INFO  LocalApp:92 - Polling for responses from manager
LOCAL 2024-02-11 17:59:57 INFO  SQSHandler:77 - Polling messages from https://sqs.us-east-1.amazonaws.com/767398090493/managerToLocalQueue-9f77f8f96a8ecee2
LOCAL 2024-02-11 18:00:17 INFO  LocalApp:92 - Polling for responses from manager
LOCAL 2024-02-11 18:00:17 INFO  SQSHandler:77 - Polling messages from https://sqs.us-east-1.amazonaws.com/767398090493/managerToLocalQueue-9f77f8f96a8ecee2
LOCAL 2024-02-11 18:00:38 INFO  LocalApp:92 - Polling for responses from manager
LOCAL 2024-02-11 18:00:38 INFO  SQSHandler:77 - Polling messages from https://sqs.us-east-1.amazonaws.com/767398090493/managerToLocalQueue-9f77f8f96a8ecee2
LOCAL 2024-02-11 18:00:58 INFO  LocalApp:92 - Polling for responses from manager
LOCAL 2024-02-11 18:00:58 INFO  SQSHandler:77 - Polling messages from https://sqs.us-east-1.amazonaws.com/767398090493/managerToLocalQueue-9f77f8f96a8ecee2
LOCAL 2024-02-11 18:01:18 INFO  LocalApp:92 - Polling for responses from manager
LOCAL 2024-02-11 18:01:18 INFO  SQSHandler:77 - Polling messages from https://sqs.us-east-1.amazonaws.com/767398090493/managerToLocalQueue-9f77f8f96a8ecee2
LOCAL 2024-02-11 18:01:38 INFO  LocalApp:92 - Polling for responses from manager
LOCAL 2024-02-11 18:01:38 INFO  SQSHandler:77 - Polling messages from https://sqs.us-east-1.amazonaws.com/767398090493/managerToLocalQueue-9f77f8f96a8ecee2
LOCAL 2024-02-11 18:01:58 INFO  LocalApp:92 - Polling for responses from manager
LOCAL 2024-02-11 18:01:58 INFO  SQSHandler:77 - Polling messages from https://sqs.us-east-1.amazonaws.com/767398090493/managerToLocalQueue-9f77f8f96a8ecee2
LOCAL 2024-02-11 18:02:18 INFO  LocalApp:92 - Polling for responses from manager
LOCAL 2024-02-11 18:02:18 INFO  SQSHandler:77 - Polling messages from https://sqs.us-east-1.amazonaws.com/767398090493/managerToLocalQueue-9f77f8f96a8ecee2
LOCAL 2024-02-11 18:02:38 INFO  LocalApp:92 - Polling for responses from manager
LOCAL 2024-02-11 18:02:38 INFO  SQSHandler:77 - Polling messages from https://sqs.us-east-1.amazonaws.com/767398090493/managerToLocalQueue-9f77f8f96a8ecee2
LOCAL 2024-02-11 18:02:59 INFO  LocalApp:92 - Polling for responses from manager
LOCAL 2024-02-11 18:02:59 INFO  SQSHandler:77 - Polling messages from https://sqs.us-east-1.amazonaws.com/767398090493/managerToLocalQueue-9f77f8f96a8ecee2
LOCAL 2024-02-11 18:03:19 INFO  LocalApp:92 - Polling for responses from manager
LOCAL 2024-02-11 18:03:19 INFO  SQSHandler:77 - Polling messages from https://sqs.us-east-1.amazonaws.com/767398090493/managerToLocalQueue-9f77f8f96a8ecee2
LOCAL 2024-02-11 18:03:39 INFO  LocalApp:92 - Polling for responses from manager
LOCAL 2024-02-11 18:03:39 INFO  SQSHandler:77 - Polling messages from https://sqs.us-east-1.amazonaws.com/767398090493/managerToLocalQueue-9f77f8f96a8ecee2
LOCAL 2024-02-11 18:04:00 INFO  LocalApp:92 - Polling for responses from manager
LOCAL 2024-02-11 18:04:00 INFO  SQSHandler:77 - Polling messages from https://sqs.us-east-1.amazonaws.com/767398090493/managerToLocalQueue-9f77f8f96a8ecee2
LOCAL 2024-02-11 18:04:20 INFO  LocalApp:92 - Polling for responses from manager
LOCAL 2024-02-11 18:04:20 INFO  SQSHandler:77 - Polling messages from https://sqs.us-east-1.amazonaws.com/767398090493/managerToLocalQueue-9f77f8f96a8ecee2
LOCAL 2024-02-11 18:04:40 INFO  LocalApp:92 - Polling for responses from manager
LOCAL 2024-02-11 18:04:40 INFO  SQSHandler:77 - Polling messages from https://sqs.us-east-1.amazonaws.com/767398090493/managerToLocalQueue-9f77f8f96a8ecee2
LOCAL 2024-02-11 18:05:00 INFO  LocalApp:92 - Polling for responses from manager
LOCAL 2024-02-11 18:05:00 INFO  SQSHandler:77 - Polling messages from https://sqs.us-east-1.amazonaws.com/767398090493/managerToLocalQueue-9f77f8f96a8ecee2
LOCAL 2024-02-11 18:05:20 INFO  LocalApp:92 - Polling for responses from manager
LOCAL 2024-02-11 18:05:20 INFO  SQSHandler:77 - Polling messages from https://sqs.us-east-1.amazonaws.com/767398090493/managerToLocalQueue-9f77f8f96a8ecee2
LOCAL 2024-02-11 18:05:40 INFO  LocalApp:92 - Polling for responses from manager
LOCAL 2024-02-11 18:05:40 INFO  SQSHandler:77 - Polling messages from https://sqs.us-east-1.amazonaws.com/767398090493/managerToLocalQueue-9f77f8f96a8ecee2
LOCAL 2024-02-11 18:06:01 INFO  LocalApp:92 - Polling for responses from manager
LOCAL 2024-02-11 18:06:01 INFO  SQSHandler:77 - Polling messages from https://sqs.us-east-1.amazonaws.com/767398090493/managerToLocalQueue-9f77f8f96a8ecee2
LOCAL 2024-02-11 18:06:21 INFO  LocalApp:92 - Polling for responses from manager
LOCAL 2024-02-11 18:06:21 INFO  SQSHandler:77 - Polling messages from https://sqs.us-east-1.amazonaws.com/767398090493/managerToLocalQueue-9f77f8f96a8ecee2
LOCAL 2024-02-11 18:06:41 INFO  LocalApp:92 - Polling for responses from manager
LOCAL 2024-02-11 18:06:41 INFO  SQSHandler:77 - Polling messages from https://sqs.us-east-1.amazonaws.com/767398090493/managerToLocalQueue-9f77f8f96a8ecee2
LOCAL 2024-02-11 18:07:01 INFO  LocalApp:92 - Polling for responses from manager
LOCAL 2024-02-11 18:07:01 INFO  SQSHandler:77 - Polling messages from https://sqs.us-east-1.amazonaws.com/767398090493/managerToLocalQueue-9f77f8f96a8ecee2
LOCAL 2024-02-11 18:07:21 INFO  LocalApp:92 - Polling for responses from manager
LOCAL 2024-02-11 18:07:21 INFO  SQSHandler:77 - Polling messages from https://sqs.us-east-1.amazonaws.com/767398090493/managerToLocalQueue-9f77f8f96a8ecee2
LOCAL 2024-02-11 18:07:42 INFO  LocalApp:92 - Polling for responses from manager
LOCAL 2024-02-11 18:07:42 INFO  SQSHandler:77 - Polling messages from https://sqs.us-east-1.amazonaws.com/767398090493/managerToLocalQueue-9f77f8f96a8ecee2
LOCAL 2024-02-11 18:08:02 INFO  LocalApp:92 - Polling for responses from manager
LOCAL 2024-02-11 18:08:02 INFO  SQSHandler:77 - Polling messages from https://sqs.us-east-1.amazonaws.com/767398090493/managerToLocalQueue-9f77f8f96a8ecee2
LOCAL 2024-02-11 18:08:22 INFO  LocalApp:92 - Polling for responses from manager
LOCAL 2024-02-11 18:08:22 INFO  SQSHandler:77 - Polling messages from https://sqs.us-east-1.amazonaws.com/767398090493/managerToLocalQueue-9f77f8f96a8ecee2
LOCAL 2024-02-11 18:08:42 INFO  LocalApp:92 - Polling for responses from manager
LOCAL 2024-02-11 18:08:42 INFO  SQSHandler:77 - Polling messages from https://sqs.us-east-1.amazonaws.com/767398090493/managerToLocalQueue-9f77f8f96a8ecee2
LOCAL 2024-02-11 18:09:03 INFO  LocalApp:92 - Polling for responses from manager
LOCAL 2024-02-11 18:09:03 INFO  SQSHandler:77 - Polling messages from https://sqs.us-east-1.amazonaws.com/767398090493/managerToLocalQueue-9f77f8f96a8ecee2
LOCAL 2024-02-11 18:09:23 INFO  LocalApp:92 - Polling for responses from manager
LOCAL 2024-02-11 18:09:23 INFO  SQSHandler:77 - Polling messages from https://sqs.us-east-1.amazonaws.com/767398090493/managerToLocalQueue-9f77f8f96a8ecee2
LOCAL 2024-02-11 18:09:43 INFO  LocalApp:92 - Polling for responses from manager
LOCAL 2024-02-11 18:09:43 INFO  SQSHandler:77 - Polling messages from https://sqs.us-east-1.amazonaws.com/767398090493/managerToLocalQueue-9f77f8f96a8ecee2
LOCAL 2024-02-11 18:10:03 INFO  LocalApp:92 - Polling for responses from manager
LOCAL 2024-02-11 18:10:03 INFO  SQSHandler:77 - Polling messages from https://sqs.us-east-1.amazonaws.com/767398090493/managerToLocalQueue-9f77f8f96a8ecee2
LOCAL 2024-02-11 18:10:23 INFO  LocalApp:92 - Polling for responses from manager
LOCAL 2024-02-11 18:10:23 INFO  SQSHandler:77 - Polling messages from https://sqs.us-east-1.amazonaws.com/767398090493/managerToLocalQueue-9f77f8f96a8ecee2
LOCAL 2024-02-11 18:10:43 INFO  LocalApp:92 - Polling for responses from manager
LOCAL 2024-02-11 18:10:43 INFO  SQSHandler:77 - Polling messages from https://sqs.us-east-1.amazonaws.com/767398090493/managerToLocalQueue-9f77f8f96a8ecee2
LOCAL 2024-02-11 18:11:03 INFO  LocalApp:92 - Polling for responses from manager
LOCAL 2024-02-11 18:11:03 INFO  SQSHandler:77 - Polling messages from https://sqs.us-east-1.amazonaws.com/767398090493/managerToLocalQueue-9f77f8f96a8ecee2
LOCAL 2024-02-11 18:11:24 INFO  LocalApp:92 - Polling for responses from manager
LOCAL 2024-02-11 18:11:24 INFO  SQSHandler:77 - Polling messages from https://sqs.us-east-1.amazonaws.com/767398090493/managerToLocalQueue-9f77f8f96a8ecee2
LOCAL 2024-02-11 18:11:44 INFO  LocalApp:92 - Polling for responses from manager
LOCAL 2024-02-11 18:11:44 INFO  SQSHandler:77 - Polling messages from https://sqs.us-east-1.amazonaws.com/767398090493/managerToLocalQueue-9f77f8f96a8ecee2
LOCAL 2024-02-11 18:12:04 INFO  LocalApp:92 - Polling for responses from manager
LOCAL 2024-02-11 18:12:04 INFO  SQSHandler:77 - Polling messages from https://sqs.us-east-1.amazonaws.com/767398090493/managerToLocalQueue-9f77f8f96a8ecee2
LOCAL 2024-02-11 18:12:25 INFO  LocalApp:92 - Polling for responses from manager
LOCAL 2024-02-11 18:12:25 INFO  SQSHandler:77 - Polling messages from https://sqs.us-east-1.amazonaws.com/767398090493/managerToLocalQueue-9f77f8f96a8ecee2
LOCAL 2024-02-11 18:12:45 INFO  LocalApp:92 - Polling for responses from manager
LOCAL 2024-02-11 18:12:45 INFO  SQSHandler:77 - Polling messages from https://sqs.us-east-1.amazonaws.com/767398090493/managerToLocalQueue-9f77f8f96a8ecee2
LOCAL 2024-02-11 18:13:05 INFO  LocalApp:92 - Polling for responses from manager
LOCAL 2024-02-11 18:13:05 INFO  SQSHandler:77 - Polling messages from https://sqs.us-east-1.amazonaws.com/767398090493/managerToLocalQueue-9f77f8f96a8ecee2
LOCAL 2024-02-11 18:13:25 INFO  LocalApp:92 - Polling for responses from manager
LOCAL 2024-02-11 18:13:25 INFO  SQSHandler:77 - Polling messages from https://sqs.us-east-1.amazonaws.com/767398090493/managerToLocalQueue-9f77f8f96a8ecee2
LOCAL 2024-02-11 18:13:45 INFO  LocalApp:92 - Polling for responses from manager
LOCAL 2024-02-11 18:13:45 INFO  SQSHandler:77 - Polling messages from https://sqs.us-east-1.amazonaws.com/767398090493/managerToLocalQueue-9f77f8f96a8ecee2
LOCAL 2024-02-11 18:14:05 INFO  LocalApp:92 - Polling for responses from manager
LOCAL 2024-02-11 18:14:05 INFO  SQSHandler:77 - Polling messages from https://sqs.us-east-1.amazonaws.com/767398090493/managerToLocalQueue-9f77f8f96a8ecee2
LOCAL 2024-02-11 18:14:26 INFO  LocalApp:92 - Polling for responses from manager
LOCAL 2024-02-11 18:14:26 INFO  SQSHandler:77 - Polling messages from https://sqs.us-east-1.amazonaws.com/767398090493/managerToLocalQueue-9f77f8f96a8ecee2
LOCAL 2024-02-11 18:14:46 INFO  LocalApp:92 - Polling for responses from manager
LOCAL 2024-02-11 18:14:46 INFO  SQSHandler:77 - Polling messages from https://sqs.us-east-1.amazonaws.com/767398090493/managerToLocalQueue-9f77f8f96a8ecee2
LOCAL 2024-02-11 18:15:06 INFO  LocalApp:92 - Polling for responses from manager
LOCAL 2024-02-11 18:15:06 INFO  SQSHandler:77 - Polling messages from https://sqs.us-east-1.amazonaws.com/767398090493/managerToLocalQueue-9f77f8f96a8ecee2
