LOCAL 2024-02-11 21:29:24 INFO  LocalApp:32 - LocalApp started with id a64d33d782523bd7
LOCAL 2024-02-11 21:29:24 INFO  LocalApp:36 - LocalAppEnv created
LOCAL 2024-02-11 21:29:26 INFO  S3Handler:24 - S3 bucket sarcasm-analysis-bucket-a64d33d782523bd7 created
LOCAL 2024-02-11 21:29:27 INFO  SQSHandler:19 - Queue localToManagerQueue-a64d33d782523bd7 created
LOCAL 2024-02-11 21:29:27 INFO  SQSHandler:19 - Queue managerToLocalQueue-a64d33d782523bd7 created
LOCAL 2024-02-11 21:29:29 INFO  S3Handler:42 - File input4.txt uploaded to S3 bucket sarcasm-analysis-bucket-a64d33d782523bd7
LOCAL 2024-02-11 21:29:29 INFO  SQSHandler:73 - Sent message to https://sqs.us-east-1.amazonaws.com/767398090493/localToManagerQueue-a64d33d782523bd7
LOCAL 2024-02-11 21:29:29 INFO  LocalApp:85 - Sent task to manager: input4.txt for inputIndex 0 with 100 reviews per worker
LOCAL 2024-02-11 21:29:29 INFO  LocalApp:92 - Polling for responses from manager
LOCAL 2024-02-11 21:29:50 INFO  LocalApp:92 - Polling for responses from manager
LOCAL 2024-02-11 21:30:10 INFO  LocalApp:92 - Polling for responses from manager
LOCAL 2024-02-11 21:30:30 INFO  LocalApp:92 - Polling for responses from manager
LOCAL 2024-02-11 21:30:50 INFO  LocalApp:92 - Polling for responses from manager
LOCAL 2024-02-11 21:31:10 INFO  LocalApp:92 - Polling for responses from manager
LOCAL 2024-02-11 21:31:31 INFO  LocalApp:92 - Polling for responses from manager
LOCAL 2024-02-11 21:31:51 INFO  LocalApp:92 - Polling for responses from manager
LOCAL 2024-02-11 21:32:11 INFO  LocalApp:92 - Polling for responses from manager
LOCAL 2024-02-11 21:32:31 INFO  LocalApp:92 - Polling for responses from manager
LOCAL 2024-02-11 21:32:51 INFO  LocalApp:92 - Polling for responses from manager
LOCAL 2024-02-11 21:33:11 INFO  LocalApp:92 - Polling for responses from manager
LOCAL 2024-02-11 21:33:31 INFO  LocalApp:92 - Polling for responses from manager
LOCAL 2024-02-11 21:33:52 INFO  LocalApp:92 - Polling for responses from manager
LOCAL 2024-02-11 21:34:12 INFO  LocalApp:92 - Polling for responses from manager
LOCAL 2024-02-11 21:34:33 INFO  LocalApp:92 - Polling for responses from manager
LOCAL 2024-02-11 21:34:53 INFO  LocalApp:92 - Polling for responses from manager
LOCAL 2024-02-11 21:35:13 INFO  LocalApp:92 - Polling for responses from manager
LOCAL 2024-02-11 21:35:33 INFO  LocalApp:92 - Polling for responses from manager
LOCAL 2024-02-11 21:35:53 INFO  LocalApp:92 - Polling for responses from manager
LOCAL 2024-02-11 21:36:13 INFO  LocalApp:92 - Polling for responses from manager
LOCAL 2024-02-11 21:36:33 INFO  LocalApp:92 - Polling for responses from manager
LOCAL 2024-02-11 21:36:54 INFO  LocalApp:92 - Polling for responses from manager
LOCAL 2024-02-11 21:37:14 INFO  LocalApp:92 - Polling for responses from manager
LOCAL 2024-02-11 21:37:34 INFO  LocalApp:92 - Polling for responses from manager
