LOCAL 2024-02-12 13:05:30 INFO  LocalApp:32 - LocalApp started with id 8086d7c9e528fbbc
LOCAL 2024-02-12 13:05:30 INFO  LocalApp:35 - LocalAppEnv created
LOCAL 2024-02-12 13:05:32 INFO  S3Handler:24 - S3 bucket sarcasm-analysis-bucket created
LOCAL 2024-02-12 13:05:33 INFO  SQSHandler:19 - Queue localToManagerQueue created
LOCAL 2024-02-12 13:05:33 INFO  SQSHandler:19 - Queue managerToLocalQueue created
LOCAL 2024-02-12 13:05:34 INFO  S3Handler:42 - File input2.txt uploaded to S3 bucket sarcasm-analysis-bucket
LOCAL 2024-02-12 13:05:34 INFO  SQSHandler:76 - Sent message to https://sqs.us-east-1.amazonaws.com/767398090493/localToManagerQueue
LOCAL 2024-02-12 13:05:34 INFO  LocalApp:80 - Sent task to manager: input2.txt for inputIndex 0 with 100 reviews per worker
LOCAL 2024-02-12 13:05:37 INFO  EC2Handler:87 - Manager instance does not exist
LOCAL 2024-02-12 13:05:37 INFO  EC2Handler:93 - Creating manager instance
LOCAL 2024-02-12 13:05:39 INFO  EC2Handler:33 - Successfully started EC2 instance i-06b02c170c32cee18 based on AMI ami-00e95a9222311e8ed
LOCAL 2024-02-12 13:05:39 INFO  LocalApp:87 - Polling for responses from manager
LOCAL 2024-02-12 13:06:00 INFO  LocalApp:87 - Polling for responses from manager
LOCAL 2024-02-12 13:06:20 INFO  LocalApp:87 - Polling for responses from manager
LOCAL 2024-02-12 13:06:40 INFO  LocalApp:87 - Polling for responses from manager
LOCAL 2024-02-12 13:07:00 INFO  LocalApp:87 - Polling for responses from manager
LOCAL 2024-02-12 13:07:20 INFO  LocalApp:87 - Polling for responses from manager
LOCAL 2024-02-12 13:07:40 INFO  LocalApp:87 - Polling for responses from manager
LOCAL 2024-02-12 13:08:00 INFO  LocalApp:87 - Polling for responses from manager
LOCAL 2024-02-12 13:08:21 INFO  LocalApp:87 - Polling for responses from manager
LOCAL 2024-02-12 13:08:41 INFO  LocalApp:87 - Polling for responses from manager
LOCAL 2024-02-12 13:09:01 INFO  LocalApp:87 - Polling for responses from manager
