LOCAL 2024-02-11 19:00:57 INFO  LocalApp:32 - LocalApp started with id 9a68b2f3e574d872
LOCAL 2024-02-11 19:00:57 INFO  LocalApp:36 - LocalAppEnv created
LOCAL 2024-02-11 19:00:59 INFO  S3Handler:24 - S3 bucket sarcasm-analysis-bucket-9a68b2f3e574d872 created
LOCAL 2024-02-11 19:01:00 INFO  SQSHandler:19 - Queue localToManagerQueue-9a68b2f3e574d872 created
LOCAL 2024-02-11 19:01:01 INFO  SQSHandler:19 - Queue managerToLocalQueue-9a68b2f3e574d872 created
LOCAL 2024-02-11 19:01:02 INFO  S3Handler:42 - File input1.txt uploaded to S3 bucket sarcasm-analysis-bucket-9a68b2f3e574d872
LOCAL 2024-02-11 19:01:02 INFO  SQSHandler:73 - Sent message to https://sqs.us-east-1.amazonaws.com/767398090493/localToManagerQueue-9a68b2f3e574d872
LOCAL 2024-02-11 19:01:02 INFO  LocalApp:85 - Sent task to manager: input1.txt for inputIndex 0 with 50 reviews per worker
LOCAL 2024-02-11 19:01:04 INFO  EC2Handler:68 - Manager instance i-00dd90aee5a2704a1 is running
LOCAL 2024-02-11 19:01:04 INFO  LocalApp:92 - Polling for responses from manager
LOCAL 2024-02-11 19:01:04 INFO  SQSHandler:77 - Polling messages from https://sqs.us-east-1.amazonaws.com/767398090493/managerToLocalQueue-9a68b2f3e574d872
LOCAL 2024-02-11 19:01:24 INFO  LocalApp:92 - Polling for responses from manager
LOCAL 2024-02-11 19:01:24 INFO  SQSHandler:77 - Polling messages from https://sqs.us-east-1.amazonaws.com/767398090493/managerToLocalQueue-9a68b2f3e574d872
LOCAL 2024-02-11 19:01:44 INFO  LocalApp:92 - Polling for responses from manager
LOCAL 2024-02-11 19:01:44 INFO  SQSHandler:77 - Polling messages from https://sqs.us-east-1.amazonaws.com/767398090493/managerToLocalQueue-9a68b2f3e574d872
LOCAL 2024-02-11 19:02:04 INFO  LocalApp:92 - Polling for responses from manager
LOCAL 2024-02-11 19:02:04 INFO  SQSHandler:77 - Polling messages from https://sqs.us-east-1.amazonaws.com/767398090493/managerToLocalQueue-9a68b2f3e574d872
LOCAL 2024-02-11 19:02:24 INFO  LocalApp:92 - Polling for responses from manager
LOCAL 2024-02-11 19:02:24 INFO  SQSHandler:77 - Polling messages from https://sqs.us-east-1.amazonaws.com/767398090493/managerToLocalQueue-9a68b2f3e574d872
LOCAL 2024-02-11 19:02:44 INFO  LocalApp:92 - Polling for responses from manager
LOCAL 2024-02-11 19:02:44 INFO  SQSHandler:77 - Polling messages from https://sqs.us-east-1.amazonaws.com/767398090493/managerToLocalQueue-9a68b2f3e574d872
LOCAL 2024-02-11 19:03:05 INFO  LocalApp:92 - Polling for responses from manager
LOCAL 2024-02-11 19:03:05 INFO  SQSHandler:77 - Polling messages from https://sqs.us-east-1.amazonaws.com/767398090493/managerToLocalQueue-9a68b2f3e574d872
LOCAL 2024-02-11 19:03:24 INFO  LocalApp:104 - Received response from manager: 9a68b2f3e574d872::done::9a68b2f3e574d872-summary-0::0
LOCAL 2024-02-11 19:03:24 INFO  LocalApp:26 - LocalAppTask started
LOCAL 2024-02-11 19:03:24 INFO  S3Handler:56 - Downloading file 9a68b2f3e574d872-summary-0 from S3 bucket sarcasm-analysis-bucket-9a68b2f3e574d872
LOCAL 2024-02-11 19:03:26 INFO  LocalApp:33 - Received summary file from S3
LOCAL 2024-02-11 19:03:26 INFO  LocalApp:60 - Added review R28CW6BRT1I3WS to summary
LOCAL 2024-02-11 19:03:26 INFO  LocalApp:60 - Added review R11K609K9FA6Y4 to summary
LOCAL 2024-02-11 19:03:26 INFO  LocalApp:60 - Added review R1T853CAOX2GKQ to summary
LOCAL 2024-02-11 19:03:26 INFO  LocalApp:60 - Added review R2NN3ZT114GXSD to summary
LOCAL 2024-02-11 19:03:26 INFO  LocalApp:60 - Added review R2JET1LNB8VGIC to summary
LOCAL 2024-02-11 19:03:26 INFO  LocalApp:60 - Added review R1HA441CEIOX36 to summary
LOCAL 2024-02-11 19:03:26 INFO  LocalApp:60 - Added review R1XXZKFEUS6WD8 to summary
LOCAL 2024-02-11 19:03:26 INFO  LocalApp:60 - Added review RZQ0PVWAXQN1I to summary
LOCAL 2024-02-11 19:03:26 INFO  LocalApp:60 - Added review RN3WUTQPDORYE to summary
LOCAL 2024-02-11 19:03:26 INFO  LocalApp:60 - Added review R3GJORSH5JM7J2 to summary
LOCAL 2024-02-11 19:03:26 INFO  LocalApp:60 - Added review R3JVMDCLCJQ7OD to summary
LOCAL 2024-02-11 19:03:26 INFO  LocalApp:60 - Added review R1RUXYHCSZSHJ0 to summary
LOCAL 2024-02-11 19:03:26 INFO  LocalApp:60 - Added review RQAAAHDDGBGSM to summary
LOCAL 2024-02-11 19:03:26 INFO  LocalApp:60 - Added review R3MB41VM9C8JHF to summary
LOCAL 2024-02-11 19:03:26 INFO  LocalApp:60 - Added review R20C15AL3RZNFK to summary
LOCAL 2024-02-11 19:03:26 INFO  LocalApp:60 - Added review RINQNJYCZ6ZMA to summary
LOCAL 2024-02-11 19:03:26 INFO  LocalApp:60 - Added review R168F35482GO3P to summary
LOCAL 2024-02-11 19:03:26 INFO  LocalApp:60 - Added review R2T3D5DOO5FCXG to summary
LOCAL 2024-02-11 19:03:26 INFO  LocalApp:60 - Added review R2Q0PPQ18OXN9 to summary
LOCAL 2024-02-11 19:03:26 INFO  LocalApp:60 - Added review RVG9C50OK3MYF to summary
LOCAL 2024-02-11 19:03:26 INFO  LocalApp:60 - Added review R1EX0F7SR4ARP8 to summary
LOCAL 2024-02-11 19:03:26 INFO  LocalApp:60 - Added review R1DZOY7TSM9H8I to summary
LOCAL 2024-02-11 19:03:26 INFO  LocalApp:60 - Added review R1D5ATRPD0FLF to summary
LOCAL 2024-02-11 19:03:26 INFO  LocalApp:60 - Added review R4FQCSH8I533I to summary
LOCAL 2024-02-11 19:03:26 INFO  LocalApp:60 - Added review RRKHISGKBUFR6 to summary
LOCAL 2024-02-11 19:03:26 INFO  LocalApp:60 - Added review R1HQ0YR95HH94J to summary
LOCAL 2024-02-11 19:03:26 INFO  LocalApp:60 - Added review R8OWCLDI0GGL0 to summary
LOCAL 2024-02-11 19:03:26 INFO  LocalApp:60 - Added review R1IMZWAH2HU0RA to summary
LOCAL 2024-02-11 19:03:26 INFO  LocalApp:60 - Added review R1OQJ80RUJ759U to summary
LOCAL 2024-02-11 19:03:26 INFO  LocalApp:60 - Added review R1BEK8UWDRQ7WL to summary
LOCAL 2024-02-11 19:03:26 INFO  LocalApp:60 - Added review RJ62XWHGDIF7 to summary
LOCAL 2024-02-11 19:03:26 INFO  LocalApp:60 - Added review R34QMOG4K0SHD8 to summary
LOCAL 2024-02-11 19:03:26 INFO  LocalApp:60 - Added review R2LTX4K942REZ6 to summary
LOCAL 2024-02-11 19:03:26 INFO  LocalApp:60 - Added review RQFO6EZK21SA3 to summary
LOCAL 2024-02-11 19:03:26 INFO  LocalApp:60 - Added review R2PSXJ6JTY2KBF to summary
LOCAL 2024-02-11 19:03:26 INFO  LocalApp:60 - Added review R2DVFPWJ0YUFUS to summary
LOCAL 2024-02-11 19:03:26 INFO  LocalApp:60 - Added review R167BE5I3EVUMB to summary
LOCAL 2024-02-11 19:03:26 INFO  LocalApp:60 - Added review R36KHA7G6JKTZN to summary
LOCAL 2024-02-11 19:03:26 INFO  LocalApp:60 - Added review R2DUT9NY2SHSIY to summary
LOCAL 2024-02-11 19:03:26 INFO  LocalApp:60 - Added review R142H1KFJ8C2QK to summary
LOCAL 2024-02-11 19:03:26 INFO  LocalApp:60 - Added review R2M4FJVQOSB6OQ to summary
LOCAL 2024-02-11 19:03:26 INFO  LocalApp:60 - Added review R38E4AKFKFZRCX to summary
LOCAL 2024-02-11 19:03:26 INFO  LocalApp:60 - Added review R1S6W7GFYN25CW to summary
LOCAL 2024-02-11 19:03:26 INFO  LocalApp:60 - Added review R2AF2W42NTLN03 to summary
LOCAL 2024-02-11 19:03:26 INFO  LocalApp:60 - Added review R1D4E096B5B40Z to summary
LOCAL 2024-02-11 19:03:26 INFO  LocalApp:60 - Added review R1VXBAML9Y9OOA to summary
LOCAL 2024-02-11 19:03:26 INFO  LocalApp:60 - Added review R2NF2SA2LOJYK0 to summary
LOCAL 2024-02-11 19:03:26 INFO  LocalApp:60 - Added review R2MFTWFJ8DCA9J to summary
LOCAL 2024-02-11 19:03:26 INFO  LocalApp:60 - Added review R2L9FQQMP0N4TL to summary
LOCAL 2024-02-11 19:03:26 INFO  LocalApp:60 - Added review R3IABCV7XBGTS7 to summary
LOCAL 2024-02-11 19:03:26 INFO  LocalApp:60 - Added review R1OMC346J0RPSH to summary
LOCAL 2024-02-11 19:03:26 INFO  LocalApp:60 - Added review R25ATJUDAMEBGX to summary
LOCAL 2024-02-11 19:03:26 INFO  LocalApp:60 - Added review R3R9QKZ61DMKGF to summary
LOCAL 2024-02-11 19:03:26 INFO  LocalApp:60 - Added review R35M6ASHV3I9TP to summary
LOCAL 2024-02-11 19:03:26 INFO  LocalApp:60 - Added review R2UJ2ZN8MY6705 to summary
LOCAL 2024-02-11 19:03:26 INFO  LocalApp:60 - Added review R13WBJI6QUH9II to summary
LOCAL 2024-02-11 19:03:26 INFO  LocalApp:60 - Added review R126IXMG8FTZNK to summary
LOCAL 2024-02-11 19:03:26 INFO  LocalApp:60 - Added review R9R9FOKED36NB to summary
LOCAL 2024-02-11 19:03:26 INFO  LocalApp:60 - Added review R3QJZUUET6KUNG to summary
LOCAL 2024-02-11 19:03:26 INFO  LocalApp:60 - Added review RO8ZN3X330K2T to summary
LOCAL 2024-02-11 19:03:26 INFO  LocalApp:60 - Added review R34R8UQM5K3CA8 to summary
LOCAL 2024-02-11 19:03:26 INFO  LocalApp:60 - Added review RRGM06Y1WF6L3 to summary
LOCAL 2024-02-11 19:03:26 INFO  LocalApp:60 - Added review ROH8MORG3G94X to summary
LOCAL 2024-02-11 19:03:26 INFO  LocalApp:60 - Added review R1OX0D2CIF3U0R to summary
LOCAL 2024-02-11 19:03:26 INFO  LocalApp:60 - Added review RXS3K32XDYS50 to summary
LOCAL 2024-02-11 19:03:26 INFO  LocalApp:60 - Added review R193MF3E66AMI5 to summary
LOCAL 2024-02-11 19:03:26 INFO  LocalApp:60 - Added review RGLQYVJV1BUPN to summary
LOCAL 2024-02-11 19:03:26 INFO  LocalApp:60 - Added review R37OYAYP2HL4WM to summary
LOCAL 2024-02-11 19:03:26 INFO  LocalApp:60 - Added review R366N97DLUODS7 to summary
LOCAL 2024-02-11 19:03:26 INFO  LocalApp:60 - Added review R2ZXKBYP9Q5H1P to summary
LOCAL 2024-02-11 19:03:26 INFO  LocalApp:60 - Added review R37FFB363KA4VW to summary
LOCAL 2024-02-11 19:03:26 INFO  LocalApp:60 - Added review R2BJ1N7XP2P3OO to summary
LOCAL 2024-02-11 19:03:26 INFO  LocalApp:60 - Added review R2874NT3K974P7 to summary
LOCAL 2024-02-11 19:03:26 INFO  LocalApp:60 - Added review R33EE9HRQ7VLL4 to summary
LOCAL 2024-02-11 19:03:26 INFO  LocalApp:60 - Added review R38BD387JZFIYA to summary
LOCAL 2024-02-11 19:03:26 INFO  LocalApp:60 - Added review R2KDDNCDQVLJBD to summary
LOCAL 2024-02-11 19:03:26 INFO  LocalApp:60 - Added review R2NBVJ1U6UGRYQ to summary
LOCAL 2024-02-11 19:03:26 INFO  LocalApp:60 - Added review R2LAHNXIUPH5IY to summary
LOCAL 2024-02-11 19:03:26 INFO  LocalApp:60 - Added review R3RJQ9B9T9HT3Q to summary
LOCAL 2024-02-11 19:03:26 INFO  LocalApp:60 - Added review R1H6AFG81P2C0H to summary
LOCAL 2024-02-11 19:03:26 INFO  LocalApp:60 - Added review R3HNBZ5SGS2X72 to summary
LOCAL 2024-02-11 19:03:26 INFO  LocalApp:60 - Added review RSLQEPL3493PJ to summary
LOCAL 2024-02-11 19:03:26 INFO  LocalApp:60 - Added review R20R5DLH2UZKX1 to summary
LOCAL 2024-02-11 19:03:26 INFO  LocalApp:60 - Added review R1VTDATV2934TB to summary
LOCAL 2024-02-11 19:03:26 INFO  LocalApp:60 - Added review R2QL7JQ11XX841 to summary
LOCAL 2024-02-11 19:03:26 INFO  LocalApp:60 - Added review R2MRVNKTE6SIO4 to summary
LOCAL 2024-02-11 19:03:26 INFO  LocalApp:60 - Added review R1IAD68RQ7ELAV to summary
LOCAL 2024-02-11 19:03:26 INFO  LocalApp:60 - Added review R3HYF4UBGHHUW7 to summary
LOCAL 2024-02-11 19:03:26 INFO  LocalApp:60 - Added review R1YSA0QE7S7SNN to summary
LOCAL 2024-02-11 19:03:26 INFO  LocalApp:60 - Added review R2TFTOL4S8QAJ1 to summary
LOCAL 2024-02-11 19:03:26 INFO  LocalApp:60 - Added review RZKLR0UYVK26X to summary
LOCAL 2024-02-11 19:03:26 INFO  LocalApp:60 - Added review R2JKJMT8XRKD5W to summary
LOCAL 2024-02-11 19:03:26 INFO  LocalApp:60 - Added review R2HMSFQRWCJ7E8 to summary
LOCAL 2024-02-11 19:03:26 INFO  LocalApp:60 - Added review R3W3BU16T3ZB6K to summary
LOCAL 2024-02-11 19:03:26 INFO  LocalApp:60 - Added review R31UKUOX0D7WLH to summary
LOCAL 2024-02-11 19:03:26 INFO  LocalApp:60 - Added review R22U7UAVMUE79R to summary
LOCAL 2024-02-11 19:03:26 INFO  LocalApp:60 - Added review R2JAVZCM52EDOV to summary
LOCAL 2024-02-11 19:03:26 INFO  LocalApp:60 - Added review R3P9ZXG7G7LWPL to summary
LOCAL 2024-02-11 19:03:26 INFO  LocalApp:60 - Added review R26PN2JPMGRCS1 to summary
LOCAL 2024-02-11 19:03:26 INFO  LocalApp:60 - Added review R2TRPI07Z5TB9L to summary
LOCAL 2024-02-11 19:03:26 INFO  LocalApp:60 - Added review R1BIV3K2KLDPDO to summary
LOCAL 2024-02-11 19:03:26 INFO  LocalApp:60 - Added review R30Z19HH5I0UYU to summary
LOCAL 2024-02-11 19:03:26 INFO  LocalApp:60 - Added review R236BBM296K6YZ to summary
LOCAL 2024-02-11 19:03:26 INFO  LocalApp:60 - Added review R1IKZK5S0DCKZ0 to summary
LOCAL 2024-02-11 19:03:26 INFO  LocalApp:60 - Added review R39T2E8UGYDUKA to summary
LOCAL 2024-02-11 19:03:26 INFO  LocalApp:60 - Added review R2B31JK893KNO6 to summary
LOCAL 2024-02-11 19:03:26 INFO  LocalApp:60 - Added review R2S6U0PQQDWR6G to summary
LOCAL 2024-02-11 19:03:26 INFO  LocalApp:60 - Added review R13A1E84GQINZW to summary
LOCAL 2024-02-11 19:03:26 INFO  LocalApp:60 - Added review R3JCVVMOALPEKC to summary
LOCAL 2024-02-11 19:03:26 INFO  LocalApp:60 - Added review R1L37SZ6RS1Z9D to summary
LOCAL 2024-02-11 19:03:26 INFO  LocalApp:60 - Added review RQRPF15W2PFLA to summary
LOCAL 2024-02-11 19:03:26 INFO  LocalApp:60 - Added review R3J1ZND39RD7EA to summary
LOCAL 2024-02-11 19:03:26 INFO  LocalApp:60 - Added review R19TV6B4AWHG1B to summary
LOCAL 2024-02-11 19:03:26 INFO  LocalApp:60 - Added review RC813AP3NS1PR to summary
LOCAL 2024-02-11 19:03:26 INFO  LocalApp:60 - Added review R1ND8M8IXDOCXS to summary
LOCAL 2024-02-11 19:03:26 INFO  LocalApp:60 - Added review R32FDZSX2MVDXV to summary
LOCAL 2024-02-11 19:03:26 INFO  LocalApp:60 - Added review R220PLS0R7MXKD to summary
LOCAL 2024-02-11 19:03:26 INFO  LocalApp:60 - Added review R27I1YAPZH764F to summary
LOCAL 2024-02-11 19:03:26 INFO  LocalApp:60 - Added review RSRQ513FZ0LIO to summary
LOCAL 2024-02-11 19:03:26 INFO  LocalApp:60 - Added review R1TG4AUA7Y7EU4 to summary
LOCAL 2024-02-11 19:03:26 INFO  LocalApp:60 - Added review R3BBOWZM73BJ4G to summary
LOCAL 2024-02-11 19:03:26 INFO  LocalApp:60 - Added review R3KPJ5LPNYVASQ to summary
LOCAL 2024-02-11 19:03:26 INFO  LocalApp:60 - Added review RI3AC1GCJ55PO to summary
LOCAL 2024-02-11 19:03:26 INFO  LocalApp:60 - Added review R1N84C747XKGEV to summary
LOCAL 2024-02-11 19:03:26 INFO  LocalApp:60 - Added review RXHD8N12IG6RF to summary
LOCAL 2024-02-11 19:03:26 INFO  LocalApp:60 - Added review R2E8S075V2KKU8 to summary
LOCAL 2024-02-11 19:03:26 INFO  LocalApp:60 - Added review R10PCA22ETND2D to summary
LOCAL 2024-02-11 19:03:26 INFO  LocalApp:60 - Added review R3VWQZT9AA217G to summary
LOCAL 2024-02-11 19:03:26 INFO  LocalApp:60 - Added review RMDOODQ2GFY7H to summary
LOCAL 2024-02-11 19:03:26 INFO  LocalApp:60 - Added review R2FVF4IE2XB6YE to summary
LOCAL 2024-02-11 19:03:26 INFO  LocalApp:60 - Added review R36NOS68DTSO98 to summary
LOCAL 2024-02-11 19:03:26 INFO  LocalApp:60 - Added review R3JLDNL9R4RBWA to summary
LOCAL 2024-02-11 19:03:26 INFO  LocalApp:60 - Added review R3CT041SZBYQLC to summary
LOCAL 2024-02-11 19:03:26 INFO  LocalApp:60 - Added review R2MC3Q6H8O8BWC to summary
LOCAL 2024-02-11 19:03:26 INFO  LocalApp:60 - Added review R3QVF9OC02C9AY to summary
LOCAL 2024-02-11 19:03:26 INFO  LocalApp:60 - Added review R8EMU3QVATTYV to summary
LOCAL 2024-02-11 19:03:26 INFO  LocalApp:60 - Added review R2VZ7UOOPUYRN to summary
LOCAL 2024-02-11 19:03:26 INFO  LocalApp:60 - Added review R2JYKFIOFLDPVT to summary
LOCAL 2024-02-11 19:03:26 INFO  LocalApp:60 - Added review RRQAAPTNP04V0 to summary
LOCAL 2024-02-11 19:03:26 INFO  LocalApp:60 - Added review R2N9E7VG8GC6AS to summary
LOCAL 2024-02-11 19:03:26 INFO  LocalApp:60 - Added review R1E2WAOOO3SKNA to summary
LOCAL 2024-02-11 19:03:26 INFO  LocalApp:60 - Added review R2UMQUE3WKQ0YW to summary
LOCAL 2024-02-11 19:03:26 INFO  LocalApp:60 - Added review R1KSYWLWT54DGC to summary
LOCAL 2024-02-11 19:03:26 INFO  LocalApp:60 - Added review R2LHG5IN67NQRR to summary
LOCAL 2024-02-11 19:03:26 INFO  LocalApp:60 - Added review R2W0W7A3KRY3W6 to summary
LOCAL 2024-02-11 19:03:26 INFO  LocalApp:60 - Added review R27GJBQ8QODQ6T to summary
LOCAL 2024-02-11 19:03:26 INFO  LocalApp:60 - Added review R1L8O7RM8DD6J3 to summary
LOCAL 2024-02-11 19:03:26 INFO  LocalApp:60 - Added review RUQ90EAKFV7EA to summary
LOCAL 2024-02-11 19:03:26 INFO  LocalApp:60 - Added review R2T7WL4AHZOFAD to summary
LOCAL 2024-02-11 19:03:26 INFO  LocalApp:60 - Added review R2M08968Q9D8Y5 to summary
LOCAL 2024-02-11 19:03:26 INFO  LocalApp:60 - Added review RWSMZGI6FO4KI to summary
LOCAL 2024-02-11 19:03:26 INFO  LocalApp:60 - Added review R1W8PM4V07OZXO to summary
LOCAL 2024-02-11 19:03:26 INFO  LocalApp:60 - Added review R27ENEEYHCA5KM to summary
LOCAL 2024-02-11 19:03:26 INFO  LocalApp:60 - Added review R3QIO4111QI7F2 to summary
LOCAL 2024-02-11 19:03:26 INFO  LocalApp:60 - Added review RE9JXCD6Z39OS to summary
LOCAL 2024-02-11 19:03:26 INFO  LocalApp:60 - Added review R21F9WLAL0G2GY to summary
LOCAL 2024-02-11 19:03:26 INFO  LocalApp:60 - Added review R19UVJU1NEU3H to summary
LOCAL 2024-02-11 19:03:26 INFO  LocalApp:60 - Added review R3DBRVSQUC8RUA to summary
LOCAL 2024-02-11 19:03:26 INFO  LocalApp:60 - Added review R1GPZVVNN2SLTB to summary
LOCAL 2024-02-11 19:03:26 INFO  LocalApp:60 - Added review R1RL4L5M3I7QGM to summary
LOCAL 2024-02-11 19:03:26 INFO  LocalApp:60 - Added review R3OQXC2KMMY14C to summary
LOCAL 2024-02-11 19:03:26 INFO  LocalApp:60 - Added review R1LKR85K1N9H2K to summary
LOCAL 2024-02-11 19:03:26 INFO  LocalApp:60 - Added review R3OL550I4OXK7 to summary
LOCAL 2024-02-11 19:03:26 INFO  LocalApp:60 - Added review R3W3M51ZOILXYA to summary
LOCAL 2024-02-11 19:03:26 INFO  LocalApp:60 - Added review RNIMX9A9V5LH9 to summary
LOCAL 2024-02-11 19:03:26 INFO  LocalApp:60 - Added review R1PVCVO8PI7VCK to summary
LOCAL 2024-02-11 19:03:26 INFO  LocalApp:60 - Added review R2KYNCYLJO46TH to summary
LOCAL 2024-02-11 19:03:26 INFO  LocalApp:60 - Added review RVX8MSFRFAR34 to summary
LOCAL 2024-02-11 19:03:26 INFO  LocalApp:60 - Added review R28OXGZB5KE9IY to summary
LOCAL 2024-02-11 19:03:26 INFO  LocalApp:60 - Added review R15ONHJH7JFUMM to summary
LOCAL 2024-02-11 19:03:26 INFO  LocalApp:60 - Added review R1VMWMMRIBIWWK to summary
LOCAL 2024-02-11 19:03:26 INFO  LocalApp:60 - Added review RX3GH8MLDBA23 to summary
LOCAL 2024-02-11 19:03:26 INFO  LocalApp:60 - Added review RZ3R86KJFIF5C to summary
LOCAL 2024-02-11 19:03:26 INFO  LocalApp:60 - Added review R1OA4SL67OYE3J to summary
LOCAL 2024-02-11 19:03:26 INFO  LocalApp:60 - Added review R2WI7ZRYOSMKRS to summary
LOCAL 2024-02-11 19:03:26 INFO  LocalApp:60 - Added review R1HHT6SSV0YEJP to summary
LOCAL 2024-02-11 19:03:26 INFO  LocalApp:60 - Added review R2DGUXQ63LS65K to summary
LOCAL 2024-02-11 19:03:26 INFO  LocalApp:60 - Added review R3LVVT5NNG1SU6 to summary
LOCAL 2024-02-11 19:03:26 INFO  LocalApp:60 - Added review R3TE1ALLUZGSIP to summary
LOCAL 2024-02-11 19:03:26 INFO  LocalApp:60 - Added review R1XIYMC4J5O6OV to summary
LOCAL 2024-02-11 19:03:26 INFO  LocalApp:60 - Added review R1TXEA6FWMTRYQ to summary
LOCAL 2024-02-11 19:03:26 INFO  LocalApp:60 - Added review R3R0QA0Z422DDC to summary
LOCAL 2024-02-11 19:03:26 INFO  LocalApp:60 - Added review R1MPKDF8SR9DUH to summary
LOCAL 2024-02-11 19:03:26 INFO  LocalApp:60 - Added review R3QKCZV42H5JEI to summary
LOCAL 2024-02-11 19:03:26 INFO  LocalApp:60 - Added review R1LYZFL0CCAE2N to summary
LOCAL 2024-02-11 19:03:26 INFO  LocalApp:60 - Added review R1RXSH9ONH6WJZ to summary
LOCAL 2024-02-11 19:03:26 INFO  LocalApp:60 - Added review R7VFTZYSCIRIG to summary
LOCAL 2024-02-11 19:03:26 INFO  LocalApp:60 - Added review R14EML3C2US6RE to summary
LOCAL 2024-02-11 19:03:26 INFO  LocalApp:60 - Added review R1J5IB7XTSWARR to summary
LOCAL 2024-02-11 19:03:26 INFO  LocalApp:60 - Added review R10GHGPK2F88T7 to summary
LOCAL 2024-02-11 19:03:26 INFO  LocalApp:60 - Added review R1MA8FZO5EG2L4 to summary
LOCAL 2024-02-11 19:03:26 INFO  LocalApp:60 - Added review R2LPZYQ9OSWFT5 to summary
LOCAL 2024-02-11 19:03:26 INFO  LocalApp:60 - Added review R2LZUPOD2GQPNH to summary
LOCAL 2024-02-11 19:03:26 INFO  LocalApp:60 - Added review R1UX7L4IJ0AN12 to summary
LOCAL 2024-02-11 19:03:26 INFO  LocalApp:60 - Added review RSO743RDYVWTZ to summary
LOCAL 2024-02-11 19:03:26 INFO  LocalApp:60 - Added review R1GU961A8Y8Y58 to summary
LOCAL 2024-02-11 19:03:26 INFO  LocalApp:60 - Added review R1PFRW1GXKKW9O to summary
LOCAL 2024-02-11 19:03:26 INFO  LocalApp:60 - Added review RZ39NFVABIQ2B to summary
LOCAL 2024-02-11 19:03:26 INFO  LocalApp:60 - Added review RNEDMWJ5Z8IIS to summary
LOCAL 2024-02-11 19:03:26 INFO  LocalApp:60 - Added review R2SOCWQ20G2BR4 to summary
LOCAL 2024-02-11 19:03:26 INFO  LocalApp:60 - Added review R3PIU8RR2V1QXR to summary
LOCAL 2024-02-11 19:03:26 INFO  LocalApp:60 - Added review RWFOZAFSTAJXW to summary
LOCAL 2024-02-11 19:03:26 INFO  LocalApp:60 - Added review R2F79Z3KTYUF7L to summary
LOCAL 2024-02-11 19:03:26 INFO  LocalApp:60 - Added review RNQTKJ0S9501J to summary
LOCAL 2024-02-11 19:03:26 INFO  LocalApp:60 - Added review RLTQWFL029OMF to summary
LOCAL 2024-02-11 19:03:26 INFO  LocalApp:60 - Added review R3M5MWFPDVPQEX to summary
LOCAL 2024-02-11 19:03:26 INFO  LocalApp:60 - Added review R3GCFAIUL8BI3Y to summary
LOCAL 2024-02-11 19:03:26 INFO  LocalApp:60 - Added review R3OYE536TI4NSO to summary
LOCAL 2024-02-11 19:03:26 INFO  LocalApp:60 - Added review R2CEP9SLZ400M to summary
LOCAL 2024-02-11 19:03:26 INFO  LocalApp:60 - Added review R2UFOFK6BI3R75 to summary
LOCAL 2024-02-11 19:03:26 INFO  LocalApp:60 - Added review R2AZ2TDKPLVYC7 to summary
LOCAL 2024-02-11 19:03:26 INFO  LocalApp:60 - Added review RJ3S9D0RNMMKZ to summary
LOCAL 2024-02-11 19:03:26 INFO  LocalApp:60 - Added review R24VL4QPDT1RPG to summary
LOCAL 2024-02-11 19:03:26 INFO  LocalApp:60 - Added review R22RDBC963OKZZ to summary
LOCAL 2024-02-11 19:03:26 INFO  LocalApp:60 - Added review R3LCKBMPC7LRWI to summary
LOCAL 2024-02-11 19:03:26 INFO  LocalApp:60 - Added review R2TYJQX6PJ6ML7 to summary
LOCAL 2024-02-11 19:03:26 INFO  LocalApp:60 - Added review R1YWNXNOGDAVYC to summary
LOCAL 2024-02-11 19:03:26 INFO  LocalApp:60 - Added review R2O3VN9WJ6D3G6 to summary
LOCAL 2024-02-11 19:03:26 INFO  LocalApp:60 - Added review R33RDBKMP4FIXJ to summary
LOCAL 2024-02-11 19:03:26 INFO  LocalApp:60 - Added review R3JXU261M77CA7 to summary
LOCAL 2024-02-11 19:03:26 INFO  LocalApp:60 - Added review R2EWLW4U57UJOL to summary
LOCAL 2024-02-11 19:03:26 INFO  LocalApp:60 - Added review RKW0DAIUVAU0I to summary
LOCAL 2024-02-11 19:03:26 INFO  LocalApp:60 - Added review R11K315ANOZUXE to summary
LOCAL 2024-02-11 19:03:26 INFO  LocalApp:60 - Added review R1ZZLMZ4F5TWUS to summary
LOCAL 2024-02-11 19:03:26 INFO  LocalApp:60 - Added review R3ER25YMQE61VO to summary
LOCAL 2024-02-11 19:03:26 INFO  LocalApp:60 - Added review R1ESOYWR8JQV7W to summary
LOCAL 2024-02-11 19:03:26 INFO  LocalApp:60 - Added review R1XVGD3AR8BOFL to summary
LOCAL 2024-02-11 19:03:26 INFO  LocalApp:60 - Added review R2QOR4FHWCW79Z to summary
LOCAL 2024-02-11 19:03:26 INFO  LocalApp:60 - Added review R2PFEEAU7NHO8L to summary
LOCAL 2024-02-11 19:03:26 INFO  LocalApp:60 - Added review R1HRC6MTTWN9RN to summary
LOCAL 2024-02-11 19:03:26 INFO  LocalApp:60 - Added review R2R1ONMJJ1C530 to summary
LOCAL 2024-02-11 19:03:26 INFO  LocalApp:60 - Added review R2S1SOHCT343K3 to summary
LOCAL 2024-02-11 19:03:26 INFO  LocalApp:60 - Added review RMIV0C8N1RI2 to summary
LOCAL 2024-02-11 19:03:26 INFO  LocalApp:60 - Added review R3RWE3GWU14B7W to summary
LOCAL 2024-02-11 19:03:26 INFO  LocalApp:60 - Added review R1PIHZ42VPVVSQ to summary
LOCAL 2024-02-11 19:03:26 INFO  LocalApp:60 - Added review R1T3RK94K334GN to summary
LOCAL 2024-02-11 19:03:26 INFO  LocalApp:60 - Added review R1XR34W255M9LI to summary
LOCAL 2024-02-11 19:03:26 INFO  LocalApp:60 - Added review R2LR1FW9LWFOJS to summary
LOCAL 2024-02-11 19:03:26 INFO  LocalApp:60 - Added review R1M39N5OEUXUJV to summary
LOCAL 2024-02-11 19:03:26 INFO  LocalApp:60 - Added review R1JKLGHE883XOR to summary
LOCAL 2024-02-11 19:03:26 INFO  LocalApp:60 - Added review RTMHJUN966903 to summary
LOCAL 2024-02-11 19:03:26 INFO  LocalApp:60 - Added review R20Z1LO2VI7185 to summary
LOCAL 2024-02-11 19:03:26 INFO  LocalApp:60 - Added review R21FG1K2OXT546 to summary
LOCAL 2024-02-11 19:03:26 INFO  LocalApp:60 - Added review R2ZPS1DUTHY0U to summary
LOCAL 2024-02-11 19:03:26 INFO  LocalApp:60 - Added review R4IFCFJATVTKZ to summary
LOCAL 2024-02-11 19:03:26 INFO  LocalApp:60 - Added review R3O0QQ6ZEUBOZU to summary
LOCAL 2024-02-11 19:03:26 INFO  LocalApp:60 - Added review R1F0JXWPK0N5ME to summary
LOCAL 2024-02-11 19:03:26 INFO  LocalApp:60 - Added review RUSLY50O8EK0A to summary
LOCAL 2024-02-11 19:03:26 INFO  LocalApp:60 - Added review R39TPNPEGEHKB9 to summary
LOCAL 2024-02-11 19:03:26 INFO  LocalApp:60 - Added review R28ZVOY8Y12MGU to summary
LOCAL 2024-02-11 19:03:26 INFO  LocalApp:60 - Added review RPGSRSWYE4BMV to summary
LOCAL 2024-02-11 19:03:26 INFO  LocalApp:60 - Added review R28PK1OZ82GMZX to summary
LOCAL 2024-02-11 19:03:26 INFO  LocalApp:60 - Added review R3EJ4B2TLY20HI to summary
LOCAL 2024-02-11 19:03:26 INFO  LocalApp:60 - Added review R1KLR893YIZHI9 to summary
LOCAL 2024-02-11 19:03:26 INFO  LocalApp:60 - Added review R1G3HOE63Q4PP8 to summary
LOCAL 2024-02-11 19:03:26 INFO  LocalApp:60 - Added review R2QEFCG4OWTZBS to summary
LOCAL 2024-02-11 19:03:26 INFO  LocalApp:60 - Added review R53R2LEIH4WK3 to summary
LOCAL 2024-02-11 19:03:26 INFO  LocalApp:60 - Added review RGJS8O3BD0JXC to summary
LOCAL 2024-02-11 19:03:26 INFO  LocalApp:60 - Added review R33FKDTHXNZEKB to summary
LOCAL 2024-02-11 19:03:26 INFO  LocalApp:60 - Added review R32A0VE1X0BURI to summary
LOCAL 2024-02-11 19:03:26 INFO  LocalApp:60 - Added review R2X0RC926D0NNV to summary
LOCAL 2024-02-11 19:03:26 INFO  LocalApp:60 - Added review R36CH2535FNBWH to summary
LOCAL 2024-02-11 19:03:26 INFO  LocalApp:60 - Added review R34J8SXZE9UF6Y to summary
LOCAL 2024-02-11 19:03:26 INFO  LocalApp:60 - Added review R17J1W34Y36S12 to summary
LOCAL 2024-02-11 19:03:26 INFO  LocalApp:60 - Added review RE8RXL7N5Y3D to summary
LOCAL 2024-02-11 19:03:26 INFO  LocalApp:60 - Added review RS23X6XG4MEFE to summary
LOCAL 2024-02-11 19:03:26 INFO  LocalApp:60 - Added review R19IQ8GH4D0JNI to summary
LOCAL 2024-02-11 19:03:26 INFO  LocalApp:60 - Added review R1JDXS706K8S1T to summary
LOCAL 2024-02-11 19:03:26 INFO  LocalApp:60 - Added review R31QCW6DOTS5FF to summary
LOCAL 2024-02-11 19:03:26 INFO  LocalApp:60 - Added review R1XOH273JQGR85 to summary
LOCAL 2024-02-11 19:03:26 INFO  LocalApp:60 - Added review R34W9OUGHQZGRA to summary
LOCAL 2024-02-11 19:03:26 INFO  LocalApp:60 - Added review R1QX3ZAK49008W to summary
LOCAL 2024-02-11 19:03:26 INFO  LocalApp:60 - Added review RZYFWT276TO8K to summary
LOCAL 2024-02-11 19:03:26 INFO  LocalApp:60 - Added review R22LGGPNAGZBKA to summary
LOCAL 2024-02-11 19:03:26 INFO  LocalApp:60 - Added review R2R2JD8A0HBFKS to summary
LOCAL 2024-02-11 19:03:26 INFO  LocalApp:60 - Added review RV72IMNCY05RO to summary
LOCAL 2024-02-11 19:03:26 INFO  LocalApp:60 - Added review R1Q8MYS13UXZ57 to summary
LOCAL 2024-02-11 19:03:26 INFO  LocalApp:60 - Added review R2X77IUYDICNQJ to summary
LOCAL 2024-02-11 19:03:26 INFO  LocalApp:60 - Added review R2EACXOHPUS13F to summary
LOCAL 2024-02-11 19:03:26 INFO  LocalApp:60 - Added review R3174XTTMK3DOT to summary
LOCAL 2024-02-11 19:03:26 INFO  LocalApp:60 - Added review R3DCAP989VIWT7 to summary
LOCAL 2024-02-11 19:03:26 INFO  LocalApp:60 - Added review RROR8WXBS5IQC to summary
LOCAL 2024-02-11 19:03:26 INFO  LocalApp:60 - Added review R36TQH2JYUNKBP to summary
LOCAL 2024-02-11 19:03:26 INFO  LocalApp:60 - Added review R2XF37Q0BUEPWW to summary
LOCAL 2024-02-11 19:03:26 INFO  LocalApp:60 - Added review R16IG63G0E5ZM8 to summary
LOCAL 2024-02-11 19:03:26 INFO  LocalApp:60 - Added review R15IEZL8QALCZP to summary
LOCAL 2024-02-11 19:03:26 INFO  LocalApp:60 - Added review R26WH6MRW8OH5E to summary
LOCAL 2024-02-11 19:03:26 INFO  LocalApp:60 - Added review RTXE8U60512M1 to summary
LOCAL 2024-02-11 19:03:26 INFO  LocalApp:60 - Added review R2WHTROMGH8MW0 to summary
LOCAL 2024-02-11 19:03:26 INFO  LocalApp:60 - Added review RWJAPTXKP497Z to summary
LOCAL 2024-02-11 19:03:26 INFO  LocalApp:60 - Added review RCZXQOZ4AQ5J4 to summary
LOCAL 2024-02-11 19:03:26 INFO  LocalApp:60 - Added review R14D3WP6J91DCU to summary
LOCAL 2024-02-11 19:03:26 INFO  LocalApp:60 - Added review R1RG5TN164JGW2 to summary
LOCAL 2024-02-11 19:03:26 INFO  LocalApp:60 - Added review RTA4YTCX331MA to summary
LOCAL 2024-02-11 19:03:26 INFO  LocalApp:60 - Added review R1L72VD853B8CZ to summary
LOCAL 2024-02-11 19:03:26 INFO  LocalApp:60 - Added review RCTVBSIPB9Q2X to summary
LOCAL 2024-02-11 19:03:26 INFO  LocalApp:60 - Added review RGMH5ROASTBS8 to summary
LOCAL 2024-02-11 19:03:26 INFO  LocalApp:60 - Added review R1P479XNKT3EIJ to summary
LOCAL 2024-02-11 19:03:26 INFO  LocalApp:60 - Added review RJ2CXFFX2K8BE to summary
LOCAL 2024-02-11 19:03:26 INFO  LocalApp:60 - Added review R2VO9722XBBVTH to summary
LOCAL 2024-02-11 19:03:26 INFO  LocalApp:60 - Added review R3V3U3DQHMG8WJ to summary
LOCAL 2024-02-11 19:03:26 INFO  LocalApp:60 - Added review R1ZLQJZEJT8SI8 to summary
LOCAL 2024-02-11 19:03:26 INFO  LocalApp:60 - Added review RB9QK3F6SUQPU to summary
LOCAL 2024-02-11 19:03:26 INFO  LocalApp:60 - Added review RIY7QWC9HDQA7 to summary
LOCAL 2024-02-11 19:03:26 INFO  LocalApp:60 - Added review R31DYT53JJ16KJ to summary
LOCAL 2024-02-11 19:03:26 INFO  LocalApp:60 - Added review R2GXX215IFPZ3N to summary
LOCAL 2024-02-11 19:03:26 INFO  LocalApp:60 - Added review R2KWAYD53HAYPB to summary
LOCAL 2024-02-11 19:03:26 INFO  LocalApp:60 - Added review R328UU7JAUKED6 to summary
LOCAL 2024-02-11 19:03:26 INFO  LocalApp:60 - Added review R2A07MGHS6BKPV to summary
LOCAL 2024-02-11 19:03:26 INFO  LocalApp:60 - Added review RUFEWOIGBV8EI to summary
LOCAL 2024-02-11 19:03:26 INFO  LocalApp:60 - Added review R2R3VHZOBOKHH3 to summary
LOCAL 2024-02-11 19:03:26 INFO  LocalApp:60 - Added review R2RX0V0CUTYB31 to summary
LOCAL 2024-02-11 19:03:26 INFO  LocalApp:60 - Added review R245Y0C7S97L7T to summary
LOCAL 2024-02-11 19:03:26 INFO  LocalApp:60 - Added review R1N41681HILU4W to summary
LOCAL 2024-02-11 19:03:26 INFO  LocalApp:60 - Added review RRVABOFF48FXY to summary
LOCAL 2024-02-11 19:03:26 INFO  LocalApp:60 - Added review R1XXQOJODHPRLQ to summary
LOCAL 2024-02-11 19:03:26 INFO  LocalApp:60 - Added review R38ARJN8DX67EM to summary
LOCAL 2024-02-11 19:03:26 INFO  LocalApp:60 - Added review R10MKQ12AA3GZ1 to summary
LOCAL 2024-02-11 19:03:26 INFO  LocalApp:60 - Added review RF7T03L50TV2Y to summary
LOCAL 2024-02-11 19:03:26 INFO  LocalApp:60 - Added review R3IV1HXD6GE9OL to summary
LOCAL 2024-02-11 19:03:26 INFO  LocalApp:60 - Added review R2K5E7GXYJB2OD to summary
LOCAL 2024-02-11 19:03:26 INFO  LocalApp:60 - Added review R184ZQAE6OMSMN to summary
LOCAL 2024-02-11 19:03:26 INFO  LocalApp:60 - Added review R303SDL05XV8Z3 to summary
LOCAL 2024-02-11 19:03:26 INFO  LocalApp:60 - Added review RSNQBZ6FHJE7F to summary
LOCAL 2024-02-11 19:03:26 INFO  LocalApp:60 - Added review RK50KAQ31GOFC to summary
LOCAL 2024-02-11 19:03:26 INFO  LocalApp:60 - Added review R3U0AGCN0XLFYW to summary
LOCAL 2024-02-11 19:03:26 INFO  LocalApp:60 - Added review R33DK4T6EHUIHX to summary
LOCAL 2024-02-11 19:03:26 INFO  LocalApp:60 - Added review R3AKCQ54R1VBKF to summary
LOCAL 2024-02-11 19:03:26 INFO  LocalApp:60 - Added review R1SY90KME52LDP to summary
LOCAL 2024-02-11 19:03:26 INFO  LocalApp:60 - Added review R2P158DY9PQIDC to summary
LOCAL 2024-02-11 19:03:26 INFO  LocalApp:60 - Added review R2UDAI0FVZ4EDB to summary
LOCAL 2024-02-11 19:03:26 INFO  LocalApp:60 - Added review R2M9GCGH0QS9ER to summary
LOCAL 2024-02-11 19:03:26 INFO  LocalApp:60 - Added review RBR7K0M0AIKP2 to summary
LOCAL 2024-02-11 19:03:26 INFO  LocalApp:60 - Added review R3L5XD2VWY235I to summary
LOCAL 2024-02-11 19:03:26 INFO  LocalApp:60 - Added review R3J828Q50RECVC to summary
LOCAL 2024-02-11 19:03:26 INFO  LocalApp:60 - Added review R3MRIY8FUDOYHU to summary
LOCAL 2024-02-11 19:03:26 INFO  LocalApp:60 - Added review R258G8Q2170M2E to summary
LOCAL 2024-02-11 19:03:26 INFO  LocalApp:60 - Added review R1ICW84S7FXWNG to summary
LOCAL 2024-02-11 19:03:26 INFO  LocalApp:60 - Added review R3LO89TKI1MVMC to summary
LOCAL 2024-02-11 19:03:26 INFO  LocalApp:60 - Added review R32WHQ5RO4KXKA to summary
LOCAL 2024-02-11 19:03:26 INFO  LocalApp:60 - Added review R3SDBMO8XQ0NHI to summary
LOCAL 2024-02-11 19:03:26 INFO  LocalApp:60 - Added review R2XDMQSSSSPDG to summary
LOCAL 2024-02-11 19:03:26 INFO  LocalApp:60 - Added review R10353KY5U9CAL to summary
LOCAL 2024-02-11 19:03:26 INFO  LocalApp:60 - Added review R25H46GOTV1I49 to summary
LOCAL 2024-02-11 19:03:26 INFO  LocalApp:60 - Added review RJPL8KXN348NY to summary
LOCAL 2024-02-11 19:03:26 INFO  LocalApp:60 - Added review R3QO2P0VJD176Y to summary
LOCAL 2024-02-11 19:03:26 INFO  LocalApp:60 - Added review R198LJWE0I81WG to summary
LOCAL 2024-02-11 19:03:26 INFO  LocalApp:60 - Added review R1HX86XI7IT66N to summary
LOCAL 2024-02-11 19:03:26 INFO  LocalApp:60 - Added review R3235FJT906SDO to summary
LOCAL 2024-02-11 19:03:26 INFO  LocalApp:60 - Added review R32KCC7AJYM6QS to summary
LOCAL 2024-02-11 19:03:26 INFO  LocalApp:60 - Added review R16N2ZAZ9E7U7B to summary
LOCAL 2024-02-11 19:03:26 INFO  LocalApp:60 - Added review R1CTX55K0AYC6Y to summary
LOCAL 2024-02-11 19:03:26 INFO  LocalApp:60 - Added review R1CWBOPMHGTPRH to summary
LOCAL 2024-02-11 19:03:26 INFO  LocalApp:60 - Added review R1IHIM75XZ15TC to summary
LOCAL 2024-02-11 19:03:26 INFO  LocalApp:60 - Added review R3G3Z95G1OODFS to summary
LOCAL 2024-02-11 19:03:26 INFO  LocalApp:60 - Added review RS5OGCLDYYGOZ to summary
LOCAL 2024-02-11 19:03:26 INFO  LocalApp:60 - Added review RYLQNFZAY1UCH to summary
LOCAL 2024-02-11 19:03:26 INFO  LocalApp:60 - Added review R3D94WHWZRMCTU to summary
LOCAL 2024-02-11 19:03:26 INFO  LocalApp:60 - Added review RSGEELAPJ320R to summary
LOCAL 2024-02-11 19:03:26 INFO  LocalApp:60 - Added review R37BJSTWUYTPC4 to summary
LOCAL 2024-02-11 19:03:26 INFO  LocalApp:60 - Added review RMGDFVGSB1T06 to summary
LOCAL 2024-02-11 19:03:26 INFO  LocalApp:60 - Added review R20MDI3S8QMGT4 to summary
LOCAL 2024-02-11 19:03:26 INFO  LocalApp:60 - Added review R137VQHXSUZ6XR to summary
LOCAL 2024-02-11 19:03:26 INFO  LocalApp:60 - Added review RLLZSA03AB82N to summary
LOCAL 2024-02-11 19:03:26 INFO  LocalApp:60 - Added review R3GAPLTWQLTQPB to summary
LOCAL 2024-02-11 19:03:26 INFO  LocalApp:60 - Added review R12FNAFF3HU47X to summary
LOCAL 2024-02-11 19:03:26 INFO  LocalApp:60 - Added review R1KB8SMBCGS3LN to summary
LOCAL 2024-02-11 19:03:26 INFO  LocalApp:60 - Added review R3U6JNVKKLKT23 to summary
LOCAL 2024-02-11 19:03:26 INFO  LocalApp:60 - Added review RN5LOLJWE1LM9 to summary
LOCAL 2024-02-11 19:03:26 INFO  LocalApp:60 - Added review R1QO0739NKZT64 to summary
LOCAL 2024-02-11 19:03:26 INFO  LocalApp:60 - Added review R1UERI590KMF1S to summary
LOCAL 2024-02-11 19:03:26 INFO  LocalApp:60 - Added review R258PTZJ3U5I1Z to summary
LOCAL 2024-02-11 19:03:26 INFO  LocalApp:60 - Added review R3DLKE1DPQKKHY to summary
LOCAL 2024-02-11 19:03:26 INFO  LocalApp:60 - Added review R33SW6AMDKTSB8 to summary
LOCAL 2024-02-11 19:03:26 INFO  LocalApp:60 - Added review R2EN1XAV1FADJ0 to summary
LOCAL 2024-02-11 19:03:26 INFO  LocalApp:60 - Added review R3FZE813LOV0F7 to summary
LOCAL 2024-02-11 19:03:26 INFO  LocalApp:60 - Added review R3HMWXSKKSSTEY to summary
LOCAL 2024-02-11 19:03:26 INFO  LocalApp:60 - Added review R3RLX7Y80I0FZ8 to summary
LOCAL 2024-02-11 19:03:26 INFO  LocalApp:60 - Added review R2N3LRVO6RQZQD to summary
LOCAL 2024-02-11 19:03:26 INFO  LocalApp:60 - Added review RQWPIYS6Y0XQW to summary
LOCAL 2024-02-11 19:03:26 INFO  LocalApp:60 - Added review R1U56NAOWA05QF to summary
LOCAL 2024-02-11 19:03:26 INFO  LocalApp:60 - Added review R1PSPFNN42EI57 to summary
LOCAL 2024-02-11 19:03:26 INFO  LocalApp:60 - Added review RDHIMDMVULW4U to summary
LOCAL 2024-02-11 19:03:26 INFO  LocalApp:60 - Added review R2RDWGODRS8G1G to summary
LOCAL 2024-02-11 19:03:26 INFO  LocalApp:60 - Added review RMA4EPV3X1PCE to summary
LOCAL 2024-02-11 19:03:26 INFO  LocalApp:60 - Added review R1Y0AEEBILEI4T to summary
LOCAL 2024-02-11 19:03:26 INFO  LocalApp:60 - Added review RKGESVRQIU9QR to summary
LOCAL 2024-02-11 19:03:26 INFO  LocalApp:60 - Added review R25OY7C5TO11CA to summary
LOCAL 2024-02-11 19:03:26 INFO  LocalApp:60 - Added review R2VOB9HQVVBKCE to summary
LOCAL 2024-02-11 19:03:26 INFO  LocalApp:60 - Added review R2BKVRLR3QS30L to summary
LOCAL 2024-02-11 19:03:26 INFO  LocalApp:60 - Added review R3KUG35W8EC0Y4 to summary
LOCAL 2024-02-11 19:03:26 INFO  LocalApp:60 - Added review R3UTL9MIT7DH3R to summary
LOCAL 2024-02-11 19:03:26 INFO  LocalApp:60 - Added review R15ISW7QF1DTTP to summary
LOCAL 2024-02-11 19:03:26 INFO  LocalApp:60 - Added review R3P2KOXRF7Z400 to summary
LOCAL 2024-02-11 19:03:26 INFO  LocalApp:60 - Added review RDJ2LZRJ4K0V to summary
LOCAL 2024-02-11 19:03:26 INFO  LocalApp:60 - Added review R2LCGBRGELP5J4 to summary
LOCAL 2024-02-11 19:03:26 INFO  LocalApp:60 - Added review R3U0VNJAUVG281 to summary
LOCAL 2024-02-11 19:03:26 INFO  LocalApp:60 - Added review R3U8LH70648WQ6 to summary
LOCAL 2024-02-11 19:03:26 INFO  LocalApp:60 - Added review RAC53O9YPB7Q1 to summary
LOCAL 2024-02-11 19:03:26 INFO  LocalApp:60 - Added review R3GRQ222IYDXZI to summary
LOCAL 2024-02-11 19:03:26 INFO  LocalApp:60 - Added review R364IZ0KABIJXV to summary
LOCAL 2024-02-11 19:03:26 INFO  LocalApp:60 - Added review R1EXE1UIVEM18S to summary
LOCAL 2024-02-11 19:03:26 INFO  LocalApp:60 - Added review R2NS4J2WULUMZN to summary
LOCAL 2024-02-11 19:03:26 INFO  LocalApp:60 - Added review RDIAD7W7ZA43O to summary
LOCAL 2024-02-11 19:03:26 INFO  LocalApp:60 - Added review R1VTXNBJFZDOIL to summary
LOCAL 2024-02-11 19:03:26 INFO  LocalApp:60 - Added review R997CY49ISPL8 to summary
LOCAL 2024-02-11 19:03:26 INFO  LocalApp:60 - Added review R1A5I1W7YNP8ZT to summary
LOCAL 2024-02-11 19:03:26 INFO  LocalApp:60 - Added review R31XNE83I72XBE to summary
LOCAL 2024-02-11 19:03:26 INFO  LocalApp:60 - Added review R26HIKXDKUTC5E to summary
LOCAL 2024-02-11 19:03:26 INFO  LocalApp:60 - Added review R224KK65ZQ71JI to summary
LOCAL 2024-02-11 19:03:26 INFO  LocalApp:60 - Added review R2EVW6A92DMNU3 to summary
LOCAL 2024-02-11 19:03:26 INFO  LocalApp:60 - Added review R1QVQNXDLSULDY to summary
LOCAL 2024-02-11 19:03:26 INFO  LocalApp:60 - Added review RB2CL5OT7XQ0Z to summary
LOCAL 2024-02-11 19:03:26 INFO  LocalApp:60 - Added review R5FANPEOSQMIA to summary
LOCAL 2024-02-11 19:03:26 INFO  LocalApp:60 - Added review R1DZNZJRG2M25K to summary
LOCAL 2024-02-11 19:03:26 INFO  LocalApp:60 - Added review RM90411MKGVD1 to summary
LOCAL 2024-02-11 19:03:26 INFO  LocalApp:60 - Added review R3TUW9VPWRZ418 to summary
LOCAL 2024-02-11 19:03:26 INFO  LocalApp:60 - Added review R4P13V3C24PFB to summary
LOCAL 2024-02-11 19:03:26 INFO  LocalApp:60 - Added review R1BSSMCFE9A1N3 to summary
LOCAL 2024-02-11 19:03:26 INFO  LocalApp:60 - Added review R11ZD8ST2J0QFD to summary
LOCAL 2024-02-11 19:03:26 INFO  LocalApp:60 - Added review R15RC5VD0SZYCR to summary
LOCAL 2024-02-11 19:03:26 INFO  LocalApp:60 - Added review R3QKBFRYMJTRC8 to summary
LOCAL 2024-02-11 19:03:26 INFO  LocalApp:60 - Added review R10EF878FZZTJ6 to summary
LOCAL 2024-02-11 19:03:26 INFO  LocalApp:60 - Added review RB4ZPD9DRFAL5 to summary
LOCAL 2024-02-11 19:03:26 INFO  LocalApp:60 - Added review R1UK1GMJGTLRKW to summary
LOCAL 2024-02-11 19:03:26 INFO  LocalApp:60 - Added review RUE7FGTOI9NY3 to summary
LOCAL 2024-02-11 19:03:26 INFO  LocalApp:60 - Added review R1US3F0Y6DGS85 to summary
LOCAL 2024-02-11 19:03:26 INFO  LocalApp:60 - Added review R27JHP2U1QDKWK to summary
LOCAL 2024-02-11 19:03:26 INFO  LocalApp:60 - Added review R3XAGXP4EUF1Y to summary
LOCAL 2024-02-11 19:03:26 INFO  LocalApp:60 - Added review RY923Q1Q9UQU9 to summary
LOCAL 2024-02-11 19:03:26 INFO  LocalApp:60 - Added review R1H1UBQZ2JUMRC to summary
LOCAL 2024-02-11 19:03:26 INFO  LocalApp:60 - Added review R3EI5HH6KG05SC to summary
LOCAL 2024-02-11 19:03:26 INFO  LocalApp:60 - Added review RUWAA0T4YDPW to summary
LOCAL 2024-02-11 19:03:26 INFO  LocalApp:60 - Added review R3PBKOK6X3ON71 to summary
LOCAL 2024-02-11 19:03:26 INFO  LocalApp:60 - Added review R3UMDZ3JH2JJF8 to summary
LOCAL 2024-02-11 19:03:26 INFO  LocalApp:60 - Added review R3N3E2EB1TIMH0 to summary
LOCAL 2024-02-11 19:03:26 INFO  LocalApp:60 - Added review R3J3FUNMVVKSDI to summary
LOCAL 2024-02-11 19:03:26 INFO  LocalApp:60 - Added review R4XTLZ1J160AS to summary
LOCAL 2024-02-11 19:03:26 INFO  LocalApp:60 - Added review RO9KYZSJ2BZ5X to summary
LOCAL 2024-02-11 19:03:26 INFO  LocalApp:60 - Added review R3MIC1REUBPREZ to summary
LOCAL 2024-02-11 19:03:26 INFO  LocalApp:60 - Added review RXATEQ0QY3GSQ to summary
LOCAL 2024-02-11 19:03:26 INFO  LocalApp:60 - Added review R1DDF96B1EE6L7 to summary
LOCAL 2024-02-11 19:03:26 INFO  LocalApp:60 - Added review R1RBJDPYIRLNFF to summary
LOCAL 2024-02-11 19:03:26 INFO  LocalApp:60 - Added review R1YUTHAP0EFJYN to summary
LOCAL 2024-02-11 19:03:26 INFO  LocalApp:60 - Added review R2MS0PRFQAD19O to summary
LOCAL 2024-02-11 19:03:26 INFO  LocalApp:60 - Added review R1YJC6CW52SVLK to summary
LOCAL 2024-02-11 19:03:26 INFO  LocalApp:60 - Added review R2YGBK02773008 to summary
LOCAL 2024-02-11 19:03:26 INFO  LocalApp:60 - Added review R3DHV2T9Q991V7 to summary
LOCAL 2024-02-11 19:03:26 INFO  LocalApp:60 - Added review RC37DXGZEHSHA to summary
LOCAL 2024-02-11 19:03:26 INFO  LocalApp:60 - Added review R39KHDTJWO6AM2 to summary
LOCAL 2024-02-11 19:03:26 INFO  LocalApp:60 - Added review RX8SCRYAWWSV7 to summary
LOCAL 2024-02-11 19:03:26 INFO  LocalApp:60 - Added review R1WSDH1D79BE9T to summary
LOCAL 2024-02-11 19:03:26 INFO  LocalApp:60 - Added review R367OTNJ8I36FS to summary
LOCAL 2024-02-11 19:03:26 INFO  LocalApp:60 - Added review R3PI0U0KLRMI10 to summary
LOCAL 2024-02-11 19:03:26 INFO  LocalApp:60 - Added review R1UUK5KHMUI1CG to summary
LOCAL 2024-02-11 19:03:26 INFO  LocalApp:60 - Added review R397BO6VWNMMPM to summary
LOCAL 2024-02-11 19:03:26 INFO  LocalApp:60 - Added review R27SGCOMFO1QOO to summary
LOCAL 2024-02-11 19:03:26 INFO  LocalApp:60 - Added review R1CGN6DTV5XTOB to summary
LOCAL 2024-02-11 19:03:26 INFO  LocalApp:60 - Added review R3V239ZPPF0XY3 to summary
LOCAL 2024-02-11 19:03:26 INFO  LocalApp:60 - Added review R964TFJRPFI9F to summary
LOCAL 2024-02-11 19:03:26 INFO  LocalApp:60 - Added review RW6ORU2M3C461 to summary
LOCAL 2024-02-11 19:03:26 INFO  LocalApp:60 - Added review R278QCOETUWQ6E to summary
LOCAL 2024-02-11 19:03:26 INFO  LocalApp:60 - Added review R2ZK1F1GXZ3EFP to summary
LOCAL 2024-02-11 19:03:26 INFO  LocalApp:60 - Added review R1ZT99ABIPKT4L to summary
LOCAL 2024-02-11 19:03:26 INFO  LocalApp:60 - Added review RYBWUKZSF8HKX to summary
LOCAL 2024-02-11 19:03:26 INFO  LocalApp:60 - Added review R989B3XZKUMWT to summary
LOCAL 2024-02-11 19:03:26 INFO  LocalApp:60 - Added review R2U1URCC9FQLR to summary
LOCAL 2024-02-11 19:03:26 INFO  LocalApp:60 - Added review R1Y5AIJUSWVDWZ to summary
LOCAL 2024-02-11 19:03:26 INFO  LocalApp:60 - Added review R3IXCFNAX2D0W to summary
LOCAL 2024-02-11 19:03:26 INFO  LocalApp:60 - Added review ROA2CGC3XYX93 to summary
LOCAL 2024-02-11 19:03:26 INFO  LocalApp:60 - Added review R3Q6GXS0CJ2O8X to summary
LOCAL 2024-02-11 19:03:26 INFO  LocalApp:60 - Added review R3GVDQ21LUIW23 to summary
LOCAL 2024-02-11 19:03:26 INFO  LocalApp:60 - Added review R2Y7JC1QKZ4IK to summary
LOCAL 2024-02-11 19:03:26 INFO  LocalApp:60 - Added review R3FKKM93WZJ9MY to summary
LOCAL 2024-02-11 19:03:26 INFO  LocalApp:60 - Added review R314FSLWJB1BYS to summary
LOCAL 2024-02-11 19:03:26 INFO  LocalApp:60 - Added review RL0I62KX7BQXZ to summary
LOCAL 2024-02-11 19:03:26 INFO  LocalApp:60 - Added review R2CUSAEOO5ZUZY to summary
LOCAL 2024-02-11 19:03:26 INFO  LocalApp:60 - Added review R3D3B5PJY3KJQ to summary
LOCAL 2024-02-11 19:03:26 INFO  LocalApp:60 - Added review R2DVDVKAMIXE50 to summary
LOCAL 2024-02-11 19:03:26 INFO  LocalApp:60 - Added review R2BCQMUKUPMWM0 to summary
LOCAL 2024-02-11 19:03:26 INFO  LocalApp:60 - Added review RL68OW8834BF8 to summary
LOCAL 2024-02-11 19:03:26 INFO  LocalApp:60 - Added review R2JLXP3D723900 to summary
LOCAL 2024-02-11 19:03:26 INFO  LocalApp:60 - Added review RRBY3WCTUWA3M to summary
LOCAL 2024-02-11 19:03:26 INFO  LocalApp:60 - Added review R3K8DJREX80ZAW to summary
LOCAL 2024-02-11 19:03:26 INFO  LocalApp:60 - Added review R38008HTCZI1SM to summary
LOCAL 2024-02-11 19:03:26 INFO  LocalApp:60 - Added review R33DP4LOTRAJV4 to summary
LOCAL 2024-02-11 19:03:26 INFO  LocalApp:60 - Added review R1H00LVI098GS0 to summary
LOCAL 2024-02-11 19:03:26 INFO  LocalApp:60 - Added review R1NWQUW6SGEYHR to summary
LOCAL 2024-02-11 19:03:26 INFO  LocalApp:60 - Added review R8NXGWNYBWK95 to summary
LOCAL 2024-02-11 19:03:26 INFO  LocalApp:69 - Created summary HTML file at output1.html
LOCAL 2024-02-11 19:03:27 INFO  S3Handler:71 - File 9a68b2f3e574d872-summary-0 deleted from S3 bucket sarcasm-analysis-bucket-9a68b2f3e574d872
LOCAL 2024-02-11 19:03:27 INFO  SQSHandler:95 - Deleted message from https://sqs.us-east-1.amazonaws.com/767398090493/managerToLocalQueue-9a68b2f3e574d872
LOCAL 2024-02-11 19:03:27 INFO  LocalApp:130 - Waiting for executor to finish
LOCAL 2024-02-11 19:03:28 INFO  SQSHandler:55 - Queue https://sqs.us-east-1.amazonaws.com/767398090493/managerToLocalQueue-9a68b2f3e574d872 deleted
LOCAL 2024-02-11 19:03:28 INFO  SQSHandler:55 - Queue https://sqs.us-east-1.amazonaws.com/767398090493/localToManagerQueue-9a68b2f3e574d872 deleted
LOCAL 2024-02-11 19:03:29 INFO  S3Handler:86 - S3 bucket sarcasm-analysis-bucket-9a68b2f3e574d872 emptied
LOCAL 2024-02-11 19:03:29 INFO  S3Handler:95 - S3 bucket sarcasm-analysis-bucket-9a68b2f3e574d872 deleted
LOCAL 2024-02-11 19:03:29 INFO  LocalApp:70 - LocalApp finished
