LOCAL 2024-02-11 17:15:43 INFO  LocalApp:32 - LocalApp started with id a4825cb8c760ba5a
LOCAL 2024-02-11 17:15:43 INFO  LocalApp:36 - LocalAppEnv created
LOCAL 2024-02-11 17:15:45 INFO  S3Handler:24 - S3 bucket sarcasm-analysis-bucket-a4825cb8c760ba5a created
LOCAL 2024-02-11 17:15:46 INFO  SQSHandler:19 - Queue localToManagerQueue-a4825cb8c760ba5a created
LOCAL 2024-02-11 17:15:46 INFO  SQSHandler:19 - Queue managerToLocalQueue-a4825cb8c760ba5a created
LOCAL 2024-02-11 17:15:47 INFO  S3Handler:42 - File test-input1.txt uploaded to S3 bucket sarcasm-analysis-bucket-a4825cb8c760ba5a
LOCAL 2024-02-11 17:15:47 INFO  SQSHandler:73 - Sent message to https://sqs.us-east-1.amazonaws.com/767398090493/localToManagerQueue-a4825cb8c760ba5a
LOCAL 2024-02-11 17:15:47 INFO  LocalApp:85 - Sent task to manager: test-input1.txt for inputIndex 0 with 10 reviews per worker
LOCAL 2024-02-11 17:15:48 INFO  EC2Handler:68 - Manager instance i-03ad36a9300428ef2 is running
LOCAL 2024-02-11 17:15:48 INFO  LocalApp:92 - Polling for responses from manager
LOCAL 2024-02-11 17:15:48 INFO  SQSHandler:77 - Polling messages from https://sqs.us-east-1.amazonaws.com/767398090493/managerToLocalQueue-a4825cb8c760ba5a
LOCAL 2024-02-11 17:16:08 INFO  LocalApp:92 - Polling for responses from manager
LOCAL 2024-02-11 17:16:08 INFO  SQSHandler:77 - Polling messages from https://sqs.us-east-1.amazonaws.com/767398090493/managerToLocalQueue-a4825cb8c760ba5a
LOCAL 2024-02-11 17:16:29 INFO  LocalApp:92 - Polling for responses from manager
LOCAL 2024-02-11 17:16:29 INFO  SQSHandler:77 - Polling messages from https://sqs.us-east-1.amazonaws.com/767398090493/managerToLocalQueue-a4825cb8c760ba5a
LOCAL 2024-02-11 17:16:37 INFO  LocalApp:104 - Received response from manager: a4825cb8c760ba5a::done::a4825cb8c760ba5a-summary-0::0
LOCAL 2024-02-11 17:16:37 INFO  LocalApp:26 - LocalAppTask started
LOCAL 2024-02-11 17:16:37 INFO  S3Handler:56 - Downloading file a4825cb8c760ba5a-summary-0 from S3 bucket sarcasm-analysis-bucket-a4825cb8c760ba5a
LOCAL 2024-02-11 17:16:38 INFO  LocalApp:33 - Received summary file from S3
LOCAL 2024-02-11 17:16:38 INFO  LocalApp:60 - Added review RJ62XWHGDIF7 to summary
LOCAL 2024-02-11 17:16:38 INFO  LocalApp:60 - Added review R3DHV2T9Q991V7 to summary
LOCAL 2024-02-11 17:16:38 INFO  LocalApp:60 - Added review RGMH5ROASTBS8 to summary
LOCAL 2024-02-11 17:16:38 INFO  LocalApp:60 - Added review R3GCFAIUL8BI3Y to summary
LOCAL 2024-02-11 17:16:38 INFO  LocalApp:60 - Added review R3V239ZPPF0XY3 to summary
LOCAL 2024-02-11 17:16:38 INFO  LocalApp:60 - Added review RSO743RDYVWTZ to summary
LOCAL 2024-02-11 17:16:38 INFO  LocalApp:60 - Added review R1IKZK5S0DCKZ0 to summary
LOCAL 2024-02-11 17:16:38 INFO  LocalApp:60 - Added review R1RUXYHCSZSHJ0 to summary
LOCAL 2024-02-11 17:16:38 INFO  LocalApp:60 - Added review R3R9QKZ61DMKGF to summary
LOCAL 2024-02-11 17:16:38 INFO  LocalApp:60 - Added review R366N97DLUODS7 to summary
LOCAL 2024-02-11 17:16:38 INFO  LocalApp:60 - Added review R33SW6AMDKTSB8 to summary
LOCAL 2024-02-11 17:16:38 INFO  LocalApp:60 - Added review RW6ORU2M3C461 to summary
LOCAL 2024-02-11 17:16:38 INFO  LocalApp:60 - Added review R33DK4T6EHUIHX to summary
LOCAL 2024-02-11 17:16:38 INFO  LocalApp:60 - Added review R14D3WP6J91DCU to summary
LOCAL 2024-02-11 17:16:38 INFO  LocalApp:60 - Added review R3P2KOXRF7Z400 to summary
LOCAL 2024-02-11 17:16:38 INFO  LocalApp:60 - Added review R367OTNJ8I36FS to summary
LOCAL 2024-02-11 17:16:38 INFO  LocalApp:60 - Added review R3MRIY8FUDOYHU to summary
LOCAL 2024-02-11 17:16:38 INFO  LocalApp:60 - Added review RB9QK3F6SUQPU to summary
LOCAL 2024-02-11 17:16:38 INFO  LocalApp:60 - Added review R8OWCLDI0GGL0 to summary
LOCAL 2024-02-11 17:16:38 INFO  LocalApp:60 - Added review R1L8O7RM8DD6J3 to summary
LOCAL 2024-02-11 17:16:38 INFO  LocalApp:69 - Created summary HTML file at output1.html
LOCAL 2024-02-11 17:16:39 INFO  S3Handler:71 - File a4825cb8c760ba5a-summary-0 deleted from S3 bucket sarcasm-analysis-bucket-a4825cb8c760ba5a
LOCAL 2024-02-11 17:16:39 INFO  SQSHandler:95 - Deleted message from https://sqs.us-east-1.amazonaws.com/767398090493/managerToLocalQueue-a4825cb8c760ba5a
LOCAL 2024-02-11 17:16:39 INFO  LocalApp:130 - Waiting for executor to finish
LOCAL 2024-02-11 17:16:39 INFO  SQSHandler:55 - Queue https://sqs.us-east-1.amazonaws.com/767398090493/managerToLocalQueue-a4825cb8c760ba5a deleted
LOCAL 2024-02-11 17:16:40 INFO  SQSHandler:55 - Queue https://sqs.us-east-1.amazonaws.com/767398090493/localToManagerQueue-a4825cb8c760ba5a deleted
LOCAL 2024-02-11 17:16:40 INFO  S3Handler:86 - S3 bucket sarcasm-analysis-bucket-a4825cb8c760ba5a emptied
LOCAL 2024-02-11 17:16:41 INFO  S3Handler:95 - S3 bucket sarcasm-analysis-bucket-a4825cb8c760ba5a deleted
LOCAL 2024-02-11 17:16:41 INFO  LocalApp:70 - LocalApp finished
