LOCAL 2024-02-12 15:48:09 INFO  LocalApp:32 - LocalApp started with id 9f3cda337dd46fdd
LOCAL 2024-02-12 15:48:09 INFO  LocalApp:35 - LocalAppEnv created
LOCAL 2024-02-12 15:48:11 INFO  S3Handler:24 - S3 bucket sarcasm-analysis-bucket created
LOCAL 2024-02-12 15:48:12 INFO  SQSHandler:19 - Queue localToManagerQueue created
LOCAL 2024-02-12 15:48:12 INFO  SQSHandler:19 - Queue managerToLocalQueue created
LOCAL 2024-02-12 15:48:13 INFO  S3Handler:42 - File test-input3.txt uploaded to S3 bucket sarcasm-analysis-bucket
LOCAL 2024-02-12 15:48:13 INFO  SQSHandler:76 - Sent message to https://sqs.us-east-1.amazonaws.com/767398090493/localToManagerQueue
LOCAL 2024-02-12 15:48:13 INFO  LocalApp:80 - Sent task to manager: test-input3.txt for inputIndex 0 with 1 reviews per worker
LOCAL 2024-02-12 15:48:13 INFO  LocalApp:87 - Polling for responses from manager
LOCAL 2024-02-12 15:48:33 INFO  LocalApp:87 - Polling for responses from manager
LOCAL 2024-02-12 15:48:54 INFO  LocalApp:87 - Polling for responses from manager
LOCAL 2024-02-12 15:49:14 INFO  LocalApp:87 - Polling for responses from manager
LOCAL 2024-02-12 15:49:34 INFO  LocalApp:87 - Polling for responses from manager
LOCAL 2024-02-12 15:49:54 INFO  LocalApp:87 - Polling for responses from manager
LOCAL 2024-02-12 15:50:14 INFO  LocalApp:87 - Polling for responses from manager
LOCAL 2024-02-12 15:50:34 INFO  LocalApp:87 - Polling for responses from manager
LOCAL 2024-02-12 15:50:55 INFO  LocalApp:87 - Polling for responses from manager
LOCAL 2024-02-12 15:51:15 INFO  LocalApp:87 - Polling for responses from manager
LOCAL 2024-02-12 15:51:35 INFO  LocalApp:87 - Polling for responses from manager
LOCAL 2024-02-12 15:51:55 INFO  LocalApp:87 - Polling for responses from manager
LOCAL 2024-02-12 15:52:15 INFO  LocalApp:87 - Polling for responses from manager
LOCAL 2024-02-12 15:52:36 INFO  LocalApp:87 - Polling for responses from manager
LOCAL 2024-02-12 15:52:43 INFO  LocalApp:99 - Received response from manager: 9f3cda337dd46fdd::done::9f3cda337dd46fdd-summary-0::0
LOCAL 2024-02-12 15:52:43 INFO  LocalApp:27 - LocalAppTask started
LOCAL 2024-02-12 15:52:43 INFO  S3Handler:56 - Downloading file 9f3cda337dd46fdd/9f3cda337dd46fdd-summary-0 from S3 bucket sarcasm-analysis-bucket
LOCAL 2024-02-12 15:52:44 INFO  LocalApp:35 - Received summary file from S3
LOCAL 2024-02-12 15:52:44 INFO  LocalApp:64 - Added review RZFIYJTPVUZ94 to summary
LOCAL 2024-02-12 15:52:44 INFO  LocalApp:73 - Created summary HTML file at output3.html
LOCAL 2024-02-12 15:52:44 INFO  SQSHandler:116 - Deleted message from https://sqs.us-east-1.amazonaws.com/767398090493/managerToLocalQueue
LOCAL 2024-02-12 15:52:44 INFO  LocalApp:133 - Waiting for executor to finish
LOCAL 2024-02-12 15:52:44 INFO  LocalApp:138 - Executor finished
LOCAL 2024-02-12 15:52:46 INFO  S3Handler:71 - File 9f3cda337dd46fdd/ deleted from S3 bucket sarcasm-analysis-bucket
LOCAL 2024-02-12 15:52:46 INFO  LocalApp:65 - LocalApp finished
