LOCAL 2024-02-12 10:18:54 INFO  LocalApp:32 - LocalApp started with id b3b11ee3a2e10e3b
LOCAL 2024-02-12 10:18:54 INFO  LocalApp:36 - LocalAppEnv created
LOCAL 2024-02-12 10:18:57 INFO  S3Handler:24 - S3 bucket sarcasm-analysis-bucket-b3b11ee3a2e10e3b created
LOCAL 2024-02-12 10:18:58 INFO  SQSHandler:19 - Queue localToManagerQueue created
LOCAL 2024-02-12 10:18:58 INFO  SQSHandler:19 - Queue managerToLocalQueue created
LOCAL 2024-02-12 10:18:58 INFO  S3Handler:42 - File test-input1.txt uploaded to S3 bucket sarcasm-analysis-bucket-b3b11ee3a2e10e3b
LOCAL 2024-02-12 10:18:58 INFO  SQSHandler:76 - Sent message to https://sqs.us-east-1.amazonaws.com/767398090493/localToManagerQueue
LOCAL 2024-02-12 10:18:58 INFO  LocalApp:79 - Sent task to manager: test-input1.txt for inputIndex 0 with 20 reviews per worker
LOCAL 2024-02-12 10:18:58 INFO  LocalApp:86 - Polling for responses from manager
LOCAL 2024-02-12 10:19:19 INFO  LocalApp:86 - Polling for responses from manager
LOCAL 2024-02-12 10:19:35 INFO  LocalApp:98 - Received response from manager: b3b11ee3a2e10e3b::done::b3b11ee3a2e10e3b-summary-0::0
LOCAL 2024-02-12 10:19:35 INFO  LocalApp:26 - LocalAppTask started
LOCAL 2024-02-12 10:19:35 INFO  S3Handler:56 - Downloading file b3b11ee3a2e10e3b-summary-0 from S3 bucket sarcasm-analysis-bucket-b3b11ee3a2e10e3b
LOCAL 2024-02-12 10:19:36 INFO  LocalApp:33 - Received summary file from S3
LOCAL 2024-02-12 10:19:36 INFO  LocalApp:60 - Added review RJ62XWHGDIF7 to summary
LOCAL 2024-02-12 10:19:36 INFO  LocalApp:60 - Added review R8OWCLDI0GGL0 to summary
LOCAL 2024-02-12 10:19:36 INFO  LocalApp:60 - Added review RSO743RDYVWTZ to summary
LOCAL 2024-02-12 10:19:36 INFO  LocalApp:60 - Added review R33DK4T6EHUIHX to summary
LOCAL 2024-02-12 10:19:36 INFO  LocalApp:60 - Added review R3P2KOXRF7Z400 to summary
LOCAL 2024-02-12 10:19:36 INFO  LocalApp:60 - Added review R14D3WP6J91DCU to summary
LOCAL 2024-02-12 10:19:36 INFO  LocalApp:60 - Added review R3DHV2T9Q991V7 to summary
LOCAL 2024-02-12 10:19:36 INFO  LocalApp:60 - Added review R3R9QKZ61DMKGF to summary
LOCAL 2024-02-12 10:19:36 INFO  LocalApp:60 - Added review R1RUXYHCSZSHJ0 to summary
LOCAL 2024-02-12 10:19:36 INFO  LocalApp:60 - Added review R1IKZK5S0DCKZ0 to summary
LOCAL 2024-02-12 10:19:36 INFO  LocalApp:60 - Added review RGMH5ROASTBS8 to summary
LOCAL 2024-02-12 10:19:36 INFO  LocalApp:60 - Added review R3GCFAIUL8BI3Y to summary
LOCAL 2024-02-12 10:19:36 INFO  LocalApp:60 - Added review R367OTNJ8I36FS to summary
LOCAL 2024-02-12 10:19:36 INFO  LocalApp:60 - Added review R33SW6AMDKTSB8 to summary
LOCAL 2024-02-12 10:19:36 INFO  LocalApp:60 - Added review RW6ORU2M3C461 to summary
LOCAL 2024-02-12 10:19:36 INFO  LocalApp:60 - Added review R1L8O7RM8DD6J3 to summary
LOCAL 2024-02-12 10:19:36 INFO  LocalApp:60 - Added review R3V239ZPPF0XY3 to summary
LOCAL 2024-02-12 10:19:36 INFO  LocalApp:60 - Added review R3MRIY8FUDOYHU to summary
LOCAL 2024-02-12 10:19:36 INFO  LocalApp:60 - Added review RB9QK3F6SUQPU to summary
LOCAL 2024-02-12 10:19:36 INFO  LocalApp:60 - Added review R366N97DLUODS7 to summary
LOCAL 2024-02-12 10:19:36 INFO  LocalApp:69 - Created summary HTML file at output1.html
LOCAL 2024-02-12 10:19:37 INFO  S3Handler:71 - File b3b11ee3a2e10e3b-summary-0 deleted from S3 bucket sarcasm-analysis-bucket-b3b11ee3a2e10e3b
LOCAL 2024-02-12 10:19:37 INFO  SQSHandler:116 - Deleted message from https://sqs.us-east-1.amazonaws.com/767398090493/managerToLocalQueue
LOCAL 2024-02-12 10:19:37 INFO  LocalApp:51 - Sending terminate message to manager
LOCAL 2024-02-12 10:19:37 INFO  SQSHandler:76 - Sent message to https://sqs.us-east-1.amazonaws.com/767398090493/localToManagerQueue
LOCAL 2024-02-12 10:19:37 INFO  LocalApp:134 - Waiting for executor to finish
LOCAL 2024-02-12 10:19:38 INFO  S3Handler:86 - S3 bucket sarcasm-analysis-bucket-b3b11ee3a2e10e3b emptied
LOCAL 2024-02-12 10:19:38 INFO  S3Handler:95 - S3 bucket sarcasm-analysis-bucket-b3b11ee3a2e10e3b deleted
LOCAL 2024-02-12 10:19:38 INFO  LocalApp:64 - LocalApp finished
