LOCAL 2024-02-11 22:04:01 INFO  LocalApp:32 - LocalApp started with id 84c32ca384a50c9e
LOCAL 2024-02-11 22:04:01 INFO  LocalApp:36 - LocalAppEnv created
LOCAL 2024-02-11 22:04:04 INFO  S3Handler:24 - S3 bucket sarcasm-analysis-bucket-84c32ca384a50c9e created
LOCAL 2024-02-11 22:04:04 INFO  SQSHandler:19 - Queue localToManagerQueue-84c32ca384a50c9e created
LOCAL 2024-02-11 22:04:05 INFO  SQSHandler:19 - Queue managerToLocalQueue-84c32ca384a50c9e created
LOCAL 2024-02-11 22:04:06 INFO  S3Handler:42 - File input1.txt uploaded to S3 bucket sarcasm-analysis-bucket-84c32ca384a50c9e
LOCAL 2024-02-11 22:04:06 INFO  SQSHandler:73 - Sent message to https://sqs.us-east-1.amazonaws.com/767398090493/localToManagerQueue-84c32ca384a50c9e
LOCAL 2024-02-11 22:04:06 INFO  LocalApp:85 - Sent task to manager: input1.txt for inputIndex 0 with 400 reviews per worker
LOCAL 2024-02-11 22:04:08 INFO  EC2Handler:68 - Manager instance i-08ecfc7d51e4dd4ea is running
LOCAL 2024-02-11 22:04:08 INFO  LocalApp:92 - Polling for responses from manager
LOCAL 2024-02-11 22:04:28 INFO  LocalApp:92 - Polling for responses from manager
LOCAL 2024-02-11 22:04:48 INFO  LocalApp:92 - Polling for responses from manager
LOCAL 2024-02-11 22:05:08 INFO  LocalApp:92 - Polling for responses from manager
LOCAL 2024-02-11 22:05:28 INFO  LocalApp:92 - Polling for responses from manager
LOCAL 2024-02-11 22:05:48 INFO  LocalApp:92 - Polling for responses from manager
LOCAL 2024-02-11 22:06:09 INFO  LocalApp:92 - Polling for responses from manager
LOCAL 2024-02-11 22:06:29 INFO  LocalApp:92 - Polling for responses from manager
LOCAL 2024-02-11 22:06:49 INFO  LocalApp:92 - Polling for responses from manager
LOCAL 2024-02-11 22:07:09 INFO  LocalApp:92 - Polling for responses from manager
LOCAL 2024-02-11 22:07:29 INFO  LocalApp:92 - Polling for responses from manager
LOCAL 2024-02-11 22:07:49 INFO  LocalApp:92 - Polling for responses from manager
LOCAL 2024-02-11 22:08:09 INFO  LocalApp:92 - Polling for responses from manager
LOCAL 2024-02-11 22:08:33 INFO  LocalApp:92 - Polling for responses from manager
LOCAL 2024-02-11 22:08:54 INFO  LocalApp:92 - Polling for responses from manager
LOCAL 2024-02-11 22:09:14 INFO  LocalApp:92 - Polling for responses from manager
LOCAL 2024-02-11 22:09:35 INFO  LocalApp:92 - Polling for responses from manager
LOCAL 2024-02-11 22:09:55 INFO  LocalApp:92 - Polling for responses from manager
LOCAL 2024-02-11 22:10:16 INFO  LocalApp:92 - Polling for responses from manager
LOCAL 2024-02-11 22:10:36 INFO  LocalApp:92 - Polling for responses from manager
