LOCAL 2024-02-11 14:56:48 INFO  LocalApp:27 - LocalApp started with id 8e996d3a7b16eebd
LOCAL 2024-02-11 14:56:48 INFO  LocalApp:31 - LocalAppEnv created
LOCAL 2024-02-11 14:56:50 INFO  LocalApp:27 - S3 bucket sarcasm-analysis-bucket-8e996d3a7b16eebd created
LOCAL 2024-02-11 14:56:51 INFO  LocalApp:22 - Queue localToManagerQueue-8e996d3a7b16eebd created
LOCAL 2024-02-11 14:56:51 INFO  LocalApp:22 - Queue managerToLocalQueue-8e996d3a7b16eebd created
LOCAL 2024-02-11 14:57:16 INFO  LocalApp:45 - File test-input1.txt uploaded to S3 bucket sarcasm-analysis-bucket-8e996d3a7b16eebd
LOCAL 2024-02-11 14:57:47 INFO  LocalApp:76 - Sent message to https://sqs.us-east-1.amazonaws.com/767398090493/localToManagerQueue-8e996d3a7b16eebd
LOCAL 2024-02-11 14:57:54 INFO  LocalApp:80 - Sent task to manager: test-input1.txt for inputIndex 0 with 20 reviews per worker
LOCAL 2024-02-11 14:58:03 INFO  LocalApp:71 - Manager instance i-08fd1c53dd9126714 is stopped
LOCAL 2024-02-11 14:58:13 INFO  LocalApp:87 - Polling for responses from manager
LOCAL 2024-02-11 14:58:13 INFO  LocalApp:80 - Polling messages from https://sqs.us-east-1.amazonaws.com/767398090493/managerToLocalQueue-8e996d3a7b16eebd
LOCAL 2024-02-11 14:58:33 INFO  LocalApp:87 - Polling for responses from manager
LOCAL 2024-02-11 14:58:33 INFO  LocalApp:80 - Polling messages from https://sqs.us-east-1.amazonaws.com/767398090493/managerToLocalQueue-8e996d3a7b16eebd
LOCAL 2024-02-11 14:58:54 INFO  LocalApp:87 - Polling for responses from manager
LOCAL 2024-02-11 14:58:54 INFO  LocalApp:80 - Polling messages from https://sqs.us-east-1.amazonaws.com/767398090493/managerToLocalQueue-8e996d3a7b16eebd
LOCAL 2024-02-11 14:59:14 INFO  LocalApp:87 - Polling for responses from manager
LOCAL 2024-02-11 14:59:14 INFO  LocalApp:80 - Polling messages from https://sqs.us-east-1.amazonaws.com/767398090493/managerToLocalQueue-8e996d3a7b16eebd
LOCAL 2024-02-11 14:59:34 INFO  LocalApp:87 - Polling for responses from manager
LOCAL 2024-02-11 14:59:34 INFO  LocalApp:80 - Polling messages from https://sqs.us-east-1.amazonaws.com/767398090493/managerToLocalQueue-8e996d3a7b16eebd
LOCAL 2024-02-11 14:59:54 INFO  LocalApp:87 - Polling for responses from manager
LOCAL 2024-02-11 14:59:54 INFO  LocalApp:80 - Polling messages from https://sqs.us-east-1.amazonaws.com/767398090493/managerToLocalQueue-8e996d3a7b16eebd
LOCAL 2024-02-11 15:00:14 INFO  LocalApp:87 - Polling for responses from manager
LOCAL 2024-02-11 15:00:14 INFO  LocalApp:80 - Polling messages from https://sqs.us-east-1.amazonaws.com/767398090493/managerToLocalQueue-8e996d3a7b16eebd
LOCAL 2024-02-11 15:00:34 INFO  LocalApp:87 - Polling for responses from manager
LOCAL 2024-02-11 15:00:34 INFO  LocalApp:80 - Polling messages from https://sqs.us-east-1.amazonaws.com/767398090493/managerToLocalQueue-8e996d3a7b16eebd
