LOCAL 2024-02-12 15:06:58 INFO  LocalApp:32 - LocalApp started with id 94e23d0ef34fe023
LOCAL 2024-02-12 15:06:58 INFO  LocalApp:35 - LocalAppEnv created
LOCAL 2024-02-12 15:07:00 ERROR S3Handler:27 - Your previous request to create the named bucket succeeded and you already own it. (Service: S3, Status Code: 409, Request ID: 1A43STFBCEXEMWF8, Extended Request ID: BGsIGsnf11VTWaAa8HFFkUI3AtCWrOXTGEYKN0R62GiD2Y2deD5XlXhEmveyoUj1fhloib3uPaU=)
LOCAL 2024-02-12 15:07:01 INFO  SQSHandler:19 - Queue localToManagerQueue created
LOCAL 2024-02-12 15:07:01 INFO  SQSHandler:19 - Queue managerToLocalQueue created
LOCAL 2024-02-12 15:07:03 INFO  S3Handler:42 - File input2.txt uploaded to S3 bucket sarcasm-analysis-bucket
LOCAL 2024-02-12 15:07:03 INFO  SQSHandler:76 - Sent message to https://sqs.us-east-1.amazonaws.com/767398090493/localToManagerQueue
LOCAL 2024-02-12 15:07:03 INFO  LocalApp:80 - Sent task to manager: input2.txt for inputIndex 0 with 350 reviews per worker
LOCAL 2024-02-12 15:07:04 INFO  EC2Handler:68 - Manager instance i-05f4be9149d828348 is running
LOCAL 2024-02-12 15:07:04 INFO  LocalApp:87 - Polling for responses from manager
LOCAL 2024-02-12 15:07:24 INFO  LocalApp:87 - Polling for responses from manager
LOCAL 2024-02-12 15:07:44 INFO  LocalApp:87 - Polling for responses from manager
LOCAL 2024-02-12 15:08:05 INFO  LocalApp:87 - Polling for responses from manager
LOCAL 2024-02-12 15:08:25 INFO  LocalApp:87 - Polling for responses from manager
LOCAL 2024-02-12 15:08:45 INFO  LocalApp:87 - Polling for responses from manager
LOCAL 2024-02-12 15:09:05 INFO  LocalApp:87 - Polling for responses from manager
LOCAL 2024-02-12 15:09:25 INFO  LocalApp:87 - Polling for responses from manager
LOCAL 2024-02-12 15:09:45 INFO  LocalApp:87 - Polling for responses from manager
LOCAL 2024-02-12 15:10:06 INFO  LocalApp:87 - Polling for responses from manager
LOCAL 2024-02-12 15:10:26 INFO  LocalApp:87 - Polling for responses from manager
LOCAL 2024-02-12 15:10:46 INFO  LocalApp:87 - Polling for responses from manager
LOCAL 2024-02-12 15:11:06 INFO  LocalApp:87 - Polling for responses from manager
LOCAL 2024-02-12 15:11:27 INFO  LocalApp:87 - Polling for responses from manager
LOCAL 2024-02-12 15:11:47 INFO  LocalApp:87 - Polling for responses from manager
LOCAL 2024-02-12 15:12:07 INFO  LocalApp:87 - Polling for responses from manager
LOCAL 2024-02-12 15:12:27 INFO  LocalApp:87 - Polling for responses from manager
LOCAL 2024-02-12 15:12:47 INFO  LocalApp:87 - Polling for responses from manager
LOCAL 2024-02-12 15:13:08 INFO  LocalApp:87 - Polling for responses from manager
LOCAL 2024-02-12 15:13:28 INFO  LocalApp:87 - Polling for responses from manager
LOCAL 2024-02-12 15:13:48 INFO  LocalApp:87 - Polling for responses from manager
LOCAL 2024-02-12 15:14:08 INFO  LocalApp:87 - Polling for responses from manager
LOCAL 2024-02-12 15:14:28 INFO  LocalApp:87 - Polling for responses from manager
LOCAL 2024-02-12 15:14:48 INFO  LocalApp:87 - Polling for responses from manager
LOCAL 2024-02-12 15:14:56 INFO  LocalApp:99 - Received response from manager: 94e23d0ef34fe023::done::94e23d0ef34fe023-summary-0::0
LOCAL 2024-02-12 15:14:56 INFO  LocalApp:27 - LocalAppTask started
LOCAL 2024-02-12 15:14:56 INFO  S3Handler:56 - Downloading file 94e23d0ef34fe023/94e23d0ef34fe023-summary-0 from S3 bucket sarcasm-analysis-bucket
LOCAL 2024-02-12 15:14:57 INFO  LocalApp:35 - Received summary file from S3
LOCAL 2024-02-12 15:14:57 INFO  LocalApp:64 - Added review R1LO6KREH0DO7C to summary
LOCAL 2024-02-12 15:14:57 INFO  LocalApp:64 - Added review R225MLQF383IP9 to summary
LOCAL 2024-02-12 15:14:57 INFO  LocalApp:64 - Added review R183TPGJF3GM74 to summary
LOCAL 2024-02-12 15:14:57 INFO  LocalApp:64 - Added review RYCEFJV10K560 to summary
LOCAL 2024-02-12 15:14:57 INFO  LocalApp:64 - Added review R3P2J84U84FPPC to summary
LOCAL 2024-02-12 15:14:57 INFO  LocalApp:64 - Added review RLQ519QM2GOKN to summary
LOCAL 2024-02-12 15:14:57 INFO  LocalApp:64 - Added review RVTO9178ITTWI to summary
LOCAL 2024-02-12 15:14:57 INFO  LocalApp:64 - Added review R3KNE6FOKATP4E to summary
LOCAL 2024-02-12 15:14:57 INFO  LocalApp:64 - Added review RPURVNKU8YWTS to summary
LOCAL 2024-02-12 15:14:57 INFO  LocalApp:64 - Added review R32NA4WE4RRV7O to summary
LOCAL 2024-02-12 15:14:57 INFO  LocalApp:64 - Added review R2V5LCNVFQH63H to summary
LOCAL 2024-02-12 15:14:57 INFO  LocalApp:64 - Added review R3O6WOENPE10M7 to summary
LOCAL 2024-02-12 15:14:57 INFO  LocalApp:64 - Added review RYGBQ4TNO87U7 to summary
LOCAL 2024-02-12 15:14:57 INFO  LocalApp:64 - Added review R3KYA1B58ITTGQ to summary
LOCAL 2024-02-12 15:14:57 INFO  LocalApp:64 - Added review RYYBXOLNVCSAA to summary
LOCAL 2024-02-12 15:14:57 INFO  LocalApp:64 - Added review R1LKVHVCF9WG2D to summary
LOCAL 2024-02-12 15:14:57 INFO  LocalApp:64 - Added review R3FZ9XKPAJHGWK to summary
LOCAL 2024-02-12 15:14:57 INFO  LocalApp:64 - Added review R1CDOPSMXKVATP to summary
LOCAL 2024-02-12 15:14:57 INFO  LocalApp:64 - Added review R1J9M9CMH91RG to summary
LOCAL 2024-02-12 15:14:57 INFO  LocalApp:64 - Added review R2JZUX6LR3YMAX to summary
LOCAL 2024-02-12 15:14:57 INFO  LocalApp:64 - Added review R17DL6RPR3AWZR to summary
LOCAL 2024-02-12 15:14:57 INFO  LocalApp:64 - Added review R2NYJVKFJ4NKU5 to summary
LOCAL 2024-02-12 15:14:57 INFO  LocalApp:64 - Added review R1SA1U9TKOD2E2 to summary
LOCAL 2024-02-12 15:14:57 INFO  LocalApp:64 - Added review R3GCQ5GE7CGFVG to summary
LOCAL 2024-02-12 15:14:57 INFO  LocalApp:64 - Added review RYOASE3FEEMQF to summary
LOCAL 2024-02-12 15:14:57 INFO  LocalApp:64 - Added review RZ863ZL7WLRB6 to summary
LOCAL 2024-02-12 15:14:57 INFO  LocalApp:64 - Added review R2TBAXUSYI7CVS to summary
LOCAL 2024-02-12 15:14:57 INFO  LocalApp:64 - Added review R3I9BY0ZH5W75E to summary
LOCAL 2024-02-12 15:14:57 INFO  LocalApp:64 - Added review R1L97WS57EGN33 to summary
LOCAL 2024-02-12 15:14:57 INFO  LocalApp:64 - Added review R37TIRA7FUBA92 to summary
LOCAL 2024-02-12 15:14:57 INFO  LocalApp:64 - Added review R3HQKX62U50021 to summary
LOCAL 2024-02-12 15:14:57 INFO  LocalApp:64 - Added review RGV3LWFFHSF39 to summary
LOCAL 2024-02-12 15:14:57 INFO  LocalApp:64 - Added review R3CFE1BSO8B2NP to summary
LOCAL 2024-02-12 15:14:57 INFO  LocalApp:64 - Added review R3BD8T9FKXTM94 to summary
LOCAL 2024-02-12 15:14:57 INFO  LocalApp:64 - Added review R297KZJPP5KIVI to summary
LOCAL 2024-02-12 15:14:57 INFO  LocalApp:64 - Added review R1ZLTHFSSOGNWB to summary
LOCAL 2024-02-12 15:14:57 INFO  LocalApp:64 - Added review R1WBH7GJ6ZQN0H to summary
LOCAL 2024-02-12 15:14:57 INFO  LocalApp:64 - Added review RQK3XWZASMVG1 to summary
LOCAL 2024-02-12 15:14:57 INFO  LocalApp:64 - Added review R1AC4H1G5X3OM3 to summary
LOCAL 2024-02-12 15:14:57 INFO  LocalApp:64 - Added review R34HMSN4RMOSXX to summary
LOCAL 2024-02-12 15:14:57 INFO  LocalApp:64 - Added review R1M9SJWVZ9I39O to summary
LOCAL 2024-02-12 15:14:57 INFO  LocalApp:64 - Added review R3D8CF7GI13EME to summary
LOCAL 2024-02-12 15:14:57 INFO  LocalApp:64 - Added review R2XG6L81KSWNXG to summary
LOCAL 2024-02-12 15:14:57 INFO  LocalApp:64 - Added review RBPE2D2FFF5ZU to summary
LOCAL 2024-02-12 15:14:57 INFO  LocalApp:64 - Added review R3VOO35O3GEQOY to summary
LOCAL 2024-02-12 15:14:57 INFO  LocalApp:64 - Added review R2WSLWOVAUC256 to summary
LOCAL 2024-02-12 15:14:57 INFO  LocalApp:64 - Added review RFF7D2RYSX90A to summary
LOCAL 2024-02-12 15:14:57 INFO  LocalApp:64 - Added review R2K2WJL3O0QX60 to summary
LOCAL 2024-02-12 15:14:57 INFO  LocalApp:64 - Added review R16NII4O2CTQXH to summary
LOCAL 2024-02-12 15:14:57 INFO  LocalApp:64 - Added review R30ERQ2E10KAMM to summary
LOCAL 2024-02-12 15:14:57 INFO  LocalApp:64 - Added review R18AQ7YXO522HB to summary
LOCAL 2024-02-12 15:14:57 INFO  LocalApp:64 - Added review R2M9GQ7J9AARJF to summary
LOCAL 2024-02-12 15:14:57 INFO  LocalApp:64 - Added review R5PYX2JUYHA2A to summary
LOCAL 2024-02-12 15:14:57 INFO  LocalApp:64 - Added review R38OZTTA0W1INP to summary
LOCAL 2024-02-12 15:14:57 INFO  LocalApp:64 - Added review R1ER3G3LTR7S71 to summary
LOCAL 2024-02-12 15:14:57 INFO  LocalApp:64 - Added review RQ8TUZ6IDTMUZ to summary
LOCAL 2024-02-12 15:14:57 INFO  LocalApp:64 - Added review R5GZ92RJSQ5W7 to summary
LOCAL 2024-02-12 15:14:57 INFO  LocalApp:64 - Added review RI5ZCNMM7AQFF to summary
LOCAL 2024-02-12 15:14:57 INFO  LocalApp:64 - Added review R1TVO3SSA48O63 to summary
LOCAL 2024-02-12 15:14:57 INFO  LocalApp:64 - Added review RYA8G58AGZ0FH to summary
LOCAL 2024-02-12 15:14:57 INFO  LocalApp:64 - Added review R2X93JXNHREHY8 to summary
LOCAL 2024-02-12 15:14:57 INFO  LocalApp:64 - Added review R1PKNUW159WTK5 to summary
LOCAL 2024-02-12 15:14:57 INFO  LocalApp:64 - Added review R2V18MFRC0RYAE to summary
LOCAL 2024-02-12 15:14:57 INFO  LocalApp:64 - Added review R2WOZ9H5W3WWDX to summary
LOCAL 2024-02-12 15:14:57 INFO  LocalApp:64 - Added review R26Y61K9RS9NPV to summary
LOCAL 2024-02-12 15:14:57 INFO  LocalApp:64 - Added review R1ODNMD5CB2CJE to summary
LOCAL 2024-02-12 15:14:57 INFO  LocalApp:64 - Added review R1BTZ4X4HMYMLL to summary
LOCAL 2024-02-12 15:14:57 INFO  LocalApp:64 - Added review R2YVSHU4J58L3A to summary
LOCAL 2024-02-12 15:14:57 INFO  LocalApp:64 - Added review R35TTME01L2RTA to summary
LOCAL 2024-02-12 15:14:57 INFO  LocalApp:64 - Added review R2DLHZH742W51P to summary
LOCAL 2024-02-12 15:14:57 INFO  LocalApp:64 - Added review R17W2EKR19FDC1 to summary
LOCAL 2024-02-12 15:14:57 INFO  LocalApp:64 - Added review R2NBB4XZWXXH8E to summary
LOCAL 2024-02-12 15:14:57 INFO  LocalApp:64 - Added review R1TR2RN3Q6017B to summary
LOCAL 2024-02-12 15:14:57 INFO  LocalApp:64 - Added review R2JGOBVUZ6RUQW to summary
LOCAL 2024-02-12 15:14:57 INFO  LocalApp:64 - Added review RNOV1Z9YGYM7H to summary
LOCAL 2024-02-12 15:14:57 INFO  LocalApp:64 - Added review R1NHGQ3COBPL09 to summary
LOCAL 2024-02-12 15:14:57 INFO  LocalApp:64 - Added review R1XGKP86XPBJ78 to summary
LOCAL 2024-02-12 15:14:57 INFO  LocalApp:64 - Added review R3IPZJF4Z7OHKF to summary
LOCAL 2024-02-12 15:14:57 INFO  LocalApp:64 - Added review R1YIN6TRBDN6E7 to summary
LOCAL 2024-02-12 15:14:57 INFO  LocalApp:64 - Added review RM29R8JV689D4 to summary
LOCAL 2024-02-12 15:14:57 INFO  LocalApp:64 - Added review R248WNDI9KORMN to summary
LOCAL 2024-02-12 15:14:57 INFO  LocalApp:64 - Added review R9NBZ4PQ9JR9K to summary
LOCAL 2024-02-12 15:14:57 INFO  LocalApp:64 - Added review R1UHFNZH1YH4HW to summary
LOCAL 2024-02-12 15:14:57 INFO  LocalApp:64 - Added review R31CKECGRZINVZ to summary
LOCAL 2024-02-12 15:14:57 INFO  LocalApp:64 - Added review R198S9JCR8HBTP to summary
LOCAL 2024-02-12 15:14:57 INFO  LocalApp:64 - Added review R35P822BAW0TEW to summary
LOCAL 2024-02-12 15:14:57 INFO  LocalApp:64 - Added review R19ARZ9IWQW9TZ to summary
LOCAL 2024-02-12 15:14:57 INFO  LocalApp:64 - Added review R2IMP0Y4PYSN4H to summary
LOCAL 2024-02-12 15:14:57 INFO  LocalApp:64 - Added review R296GKIHV67WP3 to summary
LOCAL 2024-02-12 15:14:57 INFO  LocalApp:64 - Added review RP1Q8KK6ZJAK0 to summary
LOCAL 2024-02-12 15:14:57 INFO  LocalApp:64 - Added review R145R0X7OOR111 to summary
LOCAL 2024-02-12 15:14:57 INFO  LocalApp:64 - Added review R2YYX5Y0UECYHM to summary
LOCAL 2024-02-12 15:14:57 INFO  LocalApp:64 - Added review R3DPJ1Z51D8F97 to summary
LOCAL 2024-02-12 15:14:57 INFO  LocalApp:64 - Added review R3GB834FUHFBLJ to summary
LOCAL 2024-02-12 15:14:57 INFO  LocalApp:64 - Added review R2GOJ9HURVXPEL to summary
LOCAL 2024-02-12 15:14:57 INFO  LocalApp:64 - Added review R716FIYPFIADE to summary
LOCAL 2024-02-12 15:14:57 INFO  LocalApp:64 - Added review R2NDFHW34UATFJ to summary
LOCAL 2024-02-12 15:14:57 INFO  LocalApp:64 - Added review R2UCGMCJJSZACG to summary
LOCAL 2024-02-12 15:14:57 INFO  LocalApp:64 - Added review R1X01FR3HZGMMQ to summary
LOCAL 2024-02-12 15:14:57 INFO  LocalApp:64 - Added review R3VJ2TR1IOIG60 to summary
LOCAL 2024-02-12 15:14:57 INFO  LocalApp:64 - Added review R1O4CEQC6ML81G to summary
LOCAL 2024-02-12 15:14:57 INFO  LocalApp:64 - Added review R2AULTY7GVDVP0 to summary
LOCAL 2024-02-12 15:14:57 INFO  LocalApp:64 - Added review R2UX54V1DRPOH1 to summary
LOCAL 2024-02-12 15:14:57 INFO  LocalApp:64 - Added review R2OJAJRDONJ956 to summary
LOCAL 2024-02-12 15:14:57 INFO  LocalApp:64 - Added review R2GYD3QAS9GIU4 to summary
LOCAL 2024-02-12 15:14:57 INFO  LocalApp:64 - Added review R2IT194E9FMSXY to summary
LOCAL 2024-02-12 15:14:57 INFO  LocalApp:64 - Added review RTZXY5K58OTS3 to summary
LOCAL 2024-02-12 15:14:57 INFO  LocalApp:64 - Added review R4IW6YDAJEVH9 to summary
LOCAL 2024-02-12 15:14:57 INFO  LocalApp:64 - Added review R1266STJW192AU to summary
LOCAL 2024-02-12 15:14:57 INFO  LocalApp:64 - Added review R3SMC951SELPWG to summary
LOCAL 2024-02-12 15:14:57 INFO  LocalApp:64 - Added review R2RF78R3BRL33K to summary
LOCAL 2024-02-12 15:14:57 INFO  LocalApp:64 - Added review R24K2YEHAKPCC7 to summary
LOCAL 2024-02-12 15:14:57 INFO  LocalApp:64 - Added review R2I4MYU1IT5IJ to summary
LOCAL 2024-02-12 15:14:57 INFO  LocalApp:64 - Added review R30I9X1GIK2UAJ to summary
LOCAL 2024-02-12 15:14:57 INFO  LocalApp:64 - Added review RJUE2YU7GO1SO to summary
LOCAL 2024-02-12 15:14:57 INFO  LocalApp:64 - Added review R29FH56TPJ9DV7 to summary
LOCAL 2024-02-12 15:14:57 INFO  LocalApp:64 - Added review R2WNE7SOM1LQUD to summary
LOCAL 2024-02-12 15:14:57 INFO  LocalApp:64 - Added review R3A44ZN69S3ISH to summary
LOCAL 2024-02-12 15:14:57 INFO  LocalApp:64 - Added review R23NHHCGDUYDW to summary
LOCAL 2024-02-12 15:14:57 INFO  LocalApp:64 - Added review R2Q4VX34VKZ5OM to summary
LOCAL 2024-02-12 15:14:57 INFO  LocalApp:64 - Added review R2CC6E5DL952U6 to summary
LOCAL 2024-02-12 15:14:57 INFO  LocalApp:64 - Added review R5X3IGR682CFK to summary
LOCAL 2024-02-12 15:14:57 INFO  LocalApp:64 - Added review R3C9II3W87987H to summary
LOCAL 2024-02-12 15:14:57 INFO  LocalApp:64 - Added review RY9H7J59QQ7PJ to summary
LOCAL 2024-02-12 15:14:57 INFO  LocalApp:64 - Added review R1ZQT8HRYPPAL1 to summary
LOCAL 2024-02-12 15:14:57 INFO  LocalApp:64 - Added review R3APFHFY3OCT2F to summary
LOCAL 2024-02-12 15:14:57 INFO  LocalApp:64 - Added review R27G76ZPUBZAYU to summary
LOCAL 2024-02-12 15:14:57 INFO  LocalApp:64 - Added review R2C5LGQ61KIEO0 to summary
LOCAL 2024-02-12 15:14:57 INFO  LocalApp:64 - Added review R1E0B4BSATMDLF to summary
LOCAL 2024-02-12 15:14:57 INFO  LocalApp:64 - Added review R32ONNVRE6KH31 to summary
LOCAL 2024-02-12 15:14:57 INFO  LocalApp:64 - Added review R17PU9QKZ8VPJ9 to summary
LOCAL 2024-02-12 15:14:57 INFO  LocalApp:64 - Added review R2YU28TN6F9LK to summary
LOCAL 2024-02-12 15:14:57 INFO  LocalApp:64 - Added review R19UZIIX87DUSA to summary
LOCAL 2024-02-12 15:14:57 INFO  LocalApp:64 - Added review R3OONWNYEZ0WC6 to summary
LOCAL 2024-02-12 15:14:57 INFO  LocalApp:64 - Added review R2AQ1ZCFRIDCAZ to summary
LOCAL 2024-02-12 15:14:57 INFO  LocalApp:64 - Added review RKMS4JRDEKXAS to summary
LOCAL 2024-02-12 15:14:57 INFO  LocalApp:64 - Added review R2AAXV4515O3UD to summary
LOCAL 2024-02-12 15:14:57 INFO  LocalApp:64 - Added review RFNQW6G1BP2VW to summary
LOCAL 2024-02-12 15:14:57 INFO  LocalApp:64 - Added review R5YV6JHKBGA0G to summary
LOCAL 2024-02-12 15:14:57 INFO  LocalApp:64 - Added review R1DZKWS33WWLWK to summary
LOCAL 2024-02-12 15:14:57 INFO  LocalApp:64 - Added review RI9CMCQKXE0OD to summary
LOCAL 2024-02-12 15:14:57 INFO  LocalApp:64 - Added review R22R8AUXBWUT1N to summary
LOCAL 2024-02-12 15:14:57 INFO  LocalApp:64 - Added review R3TOUV3S3TEWJV to summary
LOCAL 2024-02-12 15:14:57 INFO  LocalApp:64 - Added review R24NB9FEZVVL4O to summary
LOCAL 2024-02-12 15:14:57 INFO  LocalApp:64 - Added review RVC430084EWAT to summary
LOCAL 2024-02-12 15:14:57 INFO  LocalApp:64 - Added review R13DWX82BJFWVM to summary
LOCAL 2024-02-12 15:14:57 INFO  LocalApp:64 - Added review R3OZIWII588595 to summary
LOCAL 2024-02-12 15:14:57 INFO  LocalApp:64 - Added review RA2BV6MNW6H4P to summary
LOCAL 2024-02-12 15:14:57 INFO  LocalApp:64 - Added review R2B1BKEQE1SN36 to summary
LOCAL 2024-02-12 15:14:57 INFO  LocalApp:64 - Added review RZ0RLDVJBNXG0 to summary
LOCAL 2024-02-12 15:14:57 INFO  LocalApp:64 - Added review R2A4MRXOK6OK3C to summary
LOCAL 2024-02-12 15:14:57 INFO  LocalApp:64 - Added review R2AXHZPASOMOIK to summary
LOCAL 2024-02-12 15:14:57 INFO  LocalApp:64 - Added review R206D81KTHBV9X to summary
LOCAL 2024-02-12 15:14:57 INFO  LocalApp:64 - Added review R9VWEW7889P7Y to summary
LOCAL 2024-02-12 15:14:57 INFO  LocalApp:64 - Added review R1IUA35Y37GCST to summary
LOCAL 2024-02-12 15:14:57 INFO  LocalApp:64 - Added review R2K667JRI5Y6T9 to summary
LOCAL 2024-02-12 15:14:57 INFO  LocalApp:64 - Added review R2H8I2J8S3EKBD to summary
LOCAL 2024-02-12 15:14:57 INFO  LocalApp:64 - Added review RXY6J59YCD4Y9 to summary
LOCAL 2024-02-12 15:14:57 INFO  LocalApp:64 - Added review R1UZHYS78G9BJQ to summary
LOCAL 2024-02-12 15:14:57 INFO  LocalApp:64 - Added review R7B4KD4PDTPLL to summary
LOCAL 2024-02-12 15:14:57 INFO  LocalApp:64 - Added review RB5LI29VWDK0F to summary
LOCAL 2024-02-12 15:14:57 INFO  LocalApp:64 - Added review R1VH2SIAF3DBAH to summary
LOCAL 2024-02-12 15:14:57 INFO  LocalApp:64 - Added review R3UZPD8PIOB639 to summary
LOCAL 2024-02-12 15:14:57 INFO  LocalApp:64 - Added review R3MUYOT9NNN95A to summary
LOCAL 2024-02-12 15:14:57 INFO  LocalApp:64 - Added review R24289NXIN1HSM to summary
LOCAL 2024-02-12 15:14:57 INFO  LocalApp:64 - Added review R3785VDMIX17Q5 to summary
LOCAL 2024-02-12 15:14:57 INFO  LocalApp:64 - Added review R148ODUBECNMP6 to summary
LOCAL 2024-02-12 15:14:57 INFO  LocalApp:64 - Added review R1BF5GUVE02107 to summary
LOCAL 2024-02-12 15:14:57 INFO  LocalApp:64 - Added review R25Z5IPKQQBRQN to summary
LOCAL 2024-02-12 15:14:57 INFO  LocalApp:64 - Added review R1GOML3G4KYXBJ to summary
LOCAL 2024-02-12 15:14:57 INFO  LocalApp:64 - Added review R2V10FE7PLM835 to summary
LOCAL 2024-02-12 15:14:57 INFO  LocalApp:64 - Added review R2S5QAXPI9SN2N to summary
LOCAL 2024-02-12 15:14:57 INFO  LocalApp:64 - Added review R1R0BIOPYLKIJQ to summary
LOCAL 2024-02-12 15:14:57 INFO  LocalApp:64 - Added review R4F0PVX3L9AUJ to summary
LOCAL 2024-02-12 15:14:57 INFO  LocalApp:64 - Added review R3KHL1RAN2MAYM to summary
LOCAL 2024-02-12 15:14:57 INFO  LocalApp:64 - Added review R1CKE9Q64Z7CZC to summary
LOCAL 2024-02-12 15:14:57 INFO  LocalApp:64 - Added review R1V0J5CNK3H94W to summary
LOCAL 2024-02-12 15:14:57 INFO  LocalApp:64 - Added review R229D11Q705WJH to summary
LOCAL 2024-02-12 15:14:57 INFO  LocalApp:64 - Added review R14GMZORT9KMN8 to summary
LOCAL 2024-02-12 15:14:57 INFO  LocalApp:64 - Added review REIA502IX274J to summary
LOCAL 2024-02-12 15:14:57 INFO  LocalApp:64 - Added review R2YRLW9TX4VBVZ to summary
LOCAL 2024-02-12 15:14:57 INFO  LocalApp:64 - Added review R3BYJDZUHVQSTH to summary
LOCAL 2024-02-12 15:14:57 INFO  LocalApp:64 - Added review R2DW4G59VTIKLS to summary
LOCAL 2024-02-12 15:14:57 INFO  LocalApp:64 - Added review R157KFECQL28DL to summary
LOCAL 2024-02-12 15:14:57 INFO  LocalApp:64 - Added review R3TNVUIIDECEM2 to summary
LOCAL 2024-02-12 15:14:57 INFO  LocalApp:64 - Added review RMWWN2CXUZENY to summary
LOCAL 2024-02-12 15:14:57 INFO  LocalApp:64 - Added review R2S94RRX9MKR2R to summary
LOCAL 2024-02-12 15:14:57 INFO  LocalApp:64 - Added review R3NRKRFO56FRPK to summary
LOCAL 2024-02-12 15:14:57 INFO  LocalApp:64 - Added review R3CCJUR9ZFW1D1 to summary
LOCAL 2024-02-12 15:14:57 INFO  LocalApp:64 - Added review R3E9BL98WUW7RG to summary
LOCAL 2024-02-12 15:14:57 INFO  LocalApp:64 - Added review R2RHRCIOJVDZBS to summary
LOCAL 2024-02-12 15:14:57 INFO  LocalApp:64 - Added review R6QUYS14N548B to summary
LOCAL 2024-02-12 15:14:57 INFO  LocalApp:64 - Added review R4C1F7UFVM4P1 to summary
LOCAL 2024-02-12 15:14:57 INFO  LocalApp:64 - Added review R28UPRD10VDSOA to summary
LOCAL 2024-02-12 15:14:57 INFO  LocalApp:64 - Added review R324EUIJM66K3P to summary
LOCAL 2024-02-12 15:14:57 INFO  LocalApp:64 - Added review R3KLQZW5AZWTMA to summary
LOCAL 2024-02-12 15:14:57 INFO  LocalApp:64 - Added review R3IAKDAA10WTOP to summary
LOCAL 2024-02-12 15:14:57 INFO  LocalApp:64 - Added review R3NBJU7JBG0Y9K to summary
LOCAL 2024-02-12 15:14:57 INFO  LocalApp:64 - Added review R1YR66SJAHGAAO to summary
LOCAL 2024-02-12 15:14:57 INFO  LocalApp:64 - Added review R3VWYSFV6Y6R4H to summary
LOCAL 2024-02-12 15:14:57 INFO  LocalApp:64 - Added review RZR9VNN4XJZD5 to summary
LOCAL 2024-02-12 15:14:57 INFO  LocalApp:64 - Added review R15I68PPFBA6YG to summary
LOCAL 2024-02-12 15:14:57 INFO  LocalApp:64 - Added review R2HWLRULWW038X to summary
LOCAL 2024-02-12 15:14:57 INFO  LocalApp:64 - Added review R19CHFE0E0GLEC to summary
LOCAL 2024-02-12 15:14:57 INFO  LocalApp:64 - Added review R21TCKA3UPS8TL to summary
LOCAL 2024-02-12 15:14:57 INFO  LocalApp:64 - Added review R3IUPTHD7TLV1V to summary
LOCAL 2024-02-12 15:14:57 INFO  LocalApp:64 - Added review R2H8F1W7XUGANH to summary
LOCAL 2024-02-12 15:14:57 INFO  LocalApp:64 - Added review R2WBV2ZOZ9U8GK to summary
LOCAL 2024-02-12 15:14:57 INFO  LocalApp:64 - Added review R27RQOEUQGU3PM to summary
LOCAL 2024-02-12 15:14:57 INFO  LocalApp:64 - Added review R2SQ2SGHSGLTKZ to summary
LOCAL 2024-02-12 15:14:57 INFO  LocalApp:64 - Added review R1DAFZDBHXJS58 to summary
LOCAL 2024-02-12 15:14:57 INFO  LocalApp:64 - Added review R1DZMZ1OCAIWCY to summary
LOCAL 2024-02-12 15:14:57 INFO  LocalApp:64 - Added review R272D15U2AR0F9 to summary
LOCAL 2024-02-12 15:14:57 INFO  LocalApp:64 - Added review RV312TG1DAMQ to summary
LOCAL 2024-02-12 15:14:57 INFO  LocalApp:64 - Added review RYPW2J11XJBEO to summary
LOCAL 2024-02-12 15:14:57 INFO  LocalApp:64 - Added review R3MCZ44MR2G0XI to summary
LOCAL 2024-02-12 15:14:57 INFO  LocalApp:64 - Added review R13JQHAXBNGY2P to summary
LOCAL 2024-02-12 15:14:57 INFO  LocalApp:64 - Added review R2AL5KUXHLVMSY to summary
LOCAL 2024-02-12 15:14:57 INFO  LocalApp:64 - Added review RSBGE9U7IZAVK to summary
LOCAL 2024-02-12 15:14:57 INFO  LocalApp:64 - Added review RCQCN4PEKUVGT to summary
LOCAL 2024-02-12 15:14:57 INFO  LocalApp:64 - Added review R1RE39MYZ74V0I to summary
LOCAL 2024-02-12 15:14:57 INFO  LocalApp:64 - Added review RLKUTV7OCE7RP to summary
LOCAL 2024-02-12 15:14:57 INFO  LocalApp:64 - Added review R1YT6DNYYN9WNY to summary
LOCAL 2024-02-12 15:14:57 INFO  LocalApp:64 - Added review RV1IE9YX2S53P to summary
LOCAL 2024-02-12 15:14:57 INFO  LocalApp:64 - Added review RJ8UR9BS8O1XQ to summary
LOCAL 2024-02-12 15:14:57 INFO  LocalApp:64 - Added review RECV550AOG3GG to summary
LOCAL 2024-02-12 15:14:57 INFO  LocalApp:64 - Added review R103MJ3WBZAMZ to summary
LOCAL 2024-02-12 15:14:57 INFO  LocalApp:64 - Added review R1ZTM5KVV7CJ1B to summary
LOCAL 2024-02-12 15:14:57 INFO  LocalApp:64 - Added review R1S4OOOXVUJGIF to summary
LOCAL 2024-02-12 15:14:57 INFO  LocalApp:64 - Added review REXPQYOEGGEJ4 to summary
LOCAL 2024-02-12 15:14:57 INFO  LocalApp:64 - Added review R2DQNJRV27D3P0 to summary
LOCAL 2024-02-12 15:14:57 INFO  LocalApp:64 - Added review REYMDANUK2DTX to summary
LOCAL 2024-02-12 15:14:57 INFO  LocalApp:64 - Added review R2MDEDIVL62ICM to summary
LOCAL 2024-02-12 15:14:57 INFO  LocalApp:64 - Added review R8Y9MNLDZES8A to summary
LOCAL 2024-02-12 15:14:57 INFO  LocalApp:64 - Added review R1O43OZNA9U61Q to summary
LOCAL 2024-02-12 15:14:57 INFO  LocalApp:64 - Added review R3I6HGR094A2LA to summary
LOCAL 2024-02-12 15:14:57 INFO  LocalApp:64 - Added review R2JPKAUXCO3KJU to summary
LOCAL 2024-02-12 15:14:57 INFO  LocalApp:64 - Added review R39344CJD0C25C to summary
LOCAL 2024-02-12 15:14:57 INFO  LocalApp:64 - Added review R2NBYBR34SC9AO to summary
LOCAL 2024-02-12 15:14:57 INFO  LocalApp:64 - Added review R1GCPZZHP98R6L to summary
LOCAL 2024-02-12 15:14:57 INFO  LocalApp:64 - Added review R19Z9QM063EQ1I to summary
LOCAL 2024-02-12 15:14:57 INFO  LocalApp:64 - Added review RIFOS4G2F4VJT to summary
LOCAL 2024-02-12 15:14:57 INFO  LocalApp:64 - Added review R20PUL971EZQLN to summary
LOCAL 2024-02-12 15:14:57 INFO  LocalApp:64 - Added review R1V2YENX1DGP3N to summary
LOCAL 2024-02-12 15:14:57 INFO  LocalApp:64 - Added review RA7282JO4ZCOR to summary
LOCAL 2024-02-12 15:14:57 INFO  LocalApp:64 - Added review R2ZQJA1RY37ZT6 to summary
LOCAL 2024-02-12 15:14:57 INFO  LocalApp:64 - Added review R2PDT1D1OW1P67 to summary
LOCAL 2024-02-12 15:14:57 INFO  LocalApp:64 - Added review R257HZ3QFCEA6L to summary
LOCAL 2024-02-12 15:14:57 INFO  LocalApp:64 - Added review R3CXQKI3LVEV2B to summary
LOCAL 2024-02-12 15:14:57 INFO  LocalApp:64 - Added review R3MIDZWFLDL268 to summary
LOCAL 2024-02-12 15:14:57 INFO  LocalApp:64 - Added review R3Q3V0NWWEZJVB to summary
LOCAL 2024-02-12 15:14:57 INFO  LocalApp:64 - Added review R3IYQRXBY31UKV to summary
LOCAL 2024-02-12 15:14:57 INFO  LocalApp:64 - Added review RJ23VSC053H1A to summary
LOCAL 2024-02-12 15:14:57 INFO  LocalApp:64 - Added review R2H1I3BH2013W2 to summary
LOCAL 2024-02-12 15:14:57 INFO  LocalApp:64 - Added review RIDEV05VNK50V to summary
LOCAL 2024-02-12 15:14:57 INFO  LocalApp:64 - Added review R209YS2I5HBS27 to summary
LOCAL 2024-02-12 15:14:57 INFO  LocalApp:64 - Added review RTO8O62M0G07I to summary
LOCAL 2024-02-12 15:14:57 INFO  LocalApp:64 - Added review R1ZJELIAJZORAD to summary
LOCAL 2024-02-12 15:14:57 INFO  LocalApp:64 - Added review R1HF63FY97DQ7F to summary
LOCAL 2024-02-12 15:14:57 INFO  LocalApp:64 - Added review R3Q6I72352TWD7 to summary
LOCAL 2024-02-12 15:14:57 INFO  LocalApp:64 - Added review R1H8I10HZJB9KZ to summary
LOCAL 2024-02-12 15:14:57 INFO  LocalApp:64 - Added review R1UBN207QV2IGW to summary
LOCAL 2024-02-12 15:14:57 INFO  LocalApp:64 - Added review RTCQYW9LFP4NU to summary
LOCAL 2024-02-12 15:14:57 INFO  LocalApp:64 - Added review RSR1DNQ5OEHHX to summary
LOCAL 2024-02-12 15:14:57 INFO  LocalApp:64 - Added review R39YFS3B2XSKEU to summary
LOCAL 2024-02-12 15:14:57 INFO  LocalApp:64 - Added review R2EHN024K37E3H to summary
LOCAL 2024-02-12 15:14:57 INFO  LocalApp:64 - Added review R3BPLUWVR7KR0I to summary
LOCAL 2024-02-12 15:14:57 INFO  LocalApp:64 - Added review R1J5ZHEHJ043PK to summary
LOCAL 2024-02-12 15:14:57 INFO  LocalApp:64 - Added review R3DSWKRUS8YXCI to summary
LOCAL 2024-02-12 15:14:57 INFO  LocalApp:64 - Added review R2VWMFWPPLU8KW to summary
LOCAL 2024-02-12 15:14:57 INFO  LocalApp:64 - Added review R3UVIORF9B0E45 to summary
LOCAL 2024-02-12 15:14:57 INFO  LocalApp:64 - Added review R39F8EC4DNBI5R to summary
LOCAL 2024-02-12 15:14:57 INFO  LocalApp:64 - Added review RG35LRUWRI7FE to summary
LOCAL 2024-02-12 15:14:57 INFO  LocalApp:64 - Added review R238HR2A3OZYMS to summary
LOCAL 2024-02-12 15:14:57 INFO  LocalApp:64 - Added review R24CFCPABA0NKB to summary
LOCAL 2024-02-12 15:14:57 INFO  LocalApp:64 - Added review R40SKYP6HUE5K to summary
LOCAL 2024-02-12 15:14:57 INFO  LocalApp:64 - Added review R2VY59EBA6XVL to summary
LOCAL 2024-02-12 15:14:57 INFO  LocalApp:64 - Added review R2EBLCT4JRL9YP to summary
LOCAL 2024-02-12 15:14:57 INFO  LocalApp:64 - Added review R1Q1Z4RTPXCJU to summary
LOCAL 2024-02-12 15:14:57 INFO  LocalApp:64 - Added review R1YQ94HD7AMSIA to summary
LOCAL 2024-02-12 15:14:57 INFO  LocalApp:64 - Added review R1X4FCXALT6ENA to summary
LOCAL 2024-02-12 15:14:57 INFO  LocalApp:64 - Added review RBUG0LWXE684L to summary
LOCAL 2024-02-12 15:14:57 INFO  LocalApp:64 - Added review R3ESBXZXUYSWBQ to summary
LOCAL 2024-02-12 15:14:57 INFO  LocalApp:64 - Added review RH30N2VICM5S3 to summary
LOCAL 2024-02-12 15:14:57 INFO  LocalApp:64 - Added review RJ1A2Q4PBA0CS to summary
LOCAL 2024-02-12 15:14:57 INFO  LocalApp:64 - Added review R2VXM5FPD0GPL9 to summary
LOCAL 2024-02-12 15:14:57 INFO  LocalApp:64 - Added review R30ZDQSHOTU4SU to summary
LOCAL 2024-02-12 15:14:57 INFO  LocalApp:64 - Added review RYER0W0DOQGSC to summary
LOCAL 2024-02-12 15:14:57 INFO  LocalApp:64 - Added review R3EDUJEN21EB2M to summary
LOCAL 2024-02-12 15:14:57 INFO  LocalApp:64 - Added review R18BVPFNLVLI00 to summary
LOCAL 2024-02-12 15:14:57 INFO  LocalApp:64 - Added review RZ3HP8YT068C8 to summary
LOCAL 2024-02-12 15:14:57 INFO  LocalApp:64 - Added review R2UMS1OTRB7Q7F to summary
LOCAL 2024-02-12 15:14:57 INFO  LocalApp:64 - Added review R3FBRK1A3Z21HJ to summary
LOCAL 2024-02-12 15:14:57 INFO  LocalApp:64 - Added review R307611V5X96BR to summary
LOCAL 2024-02-12 15:14:57 INFO  LocalApp:64 - Added review R2JB4TO4X7P3PN to summary
LOCAL 2024-02-12 15:14:57 INFO  LocalApp:64 - Added review R1LVSG0GUC5AW6 to summary
LOCAL 2024-02-12 15:14:57 INFO  LocalApp:64 - Added review R18MJ731FEJTXZ to summary
LOCAL 2024-02-12 15:14:57 INFO  LocalApp:64 - Added review RUM18BT9HZP5W to summary
LOCAL 2024-02-12 15:14:57 INFO  LocalApp:64 - Added review R1DDGNT9SP05KN to summary
LOCAL 2024-02-12 15:14:57 INFO  LocalApp:64 - Added review R28IHE5SVZ4LOW to summary
LOCAL 2024-02-12 15:14:57 INFO  LocalApp:64 - Added review R24YRZ8B5Y5AWM to summary
LOCAL 2024-02-12 15:14:57 INFO  LocalApp:64 - Added review R2LB5DXYFCPBD8 to summary
LOCAL 2024-02-12 15:14:57 INFO  LocalApp:64 - Added review R2BM6SS8E2LI0R to summary
LOCAL 2024-02-12 15:14:57 INFO  LocalApp:64 - Added review R169N1UHOZ6VP9 to summary
LOCAL 2024-02-12 15:14:57 INFO  LocalApp:64 - Added review R1OSYNM81H5W61 to summary
LOCAL 2024-02-12 15:14:57 INFO  LocalApp:64 - Added review ROZD53WO16WY2 to summary
LOCAL 2024-02-12 15:14:57 INFO  LocalApp:64 - Added review R1GUOU2JUZ56T1 to summary
LOCAL 2024-02-12 15:14:57 INFO  LocalApp:64 - Added review RWP0P09KAPKN9 to summary
LOCAL 2024-02-12 15:14:57 INFO  LocalApp:64 - Added review R1OBN1EZB20B0G to summary
LOCAL 2024-02-12 15:14:57 INFO  LocalApp:64 - Added review ROYON5JGU35A8 to summary
LOCAL 2024-02-12 15:14:57 INFO  LocalApp:64 - Added review RU01QFNHXAPNW to summary
LOCAL 2024-02-12 15:14:57 INFO  LocalApp:64 - Added review RS9OJ8VB62S4Y to summary
LOCAL 2024-02-12 15:14:57 INFO  LocalApp:64 - Added review R1QJU0DCRO0UOS to summary
LOCAL 2024-02-12 15:14:57 INFO  LocalApp:64 - Added review R2HOCN11KQZ7B8 to summary
LOCAL 2024-02-12 15:14:57 INFO  LocalApp:64 - Added review R2UXS8KB2J4O73 to summary
LOCAL 2024-02-12 15:14:57 INFO  LocalApp:64 - Added review RNWRJE9FSSVK8 to summary
LOCAL 2024-02-12 15:14:57 INFO  LocalApp:64 - Added review R278Z7WYAICS3O to summary
LOCAL 2024-02-12 15:14:57 INFO  LocalApp:64 - Added review R1LC70WE8SM04K to summary
LOCAL 2024-02-12 15:14:57 INFO  LocalApp:64 - Added review RMC0FFBB9RF00 to summary
LOCAL 2024-02-12 15:14:57 INFO  LocalApp:64 - Added review ROKOPFWHWX64N to summary
LOCAL 2024-02-12 15:14:57 INFO  LocalApp:64 - Added review R2XMZTWHF1PBCY to summary
LOCAL 2024-02-12 15:14:57 INFO  LocalApp:64 - Added review RH9CQDJ1UOPX4 to summary
LOCAL 2024-02-12 15:14:57 INFO  LocalApp:64 - Added review R3MH02OUVKTKZ9 to summary
LOCAL 2024-02-12 15:14:57 INFO  LocalApp:64 - Added review R6G369XAIQZGD to summary
LOCAL 2024-02-12 15:14:57 INFO  LocalApp:64 - Added review R175JKHTIYTRDO to summary
LOCAL 2024-02-12 15:14:57 INFO  LocalApp:64 - Added review R3BC3QHYFPSZS9 to summary
LOCAL 2024-02-12 15:14:57 INFO  LocalApp:64 - Added review R30U0QAN52QH8U to summary
LOCAL 2024-02-12 15:14:57 INFO  LocalApp:64 - Added review R2Q1XB0XQH6N15 to summary
LOCAL 2024-02-12 15:14:57 INFO  LocalApp:64 - Added review R32DEIZLC9S9WU to summary
LOCAL 2024-02-12 15:14:57 INFO  LocalApp:64 - Added review RPPPXEK7P610R to summary
LOCAL 2024-02-12 15:14:57 INFO  LocalApp:64 - Added review R1WO0G4B42XPZR to summary
LOCAL 2024-02-12 15:14:57 INFO  LocalApp:64 - Added review R8KQLJNIJVCN0 to summary
LOCAL 2024-02-12 15:14:57 INFO  LocalApp:64 - Added review R3TTKTBNH35GDQ to summary
LOCAL 2024-02-12 15:14:57 INFO  LocalApp:64 - Added review RCOA98GMNATG7 to summary
LOCAL 2024-02-12 15:14:57 INFO  LocalApp:64 - Added review R14SLB4RJU0673 to summary
LOCAL 2024-02-12 15:14:57 INFO  LocalApp:64 - Added review RK7T59TZN96X9 to summary
LOCAL 2024-02-12 15:14:57 INFO  LocalApp:64 - Added review R3ITPVY64FDDFG to summary
LOCAL 2024-02-12 15:14:57 INFO  LocalApp:64 - Added review RJ1ACTUJ9GHIA to summary
LOCAL 2024-02-12 15:14:57 INFO  LocalApp:64 - Added review R1KC7E36J97UF8 to summary
LOCAL 2024-02-12 15:14:57 INFO  LocalApp:64 - Added review RW7UVW4DP6Y74 to summary
LOCAL 2024-02-12 15:14:57 INFO  LocalApp:64 - Added review RQXK1DHVRLJ4S to summary
LOCAL 2024-02-12 15:14:57 INFO  LocalApp:64 - Added review R2VPOABA56IXBI to summary
LOCAL 2024-02-12 15:14:57 INFO  LocalApp:64 - Added review R3T9EU833MQBG6 to summary
LOCAL 2024-02-12 15:14:57 INFO  LocalApp:64 - Added review R16KPU7WT00X2T to summary
LOCAL 2024-02-12 15:14:57 INFO  LocalApp:64 - Added review R3VOV6CBUMWK0L to summary
LOCAL 2024-02-12 15:14:57 INFO  LocalApp:64 - Added review R1MRR69EYV96N0 to summary
LOCAL 2024-02-12 15:14:57 INFO  LocalApp:64 - Added review R386EPGNDYSO6 to summary
LOCAL 2024-02-12 15:14:57 INFO  LocalApp:64 - Added review R1YDL3PQIH76F to summary
LOCAL 2024-02-12 15:14:57 INFO  LocalApp:64 - Added review R3CM3FWS8KB9U6 to summary
LOCAL 2024-02-12 15:14:57 INFO  LocalApp:64 - Added review RJ4741LXTXORC to summary
LOCAL 2024-02-12 15:14:57 INFO  LocalApp:64 - Added review R13A3L9WFMRK1W to summary
LOCAL 2024-02-12 15:14:57 INFO  LocalApp:64 - Added review R8YO3ESXQYGQA to summary
LOCAL 2024-02-12 15:14:57 INFO  LocalApp:64 - Added review R1B0HE2MC959I9 to summary
LOCAL 2024-02-12 15:14:57 INFO  LocalApp:64 - Added review R1L0IJKHSEMRKB to summary
LOCAL 2024-02-12 15:14:57 INFO  LocalApp:64 - Added review R19XP7SC76SEQI to summary
LOCAL 2024-02-12 15:14:57 INFO  LocalApp:64 - Added review R1KQEDTUKNNVC1 to summary
LOCAL 2024-02-12 15:14:57 INFO  LocalApp:64 - Added review R1R3BPMPJ9N7DY to summary
LOCAL 2024-02-12 15:14:57 INFO  LocalApp:64 - Added review RXQD8R6743JEP to summary
LOCAL 2024-02-12 15:14:57 INFO  LocalApp:64 - Added review R34EZQ9O1SGHKL to summary
LOCAL 2024-02-12 15:14:57 INFO  LocalApp:64 - Added review R36DLXRAD5W1R5 to summary
LOCAL 2024-02-12 15:14:57 INFO  LocalApp:64 - Added review R1TBWM5HF7ODVT to summary
LOCAL 2024-02-12 15:14:57 INFO  LocalApp:64 - Added review R1VM2BSVHRZDXA to summary
LOCAL 2024-02-12 15:14:57 INFO  LocalApp:64 - Added review R67WMALKSTSAR to summary
LOCAL 2024-02-12 15:14:57 INFO  LocalApp:64 - Added review R3HWCNOTOTP6VQ to summary
LOCAL 2024-02-12 15:14:57 INFO  LocalApp:64 - Added review R2BUSGDRZHQVZD to summary
LOCAL 2024-02-12 15:14:57 INFO  LocalApp:64 - Added review R2YW9QL5JMEGOJ to summary
LOCAL 2024-02-12 15:14:57 INFO  LocalApp:64 - Added review R1IYKKI6JNAU45 to summary
LOCAL 2024-02-12 15:14:57 INFO  LocalApp:64 - Added review RLZQ8VYH4Y2WE to summary
LOCAL 2024-02-12 15:14:57 INFO  LocalApp:64 - Added review R25FJ8A7YK02S4 to summary
LOCAL 2024-02-12 15:14:57 INFO  LocalApp:64 - Added review R1QM5ZYB9WSW5M to summary
LOCAL 2024-02-12 15:14:57 INFO  LocalApp:64 - Added review RURO5A0YDEK8 to summary
LOCAL 2024-02-12 15:14:57 INFO  LocalApp:64 - Added review R1IPBLD58AMLZ1 to summary
LOCAL 2024-02-12 15:14:57 INFO  LocalApp:64 - Added review R3D38V0M54WMUC to summary
LOCAL 2024-02-12 15:14:57 INFO  LocalApp:64 - Added review R1AG0984AXAIP to summary
LOCAL 2024-02-12 15:14:57 INFO  LocalApp:64 - Added review R31IQF27WMBPM8 to summary
LOCAL 2024-02-12 15:14:57 INFO  LocalApp:64 - Added review R1076DMX03DXW0 to summary
LOCAL 2024-02-12 15:14:57 INFO  LocalApp:64 - Added review R1WO23VK6OLL3D to summary
LOCAL 2024-02-12 15:14:57 INFO  LocalApp:64 - Added review R1AHLE36QATFAP to summary
LOCAL 2024-02-12 15:14:57 INFO  LocalApp:64 - Added review R1TK0PGD21ZO5V to summary
LOCAL 2024-02-12 15:14:57 INFO  LocalApp:64 - Added review R2FPQN68JFGUV8 to summary
LOCAL 2024-02-12 15:14:57 INFO  LocalApp:64 - Added review R4073EO0ZK1L9 to summary
LOCAL 2024-02-12 15:14:57 INFO  LocalApp:64 - Added review RT0ZOEE81SPA7 to summary
LOCAL 2024-02-12 15:14:57 INFO  LocalApp:64 - Added review R1ABCKQFDQB6DT to summary
LOCAL 2024-02-12 15:14:57 INFO  LocalApp:64 - Added review R27G2NWZOPLM3S to summary
LOCAL 2024-02-12 15:14:57 INFO  LocalApp:64 - Added review R2VXY3WQWH9Z0F to summary
LOCAL 2024-02-12 15:14:57 INFO  LocalApp:64 - Added review R2E55D8NHOQBU7 to summary
LOCAL 2024-02-12 15:14:57 INFO  LocalApp:64 - Added review R1DDDEB8VD18H2 to summary
LOCAL 2024-02-12 15:14:57 INFO  LocalApp:64 - Added review R3JUQFKUCSTII2 to summary
LOCAL 2024-02-12 15:14:57 INFO  LocalApp:64 - Added review R2TUXHNTX6DKMF to summary
LOCAL 2024-02-12 15:14:57 INFO  LocalApp:64 - Added review R8S710F0UVN6U to summary
LOCAL 2024-02-12 15:14:57 INFO  LocalApp:64 - Added review R1J7EXZEWE5ZHY to summary
LOCAL 2024-02-12 15:14:57 INFO  LocalApp:64 - Added review R2HCLPWXGUJ1SU to summary
LOCAL 2024-02-12 15:14:57 INFO  LocalApp:64 - Added review RCNKDT3EPDTED to summary
LOCAL 2024-02-12 15:14:57 INFO  LocalApp:64 - Added review R1991P2EEAKZ6P to summary
LOCAL 2024-02-12 15:14:57 INFO  LocalApp:64 - Added review R1QMR3P648521L to summary
LOCAL 2024-02-12 15:14:57 INFO  LocalApp:64 - Added review R5MJ15OSZP9LX to summary
LOCAL 2024-02-12 15:14:57 INFO  LocalApp:64 - Added review R28IFV0Q4DPVGI to summary
LOCAL 2024-02-12 15:14:57 INFO  LocalApp:64 - Added review R2MELEOSY8H9G8 to summary
LOCAL 2024-02-12 15:14:57 INFO  LocalApp:64 - Added review R24271Y669ST08 to summary
LOCAL 2024-02-12 15:14:57 INFO  LocalApp:64 - Added review R2YY4MB1JSYXW9 to summary
LOCAL 2024-02-12 15:14:57 INFO  LocalApp:64 - Added review R2R3XU0BQ68512 to summary
LOCAL 2024-02-12 15:14:57 INFO  LocalApp:64 - Added review R2KWLYJ8X61VPI to summary
LOCAL 2024-02-12 15:14:57 INFO  LocalApp:64 - Added review R2DLGISFSOTYUS to summary
LOCAL 2024-02-12 15:14:57 INFO  LocalApp:64 - Added review RH3HO4EDABKJW to summary
LOCAL 2024-02-12 15:14:57 INFO  LocalApp:64 - Added review RKSHHWZLCCIXI to summary
LOCAL 2024-02-12 15:14:57 INFO  LocalApp:64 - Added review R2H6JIMLE2CF4K to summary
LOCAL 2024-02-12 15:14:57 INFO  LocalApp:64 - Added review R1EFMRT5ND369 to summary
LOCAL 2024-02-12 15:14:57 INFO  LocalApp:64 - Added review R1PB0BUAKS1OHT to summary
LOCAL 2024-02-12 15:14:57 INFO  LocalApp:64 - Added review RPSZSY9YHTM3N to summary
LOCAL 2024-02-12 15:14:57 INFO  LocalApp:64 - Added review R1TDVCJYSL9RJP to summary
LOCAL 2024-02-12 15:14:57 INFO  LocalApp:64 - Added review R27K7OQJI188BH to summary
LOCAL 2024-02-12 15:14:57 INFO  LocalApp:64 - Added review R32QMZ5G6AVMU1 to summary
LOCAL 2024-02-12 15:14:57 INFO  LocalApp:64 - Added review R2WMYLBOAKJ61D to summary
LOCAL 2024-02-12 15:14:57 INFO  LocalApp:64 - Added review RMF9QT5EV495N to summary
LOCAL 2024-02-12 15:14:57 INFO  LocalApp:64 - Added review R351NZOAR0KHN9 to summary
LOCAL 2024-02-12 15:14:57 INFO  LocalApp:64 - Added review R364LYA34D79RC to summary
LOCAL 2024-02-12 15:14:57 INFO  LocalApp:64 - Added review R1791FVXTC1PL8 to summary
LOCAL 2024-02-12 15:14:57 INFO  LocalApp:64 - Added review RUIWSE5LCA59O to summary
LOCAL 2024-02-12 15:14:57 INFO  LocalApp:64 - Added review R2JD9W8DXKFGUM to summary
LOCAL 2024-02-12 15:14:57 INFO  LocalApp:64 - Added review R1HHAMLC4IUBNL to summary
LOCAL 2024-02-12 15:14:57 INFO  LocalApp:64 - Added review R2HOU0IXKC6XOM to summary
LOCAL 2024-02-12 15:14:57 INFO  LocalApp:64 - Added review R2A5X0VJB8WR4Y to summary
LOCAL 2024-02-12 15:14:57 INFO  LocalApp:64 - Added review R231QVJAG125C5 to summary
LOCAL 2024-02-12 15:14:57 INFO  LocalApp:64 - Added review R3KQHGDQOB4IO9 to summary
LOCAL 2024-02-12 15:14:57 INFO  LocalApp:64 - Added review R1JDXB8Y4TO3MT to summary
LOCAL 2024-02-12 15:14:57 INFO  LocalApp:64 - Added review RTEHJSPVD10LF to summary
LOCAL 2024-02-12 15:14:57 INFO  LocalApp:64 - Added review R1YI0RPX97B65F to summary
LOCAL 2024-02-12 15:14:57 INFO  LocalApp:64 - Added review R1GJO5C0V0Q9LG to summary
LOCAL 2024-02-12 15:14:57 INFO  LocalApp:64 - Added review R3AFRDSYK50P1C to summary
LOCAL 2024-02-12 15:14:57 INFO  LocalApp:64 - Added review R396E3R2O5CV4J to summary
LOCAL 2024-02-12 15:14:57 INFO  LocalApp:64 - Added review R1VQTWV90UFWQ0 to summary
LOCAL 2024-02-12 15:14:57 INFO  LocalApp:64 - Added review R1S06ICP13VMTZ to summary
LOCAL 2024-02-12 15:14:57 INFO  LocalApp:64 - Added review R3PLCGYS9LYRHZ to summary
LOCAL 2024-02-12 15:14:57 INFO  LocalApp:64 - Added review RYCW2NENIN2E0 to summary
LOCAL 2024-02-12 15:14:57 INFO  LocalApp:64 - Added review R25R0T6F5UTDMJ to summary
LOCAL 2024-02-12 15:14:57 INFO  LocalApp:64 - Added review R11CRDLQ8ID6MM to summary
LOCAL 2024-02-12 15:14:57 INFO  LocalApp:64 - Added review RXNYI1DTMV4SM to summary
LOCAL 2024-02-12 15:14:57 INFO  LocalApp:64 - Added review R34KRDS3CE01FZ to summary
LOCAL 2024-02-12 15:14:57 INFO  LocalApp:64 - Added review R2H28I8GCUWMIY to summary
LOCAL 2024-02-12 15:14:57 INFO  LocalApp:64 - Added review R3KEKN5CXGBJAW to summary
LOCAL 2024-02-12 15:14:57 INFO  LocalApp:64 - Added review R38CTJ5ZSLH4SP to summary
LOCAL 2024-02-12 15:14:57 INFO  LocalApp:64 - Added review R28XXUZSV50F86 to summary
LOCAL 2024-02-12 15:14:57 INFO  LocalApp:64 - Added review RSSWA6D6B3Z0E to summary
LOCAL 2024-02-12 15:14:57 INFO  LocalApp:64 - Added review R2IZ8JCDKDN7YL to summary
LOCAL 2024-02-12 15:14:57 INFO  LocalApp:64 - Added review R1142PWPH2SL71 to summary
LOCAL 2024-02-12 15:14:57 INFO  LocalApp:64 - Added review R3ABT89HWBESRO to summary
LOCAL 2024-02-12 15:14:57 INFO  LocalApp:64 - Added review RXGT1DO9DP20H to summary
LOCAL 2024-02-12 15:14:57 INFO  LocalApp:64 - Added review RZEWRT4JTCOTZ to summary
LOCAL 2024-02-12 15:14:57 INFO  LocalApp:64 - Added review RXK3HIHQB2ARA to summary
LOCAL 2024-02-12 15:14:57 INFO  LocalApp:64 - Added review R1X1YTV175B0RJ to summary
LOCAL 2024-02-12 15:14:57 INFO  LocalApp:64 - Added review R1MA8RLCTE4A60 to summary
LOCAL 2024-02-12 15:14:57 INFO  LocalApp:64 - Added review RC48YM58AQKUC to summary
LOCAL 2024-02-12 15:14:57 INFO  LocalApp:64 - Added review R1BRC94EDPLV22 to summary
LOCAL 2024-02-12 15:14:57 INFO  LocalApp:64 - Added review R1R0HSRF6UCDAJ to summary
LOCAL 2024-02-12 15:14:57 INFO  LocalApp:64 - Added review R82DFHHKNJGR0 to summary
LOCAL 2024-02-12 15:14:57 INFO  LocalApp:64 - Added review RVWQR22XISFU5 to summary
LOCAL 2024-02-12 15:14:57 INFO  LocalApp:64 - Added review R2IHZFIXOMCL5O to summary
LOCAL 2024-02-12 15:14:57 INFO  LocalApp:64 - Added review R2WGLZ99SOSNE5 to summary
LOCAL 2024-02-12 15:14:57 INFO  LocalApp:64 - Added review RN70C8LJO1K77 to summary
LOCAL 2024-02-12 15:14:57 INFO  LocalApp:64 - Added review R2VWI7FB0UMC4J to summary
LOCAL 2024-02-12 15:14:57 INFO  LocalApp:64 - Added review R1V95FAHHHH24S to summary
LOCAL 2024-02-12 15:14:57 INFO  LocalApp:64 - Added review R3JSLUVXMD91UR to summary
LOCAL 2024-02-12 15:14:57 INFO  LocalApp:64 - Added review R34IZH3ZDH592H to summary
LOCAL 2024-02-12 15:14:57 INFO  LocalApp:64 - Added review R1R1QV7N8DC9RV to summary
LOCAL 2024-02-12 15:14:57 INFO  LocalApp:64 - Added review R25FFC8CA1VJPA to summary
LOCAL 2024-02-12 15:14:57 INFO  LocalApp:64 - Added review R3SQKX74K3H3IW to summary
LOCAL 2024-02-12 15:14:57 INFO  LocalApp:64 - Added review R2R0CRSWQACNHY to summary
LOCAL 2024-02-12 15:14:57 INFO  LocalApp:64 - Added review R1VTJ2Q1KKLWJR to summary
LOCAL 2024-02-12 15:14:57 INFO  LocalApp:64 - Added review R26SQQEYZIVHVT to summary
LOCAL 2024-02-12 15:14:57 INFO  LocalApp:64 - Added review R3ECAZ5J8G5I4D to summary
LOCAL 2024-02-12 15:14:57 INFO  LocalApp:64 - Added review R2Z4AU87RCDQ80 to summary
LOCAL 2024-02-12 15:14:57 INFO  LocalApp:64 - Added review R17RZK7OGVOSHK to summary
LOCAL 2024-02-12 15:14:57 INFO  LocalApp:64 - Added review R3M7G3639CS9C3 to summary
LOCAL 2024-02-12 15:14:57 INFO  LocalApp:64 - Added review RGAST6Q7TRKA4 to summary
LOCAL 2024-02-12 15:14:57 INFO  LocalApp:64 - Added review R171RVNQ28G6RQ to summary
LOCAL 2024-02-12 15:14:57 INFO  LocalApp:64 - Added review R33WSKY8Z9KTJD to summary
LOCAL 2024-02-12 15:14:57 INFO  LocalApp:64 - Added review R30VB21KTWGWTZ to summary
LOCAL 2024-02-12 15:14:57 INFO  LocalApp:64 - Added review R24EV54J59FJHJ to summary
LOCAL 2024-02-12 15:14:57 INFO  LocalApp:64 - Added review R23Y31GVGFOF9Q to summary
LOCAL 2024-02-12 15:14:57 INFO  LocalApp:64 - Added review R9WJPVE0UIIPL to summary
LOCAL 2024-02-12 15:14:57 INFO  LocalApp:64 - Added review R3JDT1B25F2X1P to summary
LOCAL 2024-02-12 15:14:57 INFO  LocalApp:64 - Added review R1A1HPX7Q7X7YP to summary
LOCAL 2024-02-12 15:14:57 INFO  LocalApp:64 - Added review R2Y9W47RYIHXOM to summary
LOCAL 2024-02-12 15:14:57 INFO  LocalApp:64 - Added review R3ADVVDIDITLLS to summary
LOCAL 2024-02-12 15:14:57 INFO  LocalApp:64 - Added review R1H600WE49MT0Q to summary
LOCAL 2024-02-12 15:14:57 INFO  LocalApp:64 - Added review R1TJIH6QEC6CX9 to summary
LOCAL 2024-02-12 15:14:57 INFO  LocalApp:64 - Added review R2NETRFTNAT0D to summary
LOCAL 2024-02-12 15:14:57 INFO  LocalApp:64 - Added review R2JGNJ5ZPJT4YC to summary
LOCAL 2024-02-12 15:14:57 INFO  LocalApp:64 - Added review R3A6FMG2XKRQNW to summary
LOCAL 2024-02-12 15:14:57 INFO  LocalApp:64 - Added review RZFIYJTPVUZ94 to summary
LOCAL 2024-02-12 15:14:57 INFO  LocalApp:73 - Created summary HTML file at output2.html
LOCAL 2024-02-12 15:14:57 INFO  SQSHandler:116 - Deleted message from https://sqs.us-east-1.amazonaws.com/767398090493/managerToLocalQueue
LOCAL 2024-02-12 15:14:57 INFO  LocalApp:133 - Waiting for executor to finish
LOCAL 2024-02-12 15:14:57 INFO  LocalApp:138 - Executor finished
LOCAL 2024-02-12 15:14:58 INFO  S3Handler:71 - File 94e23d0ef34fe023/ deleted from S3 bucket sarcasm-analysis-bucket
LOCAL 2024-02-12 15:14:58 INFO  LocalApp:65 - LocalApp finished
