LOCAL 2024-02-11 16:48:43 INFO  LocalApp:26 - LocalApp started with id 8e787bc9510a2770
LOCAL 2024-02-11 16:48:43 INFO  LocalApp:30 - LocalAppEnv created
LOCAL 2024-02-11 16:48:47 INFO  S3Handler:24 - S3 bucket sarcasm-analysis-bucket-8e787bc9510a2770 created
LOCAL 2024-02-11 16:48:47 INFO  SQSHandler:19 - Queue localToManagerQueue-8e787bc9510a2770 created
LOCAL 2024-02-11 16:48:48 INFO  SQSHandler:19 - Queue managerToLocalQueue-8e787bc9510a2770 created
LOCAL 2024-02-11 16:48:48 INFO  S3Handler:42 - File test-input1.txt uploaded to S3 bucket sarcasm-analysis-bucket-8e787bc9510a2770
LOCAL 2024-02-11 16:48:48 INFO  SQSHandler:73 - Sent message to https://sqs.us-east-1.amazonaws.com/767398090493/localToManagerQueue-8e787bc9510a2770
LOCAL 2024-02-11 16:48:48 INFO  LocalApp:79 - Sent task to manager: test-input1.txt for inputIndex 0 with 10 reviews per worker
LOCAL 2024-02-11 16:48:49 INFO  S3Handler:42 - File test-input2.txt uploaded to S3 bucket sarcasm-analysis-bucket-8e787bc9510a2770
LOCAL 2024-02-11 16:48:49 INFO  SQSHandler:73 - Sent message to https://sqs.us-east-1.amazonaws.com/767398090493/localToManagerQueue-8e787bc9510a2770
LOCAL 2024-02-11 16:48:49 INFO  LocalApp:79 - Sent task to manager: test-input2.txt for inputIndex 1 with 10 reviews per worker
LOCAL 2024-02-11 16:48:50 INFO  EC2Handler:81 - Manager instance does not exist
LOCAL 2024-02-11 16:48:50 INFO  EC2Handler:87 - Creating manager instance
LOCAL 2024-02-11 16:48:52 INFO  EC2Handler:33 - Successfully started EC2 instance i-044dbb2721bd50667 based on AMI ami-00e95a9222311e8ed
LOCAL 2024-02-11 16:48:52 INFO  LocalApp:86 - Polling for responses from manager
LOCAL 2024-02-11 16:48:52 INFO  SQSHandler:77 - Polling messages from https://sqs.us-east-1.amazonaws.com/767398090493/managerToLocalQueue-8e787bc9510a2770
LOCAL 2024-02-11 16:49:12 INFO  LocalApp:86 - Polling for responses from manager
LOCAL 2024-02-11 16:49:12 INFO  SQSHandler:77 - Polling messages from https://sqs.us-east-1.amazonaws.com/767398090493/managerToLocalQueue-8e787bc9510a2770
LOCAL 2024-02-11 16:49:32 INFO  LocalApp:86 - Polling for responses from manager
LOCAL 2024-02-11 16:49:32 INFO  SQSHandler:77 - Polling messages from https://sqs.us-east-1.amazonaws.com/767398090493/managerToLocalQueue-8e787bc9510a2770
LOCAL 2024-02-11 16:49:52 INFO  LocalApp:86 - Polling for responses from manager
LOCAL 2024-02-11 16:49:52 INFO  SQSHandler:77 - Polling messages from https://sqs.us-east-1.amazonaws.com/767398090493/managerToLocalQueue-8e787bc9510a2770
LOCAL 2024-02-11 16:50:13 INFO  LocalApp:86 - Polling for responses from manager
LOCAL 2024-02-11 16:50:13 INFO  SQSHandler:77 - Polling messages from https://sqs.us-east-1.amazonaws.com/767398090493/managerToLocalQueue-8e787bc9510a2770
LOCAL 2024-02-11 16:50:33 INFO  LocalApp:86 - Polling for responses from manager
LOCAL 2024-02-11 16:50:33 INFO  SQSHandler:77 - Polling messages from https://sqs.us-east-1.amazonaws.com/767398090493/managerToLocalQueue-8e787bc9510a2770
LOCAL 2024-02-11 16:50:53 INFO  LocalApp:86 - Polling for responses from manager
LOCAL 2024-02-11 16:50:53 INFO  SQSHandler:77 - Polling messages from https://sqs.us-east-1.amazonaws.com/767398090493/managerToLocalQueue-8e787bc9510a2770
LOCAL 2024-02-11 16:51:13 INFO  LocalApp:86 - Polling for responses from manager
LOCAL 2024-02-11 16:51:13 INFO  SQSHandler:77 - Polling messages from https://sqs.us-east-1.amazonaws.com/767398090493/managerToLocalQueue-8e787bc9510a2770
LOCAL 2024-02-11 16:51:33 INFO  LocalApp:86 - Polling for responses from manager
LOCAL 2024-02-11 16:51:33 INFO  SQSHandler:77 - Polling messages from https://sqs.us-east-1.amazonaws.com/767398090493/managerToLocalQueue-8e787bc9510a2770
LOCAL 2024-02-11 16:51:53 INFO  LocalApp:86 - Polling for responses from manager
LOCAL 2024-02-11 16:51:53 INFO  SQSHandler:77 - Polling messages from https://sqs.us-east-1.amazonaws.com/767398090493/managerToLocalQueue-8e787bc9510a2770
LOCAL 2024-02-11 16:52:13 INFO  LocalApp:86 - Polling for responses from manager
LOCAL 2024-02-11 16:52:13 INFO  SQSHandler:77 - Polling messages from https://sqs.us-east-1.amazonaws.com/767398090493/managerToLocalQueue-8e787bc9510a2770
LOCAL 2024-02-11 16:52:34 INFO  LocalApp:86 - Polling for responses from manager
LOCAL 2024-02-11 16:52:34 INFO  SQSHandler:77 - Polling messages from https://sqs.us-east-1.amazonaws.com/767398090493/managerToLocalQueue-8e787bc9510a2770
LOCAL 2024-02-11 16:52:54 INFO  LocalApp:86 - Polling for responses from manager
LOCAL 2024-02-11 16:52:54 INFO  SQSHandler:77 - Polling messages from https://sqs.us-east-1.amazonaws.com/767398090493/managerToLocalQueue-8e787bc9510a2770
LOCAL 2024-02-11 16:53:15 INFO  LocalApp:86 - Polling for responses from manager
LOCAL 2024-02-11 16:53:15 INFO  SQSHandler:77 - Polling messages from https://sqs.us-east-1.amazonaws.com/767398090493/managerToLocalQueue-8e787bc9510a2770
LOCAL 2024-02-11 16:53:35 INFO  LocalApp:86 - Polling for responses from manager
LOCAL 2024-02-11 16:53:35 INFO  SQSHandler:77 - Polling messages from https://sqs.us-east-1.amazonaws.com/767398090493/managerToLocalQueue-8e787bc9510a2770
LOCAL 2024-02-11 16:53:55 INFO  LocalApp:86 - Polling for responses from manager
LOCAL 2024-02-11 16:53:55 INFO  SQSHandler:77 - Polling messages from https://sqs.us-east-1.amazonaws.com/767398090493/managerToLocalQueue-8e787bc9510a2770
LOCAL 2024-02-11 16:54:15 INFO  LocalApp:86 - Polling for responses from manager
LOCAL 2024-02-11 16:54:15 INFO  SQSHandler:77 - Polling messages from https://sqs.us-east-1.amazonaws.com/767398090493/managerToLocalQueue-8e787bc9510a2770
LOCAL 2024-02-11 16:54:35 INFO  LocalApp:86 - Polling for responses from manager
LOCAL 2024-02-11 16:54:35 INFO  SQSHandler:77 - Polling messages from https://sqs.us-east-1.amazonaws.com/767398090493/managerToLocalQueue-8e787bc9510a2770
LOCAL 2024-02-11 16:54:55 INFO  LocalApp:86 - Polling for responses from manager
LOCAL 2024-02-11 16:54:55 INFO  SQSHandler:77 - Polling messages from https://sqs.us-east-1.amazonaws.com/767398090493/managerToLocalQueue-8e787bc9510a2770
LOCAL 2024-02-11 16:55:15 INFO  LocalApp:86 - Polling for responses from manager
LOCAL 2024-02-11 16:55:15 INFO  SQSHandler:77 - Polling messages from https://sqs.us-east-1.amazonaws.com/767398090493/managerToLocalQueue-8e787bc9510a2770
LOCAL 2024-02-11 16:55:36 INFO  LocalApp:86 - Polling for responses from manager
LOCAL 2024-02-11 16:55:36 INFO  SQSHandler:77 - Polling messages from https://sqs.us-east-1.amazonaws.com/767398090493/managerToLocalQueue-8e787bc9510a2770
