LOCAL 2024-02-12 09:19:54 INFO  Worker:17 - Worker started
LOCAL 2024-02-12 09:19:55 INFO  Worker:25 - Polling tasks from managerToWorkerQueue
LOCAL 2024-02-12 09:20:15 ERROR Worker:39 - Index: 0
LOCAL 2024-02-12 09:20:15 INFO  Worker:25 - Polling tasks from managerToWorkerQueue
LOCAL 2024-02-12 09:20:35 ERROR Worker:39 - Index: 0
LOCAL 2024-02-12 09:20:35 INFO  Worker:25 - Polling tasks from managerToWorkerQueue
LOCAL 2024-02-12 09:20:35 ERROR Worker:39 - The specified queue does not exist. (Service: Sqs, Status Code: 400, Request ID: 92d1104c-9fa9-5b45-a8ce-4e0f56aa6259)
LOCAL 2024-02-12 09:20:35 INFO  Worker:25 - Polling tasks from managerToWorkerQueue
LOCAL 2024-02-12 09:20:35 ERROR Worker:39 - The specified queue does not exist. (Service: Sqs, Status Code: 400, Request ID: 14305534-df41-5edc-80d7-0b77164207c0)
LOCAL 2024-02-12 09:20:35 INFO  Worker:25 - Polling tasks from managerToWorkerQueue
LOCAL 2024-02-12 09:20:35 ERROR Worker:39 - The specified queue does not exist. (Service: Sqs, Status Code: 400, Request ID: 8fc7ad69-ee83-58a9-89f5-f32a2780c1b5)
LOCAL 2024-02-12 09:20:35 INFO  Worker:25 - Polling tasks from managerToWorkerQueue
LOCAL 2024-02-12 09:20:36 ERROR Worker:39 - The specified queue does not exist. (Service: Sqs, Status Code: 400, Request ID: 7661c1b8-b01a-532c-a528-9ffb79199a30)
LOCAL 2024-02-12 09:20:36 INFO  Worker:25 - Polling tasks from managerToWorkerQueue
LOCAL 2024-02-12 09:20:36 ERROR Worker:39 - The specified queue does not exist. (Service: Sqs, Status Code: 400, Request ID: 675a86d2-a60b-51bd-a707-d8916f08e8a1)
LOCAL 2024-02-12 09:20:36 INFO  Worker:25 - Polling tasks from managerToWorkerQueue
LOCAL 2024-02-12 09:20:36 ERROR Worker:39 - The specified queue does not exist. (Service: Sqs, Status Code: 400, Request ID: 654b7f43-0bc9-5ba8-989c-2100c2cac2b4)
LOCAL 2024-02-12 09:20:36 INFO  Worker:25 - Polling tasks from managerToWorkerQueue
LOCAL 2024-02-12 09:20:36 ERROR Worker:39 - The specified queue does not exist. (Service: Sqs, Status Code: 400, Request ID: cc88dcce-da12-54e6-b220-828d1311bdfa)
LOCAL 2024-02-12 09:20:36 INFO  Worker:25 - Polling tasks from managerToWorkerQueue
LOCAL 2024-02-12 09:20:36 ERROR Worker:39 - The specified queue does not exist. (Service: Sqs, Status Code: 400, Request ID: 56b4cd1c-346e-5284-9f93-935ffd6afb98)
LOCAL 2024-02-12 09:20:36 INFO  Worker:25 - Polling tasks from managerToWorkerQueue
LOCAL 2024-02-12 09:20:36 ERROR Worker:39 - The specified queue does not exist. (Service: Sqs, Status Code: 400, Request ID: 0bdb02ba-c247-59be-83ff-5cf90b43c0a2)
LOCAL 2024-02-12 09:20:36 INFO  Worker:25 - Polling tasks from managerToWorkerQueue
LOCAL 2024-02-12 09:20:37 ERROR Worker:39 - The specified queue does not exist. (Service: Sqs, Status Code: 400, Request ID: 57912374-43d1-51cf-b8da-7d378ad558d3)
LOCAL 2024-02-12 09:20:37 INFO  Worker:25 - Polling tasks from managerToWorkerQueue
LOCAL 2024-02-12 09:20:37 ERROR Worker:39 - The specified queue does not exist. (Service: Sqs, Status Code: 400, Request ID: 5854de53-e254-52e5-bc5e-80102b50bbf9)
LOCAL 2024-02-12 09:20:37 INFO  Worker:25 - Polling tasks from managerToWorkerQueue
LOCAL 2024-02-12 09:20:37 ERROR Worker:39 - The specified queue does not exist. (Service: Sqs, Status Code: 400, Request ID: 34627f3a-5e16-52d8-8d0b-217997123bc4)
LOCAL 2024-02-12 09:20:37 INFO  Worker:25 - Polling tasks from managerToWorkerQueue
LOCAL 2024-02-12 09:20:37 ERROR Worker:39 - The specified queue does not exist. (Service: Sqs, Status Code: 400, Request ID: 90fea62c-ba4f-541a-aff3-f86f734b5d06)
LOCAL 2024-02-12 09:20:37 INFO  Worker:25 - Polling tasks from managerToWorkerQueue
LOCAL 2024-02-12 09:20:37 ERROR Worker:39 - The specified queue does not exist. (Service: Sqs, Status Code: 400, Request ID: e98c80db-a3ce-5087-ab17-de986aca999b)
LOCAL 2024-02-12 09:20:37 INFO  Worker:25 - Polling tasks from managerToWorkerQueue
LOCAL 2024-02-12 09:20:37 ERROR Worker:39 - The specified queue does not exist. (Service: Sqs, Status Code: 400, Request ID: c8eb71d4-12a5-591b-9adf-2f97dba03007)
LOCAL 2024-02-12 09:20:37 INFO  Worker:25 - Polling tasks from managerToWorkerQueue
LOCAL 2024-02-12 09:20:37 ERROR Worker:39 - The specified queue does not exist. (Service: Sqs, Status Code: 400, Request ID: 7ef74318-e63a-5b04-bafa-1d5b2f3f0218)
LOCAL 2024-02-12 09:20:37 INFO  Worker:25 - Polling tasks from managerToWorkerQueue
LOCAL 2024-02-12 09:20:38 ERROR Worker:39 - The specified queue does not exist. (Service: Sqs, Status Code: 400, Request ID: c3b810b5-8ba9-5133-8d13-4ef642ac182f)
LOCAL 2024-02-12 09:20:38 INFO  Worker:25 - Polling tasks from managerToWorkerQueue
LOCAL 2024-02-12 09:20:38 ERROR Worker:39 - The specified queue does not exist. (Service: Sqs, Status Code: 400, Request ID: 5cb5800e-a068-577c-9c57-de4d696d0e60)
LOCAL 2024-02-12 09:20:38 INFO  Worker:25 - Polling tasks from managerToWorkerQueue
LOCAL 2024-02-12 09:20:38 ERROR Worker:39 - The specified queue does not exist. (Service: Sqs, Status Code: 400, Request ID: 03c8a7d4-8f20-5d01-85d0-f9974625641d)
LOCAL 2024-02-12 09:20:38 INFO  Worker:25 - Polling tasks from managerToWorkerQueue
LOCAL 2024-02-12 09:20:38 ERROR Worker:39 - The specified queue does not exist. (Service: Sqs, Status Code: 400, Request ID: f7ea20ae-314a-54ae-b0a2-7eedf84fddb2)
LOCAL 2024-02-12 09:20:38 INFO  Worker:25 - Polling tasks from managerToWorkerQueue
LOCAL 2024-02-12 09:20:38 ERROR Worker:39 - The specified queue does not exist. (Service: Sqs, Status Code: 400, Request ID: 4243a238-7b33-572e-b46a-fc7bb2365e32)
LOCAL 2024-02-12 09:20:38 INFO  Worker:25 - Polling tasks from managerToWorkerQueue
LOCAL 2024-02-12 09:20:38 ERROR Worker:39 - The specified queue does not exist. (Service: Sqs, Status Code: 400, Request ID: 6409e4f7-16c7-5b2f-9a68-bab4dfc1c233)
LOCAL 2024-02-12 09:20:38 INFO  Worker:25 - Polling tasks from managerToWorkerQueue
LOCAL 2024-02-12 09:20:38 ERROR Worker:39 - The specified queue does not exist. (Service: Sqs, Status Code: 400, Request ID: 8e2b4b5e-7a76-52ca-9871-151db3705bd6)
LOCAL 2024-02-12 09:20:38 INFO  Worker:25 - Polling tasks from managerToWorkerQueue
LOCAL 2024-02-12 09:20:39 ERROR Worker:39 - The specified queue does not exist. (Service: Sqs, Status Code: 400, Request ID: a743e1e1-32ef-5e24-8373-bfa2fbe92738)
LOCAL 2024-02-12 09:20:39 INFO  Worker:25 - Polling tasks from managerToWorkerQueue
LOCAL 2024-02-12 09:20:39 ERROR Worker:39 - The specified queue does not exist. (Service: Sqs, Status Code: 400, Request ID: 66a27b61-dbd0-5efe-984c-252212d677e2)
LOCAL 2024-02-12 09:20:39 INFO  Worker:25 - Polling tasks from managerToWorkerQueue
LOCAL 2024-02-12 09:20:39 ERROR Worker:39 - The specified queue does not exist. (Service: Sqs, Status Code: 400, Request ID: 6569e6bc-d687-5e8d-8c1a-b8ff1f81a791)
LOCAL 2024-02-12 09:20:39 INFO  Worker:25 - Polling tasks from managerToWorkerQueue
LOCAL 2024-02-12 09:20:39 ERROR Worker:39 - The specified queue does not exist. (Service: Sqs, Status Code: 400, Request ID: 5bee2115-a76c-5a74-9ea6-7f566e6a3368)
LOCAL 2024-02-12 09:20:39 INFO  Worker:25 - Polling tasks from managerToWorkerQueue
LOCAL 2024-02-12 09:20:39 ERROR Worker:39 - The specified queue does not exist. (Service: Sqs, Status Code: 400, Request ID: 79b53220-3bf2-5f40-b5c9-6c63f2f5365c)
LOCAL 2024-02-12 09:20:39 INFO  Worker:25 - Polling tasks from managerToWorkerQueue
LOCAL 2024-02-12 09:20:39 ERROR Worker:39 - The specified queue does not exist. (Service: Sqs, Status Code: 400, Request ID: 916ec406-fcba-5840-808b-9a4535bdb15c)
LOCAL 2024-02-12 09:20:39 INFO  Worker:25 - Polling tasks from managerToWorkerQueue
LOCAL 2024-02-12 09:20:39 ERROR Worker:39 - The specified queue does not exist. (Service: Sqs, Status Code: 400, Request ID: 8d3de4ec-563d-5cf3-83d6-baaf9f3ab5ef)
LOCAL 2024-02-12 09:20:39 INFO  Worker:25 - Polling tasks from managerToWorkerQueue
LOCAL 2024-02-12 09:20:40 ERROR Worker:39 - The specified queue does not exist. (Service: Sqs, Status Code: 400, Request ID: 1d28815e-98b4-5a77-9b94-df1d51b3c36b)
LOCAL 2024-02-12 09:20:40 INFO  Worker:25 - Polling tasks from managerToWorkerQueue
LOCAL 2024-02-12 09:20:40 ERROR Worker:39 - The specified queue does not exist. (Service: Sqs, Status Code: 400, Request ID: d1a0ebc9-46b2-5fd3-b751-b58a8fb5c6cf)
LOCAL 2024-02-12 09:20:40 INFO  Worker:25 - Polling tasks from managerToWorkerQueue
LOCAL 2024-02-12 09:20:40 ERROR Worker:39 - The specified queue does not exist. (Service: Sqs, Status Code: 400, Request ID: 1c5bd543-595e-53a5-b82a-8b0090598ab9)
LOCAL 2024-02-12 09:20:40 INFO  Worker:25 - Polling tasks from managerToWorkerQueue
LOCAL 2024-02-12 09:20:40 ERROR Worker:39 - The specified queue does not exist. (Service: Sqs, Status Code: 400, Request ID: e82d443d-1971-5312-a4c2-1a7ed0768a0e)
LOCAL 2024-02-12 09:20:40 INFO  Worker:25 - Polling tasks from managerToWorkerQueue
LOCAL 2024-02-12 09:20:40 ERROR Worker:39 - The specified queue does not exist. (Service: Sqs, Status Code: 400, Request ID: 4fe6ae76-7562-585a-8696-f035bc6a0146)
LOCAL 2024-02-12 09:20:40 INFO  Worker:25 - Polling tasks from managerToWorkerQueue
LOCAL 2024-02-12 09:20:40 ERROR Worker:39 - The specified queue does not exist. (Service: Sqs, Status Code: 400, Request ID: ce089fa2-1327-5e02-b7eb-c1e1da2f571e)
LOCAL 2024-02-12 09:20:40 INFO  Worker:25 - Polling tasks from managerToWorkerQueue
LOCAL 2024-02-12 09:20:40 ERROR Worker:39 - The specified queue does not exist. (Service: Sqs, Status Code: 400, Request ID: c6c94648-df2e-576a-964c-180b1626be76)
LOCAL 2024-02-12 09:20:40 INFO  Worker:25 - Polling tasks from managerToWorkerQueue
LOCAL 2024-02-12 09:20:41 ERROR Worker:39 - The specified queue does not exist. (Service: Sqs, Status Code: 400, Request ID: e912f8a6-2dd4-59c0-92eb-a6e5e4dc70dc)
LOCAL 2024-02-12 09:20:41 INFO  Worker:25 - Polling tasks from managerToWorkerQueue
LOCAL 2024-02-12 09:20:41 ERROR Worker:39 - The specified queue does not exist. (Service: Sqs, Status Code: 400, Request ID: 5626d959-07da-59c7-ba5b-871aced2a0db)
LOCAL 2024-02-12 09:20:41 INFO  Worker:25 - Polling tasks from managerToWorkerQueue
LOCAL 2024-02-12 09:20:41 ERROR Worker:39 - The specified queue does not exist. (Service: Sqs, Status Code: 400, Request ID: dee97064-b11b-5aab-83dd-2e27781313b7)
LOCAL 2024-02-12 09:20:41 INFO  Worker:25 - Polling tasks from managerToWorkerQueue
LOCAL 2024-02-12 09:20:41 ERROR Worker:39 - The specified queue does not exist. (Service: Sqs, Status Code: 400, Request ID: b076ae5c-b57f-57cd-99ca-f01f7c775ed1)
LOCAL 2024-02-12 09:20:41 INFO  Worker:25 - Polling tasks from managerToWorkerQueue
LOCAL 2024-02-12 09:20:41 ERROR Worker:39 - The specified queue does not exist. (Service: Sqs, Status Code: 400, Request ID: 4ff3575d-4a8f-50c8-85f1-091e838639d4)
LOCAL 2024-02-12 09:20:41 INFO  Worker:25 - Polling tasks from managerToWorkerQueue
LOCAL 2024-02-12 09:20:41 ERROR Worker:39 - The specified queue does not exist. (Service: Sqs, Status Code: 400, Request ID: 8a9dff03-52e7-5813-9167-a1409beec10f)
LOCAL 2024-02-12 09:20:41 INFO  Worker:25 - Polling tasks from managerToWorkerQueue
LOCAL 2024-02-12 09:20:41 ERROR Worker:39 - The specified queue does not exist. (Service: Sqs, Status Code: 400, Request ID: 8f0e9b09-e278-5907-8fbf-c54a2b71201b)
LOCAL 2024-02-12 09:20:41 INFO  Worker:25 - Polling tasks from managerToWorkerQueue
LOCAL 2024-02-12 09:20:42 ERROR Worker:39 - The specified queue does not exist. (Service: Sqs, Status Code: 400, Request ID: 33a78539-69db-5dab-bc7f-db7aa0d2b4b7)
LOCAL 2024-02-12 09:20:42 INFO  Worker:25 - Polling tasks from managerToWorkerQueue
LOCAL 2024-02-12 09:20:42 ERROR Worker:39 - The specified queue does not exist. (Service: Sqs, Status Code: 400, Request ID: 94398b7f-1dff-52bc-8714-d53cd4f6aba0)
LOCAL 2024-02-12 09:20:42 INFO  Worker:25 - Polling tasks from managerToWorkerQueue
LOCAL 2024-02-12 09:20:42 ERROR Worker:39 - The specified queue does not exist. (Service: Sqs, Status Code: 400, Request ID: 2f84cd96-bb59-55cf-a473-93d57250acd3)
LOCAL 2024-02-12 09:20:42 INFO  Worker:25 - Polling tasks from managerToWorkerQueue
LOCAL 2024-02-12 09:20:42 ERROR Worker:39 - The specified queue does not exist. (Service: Sqs, Status Code: 400, Request ID: c10222aa-716f-50a2-a124-7ce9b86649be)
LOCAL 2024-02-12 09:20:42 INFO  Worker:25 - Polling tasks from managerToWorkerQueue
LOCAL 2024-02-12 09:20:42 ERROR Worker:39 - The specified queue does not exist. (Service: Sqs, Status Code: 400, Request ID: d3ff3abb-f056-5c60-abfb-64f8395ca57c)
LOCAL 2024-02-12 09:20:42 INFO  Worker:25 - Polling tasks from managerToWorkerQueue
LOCAL 2024-02-12 09:20:42 ERROR Worker:39 - The specified queue does not exist. (Service: Sqs, Status Code: 400, Request ID: 7a331c31-4628-56cb-aaa5-42728f227fd7)
LOCAL 2024-02-12 09:20:42 INFO  Worker:25 - Polling tasks from managerToWorkerQueue
LOCAL 2024-02-12 09:20:42 ERROR Worker:39 - The specified queue does not exist. (Service: Sqs, Status Code: 400, Request ID: f0a4ebac-d034-5d35-aa75-b5ef193e0429)
LOCAL 2024-02-12 09:20:42 INFO  Worker:25 - Polling tasks from managerToWorkerQueue
LOCAL 2024-02-12 09:20:43 ERROR Worker:39 - The specified queue does not exist. (Service: Sqs, Status Code: 400, Request ID: 0e71792b-1327-56be-94ef-2768da2dbfa2)
LOCAL 2024-02-12 09:20:43 INFO  Worker:25 - Polling tasks from managerToWorkerQueue
LOCAL 2024-02-12 09:20:43 ERROR Worker:39 - The specified queue does not exist. (Service: Sqs, Status Code: 400, Request ID: 6ae691ee-d240-5bd2-9a07-cfad1b4ac2ce)
LOCAL 2024-02-12 09:20:43 INFO  Worker:25 - Polling tasks from managerToWorkerQueue
LOCAL 2024-02-12 09:20:43 ERROR Worker:39 - The specified queue does not exist. (Service: Sqs, Status Code: 400, Request ID: c55bf156-1c16-5982-b16b-af15d51ca09e)
LOCAL 2024-02-12 09:20:43 INFO  Worker:25 - Polling tasks from managerToWorkerQueue
LOCAL 2024-02-12 09:20:43 ERROR Worker:39 - The specified queue does not exist. (Service: Sqs, Status Code: 400, Request ID: 219be2d2-6d8d-5a1a-9d5d-bc91a4877306)
LOCAL 2024-02-12 09:20:43 INFO  Worker:25 - Polling tasks from managerToWorkerQueue
LOCAL 2024-02-12 09:20:43 ERROR Worker:39 - The specified queue does not exist. (Service: Sqs, Status Code: 400, Request ID: b470eb06-9d92-544d-bfa7-b5455499bd51)
LOCAL 2024-02-12 09:20:43 INFO  Worker:25 - Polling tasks from managerToWorkerQueue
LOCAL 2024-02-12 09:20:43 ERROR Worker:39 - The specified queue does not exist. (Service: Sqs, Status Code: 400, Request ID: 67fd2a63-b50d-5c9c-8090-74207c06a580)
LOCAL 2024-02-12 09:20:43 INFO  Worker:25 - Polling tasks from managerToWorkerQueue
LOCAL 2024-02-12 09:20:43 ERROR Worker:39 - The specified queue does not exist. (Service: Sqs, Status Code: 400, Request ID: 2e9c683e-cbbe-5cca-9ba2-367d02b565d6)
LOCAL 2024-02-12 09:20:43 INFO  Worker:25 - Polling tasks from managerToWorkerQueue
LOCAL 2024-02-12 09:20:44 ERROR Worker:39 - The specified queue does not exist. (Service: Sqs, Status Code: 400, Request ID: 0ef987e6-ee4b-5900-bad1-d9a52740e01c)
LOCAL 2024-02-12 09:20:44 INFO  Worker:25 - Polling tasks from managerToWorkerQueue
LOCAL 2024-02-12 09:20:44 ERROR Worker:39 - The specified queue does not exist. (Service: Sqs, Status Code: 400, Request ID: 780c9553-492f-5850-bcf3-cb108024614c)
LOCAL 2024-02-12 09:20:44 INFO  Worker:25 - Polling tasks from managerToWorkerQueue
LOCAL 2024-02-12 09:20:44 ERROR Worker:39 - The specified queue does not exist. (Service: Sqs, Status Code: 400, Request ID: 143985e9-c41e-59a1-88f6-dbaa0d15e0bd)
LOCAL 2024-02-12 09:20:44 INFO  Worker:25 - Polling tasks from managerToWorkerQueue
LOCAL 2024-02-12 09:20:44 ERROR Worker:39 - The specified queue does not exist. (Service: Sqs, Status Code: 400, Request ID: a1b538ea-10e8-58a2-b5fa-66a9d9e301be)
LOCAL 2024-02-12 09:20:44 INFO  Worker:25 - Polling tasks from managerToWorkerQueue
LOCAL 2024-02-12 09:20:44 ERROR Worker:39 - The specified queue does not exist. (Service: Sqs, Status Code: 400, Request ID: d3128269-a4e6-5656-aca0-dc2a6dea2f4a)
LOCAL 2024-02-12 09:20:44 INFO  Worker:25 - Polling tasks from managerToWorkerQueue
LOCAL 2024-02-12 09:20:44 ERROR Worker:39 - The specified queue does not exist. (Service: Sqs, Status Code: 400, Request ID: 45e8ff19-9651-597a-8d6a-a15a5f5db066)
LOCAL 2024-02-12 09:20:44 INFO  Worker:25 - Polling tasks from managerToWorkerQueue
LOCAL 2024-02-12 09:20:45 ERROR Worker:39 - The specified queue does not exist. (Service: Sqs, Status Code: 400, Request ID: 3bac83b1-f42b-5e12-975f-ddf23d27270e)
LOCAL 2024-02-12 09:20:45 INFO  Worker:25 - Polling tasks from managerToWorkerQueue
LOCAL 2024-02-12 09:20:45 ERROR Worker:39 - The specified queue does not exist. (Service: Sqs, Status Code: 400, Request ID: fd0b7e4d-61c1-5760-b077-200ea8cd0e7c)
LOCAL 2024-02-12 09:20:45 INFO  Worker:25 - Polling tasks from managerToWorkerQueue
LOCAL 2024-02-12 09:20:45 ERROR Worker:39 - The specified queue does not exist. (Service: Sqs, Status Code: 400, Request ID: 3028e565-aacd-50ec-9365-bb2663c129f0)
LOCAL 2024-02-12 09:20:45 INFO  Worker:25 - Polling tasks from managerToWorkerQueue
LOCAL 2024-02-12 09:20:45 ERROR Worker:39 - The specified queue does not exist. (Service: Sqs, Status Code: 400, Request ID: 6679d5fc-1cdb-53ea-81ef-8bbfd5d78af6)
LOCAL 2024-02-12 09:20:45 INFO  Worker:25 - Polling tasks from managerToWorkerQueue
LOCAL 2024-02-12 09:20:45 ERROR Worker:39 - The specified queue does not exist. (Service: Sqs, Status Code: 400, Request ID: 7f63189c-3fe5-5ccd-8c5b-46dff6e955d1)
LOCAL 2024-02-12 09:20:45 INFO  Worker:25 - Polling tasks from managerToWorkerQueue
LOCAL 2024-02-12 09:20:45 ERROR Worker:39 - The specified queue does not exist. (Service: Sqs, Status Code: 400, Request ID: d54a933c-bf04-5397-9e73-cd7f7609ba8b)
LOCAL 2024-02-12 09:20:45 INFO  Worker:25 - Polling tasks from managerToWorkerQueue
LOCAL 2024-02-12 09:20:45 ERROR Worker:39 - The specified queue does not exist. (Service: Sqs, Status Code: 400, Request ID: 55760a4c-0fd3-598b-a2d2-540fc6de4097)
LOCAL 2024-02-12 09:20:45 INFO  Worker:25 - Polling tasks from managerToWorkerQueue
LOCAL 2024-02-12 09:20:46 ERROR Worker:39 - The specified queue does not exist. (Service: Sqs, Status Code: 400, Request ID: a954a9d1-c9ff-5e8b-91ba-f79200f21797)
LOCAL 2024-02-12 09:20:46 INFO  Worker:25 - Polling tasks from managerToWorkerQueue
LOCAL 2024-02-12 09:20:46 ERROR Worker:39 - The specified queue does not exist. (Service: Sqs, Status Code: 400, Request ID: d0dca2d1-4f88-5f7d-add2-fc9286854661)
LOCAL 2024-02-12 09:20:46 INFO  Worker:25 - Polling tasks from managerToWorkerQueue
LOCAL 2024-02-12 09:20:46 ERROR Worker:39 - The specified queue does not exist. (Service: Sqs, Status Code: 400, Request ID: 7cd0ae8b-3bac-51ce-8d45-f0c8f2a188d2)
LOCAL 2024-02-12 09:20:46 INFO  Worker:25 - Polling tasks from managerToWorkerQueue
LOCAL 2024-02-12 09:20:46 ERROR Worker:39 - The specified queue does not exist. (Service: Sqs, Status Code: 400, Request ID: bd3da93d-cb5b-5bd0-a12d-f77e025582cc)
LOCAL 2024-02-12 09:20:46 INFO  Worker:25 - Polling tasks from managerToWorkerQueue
LOCAL 2024-02-12 09:20:46 ERROR Worker:39 - The specified queue does not exist. (Service: Sqs, Status Code: 400, Request ID: bdd15188-791a-5e63-8146-0fcbb014877f)
LOCAL 2024-02-12 09:20:46 INFO  Worker:25 - Polling tasks from managerToWorkerQueue
LOCAL 2024-02-12 09:20:46 ERROR Worker:39 - The specified queue does not exist. (Service: Sqs, Status Code: 400, Request ID: 2181561d-72fb-5c14-90a5-085ebbf5e508)
LOCAL 2024-02-12 09:20:46 INFO  Worker:25 - Polling tasks from managerToWorkerQueue
LOCAL 2024-02-12 09:20:47 ERROR Worker:39 - The specified queue does not exist. (Service: Sqs, Status Code: 400, Request ID: cd7f1ab2-ea60-50f7-b5f3-44f1236f1a0f)
LOCAL 2024-02-12 09:20:47 INFO  Worker:25 - Polling tasks from managerToWorkerQueue
LOCAL 2024-02-12 09:20:47 ERROR Worker:39 - The specified queue does not exist. (Service: Sqs, Status Code: 400, Request ID: 285bf12b-1d8a-5d8a-9e19-af68d4850772)
LOCAL 2024-02-12 09:20:47 INFO  Worker:25 - Polling tasks from managerToWorkerQueue
LOCAL 2024-02-12 09:20:47 ERROR Worker:39 - The specified queue does not exist. (Service: Sqs, Status Code: 400, Request ID: 749d276d-9bf8-5415-80f1-792e52f76eed)
LOCAL 2024-02-12 09:20:47 INFO  Worker:25 - Polling tasks from managerToWorkerQueue
LOCAL 2024-02-12 09:20:48 ERROR Worker:39 - The specified queue does not exist. (Service: Sqs, Status Code: 400, Request ID: 234e2a08-c864-5773-bb11-744b016b0d8b)
LOCAL 2024-02-12 09:20:48 INFO  Worker:25 - Polling tasks from managerToWorkerQueue
LOCAL 2024-02-12 09:20:48 ERROR Worker:39 - The specified queue does not exist. (Service: Sqs, Status Code: 400, Request ID: 0fa9812a-2ccf-5cb5-8ed8-df69e5c0f64d)
LOCAL 2024-02-12 09:20:48 INFO  Worker:25 - Polling tasks from managerToWorkerQueue
LOCAL 2024-02-12 09:20:48 ERROR Worker:39 - The specified queue does not exist. (Service: Sqs, Status Code: 400, Request ID: 0b2b5ede-64f8-5a3b-849f-009dadf7d0c3)
LOCAL 2024-02-12 09:20:48 INFO  Worker:25 - Polling tasks from managerToWorkerQueue
LOCAL 2024-02-12 09:20:48 ERROR Worker:39 - The specified queue does not exist. (Service: Sqs, Status Code: 400, Request ID: c2ff8086-4aa4-5917-a271-dec583aba3ef)
LOCAL 2024-02-12 09:20:48 INFO  Worker:25 - Polling tasks from managerToWorkerQueue
LOCAL 2024-02-12 09:20:48 ERROR Worker:39 - The specified queue does not exist. (Service: Sqs, Status Code: 400, Request ID: 61d8dc16-1264-560a-b4be-8255db745cf2)
LOCAL 2024-02-12 09:20:48 INFO  Worker:25 - Polling tasks from managerToWorkerQueue
LOCAL 2024-02-12 09:20:48 ERROR Worker:39 - The specified queue does not exist. (Service: Sqs, Status Code: 400, Request ID: 7c36be37-2cdc-5b12-8f8a-e074e5cc61ea)
LOCAL 2024-02-12 09:20:48 INFO  Worker:25 - Polling tasks from managerToWorkerQueue
LOCAL 2024-02-12 09:20:48 ERROR Worker:39 - The specified queue does not exist. (Service: Sqs, Status Code: 400, Request ID: 680a964e-3101-539c-b6d6-c80df8112964)
LOCAL 2024-02-12 09:20:48 INFO  Worker:25 - Polling tasks from managerToWorkerQueue
LOCAL 2024-02-12 09:20:49 ERROR Worker:39 - The specified queue does not exist. (Service: Sqs, Status Code: 400, Request ID: bc6331c0-3ae9-5c68-b6b7-6f83f3f9b690)
LOCAL 2024-02-12 09:20:49 INFO  Worker:25 - Polling tasks from managerToWorkerQueue
LOCAL 2024-02-12 09:20:49 ERROR Worker:39 - The specified queue does not exist. (Service: Sqs, Status Code: 400, Request ID: d456fa7f-6dde-584b-bb14-a43ca4cec2b3)
LOCAL 2024-02-12 09:20:49 INFO  Worker:25 - Polling tasks from managerToWorkerQueue
LOCAL 2024-02-12 09:20:49 ERROR Worker:39 - The specified queue does not exist. (Service: Sqs, Status Code: 400, Request ID: 7a19d2ec-ea5f-5720-9f0a-8caf234f9dd8)
LOCAL 2024-02-12 09:20:49 INFO  Worker:25 - Polling tasks from managerToWorkerQueue
LOCAL 2024-02-12 09:20:49 ERROR Worker:39 - The specified queue does not exist. (Service: Sqs, Status Code: 400, Request ID: ffa13f4d-5dd0-5da6-957b-610e94c0f75e)
LOCAL 2024-02-12 09:20:49 INFO  Worker:25 - Polling tasks from managerToWorkerQueue
LOCAL 2024-02-12 09:20:49 ERROR Worker:39 - The specified queue does not exist. (Service: Sqs, Status Code: 400, Request ID: 8baaf6a7-b683-50df-857a-a8e47f92da27)
LOCAL 2024-02-12 09:20:49 INFO  Worker:25 - Polling tasks from managerToWorkerQueue
LOCAL 2024-02-12 09:20:49 ERROR Worker:39 - The specified queue does not exist. (Service: Sqs, Status Code: 400, Request ID: cfd6085e-85cd-5efe-b7b1-561d4cdc4406)
LOCAL 2024-02-12 09:20:49 INFO  Worker:25 - Polling tasks from managerToWorkerQueue
LOCAL 2024-02-12 09:20:49 ERROR Worker:39 - The specified queue does not exist. (Service: Sqs, Status Code: 400, Request ID: 7adc90dd-2c89-5de3-9ac9-ce9ee598371b)
LOCAL 2024-02-12 09:20:49 INFO  Worker:25 - Polling tasks from managerToWorkerQueue
LOCAL 2024-02-12 09:20:50 ERROR Worker:39 - The specified queue does not exist. (Service: Sqs, Status Code: 400, Request ID: 640cc864-2520-5952-bc6a-9627ec31b3aa)
LOCAL 2024-02-12 09:20:50 INFO  Worker:25 - Polling tasks from managerToWorkerQueue
LOCAL 2024-02-12 09:20:50 ERROR Worker:39 - The specified queue does not exist. (Service: Sqs, Status Code: 400, Request ID: b004f292-0280-5dce-b604-acd1cb913736)
LOCAL 2024-02-12 09:20:50 INFO  Worker:25 - Polling tasks from managerToWorkerQueue
LOCAL 2024-02-12 09:20:50 ERROR Worker:39 - The specified queue does not exist. (Service: Sqs, Status Code: 400, Request ID: 0fc72503-9732-55df-b32c-7b405e23cf27)
LOCAL 2024-02-12 09:20:50 INFO  Worker:25 - Polling tasks from managerToWorkerQueue
LOCAL 2024-02-12 09:20:50 ERROR Worker:39 - The specified queue does not exist. (Service: Sqs, Status Code: 400, Request ID: d302a0b4-35a5-55b4-a991-fef7fcb49f4c)
LOCAL 2024-02-12 09:20:50 INFO  Worker:25 - Polling tasks from managerToWorkerQueue
LOCAL 2024-02-12 09:20:50 ERROR Worker:39 - The specified queue does not exist. (Service: Sqs, Status Code: 400, Request ID: 8cdc64ad-a627-53ee-97f4-3aee6f35b916)
LOCAL 2024-02-12 09:20:50 INFO  Worker:25 - Polling tasks from managerToWorkerQueue
LOCAL 2024-02-12 09:20:50 ERROR Worker:39 - The specified queue does not exist. (Service: Sqs, Status Code: 400, Request ID: dd000615-8b69-5583-b477-5856427b5f7b)
LOCAL 2024-02-12 09:20:50 INFO  Worker:25 - Polling tasks from managerToWorkerQueue
LOCAL 2024-02-12 09:20:51 ERROR Worker:39 - The specified queue does not exist. (Service: Sqs, Status Code: 400, Request ID: 0d1cfd37-8226-56bd-805b-a3744b343c45)
LOCAL 2024-02-12 09:20:51 INFO  Worker:25 - Polling tasks from managerToWorkerQueue
LOCAL 2024-02-12 09:20:51 ERROR Worker:39 - The specified queue does not exist. (Service: Sqs, Status Code: 400, Request ID: 1eb5f6b2-432a-5073-a7cd-a8f18a386a8b)
LOCAL 2024-02-12 09:20:51 INFO  Worker:25 - Polling tasks from managerToWorkerQueue
LOCAL 2024-02-12 09:20:51 ERROR Worker:39 - The specified queue does not exist. (Service: Sqs, Status Code: 400, Request ID: 93e4ca3f-10b8-5eb7-a04e-947cd9aa144f)
LOCAL 2024-02-12 09:20:51 INFO  Worker:25 - Polling tasks from managerToWorkerQueue
LOCAL 2024-02-12 09:20:51 ERROR Worker:39 - The specified queue does not exist. (Service: Sqs, Status Code: 400, Request ID: 4d8fc020-fc60-5ff8-8ae7-9e633572d500)
LOCAL 2024-02-12 09:20:51 INFO  Worker:25 - Polling tasks from managerToWorkerQueue
LOCAL 2024-02-12 09:20:51 ERROR Worker:39 - The specified queue does not exist. (Service: Sqs, Status Code: 400, Request ID: ee3f0972-ea23-5fb3-90b3-57312330954b)
LOCAL 2024-02-12 09:20:51 INFO  Worker:25 - Polling tasks from managerToWorkerQueue
LOCAL 2024-02-12 09:20:51 ERROR Worker:39 - The specified queue does not exist. (Service: Sqs, Status Code: 400, Request ID: 79fbf491-43fc-528e-bb73-aad28aef2876)
LOCAL 2024-02-12 09:20:51 INFO  Worker:25 - Polling tasks from managerToWorkerQueue
LOCAL 2024-02-12 09:20:51 ERROR Worker:39 - The specified queue does not exist. (Service: Sqs, Status Code: 400, Request ID: 25bf1ef0-311c-5f20-b4fe-40b3f80fc5d8)
LOCAL 2024-02-12 09:20:51 INFO  Worker:25 - Polling tasks from managerToWorkerQueue
LOCAL 2024-02-12 09:20:52 ERROR Worker:39 - The specified queue does not exist. (Service: Sqs, Status Code: 400, Request ID: 128bdd6c-7e9e-56d3-bcfb-832fb78d7c2b)
LOCAL 2024-02-12 09:20:52 INFO  Worker:25 - Polling tasks from managerToWorkerQueue
LOCAL 2024-02-12 09:20:52 ERROR Worker:39 - The specified queue does not exist. (Service: Sqs, Status Code: 400, Request ID: 345a562e-cfa1-5462-8bdd-086d06b25e9a)
LOCAL 2024-02-12 09:20:52 INFO  Worker:25 - Polling tasks from managerToWorkerQueue
LOCAL 2024-02-12 09:20:52 ERROR Worker:39 - The specified queue does not exist. (Service: Sqs, Status Code: 400, Request ID: 1c2b5744-98e6-517a-b55c-090751f50b82)
LOCAL 2024-02-12 09:20:52 INFO  Worker:25 - Polling tasks from managerToWorkerQueue
LOCAL 2024-02-12 09:20:52 ERROR Worker:39 - The specified queue does not exist. (Service: Sqs, Status Code: 400, Request ID: b546bdc4-dacd-57f8-bfb1-e38713dedd00)
LOCAL 2024-02-12 09:20:52 INFO  Worker:25 - Polling tasks from managerToWorkerQueue
LOCAL 2024-02-12 09:20:52 ERROR Worker:39 - The specified queue does not exist. (Service: Sqs, Status Code: 400, Request ID: a4dd1370-23a7-5ce8-9130-4d33eab32610)
LOCAL 2024-02-12 09:20:52 INFO  Worker:25 - Polling tasks from managerToWorkerQueue
LOCAL 2024-02-12 09:20:52 ERROR Worker:39 - The specified queue does not exist. (Service: Sqs, Status Code: 400, Request ID: 05a72edc-8b97-585a-8840-709f428312a2)
LOCAL 2024-02-12 09:20:52 INFO  Worker:25 - Polling tasks from managerToWorkerQueue
LOCAL 2024-02-12 09:20:52 ERROR Worker:39 - The specified queue does not exist. (Service: Sqs, Status Code: 400, Request ID: 965046ca-8bb3-539a-9428-188942a73962)
LOCAL 2024-02-12 09:20:52 INFO  Worker:25 - Polling tasks from managerToWorkerQueue
LOCAL 2024-02-12 09:20:53 ERROR Worker:39 - The specified queue does not exist. (Service: Sqs, Status Code: 400, Request ID: 0e2b92a4-c884-5798-9305-cce70190dd60)
LOCAL 2024-02-12 09:20:53 INFO  Worker:25 - Polling tasks from managerToWorkerQueue
LOCAL 2024-02-12 09:20:53 ERROR Worker:39 - The specified queue does not exist. (Service: Sqs, Status Code: 400, Request ID: de952fe1-e5b1-53e1-bf98-71a22ca5d919)
LOCAL 2024-02-12 09:20:53 INFO  Worker:25 - Polling tasks from managerToWorkerQueue
LOCAL 2024-02-12 09:20:53 ERROR Worker:39 - The specified queue does not exist. (Service: Sqs, Status Code: 400, Request ID: cfb4bc78-03f3-5222-b812-e23bcae728da)
LOCAL 2024-02-12 09:20:53 INFO  Worker:25 - Polling tasks from managerToWorkerQueue
LOCAL 2024-02-12 09:20:53 ERROR Worker:39 - The specified queue does not exist. (Service: Sqs, Status Code: 400, Request ID: 09809355-06fd-53a9-83f4-cd16cfe91951)
LOCAL 2024-02-12 09:20:53 INFO  Worker:25 - Polling tasks from managerToWorkerQueue
LOCAL 2024-02-12 09:20:53 ERROR Worker:39 - The specified queue does not exist. (Service: Sqs, Status Code: 400, Request ID: 79de2beb-6418-5f14-b1a1-75a8ad0dd5ec)
LOCAL 2024-02-12 09:20:53 INFO  Worker:25 - Polling tasks from managerToWorkerQueue
LOCAL 2024-02-12 09:20:53 ERROR Worker:39 - The specified queue does not exist. (Service: Sqs, Status Code: 400, Request ID: 2cc234c7-06ea-5dca-9d35-6a84cfffd732)
LOCAL 2024-02-12 09:20:53 INFO  Worker:25 - Polling tasks from managerToWorkerQueue
LOCAL 2024-02-12 09:20:53 ERROR Worker:39 - The specified queue does not exist. (Service: Sqs, Status Code: 400, Request ID: d9af1715-05dc-5c33-8484-4956ccc996cb)
LOCAL 2024-02-12 09:20:53 INFO  Worker:25 - Polling tasks from managerToWorkerQueue
LOCAL 2024-02-12 09:20:54 ERROR Worker:39 - The specified queue does not exist. (Service: Sqs, Status Code: 400, Request ID: 10a3cc98-c00f-50c1-8da2-92db091a5a39)
LOCAL 2024-02-12 09:20:54 INFO  Worker:25 - Polling tasks from managerToWorkerQueue
LOCAL 2024-02-12 09:20:54 ERROR Worker:39 - The specified queue does not exist. (Service: Sqs, Status Code: 400, Request ID: f2d7b1c1-7e2a-55a4-a035-ef82b73f6f5c)
LOCAL 2024-02-12 09:20:54 INFO  Worker:25 - Polling tasks from managerToWorkerQueue
LOCAL 2024-02-12 09:20:54 ERROR Worker:39 - The specified queue does not exist. (Service: Sqs, Status Code: 400, Request ID: d737a2d5-e4fb-5cf1-b313-fc962dee0609)
LOCAL 2024-02-12 09:20:54 INFO  Worker:25 - Polling tasks from managerToWorkerQueue
LOCAL 2024-02-12 09:20:54 ERROR Worker:39 - The specified queue does not exist. (Service: Sqs, Status Code: 400, Request ID: 0d624fbb-64ff-561c-a3ee-11f8adeacce4)
LOCAL 2024-02-12 09:20:54 INFO  Worker:25 - Polling tasks from managerToWorkerQueue
LOCAL 2024-02-12 09:20:54 ERROR Worker:39 - The specified queue does not exist. (Service: Sqs, Status Code: 400, Request ID: a1b632c2-f211-5215-843c-6c813b0798ed)
LOCAL 2024-02-12 09:20:54 INFO  Worker:25 - Polling tasks from managerToWorkerQueue
LOCAL 2024-02-12 09:20:54 ERROR Worker:39 - The specified queue does not exist. (Service: Sqs, Status Code: 400, Request ID: 19ad4b83-a1f9-55ae-9649-15c068efcf56)
LOCAL 2024-02-12 09:20:54 INFO  Worker:25 - Polling tasks from managerToWorkerQueue
LOCAL 2024-02-12 09:20:54 ERROR Worker:39 - The specified queue does not exist. (Service: Sqs, Status Code: 400, Request ID: 23e7b4d9-78fc-5fdc-84d6-ea9ab1ea4524)
LOCAL 2024-02-12 09:20:54 INFO  Worker:25 - Polling tasks from managerToWorkerQueue
LOCAL 2024-02-12 09:20:55 ERROR Worker:39 - The specified queue does not exist. (Service: Sqs, Status Code: 400, Request ID: 339b4608-3f30-5a5e-b145-184bf62660a6)
LOCAL 2024-02-12 09:20:55 INFO  Worker:25 - Polling tasks from managerToWorkerQueue
LOCAL 2024-02-12 09:20:55 ERROR Worker:39 - The specified queue does not exist. (Service: Sqs, Status Code: 400, Request ID: 66507b30-6236-583b-bcab-2573ab2052c3)
LOCAL 2024-02-12 09:20:55 INFO  Worker:25 - Polling tasks from managerToWorkerQueue
LOCAL 2024-02-12 09:20:55 ERROR Worker:39 - The specified queue does not exist. (Service: Sqs, Status Code: 400, Request ID: ab61ba59-8ada-5c0b-9b3b-e41a43cce6f3)
LOCAL 2024-02-12 09:20:55 INFO  Worker:25 - Polling tasks from managerToWorkerQueue
LOCAL 2024-02-12 09:20:55 ERROR Worker:39 - The specified queue does not exist. (Service: Sqs, Status Code: 400, Request ID: 9db2d550-f11f-5601-8b53-8b1338092cf9)
LOCAL 2024-02-12 09:20:55 INFO  Worker:25 - Polling tasks from managerToWorkerQueue
LOCAL 2024-02-12 09:20:55 ERROR Worker:39 - The specified queue does not exist. (Service: Sqs, Status Code: 400, Request ID: 67871205-5786-584c-b1fa-4c469e91a2b4)
LOCAL 2024-02-12 09:20:55 INFO  Worker:25 - Polling tasks from managerToWorkerQueue
LOCAL 2024-02-12 09:20:55 ERROR Worker:39 - The specified queue does not exist. (Service: Sqs, Status Code: 400, Request ID: 0a2e06ee-2d2d-5176-9990-58ade43a9b8e)
LOCAL 2024-02-12 09:20:55 INFO  Worker:25 - Polling tasks from managerToWorkerQueue
