LOCAL 2024-02-12 17:10:09 INFO  LocalApp:37 - LocalApp started with id 9a5176f86197315e
LOCAL 2024-02-12 17:10:09 INFO  LocalApp:40 - LocalAppEnv created
LOCAL 2024-02-12 17:10:11 INFO  S3Handler:24 - S3 bucket sarcasm-analysis-bucket created
LOCAL 2024-02-12 17:10:12 INFO  SQSHandler:19 - Queue localToManagerQueue created
LOCAL 2024-02-12 17:10:13 INFO  SQSHandler:19 - Queue managerToLocalQueue created
LOCAL 2024-02-12 17:10:14 INFO  S3Handler:42 - File input1.txt uploaded to S3 bucket sarcasm-analysis-bucket/9a5176f86197315e
LOCAL 2024-02-12 17:10:14 INFO  SQSHandler:76 - Sent message to https://sqs.us-east-1.amazonaws.com/767398090493/localToManagerQueue
LOCAL 2024-02-12 17:10:14 INFO  LocalApp:82 - Sent task to manager: input1.txt for inputIndex 0 with 280 reviews per worker
LOCAL 2024-02-12 17:10:15 INFO  S3Handler:42 - File input2.txt uploaded to S3 bucket sarcasm-analysis-bucket/9a5176f86197315e
LOCAL 2024-02-12 17:10:15 INFO  SQSHandler:76 - Sent message to https://sqs.us-east-1.amazonaws.com/767398090493/localToManagerQueue
LOCAL 2024-02-12 17:10:15 INFO  LocalApp:82 - Sent task to manager: input2.txt for inputIndex 1 with 280 reviews per worker
LOCAL 2024-02-12 17:10:15 INFO  S3Handler:42 - File input3.txt uploaded to S3 bucket sarcasm-analysis-bucket/9a5176f86197315e
LOCAL 2024-02-12 17:10:16 INFO  SQSHandler:76 - Sent message to https://sqs.us-east-1.amazonaws.com/767398090493/localToManagerQueue
LOCAL 2024-02-12 17:10:16 INFO  LocalApp:82 - Sent task to manager: input3.txt for inputIndex 2 with 280 reviews per worker
LOCAL 2024-02-12 17:10:16 INFO  S3Handler:42 - File input4.txt uploaded to S3 bucket sarcasm-analysis-bucket/9a5176f86197315e
LOCAL 2024-02-12 17:10:16 INFO  SQSHandler:76 - Sent message to https://sqs.us-east-1.amazonaws.com/767398090493/localToManagerQueue
LOCAL 2024-02-12 17:10:16 INFO  LocalApp:82 - Sent task to manager: input4.txt for inputIndex 3 with 280 reviews per worker
LOCAL 2024-02-12 17:10:17 INFO  S3Handler:42 - File input5.txt uploaded to S3 bucket sarcasm-analysis-bucket/9a5176f86197315e
LOCAL 2024-02-12 17:10:17 INFO  SQSHandler:76 - Sent message to https://sqs.us-east-1.amazonaws.com/767398090493/localToManagerQueue
LOCAL 2024-02-12 17:10:17 INFO  LocalApp:82 - Sent task to manager: input5.txt for inputIndex 4 with 280 reviews per worker
LOCAL 2024-02-12 17:10:18 INFO  EC2Handler:87 - Manager instance does not exist
LOCAL 2024-02-12 17:10:18 INFO  EC2Handler:93 - Creating manager instance
LOCAL 2024-02-12 17:10:20 INFO  EC2Handler:33 - Successfully started EC2 instance i-01721a1b84d251f1a based on AMI ami-00e95a9222311e8ed
LOCAL 2024-02-12 17:10:20 INFO  LocalApp:89 - Polling for responses from manager
LOCAL 2024-02-12 17:17:40 INFO  LocalApp:101 - Received response from manager: 9a5176f86197315e::done::9a5176f86197315e-summary-2::2
LOCAL 2024-02-12 17:17:40 INFO  LocalApp:27 - LocalAppTask started
LOCAL 2024-02-12 17:17:40 INFO  S3Handler:56 - Downloading file 9a5176f86197315e/9a5176f86197315e-summary-2 from S3 bucket sarcasm-analysis-bucket
LOCAL 2024-02-12 17:17:41 INFO  LocalApp:35 - Received summary file from S3
LOCAL 2024-02-12 17:17:41 INFO  LocalApp:64 - Added all reviews to summary
LOCAL 2024-02-12 17:17:41 INFO  LocalApp:73 - Created summary HTML file at output3.html
LOCAL 2024-02-12 17:17:41 INFO  SQSHandler:116 - Deleted message from https://sqs.us-east-1.amazonaws.com/767398090493/managerToLocalQueue
LOCAL 2024-02-12 17:17:41 INFO  LocalApp:89 - Polling for responses from manager
LOCAL 2024-02-12 17:22:47 INFO  LocalApp:101 - Received response from manager: 9a5176f86197315e::done::9a5176f86197315e-summary-1::1
LOCAL 2024-02-12 17:22:47 INFO  LocalApp:27 - LocalAppTask started
LOCAL 2024-02-12 17:22:47 INFO  S3Handler:56 - Downloading file 9a5176f86197315e/9a5176f86197315e-summary-1 from S3 bucket sarcasm-analysis-bucket
LOCAL 2024-02-12 17:22:49 INFO  LocalApp:35 - Received summary file from S3
LOCAL 2024-02-12 17:22:49 INFO  LocalApp:64 - Added all reviews to summary
LOCAL 2024-02-12 17:22:49 INFO  LocalApp:73 - Created summary HTML file at output2.html
LOCAL 2024-02-12 17:22:49 INFO  SQSHandler:116 - Deleted message from https://sqs.us-east-1.amazonaws.com/767398090493/managerToLocalQueue
LOCAL 2024-02-12 17:22:49 INFO  LocalApp:89 - Polling for responses from manager
LOCAL 2024-02-12 17:23:17 INFO  LocalApp:101 - Received response from manager: 9a5176f86197315e::done::9a5176f86197315e-summary-3::3
LOCAL 2024-02-12 17:23:17 INFO  LocalApp:27 - LocalAppTask started
LOCAL 2024-02-12 17:23:17 INFO  S3Handler:56 - Downloading file 9a5176f86197315e/9a5176f86197315e-summary-3 from S3 bucket sarcasm-analysis-bucket
LOCAL 2024-02-12 17:23:18 INFO  LocalApp:35 - Received summary file from S3
LOCAL 2024-02-12 17:23:18 INFO  LocalApp:64 - Added all reviews to summary
LOCAL 2024-02-12 17:23:18 INFO  LocalApp:73 - Created summary HTML file at output4.html
LOCAL 2024-02-12 17:23:18 INFO  SQSHandler:116 - Deleted message from https://sqs.us-east-1.amazonaws.com/767398090493/managerToLocalQueue
LOCAL 2024-02-12 17:23:18 INFO  LocalApp:89 - Polling for responses from manager
LOCAL 2024-02-12 17:26:57 INFO  LocalApp:101 - Received response from manager: 9a5176f86197315e::done::9a5176f86197315e-summary-0::0
LOCAL 2024-02-12 17:26:57 INFO  LocalApp:27 - LocalAppTask started
LOCAL 2024-02-12 17:26:57 INFO  S3Handler:56 - Downloading file 9a5176f86197315e/9a5176f86197315e-summary-0 from S3 bucket sarcasm-analysis-bucket
LOCAL 2024-02-12 17:26:58 INFO  LocalApp:35 - Received summary file from S3
LOCAL 2024-02-12 17:26:58 INFO  LocalApp:64 - Added all reviews to summary
LOCAL 2024-02-12 17:26:58 INFO  LocalApp:73 - Created summary HTML file at output1.html
LOCAL 2024-02-12 17:26:58 INFO  SQSHandler:116 - Deleted message from https://sqs.us-east-1.amazonaws.com/767398090493/managerToLocalQueue
LOCAL 2024-02-12 17:26:58 INFO  LocalApp:89 - Polling for responses from manager
LOCAL 2024-02-12 17:27:01 INFO  LocalApp:101 - Received response from manager: 9a5176f86197315e::done::9a5176f86197315e-summary-4::4
LOCAL 2024-02-12 17:27:01 INFO  LocalApp:27 - LocalAppTask started
LOCAL 2024-02-12 17:27:01 INFO  S3Handler:56 - Downloading file 9a5176f86197315e/9a5176f86197315e-summary-4 from S3 bucket sarcasm-analysis-bucket
LOCAL 2024-02-12 17:27:01 INFO  LocalApp:35 - Received summary file from S3
LOCAL 2024-02-12 17:27:01 INFO  LocalApp:64 - Added all reviews to summary
LOCAL 2024-02-12 17:27:01 INFO  LocalApp:73 - Created summary HTML file at output5.html
LOCAL 2024-02-12 17:27:01 INFO  SQSHandler:116 - Deleted message from https://sqs.us-east-1.amazonaws.com/767398090493/managerToLocalQueue
LOCAL 2024-02-12 17:27:01 INFO  LocalApp:157 - Sending terminate message to manager
LOCAL 2024-02-12 17:27:02 INFO  SQSHandler:76 - Sent message to https://sqs.us-east-1.amazonaws.com/767398090493/localToManagerQueue
LOCAL 2024-02-12 17:27:02 INFO  LocalApp:133 - Waiting for executor to finish
LOCAL 2024-02-12 17:27:02 INFO  LocalApp:138 - Executor finished
LOCAL 2024-02-12 17:27:02 INFO  S3Handler:71 - File 9a5176f86197315e/ deleted from S3 bucket sarcasm-analysis-bucket
LOCAL 2024-02-12 17:27:02 INFO  LocalApp:67 - LocalApp finished
