LOCAL 2024-02-12 16:49:51 INFO  Worker:18 - Worker started
LOCAL 2024-02-12 16:49:52 INFO  Worker:29 - Polling tasks from managerToWorkerQueue
LOCAL 2024-02-12 16:49:52 INFO  Worker:57 - Received task: bb88f55c7c98a7eb::0::RLFQFIXIXBSP1::When I was a child we did not have this magical banana slicer technology, because we were poor and deprived and were forced to use these contraptions called knives which were really just small death traps. Nobody knows the pain and suffering I have had to indure during these banana slicing quests. I have lost three fingers, a toe, an eye, and a little brother all because this amazing 571 Banana Slicer didn't exist back then! I was hospitalized for suicide, but really I wasn't trying to kill myself I just wanted to eat this delicious fruit in slices.  Trust me buy this product it will not only save you money, but also your limbs, family, and years and years of therapy!  Due to my missing eye and fingers this review took me six days to complete.  Don't make the same mistake as I did and resort to using knives. Now that I have this 571 banana slicer my life is back on the right track, and I can finally sleep at night!::entityRecognition for localAppId bb88f55c7c98a7eb for inputIndex 0
LOCAL 2024-02-12 16:49:53 INFO  SQSHandler:76 - Sent message to https://sqs.us-east-1.amazonaws.com/767398090493/workerToManagerQueue
LOCAL 2024-02-12 16:49:53 INFO  SQSHandler:116 - Deleted message from https://sqs.us-east-1.amazonaws.com/767398090493/managerToWorkerQueue
LOCAL 2024-02-12 16:49:53 INFO  Worker:29 - Polling tasks from managerToWorkerQueue
LOCAL 2024-02-12 16:49:54 INFO  Worker:57 - Received task: bb88f55c7c98a7eb::0::RUUSHJN2XN55G::Rumor has it the 572 will include a laser alignment guide as well as a build in light for night slicing, rendering the current 571 obsolete.::entityRecognition for localAppId bb88f55c7c98a7eb for inputIndex 0
LOCAL 2024-02-12 16:49:54 INFO  SQSHandler:76 - Sent message to https://sqs.us-east-1.amazonaws.com/767398090493/workerToManagerQueue
LOCAL 2024-02-12 16:49:54 INFO  SQSHandler:116 - Deleted message from https://sqs.us-east-1.amazonaws.com/767398090493/managerToWorkerQueue
LOCAL 2024-02-12 16:49:54 INFO  Worker:29 - Polling tasks from managerToWorkerQueue
LOCAL 2024-02-12 16:49:54 INFO  Worker:57 - Received task: bb88f55c7c98a7eb::0::R2LRDQPC425O32::Awesome::sentimentAnalysis for localAppId bb88f55c7c98a7eb for inputIndex 0
LOCAL 2024-02-12 16:49:55 INFO  SQSHandler:76 - Sent message to https://sqs.us-east-1.amazonaws.com/767398090493/workerToManagerQueue
LOCAL 2024-02-12 16:49:55 INFO  SQSHandler:116 - Deleted message from https://sqs.us-east-1.amazonaws.com/767398090493/managerToWorkerQueue
LOCAL 2024-02-12 16:49:55 INFO  Worker:29 - Polling tasks from managerToWorkerQueue
LOCAL 2024-02-12 16:49:55 INFO  Worker:57 - Received task: bb88f55c7c98a7eb::0::R334S2T0S5RJC8::One word ! Plastic.But this banana slicer works very well.Just peel the banana, and use it in a second.Every part of the banana has the same size. GREAAT !::entityRecognition for localAppId bb88f55c7c98a7eb for inputIndex 0
LOCAL 2024-02-12 16:49:55 INFO  SQSHandler:76 - Sent message to https://sqs.us-east-1.amazonaws.com/767398090493/workerToManagerQueue
LOCAL 2024-02-12 16:49:55 INFO  SQSHandler:116 - Deleted message from https://sqs.us-east-1.amazonaws.com/767398090493/managerToWorkerQueue
LOCAL 2024-02-12 16:49:55 INFO  Worker:29 - Polling tasks from managerToWorkerQueue
LOCAL 2024-02-12 16:49:56 INFO  Worker:57 - Received task: bb88f55c7c98a7eb::0::R2F6RD8A51CD4T::The Hutzler 570 was a good product but the newly upgraded 571 overcomes many of it's shortcomings.  Instead of the red rim of the 570, the 571 is yellow - that's the same color as bananas - so no more accidental tomato / bell pepper slicing.Best cleaned with a Philips Somicare (not included), and for more stubborn slots at either end use non-minted floss.Skip the instruction manual, the quick start guide is all you need for basic banana slicing.::entityRecognition for localAppId bb88f55c7c98a7eb for inputIndex 0
LOCAL 2024-02-12 16:49:56 INFO  SQSHandler:76 - Sent message to https://sqs.us-east-1.amazonaws.com/767398090493/workerToManagerQueue
LOCAL 2024-02-12 16:49:56 INFO  SQSHandler:116 - Deleted message from https://sqs.us-east-1.amazonaws.com/767398090493/managerToWorkerQueue
LOCAL 2024-02-12 16:49:56 INFO  Worker:29 - Polling tasks from managerToWorkerQueue
LOCAL 2024-02-12 16:49:56 INFO  Worker:57 - Received task: bb88f55c7c98a7eb::0::R16H2OEL7GO05H::Not enough good things can be said about the Hutzler 571.  It is a device that this generation desperately needs.  One day, you will see the 571 in the Smithsonian.::entityRecognition for localAppId bb88f55c7c98a7eb for inputIndex 0
LOCAL 2024-02-12 16:49:57 INFO  SQSHandler:76 - Sent message to https://sqs.us-east-1.amazonaws.com/767398090493/workerToManagerQueue
LOCAL 2024-02-12 16:49:57 INFO  SQSHandler:116 - Deleted message from https://sqs.us-east-1.amazonaws.com/767398090493/managerToWorkerQueue
LOCAL 2024-02-12 16:49:57 INFO  Worker:29 - Polling tasks from managerToWorkerQueue
LOCAL 2024-02-12 16:49:57 INFO  Worker:57 - Received task: bb88f55c7c98a7eb::0::R3IPZ77QUB7G0S::My daughter loves this. It's very large and works with any banana size.::sentimentAnalysis for localAppId bb88f55c7c98a7eb for inputIndex 0
LOCAL 2024-02-12 16:49:57 INFO  SQSHandler:76 - Sent message to https://sqs.us-east-1.amazonaws.com/767398090493/workerToManagerQueue
LOCAL 2024-02-12 16:49:57 INFO  SQSHandler:116 - Deleted message from https://sqs.us-east-1.amazonaws.com/767398090493/managerToWorkerQueue
LOCAL 2024-02-12 16:49:57 INFO  Worker:29 - Polling tasks from managerToWorkerQueue
LOCAL 2024-02-12 16:49:57 INFO  Worker:57 - Received task: bb88f55c7c98a7eb::0::RLMAURWMU92FE::Love me some sliced Bananas.::sentimentAnalysis for localAppId bb88f55c7c98a7eb for inputIndex 0
LOCAL 2024-02-12 16:49:58 INFO  SQSHandler:76 - Sent message to https://sqs.us-east-1.amazonaws.com/767398090493/workerToManagerQueue
LOCAL 2024-02-12 16:49:58 INFO  SQSHandler:116 - Deleted message from https://sqs.us-east-1.amazonaws.com/767398090493/managerToWorkerQueue
LOCAL 2024-02-12 16:49:58 INFO  Worker:29 - Polling tasks from managerToWorkerQueue
LOCAL 2024-02-12 16:49:58 INFO  Worker:57 - Received task: bb88f55c7c98a7eb::0::RF7QY2Q22URKZ::I am, at long last, the proud owner of a Hutzler 571B Banana Slicer, which my sweet daughter gave me in my Christmas stocking--along with pages and pages of the best reviews she printed up for me.  I have wanted a Hutzler 571B Banana Slicer ever since my daughter found the reviews for it on Amazon a few years ago and read them aloud to me while I was driving.  Of course, I nearly ran off the road several times, I was laughing so hard, but we made it safely in the end without getting pulled over.  Although, if we had been, all we would have needed to do was to read a couple reviews to the cop.  I think he would have forgiven us!  Ever since then, I have wanted my very own 571B Banana Slicer--and now I have one!For Christmas brunch, my daughter-in-law asked me to make a fruit salad, and I was so excited to use my new Hutzler 571B Banana Slicer!  I made the salad the night before, but took the intact bananas, my 571B Banana Slicer, and the reviews along so that everyone could enjoy the process.  It was so much FUN slicing my bananas, although I do recommend removing all the stringy things BEFORE you slice.  It's really hard to pick little short sliced-up pieces of stringy stuff off of every slice!I have one suggestion for the Hutzler company:  You need to invent a 571B-B Banana Slicer for those who like thin slices.  These slices are awfully thick, especially for small children.  And trust me, it's REALLY HARD to slice a banana, then have to line the slices up right next to each other, move the Banana Slicer over half a slice--and slice a second time to get nice, thin slices.  You mostly end up with banana purée, which is nice if you're feeding a baby or a really old person, but not so nice for a fancy Christmas fruit salad.One more suggestion for Amazon--MAKE A BOOK OF THE REVIEWS OF THE HUTZLER 571B BANANA SLICER!  I would buy one for every single person in my family--and there are lots of us!I'm attaching photos of me proudly slicing my first banana, as well as the fruit salad with those lovely, perfect little slices of banana.  I foresee a future full of banana cream pies, banana pudding, banana-topped fruit salad, sliced bananas on peanut butter sandwiches, Bananas Foster . . .::sentimentAnalysis for localAppId bb88f55c7c98a7eb for inputIndex 0
LOCAL 2024-02-12 16:50:12 INFO  SQSHandler:76 - Sent message to https://sqs.us-east-1.amazonaws.com/767398090493/workerToManagerQueue
LOCAL 2024-02-12 16:50:13 INFO  SQSHandler:116 - Deleted message from https://sqs.us-east-1.amazonaws.com/767398090493/managerToWorkerQueue
LOCAL 2024-02-12 16:50:13 INFO  Worker:29 - Polling tasks from managerToWorkerQueue
LOCAL 2024-02-12 16:50:13 INFO  Worker:57 - Received task: bb88f55c7c98a7eb::0::R12FC4OEC8WYAG::fun::sentimentAnalysis for localAppId bb88f55c7c98a7eb for inputIndex 0
LOCAL 2024-02-12 16:50:13 INFO  SQSHandler:76 - Sent message to https://sqs.us-east-1.amazonaws.com/767398090493/workerToManagerQueue
LOCAL 2024-02-12 16:50:13 INFO  SQSHandler:116 - Deleted message from https://sqs.us-east-1.amazonaws.com/767398090493/managerToWorkerQueue
LOCAL 2024-02-12 16:50:13 INFO  Worker:29 - Polling tasks from managerToWorkerQueue
LOCAL 2024-02-12 16:50:13 INFO  Worker:57 - Received task: bb88f55c7c98a7eb::0::R3BFVE3ADXNAOC::This is a great item for cereal and having around children but not something I can use much as I only like bananas with no spots.  Never but large bananas only small ones so to large for me.::entityRecognition for localAppId bb88f55c7c98a7eb for inputIndex 0
LOCAL 2024-02-12 16:50:14 INFO  SQSHandler:76 - Sent message to https://sqs.us-east-1.amazonaws.com/767398090493/workerToManagerQueue
LOCAL 2024-02-12 16:50:14 INFO  SQSHandler:116 - Deleted message from https://sqs.us-east-1.amazonaws.com/767398090493/managerToWorkerQueue
LOCAL 2024-02-12 16:50:14 INFO  Worker:29 - Polling tasks from managerToWorkerQueue
LOCAL 2024-02-12 16:50:14 INFO  Worker:57 - Received task: bb88f55c7c98a7eb::0::R30JYK1X92BW1S::so funny!::sentimentAnalysis for localAppId bb88f55c7c98a7eb for inputIndex 0
LOCAL 2024-02-12 16:50:14 INFO  SQSHandler:76 - Sent message to https://sqs.us-east-1.amazonaws.com/767398090493/workerToManagerQueue
LOCAL 2024-02-12 16:50:14 INFO  SQSHandler:116 - Deleted message from https://sqs.us-east-1.amazonaws.com/767398090493/managerToWorkerQueue
LOCAL 2024-02-12 16:50:14 INFO  Worker:29 - Polling tasks from managerToWorkerQueue
LOCAL 2024-02-12 16:50:14 INFO  Worker:57 - Received task: bb88f55c7c98a7eb::0::RT1ASQWSMAY0T::Gave these as gifts at work and everyone loved them! Plus they work perfectly...my grandkids loved it!  And I like that they are dishwasher safe.::sentimentAnalysis for localAppId bb88f55c7c98a7eb for inputIndex 0
LOCAL 2024-02-12 16:50:15 INFO  SQSHandler:76 - Sent message to https://sqs.us-east-1.amazonaws.com/767398090493/workerToManagerQueue
LOCAL 2024-02-12 16:50:15 INFO  SQSHandler:116 - Deleted message from https://sqs.us-east-1.amazonaws.com/767398090493/managerToWorkerQueue
LOCAL 2024-02-12 16:50:15 INFO  Worker:29 - Polling tasks from managerToWorkerQueue
LOCAL 2024-02-12 16:50:15 INFO  Worker:57 - Received task: bb88f55c7c98a7eb::0::R4RD4U3RT0U2H::Banana gets stuck to it.::entityRecognition for localAppId bb88f55c7c98a7eb for inputIndex 0
LOCAL 2024-02-12 16:50:15 INFO  SQSHandler:76 - Sent message to https://sqs.us-east-1.amazonaws.com/767398090493/workerToManagerQueue
LOCAL 2024-02-12 16:50:15 INFO  SQSHandler:116 - Deleted message from https://sqs.us-east-1.amazonaws.com/767398090493/managerToWorkerQueue
LOCAL 2024-02-12 16:50:15 INFO  Worker:29 - Polling tasks from managerToWorkerQueue
LOCAL 2024-02-12 16:50:15 INFO  Worker:57 - Received task: bb88f55c7c98a7eb::0::RXFUWH0SW6L::I bought this just as kind of a joke. My wife slices up a whole bunch of bananas every week and freezes them for smoothies. Works great!::sentimentAnalysis for localAppId bb88f55c7c98a7eb for inputIndex 0
LOCAL 2024-02-12 16:50:16 INFO  SQSHandler:76 - Sent message to https://sqs.us-east-1.amazonaws.com/767398090493/workerToManagerQueue
LOCAL 2024-02-12 16:50:16 INFO  SQSHandler:116 - Deleted message from https://sqs.us-east-1.amazonaws.com/767398090493/managerToWorkerQueue
LOCAL 2024-02-12 16:50:16 INFO  Worker:29 - Polling tasks from managerToWorkerQueue
LOCAL 2024-02-12 16:50:16 INFO  Worker:57 - Received task: bb88f55c7c98a7eb::0::R277PJZU4327P1::Word on the street is that Victorio is holding a press conference in October announcing the new 571C model. Personally, I am holding off purchasing this item until the more advanced model comes out. I am planning to take a week off from work to camp out in front of BB&B so I can be the first amongst my friends and peers to own it!::sentimentAnalysis for localAppId bb88f55c7c98a7eb for inputIndex 0
LOCAL 2024-02-12 16:50:17 INFO  SQSHandler:76 - Sent message to https://sqs.us-east-1.amazonaws.com/767398090493/workerToManagerQueue
LOCAL 2024-02-12 16:50:17 INFO  SQSHandler:116 - Deleted message from https://sqs.us-east-1.amazonaws.com/767398090493/managerToWorkerQueue
LOCAL 2024-02-12 16:50:17 INFO  Worker:29 - Polling tasks from managerToWorkerQueue
LOCAL 2024-02-12 16:50:18 INFO  Worker:57 - Received task: bb88f55c7c98a7eb::0::R2N0ISKZIJN7BG::Better than the rest!::sentimentAnalysis for localAppId bb88f55c7c98a7eb for inputIndex 0
LOCAL 2024-02-12 16:50:18 INFO  SQSHandler:76 - Sent message to https://sqs.us-east-1.amazonaws.com/767398090493/workerToManagerQueue
LOCAL 2024-02-12 16:50:18 INFO  SQSHandler:116 - Deleted message from https://sqs.us-east-1.amazonaws.com/767398090493/managerToWorkerQueue
LOCAL 2024-02-12 16:50:18 INFO  Worker:29 - Polling tasks from managerToWorkerQueue
LOCAL 2024-02-12 16:50:18 INFO  Worker:57 - Received task: bb88f55c7c98a7eb::0::RN18ZFNQJGQPB::In the past few years I have been prescribed multiple medications for anxiety and sleep related issues.  I have seen specialist, taken stress test and have even started yoga.  My wife and I could not figure out why this sudden change in my health.  Until now!  I wake up every morning at 5am and stress about getting my morning banana perfectly sliced before I run out to catch the train for my new job downtown.  We have 17 month old twin girls and live in a small house with a ARM mortgage that is about to explode at the end of the month, but that's besides the point.  For years I have struggled to find an easy, safe and practical way of slicing those pesky bananas.  My wife ordered this for me and BAM - I can now wake up refreshed.  We had no idea that cutting banana's for breakfast could take such a toll on my health.  My family physician recommended I stay on my medication, but I think he just wants to collect the money from my insurance company.  I said "No way doc!  I cut bananas with ease and peace of mind - and am going to live my life stress free."  Even on days that I am stuck in traffic for 3-4 hours trying to get to my job that is destined to fail because it's managed by a bunch of crooks that can care less about it's staff, I have my perfectly sliced, slightly brown F#$%#@ bananas!  The best part.  This F#$%# can even slice green bananas.  I got a little over zealous and tried slicing plantain with this, and it was just a little bit too small for that class of fruit.  God speed Hutzler!  You have not only made our breakfast stress free.  You have saved my life.Edit:  I have raised the star level to 5.  I realized that if stranded on an island this would be the first thing I would want.  It's that good.::sentimentAnalysis for localAppId bb88f55c7c98a7eb for inputIndex 0
LOCAL 2024-02-12 16:50:25 INFO  SQSHandler:76 - Sent message to https://sqs.us-east-1.amazonaws.com/767398090493/workerToManagerQueue
LOCAL 2024-02-12 16:50:25 INFO  SQSHandler:116 - Deleted message from https://sqs.us-east-1.amazonaws.com/767398090493/managerToWorkerQueue
LOCAL 2024-02-12 16:50:25 INFO  Worker:29 - Polling tasks from managerToWorkerQueue
LOCAL 2024-02-12 16:50:25 INFO  Worker:57 - Received task: bb88f55c7c98a7eb::0::RH20QUQ5QQR83::After four years of being labeled a failing school by the No Child Left Behind bureaucrats, our school district totally had to totally revamp our schools, staff, curriculum and regular way of doing business. After floundering around looking for strategies and materials that will produce smarter, more engaged students with better test scores, we went all in and ordered 20,000 Hutzler 571's so every student and staff member has one for home and school.Before we Hutzlerized our math curriculum, our students tests scores were in the toilet. The revolutionary abacus adaptor kit we developed for the Hutzler allows our students to perform math functions from simple counting for kindergarten,  addition/subtraction for primary; multiplication/division and on through square and cube roots. Algebraic, calculus, etc algothrithms are being developed.When we got our fall math test scores back we were astounded!! Our students are now outperforming the Finnish, Chinese, and Singapore students. It's just unbelievable how excited our students are about their Hutzler math program. They don't even want to use their calculators anymore.We've also totally Hutzlerized our music program. Instruments cost too much money, so now we just use the Hutzler 571 for middle and high school band. Our incredible music teacher has come up with amazing techniques and arrangements for Hutzler kazoo and percussion. Of course, our middle school boys quickly figured out how to use the Hutzler under their armpit to produce additional musical offerings. Our incredible Hutzler concerts move everyone to tears.We are continually discovering new, wonderful uses for the Hutzler 571 in the educational setting. Our school nurses now use the Hutzler as a useful device for checking students for head lice. With a Hutzler in each hand the nurse can pull back the hair and probe the nits with the pointed end. We now have the highest percentage of lice reduction in the state!! Thank you Hutzler!,To conclude, as a 25 year veteran educator, I no longer feel like a dispirited, underpaid, underappreciated grunt. Thanks to the Hutzler 571, my passion for teaching has never been better, and I'm just one of many teachers in our district thinking and dreaming up incredible new lesson plans to incorporate our beloved banana slicers!Hutzler, because of you were no longer a failing school district and we've left no kid behind,::entityRecognition for localAppId bb88f55c7c98a7eb for inputIndex 0
LOCAL 2024-02-12 16:50:26 INFO  SQSHandler:76 - Sent message to https://sqs.us-east-1.amazonaws.com/767398090493/workerToManagerQueue
LOCAL 2024-02-12 16:50:26 INFO  SQSHandler:116 - Deleted message from https://sqs.us-east-1.amazonaws.com/767398090493/managerToWorkerQueue
LOCAL 2024-02-12 16:50:26 INFO  Worker:29 - Polling tasks from managerToWorkerQueue
LOCAL 2024-02-12 16:50:26 INFO  Worker:57 - Received task: bb88f55c7c98a7eb::0::RUKOW5PV7K51Z::I eat sliced bananas with yogurt, and I thought this would be a good solution.  Unfortunately, it slices the banana very thick.  I would like it if the slices were thinner.  I gave it away and just use a knife.::entityRecognition for localAppId bb88f55c7c98a7eb for inputIndex 0
LOCAL 2024-02-12 16:50:26 INFO  SQSHandler:76 - Sent message to https://sqs.us-east-1.amazonaws.com/767398090493/workerToManagerQueue
LOCAL 2024-02-12 16:50:26 INFO  SQSHandler:116 - Deleted message from https://sqs.us-east-1.amazonaws.com/767398090493/managerToWorkerQueue
LOCAL 2024-02-12 16:50:26 INFO  Worker:29 - Polling tasks from managerToWorkerQueue
LOCAL 2024-02-12 16:50:27 INFO  Worker:57 - Received task: bb88f55c7c98a7eb::0::R2J10L4LR8OLPL::The theory behind the Hutzler 571 banana slicer is commendable.  No longer do I have to spend countless hours slaving over a hot banana to provide for my childen.  Now I have the opportunity to continue my education and get my GED.  The only complaint I have regards the limits on the size on the banana. I tried to use the banana to slice a different kind of "banana" and was thoroughly disappointed with the results, resulting in an emergency room visit.  Overall, 5 stars would recommend.::entityRecognition for localAppId bb88f55c7c98a7eb for inputIndex 0
LOCAL 2024-02-12 16:50:27 INFO  SQSHandler:76 - Sent message to https://sqs.us-east-1.amazonaws.com/767398090493/workerToManagerQueue
LOCAL 2024-02-12 16:50:27 INFO  SQSHandler:116 - Deleted message from https://sqs.us-east-1.amazonaws.com/767398090493/managerToWorkerQueue
LOCAL 2024-02-12 16:50:27 INFO  Worker:29 - Polling tasks from managerToWorkerQueue
LOCAL 2024-02-12 16:50:27 INFO  Worker:57 - Received task: bb88f55c7c98a7eb::0::R15XXUYZ33YPW5::use it everyday, made well, love it::entityRecognition for localAppId bb88f55c7c98a7eb for inputIndex 0
LOCAL 2024-02-12 16:50:27 INFO  SQSHandler:76 - Sent message to https://sqs.us-east-1.amazonaws.com/767398090493/workerToManagerQueue
LOCAL 2024-02-12 16:50:28 INFO  SQSHandler:116 - Deleted message from https://sqs.us-east-1.amazonaws.com/767398090493/managerToWorkerQueue
LOCAL 2024-02-12 16:50:28 INFO  Worker:29 - Polling tasks from managerToWorkerQueue
LOCAL 2024-02-12 16:50:28 INFO  Worker:57 - Received task: bb88f55c7c98a7eb::0::RTIGRT532R45K::It only works if you have a banana and these are not included...::sentimentAnalysis for localAppId bb88f55c7c98a7eb for inputIndex 0
LOCAL 2024-02-12 16:50:28 INFO  SQSHandler:76 - Sent message to https://sqs.us-east-1.amazonaws.com/767398090493/workerToManagerQueue
LOCAL 2024-02-12 16:50:28 INFO  SQSHandler:116 - Deleted message from https://sqs.us-east-1.amazonaws.com/767398090493/managerToWorkerQueue
LOCAL 2024-02-12 16:50:28 INFO  Worker:29 - Polling tasks from managerToWorkerQueue
LOCAL 2024-02-12 16:50:28 INFO  Worker:57 - Received task: bb88f55c7c98a7eb::0::RTM6IB0I4J6PI::Hutzler 571 Banana Slicer gave me the confidence to finally eat a banana in public. Gone are the days when men would rain dollars on my face every time I bit into a banana at the park. I hope it works on popsicles, pickles, and hot dogs too. The show is over guys!::sentimentAnalysis for localAppId bb88f55c7c98a7eb for inputIndex 0
LOCAL 2024-02-12 16:50:29 INFO  SQSHandler:76 - Sent message to https://sqs.us-east-1.amazonaws.com/767398090493/workerToManagerQueue
LOCAL 2024-02-12 16:50:29 INFO  SQSHandler:116 - Deleted message from https://sqs.us-east-1.amazonaws.com/767398090493/managerToWorkerQueue
LOCAL 2024-02-12 16:50:29 INFO  Worker:29 - Polling tasks from managerToWorkerQueue
LOCAL 2024-02-12 16:50:29 INFO  Worker:57 - Received task: bb88f55c7c98a7eb::0::R28AHMDZ753QFL::Not so good.Lightweight and waste of my money.::sentimentAnalysis for localAppId bb88f55c7c98a7eb for inputIndex 0
LOCAL 2024-02-12 16:50:29 INFO  SQSHandler:76 - Sent message to https://sqs.us-east-1.amazonaws.com/767398090493/workerToManagerQueue
LOCAL 2024-02-12 16:50:30 INFO  SQSHandler:116 - Deleted message from https://sqs.us-east-1.amazonaws.com/767398090493/managerToWorkerQueue
LOCAL 2024-02-12 16:50:30 INFO  Worker:29 - Polling tasks from managerToWorkerQueue
LOCAL 2024-02-12 16:50:30 INFO  Worker:57 - Received task: bb88f55c7c98a7eb::0::R24UQ2BU6KJMDU::I just hanged up with Stacey the customer service rep for  Hustler 69 Banana Inc. the parent company of Hutzler 571 Banana Inc the manufacturers of this item. I am flabbergasted by the answer I got. Whilst shopping for life essentials I found this and it was a real blessing. Since I was a 8 year old in Morocco I had two dreams, a banana slicer and a banana straightener. Unfortunately the latter has still not yet been invented. But, lets go to the point of my situation. The banana slicer clearly depicts a Pale Banana PANTONE 12-0824 TPX color, the one I received is a Banana Crepe PANTONE 13-0815 and it is simply unacceptable. No refunds, no explanation, Stacey passed my call to "Rori" (what in the name of bananas is that name?) and he still did not solve issue nor was able to explain why we have this banana tone divergence. Word of caution for you shopper: Pale Banana will not solve your issues. Shipped it back even without a refund.::sentimentAnalysis for localAppId bb88f55c7c98a7eb for inputIndex 0
LOCAL 2024-02-12 16:50:33 INFO  SQSHandler:76 - Sent message to https://sqs.us-east-1.amazonaws.com/767398090493/workerToManagerQueue
LOCAL 2024-02-12 16:50:33 INFO  SQSHandler:116 - Deleted message from https://sqs.us-east-1.amazonaws.com/767398090493/managerToWorkerQueue
LOCAL 2024-02-12 16:50:33 INFO  Worker:29 - Polling tasks from managerToWorkerQueue
LOCAL 2024-02-12 16:50:34 INFO  Worker:57 - Received task: bb88f55c7c98a7eb::0::R24MYE0DFP2KRF::I feel cheated and ashamed.  I bought the Hutzler 571 Banana Slicer because I could only cut 487 bananas.  Every time I tried to cut the magic 488 bananas the knife would stall out and I would be left with a banana lying on the bottom of the stack, unsliced and mocking.  Then came the Hutzler 571 Banana Slicer.  It seemed too good to be true.  The first time I took it out of its packaging I could hardly contain myself.  I ran to the kitchen, stacked up the entire 571 bananas on the first try, and gave "one quick motion" with my new Hutzler.  But it was a lie!  The Hutzler only went through 220 bananas!  There were still 351 bananas stacked on the counter, unsliced and mocking.  I still feel ashamed.  I really should have known.  Slicing 571 bananas is impossible.I'm still giving it five stars because I bought four of them so the kids could slice their own bananas, and we turned them into excellent snow shoes for our pet wiener dog.::sentimentAnalysis for localAppId bb88f55c7c98a7eb for inputIndex 0
LOCAL 2024-02-12 16:50:37 INFO  SQSHandler:76 - Sent message to https://sqs.us-east-1.amazonaws.com/767398090493/workerToManagerQueue
LOCAL 2024-02-12 16:50:37 INFO  SQSHandler:116 - Deleted message from https://sqs.us-east-1.amazonaws.com/767398090493/managerToWorkerQueue
LOCAL 2024-02-12 16:50:37 INFO  Worker:29 - Polling tasks from managerToWorkerQueue
LOCAL 2024-02-12 16:50:57 INFO  Worker:29 - Polling tasks from managerToWorkerQueue
LOCAL 2024-02-12 16:51:17 INFO  Worker:29 - Polling tasks from managerToWorkerQueue
LOCAL 2024-02-12 16:51:37 INFO  Worker:29 - Polling tasks from managerToWorkerQueue
LOCAL 2024-02-12 16:51:57 INFO  Worker:29 - Polling tasks from managerToWorkerQueue
LOCAL 2024-02-12 16:52:18 INFO  Worker:29 - Polling tasks from managerToWorkerQueue
LOCAL 2024-02-12 16:52:38 INFO  Worker:29 - Polling tasks from managerToWorkerQueue
LOCAL 2024-02-12 16:52:58 INFO  Worker:29 - Polling tasks from managerToWorkerQueue
LOCAL 2024-02-12 16:53:18 INFO  Worker:29 - Polling tasks from managerToWorkerQueue
LOCAL 2024-02-12 16:53:38 INFO  Worker:29 - Polling tasks from managerToWorkerQueue
LOCAL 2024-02-12 16:53:58 INFO  Worker:29 - Polling tasks from managerToWorkerQueue
LOCAL 2024-02-12 16:54:19 INFO  Worker:29 - Polling tasks from managerToWorkerQueue
LOCAL 2024-02-12 16:54:39 INFO  Worker:29 - Polling tasks from managerToWorkerQueue
LOCAL 2024-02-12 16:54:59 INFO  Worker:29 - Polling tasks from managerToWorkerQueue
LOCAL 2024-02-12 16:54:59 ERROR Worker:45 - The specified queue does not exist. (Service: Sqs, Status Code: 400, Request ID: 6af68d41-a26b-59c2-a527-d30591e87f6a)
LOCAL 2024-02-12 16:54:59 INFO  Worker:29 - Polling tasks from managerToWorkerQueue
LOCAL 2024-02-12 16:55:00 ERROR Worker:45 - The specified queue does not exist. (Service: Sqs, Status Code: 400, Request ID: 2b56b513-ed4d-52bf-b193-eb57decea417)
LOCAL 2024-02-12 16:55:00 INFO  Worker:29 - Polling tasks from managerToWorkerQueue
LOCAL 2024-02-12 16:55:00 ERROR Worker:45 - The specified queue does not exist. (Service: Sqs, Status Code: 400, Request ID: 6e646c08-7970-52b1-829c-324c4af44419)
LOCAL 2024-02-12 16:55:00 INFO  Worker:29 - Polling tasks from managerToWorkerQueue
LOCAL 2024-02-12 16:55:00 ERROR Worker:45 - The specified queue does not exist. (Service: Sqs, Status Code: 400, Request ID: 31d7015f-08fa-552e-be40-5f1b3b7ee386)
LOCAL 2024-02-12 16:55:00 INFO  Worker:29 - Polling tasks from managerToWorkerQueue
LOCAL 2024-02-12 16:55:00 ERROR Worker:45 - The specified queue does not exist. (Service: Sqs, Status Code: 400, Request ID: c79f8127-0940-5dd9-ba7b-df633ac4cb71)
LOCAL 2024-02-12 16:55:00 INFO  Worker:29 - Polling tasks from managerToWorkerQueue
LOCAL 2024-02-12 16:55:00 ERROR Worker:45 - The specified queue does not exist. (Service: Sqs, Status Code: 400, Request ID: 03a91ea6-fe74-59a2-8890-40e2cdf08f0a)
LOCAL 2024-02-12 16:55:00 INFO  Worker:29 - Polling tasks from managerToWorkerQueue
LOCAL 2024-02-12 16:55:00 ERROR Worker:45 - The specified queue does not exist. (Service: Sqs, Status Code: 400, Request ID: 9f0ba16a-e111-58cb-b649-ff2ed2956e63)
LOCAL 2024-02-12 16:55:00 INFO  Worker:29 - Polling tasks from managerToWorkerQueue
LOCAL 2024-02-12 16:55:01 ERROR Worker:45 - The specified queue does not exist. (Service: Sqs, Status Code: 400, Request ID: d2b269ee-433d-5b9e-9d72-37aa70b9bd36)
LOCAL 2024-02-12 16:55:01 INFO  Worker:29 - Polling tasks from managerToWorkerQueue
LOCAL 2024-02-12 16:55:01 ERROR Worker:45 - The specified queue does not exist. (Service: Sqs, Status Code: 400, Request ID: 63838fc9-2408-599c-8e51-d18d178c0f34)
LOCAL 2024-02-12 16:55:01 INFO  Worker:29 - Polling tasks from managerToWorkerQueue
LOCAL 2024-02-12 16:55:01 ERROR Worker:45 - The specified queue does not exist. (Service: Sqs, Status Code: 400, Request ID: cf7d89ad-a237-55b0-9836-d7e991b2e318)
LOCAL 2024-02-12 16:55:01 INFO  Worker:29 - Polling tasks from managerToWorkerQueue
LOCAL 2024-02-12 16:55:01 ERROR Worker:45 - The specified queue does not exist. (Service: Sqs, Status Code: 400, Request ID: 3548c895-9283-55f0-999b-96d1a1068358)
LOCAL 2024-02-12 16:55:01 INFO  Worker:29 - Polling tasks from managerToWorkerQueue
LOCAL 2024-02-12 16:55:01 ERROR Worker:45 - The specified queue does not exist. (Service: Sqs, Status Code: 400, Request ID: eac400e5-df0d-5c94-ae49-5ea1ec889a3c)
LOCAL 2024-02-12 16:55:01 INFO  Worker:29 - Polling tasks from managerToWorkerQueue
LOCAL 2024-02-12 16:55:01 ERROR Worker:45 - The specified queue does not exist. (Service: Sqs, Status Code: 400, Request ID: 351387b0-8f1a-5a87-b913-d9f4bc9fec2f)
LOCAL 2024-02-12 16:55:01 INFO  Worker:29 - Polling tasks from managerToWorkerQueue
LOCAL 2024-02-12 16:55:01 ERROR Worker:45 - The specified queue does not exist. (Service: Sqs, Status Code: 400, Request ID: 53f913df-1f1a-5a35-bea6-4d9b2c9f1c9d)
LOCAL 2024-02-12 16:55:01 INFO  Worker:29 - Polling tasks from managerToWorkerQueue
LOCAL 2024-02-12 16:55:02 ERROR Worker:45 - The specified queue does not exist. (Service: Sqs, Status Code: 400, Request ID: b92860be-3aea-5e29-a4fe-3efa096f6881)
LOCAL 2024-02-12 16:55:02 INFO  Worker:29 - Polling tasks from managerToWorkerQueue
LOCAL 2024-02-12 16:55:02 ERROR Worker:45 - The specified queue does not exist. (Service: Sqs, Status Code: 400, Request ID: 54230fbc-6099-5a0c-8e76-51f8531caca4)
LOCAL 2024-02-12 16:55:02 INFO  Worker:29 - Polling tasks from managerToWorkerQueue
LOCAL 2024-02-12 16:55:02 ERROR Worker:45 - The specified queue does not exist. (Service: Sqs, Status Code: 400, Request ID: a64b5ece-72bc-52a7-8bff-008a413ae40f)
LOCAL 2024-02-12 16:55:02 INFO  Worker:29 - Polling tasks from managerToWorkerQueue
LOCAL 2024-02-12 16:55:02 ERROR Worker:45 - The specified queue does not exist. (Service: Sqs, Status Code: 400, Request ID: 85f64809-cf68-5500-bb58-164dfcee83a8)
LOCAL 2024-02-12 16:55:02 INFO  Worker:29 - Polling tasks from managerToWorkerQueue
LOCAL 2024-02-12 16:55:02 ERROR Worker:45 - The specified queue does not exist. (Service: Sqs, Status Code: 400, Request ID: 0c412218-6b58-561e-aa6a-7c5c58ded0b6)
LOCAL 2024-02-12 16:55:02 INFO  Worker:29 - Polling tasks from managerToWorkerQueue
LOCAL 2024-02-12 16:55:02 ERROR Worker:45 - The specified queue does not exist. (Service: Sqs, Status Code: 400, Request ID: 8b82442f-aabf-54c5-b39a-1a6b9939f26d)
LOCAL 2024-02-12 16:55:02 INFO  Worker:29 - Polling tasks from managerToWorkerQueue
LOCAL 2024-02-12 16:55:03 ERROR Worker:45 - The specified queue does not exist. (Service: Sqs, Status Code: 400, Request ID: 514802dd-cdbb-58d2-a4ec-5c99fe3dce7a)
LOCAL 2024-02-12 16:55:03 INFO  Worker:29 - Polling tasks from managerToWorkerQueue
LOCAL 2024-02-12 16:55:03 ERROR Worker:45 - The specified queue does not exist. (Service: Sqs, Status Code: 400, Request ID: e4095cfb-c2e8-51d9-b7f7-02bff16e4771)
LOCAL 2024-02-12 16:55:03 INFO  Worker:29 - Polling tasks from managerToWorkerQueue
LOCAL 2024-02-12 16:55:03 ERROR Worker:45 - The specified queue does not exist. (Service: Sqs, Status Code: 400, Request ID: c3deb486-5d56-5f59-82c8-eac26ed189f1)
LOCAL 2024-02-12 16:55:03 INFO  Worker:29 - Polling tasks from managerToWorkerQueue
LOCAL 2024-02-12 16:55:03 ERROR Worker:45 - The specified queue does not exist. (Service: Sqs, Status Code: 400, Request ID: ee9c5222-0dab-516f-961f-0c663e2c57c7)
LOCAL 2024-02-12 16:55:03 INFO  Worker:29 - Polling tasks from managerToWorkerQueue
