LOCAL 2024-02-12 13:22:34 INFO  LocalApp:32 - LocalApp started with id 9e6e02aa97ad6632
LOCAL 2024-02-12 13:22:34 INFO  LocalApp:35 - LocalAppEnv created
LOCAL 2024-02-12 13:22:36 INFO  S3Handler:24 - S3 bucket sarcasm-analysis-bucket created
LOCAL 2024-02-12 13:22:37 INFO  SQSHandler:19 - Queue localToManagerQueue created
LOCAL 2024-02-12 13:22:37 INFO  SQSHandler:19 - Queue managerToLocalQueue created
LOCAL 2024-02-12 13:22:38 INFO  S3Handler:42 - File input2.txt uploaded to S3 bucket sarcasm-analysis-bucket
LOCAL 2024-02-12 13:22:38 INFO  SQSHandler:76 - Sent message to https://sqs.us-east-1.amazonaws.com/767398090493/localToManagerQueue
LOCAL 2024-02-12 13:22:38 INFO  LocalApp:80 - Sent task to manager: input2.txt for inputIndex 0 with 200 reviews per worker
LOCAL 2024-02-12 13:22:38 INFO  LocalApp:87 - Polling for responses from manager
LOCAL 2024-02-12 13:22:59 INFO  LocalApp:87 - Polling for responses from manager
LOCAL 2024-02-12 13:23:19 INFO  LocalApp:87 - Polling for responses from manager
LOCAL 2024-02-12 13:23:39 INFO  LocalApp:87 - Polling for responses from manager
LOCAL 2024-02-12 13:23:59 INFO  LocalApp:87 - Polling for responses from manager
LOCAL 2024-02-12 13:24:19 INFO  LocalApp:87 - Polling for responses from manager
LOCAL 2024-02-12 13:24:39 INFO  LocalApp:87 - Polling for responses from manager
LOCAL 2024-02-12 13:24:59 INFO  LocalApp:87 - Polling for responses from manager
LOCAL 2024-02-12 13:25:20 INFO  LocalApp:87 - Polling for responses from manager
LOCAL 2024-02-12 13:25:40 INFO  LocalApp:87 - Polling for responses from manager
LOCAL 2024-02-12 13:26:00 INFO  LocalApp:87 - Polling for responses from manager
LOCAL 2024-02-12 13:26:20 INFO  LocalApp:87 - Polling for responses from manager
LOCAL 2024-02-12 13:26:40 INFO  LocalApp:87 - Polling for responses from manager
LOCAL 2024-02-12 13:27:01 INFO  LocalApp:87 - Polling for responses from manager
LOCAL 2024-02-12 13:27:21 INFO  LocalApp:87 - Polling for responses from manager
LOCAL 2024-02-12 13:27:41 INFO  LocalApp:87 - Polling for responses from manager
LOCAL 2024-02-12 13:28:02 INFO  LocalApp:87 - Polling for responses from manager
LOCAL 2024-02-12 13:28:22 INFO  LocalApp:87 - Polling for responses from manager
LOCAL 2024-02-12 13:28:42 INFO  LocalApp:87 - Polling for responses from manager
LOCAL 2024-02-12 13:29:02 INFO  LocalApp:87 - Polling for responses from manager
LOCAL 2024-02-12 13:29:22 INFO  LocalApp:87 - Polling for responses from manager
LOCAL 2024-02-12 13:29:42 INFO  LocalApp:87 - Polling for responses from manager
LOCAL 2024-02-12 13:30:02 INFO  LocalApp:87 - Polling for responses from manager
LOCAL 2024-02-12 13:30:23 INFO  LocalApp:87 - Polling for responses from manager
LOCAL 2024-02-12 13:30:43 INFO  LocalApp:87 - Polling for responses from manager
LOCAL 2024-02-12 13:31:04 INFO  LocalApp:87 - Polling for responses from manager
LOCAL 2024-02-12 13:31:24 INFO  LocalApp:87 - Polling for responses from manager
LOCAL 2024-02-12 13:31:44 INFO  LocalApp:87 - Polling for responses from manager
