LOCAL 2024-02-12 14:14:10 INFO  LocalApp:32 - LocalApp started with id 8cde095527681116
LOCAL 2024-02-12 14:14:10 INFO  LocalApp:35 - LocalAppEnv created
LOCAL 2024-02-12 14:14:12 INFO  S3Handler:24 - S3 bucket sarcasm-analysis-bucket created
LOCAL 2024-02-12 14:14:13 INFO  SQSHandler:19 - Queue localToManagerQueue created
LOCAL 2024-02-12 14:14:13 INFO  SQSHandler:19 - Queue managerToLocalQueue created
LOCAL 2024-02-12 14:14:15 INFO  S3Handler:42 - File input2.txt uploaded to S3 bucket sarcasm-analysis-bucket
LOCAL 2024-02-12 14:14:15 INFO  SQSHandler:76 - Sent message to https://sqs.us-east-1.amazonaws.com/767398090493/localToManagerQueue
LOCAL 2024-02-12 14:14:15 INFO  LocalApp:80 - Sent task to manager: input2.txt for inputIndex 0 with 130 reviews per worker
LOCAL 2024-02-12 14:14:16 INFO  EC2Handler:87 - Manager instance does not exist
LOCAL 2024-02-12 14:14:16 INFO  EC2Handler:93 - Creating manager instance
LOCAL 2024-02-12 14:14:18 INFO  EC2Handler:33 - Successfully started EC2 instance i-0c4b19405321ffcce based on AMI ami-00e95a9222311e8ed
LOCAL 2024-02-12 14:14:18 INFO  LocalApp:87 - Polling for responses from manager
LOCAL 2024-02-12 14:14:38 INFO  LocalApp:87 - Polling for responses from manager
LOCAL 2024-02-12 14:14:58 INFO  LocalApp:87 - Polling for responses from manager
LOCAL 2024-02-12 14:15:18 INFO  LocalApp:87 - Polling for responses from manager
LOCAL 2024-02-12 14:15:39 INFO  LocalApp:87 - Polling for responses from manager
LOCAL 2024-02-12 14:15:59 INFO  LocalApp:87 - Polling for responses from manager
LOCAL 2024-02-12 14:16:19 INFO  LocalApp:87 - Polling for responses from manager
LOCAL 2024-02-12 14:16:39 INFO  LocalApp:87 - Polling for responses from manager
LOCAL 2024-02-12 14:16:59 INFO  LocalApp:87 - Polling for responses from manager
LOCAL 2024-02-12 14:17:19 INFO  LocalApp:87 - Polling for responses from manager
LOCAL 2024-02-12 14:17:39 INFO  LocalApp:87 - Polling for responses from manager
