LOCAL 2024-02-12 14:24:11 INFO  LocalApp:32 - LocalApp started with id bf28ae1b7392865b
LOCAL 2024-02-12 14:24:11 INFO  LocalApp:35 - LocalAppEnv created
LOCAL 2024-02-12 14:24:12 ERROR S3Handler:27 - Your previous request to create the named bucket succeeded and you already own it. (Service: S3, Status Code: 409, Request ID: W4BX6MP9J9G69AXG, Extended Request ID: jRKyATGTm3PCZSbiccy7oHN5TwrcVW4aDqGpuJqWOG4vKcyG6i1LW3u8P0207dvnzTJS9ZvosGCabK8EVHnFxQ==)
LOCAL 2024-02-12 14:24:13 INFO  SQSHandler:19 - Queue localToManagerQueue created
LOCAL 2024-02-12 14:24:13 INFO  SQSHandler:19 - Queue managerToLocalQueue created
LOCAL 2024-02-12 14:24:15 INFO  S3Handler:42 - File input2.txt uploaded to S3 bucket sarcasm-analysis-bucket
LOCAL 2024-02-12 14:24:15 INFO  SQSHandler:76 - Sent message to https://sqs.us-east-1.amazonaws.com/767398090493/localToManagerQueue
LOCAL 2024-02-12 14:24:15 INFO  LocalApp:80 - Sent task to manager: input2.txt for inputIndex 0 with 130 reviews per worker
LOCAL 2024-02-12 14:24:16 INFO  EC2Handler:87 - Manager instance does not exist
LOCAL 2024-02-12 14:24:16 INFO  EC2Handler:93 - Creating manager instance
LOCAL 2024-02-12 14:24:18 INFO  EC2Handler:33 - Successfully started EC2 instance i-09183efbe4520487d based on AMI ami-00e95a9222311e8ed
LOCAL 2024-02-12 14:24:18 INFO  LocalApp:87 - Polling for responses from manager
LOCAL 2024-02-12 14:24:39 INFO  LocalApp:87 - Polling for responses from manager
LOCAL 2024-02-12 14:24:59 INFO  LocalApp:87 - Polling for responses from manager
LOCAL 2024-02-12 14:25:19 INFO  LocalApp:87 - Polling for responses from manager
LOCAL 2024-02-12 14:25:39 INFO  LocalApp:87 - Polling for responses from manager
LOCAL 2024-02-12 14:25:59 INFO  LocalApp:87 - Polling for responses from manager
LOCAL 2024-02-12 14:26:19 INFO  LocalApp:87 - Polling for responses from manager
LOCAL 2024-02-12 14:26:39 INFO  LocalApp:87 - Polling for responses from manager
LOCAL 2024-02-12 14:27:00 INFO  LocalApp:87 - Polling for responses from manager
LOCAL 2024-02-12 14:27:20 INFO  LocalApp:87 - Polling for responses from manager
LOCAL 2024-02-12 14:27:40 INFO  LocalApp:87 - Polling for responses from manager
LOCAL 2024-02-12 14:28:00 INFO  LocalApp:87 - Polling for responses from manager
