LOCAL 2024-02-12 14:20:00 INFO  LocalApp:32 - LocalApp started with id a6394b1caa3eecf2
LOCAL 2024-02-12 14:20:00 INFO  LocalApp:35 - LocalAppEnv created
LOCAL 2024-02-12 14:20:02 INFO  S3Handler:24 - S3 bucket sarcasm-analysis-bucket created
LOCAL 2024-02-12 14:20:03 INFO  SQSHandler:19 - Queue localToManagerQueue created
LOCAL 2024-02-12 14:20:03 INFO  SQSHandler:19 - Queue managerToLocalQueue created
LOCAL 2024-02-12 14:20:05 INFO  S3Handler:42 - File input2.txt uploaded to S3 bucket sarcasm-analysis-bucket
LOCAL 2024-02-12 14:20:05 INFO  SQSHandler:76 - Sent message to https://sqs.us-east-1.amazonaws.com/767398090493/localToManagerQueue
LOCAL 2024-02-12 14:20:05 INFO  LocalApp:80 - Sent task to manager: input2.txt for inputIndex 0 with 130 reviews per worker
LOCAL 2024-02-12 14:20:07 INFO  EC2Handler:87 - Manager instance does not exist
LOCAL 2024-02-12 14:20:07 INFO  EC2Handler:93 - Creating manager instance
LOCAL 2024-02-12 14:20:09 INFO  EC2Handler:33 - Successfully started EC2 instance i-0efa52e9dd4bdb8a4 based on AMI ami-00e95a9222311e8ed
LOCAL 2024-02-12 14:20:09 INFO  LocalApp:87 - Polling for responses from manager
LOCAL 2024-02-12 14:20:29 INFO  LocalApp:87 - Polling for responses from manager
LOCAL 2024-02-12 14:20:49 INFO  LocalApp:87 - Polling for responses from manager
LOCAL 2024-02-12 14:21:09 INFO  LocalApp:87 - Polling for responses from manager
LOCAL 2024-02-12 14:21:29 INFO  LocalApp:87 - Polling for responses from manager
LOCAL 2024-02-12 14:21:50 INFO  LocalApp:87 - Polling for responses from manager
LOCAL 2024-02-12 14:22:10 INFO  LocalApp:87 - Polling for responses from manager
LOCAL 2024-02-12 14:22:30 INFO  LocalApp:87 - Polling for responses from manager
LOCAL 2024-02-12 14:22:50 INFO  LocalApp:87 - Polling for responses from manager
