LOCAL 2024-02-12 16:56:19 INFO  LocalApp:37 - LocalApp started with id b092634e1b73a94c
LOCAL 2024-02-12 16:56:19 INFO  LocalApp:40 - LocalAppEnv created
LOCAL 2024-02-12 16:56:21 INFO  S3Handler:24 - S3 bucket sarcasm-analysis-bucket created
LOCAL 2024-02-12 16:56:22 INFO  SQSHandler:19 - Queue localToManagerQueue created
LOCAL 2024-02-12 16:56:22 INFO  SQSHandler:19 - Queue managerToLocalQueue created
LOCAL 2024-02-12 16:56:24 INFO  S3Handler:42 - File input1.txt uploaded to S3 bucket sarcasm-analysis-bucket
LOCAL 2024-02-12 16:56:24 INFO  SQSHandler:76 - Sent message to https://sqs.us-east-1.amazonaws.com/767398090493/localToManagerQueue
LOCAL 2024-02-12 16:56:24 INFO  LocalApp:82 - Sent task to manager: input1.txt for inputIndex 0 with 165 reviews per worker
LOCAL 2024-02-12 16:56:25 INFO  S3Handler:42 - File input4.txt uploaded to S3 bucket sarcasm-analysis-bucket
LOCAL 2024-02-12 16:56:25 INFO  SQSHandler:76 - Sent message to https://sqs.us-east-1.amazonaws.com/767398090493/localToManagerQueue
LOCAL 2024-02-12 16:56:25 INFO  LocalApp:82 - Sent task to manager: input4.txt for inputIndex 1 with 165 reviews per worker
LOCAL 2024-02-12 16:56:26 INFO  EC2Handler:87 - Manager instance does not exist
LOCAL 2024-02-12 16:56:26 INFO  EC2Handler:93 - Creating manager instance
LOCAL 2024-02-12 16:56:28 INFO  EC2Handler:33 - Successfully started EC2 instance i-00b70d5df36c01788 based on AMI ami-00e95a9222311e8ed
LOCAL 2024-02-12 16:56:28 INFO  LocalApp:89 - Polling for responses from manager
LOCAL 2024-02-12 16:56:48 INFO  LocalApp:89 - Polling for responses from manager
LOCAL 2024-02-12 16:57:08 INFO  LocalApp:89 - Polling for responses from manager
LOCAL 2024-02-12 16:57:29 INFO  LocalApp:89 - Polling for responses from manager
LOCAL 2024-02-12 16:57:49 INFO  LocalApp:89 - Polling for responses from manager
LOCAL 2024-02-12 16:58:09 INFO  LocalApp:89 - Polling for responses from manager
LOCAL 2024-02-12 16:58:29 INFO  LocalApp:89 - Polling for responses from manager
LOCAL 2024-02-12 16:58:49 INFO  LocalApp:89 - Polling for responses from manager
LOCAL 2024-02-12 16:59:09 INFO  LocalApp:89 - Polling for responses from manager
LOCAL 2024-02-12 16:59:29 INFO  LocalApp:89 - Polling for responses from manager
LOCAL 2024-02-12 16:59:50 INFO  LocalApp:89 - Polling for responses from manager
LOCAL 2024-02-12 17:00:10 INFO  LocalApp:89 - Polling for responses from manager
LOCAL 2024-02-12 17:00:30 INFO  LocalApp:89 - Polling for responses from manager
LOCAL 2024-02-12 17:00:51 INFO  LocalApp:89 - Polling for responses from manager
LOCAL 2024-02-12 17:01:11 INFO  LocalApp:89 - Polling for responses from manager
LOCAL 2024-02-12 17:01:15 INFO  LocalApp:101 - Received response from manager: b092634e1b73a94c::done::b092634e1b73a94c-summary-0::0
LOCAL 2024-02-12 17:01:15 INFO  LocalApp:27 - LocalAppTask started
LOCAL 2024-02-12 17:01:15 INFO  S3Handler:56 - Downloading file b092634e1b73a94c/b092634e1b73a94c-summary-0 from S3 bucket sarcasm-analysis-bucket
LOCAL 2024-02-12 17:01:17 INFO  LocalApp:35 - Received summary file from S3
LOCAL 2024-02-12 17:01:17 INFO  LocalApp:64 - Added review R3JVMDCLCJQ7OD to summary
LOCAL 2024-02-12 17:01:17 INFO  LocalApp:64 - Added review R28CW6BRT1I3WS to summary
LOCAL 2024-02-12 17:01:17 INFO  LocalApp:64 - Added review RN3WUTQPDORYE to summary
LOCAL 2024-02-12 17:01:17 INFO  LocalApp:64 - Added review R11K609K9FA6Y4 to summary
LOCAL 2024-02-12 17:01:17 INFO  LocalApp:64 - Added review R1XXZKFEUS6WD8 to summary
LOCAL 2024-02-12 17:01:17 INFO  LocalApp:64 - Added review R2NF2SA2LOJYK0 to summary
LOCAL 2024-02-12 17:01:17 INFO  LocalApp:64 - Added review R1OQJ80RUJ759U to summary
LOCAL 2024-02-12 17:01:17 INFO  LocalApp:64 - Added review R2JET1LNB8VGIC to summary
LOCAL 2024-02-12 17:01:17 INFO  LocalApp:64 - Added review R1HA441CEIOX36 to summary
LOCAL 2024-02-12 17:01:17 INFO  LocalApp:64 - Added review R1IMZWAH2HU0RA to summary
LOCAL 2024-02-12 17:01:17 INFO  LocalApp:64 - Added review R2LTX4K942REZ6 to summary
LOCAL 2024-02-12 17:01:17 INFO  LocalApp:64 - Added review R8OWCLDI0GGL0 to summary
LOCAL 2024-02-12 17:01:17 INFO  LocalApp:64 - Added review R1T853CAOX2GKQ to summary
LOCAL 2024-02-12 17:01:17 INFO  LocalApp:64 - Added review R20C15AL3RZNFK to summary
LOCAL 2024-02-12 17:01:17 INFO  LocalApp:64 - Added review RZQ0PVWAXQN1I to summary
LOCAL 2024-02-12 17:01:17 INFO  LocalApp:64 - Added review R3GJORSH5JM7J2 to summary
LOCAL 2024-02-12 17:01:17 INFO  LocalApp:64 - Added review R1YSA0QE7S7SNN to summary
LOCAL 2024-02-12 17:01:17 INFO  LocalApp:64 - Added review R1D5ATRPD0FLF to summary
LOCAL 2024-02-12 17:01:17 INFO  LocalApp:64 - Added review R168F35482GO3P to summary
LOCAL 2024-02-12 17:01:17 INFO  LocalApp:64 - Added review RVG9C50OK3MYF to summary
LOCAL 2024-02-12 17:01:17 INFO  LocalApp:64 - Added review R2PSXJ6JTY2KBF to summary
LOCAL 2024-02-12 17:01:17 INFO  LocalApp:64 - Added review R34QMOG4K0SHD8 to summary
LOCAL 2024-02-12 17:01:17 INFO  LocalApp:64 - Added review R3W3BU16T3ZB6K to summary
LOCAL 2024-02-12 17:01:17 INFO  LocalApp:64 - Added review R1BIV3K2KLDPDO to summary
LOCAL 2024-02-12 17:01:17 INFO  LocalApp:64 - Added review R3MB41VM9C8JHF to summary
LOCAL 2024-02-12 17:01:17 INFO  LocalApp:64 - Added review R2JAVZCM52EDOV to summary
LOCAL 2024-02-12 17:01:17 INFO  LocalApp:64 - Added review RQAAAHDDGBGSM to summary
LOCAL 2024-02-12 17:01:17 INFO  LocalApp:64 - Added review RXS3K32XDYS50 to summary
LOCAL 2024-02-12 17:01:17 INFO  LocalApp:64 - Added review R167BE5I3EVUMB to summary
LOCAL 2024-02-12 17:01:17 INFO  LocalApp:64 - Added review R2MFTWFJ8DCA9J to summary
LOCAL 2024-02-12 17:01:17 INFO  LocalApp:64 - Added review R2L9FQQMP0N4TL to summary
LOCAL 2024-02-12 17:01:17 INFO  LocalApp:64 - Added review R22U7UAVMUE79R to summary
LOCAL 2024-02-12 17:01:17 INFO  LocalApp:64 - Added review R126IXMG8FTZNK to summary
LOCAL 2024-02-12 17:01:17 INFO  LocalApp:64 - Added review R1D4E096B5B40Z to summary
LOCAL 2024-02-12 17:01:17 INFO  LocalApp:64 - Added review R2NN3ZT114GXSD to summary
LOCAL 2024-02-12 17:01:17 INFO  LocalApp:64 - Added review R2Q0PPQ18OXN9 to summary
LOCAL 2024-02-12 17:01:17 INFO  LocalApp:64 - Added review RJ62XWHGDIF7 to summary
LOCAL 2024-02-12 17:01:17 INFO  LocalApp:64 - Added review R2JKJMT8XRKD5W to summary
LOCAL 2024-02-12 17:01:17 INFO  LocalApp:64 - Added review R26PN2JPMGRCS1 to summary
LOCAL 2024-02-12 17:01:17 INFO  LocalApp:64 - Added review R1ND8M8IXDOCXS to summary
LOCAL 2024-02-12 17:01:17 INFO  LocalApp:64 - Added review R1RUXYHCSZSHJ0 to summary
LOCAL 2024-02-12 17:01:17 INFO  LocalApp:64 - Added review R142H1KFJ8C2QK to summary
LOCAL 2024-02-12 17:01:17 INFO  LocalApp:64 - Added review R2JYKFIOFLDPVT to summary
LOCAL 2024-02-12 17:01:17 INFO  LocalApp:64 - Added review R35M6ASHV3I9TP to summary
LOCAL 2024-02-12 17:01:17 INFO  LocalApp:64 - Added review R1HQ0YR95HH94J to summary
LOCAL 2024-02-12 17:01:17 INFO  LocalApp:64 - Added review R2TRPI07Z5TB9L to summary
LOCAL 2024-02-12 17:01:17 INFO  LocalApp:64 - Added review R36KHA7G6JKTZN to summary
LOCAL 2024-02-12 17:01:17 INFO  LocalApp:64 - Added review RRKHISGKBUFR6 to summary
LOCAL 2024-02-12 17:01:17 INFO  LocalApp:64 - Added review R4FQCSH8I533I to summary
LOCAL 2024-02-12 17:01:17 INFO  LocalApp:64 - Added review RINQNJYCZ6ZMA to summary
LOCAL 2024-02-12 17:01:17 INFO  LocalApp:64 - Added review RRQAAPTNP04V0 to summary
LOCAL 2024-02-12 17:01:17 INFO  LocalApp:64 - Added review ROH8MORG3G94X to summary
LOCAL 2024-02-12 17:01:17 INFO  LocalApp:64 - Added review R2T3D5DOO5FCXG to summary
LOCAL 2024-02-12 17:01:17 INFO  LocalApp:64 - Added review R3BBOWZM73BJ4G to summary
LOCAL 2024-02-12 17:01:17 INFO  LocalApp:64 - Added review R9R9FOKED36NB to summary
LOCAL 2024-02-12 17:01:17 INFO  LocalApp:64 - Added review R38E4AKFKFZRCX to summary
LOCAL 2024-02-12 17:01:17 INFO  LocalApp:64 - Added review R37OYAYP2HL4WM to summary
LOCAL 2024-02-12 17:01:17 INFO  LocalApp:64 - Added review R3IABCV7XBGTS7 to summary
LOCAL 2024-02-12 17:01:17 INFO  LocalApp:64 - Added review R25ATJUDAMEBGX to summary
LOCAL 2024-02-12 17:01:17 INFO  LocalApp:64 - Added review R3JLDNL9R4RBWA to summary
LOCAL 2024-02-12 17:01:17 INFO  LocalApp:64 - Added review RQFO6EZK21SA3 to summary
LOCAL 2024-02-12 17:01:17 INFO  LocalApp:64 - Added review R2ZXKBYP9Q5H1P to summary
LOCAL 2024-02-12 17:01:17 INFO  LocalApp:64 - Added review RGLQYVJV1BUPN to summary
LOCAL 2024-02-12 17:01:17 INFO  LocalApp:64 - Added review R366N97DLUODS7 to summary
LOCAL 2024-02-12 17:01:17 INFO  LocalApp:64 - Added review R3QIO4111QI7F2 to summary
LOCAL 2024-02-12 17:01:17 INFO  LocalApp:64 - Added review R2AF2W42NTLN03 to summary
LOCAL 2024-02-12 17:01:17 INFO  LocalApp:64 - Added review R2MRVNKTE6SIO4 to summary
LOCAL 2024-02-12 17:01:17 INFO  LocalApp:64 - Added review R37FFB363KA4VW to summary
LOCAL 2024-02-12 17:01:17 INFO  LocalApp:64 - Added review RRGM06Y1WF6L3 to summary
LOCAL 2024-02-12 17:01:17 INFO  LocalApp:64 - Added review R20R5DLH2UZKX1 to summary
LOCAL 2024-02-12 17:01:17 INFO  LocalApp:64 - Added review R2874NT3K974P7 to summary
LOCAL 2024-02-12 17:01:17 INFO  LocalApp:64 - Added review R31UKUOX0D7WLH to summary
LOCAL 2024-02-12 17:01:17 INFO  LocalApp:64 - Added review R1TG4AUA7Y7EU4 to summary
LOCAL 2024-02-12 17:01:17 INFO  LocalApp:64 - Added review R34R8UQM5K3CA8 to summary
LOCAL 2024-02-12 17:01:17 INFO  LocalApp:64 - Added review R2M4FJVQOSB6OQ to summary
LOCAL 2024-02-12 17:01:17 INFO  LocalApp:64 - Added review R3R9QKZ61DMKGF to summary
LOCAL 2024-02-12 17:01:17 INFO  LocalApp:64 - Added review R1VXBAML9Y9OOA to summary
LOCAL 2024-02-12 17:01:17 INFO  LocalApp:64 - Added review R2DUT9NY2SHSIY to summary
LOCAL 2024-02-12 17:01:17 INFO  LocalApp:64 - Added review R19TV6B4AWHG1B to summary
LOCAL 2024-02-12 17:01:17 INFO  LocalApp:64 - Added review R193MF3E66AMI5 to summary
LOCAL 2024-02-12 17:01:17 INFO  LocalApp:64 - Added review R1OMC346J0RPSH to summary
LOCAL 2024-02-12 17:01:17 INFO  LocalApp:64 - Added review R30Z19HH5I0UYU to summary
LOCAL 2024-02-12 17:01:17 INFO  LocalApp:64 - Added review R1BEK8UWDRQ7WL to summary
LOCAL 2024-02-12 17:01:17 INFO  LocalApp:64 - Added review R1W8PM4V07OZXO to summary
LOCAL 2024-02-12 17:01:17 INFO  LocalApp:64 - Added review R1EX0F7SR4ARP8 to summary
LOCAL 2024-02-12 17:01:17 INFO  LocalApp:64 - Added review R2KDDNCDQVLJBD to summary
LOCAL 2024-02-12 17:01:17 INFO  LocalApp:64 - Added review R1S6W7GFYN25CW to summary
LOCAL 2024-02-12 17:01:17 INFO  LocalApp:64 - Added review R2NBVJ1U6UGRYQ to summary
LOCAL 2024-02-12 17:01:17 INFO  LocalApp:64 - Added review R33EE9HRQ7VLL4 to summary
LOCAL 2024-02-12 17:01:17 INFO  LocalApp:64 - Added review RO8ZN3X330K2T to summary
LOCAL 2024-02-12 17:01:17 INFO  LocalApp:64 - Added review R2T7WL4AHZOFAD to summary
LOCAL 2024-02-12 17:01:17 INFO  LocalApp:64 - Added review R2HMSFQRWCJ7E8 to summary
LOCAL 2024-02-12 17:01:17 INFO  LocalApp:64 - Added review R2BJ1N7XP2P3OO to summary
LOCAL 2024-02-12 17:01:17 INFO  LocalApp:64 - Added review R2QL7JQ11XX841 to summary
LOCAL 2024-02-12 17:01:17 INFO  LocalApp:64 - Added review R1IAD68RQ7ELAV to summary
LOCAL 2024-02-12 17:01:17 INFO  LocalApp:64 - Added review R2N9E7VG8GC6AS to summary
LOCAL 2024-02-12 17:01:17 INFO  LocalApp:64 - Added review R220PLS0R7MXKD to summary
LOCAL 2024-02-12 17:01:17 INFO  LocalApp:64 - Added review R2DVFPWJ0YUFUS to summary
LOCAL 2024-02-12 17:01:17 INFO  LocalApp:64 - Added review R21F9WLAL0G2GY to summary
LOCAL 2024-02-12 17:01:17 INFO  LocalApp:64 - Added review RZKLR0UYVK26X to summary
LOCAL 2024-02-12 17:01:17 INFO  LocalApp:64 - Added review R3J1ZND39RD7EA to summary
LOCAL 2024-02-12 17:01:17 INFO  LocalApp:64 - Added review R1DZOY7TSM9H8I to summary
LOCAL 2024-02-12 17:01:17 INFO  LocalApp:64 - Added review R2FVF4IE2XB6YE to summary
LOCAL 2024-02-12 17:01:17 INFO  LocalApp:64 - Added review R3QJZUUET6KUNG to summary
LOCAL 2024-02-12 17:01:17 INFO  LocalApp:64 - Added review R36NOS68DTSO98 to summary
LOCAL 2024-02-12 17:01:17 INFO  LocalApp:64 - Added review R1TXEA6FWMTRYQ to summary
LOCAL 2024-02-12 17:01:17 INFO  LocalApp:64 - Added review RSRQ513FZ0LIO to summary
LOCAL 2024-02-12 17:01:17 INFO  LocalApp:64 - Added review RC813AP3NS1PR to summary
LOCAL 2024-02-12 17:01:17 INFO  LocalApp:64 - Added review R2UMQUE3WKQ0YW to summary
LOCAL 2024-02-12 17:01:17 INFO  LocalApp:64 - Added review R2LHG5IN67NQRR to summary
LOCAL 2024-02-12 17:01:17 INFO  LocalApp:64 - Added review R2M08968Q9D8Y5 to summary
LOCAL 2024-02-12 17:01:17 INFO  LocalApp:64 - Added review R3HNBZ5SGS2X72 to summary
LOCAL 2024-02-12 17:01:17 INFO  LocalApp:64 - Added review R2KYNCYLJO46TH to summary
LOCAL 2024-02-12 17:01:17 INFO  LocalApp:64 - Added review R1H6AFG81P2C0H to summary
LOCAL 2024-02-12 17:01:17 INFO  LocalApp:64 - Added review R1N84C747XKGEV to summary
LOCAL 2024-02-12 17:01:17 INFO  LocalApp:64 - Added review R27I1YAPZH764F to summary
LOCAL 2024-02-12 17:01:17 INFO  LocalApp:64 - Added review R2S6U0PQQDWR6G to summary
LOCAL 2024-02-12 17:01:17 INFO  LocalApp:64 - Added review R1MA8FZO5EG2L4 to summary
LOCAL 2024-02-12 17:01:17 INFO  LocalApp:64 - Added review R3QVF9OC02C9AY to summary
LOCAL 2024-02-12 17:01:17 INFO  LocalApp:64 - Added review R3P9ZXG7G7LWPL to summary
LOCAL 2024-02-12 17:01:17 INFO  LocalApp:64 - Added review R3CT041SZBYQLC to summary
LOCAL 2024-02-12 17:01:17 INFO  LocalApp:64 - Added review R2WI7ZRYOSMKRS to summary
LOCAL 2024-02-12 17:01:17 INFO  LocalApp:64 - Added review R3RJQ9B9T9HT3Q to summary
LOCAL 2024-02-12 17:01:17 INFO  LocalApp:64 - Added review R2TFTOL4S8QAJ1 to summary
LOCAL 2024-02-12 17:01:17 INFO  LocalApp:64 - Added review R3VWQZT9AA217G to summary
LOCAL 2024-02-12 17:01:17 INFO  LocalApp:64 - Added review R2W0W7A3KRY3W6 to summary
LOCAL 2024-02-12 17:01:17 INFO  LocalApp:64 - Added review RSLQEPL3493PJ to summary
LOCAL 2024-02-12 17:01:17 INFO  LocalApp:64 - Added review R1OA4SL67OYE3J to summary
LOCAL 2024-02-12 17:01:17 INFO  LocalApp:64 - Added review R1LKR85K1N9H2K to summary
LOCAL 2024-02-12 17:01:17 INFO  LocalApp:64 - Added review R2LPZYQ9OSWFT5 to summary
LOCAL 2024-02-12 17:01:17 INFO  LocalApp:64 - Added review R10PCA22ETND2D to summary
LOCAL 2024-02-12 17:01:17 INFO  LocalApp:64 - Added review R3DBRVSQUC8RUA to summary
LOCAL 2024-02-12 17:01:17 INFO  LocalApp:64 - Added review R1KSYWLWT54DGC to summary
LOCAL 2024-02-12 17:01:17 INFO  LocalApp:64 - Added review R1L8O7RM8DD6J3 to summary
LOCAL 2024-02-12 17:01:17 INFO  LocalApp:64 - Added review R24VL4QPDT1RPG to summary
LOCAL 2024-02-12 17:01:17 INFO  LocalApp:64 - Added review R8EMU3QVATTYV to summary
LOCAL 2024-02-12 17:01:17 INFO  LocalApp:64 - Added review RJ3S9D0RNMMKZ to summary
LOCAL 2024-02-12 17:01:17 INFO  LocalApp:64 - Added review R13WBJI6QUH9II to summary
LOCAL 2024-02-12 17:01:17 INFO  LocalApp:64 - Added review RE9JXCD6Z39OS to summary
LOCAL 2024-02-12 17:01:17 INFO  LocalApp:64 - Added review R2VZ7UOOPUYRN to summary
LOCAL 2024-02-12 17:01:17 INFO  LocalApp:64 - Added review RUQ90EAKFV7EA to summary
LOCAL 2024-02-12 17:01:17 INFO  LocalApp:64 - Added review R1XIYMC4J5O6OV to summary
LOCAL 2024-02-12 17:01:17 INFO  LocalApp:64 - Added review R2O3VN9WJ6D3G6 to summary
LOCAL 2024-02-12 17:01:17 INFO  LocalApp:64 - Added review RQRPF15W2PFLA to summary
LOCAL 2024-02-12 17:01:17 INFO  LocalApp:64 - Added review R1GPZVVNN2SLTB to summary
LOCAL 2024-02-12 17:01:17 INFO  LocalApp:64 - Added review RLTQWFL029OMF to summary
LOCAL 2024-02-12 17:01:17 INFO  LocalApp:64 - Added review R1E2WAOOO3SKNA to summary
LOCAL 2024-02-12 17:01:17 INFO  LocalApp:64 - Added review R3LCKBMPC7LRWI to summary
LOCAL 2024-02-12 17:01:17 INFO  LocalApp:64 - Added review R2UJ2ZN8MY6705 to summary
LOCAL 2024-02-12 17:01:17 INFO  LocalApp:64 - Added review R34J8SXZE9UF6Y to summary
LOCAL 2024-02-12 17:01:17 INFO  LocalApp:64 - Added review R1L37SZ6RS1Z9D to summary
LOCAL 2024-02-12 17:01:17 INFO  LocalApp:64 - Added review R2LAHNXIUPH5IY to summary
LOCAL 2024-02-12 17:01:17 INFO  LocalApp:64 - Added review R7VFTZYSCIRIG to summary
LOCAL 2024-02-12 17:01:17 INFO  LocalApp:64 - Added review R1RXSH9ONH6WJZ to summary
LOCAL 2024-02-12 17:01:17 INFO  LocalApp:64 - Added review R3M5MWFPDVPQEX to summary
LOCAL 2024-02-12 17:01:17 INFO  LocalApp:64 - Added review R3W3M51ZOILXYA to summary
LOCAL 2024-02-12 17:01:17 INFO  LocalApp:64 - Added review R1MPKDF8SR9DUH to summary
LOCAL 2024-02-12 17:01:17 INFO  LocalApp:64 - Added review R1ZZLMZ4F5TWUS to summary
LOCAL 2024-02-12 17:01:17 INFO  LocalApp:64 - Added review RWSMZGI6FO4KI to summary
LOCAL 2024-02-12 17:01:17 INFO  LocalApp:64 - Added review R22RDBC963OKZZ to summary
LOCAL 2024-02-12 17:01:17 INFO  LocalApp:64 - Added review R2LZUPOD2GQPNH to summary
LOCAL 2024-02-12 17:01:17 INFO  LocalApp:64 - Added review R32FDZSX2MVDXV to summary
LOCAL 2024-02-12 17:01:17 INFO  LocalApp:64 - Added review R1UX7L4IJ0AN12 to summary
LOCAL 2024-02-12 17:01:17 INFO  LocalApp:64 - Added review RI3AC1GCJ55PO to summary
LOCAL 2024-02-12 17:01:17 INFO  LocalApp:64 - Added review R1VTDATV2934TB to summary
LOCAL 2024-02-12 17:01:17 INFO  LocalApp:64 - Added review R2UFOFK6BI3R75 to summary
LOCAL 2024-02-12 17:01:17 INFO  LocalApp:64 - Added review RMDOODQ2GFY7H to summary
LOCAL 2024-02-12 17:01:17 INFO  LocalApp:64 - Added review R28PK1OZ82GMZX to summary
LOCAL 2024-02-12 17:01:17 INFO  LocalApp:64 - Added review RWFOZAFSTAJXW to summary
LOCAL 2024-02-12 17:01:17 INFO  LocalApp:64 - Added review R1J5IB7XTSWARR to summary
LOCAL 2024-02-12 17:01:17 INFO  LocalApp:64 - Added review R3R0QA0Z422DDC to summary
LOCAL 2024-02-12 17:01:17 INFO  LocalApp:64 - Added review R27GJBQ8QODQ6T to summary
LOCAL 2024-02-12 17:01:17 INFO  LocalApp:64 - Added review R2R2JD8A0HBFKS to summary
LOCAL 2024-02-12 17:01:17 INFO  LocalApp:64 - Added review R1RL4L5M3I7QGM to summary
LOCAL 2024-02-12 17:01:17 INFO  LocalApp:64 - Added review R1LYZFL0CCAE2N to summary
LOCAL 2024-02-12 17:01:17 INFO  LocalApp:64 - Added review R1Q8MYS13UXZ57 to summary
LOCAL 2024-02-12 17:01:17 INFO  LocalApp:64 - Added review R2AZ2TDKPLVYC7 to summary
LOCAL 2024-02-12 17:01:17 INFO  LocalApp:64 - Added review R2B31JK893KNO6 to summary
LOCAL 2024-02-12 17:01:17 INFO  LocalApp:64 - Added review R3OL550I4OXK7 to summary
LOCAL 2024-02-12 17:01:17 INFO  LocalApp:64 - Added review R3OQXC2KMMY14C to summary
LOCAL 2024-02-12 17:01:17 INFO  LocalApp:64 - Added review RNEDMWJ5Z8IIS to summary
LOCAL 2024-02-12 17:01:17 INFO  LocalApp:64 - Added review R3JCVVMOALPEKC to summary
LOCAL 2024-02-12 17:01:17 INFO  LocalApp:64 - Added review RSO743RDYVWTZ to summary
LOCAL 2024-02-12 17:01:17 INFO  LocalApp:64 - Added review R2SOCWQ20G2BR4 to summary
LOCAL 2024-02-12 17:01:17 INFO  LocalApp:64 - Added review R27ENEEYHCA5KM to summary
LOCAL 2024-02-12 17:01:17 INFO  LocalApp:64 - Added review R3LVVT5NNG1SU6 to summary
LOCAL 2024-02-12 17:01:17 INFO  LocalApp:64 - Added review R3TE1ALLUZGSIP to summary
LOCAL 2024-02-12 17:01:17 INFO  LocalApp:64 - Added review R3PIU8RR2V1QXR to summary
LOCAL 2024-02-12 17:01:17 INFO  LocalApp:64 - Added review R1GU961A8Y8Y58 to summary
LOCAL 2024-02-12 17:01:17 INFO  LocalApp:64 - Added review R32A0VE1X0BURI to summary
LOCAL 2024-02-12 17:01:17 INFO  LocalApp:64 - Added review R1JDXS706K8S1T to summary
LOCAL 2024-02-12 17:01:17 INFO  LocalApp:64 - Added review R2EWLW4U57UJOL to summary
LOCAL 2024-02-12 17:01:17 INFO  LocalApp:64 - Added review R15ONHJH7JFUMM to summary
LOCAL 2024-02-12 17:01:17 INFO  LocalApp:64 - Added review RX3GH8MLDBA23 to summary
LOCAL 2024-02-12 17:01:17 INFO  LocalApp:64 - Added review R1HHT6SSV0YEJP to summary
LOCAL 2024-02-12 17:01:17 INFO  LocalApp:64 - Added review R1ESOYWR8JQV7W to summary
LOCAL 2024-02-12 17:01:17 INFO  LocalApp:64 - Added review R1YWNXNOGDAVYC to summary
LOCAL 2024-02-12 17:01:17 INFO  LocalApp:64 - Added review R3O0QQ6ZEUBOZU to summary
LOCAL 2024-02-12 17:01:17 INFO  LocalApp:64 - Added review RVX8MSFRFAR34 to summary
LOCAL 2024-02-12 17:01:17 INFO  LocalApp:64 - Added review R10GHGPK2F88T7 to summary
LOCAL 2024-02-12 17:01:17 INFO  LocalApp:64 - Added review R28OXGZB5KE9IY to summary
LOCAL 2024-02-12 17:01:17 INFO  LocalApp:64 - Added review R1F0JXWPK0N5ME to summary
LOCAL 2024-02-12 17:01:17 INFO  LocalApp:64 - Added review R3OYE536TI4NSO to summary
LOCAL 2024-02-12 17:01:17 INFO  LocalApp:64 - Added review R3DCAP989VIWT7 to summary
LOCAL 2024-02-12 17:01:17 INFO  LocalApp:64 - Added review RNIMX9A9V5LH9 to summary
LOCAL 2024-02-12 17:01:17 INFO  LocalApp:64 - Added review R3KPJ5LPNYVASQ to summary
LOCAL 2024-02-12 17:01:17 INFO  LocalApp:64 - Added review RMIV0C8N1RI2 to summary
LOCAL 2024-02-12 17:01:17 INFO  LocalApp:64 - Added review R1PFRW1GXKKW9O to summary
LOCAL 2024-02-12 17:01:17 INFO  LocalApp:64 - Added review R3JXU261M77CA7 to summary
LOCAL 2024-02-12 17:01:17 INFO  LocalApp:64 - Added review R3ER25YMQE61VO to summary
LOCAL 2024-02-12 17:01:17 INFO  LocalApp:64 - Added review RE8RXL7N5Y3D to summary
LOCAL 2024-02-12 17:01:17 INFO  LocalApp:64 - Added review RNQTKJ0S9501J to summary
LOCAL 2024-02-12 17:01:17 INFO  LocalApp:64 - Added review R2TYJQX6PJ6ML7 to summary
LOCAL 2024-02-12 17:01:17 INFO  LocalApp:64 - Added review R1Y0AEEBILEI4T to summary
LOCAL 2024-02-12 17:01:17 INFO  LocalApp:64 - Added review RPGSRSWYE4BMV to summary
LOCAL 2024-02-12 17:01:17 INFO  LocalApp:64 - Added review R2MC3Q6H8O8BWC to summary
LOCAL 2024-02-12 17:01:17 INFO  LocalApp:64 - Added review R3QKCZV42H5JEI to summary
LOCAL 2024-02-12 17:01:17 INFO  LocalApp:64 - Added review R11K315ANOZUXE to summary
LOCAL 2024-02-12 17:01:17 INFO  LocalApp:64 - Added review R3174XTTMK3DOT to summary
LOCAL 2024-02-12 17:01:17 INFO  LocalApp:64 - Added review R1CWBOPMHGTPRH to summary
LOCAL 2024-02-12 17:01:17 INFO  LocalApp:64 - Added review R25H46GOTV1I49 to summary
LOCAL 2024-02-12 17:01:17 INFO  LocalApp:64 - Added review R3GCFAIUL8BI3Y to summary
LOCAL 2024-02-12 17:01:17 INFO  LocalApp:64 - Added review RZ39NFVABIQ2B to summary
LOCAL 2024-02-12 17:01:17 INFO  LocalApp:64 - Added review R1N41681HILU4W to summary
LOCAL 2024-02-12 17:01:17 INFO  LocalApp:64 - Added review R2F79Z3KTYUF7L to summary
LOCAL 2024-02-12 17:01:17 INFO  LocalApp:64 - Added review R2CEP9SLZ400M to summary
LOCAL 2024-02-12 17:01:17 INFO  LocalApp:64 - Added review R1XR34W255M9LI to summary
LOCAL 2024-02-12 17:01:17 INFO  LocalApp:64 - Added review RTA4YTCX331MA to summary
LOCAL 2024-02-12 17:01:17 INFO  LocalApp:64 - Added review R15ISW7QF1DTTP to summary
LOCAL 2024-02-12 17:01:17 INFO  LocalApp:64 - Added review R1G3HOE63Q4PP8 to summary
LOCAL 2024-02-12 17:01:17 INFO  LocalApp:64 - Added review R1QX3ZAK49008W to summary
LOCAL 2024-02-12 17:01:17 INFO  LocalApp:64 - Added review RQWPIYS6Y0XQW to summary
LOCAL 2024-02-12 17:01:17 INFO  LocalApp:64 - Added review R2RX0V0CUTYB31 to summary
LOCAL 2024-02-12 17:01:17 INFO  LocalApp:64 - Added review R1VMWMMRIBIWWK to summary
LOCAL 2024-02-12 17:01:17 INFO  LocalApp:64 - Added review R31XNE83I72XBE to summary
LOCAL 2024-02-12 17:01:17 INFO  LocalApp:64 - Added review R16IG63G0E5ZM8 to summary
LOCAL 2024-02-12 17:01:17 INFO  LocalApp:64 - Added review R3EJ4B2TLY20HI to summary
LOCAL 2024-02-12 17:01:17 INFO  LocalApp:64 - Added review R3IV1HXD6GE9OL to summary
LOCAL 2024-02-12 17:01:17 INFO  LocalApp:64 - Added review RTXE8U60512M1 to summary
LOCAL 2024-02-12 17:01:17 INFO  LocalApp:64 - Added review R1IKZK5S0DCKZ0 to summary
LOCAL 2024-02-12 17:01:17 INFO  LocalApp:64 - Added review RMA4EPV3X1PCE to summary
LOCAL 2024-02-12 17:01:17 INFO  LocalApp:64 - Added review R16N2ZAZ9E7U7B to summary
LOCAL 2024-02-12 17:01:17 INFO  LocalApp:64 - Added review RY923Q1Q9UQU9 to summary
LOCAL 2024-02-12 17:01:17 INFO  LocalApp:64 - Added review R38ARJN8DX67EM to summary
LOCAL 2024-02-12 17:01:17 INFO  LocalApp:64 - Added review R33RDBKMP4FIXJ to summary
LOCAL 2024-02-12 17:01:17 INFO  LocalApp:64 - Added review R21FG1K2OXT546 to summary
LOCAL 2024-02-12 17:01:17 INFO  LocalApp:64 - Added review RB2CL5OT7XQ0Z to summary
LOCAL 2024-02-12 17:01:17 INFO  LocalApp:64 - Added review RBR7K0M0AIKP2 to summary
LOCAL 2024-02-12 17:01:17 INFO  LocalApp:64 - Added review RZ3R86KJFIF5C to summary
LOCAL 2024-02-12 17:01:17 INFO  LocalApp:64 - Added review R53R2LEIH4WK3 to summary
LOCAL 2024-02-12 17:01:17 INFO  LocalApp:64 - Added review R1XVGD3AR8BOFL to summary
LOCAL 2024-02-12 17:01:17 INFO  LocalApp:64 - Added review RUSLY50O8EK0A to summary
LOCAL 2024-02-12 17:01:17 INFO  LocalApp:64 - Added review R2DGUXQ63LS65K to summary
LOCAL 2024-02-12 17:01:17 INFO  LocalApp:64 - Added review R2LR1FW9LWFOJS to summary
LOCAL 2024-02-12 17:01:17 INFO  LocalApp:64 - Added review RB9QK3F6SUQPU to summary
LOCAL 2024-02-12 17:01:17 INFO  LocalApp:64 - Added review RV72IMNCY05RO to summary
LOCAL 2024-02-12 17:01:17 INFO  LocalApp:64 - Added review R2NS4J2WULUMZN to summary
LOCAL 2024-02-12 17:01:17 INFO  LocalApp:64 - Added review RN5LOLJWE1LM9 to summary
LOCAL 2024-02-12 17:01:17 INFO  LocalApp:64 - Added review R1PSPFNN42EI57 to summary
LOCAL 2024-02-12 17:01:17 INFO  LocalApp:64 - Added review R2S1SOHCT343K3 to summary
LOCAL 2024-02-12 17:01:17 INFO  LocalApp:64 - Added review R2N3LRVO6RQZQD to summary
LOCAL 2024-02-12 17:01:17 INFO  LocalApp:64 - Added review R3GAPLTWQLTQPB to summary
LOCAL 2024-02-12 17:01:17 INFO  LocalApp:64 - Added review R39KHDTJWO6AM2 to summary
LOCAL 2024-02-12 17:01:17 INFO  LocalApp:64 - Added review R2PFEEAU7NHO8L to summary
LOCAL 2024-02-12 17:01:17 INFO  LocalApp:64 - Added review R17J1W34Y36S12 to summary
LOCAL 2024-02-12 17:01:17 INFO  LocalApp:64 - Added review R2GXX215IFPZ3N to summary
LOCAL 2024-02-12 17:01:17 INFO  LocalApp:64 - Added review R3RWE3GWU14B7W to summary
LOCAL 2024-02-12 17:01:17 INFO  LocalApp:64 - Added review R3U0VNJAUVG281 to summary
LOCAL 2024-02-12 17:01:17 INFO  LocalApp:64 - Added review R11ZD8ST2J0QFD to summary
LOCAL 2024-02-12 17:01:17 INFO  LocalApp:64 - Added review RO9KYZSJ2BZ5X to summary
LOCAL 2024-02-12 17:01:17 INFO  LocalApp:64 - Added review R1ICW84S7FXWNG to summary
LOCAL 2024-02-12 17:01:17 INFO  LocalApp:64 - Added review RWJAPTXKP497Z to summary
LOCAL 2024-02-12 17:01:17 INFO  LocalApp:64 - Added review RYLQNFZAY1UCH to summary
LOCAL 2024-02-12 17:01:17 INFO  LocalApp:64 - Added review R3UTL9MIT7DH3R to summary
LOCAL 2024-02-12 17:01:17 INFO  LocalApp:64 - Added review R14EML3C2US6RE to summary
LOCAL 2024-02-12 17:01:17 INFO  LocalApp:64 - Added review R1XOH273JQGR85 to summary
LOCAL 2024-02-12 17:01:17 INFO  LocalApp:64 - Added review R1WSDH1D79BE9T to summary
LOCAL 2024-02-12 17:01:17 INFO  LocalApp:64 - Added review RF7T03L50TV2Y to summary
LOCAL 2024-02-12 17:01:17 INFO  LocalApp:64 - Added review R15RC5VD0SZYCR to summary
LOCAL 2024-02-12 17:01:17 INFO  LocalApp:64 - Added review RS5OGCLDYYGOZ to summary
LOCAL 2024-02-12 17:01:17 INFO  LocalApp:64 - Added review R303SDL05XV8Z3 to summary
LOCAL 2024-02-12 17:01:17 INFO  LocalApp:64 - Added review R31DYT53JJ16KJ to summary
LOCAL 2024-02-12 17:01:17 INFO  LocalApp:64 - Added review R3J828Q50RECVC to summary
LOCAL 2024-02-12 17:01:17 INFO  LocalApp:64 - Added review R2X0RC926D0NNV to summary
LOCAL 2024-02-12 17:01:17 INFO  LocalApp:64 - Added review RS23X6XG4MEFE to summary
LOCAL 2024-02-12 17:01:17 INFO  LocalApp:64 - Added review R33FKDTHXNZEKB to summary
LOCAL 2024-02-12 17:01:17 INFO  LocalApp:64 - Added review R2KWAYD53HAYPB to summary
LOCAL 2024-02-12 17:01:17 INFO  LocalApp:64 - Added review R3UMDZ3JH2JJF8 to summary
LOCAL 2024-02-12 17:01:17 INFO  LocalApp:64 - Added review R4IFCFJATVTKZ to summary
LOCAL 2024-02-12 17:01:17 INFO  LocalApp:64 - Added review R27JHP2U1QDKWK to summary
LOCAL 2024-02-12 17:01:17 INFO  LocalApp:64 - Added review R10MKQ12AA3GZ1 to summary
LOCAL 2024-02-12 17:01:17 INFO  LocalApp:64 - Added review RZYFWT276TO8K to summary
LOCAL 2024-02-12 17:01:17 INFO  LocalApp:64 - Added review RSNQBZ6FHJE7F to summary
LOCAL 2024-02-12 17:01:17 INFO  LocalApp:64 - Added review R26WH6MRW8OH5E to summary
LOCAL 2024-02-12 17:01:17 INFO  LocalApp:64 - Added review RIY7QWC9HDQA7 to summary
LOCAL 2024-02-12 17:01:17 INFO  LocalApp:64 - Added review R3DHV2T9Q991V7 to summary
LOCAL 2024-02-12 17:01:17 INFO  LocalApp:64 - Added review R20MDI3S8QMGT4 to summary
LOCAL 2024-02-12 17:01:17 INFO  LocalApp:64 - Added review RTMHJUN966903 to summary
LOCAL 2024-02-12 17:01:17 INFO  LocalApp:64 - Added review R245Y0C7S97L7T to summary
LOCAL 2024-02-12 17:01:17 INFO  LocalApp:64 - Added review R4XTLZ1J160AS to summary
LOCAL 2024-02-12 17:01:17 INFO  LocalApp:64 - Added review R37BJSTWUYTPC4 to summary
LOCAL 2024-02-12 17:01:17 INFO  LocalApp:64 - Added review R3AKCQ54R1VBKF to summary
LOCAL 2024-02-12 17:01:17 INFO  LocalApp:64 - Added review R34W9OUGHQZGRA to summary
LOCAL 2024-02-12 17:01:17 INFO  LocalApp:64 - Added review R1DDF96B1EE6L7 to summary
LOCAL 2024-02-12 17:01:17 INFO  LocalApp:64 - Added review R1HX86XI7IT66N to summary
LOCAL 2024-02-12 17:01:17 INFO  LocalApp:64 - Added review R1KLR893YIZHI9 to summary
LOCAL 2024-02-12 17:01:17 INFO  LocalApp:64 - Added review R328UU7JAUKED6 to summary
LOCAL 2024-02-12 17:01:17 INFO  LocalApp:64 - Added review R36TQH2JYUNKBP to summary
LOCAL 2024-02-12 17:01:17 INFO  LocalApp:64 - Added review R22LGGPNAGZBKA to summary
LOCAL 2024-02-12 17:01:17 INFO  LocalApp:64 - Added review R364IZ0KABIJXV to summary
LOCAL 2024-02-12 17:01:17 INFO  LocalApp:64 - Added review R1T3RK94K334GN to summary
LOCAL 2024-02-12 17:01:17 INFO  LocalApp:64 - Added review R2EN1XAV1FADJ0 to summary
LOCAL 2024-02-12 17:01:17 INFO  LocalApp:64 - Added review R33SW6AMDKTSB8 to summary
LOCAL 2024-02-12 17:01:17 INFO  LocalApp:64 - Added review R2P158DY9PQIDC to summary
LOCAL 2024-02-12 17:01:17 INFO  LocalApp:64 - Added review R2K5E7GXYJB2OD to summary
LOCAL 2024-02-12 17:01:17 INFO  LocalApp:64 - Added review R2M9GCGH0QS9ER to summary
LOCAL 2024-02-12 17:01:17 INFO  LocalApp:64 - Added review RJ2CXFFX2K8BE to summary
LOCAL 2024-02-12 17:01:17 INFO  LocalApp:64 - Added review RROR8WXBS5IQC to summary
LOCAL 2024-02-12 17:01:17 INFO  LocalApp:64 - Added review RCZXQOZ4AQ5J4 to summary
LOCAL 2024-02-12 17:01:17 INFO  LocalApp:64 - Added review R2EACXOHPUS13F to summary
LOCAL 2024-02-12 17:01:17 INFO  LocalApp:64 - Added review R2DVDVKAMIXE50 to summary
LOCAL 2024-02-12 17:01:17 INFO  LocalApp:64 - Added review R1OX0D2CIF3U0R to summary
LOCAL 2024-02-12 17:01:17 INFO  LocalApp:64 - Added review R198LJWE0I81WG to summary
LOCAL 2024-02-12 17:01:17 INFO  LocalApp:64 - Added review R2QEFCG4OWTZBS to summary
LOCAL 2024-02-12 17:01:17 INFO  LocalApp:64 - Added review RDIAD7W7ZA43O to summary
LOCAL 2024-02-12 17:01:17 INFO  LocalApp:64 - Added review R3MRIY8FUDOYHU to summary
LOCAL 2024-02-12 17:01:17 INFO  LocalApp:64 - Added review R31QCW6DOTS5FF to summary
LOCAL 2024-02-12 17:01:17 INFO  LocalApp:64 - Added review RSGEELAPJ320R to summary
LOCAL 2024-02-12 17:01:17 INFO  LocalApp:64 - Added review R28ZVOY8Y12MGU to summary
LOCAL 2024-02-12 17:01:17 INFO  LocalApp:64 - Added review R2XF37Q0BUEPWW to summary
LOCAL 2024-02-12 17:01:17 INFO  LocalApp:64 - Added review R20Z1LO2VI7185 to summary
LOCAL 2024-02-12 17:01:17 INFO  LocalApp:64 - Added review RGJS8O3BD0JXC to summary
LOCAL 2024-02-12 17:01:17 INFO  LocalApp:64 - Added review R3V3U3DQHMG8WJ to summary
LOCAL 2024-02-12 17:01:17 INFO  LocalApp:64 - Added review R3P2KOXRF7Z400 to summary
LOCAL 2024-02-12 17:01:17 INFO  LocalApp:64 - Added review R3235FJT906SDO to summary
LOCAL 2024-02-12 17:01:17 INFO  LocalApp:64 - Added review RB4ZPD9DRFAL5 to summary
LOCAL 2024-02-12 17:01:17 INFO  LocalApp:64 - Added review R3RLX7Y80I0FZ8 to summary
LOCAL 2024-02-12 17:01:17 INFO  LocalApp:64 - Added review RUWAA0T4YDPW to summary
LOCAL 2024-02-12 17:01:17 INFO  LocalApp:64 - Added review R2WHTROMGH8MW0 to summary
LOCAL 2024-02-12 17:01:17 INFO  LocalApp:64 - Added review RM90411MKGVD1 to summary
LOCAL 2024-02-12 17:01:17 INFO  LocalApp:64 - Added review R3U6JNVKKLKT23 to summary
LOCAL 2024-02-12 17:01:17 INFO  LocalApp:64 - Added review R224KK65ZQ71JI to summary
LOCAL 2024-02-12 17:01:17 INFO  LocalApp:64 - Added review R3FZE813LOV0F7 to summary
LOCAL 2024-02-12 17:01:17 INFO  LocalApp:64 - Added review R1KB8SMBCGS3LN to summary
LOCAL 2024-02-12 17:01:17 INFO  LocalApp:64 - Added review R2BKVRLR3QS30L to summary
LOCAL 2024-02-12 17:01:17 INFO  LocalApp:64 - Added review R1RG5TN164JGW2 to summary
LOCAL 2024-02-12 17:01:17 INFO  LocalApp:64 - Added review R33DK4T6EHUIHX to summary
LOCAL 2024-02-12 17:01:17 INFO  LocalApp:64 - Added review R15IEZL8QALCZP to summary
LOCAL 2024-02-12 17:01:17 INFO  LocalApp:64 - Added review R3DLKE1DPQKKHY to summary
LOCAL 2024-02-12 17:01:17 INFO  LocalApp:64 - Added review R2YGBK02773008 to summary
LOCAL 2024-02-12 17:01:17 INFO  LocalApp:64 - Added review R2X77IUYDICNQJ to summary
LOCAL 2024-02-12 17:01:17 INFO  LocalApp:64 - Added review R2VO9722XBBVTH to summary
LOCAL 2024-02-12 17:01:17 INFO  LocalApp:64 - Added review RDJ2LZRJ4K0V to summary
LOCAL 2024-02-12 17:01:17 INFO  LocalApp:64 - Added review R1U56NAOWA05QF to summary
LOCAL 2024-02-12 17:01:17 INFO  LocalApp:64 - Added review R1QVQNXDLSULDY to summary
LOCAL 2024-02-12 17:01:17 INFO  LocalApp:64 - Added review R26HIKXDKUTC5E to summary
LOCAL 2024-02-12 17:01:17 INFO  LocalApp:64 - Added review R184ZQAE6OMSMN to summary
LOCAL 2024-02-12 17:01:17 INFO  LocalApp:64 - Added review R3PBKOK6X3ON71 to summary
LOCAL 2024-02-12 17:01:17 INFO  LocalApp:64 - Added review R3L5XD2VWY235I to summary
LOCAL 2024-02-12 17:01:17 INFO  LocalApp:64 - Added review R2R1ONMJJ1C530 to summary
LOCAL 2024-02-12 17:01:17 INFO  LocalApp:64 - Added review R2CUSAEOO5ZUZY to summary
LOCAL 2024-02-12 17:01:17 INFO  LocalApp:64 - Added review RAC53O9YPB7Q1 to summary
LOCAL 2024-02-12 17:01:17 INFO  LocalApp:64 - Added review R1P479XNKT3EIJ to summary
LOCAL 2024-02-12 17:01:17 INFO  LocalApp:64 - Added review R1M39N5OEUXUJV to summary
LOCAL 2024-02-12 17:01:17 INFO  LocalApp:64 - Added review R1PVCVO8PI7VCK to summary
LOCAL 2024-02-12 17:01:17 INFO  LocalApp:64 - Added review R38BD387JZFIYA to summary
LOCAL 2024-02-12 17:01:17 INFO  LocalApp:64 - Added review R3HYF4UBGHHUW7 to summary
LOCAL 2024-02-12 17:01:17 INFO  LocalApp:64 - Added review RUE7FGTOI9NY3 to summary
LOCAL 2024-02-12 17:01:17 INFO  LocalApp:64 - Added review R1DZNZJRG2M25K to summary
LOCAL 2024-02-12 17:01:17 INFO  LocalApp:64 - Added review R2QOR4FHWCW79Z to summary
LOCAL 2024-02-12 17:01:17 INFO  LocalApp:64 - Added review R1UUK5KHMUI1CG to summary
LOCAL 2024-02-12 17:01:17 INFO  LocalApp:64 - Added review RUFEWOIGBV8EI to summary
LOCAL 2024-02-12 17:01:17 INFO  LocalApp:64 - Added review R1UERI590KMF1S to summary
LOCAL 2024-02-12 17:01:17 INFO  LocalApp:64 - Added review R236BBM296K6YZ to summary
LOCAL 2024-02-12 17:01:17 INFO  LocalApp:64 - Added review RLLZSA03AB82N to summary
LOCAL 2024-02-12 17:01:17 INFO  LocalApp:64 - Added review R2VOB9HQVVBKCE to summary
LOCAL 2024-02-12 17:01:17 INFO  LocalApp:64 - Added review R3GRQ222IYDXZI to summary
LOCAL 2024-02-12 17:01:17 INFO  LocalApp:64 - Added review R4P13V3C24PFB to summary
LOCAL 2024-02-12 17:01:17 INFO  LocalApp:64 - Added review RK50KAQ31GOFC to summary
LOCAL 2024-02-12 17:01:17 INFO  LocalApp:64 - Added review R137VQHXSUZ6XR to summary
LOCAL 2024-02-12 17:01:17 INFO  LocalApp:64 - Added review RXATEQ0QY3GSQ to summary
LOCAL 2024-02-12 17:01:17 INFO  LocalApp:64 - Added review R10EF878FZZTJ6 to summary
LOCAL 2024-02-12 17:01:17 INFO  LocalApp:64 - Added review R39TPNPEGEHKB9 to summary
LOCAL 2024-02-12 17:01:17 INFO  LocalApp:64 - Added review R2XDMQSSSSPDG to summary
LOCAL 2024-02-12 17:01:17 INFO  LocalApp:64 - Added review RW6ORU2M3C461 to summary
LOCAL 2024-02-12 17:01:17 INFO  LocalApp:64 - Added review R1JKLGHE883XOR to summary
LOCAL 2024-02-12 17:01:17 INFO  LocalApp:64 - Added review R3LO89TKI1MVMC to summary
LOCAL 2024-02-12 17:01:17 INFO  LocalApp:64 - Added review R1HRC6MTTWN9RN to summary
LOCAL 2024-02-12 17:01:17 INFO  LocalApp:64 - Added review R2EVW6A92DMNU3 to summary
LOCAL 2024-02-12 17:01:17 INFO  LocalApp:64 - Added review RJPL8KXN348NY to summary
LOCAL 2024-02-12 17:01:17 INFO  LocalApp:64 - Added review R1A5I1W7YNP8ZT to summary
LOCAL 2024-02-12 17:01:17 INFO  LocalApp:64 - Added review R19IQ8GH4D0JNI to summary
LOCAL 2024-02-12 17:01:17 INFO  LocalApp:64 - Added review R14D3WP6J91DCU to summary
LOCAL 2024-02-12 17:01:17 INFO  LocalApp:64 - Added review R258PTZJ3U5I1Z to summary
LOCAL 2024-02-12 17:01:17 INFO  LocalApp:64 - Added review R1IHIM75XZ15TC to summary
LOCAL 2024-02-12 17:01:17 INFO  LocalApp:64 - Added review R12FNAFF3HU47X to summary
LOCAL 2024-02-12 17:01:17 INFO  LocalApp:64 - Added review R39T2E8UGYDUKA to summary
LOCAL 2024-02-12 17:01:17 INFO  LocalApp:64 - Added review R1CGN6DTV5XTOB to summary
LOCAL 2024-02-12 17:01:17 INFO  LocalApp:64 - Added review R1EXE1UIVEM18S to summary
LOCAL 2024-02-12 17:01:17 INFO  LocalApp:64 - Added review RCTVBSIPB9Q2X to summary
LOCAL 2024-02-12 17:01:17 INFO  LocalApp:64 - Added review R1L72VD853B8CZ to summary
LOCAL 2024-02-12 17:01:17 INFO  LocalApp:64 - Added review R1BSSMCFE9A1N3 to summary
LOCAL 2024-02-12 17:01:17 INFO  LocalApp:64 - Added review RKW0DAIUVAU0I to summary
LOCAL 2024-02-12 17:01:17 INFO  LocalApp:64 - Added review R1H00LVI098GS0 to summary
LOCAL 2024-02-12 17:01:17 INFO  LocalApp:64 - Added review R10353KY5U9CAL to summary
LOCAL 2024-02-12 17:01:17 INFO  LocalApp:64 - Added review R3QO2P0VJD176Y to summary
LOCAL 2024-02-12 17:01:17 INFO  LocalApp:64 - Added review R2UDAI0FVZ4EDB to summary
LOCAL 2024-02-12 17:01:17 INFO  LocalApp:64 - Added review R1CTX55K0AYC6Y to summary
LOCAL 2024-02-12 17:01:17 INFO  LocalApp:64 - Added review R1NWQUW6SGEYHR to summary
LOCAL 2024-02-12 17:01:17 INFO  LocalApp:64 - Added review R3N3E2EB1TIMH0 to summary
LOCAL 2024-02-12 17:01:17 INFO  LocalApp:64 - Added review R2Y7JC1QKZ4IK to summary
LOCAL 2024-02-12 17:01:17 INFO  LocalApp:64 - Added review R25OY7C5TO11CA to summary
LOCAL 2024-02-12 17:01:17 INFO  LocalApp:64 - Added review R1QO0739NKZT64 to summary
LOCAL 2024-02-12 17:01:17 INFO  LocalApp:64 - Added review R13A1E84GQINZW to summary
LOCAL 2024-02-12 17:01:17 INFO  LocalApp:64 - Added review R3D3B5PJY3KJQ to summary
LOCAL 2024-02-12 17:01:17 INFO  LocalApp:64 - Added review R1YJC6CW52SVLK to summary
LOCAL 2024-02-12 17:01:17 INFO  LocalApp:64 - Added review RXHD8N12IG6RF to summary
LOCAL 2024-02-12 17:01:17 INFO  LocalApp:64 - Added review R32KCC7AJYM6QS to summary
LOCAL 2024-02-12 17:01:17 INFO  LocalApp:64 - Added review R3SDBMO8XQ0NHI to summary
LOCAL 2024-02-12 17:01:17 INFO  LocalApp:64 - Added review RGMH5ROASTBS8 to summary
LOCAL 2024-02-12 17:01:17 INFO  LocalApp:64 - Added review R997CY49ISPL8 to summary
LOCAL 2024-02-12 17:01:17 INFO  LocalApp:64 - Added review R27SGCOMFO1QOO to summary
LOCAL 2024-02-12 17:01:17 INFO  LocalApp:64 - Added review R1SY90KME52LDP to summary
LOCAL 2024-02-12 17:01:17 INFO  LocalApp:64 - Added review R3D94WHWZRMCTU to summary
LOCAL 2024-02-12 17:01:17 INFO  LocalApp:64 - Added review R5FANPEOSQMIA to summary
LOCAL 2024-02-12 17:01:17 INFO  LocalApp:64 - Added review R36CH2535FNBWH to summary
LOCAL 2024-02-12 17:01:17 INFO  LocalApp:64 - Added review R3QKBFRYMJTRC8 to summary
LOCAL 2024-02-12 17:01:17 INFO  LocalApp:64 - Added review R2BCQMUKUPMWM0 to summary
LOCAL 2024-02-12 17:01:17 INFO  LocalApp:64 - Added review R3V239ZPPF0XY3 to summary
LOCAL 2024-02-12 17:01:17 INFO  LocalApp:64 - Added review R3U0AGCN0XLFYW to summary
LOCAL 2024-02-12 17:01:17 INFO  LocalApp:64 - Added review ROA2CGC3XYX93 to summary
LOCAL 2024-02-12 17:01:17 INFO  LocalApp:64 - Added review R367OTNJ8I36FS to summary
LOCAL 2024-02-12 17:01:17 INFO  LocalApp:64 - Added review RC37DXGZEHSHA to summary
LOCAL 2024-02-12 17:01:17 INFO  LocalApp:64 - Added review R1YUTHAP0EFJYN to summary
LOCAL 2024-02-12 17:01:17 INFO  LocalApp:64 - Added review R314FSLWJB1BYS to summary
LOCAL 2024-02-12 17:01:17 INFO  LocalApp:64 - Added review R2MS0PRFQAD19O to summary
LOCAL 2024-02-12 17:01:17 INFO  LocalApp:64 - Added review R3EI5HH6KG05SC to summary
LOCAL 2024-02-12 17:01:17 INFO  LocalApp:64 - Added review RMGDFVGSB1T06 to summary
LOCAL 2024-02-12 17:01:17 INFO  LocalApp:64 - Added review RRBY3WCTUWA3M to summary
LOCAL 2024-02-12 17:01:17 INFO  LocalApp:64 - Added review R3GVDQ21LUIW23 to summary
LOCAL 2024-02-12 17:01:17 INFO  LocalApp:64 - Added review R3Q6GXS0CJ2O8X to summary
LOCAL 2024-02-12 17:01:17 INFO  LocalApp:64 - Added review RDHIMDMVULW4U to summary
LOCAL 2024-02-12 17:01:17 INFO  LocalApp:64 - Added review R2R3VHZOBOKHH3 to summary
LOCAL 2024-02-12 17:01:17 INFO  LocalApp:64 - Added review R3KUG35W8EC0Y4 to summary
LOCAL 2024-02-12 17:01:17 INFO  LocalApp:64 - Added review R3HMWXSKKSSTEY to summary
LOCAL 2024-02-12 17:01:17 INFO  LocalApp:64 - Added review R2A07MGHS6BKPV to summary
LOCAL 2024-02-12 17:01:17 INFO  LocalApp:64 - Added review R964TFJRPFI9F to summary
LOCAL 2024-02-12 17:01:17 INFO  LocalApp:64 - Added review R2ZPS1DUTHY0U to summary
LOCAL 2024-02-12 17:01:17 INFO  LocalApp:64 - Added review R3PI0U0KLRMI10 to summary
LOCAL 2024-02-12 17:01:17 INFO  LocalApp:64 - Added review RRVABOFF48FXY to summary
LOCAL 2024-02-12 17:01:17 INFO  LocalApp:64 - Added review R1RBJDPYIRLNFF to summary
LOCAL 2024-02-12 17:01:17 INFO  LocalApp:64 - Added review R1PIHZ42VPVVSQ to summary
LOCAL 2024-02-12 17:01:17 INFO  LocalApp:64 - Added review R989B3XZKUMWT to summary
LOCAL 2024-02-12 17:01:17 INFO  LocalApp:64 - Added review R2RDWGODRS8G1G to summary
LOCAL 2024-02-12 17:01:17 INFO  LocalApp:64 - Added review R1VTXNBJFZDOIL to summary
LOCAL 2024-02-12 17:01:17 INFO  LocalApp:64 - Added review R2ZK1F1GXZ3EFP to summary
LOCAL 2024-02-12 17:01:17 INFO  LocalApp:64 - Added review R2LCGBRGELP5J4 to summary
LOCAL 2024-02-12 17:01:17 INFO  LocalApp:64 - Added review RKGESVRQIU9QR to summary
LOCAL 2024-02-12 17:01:17 INFO  LocalApp:64 - Added review R3G3Z95G1OODFS to summary
LOCAL 2024-02-12 17:01:17 INFO  LocalApp:64 - Added review R1US3F0Y6DGS85 to summary
LOCAL 2024-02-12 17:01:17 INFO  LocalApp:64 - Added review R1ZT99ABIPKT4L to summary
LOCAL 2024-02-12 17:01:17 INFO  LocalApp:64 - Added review R32WHQ5RO4KXKA to summary
LOCAL 2024-02-12 17:01:17 INFO  LocalApp:64 - Added review R3MIC1REUBPREZ to summary
LOCAL 2024-02-12 17:01:17 INFO  LocalApp:64 - Added review R3TUW9VPWRZ418 to summary
LOCAL 2024-02-12 17:01:17 INFO  LocalApp:64 - Added review R1Y5AIJUSWVDWZ to summary
LOCAL 2024-02-12 17:01:17 INFO  LocalApp:64 - Added review R278QCOETUWQ6E to summary
LOCAL 2024-02-12 17:01:17 INFO  LocalApp:64 - Added review R258G8Q2170M2E to summary
LOCAL 2024-02-12 17:01:17 INFO  LocalApp:64 - Added review R2E8S075V2KKU8 to summary
LOCAL 2024-02-12 17:01:17 INFO  LocalApp:64 - Added review R3K8DJREX80ZAW to summary
LOCAL 2024-02-12 17:01:17 INFO  LocalApp:64 - Added review R1XXQOJODHPRLQ to summary
LOCAL 2024-02-12 17:01:17 INFO  LocalApp:64 - Added review R2JLXP3D723900 to summary
LOCAL 2024-02-12 17:01:17 INFO  LocalApp:64 - Added review R3U8LH70648WQ6 to summary
LOCAL 2024-02-12 17:01:17 INFO  LocalApp:64 - Added review R1ZLQJZEJT8SI8 to summary
LOCAL 2024-02-12 17:01:17 INFO  LocalApp:64 - Added review R3J3FUNMVVKSDI to summary
LOCAL 2024-02-12 17:01:17 INFO  LocalApp:64 - Added review R2U1URCC9FQLR to summary
LOCAL 2024-02-12 17:01:17 INFO  LocalApp:64 - Added review R1H1UBQZ2JUMRC to summary
LOCAL 2024-02-12 17:01:17 INFO  LocalApp:64 - Added review RYBWUKZSF8HKX to summary
LOCAL 2024-02-12 17:01:17 INFO  LocalApp:64 - Added review R3IXCFNAX2D0W to summary
LOCAL 2024-02-12 17:01:17 INFO  LocalApp:64 - Added review R19UVJU1NEU3H to summary
LOCAL 2024-02-12 17:01:17 INFO  LocalApp:64 - Added review R1UK1GMJGTLRKW to summary
LOCAL 2024-02-12 17:01:17 INFO  LocalApp:64 - Added review R8NXGWNYBWK95 to summary
LOCAL 2024-02-12 17:01:17 INFO  LocalApp:64 - Added review R38008HTCZI1SM to summary
LOCAL 2024-02-12 17:01:17 INFO  LocalApp:64 - Added review R397BO6VWNMMPM to summary
LOCAL 2024-02-12 17:01:17 INFO  LocalApp:64 - Added review RL68OW8834BF8 to summary
LOCAL 2024-02-12 17:01:17 INFO  LocalApp:64 - Added review R3FKKM93WZJ9MY to summary
LOCAL 2024-02-12 17:01:17 INFO  LocalApp:64 - Added review R3XAGXP4EUF1Y to summary
LOCAL 2024-02-12 17:01:17 INFO  LocalApp:64 - Added review RL0I62KX7BQXZ to summary
LOCAL 2024-02-12 17:01:17 INFO  LocalApp:64 - Added review RX8SCRYAWWSV7 to summary
LOCAL 2024-02-12 17:01:17 INFO  LocalApp:64 - Added review R33DP4LOTRAJV4 to summary
LOCAL 2024-02-12 17:01:17 INFO  LocalApp:73 - Created summary HTML file at output87.html
LOCAL 2024-02-12 17:01:18 INFO  SQSHandler:116 - Deleted message from https://sqs.us-east-1.amazonaws.com/767398090493/managerToLocalQueue
LOCAL 2024-02-12 17:01:18 INFO  LocalApp:89 - Polling for responses from manager
LOCAL 2024-02-12 17:01:38 INFO  LocalApp:89 - Polling for responses from manager
LOCAL 2024-02-12 17:01:58 INFO  LocalApp:89 - Polling for responses from manager
LOCAL 2024-02-12 17:02:18 INFO  LocalApp:89 - Polling for responses from manager
LOCAL 2024-02-12 17:02:38 INFO  LocalApp:89 - Polling for responses from manager
LOCAL 2024-02-12 17:02:58 INFO  LocalApp:89 - Polling for responses from manager
LOCAL 2024-02-12 17:03:18 INFO  LocalApp:89 - Polling for responses from manager
LOCAL 2024-02-12 17:03:39 INFO  LocalApp:89 - Polling for responses from manager
LOCAL 2024-02-12 17:03:59 INFO  LocalApp:89 - Polling for responses from manager
LOCAL 2024-02-12 17:04:19 INFO  LocalApp:89 - Polling for responses from manager
LOCAL 2024-02-12 17:04:30 INFO  LocalApp:101 - Received response from manager: b092634e1b73a94c::done::b092634e1b73a94c-summary-1::1
LOCAL 2024-02-12 17:04:30 INFO  LocalApp:27 - LocalAppTask started
LOCAL 2024-02-12 17:04:30 INFO  S3Handler:56 - Downloading file b092634e1b73a94c/b092634e1b73a94c-summary-1 from S3 bucket sarcasm-analysis-bucket
LOCAL 2024-02-12 17:04:31 INFO  LocalApp:35 - Received summary file from S3
LOCAL 2024-02-12 17:04:31 INFO  LocalApp:64 - Added review R15QHAQQ7KNX0C to summary
LOCAL 2024-02-12 17:04:31 INFO  LocalApp:64 - Added review RKYIM3APOJ7TZ to summary
LOCAL 2024-02-12 17:04:31 INFO  LocalApp:64 - Added review R2MIHPKRTN24NM to summary
LOCAL 2024-02-12 17:04:31 INFO  LocalApp:64 - Added review RNMX0W7XT4GR3 to summary
LOCAL 2024-02-12 17:04:31 INFO  LocalApp:64 - Added review R32H7YIY4I2E49 to summary
LOCAL 2024-02-12 17:04:31 INFO  LocalApp:64 - Added review R3T6TX0DHA613X to summary
LOCAL 2024-02-12 17:04:31 INFO  LocalApp:64 - Added review RSVFVEOKGUS7A to summary
LOCAL 2024-02-12 17:04:31 INFO  LocalApp:64 - Added review R229XBJFYDTF39 to summary
LOCAL 2024-02-12 17:04:31 INFO  LocalApp:64 - Added review R1TNK8284EFVZ4 to summary
LOCAL 2024-02-12 17:04:31 INFO  LocalApp:64 - Added review R2TZ5939M4Z71 to summary
LOCAL 2024-02-12 17:04:31 INFO  LocalApp:64 - Added review R215FN7P4GATLM to summary
LOCAL 2024-02-12 17:04:31 INFO  LocalApp:64 - Added review R2CNDNDP9XB0XE to summary
LOCAL 2024-02-12 17:04:31 INFO  LocalApp:64 - Added review R2UJOMISHXCKA9 to summary
LOCAL 2024-02-12 17:04:31 INFO  LocalApp:64 - Added review R39LIK5G2FD7WO to summary
LOCAL 2024-02-12 17:04:31 INFO  LocalApp:64 - Added review R2F9KQ0Y4AQ9FB to summary
LOCAL 2024-02-12 17:04:31 INFO  LocalApp:64 - Added review R2TRFW8811UBB8 to summary
LOCAL 2024-02-12 17:04:31 INFO  LocalApp:64 - Added review R29LVP2EBC2ZIM to summary
LOCAL 2024-02-12 17:04:31 INFO  LocalApp:64 - Added review R2IKDPTJH7WGZI to summary
LOCAL 2024-02-12 17:04:31 INFO  LocalApp:64 - Added review R2KJMPU2G47FU4 to summary
LOCAL 2024-02-12 17:04:31 INFO  LocalApp:64 - Added review R1DA1IVISZGNBY to summary
LOCAL 2024-02-12 17:04:31 INFO  LocalApp:64 - Added review R2LS7ZITDQXU9B to summary
LOCAL 2024-02-12 17:04:31 INFO  LocalApp:64 - Added review R2PWV5GNRKFKLI to summary
LOCAL 2024-02-12 17:04:31 INFO  LocalApp:64 - Added review R10D7J1NEI36R2 to summary
LOCAL 2024-02-12 17:04:31 INFO  LocalApp:64 - Added review R2FXZJQ9UEBW5B to summary
LOCAL 2024-02-12 17:04:31 INFO  LocalApp:64 - Added review R15VRLC9S2AKVA to summary
LOCAL 2024-02-12 17:04:31 INFO  LocalApp:64 - Added review R1BAZR89AW4GCW to summary
LOCAL 2024-02-12 17:04:31 INFO  LocalApp:64 - Added review R1H6HUJOPXPPDN to summary
LOCAL 2024-02-12 17:04:31 INFO  LocalApp:64 - Added review R1UQPTD2VN97NK to summary
LOCAL 2024-02-12 17:04:31 INFO  LocalApp:64 - Added review RFF4QU1GAVCQS to summary
LOCAL 2024-02-12 17:04:31 INFO  LocalApp:64 - Added review R4MNRHMIWXQ3O to summary
LOCAL 2024-02-12 17:04:31 INFO  LocalApp:64 - Added review R2POYC2860CH6H to summary
LOCAL 2024-02-12 17:04:31 INFO  LocalApp:64 - Added review R6FXF5SD7GU09 to summary
LOCAL 2024-02-12 17:04:31 INFO  LocalApp:64 - Added review R1MQFUH9ENZW1I to summary
LOCAL 2024-02-12 17:04:31 INFO  LocalApp:64 - Added review R2A2JOUT1V296H to summary
LOCAL 2024-02-12 17:04:31 INFO  LocalApp:64 - Added review RYAGCGWLNAUW5 to summary
LOCAL 2024-02-12 17:04:31 INFO  LocalApp:64 - Added review R25O7K1V9N5TC7 to summary
LOCAL 2024-02-12 17:04:31 INFO  LocalApp:64 - Added review RYR2W2TEMEL1L to summary
LOCAL 2024-02-12 17:04:31 INFO  LocalApp:64 - Added review R1HAZDGUHTR87X to summary
LOCAL 2024-02-12 17:04:31 INFO  LocalApp:64 - Added review R3KC02V10ED331 to summary
LOCAL 2024-02-12 17:04:31 INFO  LocalApp:64 - Added review R35RCI4X7DTNOM to summary
LOCAL 2024-02-12 17:04:31 INFO  LocalApp:64 - Added review R1HAW75BU11OBQ to summary
LOCAL 2024-02-12 17:04:31 INFO  LocalApp:64 - Added review R36QX3N00LBY8T to summary
LOCAL 2024-02-12 17:04:31 INFO  LocalApp:64 - Added review R3U42MT6PEXLL5 to summary
LOCAL 2024-02-12 17:04:31 INFO  LocalApp:64 - Added review RZDH975VAURWG to summary
LOCAL 2024-02-12 17:04:31 INFO  LocalApp:64 - Added review R11YUOZK02IGIO to summary
LOCAL 2024-02-12 17:04:31 INFO  LocalApp:64 - Added review R1FMAMY8343N73 to summary
LOCAL 2024-02-12 17:04:31 INFO  LocalApp:64 - Added review R1DWWZF9ONB8B3 to summary
LOCAL 2024-02-12 17:04:31 INFO  LocalApp:64 - Added review R37LPR89SW22Z7 to summary
LOCAL 2024-02-12 17:04:31 INFO  LocalApp:64 - Added review RTNHFOXEFUVBQ to summary
LOCAL 2024-02-12 17:04:31 INFO  LocalApp:64 - Added review R16HDN034ERRX5 to summary
LOCAL 2024-02-12 17:04:31 INFO  LocalApp:64 - Added review R29A6BIUW08BRV to summary
LOCAL 2024-02-12 17:04:31 INFO  LocalApp:64 - Added review ROEGTL6ZIL367 to summary
LOCAL 2024-02-12 17:04:31 INFO  LocalApp:64 - Added review R1LG0Q3UGHDVJZ to summary
LOCAL 2024-02-12 17:04:31 INFO  LocalApp:64 - Added review R2UT5AOS96UYAK to summary
LOCAL 2024-02-12 17:04:31 INFO  LocalApp:64 - Added review R1HIWT1AGV86KQ to summary
LOCAL 2024-02-12 17:04:31 INFO  LocalApp:64 - Added review R24SBF8A0QOZLM to summary
LOCAL 2024-02-12 17:04:31 INFO  LocalApp:64 - Added review R37PU69JLZ94QO to summary
LOCAL 2024-02-12 17:04:31 INFO  LocalApp:64 - Added review R2OKCSQ2NYCYUW to summary
LOCAL 2024-02-12 17:04:31 INFO  LocalApp:64 - Added review R1MTHVPNHR75HD to summary
LOCAL 2024-02-12 17:04:31 INFO  LocalApp:64 - Added review RD2QSPG7ZUWBD to summary
LOCAL 2024-02-12 17:04:31 INFO  LocalApp:64 - Added review R298VKH241HQZO to summary
LOCAL 2024-02-12 17:04:31 INFO  LocalApp:64 - Added review R2JYN1I9ET59BH to summary
LOCAL 2024-02-12 17:04:31 INFO  LocalApp:64 - Added review R2JYN5LLWUJWPE to summary
LOCAL 2024-02-12 17:04:31 INFO  LocalApp:64 - Added review R3MG6WHTK9DFWI to summary
LOCAL 2024-02-12 17:04:31 INFO  LocalApp:64 - Added review R29CM6S96RG40S to summary
LOCAL 2024-02-12 17:04:31 INFO  LocalApp:64 - Added review R3DS93NGAJ1ZIJ to summary
LOCAL 2024-02-12 17:04:31 INFO  LocalApp:64 - Added review R11CLKZBIYULP to summary
LOCAL 2024-02-12 17:04:31 INFO  LocalApp:64 - Added review R47HAWHHDXE5D to summary
LOCAL 2024-02-12 17:04:31 INFO  LocalApp:64 - Added review R2YW9IM3LAM2AV to summary
LOCAL 2024-02-12 17:04:31 INFO  LocalApp:64 - Added review RFAZZPJ87DNLM to summary
LOCAL 2024-02-12 17:04:31 INFO  LocalApp:64 - Added review RHNZHP3CAG0GU to summary
LOCAL 2024-02-12 17:04:31 INFO  LocalApp:64 - Added review RRZ6ROCKIKHIQ to summary
LOCAL 2024-02-12 17:04:31 INFO  LocalApp:64 - Added review R2ELM09EN8G6QU to summary
LOCAL 2024-02-12 17:04:31 INFO  LocalApp:64 - Added review RYGTRZT078PLY to summary
LOCAL 2024-02-12 17:04:31 INFO  LocalApp:64 - Added review RYWDMWUM7UP4C to summary
LOCAL 2024-02-12 17:04:31 INFO  LocalApp:64 - Added review R6YDI2512EBLO to summary
LOCAL 2024-02-12 17:04:31 INFO  LocalApp:64 - Added review RSR3TZU6WLG2 to summary
LOCAL 2024-02-12 17:04:31 INFO  LocalApp:64 - Added review R30CP1RHJ35K6J to summary
LOCAL 2024-02-12 17:04:31 INFO  LocalApp:64 - Added review RJJAKDLS7ZKYG to summary
LOCAL 2024-02-12 17:04:31 INFO  LocalApp:64 - Added review R2GLCL9F236VQV to summary
LOCAL 2024-02-12 17:04:31 INFO  LocalApp:64 - Added review RVWAYV1XL8TIR to summary
LOCAL 2024-02-12 17:04:31 INFO  LocalApp:64 - Added review RISUUH3GSFGPP to summary
LOCAL 2024-02-12 17:04:31 INFO  LocalApp:64 - Added review R2UJYYJTILQ2LG to summary
LOCAL 2024-02-12 17:04:31 INFO  LocalApp:64 - Added review R1HTBZ0A4DYFY9 to summary
LOCAL 2024-02-12 17:04:31 INFO  LocalApp:64 - Added review R1FTP2JJQQG49R to summary
LOCAL 2024-02-12 17:04:31 INFO  LocalApp:64 - Added review R3B2RKMWCWZ7Y9 to summary
LOCAL 2024-02-12 17:04:31 INFO  LocalApp:64 - Added review R10ARJ6L1RX5ZU to summary
LOCAL 2024-02-12 17:04:31 INFO  LocalApp:64 - Added review R1PBQLIQDPMQVC to summary
LOCAL 2024-02-12 17:04:31 INFO  LocalApp:64 - Added review R2PQ8GHYTC732I to summary
LOCAL 2024-02-12 17:04:31 INFO  LocalApp:64 - Added review R1R41E2HI9IU77 to summary
LOCAL 2024-02-12 17:04:31 INFO  LocalApp:64 - Added review R3AK5790M57BTC to summary
LOCAL 2024-02-12 17:04:31 INFO  LocalApp:64 - Added review R1K6WHTZ2IWVEF to summary
LOCAL 2024-02-12 17:04:31 INFO  LocalApp:64 - Added review R1FMRQEK3MP6YA to summary
LOCAL 2024-02-12 17:04:31 INFO  LocalApp:64 - Added review R223MC8TG3YG1T to summary
LOCAL 2024-02-12 17:04:31 INFO  LocalApp:64 - Added review R3FOV8BG2LL403 to summary
LOCAL 2024-02-12 17:04:31 INFO  LocalApp:64 - Added review R2LJ75KUSZW43L to summary
LOCAL 2024-02-12 17:04:31 INFO  LocalApp:64 - Added review R1MSYWLUSS2QEX to summary
LOCAL 2024-02-12 17:04:31 INFO  LocalApp:64 - Added review R3EXYWVXI8V06H to summary
LOCAL 2024-02-12 17:04:31 INFO  LocalApp:64 - Added review R2U3A751M8SFN0 to summary
LOCAL 2024-02-12 17:04:31 INFO  LocalApp:64 - Added review R27RB68YEFLBIE to summary
LOCAL 2024-02-12 17:04:31 INFO  LocalApp:64 - Added review R37MKR8B8HQTBG to summary
LOCAL 2024-02-12 17:04:31 INFO  LocalApp:64 - Added review RCKKY3S3JY8GG to summary
LOCAL 2024-02-12 17:04:31 INFO  LocalApp:64 - Added review R2MY6Z3GP9FU2G to summary
LOCAL 2024-02-12 17:04:31 INFO  LocalApp:64 - Added review R2XAON4I83K3RK to summary
LOCAL 2024-02-12 17:04:31 INFO  LocalApp:64 - Added review RQG0HPR6A8H8J to summary
LOCAL 2024-02-12 17:04:31 INFO  LocalApp:64 - Added review R3L9OZZTT1632E to summary
LOCAL 2024-02-12 17:04:31 INFO  LocalApp:64 - Added review R2IWSJDAPFZ9VM to summary
LOCAL 2024-02-12 17:04:31 INFO  LocalApp:64 - Added review R1KDEZKHS10VCQ to summary
LOCAL 2024-02-12 17:04:31 INFO  LocalApp:64 - Added review R3C2G0UTXALY0T to summary
LOCAL 2024-02-12 17:04:31 INFO  LocalApp:64 - Added review R41GQI1RJ0QQ2 to summary
LOCAL 2024-02-12 17:04:31 INFO  LocalApp:64 - Added review RNUX3O5A6VENG to summary
LOCAL 2024-02-12 17:04:31 INFO  LocalApp:64 - Added review R1P5DBMPBE17VT to summary
LOCAL 2024-02-12 17:04:31 INFO  LocalApp:64 - Added review R2X153EHX4OMHM to summary
LOCAL 2024-02-12 17:04:31 INFO  LocalApp:64 - Added review R3SY8NQQGGA550 to summary
LOCAL 2024-02-12 17:04:31 INFO  LocalApp:64 - Added review R16AET8J5YAKWQ to summary
LOCAL 2024-02-12 17:04:31 INFO  LocalApp:64 - Added review R18J6ISULRU669 to summary
LOCAL 2024-02-12 17:04:31 INFO  LocalApp:64 - Added review R1MNS3EGP6BC90 to summary
LOCAL 2024-02-12 17:04:31 INFO  LocalApp:64 - Added review R21VM0DFZOG04J to summary
LOCAL 2024-02-12 17:04:31 INFO  LocalApp:64 - Added review R36HZDTOVF455W to summary
LOCAL 2024-02-12 17:04:31 INFO  LocalApp:64 - Added review R2K6FX313UUNY4 to summary
LOCAL 2024-02-12 17:04:31 INFO  LocalApp:64 - Added review R2MBI7OUR16VYM to summary
LOCAL 2024-02-12 17:04:31 INFO  LocalApp:64 - Added review R85FTKVI9BXHM to summary
LOCAL 2024-02-12 17:04:31 INFO  LocalApp:64 - Added review R4CI1YYCW6HXF to summary
LOCAL 2024-02-12 17:04:31 INFO  LocalApp:64 - Added review RZJRXYESADE31 to summary
LOCAL 2024-02-12 17:04:31 INFO  LocalApp:64 - Added review R1HHL52NDVIHAZ to summary
LOCAL 2024-02-12 17:04:31 INFO  LocalApp:64 - Added review R31QR5RMM9RRMZ to summary
LOCAL 2024-02-12 17:04:31 INFO  LocalApp:64 - Added review RDXFKIE4LIL4A to summary
LOCAL 2024-02-12 17:04:31 INFO  LocalApp:64 - Added review R3V03QLP0ZR4OB to summary
LOCAL 2024-02-12 17:04:31 INFO  LocalApp:64 - Added review R16OCYOBPH2COB to summary
LOCAL 2024-02-12 17:04:31 INFO  LocalApp:64 - Added review R12WV9Q5TLPLM3 to summary
LOCAL 2024-02-12 17:04:31 INFO  LocalApp:64 - Added review R19VF906VTUBFI to summary
LOCAL 2024-02-12 17:04:31 INFO  LocalApp:64 - Added review R3LK84JXOSETS1 to summary
LOCAL 2024-02-12 17:04:31 INFO  LocalApp:64 - Added review R245LTU7MEDJLX to summary
LOCAL 2024-02-12 17:04:31 INFO  LocalApp:64 - Added review R973ZFSA26XLB to summary
LOCAL 2024-02-12 17:04:31 INFO  LocalApp:64 - Added review R2GZS81IOH1XJY to summary
LOCAL 2024-02-12 17:04:31 INFO  LocalApp:64 - Added review RIE6EPQY5ALC6 to summary
LOCAL 2024-02-12 17:04:31 INFO  LocalApp:64 - Added review R1R1X0TN9OS7SH to summary
LOCAL 2024-02-12 17:04:31 INFO  LocalApp:64 - Added review R2GP675YHCZV0D to summary
LOCAL 2024-02-12 17:04:31 INFO  LocalApp:64 - Added review RFLV8XPKGQ8PR to summary
LOCAL 2024-02-12 17:04:31 INFO  LocalApp:64 - Added review R28PLBM97FKPWY to summary
LOCAL 2024-02-12 17:04:31 INFO  LocalApp:64 - Added review R2LRDQPC425O32 to summary
LOCAL 2024-02-12 17:04:31 INFO  LocalApp:64 - Added review R3ATS0XTX24TWC to summary
LOCAL 2024-02-12 17:04:31 INFO  LocalApp:64 - Added review R1E19R7RZVYOSP to summary
LOCAL 2024-02-12 17:04:31 INFO  LocalApp:64 - Added review R3DI8C96Y6WSC4 to summary
LOCAL 2024-02-12 17:04:31 INFO  LocalApp:64 - Added review R25PBHTTVI652U to summary
LOCAL 2024-02-12 17:04:31 INFO  LocalApp:64 - Added review R1QPKHWTZ1RB3Q to summary
LOCAL 2024-02-12 17:04:31 INFO  LocalApp:64 - Added review R2G76T67KTP3QD to summary
LOCAL 2024-02-12 17:04:31 INFO  LocalApp:64 - Added review RA10IJHAUX9X0 to summary
LOCAL 2024-02-12 17:04:31 INFO  LocalApp:64 - Added review R2QGHFDXXC8FXM to summary
LOCAL 2024-02-12 17:04:31 INFO  LocalApp:64 - Added review R2ZKSD136VGIEK to summary
LOCAL 2024-02-12 17:04:31 INFO  LocalApp:64 - Added review RG9ZIGJXCN4TG to summary
LOCAL 2024-02-12 17:04:31 INFO  LocalApp:64 - Added review RJNYK4SB3WTOI to summary
LOCAL 2024-02-12 17:04:31 INFO  LocalApp:64 - Added review R1880EX02AS8OB to summary
LOCAL 2024-02-12 17:04:31 INFO  LocalApp:64 - Added review R26NYNGDZFZ8HN to summary
LOCAL 2024-02-12 17:04:31 INFO  LocalApp:64 - Added review R1AN0IYE4KG5B6 to summary
LOCAL 2024-02-12 17:04:31 INFO  LocalApp:64 - Added review R26PDSJJ0UI0G5 to summary
LOCAL 2024-02-12 17:04:31 INFO  LocalApp:64 - Added review R3FHOZGAZ69THT to summary
LOCAL 2024-02-12 17:04:31 INFO  LocalApp:64 - Added review R154O594YST360 to summary
LOCAL 2024-02-12 17:04:31 INFO  LocalApp:64 - Added review RI18K07U2FQXH to summary
LOCAL 2024-02-12 17:04:31 INFO  LocalApp:64 - Added review R1X5C2DGRQ6XDN to summary
LOCAL 2024-02-12 17:04:31 INFO  LocalApp:64 - Added review R1CKFFU33ZC1HU to summary
LOCAL 2024-02-12 17:04:31 INFO  LocalApp:64 - Added review R3KQ70967X985T to summary
LOCAL 2024-02-12 17:04:31 INFO  LocalApp:64 - Added review R28DB5QGNFXPV7 to summary
LOCAL 2024-02-12 17:04:31 INFO  LocalApp:64 - Added review RCVQLR8QXSYM3 to summary
LOCAL 2024-02-12 17:04:31 INFO  LocalApp:64 - Added review R219Q6D24WOB8A to summary
LOCAL 2024-02-12 17:04:31 INFO  LocalApp:64 - Added review R2YPRSRARLVVGS to summary
LOCAL 2024-02-12 17:04:31 INFO  LocalApp:64 - Added review R2AGRELN38ITGM to summary
LOCAL 2024-02-12 17:04:31 INFO  LocalApp:64 - Added review RSMBOAHY459L3 to summary
LOCAL 2024-02-12 17:04:31 INFO  LocalApp:64 - Added review R30W5MV14HLQS8 to summary
LOCAL 2024-02-12 17:04:31 INFO  LocalApp:64 - Added review RGRU36OZKAEHY to summary
LOCAL 2024-02-12 17:04:31 INFO  LocalApp:64 - Added review R1FNQ3PCC5ZKKJ to summary
LOCAL 2024-02-12 17:04:31 INFO  LocalApp:64 - Added review R168ULSS1EC4TG to summary
LOCAL 2024-02-12 17:04:31 INFO  LocalApp:64 - Added review R3FKLSX2MLAJJV to summary
LOCAL 2024-02-12 17:04:31 INFO  LocalApp:64 - Added review R2J0AEHY5ENDLE to summary
LOCAL 2024-02-12 17:04:31 INFO  LocalApp:64 - Added review R1G4OWFBJVVM0J to summary
LOCAL 2024-02-12 17:04:31 INFO  LocalApp:64 - Added review R252J3F9B6IE3V to summary
LOCAL 2024-02-12 17:04:31 INFO  LocalApp:64 - Added review R1BR4N0E8IZ87P to summary
LOCAL 2024-02-12 17:04:31 INFO  LocalApp:64 - Added review R1EWH4JB3I2MZG to summary
LOCAL 2024-02-12 17:04:31 INFO  LocalApp:64 - Added review RNUM8GG7KABWF to summary
LOCAL 2024-02-12 17:04:31 INFO  LocalApp:64 - Added review RZCZOKP6N5X8Z to summary
LOCAL 2024-02-12 17:04:31 INFO  LocalApp:64 - Added review R3B7K6FLN1S8MI to summary
LOCAL 2024-02-12 17:04:31 INFO  LocalApp:64 - Added review R1T9OBR5KSASM7 to summary
LOCAL 2024-02-12 17:04:31 INFO  LocalApp:64 - Added review R4S8LECBI9MYF to summary
LOCAL 2024-02-12 17:04:31 INFO  LocalApp:64 - Added review R1F4EZ2BOAKX10 to summary
LOCAL 2024-02-12 17:04:31 INFO  LocalApp:64 - Added review R2KH8A9DZL3268 to summary
LOCAL 2024-02-12 17:04:31 INFO  LocalApp:64 - Added review R1VK6CQ3IJS5FT to summary
LOCAL 2024-02-12 17:04:31 INFO  LocalApp:64 - Added review RUJSWK10JHUJI to summary
LOCAL 2024-02-12 17:04:31 INFO  LocalApp:64 - Added review R16OGWA7JAHWNB to summary
LOCAL 2024-02-12 17:04:31 INFO  LocalApp:64 - Added review R21GGIP6H1320S to summary
LOCAL 2024-02-12 17:04:31 INFO  LocalApp:64 - Added review R2EKSJ6GA2PAEN to summary
LOCAL 2024-02-12 17:04:31 INFO  LocalApp:64 - Added review R2BFTQ895BJO49 to summary
LOCAL 2024-02-12 17:04:31 INFO  LocalApp:64 - Added review RILH517WZA4UU to summary
LOCAL 2024-02-12 17:04:31 INFO  LocalApp:64 - Added review RVA4QMZNLZ38O to summary
LOCAL 2024-02-12 17:04:31 INFO  LocalApp:64 - Added review R32KKI4EZMXBC7 to summary
LOCAL 2024-02-12 17:04:31 INFO  LocalApp:64 - Added review R2K2CTSWH5H01H to summary
LOCAL 2024-02-12 17:04:31 INFO  LocalApp:64 - Added review R3EHVBJLJ86J5B to summary
LOCAL 2024-02-12 17:04:31 INFO  LocalApp:64 - Added review R23CYOKMO21NVS to summary
LOCAL 2024-02-12 17:04:31 INFO  LocalApp:64 - Added review R2IPTFQH5AUI7L to summary
LOCAL 2024-02-12 17:04:31 INFO  LocalApp:64 - Added review R338OGHLO1RYIP to summary
LOCAL 2024-02-12 17:04:31 INFO  LocalApp:64 - Added review RDD9SW7D9E3VM to summary
LOCAL 2024-02-12 17:04:31 INFO  LocalApp:64 - Added review R2ELMETK2MQ668 to summary
LOCAL 2024-02-12 17:04:31 INFO  LocalApp:64 - Added review RZVNOT7GZQ35A to summary
LOCAL 2024-02-12 17:04:31 INFO  LocalApp:64 - Added review R2N3PYGSVYB0N1 to summary
LOCAL 2024-02-12 17:04:31 INFO  LocalApp:64 - Added review R25C9T2HCXYU4P to summary
LOCAL 2024-02-12 17:04:31 INFO  LocalApp:64 - Added review R2IGVNKI4RQVKO to summary
LOCAL 2024-02-12 17:04:31 INFO  LocalApp:64 - Added review R2CU95KY74ZS9G to summary
LOCAL 2024-02-12 17:04:31 INFO  LocalApp:64 - Added review R3C05UCFBVGU0Y to summary
LOCAL 2024-02-12 17:04:31 INFO  LocalApp:64 - Added review R3MTHQSQAQDV7K to summary
LOCAL 2024-02-12 17:04:31 INFO  LocalApp:64 - Added review R2NDTHHI353TQK to summary
LOCAL 2024-02-12 17:04:31 INFO  LocalApp:64 - Added review R13JVZ4WXVRMGK to summary
LOCAL 2024-02-12 17:04:31 INFO  LocalApp:64 - Added review R3KU0Y18GX7DXS to summary
LOCAL 2024-02-12 17:04:31 INFO  LocalApp:64 - Added review R25UNTLEJ0OK6K to summary
LOCAL 2024-02-12 17:04:31 INFO  LocalApp:64 - Added review R3MA9VIS6QN80Z to summary
LOCAL 2024-02-12 17:04:31 INFO  LocalApp:64 - Added review R1EZ544Y3VGJRN to summary
LOCAL 2024-02-12 17:04:31 INFO  LocalApp:64 - Added review R1OXU12ZDJAVG1 to summary
LOCAL 2024-02-12 17:04:31 INFO  LocalApp:64 - Added review R2QS2D5RPD5P8N to summary
LOCAL 2024-02-12 17:04:31 INFO  LocalApp:64 - Added review RVT51J4MLF51 to summary
LOCAL 2024-02-12 17:04:31 INFO  LocalApp:64 - Added review R2WSSW0EXMVQ1R to summary
LOCAL 2024-02-12 17:04:31 INFO  LocalApp:64 - Added review R21A4322WO9U0X to summary
LOCAL 2024-02-12 17:04:31 INFO  LocalApp:64 - Added review R2J20BDJ73IJIG to summary
LOCAL 2024-02-12 17:04:31 INFO  LocalApp:64 - Added review R2LKO94V1PNG6A to summary
LOCAL 2024-02-12 17:04:31 INFO  LocalApp:64 - Added review R39EAXTUTTOIMF to summary
LOCAL 2024-02-12 17:04:31 INFO  LocalApp:64 - Added review R2O28S5YIES74H to summary
LOCAL 2024-02-12 17:04:31 INFO  LocalApp:64 - Added review R11W1XNVDPJJBP to summary
LOCAL 2024-02-12 17:04:31 INFO  LocalApp:64 - Added review R3IYBQD24JO5HT to summary
LOCAL 2024-02-12 17:04:31 INFO  LocalApp:64 - Added review REHUKU9S27P0G to summary
LOCAL 2024-02-12 17:04:31 INFO  LocalApp:64 - Added review R3TJI9PX0NVOD0 to summary
LOCAL 2024-02-12 17:04:31 INFO  LocalApp:64 - Added review R38OYXUKCI9YE4 to summary
LOCAL 2024-02-12 17:04:31 INFO  LocalApp:64 - Added review R3L1GQAIIY6VFQ to summary
LOCAL 2024-02-12 17:04:31 INFO  LocalApp:64 - Added review R30JIF1DJ7MOPG to summary
LOCAL 2024-02-12 17:04:31 INFO  LocalApp:64 - Added review R11GNFS8XRRPXC to summary
LOCAL 2024-02-12 17:04:31 INFO  LocalApp:64 - Added review R3K79OSFA3QBHE to summary
LOCAL 2024-02-12 17:04:31 INFO  LocalApp:64 - Added review ROELF03O1Y2VB to summary
LOCAL 2024-02-12 17:04:31 INFO  LocalApp:64 - Added review R1964BGL7O15EA to summary
LOCAL 2024-02-12 17:04:31 INFO  LocalApp:64 - Added review R1X2KNQQXKT9Q4 to summary
LOCAL 2024-02-12 17:04:31 INFO  LocalApp:64 - Added review R18YES8HAIJ34K to summary
LOCAL 2024-02-12 17:04:31 INFO  LocalApp:64 - Added review R6O8WL022CRTI to summary
LOCAL 2024-02-12 17:04:31 INFO  LocalApp:64 - Added review RC1KFWW9VVVQ2 to summary
LOCAL 2024-02-12 17:04:31 INFO  LocalApp:64 - Added review R1CPPSHZWOJXPH to summary
LOCAL 2024-02-12 17:04:31 INFO  LocalApp:64 - Added review R29EI7UXTHHS9G to summary
LOCAL 2024-02-12 17:04:31 INFO  LocalApp:64 - Added review RF0W173HA1SPJ to summary
LOCAL 2024-02-12 17:04:31 INFO  LocalApp:64 - Added review R2I6C00FHCQBHV to summary
LOCAL 2024-02-12 17:04:31 INFO  LocalApp:64 - Added review R1FGQIMRHMOM1Q to summary
LOCAL 2024-02-12 17:04:31 INFO  LocalApp:64 - Added review REC7H27A8UPIC to summary
LOCAL 2024-02-12 17:04:31 INFO  LocalApp:64 - Added review R2GRYCY2LQIFB6 to summary
LOCAL 2024-02-12 17:04:31 INFO  LocalApp:64 - Added review R2F6RD8A51CD4T to summary
LOCAL 2024-02-12 17:04:31 INFO  LocalApp:64 - Added review R16YXPS3DF8QZ9 to summary
LOCAL 2024-02-12 17:04:31 INFO  LocalApp:64 - Added review RDXR7CWF3X7SW to summary
LOCAL 2024-02-12 17:04:31 INFO  LocalApp:64 - Added review R3HTQG44SO9YZK to summary
LOCAL 2024-02-12 17:04:31 INFO  LocalApp:64 - Added review RXEMN5J1UN78M to summary
LOCAL 2024-02-12 17:04:31 INFO  LocalApp:64 - Added review R2B8U1OUG819O7 to summary
LOCAL 2024-02-12 17:04:31 INFO  LocalApp:64 - Added review R109H0GU7YD0HW to summary
LOCAL 2024-02-12 17:04:31 INFO  LocalApp:64 - Added review R2S21I2V7KXI3Z to summary
LOCAL 2024-02-12 17:04:31 INFO  LocalApp:64 - Added review RSY9NMU807BXM to summary
LOCAL 2024-02-12 17:04:31 INFO  LocalApp:64 - Added review RUQ3TJWAGIS2X to summary
LOCAL 2024-02-12 17:04:31 INFO  LocalApp:64 - Added review RA78XOHG1PE7T to summary
LOCAL 2024-02-12 17:04:31 INFO  LocalApp:64 - Added review R2DZEIJH6YMH7L to summary
LOCAL 2024-02-12 17:04:31 INFO  LocalApp:64 - Added review R1JC27G6KRKZHY to summary
LOCAL 2024-02-12 17:04:31 INFO  LocalApp:64 - Added review R3IPZ77QUB7G0S to summary
LOCAL 2024-02-12 17:04:31 INFO  LocalApp:64 - Added review RVR6BA79L72TV to summary
LOCAL 2024-02-12 17:04:31 INFO  LocalApp:64 - Added review R2G8S6VBA6NY2Q to summary
LOCAL 2024-02-12 17:04:31 INFO  LocalApp:64 - Added review R2AOC5JG3BPR5W to summary
LOCAL 2024-02-12 17:04:31 INFO  LocalApp:64 - Added review R2IS2ZBBLMP4E8 to summary
LOCAL 2024-02-12 17:04:31 INFO  LocalApp:64 - Added review R3JD7T6VAADI6V to summary
LOCAL 2024-02-12 17:04:31 INFO  LocalApp:64 - Added review R3NHJ03BVK9PY2 to summary
LOCAL 2024-02-12 17:04:31 INFO  LocalApp:64 - Added review R69E5TE3NNU8O to summary
LOCAL 2024-02-12 17:04:31 INFO  LocalApp:64 - Added review R2IWS2NUBU90YD to summary
LOCAL 2024-02-12 17:04:31 INFO  LocalApp:64 - Added review R1JECQSTRTFA0F to summary
LOCAL 2024-02-12 17:04:31 INFO  LocalApp:64 - Added review R16KRLC0HAMQ5 to summary
LOCAL 2024-02-12 17:04:31 INFO  LocalApp:64 - Added review R3QO2SSMLMOXC4 to summary
LOCAL 2024-02-12 17:04:31 INFO  LocalApp:64 - Added review R3EUCS59KCYH91 to summary
LOCAL 2024-02-12 17:04:31 INFO  LocalApp:64 - Added review R2LIGXAA6W3RHK to summary
LOCAL 2024-02-12 17:04:31 INFO  LocalApp:64 - Added review R2F1TWTBS03Y18 to summary
LOCAL 2024-02-12 17:04:31 INFO  LocalApp:64 - Added review R3IJ3IM70WWMFF to summary
LOCAL 2024-02-12 17:04:31 INFO  LocalApp:64 - Added review RMJJUX3YJF2UI to summary
LOCAL 2024-02-12 17:04:31 INFO  LocalApp:64 - Added review R3OVPHPJR0SCKH to summary
LOCAL 2024-02-12 17:04:31 INFO  LocalApp:64 - Added review R1H13WTREIAFH6 to summary
LOCAL 2024-02-12 17:04:31 INFO  LocalApp:64 - Added review R397LX7BKT5Q0N to summary
LOCAL 2024-02-12 17:04:31 INFO  LocalApp:64 - Added review R4RD4U3RT0U2H to summary
LOCAL 2024-02-12 17:04:31 INFO  LocalApp:64 - Added review R3PNM8QMMTEJ2K to summary
LOCAL 2024-02-12 17:04:31 INFO  LocalApp:64 - Added review R2GAP4X1PQJ6NJ to summary
LOCAL 2024-02-12 17:04:31 INFO  LocalApp:64 - Added review R14L71R5NM2J2Z to summary
LOCAL 2024-02-12 17:04:31 INFO  LocalApp:64 - Added review RA87JIPD6C45Q to summary
LOCAL 2024-02-12 17:04:31 INFO  LocalApp:64 - Added review R1DOAA8E6S71E6 to summary
LOCAL 2024-02-12 17:04:31 INFO  LocalApp:64 - Added review R3QYASJ0S32YZ7 to summary
LOCAL 2024-02-12 17:04:31 INFO  LocalApp:64 - Added review RKK7FUBZQQZ1T to summary
LOCAL 2024-02-12 17:04:31 INFO  LocalApp:64 - Added review R1Y9SOR3TBVH3G to summary
LOCAL 2024-02-12 17:04:31 INFO  LocalApp:64 - Added review RHMGCFK3UAIJ4 to summary
LOCAL 2024-02-12 17:04:31 INFO  LocalApp:64 - Added review R12ZO9ZVNNQUQ8 to summary
LOCAL 2024-02-12 17:04:31 INFO  LocalApp:64 - Added review R1M8HFW29HGY5T to summary
LOCAL 2024-02-12 17:04:31 INFO  LocalApp:64 - Added review R30JYK1X92BW1S to summary
LOCAL 2024-02-12 17:04:31 INFO  LocalApp:64 - Added review RERZJZWNPMK49 to summary
LOCAL 2024-02-12 17:04:31 INFO  LocalApp:64 - Added review R3NJBHVYS9C3C to summary
LOCAL 2024-02-12 17:04:31 INFO  LocalApp:64 - Added review R24UQ2BU6KJMDU to summary
LOCAL 2024-02-12 17:04:31 INFO  LocalApp:64 - Added review RT1ASQWSMAY0T to summary
LOCAL 2024-02-12 17:04:31 INFO  LocalApp:64 - Added review R19QN0FAJQ6HMC to summary
LOCAL 2024-02-12 17:04:31 INFO  LocalApp:64 - Added review R24MYE0DFP2KRF to summary
LOCAL 2024-02-12 17:04:31 INFO  LocalApp:64 - Added review R1CCN261JK76T to summary
LOCAL 2024-02-12 17:04:31 INFO  LocalApp:64 - Added review R2J10L4LR8OLPL to summary
LOCAL 2024-02-12 17:04:31 INFO  LocalApp:64 - Added review R7FUX8SPEHQUF to summary
LOCAL 2024-02-12 17:04:31 INFO  LocalApp:64 - Added review R38UBU9VQ3LO2Z to summary
LOCAL 2024-02-12 17:04:31 INFO  LocalApp:64 - Added review R19TAJIRGWJ7D4 to summary
LOCAL 2024-02-12 17:04:31 INFO  LocalApp:64 - Added review REVOIMEA8J9UC to summary
LOCAL 2024-02-12 17:04:31 INFO  LocalApp:64 - Added review R26W0D9UJ51T0H to summary
LOCAL 2024-02-12 17:04:31 INFO  LocalApp:64 - Added review R1IQWO7HVEFUYQ to summary
LOCAL 2024-02-12 17:04:31 INFO  LocalApp:64 - Added review R1J7QOR80LYWDY to summary
LOCAL 2024-02-12 17:04:31 INFO  LocalApp:64 - Added review R268WIYUD8HFYM to summary
LOCAL 2024-02-12 17:04:31 INFO  LocalApp:64 - Added review R3TBMR2C29E8DN to summary
LOCAL 2024-02-12 17:04:31 INFO  LocalApp:64 - Added review R3P1XFR6NQ553R to summary
LOCAL 2024-02-12 17:04:31 INFO  LocalApp:64 - Added review R33GMF2JT2HI0K to summary
LOCAL 2024-02-12 17:04:31 INFO  LocalApp:64 - Added review R1JBNLN5PI9ATZ to summary
LOCAL 2024-02-12 17:04:31 INFO  LocalApp:64 - Added review R1NMZFUPFEQALF to summary
LOCAL 2024-02-12 17:04:31 INFO  LocalApp:64 - Added review RMXHQJ3E6VPHC to summary
LOCAL 2024-02-12 17:04:31 INFO  LocalApp:64 - Added review RPCE2H69JIRVI to summary
LOCAL 2024-02-12 17:04:31 INFO  LocalApp:64 - Added review R23BWA95TBLW74 to summary
LOCAL 2024-02-12 17:04:31 INFO  LocalApp:64 - Added review R8SOGCT7TXZAT to summary
LOCAL 2024-02-12 17:04:31 INFO  LocalApp:64 - Added review R3R8BNVHZ6AFCS to summary
LOCAL 2024-02-12 17:04:31 INFO  LocalApp:64 - Added review RONA29TOQS2EF to summary
LOCAL 2024-02-12 17:04:31 INFO  LocalApp:64 - Added review R1TIX6VIZAMHRD to summary
LOCAL 2024-02-12 17:04:31 INFO  LocalApp:64 - Added review R29WVOGDOVIFV1 to summary
LOCAL 2024-02-12 17:04:31 INFO  LocalApp:64 - Added review R13S78A3DRFLT0 to summary
LOCAL 2024-02-12 17:04:31 INFO  LocalApp:64 - Added review RJKXBJFUGM3UW to summary
LOCAL 2024-02-12 17:04:31 INFO  LocalApp:64 - Added review RAVJ8D8RG5FJO to summary
LOCAL 2024-02-12 17:04:31 INFO  LocalApp:64 - Added review RJSYFNO4XXATY to summary
LOCAL 2024-02-12 17:04:31 INFO  LocalApp:64 - Added review RM5CBMHH305TN to summary
LOCAL 2024-02-12 17:04:31 INFO  LocalApp:64 - Added review R3CMJP39M4YPJ7 to summary
LOCAL 2024-02-12 17:04:31 INFO  LocalApp:64 - Added review R1G1T9AXD3VRER to summary
LOCAL 2024-02-12 17:04:31 INFO  LocalApp:64 - Added review R3UI76Z4P4ZY7R to summary
LOCAL 2024-02-12 17:04:31 INFO  LocalApp:64 - Added review R2XV0DBIL2KQU4 to summary
LOCAL 2024-02-12 17:04:31 INFO  LocalApp:64 - Added review R3CVM5PDRWRG66 to summary
LOCAL 2024-02-12 17:04:31 INFO  LocalApp:64 - Added review R12FC4OEC8WYAG to summary
LOCAL 2024-02-12 17:04:31 INFO  LocalApp:64 - Added review R27KAF9GVH8GQ2 to summary
LOCAL 2024-02-12 17:04:31 INFO  LocalApp:64 - Added review R1SKJ0HIFQHJAV to summary
LOCAL 2024-02-12 17:04:31 INFO  LocalApp:64 - Added review R3G7HLIJFXD50S to summary
LOCAL 2024-02-12 17:04:31 INFO  LocalApp:64 - Added review R155F2E0Q23JKI to summary
LOCAL 2024-02-12 17:04:31 INFO  LocalApp:64 - Added review R20T6OUXPVZ5RK to summary
LOCAL 2024-02-12 17:04:31 INFO  LocalApp:64 - Added review R3DOLBA5EB8GD4 to summary
LOCAL 2024-02-12 17:04:31 INFO  LocalApp:64 - Added review R22116IA23S9A6 to summary
LOCAL 2024-02-12 17:04:31 INFO  LocalApp:64 - Added review R2N0ISKZIJN7BG to summary
LOCAL 2024-02-12 17:04:31 INFO  LocalApp:64 - Added review R35G41WODWBJ8P to summary
LOCAL 2024-02-12 17:04:31 INFO  LocalApp:64 - Added review R760MPUTLN5KM to summary
LOCAL 2024-02-12 17:04:31 INFO  LocalApp:64 - Added review R1KDAARNILNLCC to summary
LOCAL 2024-02-12 17:04:31 INFO  LocalApp:64 - Added review R38RFBSTI6XHXR to summary
LOCAL 2024-02-12 17:04:31 INFO  LocalApp:64 - Added review RO8RMZK4O5DPX to summary
LOCAL 2024-02-12 17:04:31 INFO  LocalApp:64 - Added review RN8CGYW0H7O6E to summary
LOCAL 2024-02-12 17:04:31 INFO  LocalApp:64 - Added review R3CUM1XYJKWOK8 to summary
LOCAL 2024-02-12 17:04:31 INFO  LocalApp:64 - Added review RI6BZ502KBS9 to summary
LOCAL 2024-02-12 17:04:31 INFO  LocalApp:64 - Added review R31YIENQT8YBP7 to summary
LOCAL 2024-02-12 17:04:31 INFO  LocalApp:64 - Added review RAOMDSGFQJE22 to summary
LOCAL 2024-02-12 17:04:31 INFO  LocalApp:64 - Added review R5HS5F2K5DKGW to summary
LOCAL 2024-02-12 17:04:31 INFO  LocalApp:64 - Added review R3MEW6I0AJ5MNZ to summary
LOCAL 2024-02-12 17:04:31 INFO  LocalApp:64 - Added review R2G7FLZKXFP5TF to summary
LOCAL 2024-02-12 17:04:31 INFO  LocalApp:64 - Added review R3EPS80XX6ZSI0 to summary
LOCAL 2024-02-12 17:04:31 INFO  LocalApp:64 - Added review R2132Q6BW4AAEM to summary
LOCAL 2024-02-12 17:04:31 INFO  LocalApp:64 - Added review R2878RVLAGISPQ to summary
LOCAL 2024-02-12 17:04:31 INFO  LocalApp:64 - Added review R3US9D186G7NJU to summary
LOCAL 2024-02-12 17:04:31 INFO  LocalApp:64 - Added review R17B49IDJRTLGO to summary
LOCAL 2024-02-12 17:04:31 INFO  LocalApp:64 - Added review RGE81G2X7BZVW to summary
LOCAL 2024-02-12 17:04:31 INFO  LocalApp:64 - Added review RVODER0PRPD5L to summary
LOCAL 2024-02-12 17:04:31 INFO  LocalApp:64 - Added review RV5JS5WN4GHT5 to summary
LOCAL 2024-02-12 17:04:31 INFO  LocalApp:64 - Added review R10CF26CVQFWAU to summary
LOCAL 2024-02-12 17:04:31 INFO  LocalApp:64 - Added review R1A8ZYV4SN8EAC to summary
LOCAL 2024-02-12 17:04:31 INFO  LocalApp:64 - Added review R21DI2DUT7SSV8 to summary
LOCAL 2024-02-12 17:04:31 INFO  LocalApp:64 - Added review R1FNHQ55I36WDM to summary
LOCAL 2024-02-12 17:04:31 INFO  LocalApp:64 - Added review R3SL0LJC9PYDBW to summary
LOCAL 2024-02-12 17:04:31 INFO  LocalApp:64 - Added review R2OI3RDSFPML0B to summary
LOCAL 2024-02-12 17:04:31 INFO  LocalApp:64 - Added review R1WSH35BJ8V4ZB to summary
LOCAL 2024-02-12 17:04:31 INFO  LocalApp:64 - Added review R31ED2BWE2NLDC to summary
LOCAL 2024-02-12 17:04:31 INFO  LocalApp:64 - Added review R1MVDM6Y1LVP2Q to summary
LOCAL 2024-02-12 17:04:31 INFO  LocalApp:64 - Added review R2B5SXZ6309KPN to summary
LOCAL 2024-02-12 17:04:31 INFO  LocalApp:64 - Added review R329IMB5Z10E4D to summary
LOCAL 2024-02-12 17:04:31 INFO  LocalApp:64 - Added review REAQHGAAC7W97 to summary
LOCAL 2024-02-12 17:04:31 INFO  LocalApp:64 - Added review R3N6MBELY8T93B to summary
LOCAL 2024-02-12 17:04:31 INFO  LocalApp:64 - Added review R10FCV4GUUXWR5 to summary
LOCAL 2024-02-12 17:04:31 INFO  LocalApp:64 - Added review RJPA5WKRVJ8TG to summary
LOCAL 2024-02-12 17:04:31 INFO  LocalApp:64 - Added review R2QQG8M0PIPQW to summary
LOCAL 2024-02-12 17:04:31 INFO  LocalApp:64 - Added review RDS5DOPN1990E to summary
LOCAL 2024-02-12 17:04:31 INFO  LocalApp:64 - Added review R1PXKS4CFIX8YS to summary
LOCAL 2024-02-12 17:04:31 INFO  LocalApp:64 - Added review R27AAL2D885F8J to summary
LOCAL 2024-02-12 17:04:31 INFO  LocalApp:64 - Added review RFOA4CHMVSNTQ to summary
LOCAL 2024-02-12 17:04:31 INFO  LocalApp:64 - Added review R1FMXMWKDICKRU to summary
LOCAL 2024-02-12 17:04:31 INFO  LocalApp:64 - Added review R5SGNW8833R9D to summary
LOCAL 2024-02-12 17:04:31 INFO  LocalApp:64 - Added review R1N6DDXE8O8LJB to summary
LOCAL 2024-02-12 17:04:31 INFO  LocalApp:64 - Added review R2IHP13RWC95OL to summary
LOCAL 2024-02-12 17:04:31 INFO  LocalApp:64 - Added review R284EV7PQS7VMQ to summary
LOCAL 2024-02-12 17:04:31 INFO  LocalApp:64 - Added review R2KL5TZJW68QH8 to summary
LOCAL 2024-02-12 17:04:31 INFO  LocalApp:64 - Added review RLMAURWMU92FE to summary
LOCAL 2024-02-12 17:04:31 INFO  LocalApp:64 - Added review RIQUIWGEZHTKG to summary
LOCAL 2024-02-12 17:04:31 INFO  LocalApp:64 - Added review RC34FMLCNM8VA to summary
LOCAL 2024-02-12 17:04:31 INFO  LocalApp:64 - Added review R35OEUGX9GHHPX to summary
LOCAL 2024-02-12 17:04:31 INFO  LocalApp:64 - Added review R3DTRHKSYJQGCQ to summary
LOCAL 2024-02-12 17:04:31 INFO  LocalApp:64 - Added review R3557YP5WA6YWD to summary
LOCAL 2024-02-12 17:04:31 INFO  LocalApp:64 - Added review R28UVJ7VHSBBZI to summary
LOCAL 2024-02-12 17:04:31 INFO  LocalApp:64 - Added review R1N01LO5367UUH to summary
LOCAL 2024-02-12 17:04:31 INFO  LocalApp:64 - Added review RRGBBUEEND1Y0 to summary
LOCAL 2024-02-12 17:04:31 INFO  LocalApp:64 - Added review R1BZZBTG0HIQLI to summary
LOCAL 2024-02-12 17:04:31 INFO  LocalApp:64 - Added review R5N7V9CWHMIJB to summary
LOCAL 2024-02-12 17:04:31 INFO  LocalApp:64 - Added review R334S2T0S5RJC8 to summary
LOCAL 2024-02-12 17:04:31 INFO  LocalApp:64 - Added review R3HPRGJRDBHL1H to summary
LOCAL 2024-02-12 17:04:31 INFO  LocalApp:64 - Added review R16H2OEL7GO05H to summary
LOCAL 2024-02-12 17:04:31 INFO  LocalApp:64 - Added review R33O2ANPJLOVTN to summary
LOCAL 2024-02-12 17:04:31 INFO  LocalApp:64 - Added review R3OO5L1UKIU6H8 to summary
LOCAL 2024-02-12 17:04:31 INFO  LocalApp:64 - Added review RJRPB8DQ4SNGW to summary
LOCAL 2024-02-12 17:04:31 INFO  LocalApp:64 - Added review RP1HM5Z5QA6OJ to summary
LOCAL 2024-02-12 17:04:31 INFO  LocalApp:64 - Added review R2QL6OPCE0JITN to summary
LOCAL 2024-02-12 17:04:31 INFO  LocalApp:64 - Added review R3J3O6RGYDV0VH to summary
LOCAL 2024-02-12 17:04:31 INFO  LocalApp:64 - Added review R4NEQ2HQOE48G to summary
LOCAL 2024-02-12 17:04:31 INFO  LocalApp:64 - Added review RF7QY2Q22URKZ to summary
LOCAL 2024-02-12 17:04:31 INFO  LocalApp:64 - Added review R4ZBQHA56T5JC to summary
LOCAL 2024-02-12 17:04:31 INFO  LocalApp:64 - Added review R3MY67Y9UZRCL6 to summary
LOCAL 2024-02-12 17:04:31 INFO  LocalApp:64 - Added review R10C1IC229KRZ5 to summary
LOCAL 2024-02-12 17:04:31 INFO  LocalApp:64 - Added review R4SUWX46J6SQ4 to summary
LOCAL 2024-02-12 17:04:31 INFO  LocalApp:64 - Added review R29M3DI93T4M51 to summary
LOCAL 2024-02-12 17:04:31 INFO  LocalApp:64 - Added review R1LG1RMBKTJHBW to summary
LOCAL 2024-02-12 17:04:31 INFO  LocalApp:64 - Added review R7TWAASEK807V to summary
LOCAL 2024-02-12 17:04:31 INFO  LocalApp:64 - Added review RPKTDWLQ13LN2 to summary
LOCAL 2024-02-12 17:04:31 INFO  LocalApp:64 - Added review R3IK3KD1X0WIQ2 to summary
LOCAL 2024-02-12 17:04:31 INFO  LocalApp:64 - Added review R3OB1MYHWCBPF5 to summary
LOCAL 2024-02-12 17:04:31 INFO  LocalApp:64 - Added review R1BJYVWWCB73YT to summary
LOCAL 2024-02-12 17:04:31 INFO  LocalApp:64 - Added review R3BFVE3ADXNAOC to summary
LOCAL 2024-02-12 17:04:31 INFO  LocalApp:64 - Added review R18OKAM24GRH5W to summary
LOCAL 2024-02-12 17:04:31 INFO  LocalApp:64 - Added review R10C5LDSAZ4QSU to summary
LOCAL 2024-02-12 17:04:31 INFO  LocalApp:64 - Added review R1MAHORBCT5BSS to summary
LOCAL 2024-02-12 17:04:31 INFO  LocalApp:64 - Added review R3RO4ABKYOK4E4 to summary
LOCAL 2024-02-12 17:04:31 INFO  LocalApp:64 - Added review RZMYQQ918U22A to summary
LOCAL 2024-02-12 17:04:31 INFO  LocalApp:64 - Added review R25I0SZPXT7VV8 to summary
LOCAL 2024-02-12 17:04:31 INFO  LocalApp:64 - Added review RJHA1K1IY2GI0 to summary
LOCAL 2024-02-12 17:04:31 INFO  LocalApp:64 - Added review R13QI9670RFU38 to summary
LOCAL 2024-02-12 17:04:31 INFO  LocalApp:64 - Added review R1FAOVJHGVO3AB to summary
LOCAL 2024-02-12 17:04:31 INFO  LocalApp:64 - Added review R3UJ0WE6LMH2AV to summary
LOCAL 2024-02-12 17:04:31 INFO  LocalApp:64 - Added review R2CNMGRXMIVWZ2 to summary
LOCAL 2024-02-12 17:04:31 INFO  LocalApp:64 - Added review R15B8S7VG41Q00 to summary
LOCAL 2024-02-12 17:04:31 INFO  LocalApp:64 - Added review R29PMLADDY6GC6 to summary
LOCAL 2024-02-12 17:04:31 INFO  LocalApp:64 - Added review R3MD4VMLEI0QKP to summary
LOCAL 2024-02-12 17:04:31 INFO  LocalApp:64 - Added review R3MCSW8UT4HJ4E to summary
LOCAL 2024-02-12 17:04:31 INFO  LocalApp:64 - Added review ROWMXEB3F6UMZ to summary
LOCAL 2024-02-12 17:04:31 INFO  LocalApp:64 - Added review RN1ML1NRCEEQ8 to summary
LOCAL 2024-02-12 17:04:31 INFO  LocalApp:64 - Added review R1KDEKH72456TA to summary
LOCAL 2024-02-12 17:04:31 INFO  LocalApp:64 - Added review R3O3VNIPX1N7HS to summary
LOCAL 2024-02-12 17:04:31 INFO  LocalApp:64 - Added review RUKOW5PV7K51Z to summary
LOCAL 2024-02-12 17:04:31 INFO  LocalApp:64 - Added review RUUSHJN2XN55G to summary
LOCAL 2024-02-12 17:04:31 INFO  LocalApp:64 - Added review RH20QUQ5QQR83 to summary
LOCAL 2024-02-12 17:04:31 INFO  LocalApp:64 - Added review R3A3UC1W78F5M0 to summary
LOCAL 2024-02-12 17:04:31 INFO  LocalApp:64 - Added review R32OL6A1B1LHK1 to summary
LOCAL 2024-02-12 17:04:31 INFO  LocalApp:64 - Added review R29PVH4IBB0E3A to summary
LOCAL 2024-02-12 17:04:31 INFO  LocalApp:64 - Added review RJ7EPEHHM3CY9 to summary
LOCAL 2024-02-12 17:04:31 INFO  LocalApp:64 - Added review R3QA16756Z1HCV to summary
LOCAL 2024-02-12 17:04:31 INFO  LocalApp:64 - Added review R18668H192BJJ0 to summary
LOCAL 2024-02-12 17:04:31 INFO  LocalApp:64 - Added review RFZNSV6S6D96D to summary
LOCAL 2024-02-12 17:04:31 INFO  LocalApp:64 - Added review R2RDK28B7KVFK0 to summary
LOCAL 2024-02-12 17:04:31 INFO  LocalApp:64 - Added review RDB9J3BMLIJ26 to summary
LOCAL 2024-02-12 17:04:31 INFO  LocalApp:64 - Added review R277PJZU4327P1 to summary
LOCAL 2024-02-12 17:04:31 INFO  LocalApp:64 - Added review RTM6IB0I4J6PI to summary
LOCAL 2024-02-12 17:04:31 INFO  LocalApp:64 - Added review R1M62RMI6HLCAF to summary
LOCAL 2024-02-12 17:04:31 INFO  LocalApp:64 - Added review RTIGRT532R45K to summary
LOCAL 2024-02-12 17:04:31 INFO  LocalApp:64 - Added review R175WA8J0N9I81 to summary
LOCAL 2024-02-12 17:04:31 INFO  LocalApp:64 - Added review RGDX2Q9DKBPLV to summary
LOCAL 2024-02-12 17:04:31 INFO  LocalApp:64 - Added review ROV2ED0CL8UNG to summary
LOCAL 2024-02-12 17:04:31 INFO  LocalApp:64 - Added review R2S1S4R1CTQU81 to summary
LOCAL 2024-02-12 17:04:31 INFO  LocalApp:64 - Added review R3N6LRS4GIOS0U to summary
LOCAL 2024-02-12 17:04:31 INFO  LocalApp:64 - Added review R28PEXGQC0C3NU to summary
LOCAL 2024-02-12 17:04:31 INFO  LocalApp:64 - Added review R2SHA8DOTOQK0R to summary
LOCAL 2024-02-12 17:04:31 INFO  LocalApp:64 - Added review R1318N482171W2 to summary
LOCAL 2024-02-12 17:04:31 INFO  LocalApp:64 - Added review R1K7SQBP4OBQP to summary
LOCAL 2024-02-12 17:04:31 INFO  LocalApp:64 - Added review RN18ZFNQJGQPB to summary
LOCAL 2024-02-12 17:04:31 INFO  LocalApp:64 - Added review R3NRW1RSJT3XUY to summary
LOCAL 2024-02-12 17:04:31 INFO  LocalApp:64 - Added review R2TVN2961O3W7P to summary
LOCAL 2024-02-12 17:04:31 INFO  LocalApp:64 - Added review R15XXUYZ33YPW5 to summary
LOCAL 2024-02-12 17:04:31 INFO  LocalApp:64 - Added review R1P1M8YLFNZZ00 to summary
LOCAL 2024-02-12 17:04:31 INFO  LocalApp:64 - Added review R2CFS0COEYXOKL to summary
LOCAL 2024-02-12 17:04:31 INFO  LocalApp:64 - Added review R2ICKEHZRETQPE to summary
LOCAL 2024-02-12 17:04:31 INFO  LocalApp:64 - Added review RJYF5J9C4MKNP to summary
LOCAL 2024-02-12 17:04:31 INFO  LocalApp:64 - Added review R28AHMDZ753QFL to summary
LOCAL 2024-02-12 17:04:31 INFO  LocalApp:64 - Added review R20RL4NHY391CU to summary
LOCAL 2024-02-12 17:04:31 INFO  LocalApp:64 - Added review RSSCLUIJZUQ9S to summary
LOCAL 2024-02-12 17:04:31 INFO  LocalApp:64 - Added review RYHZPHUHDS7EP to summary
LOCAL 2024-02-12 17:04:31 INFO  LocalApp:64 - Added review RXFUWH0SW6L to summary
LOCAL 2024-02-12 17:04:31 INFO  LocalApp:64 - Added review R3HD6WSU0PC2DL to summary
LOCAL 2024-02-12 17:04:31 INFO  LocalApp:64 - Added review R23W9TV2K0DU4E to summary
LOCAL 2024-02-12 17:04:31 INFO  LocalApp:64 - Added review RLFQFIXIXBSP1 to summary
LOCAL 2024-02-12 17:04:31 INFO  LocalApp:64 - Added review R34E33XJZA5274 to summary
LOCAL 2024-02-12 17:04:31 INFO  LocalApp:64 - Added review R148DJRQ1C0OOP to summary
LOCAL 2024-02-12 17:04:31 INFO  LocalApp:64 - Added review R11RFXPYKNLDIL to summary
LOCAL 2024-02-12 17:04:31 INFO  LocalApp:64 - Added review RQ8BVLHELP29O to summary
LOCAL 2024-02-12 17:04:31 INFO  LocalApp:64 - Added review R1I0QOFMXIQEFP to summary
LOCAL 2024-02-12 17:04:31 INFO  LocalApp:64 - Added review R9EMJLB2Q0MWJ to summary
LOCAL 2024-02-12 17:04:31 INFO  LocalApp:64 - Added review R3IXX4I3FLKQ3P to summary
LOCAL 2024-02-12 17:04:31 INFO  LocalApp:64 - Added review REKCE1J9FPOSL to summary
LOCAL 2024-02-12 17:04:31 INFO  LocalApp:64 - Added review R1RKGAVQ7XV85R to summary
LOCAL 2024-02-12 17:04:31 INFO  LocalApp:64 - Added review R39PEIZXKPHJHG to summary
LOCAL 2024-02-12 17:04:31 INFO  LocalApp:73 - Created summary HTML file at output4.html
LOCAL 2024-02-12 17:04:32 INFO  SQSHandler:116 - Deleted message from https://sqs.us-east-1.amazonaws.com/767398090493/managerToLocalQueue
LOCAL 2024-02-12 17:04:32 INFO  LocalApp:157 - Sending terminate message to manager
LOCAL 2024-02-12 17:04:32 INFO  SQSHandler:76 - Sent message to https://sqs.us-east-1.amazonaws.com/767398090493/localToManagerQueue
LOCAL 2024-02-12 17:04:32 INFO  LocalApp:133 - Waiting for executor to finish
LOCAL 2024-02-12 17:04:32 INFO  LocalApp:138 - Executor finished
LOCAL 2024-02-12 17:04:33 INFO  S3Handler:71 - File b092634e1b73a94c/ deleted from S3 bucket sarcasm-analysis-bucket
LOCAL 2024-02-12 17:04:33 INFO  LocalApp:67 - LocalApp finished
