LOCAL 2024-02-12 12:45:43 INFO  LocalApp:32 - LocalApp started with id 9e99284af7f850e1
LOCAL 2024-02-12 12:45:43 INFO  LocalApp:35 - LocalAppEnv created
LOCAL 2024-02-12 12:45:45 INFO  S3Handler:24 - S3 bucket sarcasm-analysis-bucket created
LOCAL 2024-02-12 12:45:46 INFO  SQSHandler:19 - Queue localToManagerQueue created
LOCAL 2024-02-12 12:45:46 INFO  SQSHandler:19 - Queue managerToLocalQueue created
LOCAL 2024-02-12 12:45:48 INFO  S3Handler:42 - File input2.txt uploaded to S3 bucket sarcasm-analysis-bucket
LOCAL 2024-02-12 12:45:48 INFO  SQSHandler:76 - Sent message to https://sqs.us-east-1.amazonaws.com/767398090493/localToManagerQueue
LOCAL 2024-02-12 12:45:48 INFO  LocalApp:80 - Sent task to manager: input2.txt for inputIndex 0 with 100 reviews per worker
LOCAL 2024-02-12 12:45:49 INFO  EC2Handler:87 - Manager instance does not exist
LOCAL 2024-02-12 12:45:49 INFO  EC2Handler:93 - Creating manager instance
LOCAL 2024-02-12 12:45:51 INFO  EC2Handler:33 - Successfully started EC2 instance i-0505df8e1015d5384 based on AMI ami-00e95a9222311e8ed
LOCAL 2024-02-12 12:45:51 INFO  LocalApp:87 - Polling for responses from manager
LOCAL 2024-02-12 12:46:11 INFO  LocalApp:87 - Polling for responses from manager
LOCAL 2024-02-12 12:46:31 INFO  LocalApp:87 - Polling for responses from manager
LOCAL 2024-02-12 12:46:52 INFO  LocalApp:87 - Polling for responses from manager
LOCAL 2024-02-12 12:47:12 INFO  LocalApp:87 - Polling for responses from manager
LOCAL 2024-02-12 12:47:32 INFO  LocalApp:87 - Polling for responses from manager
LOCAL 2024-02-12 12:47:52 INFO  LocalApp:87 - Polling for responses from manager
LOCAL 2024-02-12 12:48:12 INFO  LocalApp:87 - Polling for responses from manager
LOCAL 2024-02-12 12:48:32 INFO  LocalApp:87 - Polling for responses from manager
LOCAL 2024-02-12 12:48:52 INFO  LocalApp:87 - Polling for responses from manager
LOCAL 2024-02-12 12:49:13 INFO  LocalApp:87 - Polling for responses from manager
LOCAL 2024-02-12 12:49:33 INFO  LocalApp:87 - Polling for responses from manager
LOCAL 2024-02-12 12:49:53 INFO  LocalApp:87 - Polling for responses from manager
LOCAL 2024-02-12 12:50:14 INFO  LocalApp:87 - Polling for responses from manager
LOCAL 2024-02-12 12:50:34 INFO  LocalApp:87 - Polling for responses from manager
LOCAL 2024-02-12 12:50:54 INFO  LocalApp:87 - Polling for responses from manager
LOCAL 2024-02-12 12:51:14 INFO  LocalApp:87 - Polling for responses from manager
