LOCAL 2024-02-12 15:03:20 INFO  LocalApp:32 - LocalApp started with id 90acf0f01cfec197
LOCAL 2024-02-12 15:03:20 INFO  LocalApp:35 - LocalAppEnv created
LOCAL 2024-02-12 15:03:22 INFO  S3Handler:24 - S3 bucket sarcasm-analysis-bucket created
LOCAL 2024-02-12 15:03:23 INFO  SQSHandler:19 - Queue localToManagerQueue created
LOCAL 2024-02-12 15:03:23 INFO  SQSHandler:19 - Queue managerToLocalQueue created
LOCAL 2024-02-12 15:03:24 INFO  S3Handler:42 - File test-input2.txt uploaded to S3 bucket sarcasm-analysis-bucket
LOCAL 2024-02-12 15:03:24 INFO  SQSHandler:76 - Sent message to https://sqs.us-east-1.amazonaws.com/767398090493/localToManagerQueue
LOCAL 2024-02-12 15:03:24 INFO  LocalApp:80 - Sent task to manager: test-input2.txt for inputIndex 0 with 10 reviews per worker
LOCAL 2024-02-12 15:03:25 INFO  EC2Handler:87 - Manager instance does not exist
LOCAL 2024-02-12 15:03:25 INFO  EC2Handler:93 - Creating manager instance
LOCAL 2024-02-12 15:03:27 INFO  EC2Handler:33 - Successfully started EC2 instance i-05f4be9149d828348 based on AMI ami-00e95a9222311e8ed
LOCAL 2024-02-12 15:03:27 INFO  LocalApp:87 - Polling for responses from manager
LOCAL 2024-02-12 15:03:47 INFO  LocalApp:87 - Polling for responses from manager
LOCAL 2024-02-12 15:04:07 INFO  LocalApp:87 - Polling for responses from manager
LOCAL 2024-02-12 15:04:27 INFO  LocalApp:87 - Polling for responses from manager
LOCAL 2024-02-12 15:04:48 INFO  LocalApp:87 - Polling for responses from manager
LOCAL 2024-02-12 15:05:08 INFO  LocalApp:87 - Polling for responses from manager
LOCAL 2024-02-12 15:05:13 INFO  LocalApp:99 - Received response from manager: 90acf0f01cfec197::done::90acf0f01cfec197-summary-0::0
LOCAL 2024-02-12 15:05:13 INFO  LocalApp:27 - LocalAppTask started
LOCAL 2024-02-12 15:05:13 INFO  S3Handler:56 - Downloading file 90acf0f01cfec197/90acf0f01cfec197-summary-0 from S3 bucket sarcasm-analysis-bucket
LOCAL 2024-02-12 15:05:14 INFO  LocalApp:35 - Received summary file from S3
LOCAL 2024-02-12 15:05:14 INFO  LocalApp:64 - Added review R35P822BAW0TEW to summary
LOCAL 2024-02-12 15:05:14 INFO  LocalApp:64 - Added review RJ1ACTUJ9GHIA to summary
LOCAL 2024-02-12 15:05:14 INFO  LocalApp:64 - Added review R2OJAJRDONJ956 to summary
LOCAL 2024-02-12 15:05:14 INFO  LocalApp:64 - Added review R1CKE9Q64Z7CZC to summary
LOCAL 2024-02-12 15:05:14 INFO  LocalApp:64 - Added review R248WNDI9KORMN to summary
LOCAL 2024-02-12 15:05:14 INFO  LocalApp:64 - Added review RP1Q8KK6ZJAK0 to summary
LOCAL 2024-02-12 15:05:14 INFO  LocalApp:64 - Added review R1JDXB8Y4TO3MT to summary
LOCAL 2024-02-12 15:05:14 INFO  LocalApp:64 - Added review R2IZ8JCDKDN7YL to summary
LOCAL 2024-02-12 15:05:14 INFO  LocalApp:64 - Added review R11CRDLQ8ID6MM to summary
LOCAL 2024-02-12 15:05:14 INFO  LocalApp:64 - Added review R386EPGNDYSO6 to summary
LOCAL 2024-02-12 15:05:14 INFO  LocalApp:64 - Added review R25Z5IPKQQBRQN to summary
LOCAL 2024-02-12 15:05:14 INFO  LocalApp:64 - Added review RTCQYW9LFP4NU to summary
LOCAL 2024-02-12 15:05:14 INFO  LocalApp:64 - Added review R2I4MYU1IT5IJ to summary
LOCAL 2024-02-12 15:05:14 INFO  LocalApp:64 - Added review RPURVNKU8YWTS to summary
LOCAL 2024-02-12 15:05:14 INFO  LocalApp:64 - Added review R1266STJW192AU to summary
LOCAL 2024-02-12 15:05:14 INFO  LocalApp:64 - Added review RGAST6Q7TRKA4 to summary
LOCAL 2024-02-12 15:05:14 INFO  LocalApp:64 - Added review R82DFHHKNJGR0 to summary
LOCAL 2024-02-12 15:05:14 INFO  LocalApp:64 - Added review R2NETRFTNAT0D to summary
LOCAL 2024-02-12 15:05:14 INFO  LocalApp:64 - Added review R3PLCGYS9LYRHZ to summary
LOCAL 2024-02-12 15:05:14 INFO  LocalApp:64 - Added review R2VXY3WQWH9Z0F to summary
LOCAL 2024-02-12 15:05:14 INFO  LocalApp:73 - Created summary HTML file at test-output2.html
LOCAL 2024-02-12 15:05:15 INFO  SQSHandler:116 - Deleted message from https://sqs.us-east-1.amazonaws.com/767398090493/managerToLocalQueue
LOCAL 2024-02-12 15:05:15 INFO  LocalApp:133 - Waiting for executor to finish
LOCAL 2024-02-12 15:05:15 INFO  LocalApp:138 - Executor finished
LOCAL 2024-02-12 15:05:16 INFO  S3Handler:71 - File 90acf0f01cfec197/ deleted from S3 bucket sarcasm-analysis-bucket
LOCAL 2024-02-12 15:05:16 INFO  LocalApp:65 - LocalApp finished
