LOCAL 2024-02-12 14:01:51 INFO  LocalApp:32 - LocalApp started with id a7190d1b1ef574a4
LOCAL 2024-02-12 14:01:51 INFO  LocalApp:35 - LocalAppEnv created
LOCAL 2024-02-12 14:01:53 INFO  S3Handler:24 - S3 bucket sarcasm-analysis-bucket created
LOCAL 2024-02-12 14:01:54 INFO  SQSHandler:19 - Queue localToManagerQueue created
LOCAL 2024-02-12 14:01:54 INFO  SQSHandler:19 - Queue managerToLocalQueue created
LOCAL 2024-02-12 14:01:55 INFO  S3Handler:42 - File input2.txt uploaded to S3 bucket sarcasm-analysis-bucket
LOCAL 2024-02-12 14:01:55 INFO  SQSHandler:76 - Sent message to https://sqs.us-east-1.amazonaws.com/767398090493/localToManagerQueue
LOCAL 2024-02-12 14:01:55 INFO  LocalApp:80 - Sent task to manager: input2.txt for inputIndex 0 with 130 reviews per worker
LOCAL 2024-02-12 14:01:58 INFO  EC2Handler:87 - Manager instance does not exist
LOCAL 2024-02-12 14:01:58 INFO  EC2Handler:93 - Creating manager instance
LOCAL 2024-02-12 14:02:00 INFO  EC2Handler:33 - Successfully started EC2 instance i-00bbbd95a214b2f98 based on AMI ami-00e95a9222311e8ed
LOCAL 2024-02-12 14:02:00 INFO  LocalApp:87 - Polling for responses from manager
LOCAL 2024-02-12 14:02:20 INFO  LocalApp:87 - Polling for responses from manager
LOCAL 2024-02-12 14:02:40 INFO  LocalApp:87 - Polling for responses from manager
LOCAL 2024-02-12 14:03:00 INFO  LocalApp:87 - Polling for responses from manager
LOCAL 2024-02-12 14:03:21 INFO  LocalApp:87 - Polling for responses from manager
LOCAL 2024-02-12 14:03:41 INFO  LocalApp:87 - Polling for responses from manager
LOCAL 2024-02-12 14:04:01 INFO  LocalApp:87 - Polling for responses from manager
LOCAL 2024-02-12 14:04:21 INFO  LocalApp:87 - Polling for responses from manager
LOCAL 2024-02-12 14:04:41 INFO  LocalApp:87 - Polling for responses from manager
LOCAL 2024-02-12 14:05:01 INFO  LocalApp:87 - Polling for responses from manager
LOCAL 2024-02-12 14:05:22 INFO  LocalApp:87 - Polling for responses from manager
LOCAL 2024-02-12 14:05:42 INFO  LocalApp:87 - Polling for responses from manager
LOCAL 2024-02-12 14:06:02 INFO  LocalApp:87 - Polling for responses from manager
LOCAL 2024-02-12 14:06:23 INFO  LocalApp:87 - Polling for responses from manager
LOCAL 2024-02-12 14:06:43 INFO  LocalApp:87 - Polling for responses from manager
LOCAL 2024-02-12 14:07:03 INFO  LocalApp:87 - Polling for responses from manager
LOCAL 2024-02-12 14:07:23 INFO  LocalApp:87 - Polling for responses from manager
