LOCAL 2024-02-12 16:12:00 INFO  LocalApp:32 - LocalApp started with id b8929793ee4b0b63
LOCAL 2024-02-12 16:12:00 INFO  LocalApp:35 - LocalAppEnv created
LOCAL 2024-02-12 16:12:02 ERROR S3Handler:27 - Your previous request to create the named bucket succeeded and you already own it. (Service: S3, Status Code: 409, Request ID: PH7NV5HJSG0SE89A, Extended Request ID: 0UAzhPPb7gDQoWj6QEpmZ6tVq2z4Y6sKHXYIi6UQNpy8MpcmEjqRJhZA5eYMnBeVetzY8ESDWJdOuPF96KuMFg==)
LOCAL 2024-02-12 16:12:02 INFO  SQSHandler:19 - Queue localToManagerQueue created
LOCAL 2024-02-12 16:12:03 INFO  SQSHandler:19 - Queue managerToLocalQueue created
LOCAL 2024-02-12 16:12:03 INFO  S3Handler:42 - File test-input1.txt uploaded to S3 bucket sarcasm-analysis-bucket
LOCAL 2024-02-12 16:12:03 INFO  SQSHandler:76 - Sent message to https://sqs.us-east-1.amazonaws.com/767398090493/localToManagerQueue
LOCAL 2024-02-12 16:12:03 INFO  LocalApp:80 - Sent task to manager: test-input1.txt for inputIndex 0 with 40 reviews per worker
LOCAL 2024-02-12 16:12:04 INFO  EC2Handler:68 - Manager instance i-06fd12ca49f37eb25 is running
LOCAL 2024-02-12 16:12:04 INFO  LocalApp:87 - Polling for responses from manager
LOCAL 2024-02-12 16:12:13 INFO  LocalApp:99 - Received response from manager: b8929793ee4b0b63::done::b8929793ee4b0b63-summary-0::0
LOCAL 2024-02-12 16:12:13 INFO  LocalApp:27 - LocalAppTask started
LOCAL 2024-02-12 16:12:13 INFO  S3Handler:56 - Downloading file b8929793ee4b0b63/b8929793ee4b0b63-summary-0 from S3 bucket sarcasm-analysis-bucket
LOCAL 2024-02-12 16:12:14 INFO  LocalApp:35 - Received summary file from S3
LOCAL 2024-02-12 16:12:14 INFO  LocalApp:64 - Added review RJ62XWHGDIF7 to summary
LOCAL 2024-02-12 16:12:14 INFO  LocalApp:64 - Added review R3P2KOXRF7Z400 to summary
LOCAL 2024-02-12 16:12:14 INFO  LocalApp:64 - Added review RSO743RDYVWTZ to summary
LOCAL 2024-02-12 16:12:14 INFO  LocalApp:64 - Added review R33DK4T6EHUIHX to summary
LOCAL 2024-02-12 16:12:14 INFO  LocalApp:64 - Added review RGMH5ROASTBS8 to summary
LOCAL 2024-02-12 16:12:14 INFO  LocalApp:64 - Added review R3DHV2T9Q991V7 to summary
LOCAL 2024-02-12 16:12:14 INFO  LocalApp:64 - Added review R8OWCLDI0GGL0 to summary
LOCAL 2024-02-12 16:12:14 INFO  LocalApp:64 - Added review R1IKZK5S0DCKZ0 to summary
LOCAL 2024-02-12 16:12:14 INFO  LocalApp:64 - Added review R14D3WP6J91DCU to summary
LOCAL 2024-02-12 16:12:14 INFO  LocalApp:64 - Added review R1RUXYHCSZSHJ0 to summary
LOCAL 2024-02-12 16:12:14 INFO  LocalApp:64 - Added review R367OTNJ8I36FS to summary
LOCAL 2024-02-12 16:12:14 INFO  LocalApp:64 - Added review R3R9QKZ61DMKGF to summary
LOCAL 2024-02-12 16:12:14 INFO  LocalApp:64 - Added review R3GCFAIUL8BI3Y to summary
LOCAL 2024-02-12 16:12:14 INFO  LocalApp:64 - Added review R1L8O7RM8DD6J3 to summary
LOCAL 2024-02-12 16:12:14 INFO  LocalApp:64 - Added review R33SW6AMDKTSB8 to summary
LOCAL 2024-02-12 16:12:14 INFO  LocalApp:64 - Added review RW6ORU2M3C461 to summary
LOCAL 2024-02-12 16:12:14 INFO  LocalApp:64 - Added review RB9QK3F6SUQPU to summary
LOCAL 2024-02-12 16:12:14 INFO  LocalApp:64 - Added review R366N97DLUODS7 to summary
LOCAL 2024-02-12 16:12:14 INFO  LocalApp:64 - Added review R3V239ZPPF0XY3 to summary
LOCAL 2024-02-12 16:12:14 INFO  LocalApp:64 - Added review R3MRIY8FUDOYHU to summary
LOCAL 2024-02-12 16:12:14 INFO  LocalApp:73 - Created summary HTML file at testoutput1.html
LOCAL 2024-02-12 16:12:14 INFO  SQSHandler:116 - Deleted message from https://sqs.us-east-1.amazonaws.com/767398090493/managerToLocalQueue
LOCAL 2024-02-12 16:12:14 INFO  LocalApp:54 - Sending terminate message to manager
LOCAL 2024-02-12 16:12:14 INFO  SQSHandler:76 - Sent message to https://sqs.us-east-1.amazonaws.com/767398090493/localToManagerQueue
LOCAL 2024-02-12 16:12:14 INFO  LocalApp:133 - Waiting for executor to finish
LOCAL 2024-02-12 16:12:14 INFO  LocalApp:138 - Executor finished
LOCAL 2024-02-12 16:12:15 INFO  S3Handler:71 - File b8929793ee4b0b63/ deleted from S3 bucket sarcasm-analysis-bucket
LOCAL 2024-02-12 16:12:15 INFO  LocalApp:65 - LocalApp finished
