LOCAL 2024-02-11 16:29:29 INFO  Manager:19 - Manager started
LOCAL 2024-02-11 16:29:29 INFO  Manager:23 - ManagerEnv created
LOCAL 2024-02-11 16:29:30 INFO  SQSHandler:19 - Queue managerToWorkerQueue created
LOCAL 2024-02-11 16:29:30 INFO  SQSHandler:19 - Queue workerToManagerQueue created
LOCAL 2024-02-11 16:29:31 INFO  Manager:61 - Polling tasks from 1 local app queues
LOCAL 2024-02-11 16:29:31 INFO  SQSHandler:77 - Polling messages from https://sqs.us-east-1.amazonaws.com/767398090493/localToManagerQueue-9dc190253bc464f0
LOCAL 2024-02-11 16:29:31 INFO  Manager:69 - Received 1 requests
LOCAL 2024-02-11 16:29:31 INFO  Manager:90 - Received request: 9dc190253bc464f0::analyze::test-input1.txt::0::20
LOCAL 2024-02-11 16:29:31 INFO  S3Handler:56 - Downloading file test-input1.txt from S3 bucket sarcasm-analysis-bucket-9dc190253bc464f0
LOCAL 2024-02-11 16:29:32 INFO  Manager:117 - Parsed 20 reviews from input file test-input1.txt
LOCAL 2024-02-11 16:29:32 INFO  ManagerTask:37 - ManagerTask started for local app 9dc190253bc464f0 for inputIndex 0
LOCAL 2024-02-11 16:29:32 INFO  ManagerTask:54 - Sending tasks to workers for local app 9dc190253bc464f0 for inputIndex 0
LOCAL 2024-02-11 16:29:32 INFO  SQSHandler:73 - Sent message to https://sqs.us-east-1.amazonaws.com/767398090493/managerToWorkerQueue
LOCAL 2024-02-11 16:29:33 INFO  SQSHandler:73 - Sent message to https://sqs.us-east-1.amazonaws.com/767398090493/managerToWorkerQueue
LOCAL 2024-02-11 16:29:33 INFO  ManagerTask:71 - Sent tasks for reviewId RJ62XWHGDIF7 for local app 9dc190253bc464f0 for inputIndex 0
LOCAL 2024-02-11 16:29:33 INFO  ManagerTask:72 - Sent total tasks 2 to workers for local app 9dc190253bc464f0 for inputIndex 0
LOCAL 2024-02-11 16:29:33 INFO  SQSHandler:95 - Deleted message from https://sqs.us-east-1.amazonaws.com/767398090493/localToManagerQueue-9dc190253bc464f0
LOCAL 2024-02-11 16:29:33 INFO  SQSHandler:77 - Polling messages from https://sqs.us-east-1.amazonaws.com/767398090493/localToManagerQueue-9dc190253bc464f0
LOCAL 2024-02-11 16:29:33 INFO  SQSHandler:73 - Sent message to https://sqs.us-east-1.amazonaws.com/767398090493/managerToWorkerQueue
LOCAL 2024-02-11 16:29:33 INFO  SQSHandler:73 - Sent message to https://sqs.us-east-1.amazonaws.com/767398090493/managerToWorkerQueue
LOCAL 2024-02-11 16:29:33 INFO  ManagerTask:71 - Sent tasks for reviewId RSO743RDYVWTZ for local app 9dc190253bc464f0 for inputIndex 0
LOCAL 2024-02-11 16:29:33 INFO  ManagerTask:72 - Sent total tasks 4 to workers for local app 9dc190253bc464f0 for inputIndex 0
LOCAL 2024-02-11 16:29:33 INFO  SQSHandler:73 - Sent message to https://sqs.us-east-1.amazonaws.com/767398090493/managerToWorkerQueue
LOCAL 2024-02-11 16:29:33 INFO  SQSHandler:73 - Sent message to https://sqs.us-east-1.amazonaws.com/767398090493/managerToWorkerQueue
LOCAL 2024-02-11 16:29:33 INFO  ManagerTask:71 - Sent tasks for reviewId R8OWCLDI0GGL0 for local app 9dc190253bc464f0 for inputIndex 0
LOCAL 2024-02-11 16:29:33 INFO  ManagerTask:72 - Sent total tasks 6 to workers for local app 9dc190253bc464f0 for inputIndex 0
LOCAL 2024-02-11 16:29:33 INFO  SQSHandler:73 - Sent message to https://sqs.us-east-1.amazonaws.com/767398090493/managerToWorkerQueue
LOCAL 2024-02-11 16:29:33 INFO  SQSHandler:73 - Sent message to https://sqs.us-east-1.amazonaws.com/767398090493/managerToWorkerQueue
LOCAL 2024-02-11 16:29:33 INFO  ManagerTask:71 - Sent tasks for reviewId R33DK4T6EHUIHX for local app 9dc190253bc464f0 for inputIndex 0
LOCAL 2024-02-11 16:29:33 INFO  ManagerTask:72 - Sent total tasks 8 to workers for local app 9dc190253bc464f0 for inputIndex 0
LOCAL 2024-02-11 16:29:34 INFO  SQSHandler:73 - Sent message to https://sqs.us-east-1.amazonaws.com/767398090493/managerToWorkerQueue
LOCAL 2024-02-11 16:29:34 INFO  SQSHandler:73 - Sent message to https://sqs.us-east-1.amazonaws.com/767398090493/managerToWorkerQueue
LOCAL 2024-02-11 16:29:34 INFO  ManagerTask:71 - Sent tasks for reviewId R3DHV2T9Q991V7 for local app 9dc190253bc464f0 for inputIndex 0
LOCAL 2024-02-11 16:29:34 INFO  ManagerTask:72 - Sent total tasks 10 to workers for local app 9dc190253bc464f0 for inputIndex 0
LOCAL 2024-02-11 16:29:34 INFO  SQSHandler:73 - Sent message to https://sqs.us-east-1.amazonaws.com/767398090493/managerToWorkerQueue
LOCAL 2024-02-11 16:29:34 INFO  SQSHandler:73 - Sent message to https://sqs.us-east-1.amazonaws.com/767398090493/managerToWorkerQueue
LOCAL 2024-02-11 16:29:34 INFO  ManagerTask:71 - Sent tasks for reviewId R14D3WP6J91DCU for local app 9dc190253bc464f0 for inputIndex 0
LOCAL 2024-02-11 16:29:34 INFO  ManagerTask:72 - Sent total tasks 12 to workers for local app 9dc190253bc464f0 for inputIndex 0
LOCAL 2024-02-11 16:29:34 INFO  SQSHandler:73 - Sent message to https://sqs.us-east-1.amazonaws.com/767398090493/managerToWorkerQueue
LOCAL 2024-02-11 16:29:34 INFO  Manager:61 - Polling tasks from 1 local app queues
LOCAL 2024-02-11 16:29:34 INFO  SQSHandler:77 - Polling messages from https://sqs.us-east-1.amazonaws.com/767398090493/localToManagerQueue-9dc190253bc464f0
LOCAL 2024-02-11 16:29:35 INFO  SQSHandler:73 - Sent message to https://sqs.us-east-1.amazonaws.com/767398090493/managerToWorkerQueue
LOCAL 2024-02-11 16:29:35 INFO  ManagerTask:71 - Sent tasks for reviewId R3P2KOXRF7Z400 for local app 9dc190253bc464f0 for inputIndex 0
LOCAL 2024-02-11 16:29:35 INFO  ManagerTask:72 - Sent total tasks 14 to workers for local app 9dc190253bc464f0 for inputIndex 0
LOCAL 2024-02-11 16:29:35 INFO  SQSHandler:73 - Sent message to https://sqs.us-east-1.amazonaws.com/767398090493/managerToWorkerQueue
LOCAL 2024-02-11 16:29:35 INFO  SQSHandler:73 - Sent message to https://sqs.us-east-1.amazonaws.com/767398090493/managerToWorkerQueue
LOCAL 2024-02-11 16:29:35 INFO  ManagerTask:71 - Sent tasks for reviewId R1IKZK5S0DCKZ0 for local app 9dc190253bc464f0 for inputIndex 0
LOCAL 2024-02-11 16:29:35 INFO  ManagerTask:72 - Sent total tasks 16 to workers for local app 9dc190253bc464f0 for inputIndex 0
LOCAL 2024-02-11 16:29:35 INFO  SQSHandler:73 - Sent message to https://sqs.us-east-1.amazonaws.com/767398090493/managerToWorkerQueue
LOCAL 2024-02-11 16:29:35 INFO  SQSHandler:73 - Sent message to https://sqs.us-east-1.amazonaws.com/767398090493/managerToWorkerQueue
LOCAL 2024-02-11 16:29:35 INFO  ManagerTask:71 - Sent tasks for reviewId RGMH5ROASTBS8 for local app 9dc190253bc464f0 for inputIndex 0
LOCAL 2024-02-11 16:29:35 INFO  ManagerTask:72 - Sent total tasks 18 to workers for local app 9dc190253bc464f0 for inputIndex 0
LOCAL 2024-02-11 16:29:36 INFO  SQSHandler:73 - Sent message to https://sqs.us-east-1.amazonaws.com/767398090493/managerToWorkerQueue
LOCAL 2024-02-11 16:29:37 INFO  SQSHandler:73 - Sent message to https://sqs.us-east-1.amazonaws.com/767398090493/managerToWorkerQueue
LOCAL 2024-02-11 16:29:37 INFO  ManagerTask:71 - Sent tasks for reviewId R1RUXYHCSZSHJ0 for local app 9dc190253bc464f0 for inputIndex 0
LOCAL 2024-02-11 16:29:37 INFO  ManagerTask:72 - Sent total tasks 20 to workers for local app 9dc190253bc464f0 for inputIndex 0
LOCAL 2024-02-11 16:29:37 INFO  SQSHandler:73 - Sent message to https://sqs.us-east-1.amazonaws.com/767398090493/managerToWorkerQueue
LOCAL 2024-02-11 16:29:37 INFO  SQSHandler:73 - Sent message to https://sqs.us-east-1.amazonaws.com/767398090493/managerToWorkerQueue
LOCAL 2024-02-11 16:29:37 INFO  ManagerTask:71 - Sent tasks for reviewId R3R9QKZ61DMKGF for local app 9dc190253bc464f0 for inputIndex 0
LOCAL 2024-02-11 16:29:37 INFO  ManagerTask:72 - Sent total tasks 22 to workers for local app 9dc190253bc464f0 for inputIndex 0
LOCAL 2024-02-11 16:29:37 INFO  SQSHandler:73 - Sent message to https://sqs.us-east-1.amazonaws.com/767398090493/managerToWorkerQueue
LOCAL 2024-02-11 16:29:37 INFO  SQSHandler:73 - Sent message to https://sqs.us-east-1.amazonaws.com/767398090493/managerToWorkerQueue
LOCAL 2024-02-11 16:29:37 INFO  ManagerTask:71 - Sent tasks for reviewId R367OTNJ8I36FS for local app 9dc190253bc464f0 for inputIndex 0
LOCAL 2024-02-11 16:29:37 INFO  ManagerTask:72 - Sent total tasks 24 to workers for local app 9dc190253bc464f0 for inputIndex 0
LOCAL 2024-02-11 16:29:37 INFO  SQSHandler:73 - Sent message to https://sqs.us-east-1.amazonaws.com/767398090493/managerToWorkerQueue
LOCAL 2024-02-11 16:29:38 INFO  SQSHandler:73 - Sent message to https://sqs.us-east-1.amazonaws.com/767398090493/managerToWorkerQueue
LOCAL 2024-02-11 16:29:38 INFO  ManagerTask:71 - Sent tasks for reviewId R3GCFAIUL8BI3Y for local app 9dc190253bc464f0 for inputIndex 0
LOCAL 2024-02-11 16:29:38 INFO  ManagerTask:72 - Sent total tasks 26 to workers for local app 9dc190253bc464f0 for inputIndex 0
LOCAL 2024-02-11 16:29:38 INFO  SQSHandler:73 - Sent message to https://sqs.us-east-1.amazonaws.com/767398090493/managerToWorkerQueue
LOCAL 2024-02-11 16:29:38 INFO  SQSHandler:73 - Sent message to https://sqs.us-east-1.amazonaws.com/767398090493/managerToWorkerQueue
LOCAL 2024-02-11 16:29:38 INFO  ManagerTask:71 - Sent tasks for reviewId R33SW6AMDKTSB8 for local app 9dc190253bc464f0 for inputIndex 0
LOCAL 2024-02-11 16:29:38 INFO  ManagerTask:72 - Sent total tasks 28 to workers for local app 9dc190253bc464f0 for inputIndex 0
LOCAL 2024-02-11 16:29:38 INFO  SQSHandler:73 - Sent message to https://sqs.us-east-1.amazonaws.com/767398090493/managerToWorkerQueue
LOCAL 2024-02-11 16:29:38 INFO  Manager:61 - Polling tasks from 1 local app queues
LOCAL 2024-02-11 16:29:38 INFO  SQSHandler:77 - Polling messages from https://sqs.us-east-1.amazonaws.com/767398090493/localToManagerQueue-9dc190253bc464f0
LOCAL 2024-02-11 16:29:38 INFO  SQSHandler:73 - Sent message to https://sqs.us-east-1.amazonaws.com/767398090493/managerToWorkerQueue
LOCAL 2024-02-11 16:29:38 INFO  ManagerTask:71 - Sent tasks for reviewId RW6ORU2M3C461 for local app 9dc190253bc464f0 for inputIndex 0
LOCAL 2024-02-11 16:29:38 INFO  ManagerTask:72 - Sent total tasks 30 to workers for local app 9dc190253bc464f0 for inputIndex 0
LOCAL 2024-02-11 16:29:38 INFO  SQSHandler:73 - Sent message to https://sqs.us-east-1.amazonaws.com/767398090493/managerToWorkerQueue
LOCAL 2024-02-11 16:29:39 INFO  SQSHandler:73 - Sent message to https://sqs.us-east-1.amazonaws.com/767398090493/managerToWorkerQueue
LOCAL 2024-02-11 16:29:39 INFO  ManagerTask:71 - Sent tasks for reviewId R1L8O7RM8DD6J3 for local app 9dc190253bc464f0 for inputIndex 0
LOCAL 2024-02-11 16:29:39 INFO  ManagerTask:72 - Sent total tasks 32 to workers for local app 9dc190253bc464f0 for inputIndex 0
LOCAL 2024-02-11 16:29:39 INFO  SQSHandler:73 - Sent message to https://sqs.us-east-1.amazonaws.com/767398090493/managerToWorkerQueue
LOCAL 2024-02-11 16:29:39 INFO  SQSHandler:73 - Sent message to https://sqs.us-east-1.amazonaws.com/767398090493/managerToWorkerQueue
LOCAL 2024-02-11 16:29:39 INFO  ManagerTask:71 - Sent tasks for reviewId R3V239ZPPF0XY3 for local app 9dc190253bc464f0 for inputIndex 0
LOCAL 2024-02-11 16:29:39 INFO  ManagerTask:72 - Sent total tasks 34 to workers for local app 9dc190253bc464f0 for inputIndex 0
LOCAL 2024-02-11 16:29:39 INFO  SQSHandler:73 - Sent message to https://sqs.us-east-1.amazonaws.com/767398090493/managerToWorkerQueue
LOCAL 2024-02-11 16:29:39 INFO  SQSHandler:73 - Sent message to https://sqs.us-east-1.amazonaws.com/767398090493/managerToWorkerQueue
LOCAL 2024-02-11 16:29:39 INFO  ManagerTask:71 - Sent tasks for reviewId R3MRIY8FUDOYHU for local app 9dc190253bc464f0 for inputIndex 0
LOCAL 2024-02-11 16:29:39 INFO  ManagerTask:72 - Sent total tasks 36 to workers for local app 9dc190253bc464f0 for inputIndex 0
LOCAL 2024-02-11 16:29:39 INFO  SQSHandler:73 - Sent message to https://sqs.us-east-1.amazonaws.com/767398090493/managerToWorkerQueue
LOCAL 2024-02-11 16:29:40 INFO  SQSHandler:73 - Sent message to https://sqs.us-east-1.amazonaws.com/767398090493/managerToWorkerQueue
LOCAL 2024-02-11 16:29:40 INFO  ManagerTask:71 - Sent tasks for reviewId RB9QK3F6SUQPU for local app 9dc190253bc464f0 for inputIndex 0
LOCAL 2024-02-11 16:29:40 INFO  ManagerTask:72 - Sent total tasks 38 to workers for local app 9dc190253bc464f0 for inputIndex 0
LOCAL 2024-02-11 16:29:40 INFO  SQSHandler:73 - Sent message to https://sqs.us-east-1.amazonaws.com/767398090493/managerToWorkerQueue
LOCAL 2024-02-11 16:29:40 INFO  SQSHandler:73 - Sent message to https://sqs.us-east-1.amazonaws.com/767398090493/managerToWorkerQueue
LOCAL 2024-02-11 16:29:40 INFO  ManagerTask:71 - Sent tasks for reviewId R366N97DLUODS7 for local app 9dc190253bc464f0 for inputIndex 0
LOCAL 2024-02-11 16:29:40 INFO  ManagerTask:72 - Sent total tasks 40 to workers for local app 9dc190253bc464f0 for inputIndex 0
LOCAL 2024-02-11 16:29:40 INFO  ManagerTask:41 - Sent tasks to workers for local app 9dc190253bc464f0 for inputIndex 0
LOCAL 2024-02-11 16:29:40 INFO  ManagerTask:77 - Receiving responses from workers for local app 9dc190253bc464f0 for inputIndex 0
LOCAL 2024-02-11 16:29:40 INFO  SQSHandler:77 - Polling messages from https://sqs.us-east-1.amazonaws.com/767398090493/workerToManagerQueue
LOCAL 2024-02-11 16:29:42 INFO  Manager:61 - Polling tasks from 1 local app queues
LOCAL 2024-02-11 16:29:42 INFO  SQSHandler:77 - Polling messages from https://sqs.us-east-1.amazonaws.com/767398090493/localToManagerQueue-9dc190253bc464f0
LOCAL 2024-02-11 16:29:45 INFO  Manager:61 - Polling tasks from 1 local app queues
LOCAL 2024-02-11 16:29:45 INFO  SQSHandler:77 - Polling messages from https://sqs.us-east-1.amazonaws.com/767398090493/localToManagerQueue-9dc190253bc464f0
LOCAL 2024-02-11 16:29:49 INFO  Manager:61 - Polling tasks from 1 local app queues
LOCAL 2024-02-11 16:29:49 INFO  SQSHandler:77 - Polling messages from https://sqs.us-east-1.amazonaws.com/767398090493/localToManagerQueue-9dc190253bc464f0
LOCAL 2024-02-11 16:29:53 INFO  Manager:61 - Polling tasks from 1 local app queues
LOCAL 2024-02-11 16:29:53 INFO  SQSHandler:77 - Polling messages from https://sqs.us-east-1.amazonaws.com/767398090493/localToManagerQueue-9dc190253bc464f0
LOCAL 2024-02-11 16:29:53 INFO  Manager:69 - Received 0 requests
LOCAL 2024-02-11 16:29:53 INFO  SQSHandler:77 - Polling messages from https://sqs.us-east-1.amazonaws.com/767398090493/localToManagerQueue-9dc190253bc464f0
LOCAL 2024-02-11 16:29:55 INFO  Manager:69 - Received 0 requests
LOCAL 2024-02-11 16:29:55 INFO  SQSHandler:77 - Polling messages from https://sqs.us-east-1.amazonaws.com/767398090493/localToManagerQueue-9dc190253bc464f0
LOCAL 2024-02-11 16:29:56 INFO  Manager:61 - Polling tasks from 1 local app queues
LOCAL 2024-02-11 16:29:56 INFO  SQSHandler:77 - Polling messages from https://sqs.us-east-1.amazonaws.com/767398090493/localToManagerQueue-9dc190253bc464f0
LOCAL 2024-02-11 16:29:58 INFO  Manager:69 - Received 0 requests
LOCAL 2024-02-11 16:29:58 INFO  SQSHandler:77 - Polling messages from https://sqs.us-east-1.amazonaws.com/767398090493/localToManagerQueue-9dc190253bc464f0
LOCAL 2024-02-11 16:30:00 INFO  ManagerTask:93 - Received response for reviewId RJ62XWHGDIF7 for inputIndex 0 for taskType entityRecognition with taskResult 
LOCAL 2024-02-11 16:30:00 INFO  SQSHandler:95 - Deleted message from https://sqs.us-east-1.amazonaws.com/767398090493/workerToManagerQueue
LOCAL 2024-02-11 16:30:00 INFO  ManagerTask:123 - Completed tasks 1 out of 40 for local app 9dc190253bc464f0 for inputIndex 0
LOCAL 2024-02-11 16:30:00 INFO  SQSHandler:77 - Polling messages from https://sqs.us-east-1.amazonaws.com/767398090493/workerToManagerQueue
LOCAL 2024-02-11 16:30:00 INFO  ManagerTask:93 - Received response for reviewId R14D3WP6J91DCU for inputIndex 0 for taskType entityRecognition with taskResult 
LOCAL 2024-02-11 16:30:00 INFO  SQSHandler:95 - Deleted message from https://sqs.us-east-1.amazonaws.com/767398090493/workerToManagerQueue
LOCAL 2024-02-11 16:30:00 INFO  ManagerTask:123 - Completed tasks 2 out of 40 for local app 9dc190253bc464f0 for inputIndex 0
LOCAL 2024-02-11 16:30:00 INFO  SQSHandler:77 - Polling messages from https://sqs.us-east-1.amazonaws.com/767398090493/workerToManagerQueue
LOCAL 2024-02-11 16:30:01 INFO  ManagerTask:93 - Received response for reviewId R1RUXYHCSZSHJ0 for inputIndex 0 for taskType entityRecognition with taskResult 
LOCAL 2024-02-11 16:30:01 INFO  SQSHandler:95 - Deleted message from https://sqs.us-east-1.amazonaws.com/767398090493/workerToManagerQueue
LOCAL 2024-02-11 16:30:01 INFO  ManagerTask:123 - Completed tasks 3 out of 40 for local app 9dc190253bc464f0 for inputIndex 0
LOCAL 2024-02-11 16:30:01 INFO  SQSHandler:77 - Polling messages from https://sqs.us-east-1.amazonaws.com/767398090493/workerToManagerQueue
LOCAL 2024-02-11 16:30:01 INFO  Manager:61 - Polling tasks from 1 local app queues
LOCAL 2024-02-11 16:30:01 INFO  SQSHandler:77 - Polling messages from https://sqs.us-east-1.amazonaws.com/767398090493/localToManagerQueue-9dc190253bc464f0
LOCAL 2024-02-11 16:30:01 INFO  ManagerTask:93 - Received response for reviewId R3R9QKZ61DMKGF for inputIndex 0 for taskType sentimentAnalysis with taskResult 3
LOCAL 2024-02-11 16:30:01 INFO  SQSHandler:95 - Deleted message from https://sqs.us-east-1.amazonaws.com/767398090493/workerToManagerQueue
LOCAL 2024-02-11 16:30:01 INFO  ManagerTask:123 - Completed tasks 4 out of 40 for local app 9dc190253bc464f0 for inputIndex 0
LOCAL 2024-02-11 16:30:01 INFO  SQSHandler:77 - Polling messages from https://sqs.us-east-1.amazonaws.com/767398090493/workerToManagerQueue
LOCAL 2024-02-11 16:30:02 INFO  ManagerTask:93 - Received response for reviewId RW6ORU2M3C461 for inputIndex 0 for taskType entityRecognition with taskResult 
LOCAL 2024-02-11 16:30:02 INFO  SQSHandler:95 - Deleted message from https://sqs.us-east-1.amazonaws.com/767398090493/workerToManagerQueue
LOCAL 2024-02-11 16:30:02 INFO  ManagerTask:123 - Completed tasks 5 out of 40 for local app 9dc190253bc464f0 for inputIndex 0
LOCAL 2024-02-11 16:30:02 INFO  SQSHandler:77 - Polling messages from https://sqs.us-east-1.amazonaws.com/767398090493/workerToManagerQueue
LOCAL 2024-02-11 16:30:02 INFO  ManagerTask:93 - Received response for reviewId RB9QK3F6SUQPU for inputIndex 0 for taskType sentimentAnalysis with taskResult 4
LOCAL 2024-02-11 16:30:02 INFO  Manager:69 - Received 0 requests
LOCAL 2024-02-11 16:30:02 INFO  SQSHandler:77 - Polling messages from https://sqs.us-east-1.amazonaws.com/767398090493/localToManagerQueue-9dc190253bc464f0
LOCAL 2024-02-11 16:30:02 INFO  SQSHandler:95 - Deleted message from https://sqs.us-east-1.amazonaws.com/767398090493/workerToManagerQueue
LOCAL 2024-02-11 16:30:02 INFO  ManagerTask:123 - Completed tasks 6 out of 40 for local app 9dc190253bc464f0 for inputIndex 0
LOCAL 2024-02-11 16:30:02 INFO  SQSHandler:77 - Polling messages from https://sqs.us-east-1.amazonaws.com/767398090493/workerToManagerQueue
LOCAL 2024-02-11 16:30:02 INFO  ManagerTask:93 - Received response for reviewId RB9QK3F6SUQPU for inputIndex 0 for taskType entityRecognition with taskResult 
LOCAL 2024-02-11 16:30:02 INFO  ManagerTask:117 - Updated summary message for reviewId RB9QK3F6SUQPU for inputIndex 0 with sentiment 4 and entities 
LOCAL 2024-02-11 16:30:02 INFO  SQSHandler:95 - Deleted message from https://sqs.us-east-1.amazonaws.com/767398090493/workerToManagerQueue
LOCAL 2024-02-11 16:30:02 INFO  ManagerTask:123 - Completed tasks 7 out of 40 for local app 9dc190253bc464f0 for inputIndex 0
LOCAL 2024-02-11 16:30:02 INFO  SQSHandler:77 - Polling messages from https://sqs.us-east-1.amazonaws.com/767398090493/workerToManagerQueue
LOCAL 2024-02-11 16:30:03 INFO  ManagerTask:93 - Received response for reviewId R33SW6AMDKTSB8 for inputIndex 0 for taskType sentimentAnalysis with taskResult 3
LOCAL 2024-02-11 16:30:03 INFO  SQSHandler:95 - Deleted message from https://sqs.us-east-1.amazonaws.com/767398090493/workerToManagerQueue
LOCAL 2024-02-11 16:30:03 INFO  ManagerTask:123 - Completed tasks 8 out of 40 for local app 9dc190253bc464f0 for inputIndex 0
LOCAL 2024-02-11 16:30:03 INFO  SQSHandler:77 - Polling messages from https://sqs.us-east-1.amazonaws.com/767398090493/workerToManagerQueue
LOCAL 2024-02-11 16:30:04 INFO  ManagerTask:93 - Received response for reviewId R1L8O7RM8DD6J3 for inputIndex 0 for taskType sentimentAnalysis with taskResult 1
LOCAL 2024-02-11 16:30:04 INFO  SQSHandler:95 - Deleted message from https://sqs.us-east-1.amazonaws.com/767398090493/workerToManagerQueue
LOCAL 2024-02-11 16:30:04 INFO  ManagerTask:123 - Completed tasks 9 out of 40 for local app 9dc190253bc464f0 for inputIndex 0
LOCAL 2024-02-11 16:30:04 INFO  SQSHandler:77 - Polling messages from https://sqs.us-east-1.amazonaws.com/767398090493/workerToManagerQueue
LOCAL 2024-02-11 16:30:04 INFO  Manager:61 - Polling tasks from 1 local app queues
LOCAL 2024-02-11 16:30:05 INFO  ManagerTask:93 - Received response for reviewId RSO743RDYVWTZ for inputIndex 0 for taskType entityRecognition with taskResult 
LOCAL 2024-02-11 16:30:05 INFO  SQSHandler:95 - Deleted message from https://sqs.us-east-1.amazonaws.com/767398090493/workerToManagerQueue
LOCAL 2024-02-11 16:30:05 INFO  ManagerTask:123 - Completed tasks 10 out of 40 for local app 9dc190253bc464f0 for inputIndex 0
LOCAL 2024-02-11 16:30:05 INFO  SQSHandler:77 - Polling messages from https://sqs.us-east-1.amazonaws.com/767398090493/workerToManagerQueue
LOCAL 2024-02-11 16:30:05 INFO  ManagerTask:93 - Received response for reviewId R3DHV2T9Q991V7 for inputIndex 0 for taskType sentimentAnalysis with taskResult 4
LOCAL 2024-02-11 16:30:05 INFO  SQSHandler:95 - Deleted message from https://sqs.us-east-1.amazonaws.com/767398090493/workerToManagerQueue
LOCAL 2024-02-11 16:30:05 INFO  ManagerTask:123 - Completed tasks 11 out of 40 for local app 9dc190253bc464f0 for inputIndex 0
LOCAL 2024-02-11 16:30:05 INFO  SQSHandler:77 - Polling messages from https://sqs.us-east-1.amazonaws.com/767398090493/workerToManagerQueue
LOCAL 2024-02-11 16:30:05 INFO  ManagerTask:93 - Received response for reviewId RW6ORU2M3C461 for inputIndex 0 for taskType sentimentAnalysis with taskResult 3
LOCAL 2024-02-11 16:30:05 INFO  ManagerTask:117 - Updated summary message for reviewId RW6ORU2M3C461 for inputIndex 0 with sentiment 3 and entities 
LOCAL 2024-02-11 16:30:05 INFO  Manager:69 - Received 0 requests
LOCAL 2024-02-11 16:30:05 INFO  SQSHandler:77 - Polling messages from https://sqs.us-east-1.amazonaws.com/767398090493/localToManagerQueue-9dc190253bc464f0
LOCAL 2024-02-11 16:30:06 INFO  SQSHandler:95 - Deleted message from https://sqs.us-east-1.amazonaws.com/767398090493/workerToManagerQueue
LOCAL 2024-02-11 16:30:06 INFO  ManagerTask:123 - Completed tasks 12 out of 40 for local app 9dc190253bc464f0 for inputIndex 0
LOCAL 2024-02-11 16:30:06 INFO  SQSHandler:77 - Polling messages from https://sqs.us-east-1.amazonaws.com/767398090493/workerToManagerQueue
LOCAL 2024-02-11 16:30:06 INFO  ManagerTask:93 - Received response for reviewId R1L8O7RM8DD6J3 for inputIndex 0 for taskType entityRecognition with taskResult 
LOCAL 2024-02-11 16:30:06 INFO  ManagerTask:117 - Updated summary message for reviewId R1L8O7RM8DD6J3 for inputIndex 0 with sentiment 1 and entities 
LOCAL 2024-02-11 16:30:06 INFO  SQSHandler:95 - Deleted message from https://sqs.us-east-1.amazonaws.com/767398090493/workerToManagerQueue
LOCAL 2024-02-11 16:30:06 INFO  ManagerTask:123 - Completed tasks 13 out of 40 for local app 9dc190253bc464f0 for inputIndex 0
LOCAL 2024-02-11 16:30:06 INFO  SQSHandler:77 - Polling messages from https://sqs.us-east-1.amazonaws.com/767398090493/workerToManagerQueue
LOCAL 2024-02-11 16:30:06 INFO  ManagerTask:93 - Received response for reviewId R366N97DLUODS7 for inputIndex 0 for taskType entityRecognition with taskResult 
LOCAL 2024-02-11 16:30:06 INFO  SQSHandler:95 - Deleted message from https://sqs.us-east-1.amazonaws.com/767398090493/workerToManagerQueue
LOCAL 2024-02-11 16:30:06 INFO  ManagerTask:123 - Completed tasks 14 out of 40 for local app 9dc190253bc464f0 for inputIndex 0
LOCAL 2024-02-11 16:30:06 INFO  SQSHandler:77 - Polling messages from https://sqs.us-east-1.amazonaws.com/767398090493/workerToManagerQueue
LOCAL 2024-02-11 16:30:07 INFO  ManagerTask:93 - Received response for reviewId RJ62XWHGDIF7 for inputIndex 0 for taskType sentimentAnalysis with taskResult 2
LOCAL 2024-02-11 16:30:07 INFO  ManagerTask:117 - Updated summary message for reviewId RJ62XWHGDIF7 for inputIndex 0 with sentiment 2 and entities 
LOCAL 2024-02-11 16:30:08 INFO  SQSHandler:95 - Deleted message from https://sqs.us-east-1.amazonaws.com/767398090493/workerToManagerQueue
LOCAL 2024-02-11 16:30:08 INFO  ManagerTask:123 - Completed tasks 15 out of 40 for local app 9dc190253bc464f0 for inputIndex 0
LOCAL 2024-02-11 16:30:08 INFO  SQSHandler:77 - Polling messages from https://sqs.us-east-1.amazonaws.com/767398090493/workerToManagerQueue
LOCAL 2024-02-11 16:30:08 INFO  Manager:61 - Polling tasks from 1 local app queues
LOCAL 2024-02-11 16:30:08 INFO  ManagerTask:93 - Received response for reviewId R8OWCLDI0GGL0 for inputIndex 0 for taskType sentimentAnalysis with taskResult 4
LOCAL 2024-02-11 16:30:08 INFO  SQSHandler:95 - Deleted message from https://sqs.us-east-1.amazonaws.com/767398090493/workerToManagerQueue
LOCAL 2024-02-11 16:30:08 INFO  ManagerTask:123 - Completed tasks 16 out of 40 for local app 9dc190253bc464f0 for inputIndex 0
LOCAL 2024-02-11 16:30:08 INFO  SQSHandler:77 - Polling messages from https://sqs.us-east-1.amazonaws.com/767398090493/workerToManagerQueue
LOCAL 2024-02-11 16:30:08 INFO  ManagerTask:93 - Received response for reviewId R8OWCLDI0GGL0 for inputIndex 0 for taskType entityRecognition with taskResult Karen: PERSON, Katz: PERSON
LOCAL 2024-02-11 16:30:08 INFO  ManagerTask:117 - Updated summary message for reviewId R8OWCLDI0GGL0 for inputIndex 0 with sentiment 4 and entities Karen: PERSON, Katz: PERSON
LOCAL 2024-02-11 16:30:08 INFO  SQSHandler:95 - Deleted message from https://sqs.us-east-1.amazonaws.com/767398090493/workerToManagerQueue
LOCAL 2024-02-11 16:30:08 INFO  ManagerTask:123 - Completed tasks 17 out of 40 for local app 9dc190253bc464f0 for inputIndex 0
LOCAL 2024-02-11 16:30:08 INFO  SQSHandler:77 - Polling messages from https://sqs.us-east-1.amazonaws.com/767398090493/workerToManagerQueue
LOCAL 2024-02-11 16:30:09 INFO  ManagerTask:93 - Received response for reviewId R33DK4T6EHUIHX for inputIndex 0 for taskType entityRecognition with taskResult 
LOCAL 2024-02-11 16:30:09 INFO  SQSHandler:95 - Deleted message from https://sqs.us-east-1.amazonaws.com/767398090493/workerToManagerQueue
LOCAL 2024-02-11 16:30:09 INFO  ManagerTask:123 - Completed tasks 18 out of 40 for local app 9dc190253bc464f0 for inputIndex 0
LOCAL 2024-02-11 16:30:09 INFO  SQSHandler:77 - Polling messages from https://sqs.us-east-1.amazonaws.com/767398090493/workerToManagerQueue
LOCAL 2024-02-11 16:30:09 INFO  ManagerTask:93 - Received response for reviewId R14D3WP6J91DCU for inputIndex 0 for taskType sentimentAnalysis with taskResult 3
LOCAL 2024-02-11 16:30:09 INFO  ManagerTask:117 - Updated summary message for reviewId R14D3WP6J91DCU for inputIndex 0 with sentiment 3 and entities 
LOCAL 2024-02-11 16:30:09 INFO  SQSHandler:95 - Deleted message from https://sqs.us-east-1.amazonaws.com/767398090493/workerToManagerQueue
LOCAL 2024-02-11 16:30:09 INFO  ManagerTask:123 - Completed tasks 19 out of 40 for local app 9dc190253bc464f0 for inputIndex 0
LOCAL 2024-02-11 16:30:09 INFO  SQSHandler:77 - Polling messages from https://sqs.us-east-1.amazonaws.com/767398090493/workerToManagerQueue
LOCAL 2024-02-11 16:30:09 INFO  Manager:69 - Received 0 requests
LOCAL 2024-02-11 16:30:09 INFO  SQSHandler:77 - Polling messages from https://sqs.us-east-1.amazonaws.com/767398090493/localToManagerQueue-9dc190253bc464f0
LOCAL 2024-02-11 16:30:09 INFO  ManagerTask:93 - Received response for reviewId R1IKZK5S0DCKZ0 for inputIndex 0 for taskType entityRecognition with taskResult Karen: PERSON, Katz: PERSON
LOCAL 2024-02-11 16:30:09 INFO  SQSHandler:95 - Deleted message from https://sqs.us-east-1.amazonaws.com/767398090493/workerToManagerQueue
LOCAL 2024-02-11 16:30:09 INFO  ManagerTask:123 - Completed tasks 20 out of 40 for local app 9dc190253bc464f0 for inputIndex 0
LOCAL 2024-02-11 16:30:09 INFO  SQSHandler:77 - Polling messages from https://sqs.us-east-1.amazonaws.com/767398090493/workerToManagerQueue
LOCAL 2024-02-11 16:30:10 INFO  ManagerTask:93 - Received response for reviewId RGMH5ROASTBS8 for inputIndex 0 for taskType entityRecognition with taskResult 
LOCAL 2024-02-11 16:30:10 INFO  SQSHandler:95 - Deleted message from https://sqs.us-east-1.amazonaws.com/767398090493/workerToManagerQueue
LOCAL 2024-02-11 16:30:10 INFO  ManagerTask:123 - Completed tasks 21 out of 40 for local app 9dc190253bc464f0 for inputIndex 0
LOCAL 2024-02-11 16:30:10 INFO  SQSHandler:77 - Polling messages from https://sqs.us-east-1.amazonaws.com/767398090493/workerToManagerQueue
LOCAL 2024-02-11 16:30:10 INFO  ManagerTask:93 - Received response for reviewId R3R9QKZ61DMKGF for inputIndex 0 for taskType entityRecognition with taskResult 
LOCAL 2024-02-11 16:30:10 INFO  ManagerTask:117 - Updated summary message for reviewId R3R9QKZ61DMKGF for inputIndex 0 with sentiment 3 and entities 
LOCAL 2024-02-11 16:30:10 INFO  SQSHandler:95 - Deleted message from https://sqs.us-east-1.amazonaws.com/767398090493/workerToManagerQueue
LOCAL 2024-02-11 16:30:10 INFO  ManagerTask:123 - Completed tasks 22 out of 40 for local app 9dc190253bc464f0 for inputIndex 0
LOCAL 2024-02-11 16:30:10 INFO  SQSHandler:77 - Polling messages from https://sqs.us-east-1.amazonaws.com/767398090493/workerToManagerQueue
LOCAL 2024-02-11 16:30:10 INFO  ManagerTask:93 - Received response for reviewId R367OTNJ8I36FS for inputIndex 0 for taskType entityRecognition with taskResult 
LOCAL 2024-02-11 16:30:10 INFO  SQSHandler:95 - Deleted message from https://sqs.us-east-1.amazonaws.com/767398090493/workerToManagerQueue
LOCAL 2024-02-11 16:30:10 INFO  ManagerTask:123 - Completed tasks 23 out of 40 for local app 9dc190253bc464f0 for inputIndex 0
LOCAL 2024-02-11 16:30:10 INFO  SQSHandler:77 - Polling messages from https://sqs.us-east-1.amazonaws.com/767398090493/workerToManagerQueue
LOCAL 2024-02-11 16:30:11 INFO  ManagerTask:93 - Received response for reviewId R3GCFAIUL8BI3Y for inputIndex 0 for taskType sentimentAnalysis with taskResult 4
LOCAL 2024-02-11 16:30:11 INFO  SQSHandler:95 - Deleted message from https://sqs.us-east-1.amazonaws.com/767398090493/workerToManagerQueue
LOCAL 2024-02-11 16:30:11 INFO  ManagerTask:123 - Completed tasks 24 out of 40 for local app 9dc190253bc464f0 for inputIndex 0
LOCAL 2024-02-11 16:30:11 INFO  SQSHandler:77 - Polling messages from https://sqs.us-east-1.amazonaws.com/767398090493/workerToManagerQueue
LOCAL 2024-02-11 16:30:11 INFO  ManagerTask:93 - Received response for reviewId RSO743RDYVWTZ for inputIndex 0 for taskType sentimentAnalysis with taskResult 2
LOCAL 2024-02-11 16:30:11 INFO  ManagerTask:117 - Updated summary message for reviewId RSO743RDYVWTZ for inputIndex 0 with sentiment 2 and entities 
LOCAL 2024-02-11 16:30:11 INFO  Manager:61 - Polling tasks from 1 local app queues
LOCAL 2024-02-11 16:30:11 INFO  SQSHandler:95 - Deleted message from https://sqs.us-east-1.amazonaws.com/767398090493/workerToManagerQueue
LOCAL 2024-02-11 16:30:11 INFO  ManagerTask:123 - Completed tasks 25 out of 40 for local app 9dc190253bc464f0 for inputIndex 0
LOCAL 2024-02-11 16:30:11 INFO  SQSHandler:77 - Polling messages from https://sqs.us-east-1.amazonaws.com/767398090493/workerToManagerQueue
LOCAL 2024-02-11 16:30:13 INFO  ManagerTask:93 - Received response for reviewId R33DK4T6EHUIHX for inputIndex 0 for taskType sentimentAnalysis with taskResult 1
LOCAL 2024-02-11 16:30:13 INFO  ManagerTask:117 - Updated summary message for reviewId R33DK4T6EHUIHX for inputIndex 0 with sentiment 1 and entities 
LOCAL 2024-02-11 16:30:13 INFO  SQSHandler:95 - Deleted message from https://sqs.us-east-1.amazonaws.com/767398090493/workerToManagerQueue
LOCAL 2024-02-11 16:30:13 INFO  ManagerTask:123 - Completed tasks 26 out of 40 for local app 9dc190253bc464f0 for inputIndex 0
LOCAL 2024-02-11 16:30:13 INFO  SQSHandler:77 - Polling messages from https://sqs.us-east-1.amazonaws.com/767398090493/workerToManagerQueue
LOCAL 2024-02-11 16:30:13 INFO  Manager:69 - Received 0 requests
LOCAL 2024-02-11 16:30:13 INFO  SQSHandler:77 - Polling messages from https://sqs.us-east-1.amazonaws.com/767398090493/localToManagerQueue-9dc190253bc464f0
LOCAL 2024-02-11 16:30:13 INFO  ManagerTask:93 - Received response for reviewId RGMH5ROASTBS8 for inputIndex 0 for taskType sentimentAnalysis with taskResult 3
LOCAL 2024-02-11 16:30:13 INFO  ManagerTask:117 - Updated summary message for reviewId RGMH5ROASTBS8 for inputIndex 0 with sentiment 3 and entities 
LOCAL 2024-02-11 16:30:13 INFO  Manager:69 - Received 0 requests
LOCAL 2024-02-11 16:30:13 INFO  SQSHandler:77 - Polling messages from https://sqs.us-east-1.amazonaws.com/767398090493/localToManagerQueue-9dc190253bc464f0
LOCAL 2024-02-11 16:30:13 INFO  SQSHandler:95 - Deleted message from https://sqs.us-east-1.amazonaws.com/767398090493/workerToManagerQueue
LOCAL 2024-02-11 16:30:13 INFO  ManagerTask:123 - Completed tasks 27 out of 40 for local app 9dc190253bc464f0 for inputIndex 0
LOCAL 2024-02-11 16:30:13 INFO  SQSHandler:77 - Polling messages from https://sqs.us-east-1.amazonaws.com/767398090493/workerToManagerQueue
LOCAL 2024-02-11 16:30:13 INFO  ManagerTask:93 - Received response for reviewId R1RUXYHCSZSHJ0 for inputIndex 0 for taskType sentimentAnalysis with taskResult 2
LOCAL 2024-02-11 16:30:13 INFO  ManagerTask:117 - Updated summary message for reviewId R1RUXYHCSZSHJ0 for inputIndex 0 with sentiment 2 and entities 
LOCAL 2024-02-11 16:30:13 INFO  SQSHandler:95 - Deleted message from https://sqs.us-east-1.amazonaws.com/767398090493/workerToManagerQueue
LOCAL 2024-02-11 16:30:13 INFO  ManagerTask:123 - Completed tasks 28 out of 40 for local app 9dc190253bc464f0 for inputIndex 0
LOCAL 2024-02-11 16:30:13 INFO  SQSHandler:77 - Polling messages from https://sqs.us-east-1.amazonaws.com/767398090493/workerToManagerQueue
LOCAL 2024-02-11 16:30:14 INFO  ManagerTask:93 - Received response for reviewId R3GCFAIUL8BI3Y for inputIndex 0 for taskType entityRecognition with taskResult 
LOCAL 2024-02-11 16:30:14 INFO  ManagerTask:117 - Updated summary message for reviewId R3GCFAIUL8BI3Y for inputIndex 0 with sentiment 4 and entities 
LOCAL 2024-02-11 16:30:14 INFO  SQSHandler:95 - Deleted message from https://sqs.us-east-1.amazonaws.com/767398090493/workerToManagerQueue
LOCAL 2024-02-11 16:30:14 INFO  ManagerTask:123 - Completed tasks 29 out of 40 for local app 9dc190253bc464f0 for inputIndex 0
LOCAL 2024-02-11 16:30:14 INFO  SQSHandler:77 - Polling messages from https://sqs.us-east-1.amazonaws.com/767398090493/workerToManagerQueue
LOCAL 2024-02-11 16:30:14 INFO  ManagerTask:93 - Received response for reviewId R33SW6AMDKTSB8 for inputIndex 0 for taskType entityRecognition with taskResult 
LOCAL 2024-02-11 16:30:14 INFO  ManagerTask:117 - Updated summary message for reviewId R33SW6AMDKTSB8 for inputIndex 0 with sentiment 3 and entities 
LOCAL 2024-02-11 16:30:14 INFO  SQSHandler:95 - Deleted message from https://sqs.us-east-1.amazonaws.com/767398090493/workerToManagerQueue
LOCAL 2024-02-11 16:30:14 INFO  ManagerTask:123 - Completed tasks 30 out of 40 for local app 9dc190253bc464f0 for inputIndex 0
LOCAL 2024-02-11 16:30:14 INFO  SQSHandler:77 - Polling messages from https://sqs.us-east-1.amazonaws.com/767398090493/workerToManagerQueue
LOCAL 2024-02-11 16:30:14 INFO  Manager:61 - Polling tasks from 1 local app queues
LOCAL 2024-02-11 16:30:14 INFO  ManagerTask:93 - Received response for reviewId R3DHV2T9Q991V7 for inputIndex 0 for taskType entityRecognition with taskResult 
LOCAL 2024-02-11 16:30:14 INFO  ManagerTask:117 - Updated summary message for reviewId R3DHV2T9Q991V7 for inputIndex 0 with sentiment 4 and entities 
LOCAL 2024-02-11 16:30:15 INFO  SQSHandler:95 - Deleted message from https://sqs.us-east-1.amazonaws.com/767398090493/workerToManagerQueue
LOCAL 2024-02-11 16:30:15 INFO  ManagerTask:123 - Completed tasks 31 out of 40 for local app 9dc190253bc464f0 for inputIndex 0
LOCAL 2024-02-11 16:30:15 INFO  SQSHandler:77 - Polling messages from https://sqs.us-east-1.amazonaws.com/767398090493/workerToManagerQueue
LOCAL 2024-02-11 16:30:15 INFO  Manager:69 - Received 0 requests
LOCAL 2024-02-11 16:30:15 INFO  SQSHandler:77 - Polling messages from https://sqs.us-east-1.amazonaws.com/767398090493/localToManagerQueue-9dc190253bc464f0
LOCAL 2024-02-11 16:30:15 INFO  ManagerTask:93 - Received response for reviewId R3P2KOXRF7Z400 for inputIndex 0 for taskType sentimentAnalysis with taskResult 3
LOCAL 2024-02-11 16:30:15 INFO  SQSHandler:95 - Deleted message from https://sqs.us-east-1.amazonaws.com/767398090493/workerToManagerQueue
LOCAL 2024-02-11 16:30:15 INFO  ManagerTask:123 - Completed tasks 32 out of 40 for local app 9dc190253bc464f0 for inputIndex 0
LOCAL 2024-02-11 16:30:15 INFO  SQSHandler:77 - Polling messages from https://sqs.us-east-1.amazonaws.com/767398090493/workerToManagerQueue
LOCAL 2024-02-11 16:30:15 INFO  ManagerTask:93 - Received response for reviewId R3P2KOXRF7Z400 for inputIndex 0 for taskType entityRecognition with taskResult 
LOCAL 2024-02-11 16:30:15 INFO  ManagerTask:117 - Updated summary message for reviewId R3P2KOXRF7Z400 for inputIndex 0 with sentiment 3 and entities 
LOCAL 2024-02-11 16:30:15 INFO  SQSHandler:95 - Deleted message from https://sqs.us-east-1.amazonaws.com/767398090493/workerToManagerQueue
LOCAL 2024-02-11 16:30:15 INFO  ManagerTask:123 - Completed tasks 33 out of 40 for local app 9dc190253bc464f0 for inputIndex 0
LOCAL 2024-02-11 16:30:15 INFO  SQSHandler:77 - Polling messages from https://sqs.us-east-1.amazonaws.com/767398090493/workerToManagerQueue
LOCAL 2024-02-11 16:30:15 INFO  ManagerTask:93 - Received response for reviewId R1IKZK5S0DCKZ0 for inputIndex 0 for taskType sentimentAnalysis with taskResult 3
LOCAL 2024-02-11 16:30:15 INFO  ManagerTask:117 - Updated summary message for reviewId R1IKZK5S0DCKZ0 for inputIndex 0 with sentiment 3 and entities Karen: PERSON, Katz: PERSON
LOCAL 2024-02-11 16:30:16 INFO  SQSHandler:95 - Deleted message from https://sqs.us-east-1.amazonaws.com/767398090493/workerToManagerQueue
LOCAL 2024-02-11 16:30:16 INFO  ManagerTask:123 - Completed tasks 34 out of 40 for local app 9dc190253bc464f0 for inputIndex 0
LOCAL 2024-02-11 16:30:16 INFO  SQSHandler:77 - Polling messages from https://sqs.us-east-1.amazonaws.com/767398090493/workerToManagerQueue
LOCAL 2024-02-11 16:30:16 INFO  ManagerTask:93 - Received response for reviewId R367OTNJ8I36FS for inputIndex 0 for taskType sentimentAnalysis with taskResult 3
LOCAL 2024-02-11 16:30:16 INFO  ManagerTask:117 - Updated summary message for reviewId R367OTNJ8I36FS for inputIndex 0 with sentiment 3 and entities 
LOCAL 2024-02-11 16:30:16 INFO  SQSHandler:95 - Deleted message from https://sqs.us-east-1.amazonaws.com/767398090493/workerToManagerQueue
LOCAL 2024-02-11 16:30:16 INFO  ManagerTask:123 - Completed tasks 35 out of 40 for local app 9dc190253bc464f0 for inputIndex 0
LOCAL 2024-02-11 16:30:16 INFO  SQSHandler:77 - Polling messages from https://sqs.us-east-1.amazonaws.com/767398090493/workerToManagerQueue
LOCAL 2024-02-11 16:30:16 INFO  Manager:69 - Received 0 requests
LOCAL 2024-02-11 16:30:16 INFO  SQSHandler:77 - Polling messages from https://sqs.us-east-1.amazonaws.com/767398090493/localToManagerQueue-9dc190253bc464f0
LOCAL 2024-02-11 16:30:18 INFO  Manager:61 - Polling tasks from 1 local app queues
LOCAL 2024-02-11 16:30:18 INFO  ManagerTask:93 - Received response for reviewId R3MRIY8FUDOYHU for inputIndex 0 for taskType sentimentAnalysis with taskResult 2
LOCAL 2024-02-11 16:30:18 INFO  SQSHandler:95 - Deleted message from https://sqs.us-east-1.amazonaws.com/767398090493/workerToManagerQueue
LOCAL 2024-02-11 16:30:18 INFO  ManagerTask:123 - Completed tasks 36 out of 40 for local app 9dc190253bc464f0 for inputIndex 0
LOCAL 2024-02-11 16:30:18 INFO  SQSHandler:77 - Polling messages from https://sqs.us-east-1.amazonaws.com/767398090493/workerToManagerQueue
LOCAL 2024-02-11 16:30:18 INFO  Manager:69 - Received 0 requests
LOCAL 2024-02-11 16:30:18 INFO  SQSHandler:77 - Polling messages from https://sqs.us-east-1.amazonaws.com/767398090493/localToManagerQueue-9dc190253bc464f0
LOCAL 2024-02-11 16:30:19 INFO  ManagerTask:93 - Received response for reviewId R3MRIY8FUDOYHU for inputIndex 0 for taskType entityRecognition with taskResult Katz: PERSON, Karen: PERSON, Katz: PERSON, Katz: PERSON
LOCAL 2024-02-11 16:30:19 INFO  ManagerTask:117 - Updated summary message for reviewId R3MRIY8FUDOYHU for inputIndex 0 with sentiment 2 and entities Katz: PERSON, Karen: PERSON, Katz: PERSON, Katz: PERSON
LOCAL 2024-02-11 16:30:19 INFO  SQSHandler:95 - Deleted message from https://sqs.us-east-1.amazonaws.com/767398090493/workerToManagerQueue
LOCAL 2024-02-11 16:30:19 INFO  ManagerTask:123 - Completed tasks 37 out of 40 for local app 9dc190253bc464f0 for inputIndex 0
LOCAL 2024-02-11 16:30:19 INFO  SQSHandler:77 - Polling messages from https://sqs.us-east-1.amazonaws.com/767398090493/workerToManagerQueue
LOCAL 2024-02-11 16:30:20 INFO  ManagerTask:93 - Received response for reviewId R3V239ZPPF0XY3 for inputIndex 0 for taskType sentimentAnalysis with taskResult 2
LOCAL 2024-02-11 16:30:20 INFO  SQSHandler:95 - Deleted message from https://sqs.us-east-1.amazonaws.com/767398090493/workerToManagerQueue
LOCAL 2024-02-11 16:30:20 INFO  ManagerTask:123 - Completed tasks 38 out of 40 for local app 9dc190253bc464f0 for inputIndex 0
LOCAL 2024-02-11 16:30:20 INFO  SQSHandler:77 - Polling messages from https://sqs.us-east-1.amazonaws.com/767398090493/workerToManagerQueue
LOCAL 2024-02-11 16:30:20 INFO  ManagerTask:93 - Received response for reviewId R3V239ZPPF0XY3 for inputIndex 0 for taskType entityRecognition with taskResult 
LOCAL 2024-02-11 16:30:20 INFO  ManagerTask:117 - Updated summary message for reviewId R3V239ZPPF0XY3 for inputIndex 0 with sentiment 2 and entities 
LOCAL 2024-02-11 16:30:20 INFO  SQSHandler:95 - Deleted message from https://sqs.us-east-1.amazonaws.com/767398090493/workerToManagerQueue
LOCAL 2024-02-11 16:30:20 INFO  ManagerTask:123 - Completed tasks 39 out of 40 for local app 9dc190253bc464f0 for inputIndex 0
LOCAL 2024-02-11 16:30:20 INFO  SQSHandler:77 - Polling messages from https://sqs.us-east-1.amazonaws.com/767398090493/workerToManagerQueue
LOCAL 2024-02-11 16:30:21 INFO  ManagerTask:93 - Received response for reviewId R366N97DLUODS7 for inputIndex 0 for taskType sentimentAnalysis with taskResult 2
LOCAL 2024-02-11 16:30:21 INFO  ManagerTask:117 - Updated summary message for reviewId R366N97DLUODS7 for inputIndex 0 with sentiment 2 and entities 
LOCAL 2024-02-11 16:30:21 INFO  SQSHandler:95 - Deleted message from https://sqs.us-east-1.amazonaws.com/767398090493/workerToManagerQueue
LOCAL 2024-02-11 16:30:21 INFO  ManagerTask:123 - Completed tasks 40 out of 40 for local app 9dc190253bc464f0 for inputIndex 0
LOCAL 2024-02-11 16:30:21 INFO  ManagerTask:45 - Received all responses from workers for local app 9dc190253bc464f0 for inputIndex 0
LOCAL 2024-02-11 16:30:21 INFO  Manager:61 - Polling tasks from 1 local app queues
LOCAL 2024-02-11 16:30:21 INFO  Manager:69 - Received 0 requests
LOCAL 2024-02-11 16:30:21 INFO  SQSHandler:77 - Polling messages from https://sqs.us-east-1.amazonaws.com/767398090493/localToManagerQueue-9dc190253bc464f0
LOCAL 2024-02-11 16:30:22 INFO  S3Handler:52 - Content uploaded to S3 bucket sarcasm-analysis-bucket-9dc190253bc464f0 with key 9dc190253bc464f0-summary-0
LOCAL 2024-02-11 16:30:22 INFO  Manager:69 - Received 0 requests
LOCAL 2024-02-11 16:30:22 INFO  SQSHandler:77 - Polling messages from https://sqs.us-east-1.amazonaws.com/767398090493/localToManagerQueue-9dc190253bc464f0
LOCAL 2024-02-11 16:30:22 INFO  SQSHandler:73 - Sent message to https://sqs.us-east-1.amazonaws.com/767398090493/managerToLocalQueue-9dc190253bc464f0
LOCAL 2024-02-11 16:30:22 INFO  ManagerTask:140 - Uploaded summary file 9dc190253bc464f0-summary-0 to S3 and sent response to local app 9dc190253bc464f0 for inputIndex 0
LOCAL 2024-02-11 16:30:22 INFO  ManagerTask:49 - Finished summary for local app 9dc190253bc464f0 for inputIndex 0
LOCAL 2024-02-11 16:30:22 INFO  ManagerTask:50 - ManagerTask finished for local app 9dc190253bc464f0 for inputIndex 0
LOCAL 2024-02-11 16:30:22 INFO  SQSHandler:77 - Polling messages from https://sqs.us-east-1.amazonaws.com/767398090493/localToManagerQueue-9dc190253bc464f0
LOCAL 2024-02-11 16:30:24 INFO  Manager:61 - Polling tasks from 1 local app queues
LOCAL 2024-02-11 16:30:26 INFO  Manager:69 - Received 0 requests
LOCAL 2024-02-11 16:30:26 INFO  SQSHandler:77 - Polling messages from https://sqs.us-east-1.amazonaws.com/767398090493/localToManagerQueue-9dc190253bc464f0
LOCAL 2024-02-11 16:30:26 INFO  SQSHandler:77 - Polling messages from https://sqs.us-east-1.amazonaws.com/767398090493/localToManagerQueue-9dc190253bc464f0
LOCAL 2024-02-11 16:30:26 INFO  SQSHandler:77 - Polling messages from https://sqs.us-east-1.amazonaws.com/767398090493/localToManagerQueue-9dc190253bc464f0
LOCAL 2024-02-11 16:30:26 INFO  SQSHandler:77 - Polling messages from https://sqs.us-east-1.amazonaws.com/767398090493/localToManagerQueue-9dc190253bc464f0
LOCAL 2024-02-11 16:30:26 INFO  SQSHandler:77 - Polling messages from https://sqs.us-east-1.amazonaws.com/767398090493/localToManagerQueue-9dc190253bc464f0
LOCAL 2024-02-11 16:30:26 INFO  SQSHandler:77 - Polling messages from https://sqs.us-east-1.amazonaws.com/767398090493/localToManagerQueue-9dc190253bc464f0
LOCAL 2024-02-11 16:30:27 INFO  SQSHandler:77 - Polling messages from https://sqs.us-east-1.amazonaws.com/767398090493/localToManagerQueue-9dc190253bc464f0
LOCAL 2024-02-11 16:30:27 INFO  Manager:61 - Polling tasks from 1 local app queues
LOCAL 2024-02-11 16:30:27 INFO  SQSHandler:77 - Polling messages from https://sqs.us-east-1.amazonaws.com/767398090493/localToManagerQueue-9dc190253bc464f0
LOCAL 2024-02-11 16:30:29 INFO  Manager:69 - Received 0 requests
LOCAL 2024-02-11 16:30:29 INFO  SQSHandler:77 - Polling messages from https://sqs.us-east-1.amazonaws.com/767398090493/localToManagerQueue-9dc190253bc464f0
LOCAL 2024-02-11 16:30:30 INFO  Manager:61 - Polling tasks from 1 local app queues
LOCAL 2024-02-11 16:30:30 INFO  SQSHandler:77 - Polling messages from https://sqs.us-east-1.amazonaws.com/767398090493/localToManagerQueue-9dc190253bc464f0
LOCAL 2024-02-11 16:30:33 INFO  Manager:69 - Received 0 requests
LOCAL 2024-02-11 16:30:33 INFO  SQSHandler:77 - Polling messages from https://sqs.us-east-1.amazonaws.com/767398090493/localToManagerQueue-9dc190253bc464f0
LOCAL 2024-02-11 16:30:33 INFO  Manager:69 - Received 0 requests
LOCAL 2024-02-11 16:30:33 INFO  SQSHandler:77 - Polling messages from https://sqs.us-east-1.amazonaws.com/767398090493/localToManagerQueue-9dc190253bc464f0
LOCAL 2024-02-11 16:30:33 INFO  Manager:61 - Polling tasks from 1 local app queues
LOCAL 2024-02-11 16:30:33 INFO  SQSHandler:77 - Polling messages from https://sqs.us-east-1.amazonaws.com/767398090493/localToManagerQueue-9dc190253bc464f0
LOCAL 2024-02-11 16:30:35 INFO  Manager:69 - Received 0 requests
LOCAL 2024-02-11 16:30:35 INFO  SQSHandler:77 - Polling messages from https://sqs.us-east-1.amazonaws.com/767398090493/localToManagerQueue-9dc190253bc464f0
LOCAL 2024-02-11 16:30:36 INFO  Manager:61 - Polling tasks from 0 local app queues
LOCAL 2024-02-11 16:30:37 INFO  Manager:69 - Received 0 requests
LOCAL 2024-02-11 16:30:37 INFO  SQSHandler:77 - Polling messages from https://sqs.us-east-1.amazonaws.com/767398090493/localToManagerQueue-9dc190253bc464f0
LOCAL 2024-02-11 16:30:39 INFO  Manager:69 - Received 0 requests
LOCAL 2024-02-11 16:30:39 INFO  SQSHandler:77 - Polling messages from https://sqs.us-east-1.amazonaws.com/767398090493/localToManagerQueue-9dc190253bc464f0
LOCAL 2024-02-11 16:30:40 INFO  Manager:61 - Polling tasks from 0 local app queues
LOCAL 2024-02-11 16:30:41 INFO  Manager:69 - Received 0 requests
LOCAL 2024-02-11 16:30:41 INFO  SQSHandler:77 - Polling messages from https://sqs.us-east-1.amazonaws.com/767398090493/localToManagerQueue-9dc190253bc464f0
LOCAL 2024-02-11 16:30:42 INFO  Manager:69 - Received 0 requests
LOCAL 2024-02-11 16:30:42 INFO  SQSHandler:77 - Polling messages from https://sqs.us-east-1.amazonaws.com/767398090493/localToManagerQueue-9dc190253bc464f0
LOCAL 2024-02-11 16:30:42 INFO  Manager:69 - Received 0 requests
LOCAL 2024-02-11 16:30:42 INFO  SQSHandler:77 - Polling messages from https://sqs.us-east-1.amazonaws.com/767398090493/localToManagerQueue-9dc190253bc464f0
LOCAL 2024-02-11 16:30:43 INFO  Manager:61 - Polling tasks from 0 local app queues
LOCAL 2024-02-11 16:30:46 INFO  Manager:61 - Polling tasks from 0 local app queues
LOCAL 2024-02-11 16:30:49 INFO  Manager:61 - Polling tasks from 0 local app queues
LOCAL 2024-02-11 16:30:52 INFO  Manager:61 - Polling tasks from 0 local app queues
LOCAL 2024-02-11 16:30:56 INFO  Manager:61 - Polling tasks from 0 local app queues
LOCAL 2024-02-11 16:30:59 INFO  Manager:61 - Polling tasks from 0 local app queues
LOCAL 2024-02-11 16:31:02 INFO  Manager:61 - Polling tasks from 0 local app queues
LOCAL 2024-02-11 16:31:05 INFO  Manager:61 - Polling tasks from 0 local app queues
LOCAL 2024-02-11 16:31:08 INFO  Manager:61 - Polling tasks from 0 local app queues
LOCAL 2024-02-11 16:31:11 INFO  Manager:61 - Polling tasks from 0 local app queues
LOCAL 2024-02-11 16:31:14 INFO  Manager:61 - Polling tasks from 0 local app queues
LOCAL 2024-02-11 16:31:18 INFO  Manager:61 - Polling tasks from 0 local app queues
LOCAL 2024-02-11 16:31:21 INFO  Manager:61 - Polling tasks from 0 local app queues
LOCAL 2024-02-11 16:31:24 INFO  Manager:61 - Polling tasks from 0 local app queues
LOCAL 2024-02-11 16:31:27 INFO  Manager:61 - Polling tasks from 0 local app queues
LOCAL 2024-02-11 16:31:30 INFO  Manager:61 - Polling tasks from 0 local app queues
LOCAL 2024-02-11 16:31:33 INFO  Manager:61 - Polling tasks from 0 local app queues
LOCAL 2024-02-11 16:31:37 INFO  Manager:61 - Polling tasks from 0 local app queues
LOCAL 2024-02-11 16:31:40 INFO  Manager:61 - Polling tasks from 0 local app queues
LOCAL 2024-02-11 16:31:43 INFO  Manager:61 - Polling tasks from 0 local app queues
LOCAL 2024-02-11 16:31:46 INFO  Manager:61 - Polling tasks from 0 local app queues
LOCAL 2024-02-11 16:31:49 INFO  Manager:61 - Polling tasks from 0 local app queues
LOCAL 2024-02-11 16:31:52 INFO  Manager:61 - Polling tasks from 0 local app queues
LOCAL 2024-02-11 16:31:56 INFO  Manager:61 - Polling tasks from 0 local app queues
LOCAL 2024-02-11 16:31:59 INFO  Manager:61 - Polling tasks from 0 local app queues
LOCAL 2024-02-11 16:32:02 INFO  Manager:61 - Polling tasks from 0 local app queues
LOCAL 2024-02-11 16:32:05 INFO  Manager:61 - Polling tasks from 0 local app queues
LOCAL 2024-02-11 16:32:08 INFO  Manager:61 - Polling tasks from 0 local app queues
LOCAL 2024-02-11 16:32:11 INFO  Manager:61 - Polling tasks from 0 local app queues
LOCAL 2024-02-11 16:32:14 INFO  Manager:61 - Polling tasks from 0 local app queues
LOCAL 2024-02-11 16:32:18 INFO  Manager:61 - Polling tasks from 0 local app queues
LOCAL 2024-02-11 16:32:21 INFO  Manager:61 - Polling tasks from 0 local app queues
LOCAL 2024-02-11 16:32:24 INFO  Manager:61 - Polling tasks from 0 local app queues
LOCAL 2024-02-11 16:32:27 INFO  Manager:61 - Polling tasks from 0 local app queues
LOCAL 2024-02-11 16:32:30 INFO  Manager:61 - Polling tasks from 0 local app queues
LOCAL 2024-02-11 16:32:33 INFO  Manager:61 - Polling tasks from 0 local app queues
LOCAL 2024-02-11 16:32:37 INFO  Manager:61 - Polling tasks from 0 local app queues
LOCAL 2024-02-11 16:32:40 INFO  Manager:61 - Polling tasks from 0 local app queues
LOCAL 2024-02-11 16:32:43 INFO  Manager:61 - Polling tasks from 0 local app queues
LOCAL 2024-02-11 16:32:46 INFO  Manager:61 - Polling tasks from 0 local app queues
LOCAL 2024-02-11 16:32:49 INFO  Manager:61 - Polling tasks from 0 local app queues
LOCAL 2024-02-11 16:32:52 INFO  Manager:61 - Polling tasks from 0 local app queues
LOCAL 2024-02-11 16:32:56 INFO  Manager:61 - Polling tasks from 0 local app queues
LOCAL 2024-02-11 16:32:59 INFO  Manager:61 - Polling tasks from 0 local app queues
LOCAL 2024-02-11 16:33:02 INFO  Manager:61 - Polling tasks from 0 local app queues
LOCAL 2024-02-11 16:33:05 INFO  Manager:61 - Polling tasks from 0 local app queues
LOCAL 2024-02-11 16:33:08 INFO  Manager:61 - Polling tasks from 0 local app queues
LOCAL 2024-02-11 16:33:11 INFO  Manager:61 - Polling tasks from 0 local app queues
LOCAL 2024-02-11 16:33:15 INFO  Manager:61 - Polling tasks from 0 local app queues
LOCAL 2024-02-11 16:33:18 INFO  Manager:61 - Polling tasks from 1 local app queues
LOCAL 2024-02-11 16:33:18 INFO  SQSHandler:77 - Polling messages from https://sqs.us-east-1.amazonaws.com/767398090493/localToManagerQueue-8483c4bb1db1e26d
LOCAL 2024-02-11 16:33:18 INFO  Manager:69 - Received 1 requests
LOCAL 2024-02-11 16:33:18 INFO  Manager:90 - Received request: 8483c4bb1db1e26d::analyze::test-input1.txt::0::20
LOCAL 2024-02-11 16:33:18 INFO  S3Handler:56 - Downloading file test-input1.txt from S3 bucket sarcasm-analysis-bucket-8483c4bb1db1e26d
LOCAL 2024-02-11 16:33:19 INFO  Manager:117 - Parsed 20 reviews from input file test-input1.txt
LOCAL 2024-02-11 16:33:19 INFO  ManagerTask:37 - ManagerTask started for local app 8483c4bb1db1e26d for inputIndex 0
LOCAL 2024-02-11 16:33:19 INFO  ManagerTask:54 - Sending tasks to workers for local app 8483c4bb1db1e26d for inputIndex 0
LOCAL 2024-02-11 16:33:19 INFO  SQSHandler:95 - Deleted message from https://sqs.us-east-1.amazonaws.com/767398090493/localToManagerQueue-8483c4bb1db1e26d
LOCAL 2024-02-11 16:33:19 INFO  SQSHandler:77 - Polling messages from https://sqs.us-east-1.amazonaws.com/767398090493/localToManagerQueue-8483c4bb1db1e26d
LOCAL 2024-02-11 16:33:20 INFO  SQSHandler:73 - Sent message to https://sqs.us-east-1.amazonaws.com/767398090493/managerToWorkerQueue
LOCAL 2024-02-11 16:33:20 INFO  SQSHandler:73 - Sent message to https://sqs.us-east-1.amazonaws.com/767398090493/managerToWorkerQueue
LOCAL 2024-02-11 16:33:20 INFO  ManagerTask:71 - Sent tasks for reviewId RJ62XWHGDIF7 for local app 8483c4bb1db1e26d for inputIndex 0
LOCAL 2024-02-11 16:33:20 INFO  ManagerTask:72 - Sent total tasks 2 to workers for local app 8483c4bb1db1e26d for inputIndex 0
LOCAL 2024-02-11 16:33:20 INFO  SQSHandler:73 - Sent message to https://sqs.us-east-1.amazonaws.com/767398090493/managerToWorkerQueue
LOCAL 2024-02-11 16:33:20 INFO  SQSHandler:73 - Sent message to https://sqs.us-east-1.amazonaws.com/767398090493/managerToWorkerQueue
LOCAL 2024-02-11 16:33:20 INFO  ManagerTask:71 - Sent tasks for reviewId RSO743RDYVWTZ for local app 8483c4bb1db1e26d for inputIndex 0
LOCAL 2024-02-11 16:33:20 INFO  ManagerTask:72 - Sent total tasks 4 to workers for local app 8483c4bb1db1e26d for inputIndex 0
LOCAL 2024-02-11 16:33:21 INFO  SQSHandler:73 - Sent message to https://sqs.us-east-1.amazonaws.com/767398090493/managerToWorkerQueue
LOCAL 2024-02-11 16:33:21 INFO  SQSHandler:73 - Sent message to https://sqs.us-east-1.amazonaws.com/767398090493/managerToWorkerQueue
LOCAL 2024-02-11 16:33:21 INFO  ManagerTask:71 - Sent tasks for reviewId R8OWCLDI0GGL0 for local app 8483c4bb1db1e26d for inputIndex 0
LOCAL 2024-02-11 16:33:21 INFO  ManagerTask:72 - Sent total tasks 6 to workers for local app 8483c4bb1db1e26d for inputIndex 0
LOCAL 2024-02-11 16:33:21 INFO  SQSHandler:73 - Sent message to https://sqs.us-east-1.amazonaws.com/767398090493/managerToWorkerQueue
LOCAL 2024-02-11 16:33:21 INFO  SQSHandler:73 - Sent message to https://sqs.us-east-1.amazonaws.com/767398090493/managerToWorkerQueue
LOCAL 2024-02-11 16:33:21 INFO  ManagerTask:71 - Sent tasks for reviewId R33DK4T6EHUIHX for local app 8483c4bb1db1e26d for inputIndex 0
LOCAL 2024-02-11 16:33:21 INFO  ManagerTask:72 - Sent total tasks 8 to workers for local app 8483c4bb1db1e26d for inputIndex 0
LOCAL 2024-02-11 16:33:21 INFO  SQSHandler:73 - Sent message to https://sqs.us-east-1.amazonaws.com/767398090493/managerToWorkerQueue
LOCAL 2024-02-11 16:33:21 INFO  SQSHandler:73 - Sent message to https://sqs.us-east-1.amazonaws.com/767398090493/managerToWorkerQueue
LOCAL 2024-02-11 16:33:21 INFO  Manager:61 - Polling tasks from 1 local app queues
LOCAL 2024-02-11 16:33:21 INFO  ManagerTask:71 - Sent tasks for reviewId R3DHV2T9Q991V7 for local app 8483c4bb1db1e26d for inputIndex 0
LOCAL 2024-02-11 16:33:21 INFO  ManagerTask:72 - Sent total tasks 10 to workers for local app 8483c4bb1db1e26d for inputIndex 0
LOCAL 2024-02-11 16:33:21 INFO  SQSHandler:77 - Polling messages from https://sqs.us-east-1.amazonaws.com/767398090493/localToManagerQueue-8483c4bb1db1e26d
LOCAL 2024-02-11 16:33:21 INFO  SQSHandler:73 - Sent message to https://sqs.us-east-1.amazonaws.com/767398090493/managerToWorkerQueue
LOCAL 2024-02-11 16:33:22 INFO  SQSHandler:73 - Sent message to https://sqs.us-east-1.amazonaws.com/767398090493/managerToWorkerQueue
LOCAL 2024-02-11 16:33:22 INFO  ManagerTask:71 - Sent tasks for reviewId R14D3WP6J91DCU for local app 8483c4bb1db1e26d for inputIndex 0
LOCAL 2024-02-11 16:33:22 INFO  ManagerTask:72 - Sent total tasks 12 to workers for local app 8483c4bb1db1e26d for inputIndex 0
LOCAL 2024-02-11 16:33:22 INFO  SQSHandler:73 - Sent message to https://sqs.us-east-1.amazonaws.com/767398090493/managerToWorkerQueue
LOCAL 2024-02-11 16:33:22 INFO  SQSHandler:73 - Sent message to https://sqs.us-east-1.amazonaws.com/767398090493/managerToWorkerQueue
LOCAL 2024-02-11 16:33:22 INFO  ManagerTask:71 - Sent tasks for reviewId R3P2KOXRF7Z400 for local app 8483c4bb1db1e26d for inputIndex 0
LOCAL 2024-02-11 16:33:22 INFO  ManagerTask:72 - Sent total tasks 14 to workers for local app 8483c4bb1db1e26d for inputIndex 0
LOCAL 2024-02-11 16:33:22 INFO  SQSHandler:73 - Sent message to https://sqs.us-east-1.amazonaws.com/767398090493/managerToWorkerQueue
LOCAL 2024-02-11 16:33:22 INFO  SQSHandler:73 - Sent message to https://sqs.us-east-1.amazonaws.com/767398090493/managerToWorkerQueue
LOCAL 2024-02-11 16:33:22 INFO  ManagerTask:71 - Sent tasks for reviewId R1IKZK5S0DCKZ0 for local app 8483c4bb1db1e26d for inputIndex 0
LOCAL 2024-02-11 16:33:22 INFO  ManagerTask:72 - Sent total tasks 16 to workers for local app 8483c4bb1db1e26d for inputIndex 0
LOCAL 2024-02-11 16:33:22 INFO  SQSHandler:73 - Sent message to https://sqs.us-east-1.amazonaws.com/767398090493/managerToWorkerQueue
LOCAL 2024-02-11 16:33:22 INFO  SQSHandler:73 - Sent message to https://sqs.us-east-1.amazonaws.com/767398090493/managerToWorkerQueue
LOCAL 2024-02-11 16:33:22 INFO  ManagerTask:71 - Sent tasks for reviewId RGMH5ROASTBS8 for local app 8483c4bb1db1e26d for inputIndex 0
LOCAL 2024-02-11 16:33:22 INFO  ManagerTask:72 - Sent total tasks 18 to workers for local app 8483c4bb1db1e26d for inputIndex 0
LOCAL 2024-02-11 16:33:23 INFO  SQSHandler:73 - Sent message to https://sqs.us-east-1.amazonaws.com/767398090493/managerToWorkerQueue
LOCAL 2024-02-11 16:33:23 INFO  SQSHandler:73 - Sent message to https://sqs.us-east-1.amazonaws.com/767398090493/managerToWorkerQueue
LOCAL 2024-02-11 16:33:23 INFO  ManagerTask:71 - Sent tasks for reviewId R1RUXYHCSZSHJ0 for local app 8483c4bb1db1e26d for inputIndex 0
LOCAL 2024-02-11 16:33:23 INFO  ManagerTask:72 - Sent total tasks 20 to workers for local app 8483c4bb1db1e26d for inputIndex 0
LOCAL 2024-02-11 16:33:23 INFO  SQSHandler:73 - Sent message to https://sqs.us-east-1.amazonaws.com/767398090493/managerToWorkerQueue
LOCAL 2024-02-11 16:33:23 INFO  SQSHandler:73 - Sent message to https://sqs.us-east-1.amazonaws.com/767398090493/managerToWorkerQueue
LOCAL 2024-02-11 16:33:23 INFO  ManagerTask:71 - Sent tasks for reviewId R3R9QKZ61DMKGF for local app 8483c4bb1db1e26d for inputIndex 0
LOCAL 2024-02-11 16:33:23 INFO  ManagerTask:72 - Sent total tasks 22 to workers for local app 8483c4bb1db1e26d for inputIndex 0
LOCAL 2024-02-11 16:33:23 INFO  SQSHandler:73 - Sent message to https://sqs.us-east-1.amazonaws.com/767398090493/managerToWorkerQueue
LOCAL 2024-02-11 16:33:23 INFO  SQSHandler:73 - Sent message to https://sqs.us-east-1.amazonaws.com/767398090493/managerToWorkerQueue
LOCAL 2024-02-11 16:33:23 INFO  ManagerTask:71 - Sent tasks for reviewId R367OTNJ8I36FS for local app 8483c4bb1db1e26d for inputIndex 0
LOCAL 2024-02-11 16:33:23 INFO  ManagerTask:72 - Sent total tasks 24 to workers for local app 8483c4bb1db1e26d for inputIndex 0
LOCAL 2024-02-11 16:33:24 INFO  SQSHandler:73 - Sent message to https://sqs.us-east-1.amazonaws.com/767398090493/managerToWorkerQueue
LOCAL 2024-02-11 16:33:24 INFO  SQSHandler:73 - Sent message to https://sqs.us-east-1.amazonaws.com/767398090493/managerToWorkerQueue
LOCAL 2024-02-11 16:33:24 INFO  ManagerTask:71 - Sent tasks for reviewId R3GCFAIUL8BI3Y for local app 8483c4bb1db1e26d for inputIndex 0
LOCAL 2024-02-11 16:33:24 INFO  ManagerTask:72 - Sent total tasks 26 to workers for local app 8483c4bb1db1e26d for inputIndex 0
LOCAL 2024-02-11 16:33:24 INFO  SQSHandler:73 - Sent message to https://sqs.us-east-1.amazonaws.com/767398090493/managerToWorkerQueue
LOCAL 2024-02-11 16:33:24 INFO  SQSHandler:73 - Sent message to https://sqs.us-east-1.amazonaws.com/767398090493/managerToWorkerQueue
LOCAL 2024-02-11 16:33:24 INFO  ManagerTask:71 - Sent tasks for reviewId R33SW6AMDKTSB8 for local app 8483c4bb1db1e26d for inputIndex 0
LOCAL 2024-02-11 16:33:24 INFO  ManagerTask:72 - Sent total tasks 28 to workers for local app 8483c4bb1db1e26d for inputIndex 0
LOCAL 2024-02-11 16:33:24 INFO  SQSHandler:73 - Sent message to https://sqs.us-east-1.amazonaws.com/767398090493/managerToWorkerQueue
LOCAL 2024-02-11 16:33:24 INFO  SQSHandler:73 - Sent message to https://sqs.us-east-1.amazonaws.com/767398090493/managerToWorkerQueue
LOCAL 2024-02-11 16:33:24 INFO  ManagerTask:71 - Sent tasks for reviewId RW6ORU2M3C461 for local app 8483c4bb1db1e26d for inputIndex 0
LOCAL 2024-02-11 16:33:24 INFO  ManagerTask:72 - Sent total tasks 30 to workers for local app 8483c4bb1db1e26d for inputIndex 0
LOCAL 2024-02-11 16:33:24 INFO  SQSHandler:73 - Sent message to https://sqs.us-east-1.amazonaws.com/767398090493/managerToWorkerQueue
LOCAL 2024-02-11 16:33:25 INFO  SQSHandler:73 - Sent message to https://sqs.us-east-1.amazonaws.com/767398090493/managerToWorkerQueue
LOCAL 2024-02-11 16:33:25 INFO  ManagerTask:71 - Sent tasks for reviewId R1L8O7RM8DD6J3 for local app 8483c4bb1db1e26d for inputIndex 0
LOCAL 2024-02-11 16:33:25 INFO  ManagerTask:72 - Sent total tasks 32 to workers for local app 8483c4bb1db1e26d for inputIndex 0
LOCAL 2024-02-11 16:33:25 INFO  SQSHandler:73 - Sent message to https://sqs.us-east-1.amazonaws.com/767398090493/managerToWorkerQueue
LOCAL 2024-02-11 16:33:25 INFO  SQSHandler:73 - Sent message to https://sqs.us-east-1.amazonaws.com/767398090493/managerToWorkerQueue
LOCAL 2024-02-11 16:33:25 INFO  ManagerTask:71 - Sent tasks for reviewId R3V239ZPPF0XY3 for local app 8483c4bb1db1e26d for inputIndex 0
LOCAL 2024-02-11 16:33:25 INFO  ManagerTask:72 - Sent total tasks 34 to workers for local app 8483c4bb1db1e26d for inputIndex 0
LOCAL 2024-02-11 16:33:25 INFO  Manager:61 - Polling tasks from 1 local app queues
LOCAL 2024-02-11 16:33:25 INFO  SQSHandler:77 - Polling messages from https://sqs.us-east-1.amazonaws.com/767398090493/localToManagerQueue-8483c4bb1db1e26d
LOCAL 2024-02-11 16:33:25 INFO  SQSHandler:73 - Sent message to https://sqs.us-east-1.amazonaws.com/767398090493/managerToWorkerQueue
LOCAL 2024-02-11 16:33:25 INFO  SQSHandler:73 - Sent message to https://sqs.us-east-1.amazonaws.com/767398090493/managerToWorkerQueue
LOCAL 2024-02-11 16:33:25 INFO  ManagerTask:71 - Sent tasks for reviewId R3MRIY8FUDOYHU for local app 8483c4bb1db1e26d for inputIndex 0
LOCAL 2024-02-11 16:33:25 INFO  ManagerTask:72 - Sent total tasks 36 to workers for local app 8483c4bb1db1e26d for inputIndex 0
LOCAL 2024-02-11 16:33:25 INFO  SQSHandler:73 - Sent message to https://sqs.us-east-1.amazonaws.com/767398090493/managerToWorkerQueue
LOCAL 2024-02-11 16:33:25 INFO  SQSHandler:73 - Sent message to https://sqs.us-east-1.amazonaws.com/767398090493/managerToWorkerQueue
LOCAL 2024-02-11 16:33:25 INFO  ManagerTask:71 - Sent tasks for reviewId RB9QK3F6SUQPU for local app 8483c4bb1db1e26d for inputIndex 0
LOCAL 2024-02-11 16:33:25 INFO  ManagerTask:72 - Sent total tasks 38 to workers for local app 8483c4bb1db1e26d for inputIndex 0
LOCAL 2024-02-11 16:33:26 INFO  SQSHandler:73 - Sent message to https://sqs.us-east-1.amazonaws.com/767398090493/managerToWorkerQueue
LOCAL 2024-02-11 16:33:26 INFO  SQSHandler:73 - Sent message to https://sqs.us-east-1.amazonaws.com/767398090493/managerToWorkerQueue
LOCAL 2024-02-11 16:33:26 INFO  ManagerTask:71 - Sent tasks for reviewId R366N97DLUODS7 for local app 8483c4bb1db1e26d for inputIndex 0
LOCAL 2024-02-11 16:33:26 INFO  ManagerTask:72 - Sent total tasks 40 to workers for local app 8483c4bb1db1e26d for inputIndex 0
LOCAL 2024-02-11 16:33:26 INFO  ManagerTask:41 - Sent tasks to workers for local app 8483c4bb1db1e26d for inputIndex 0
LOCAL 2024-02-11 16:33:26 INFO  ManagerTask:77 - Receiving responses from workers for local app 8483c4bb1db1e26d for inputIndex 0
LOCAL 2024-02-11 16:33:26 INFO  SQSHandler:77 - Polling messages from https://sqs.us-east-1.amazonaws.com/767398090493/workerToManagerQueue
LOCAL 2024-02-11 16:33:26 INFO  ManagerTask:93 - Received response for reviewId RSO743RDYVWTZ for inputIndex 0 for taskType sentimentAnalysis with taskResult 2
LOCAL 2024-02-11 16:33:26 INFO  SQSHandler:95 - Deleted message from https://sqs.us-east-1.amazonaws.com/767398090493/workerToManagerQueue
LOCAL 2024-02-11 16:33:26 INFO  ManagerTask:123 - Completed tasks 1 out of 40 for local app 8483c4bb1db1e26d for inputIndex 0
LOCAL 2024-02-11 16:33:26 INFO  ManagerTask:93 - Received response for reviewId R3DHV2T9Q991V7 for inputIndex 0 for taskType entityRecognition with taskResult 
LOCAL 2024-02-11 16:33:26 INFO  SQSHandler:95 - Deleted message from https://sqs.us-east-1.amazonaws.com/767398090493/workerToManagerQueue
LOCAL 2024-02-11 16:33:26 INFO  ManagerTask:123 - Completed tasks 2 out of 40 for local app 8483c4bb1db1e26d for inputIndex 0
LOCAL 2024-02-11 16:33:26 INFO  SQSHandler:77 - Polling messages from https://sqs.us-east-1.amazonaws.com/767398090493/workerToManagerQueue
LOCAL 2024-02-11 16:33:27 INFO  ManagerTask:93 - Received response for reviewId R3DHV2T9Q991V7 for inputIndex 0 for taskType sentimentAnalysis with taskResult 4
LOCAL 2024-02-11 16:33:27 INFO  ManagerTask:117 - Updated summary message for reviewId R3DHV2T9Q991V7 for inputIndex 0 with sentiment 4 and entities 
LOCAL 2024-02-11 16:33:27 INFO  SQSHandler:95 - Deleted message from https://sqs.us-east-1.amazonaws.com/767398090493/workerToManagerQueue
LOCAL 2024-02-11 16:33:27 INFO  ManagerTask:123 - Completed tasks 3 out of 40 for local app 8483c4bb1db1e26d for inputIndex 0
LOCAL 2024-02-11 16:33:27 INFO  ManagerTask:93 - Received response for reviewId R1L8O7RM8DD6J3 for inputIndex 0 for taskType entityRecognition with taskResult 
LOCAL 2024-02-11 16:33:27 INFO  SQSHandler:95 - Deleted message from https://sqs.us-east-1.amazonaws.com/767398090493/workerToManagerQueue
LOCAL 2024-02-11 16:33:27 INFO  ManagerTask:123 - Completed tasks 4 out of 40 for local app 8483c4bb1db1e26d for inputIndex 0
LOCAL 2024-02-11 16:33:27 INFO  ManagerTask:93 - Received response for reviewId RJ62XWHGDIF7 for inputIndex 0 for taskType entityRecognition with taskResult 
LOCAL 2024-02-11 16:33:27 INFO  SQSHandler:95 - Deleted message from https://sqs.us-east-1.amazonaws.com/767398090493/workerToManagerQueue
LOCAL 2024-02-11 16:33:27 INFO  ManagerTask:123 - Completed tasks 5 out of 40 for local app 8483c4bb1db1e26d for inputIndex 0
LOCAL 2024-02-11 16:33:27 INFO  ManagerTask:93 - Received response for reviewId R14D3WP6J91DCU for inputIndex 0 for taskType entityRecognition with taskResult 
LOCAL 2024-02-11 16:33:27 INFO  SQSHandler:95 - Deleted message from https://sqs.us-east-1.amazonaws.com/767398090493/workerToManagerQueue
LOCAL 2024-02-11 16:33:27 INFO  ManagerTask:123 - Completed tasks 6 out of 40 for local app 8483c4bb1db1e26d for inputIndex 0
LOCAL 2024-02-11 16:33:27 INFO  SQSHandler:77 - Polling messages from https://sqs.us-east-1.amazonaws.com/767398090493/workerToManagerQueue
LOCAL 2024-02-11 16:33:27 INFO  ManagerTask:93 - Received response for reviewId R3P2KOXRF7Z400 for inputIndex 0 for taskType sentimentAnalysis with taskResult 3
LOCAL 2024-02-11 16:33:28 INFO  SQSHandler:95 - Deleted message from https://sqs.us-east-1.amazonaws.com/767398090493/workerToManagerQueue
LOCAL 2024-02-11 16:33:28 INFO  ManagerTask:123 - Completed tasks 7 out of 40 for local app 8483c4bb1db1e26d for inputIndex 0
LOCAL 2024-02-11 16:33:28 INFO  ManagerTask:93 - Received response for reviewId RW6ORU2M3C461 for inputIndex 0 for taskType sentimentAnalysis with taskResult 3
LOCAL 2024-02-11 16:33:28 INFO  SQSHandler:95 - Deleted message from https://sqs.us-east-1.amazonaws.com/767398090493/workerToManagerQueue
LOCAL 2024-02-11 16:33:28 INFO  ManagerTask:123 - Completed tasks 8 out of 40 for local app 8483c4bb1db1e26d for inputIndex 0
LOCAL 2024-02-11 16:33:28 INFO  SQSHandler:77 - Polling messages from https://sqs.us-east-1.amazonaws.com/767398090493/workerToManagerQueue
LOCAL 2024-02-11 16:33:28 INFO  ManagerTask:93 - Received response for reviewId R1IKZK5S0DCKZ0 for inputIndex 0 for taskType sentimentAnalysis with taskResult 3
LOCAL 2024-02-11 16:33:28 INFO  SQSHandler:95 - Deleted message from https://sqs.us-east-1.amazonaws.com/767398090493/workerToManagerQueue
LOCAL 2024-02-11 16:33:28 INFO  ManagerTask:123 - Completed tasks 9 out of 40 for local app 8483c4bb1db1e26d for inputIndex 0
LOCAL 2024-02-11 16:33:28 INFO  ManagerTask:93 - Received response for reviewId R3R9QKZ61DMKGF for inputIndex 0 for taskType entityRecognition with taskResult 
LOCAL 2024-02-11 16:33:28 INFO  SQSHandler:95 - Deleted message from https://sqs.us-east-1.amazonaws.com/767398090493/workerToManagerQueue
LOCAL 2024-02-11 16:33:28 INFO  ManagerTask:123 - Completed tasks 10 out of 40 for local app 8483c4bb1db1e26d for inputIndex 0
LOCAL 2024-02-11 16:33:28 INFO  SQSHandler:77 - Polling messages from https://sqs.us-east-1.amazonaws.com/767398090493/workerToManagerQueue
LOCAL 2024-02-11 16:33:28 INFO  ManagerTask:93 - Received response for reviewId R33DK4T6EHUIHX for inputIndex 0 for taskType sentimentAnalysis with taskResult 1
LOCAL 2024-02-11 16:33:29 INFO  SQSHandler:95 - Deleted message from https://sqs.us-east-1.amazonaws.com/767398090493/workerToManagerQueue
LOCAL 2024-02-11 16:33:29 INFO  ManagerTask:123 - Completed tasks 11 out of 40 for local app 8483c4bb1db1e26d for inputIndex 0
LOCAL 2024-02-11 16:33:29 INFO  SQSHandler:77 - Polling messages from https://sqs.us-east-1.amazonaws.com/767398090493/workerToManagerQueue
LOCAL 2024-02-11 16:33:29 INFO  Manager:61 - Polling tasks from 1 local app queues
LOCAL 2024-02-11 16:33:29 INFO  SQSHandler:77 - Polling messages from https://sqs.us-east-1.amazonaws.com/767398090493/localToManagerQueue-8483c4bb1db1e26d
LOCAL 2024-02-11 16:33:29 INFO  ManagerTask:93 - Received response for reviewId RJ62XWHGDIF7 for inputIndex 0 for taskType sentimentAnalysis with taskResult 2
LOCAL 2024-02-11 16:33:29 INFO  ManagerTask:117 - Updated summary message for reviewId RJ62XWHGDIF7 for inputIndex 0 with sentiment 2 and entities 
LOCAL 2024-02-11 16:33:29 INFO  SQSHandler:95 - Deleted message from https://sqs.us-east-1.amazonaws.com/767398090493/workerToManagerQueue
LOCAL 2024-02-11 16:33:29 INFO  ManagerTask:123 - Completed tasks 12 out of 40 for local app 8483c4bb1db1e26d for inputIndex 0
LOCAL 2024-02-11 16:33:29 INFO  ManagerTask:93 - Received response for reviewId R33SW6AMDKTSB8 for inputIndex 0 for taskType entityRecognition with taskResult 
LOCAL 2024-02-11 16:33:29 INFO  SQSHandler:95 - Deleted message from https://sqs.us-east-1.amazonaws.com/767398090493/workerToManagerQueue
LOCAL 2024-02-11 16:33:29 INFO  ManagerTask:123 - Completed tasks 13 out of 40 for local app 8483c4bb1db1e26d for inputIndex 0
LOCAL 2024-02-11 16:33:29 INFO  ManagerTask:93 - Received response for reviewId R1L8O7RM8DD6J3 for inputIndex 0 for taskType sentimentAnalysis with taskResult 1
LOCAL 2024-02-11 16:33:29 INFO  ManagerTask:117 - Updated summary message for reviewId R1L8O7RM8DD6J3 for inputIndex 0 with sentiment 1 and entities 
LOCAL 2024-02-11 16:33:29 INFO  SQSHandler:95 - Deleted message from https://sqs.us-east-1.amazonaws.com/767398090493/workerToManagerQueue
LOCAL 2024-02-11 16:33:29 INFO  ManagerTask:123 - Completed tasks 14 out of 40 for local app 8483c4bb1db1e26d for inputIndex 0
LOCAL 2024-02-11 16:33:29 INFO  SQSHandler:77 - Polling messages from https://sqs.us-east-1.amazonaws.com/767398090493/workerToManagerQueue
LOCAL 2024-02-11 16:33:29 INFO  ManagerTask:93 - Received response for reviewId R3V239ZPPF0XY3 for inputIndex 0 for taskType sentimentAnalysis with taskResult 2
LOCAL 2024-02-11 16:33:29 INFO  SQSHandler:95 - Deleted message from https://sqs.us-east-1.amazonaws.com/767398090493/workerToManagerQueue
LOCAL 2024-02-11 16:33:29 INFO  ManagerTask:123 - Completed tasks 15 out of 40 for local app 8483c4bb1db1e26d for inputIndex 0
LOCAL 2024-02-11 16:33:29 INFO  ManagerTask:93 - Received response for reviewId R3V239ZPPF0XY3 for inputIndex 0 for taskType entityRecognition with taskResult 
LOCAL 2024-02-11 16:33:29 INFO  ManagerTask:117 - Updated summary message for reviewId R3V239ZPPF0XY3 for inputIndex 0 with sentiment 2 and entities 
LOCAL 2024-02-11 16:33:30 INFO  SQSHandler:95 - Deleted message from https://sqs.us-east-1.amazonaws.com/767398090493/workerToManagerQueue
LOCAL 2024-02-11 16:33:30 INFO  ManagerTask:123 - Completed tasks 16 out of 40 for local app 8483c4bb1db1e26d for inputIndex 0
LOCAL 2024-02-11 16:33:30 INFO  SQSHandler:77 - Polling messages from https://sqs.us-east-1.amazonaws.com/767398090493/workerToManagerQueue
LOCAL 2024-02-11 16:33:30 INFO  ManagerTask:93 - Received response for reviewId R3GCFAIUL8BI3Y for inputIndex 0 for taskType entityRecognition with taskResult 
LOCAL 2024-02-11 16:33:30 INFO  SQSHandler:95 - Deleted message from https://sqs.us-east-1.amazonaws.com/767398090493/workerToManagerQueue
LOCAL 2024-02-11 16:33:30 INFO  ManagerTask:123 - Completed tasks 17 out of 40 for local app 8483c4bb1db1e26d for inputIndex 0
LOCAL 2024-02-11 16:33:30 INFO  SQSHandler:77 - Polling messages from https://sqs.us-east-1.amazonaws.com/767398090493/workerToManagerQueue
LOCAL 2024-02-11 16:33:30 INFO  ManagerTask:93 - Received response for reviewId R33DK4T6EHUIHX for inputIndex 0 for taskType entityRecognition with taskResult 
LOCAL 2024-02-11 16:33:30 INFO  ManagerTask:117 - Updated summary message for reviewId R33DK4T6EHUIHX for inputIndex 0 with sentiment 1 and entities 
LOCAL 2024-02-11 16:33:30 INFO  SQSHandler:95 - Deleted message from https://sqs.us-east-1.amazonaws.com/767398090493/workerToManagerQueue
LOCAL 2024-02-11 16:33:30 INFO  ManagerTask:123 - Completed tasks 18 out of 40 for local app 8483c4bb1db1e26d for inputIndex 0
LOCAL 2024-02-11 16:33:30 INFO  SQSHandler:77 - Polling messages from https://sqs.us-east-1.amazonaws.com/767398090493/workerToManagerQueue
LOCAL 2024-02-11 16:33:30 INFO  ManagerTask:93 - Received response for reviewId RW6ORU2M3C461 for inputIndex 0 for taskType entityRecognition with taskResult 
LOCAL 2024-02-11 16:33:30 INFO  ManagerTask:117 - Updated summary message for reviewId RW6ORU2M3C461 for inputIndex 0 with sentiment 3 and entities 
LOCAL 2024-02-11 16:33:31 INFO  SQSHandler:95 - Deleted message from https://sqs.us-east-1.amazonaws.com/767398090493/workerToManagerQueue
LOCAL 2024-02-11 16:33:31 INFO  ManagerTask:123 - Completed tasks 19 out of 40 for local app 8483c4bb1db1e26d for inputIndex 0
LOCAL 2024-02-11 16:33:31 INFO  SQSHandler:77 - Polling messages from https://sqs.us-east-1.amazonaws.com/767398090493/workerToManagerQueue
LOCAL 2024-02-11 16:33:31 INFO  ManagerTask:93 - Received response for reviewId RB9QK3F6SUQPU for inputIndex 0 for taskType sentimentAnalysis with taskResult 4
LOCAL 2024-02-11 16:33:31 INFO  SQSHandler:95 - Deleted message from https://sqs.us-east-1.amazonaws.com/767398090493/workerToManagerQueue
LOCAL 2024-02-11 16:33:31 INFO  ManagerTask:123 - Completed tasks 20 out of 40 for local app 8483c4bb1db1e26d for inputIndex 0
LOCAL 2024-02-11 16:33:31 INFO  SQSHandler:77 - Polling messages from https://sqs.us-east-1.amazonaws.com/767398090493/workerToManagerQueue
LOCAL 2024-02-11 16:33:31 INFO  ManagerTask:93 - Received response for reviewId RB9QK3F6SUQPU for inputIndex 0 for taskType entityRecognition with taskResult 
LOCAL 2024-02-11 16:33:31 INFO  ManagerTask:117 - Updated summary message for reviewId RB9QK3F6SUQPU for inputIndex 0 with sentiment 4 and entities 
LOCAL 2024-02-11 16:33:31 INFO  SQSHandler:95 - Deleted message from https://sqs.us-east-1.amazonaws.com/767398090493/workerToManagerQueue
LOCAL 2024-02-11 16:33:31 INFO  ManagerTask:123 - Completed tasks 21 out of 40 for local app 8483c4bb1db1e26d for inputIndex 0
LOCAL 2024-02-11 16:33:31 INFO  SQSHandler:77 - Polling messages from https://sqs.us-east-1.amazonaws.com/767398090493/workerToManagerQueue
LOCAL 2024-02-11 16:33:32 INFO  ManagerTask:93 - Received response for reviewId R367OTNJ8I36FS for inputIndex 0 for taskType sentimentAnalysis with taskResult 3
LOCAL 2024-02-11 16:33:32 INFO  SQSHandler:95 - Deleted message from https://sqs.us-east-1.amazonaws.com/767398090493/workerToManagerQueue
LOCAL 2024-02-11 16:33:32 INFO  ManagerTask:123 - Completed tasks 22 out of 40 for local app 8483c4bb1db1e26d for inputIndex 0
LOCAL 2024-02-11 16:33:32 INFO  SQSHandler:77 - Polling messages from https://sqs.us-east-1.amazonaws.com/767398090493/workerToManagerQueue
LOCAL 2024-02-11 16:33:32 INFO  ManagerTask:93 - Received response for reviewId R366N97DLUODS7 for inputIndex 0 for taskType sentimentAnalysis with taskResult 2
LOCAL 2024-02-11 16:33:32 INFO  SQSHandler:95 - Deleted message from https://sqs.us-east-1.amazonaws.com/767398090493/workerToManagerQueue
LOCAL 2024-02-11 16:33:32 INFO  ManagerTask:123 - Completed tasks 23 out of 40 for local app 8483c4bb1db1e26d for inputIndex 0
LOCAL 2024-02-11 16:33:32 INFO  SQSHandler:77 - Polling messages from https://sqs.us-east-1.amazonaws.com/767398090493/workerToManagerQueue
LOCAL 2024-02-11 16:33:32 INFO  Manager:61 - Polling tasks from 1 local app queues
LOCAL 2024-02-11 16:33:32 INFO  SQSHandler:77 - Polling messages from https://sqs.us-east-1.amazonaws.com/767398090493/localToManagerQueue-8483c4bb1db1e26d
LOCAL 2024-02-11 16:33:32 INFO  ManagerTask:93 - Received response for reviewId R366N97DLUODS7 for inputIndex 0 for taskType entityRecognition with taskResult 
LOCAL 2024-02-11 16:33:32 INFO  ManagerTask:117 - Updated summary message for reviewId R366N97DLUODS7 for inputIndex 0 with sentiment 2 and entities 
LOCAL 2024-02-11 16:33:33 INFO  SQSHandler:95 - Deleted message from https://sqs.us-east-1.amazonaws.com/767398090493/workerToManagerQueue
LOCAL 2024-02-11 16:33:33 INFO  ManagerTask:123 - Completed tasks 24 out of 40 for local app 8483c4bb1db1e26d for inputIndex 0
LOCAL 2024-02-11 16:33:33 INFO  SQSHandler:77 - Polling messages from https://sqs.us-east-1.amazonaws.com/767398090493/workerToManagerQueue
LOCAL 2024-02-11 16:33:34 INFO  ManagerTask:93 - Received response for reviewId R3MRIY8FUDOYHU for inputIndex 0 for taskType sentimentAnalysis with taskResult 2
LOCAL 2024-02-11 16:33:34 INFO  SQSHandler:95 - Deleted message from https://sqs.us-east-1.amazonaws.com/767398090493/workerToManagerQueue
LOCAL 2024-02-11 16:33:34 INFO  ManagerTask:123 - Completed tasks 25 out of 40 for local app 8483c4bb1db1e26d for inputIndex 0
LOCAL 2024-02-11 16:33:34 INFO  SQSHandler:77 - Polling messages from https://sqs.us-east-1.amazonaws.com/767398090493/workerToManagerQueue
LOCAL 2024-02-11 16:33:35 INFO  ManagerTask:93 - Received response for reviewId RSO743RDYVWTZ for inputIndex 0 for taskType entityRecognition with taskResult 
LOCAL 2024-02-11 16:33:35 INFO  ManagerTask:117 - Updated summary message for reviewId RSO743RDYVWTZ for inputIndex 0 with sentiment 2 and entities 
LOCAL 2024-02-11 16:33:35 INFO  SQSHandler:95 - Deleted message from https://sqs.us-east-1.amazonaws.com/767398090493/workerToManagerQueue
LOCAL 2024-02-11 16:33:35 INFO  ManagerTask:123 - Completed tasks 26 out of 40 for local app 8483c4bb1db1e26d for inputIndex 0
LOCAL 2024-02-11 16:33:35 INFO  SQSHandler:77 - Polling messages from https://sqs.us-east-1.amazonaws.com/767398090493/workerToManagerQueue
LOCAL 2024-02-11 16:33:35 INFO  ManagerTask:93 - Received response for reviewId R8OWCLDI0GGL0 for inputIndex 0 for taskType sentimentAnalysis with taskResult 4
LOCAL 2024-02-11 16:33:35 INFO  SQSHandler:95 - Deleted message from https://sqs.us-east-1.amazonaws.com/767398090493/workerToManagerQueue
LOCAL 2024-02-11 16:33:35 INFO  ManagerTask:123 - Completed tasks 27 out of 40 for local app 8483c4bb1db1e26d for inputIndex 0
LOCAL 2024-02-11 16:33:35 INFO  SQSHandler:77 - Polling messages from https://sqs.us-east-1.amazonaws.com/767398090493/workerToManagerQueue
LOCAL 2024-02-11 16:33:35 INFO  ManagerTask:93 - Received response for reviewId R8OWCLDI0GGL0 for inputIndex 0 for taskType entityRecognition with taskResult Karen: PERSON, Katz: PERSON
LOCAL 2024-02-11 16:33:35 INFO  ManagerTask:117 - Updated summary message for reviewId R8OWCLDI0GGL0 for inputIndex 0 with sentiment 4 and entities Karen: PERSON, Katz: PERSON
LOCAL 2024-02-11 16:33:35 INFO  SQSHandler:95 - Deleted message from https://sqs.us-east-1.amazonaws.com/767398090493/workerToManagerQueue
LOCAL 2024-02-11 16:33:35 INFO  ManagerTask:123 - Completed tasks 28 out of 40 for local app 8483c4bb1db1e26d for inputIndex 0
LOCAL 2024-02-11 16:33:35 INFO  SQSHandler:77 - Polling messages from https://sqs.us-east-1.amazonaws.com/767398090493/workerToManagerQueue
LOCAL 2024-02-11 16:33:36 INFO  Manager:61 - Polling tasks from 1 local app queues
LOCAL 2024-02-11 16:33:36 INFO  SQSHandler:77 - Polling messages from https://sqs.us-east-1.amazonaws.com/767398090493/localToManagerQueue-8483c4bb1db1e26d
LOCAL 2024-02-11 16:33:36 INFO  ManagerTask:93 - Received response for reviewId R14D3WP6J91DCU for inputIndex 0 for taskType sentimentAnalysis with taskResult 3
LOCAL 2024-02-11 16:33:36 INFO  ManagerTask:117 - Updated summary message for reviewId R14D3WP6J91DCU for inputIndex 0 with sentiment 3 and entities 
LOCAL 2024-02-11 16:33:36 INFO  SQSHandler:95 - Deleted message from https://sqs.us-east-1.amazonaws.com/767398090493/workerToManagerQueue
LOCAL 2024-02-11 16:33:36 INFO  ManagerTask:123 - Completed tasks 29 out of 40 for local app 8483c4bb1db1e26d for inputIndex 0
LOCAL 2024-02-11 16:33:36 INFO  SQSHandler:77 - Polling messages from https://sqs.us-east-1.amazonaws.com/767398090493/workerToManagerQueue
LOCAL 2024-02-11 16:33:36 INFO  ManagerTask:93 - Received response for reviewId R1IKZK5S0DCKZ0 for inputIndex 0 for taskType entityRecognition with taskResult Karen: PERSON, Katz: PERSON
LOCAL 2024-02-11 16:33:36 INFO  ManagerTask:117 - Updated summary message for reviewId R1IKZK5S0DCKZ0 for inputIndex 0 with sentiment 3 and entities Karen: PERSON, Katz: PERSON
LOCAL 2024-02-11 16:33:37 INFO  SQSHandler:95 - Deleted message from https://sqs.us-east-1.amazonaws.com/767398090493/workerToManagerQueue
LOCAL 2024-02-11 16:33:37 INFO  ManagerTask:123 - Completed tasks 30 out of 40 for local app 8483c4bb1db1e26d for inputIndex 0
LOCAL 2024-02-11 16:33:37 INFO  SQSHandler:77 - Polling messages from https://sqs.us-east-1.amazonaws.com/767398090493/workerToManagerQueue
LOCAL 2024-02-11 16:33:37 INFO  ManagerTask:93 - Received response for reviewId RGMH5ROASTBS8 for inputIndex 0 for taskType sentimentAnalysis with taskResult 3
LOCAL 2024-02-11 16:33:37 INFO  SQSHandler:95 - Deleted message from https://sqs.us-east-1.amazonaws.com/767398090493/workerToManagerQueue
LOCAL 2024-02-11 16:33:37 INFO  ManagerTask:123 - Completed tasks 31 out of 40 for local app 8483c4bb1db1e26d for inputIndex 0
LOCAL 2024-02-11 16:33:37 INFO  SQSHandler:77 - Polling messages from https://sqs.us-east-1.amazonaws.com/767398090493/workerToManagerQueue
LOCAL 2024-02-11 16:33:37 INFO  ManagerTask:93 - Received response for reviewId R1RUXYHCSZSHJ0 for inputIndex 0 for taskType sentimentAnalysis with taskResult 2
LOCAL 2024-02-11 16:33:37 INFO  SQSHandler:95 - Deleted message from https://sqs.us-east-1.amazonaws.com/767398090493/workerToManagerQueue
LOCAL 2024-02-11 16:33:37 INFO  ManagerTask:123 - Completed tasks 32 out of 40 for local app 8483c4bb1db1e26d for inputIndex 0
LOCAL 2024-02-11 16:33:37 INFO  SQSHandler:77 - Polling messages from https://sqs.us-east-1.amazonaws.com/767398090493/workerToManagerQueue
LOCAL 2024-02-11 16:33:37 INFO  ManagerTask:93 - Received response for reviewId R3GCFAIUL8BI3Y for inputIndex 0 for taskType sentimentAnalysis with taskResult 4
LOCAL 2024-02-11 16:33:37 INFO  ManagerTask:117 - Updated summary message for reviewId R3GCFAIUL8BI3Y for inputIndex 0 with sentiment 4 and entities 
LOCAL 2024-02-11 16:33:38 INFO  SQSHandler:95 - Deleted message from https://sqs.us-east-1.amazonaws.com/767398090493/workerToManagerQueue
LOCAL 2024-02-11 16:33:38 INFO  ManagerTask:123 - Completed tasks 33 out of 40 for local app 8483c4bb1db1e26d for inputIndex 0
LOCAL 2024-02-11 16:33:38 INFO  SQSHandler:77 - Polling messages from https://sqs.us-east-1.amazonaws.com/767398090493/workerToManagerQueue
LOCAL 2024-02-11 16:33:38 INFO  ManagerTask:93 - Received response for reviewId R3MRIY8FUDOYHU for inputIndex 0 for taskType entityRecognition with taskResult Katz: PERSON, Karen: PERSON, Katz: PERSON, Katz: PERSON
LOCAL 2024-02-11 16:33:38 INFO  ManagerTask:117 - Updated summary message for reviewId R3MRIY8FUDOYHU for inputIndex 0 with sentiment 2 and entities Katz: PERSON, Karen: PERSON, Katz: PERSON, Katz: PERSON
LOCAL 2024-02-11 16:33:38 INFO  SQSHandler:95 - Deleted message from https://sqs.us-east-1.amazonaws.com/767398090493/workerToManagerQueue
LOCAL 2024-02-11 16:33:38 INFO  ManagerTask:123 - Completed tasks 34 out of 40 for local app 8483c4bb1db1e26d for inputIndex 0
LOCAL 2024-02-11 16:33:38 INFO  SQSHandler:77 - Polling messages from https://sqs.us-east-1.amazonaws.com/767398090493/workerToManagerQueue
LOCAL 2024-02-11 16:33:38 INFO  ManagerTask:93 - Received response for reviewId R3P2KOXRF7Z400 for inputIndex 0 for taskType entityRecognition with taskResult 
LOCAL 2024-02-11 16:33:38 INFO  ManagerTask:117 - Updated summary message for reviewId R3P2KOXRF7Z400 for inputIndex 0 with sentiment 3 and entities 
LOCAL 2024-02-11 16:33:38 INFO  SQSHandler:95 - Deleted message from https://sqs.us-east-1.amazonaws.com/767398090493/workerToManagerQueue
LOCAL 2024-02-11 16:33:38 INFO  ManagerTask:123 - Completed tasks 35 out of 40 for local app 8483c4bb1db1e26d for inputIndex 0
LOCAL 2024-02-11 16:33:38 INFO  SQSHandler:77 - Polling messages from https://sqs.us-east-1.amazonaws.com/767398090493/workerToManagerQueue
LOCAL 2024-02-11 16:33:39 INFO  ManagerTask:93 - Received response for reviewId RGMH5ROASTBS8 for inputIndex 0 for taskType entityRecognition with taskResult 
LOCAL 2024-02-11 16:33:39 INFO  ManagerTask:117 - Updated summary message for reviewId RGMH5ROASTBS8 for inputIndex 0 with sentiment 3 and entities 
LOCAL 2024-02-11 16:33:39 INFO  SQSHandler:95 - Deleted message from https://sqs.us-east-1.amazonaws.com/767398090493/workerToManagerQueue
LOCAL 2024-02-11 16:33:39 INFO  ManagerTask:123 - Completed tasks 36 out of 40 for local app 8483c4bb1db1e26d for inputIndex 0
LOCAL 2024-02-11 16:33:39 INFO  SQSHandler:77 - Polling messages from https://sqs.us-east-1.amazonaws.com/767398090493/workerToManagerQueue
LOCAL 2024-02-11 16:33:39 INFO  Manager:61 - Polling tasks from 1 local app queues
LOCAL 2024-02-11 16:33:39 INFO  SQSHandler:77 - Polling messages from https://sqs.us-east-1.amazonaws.com/767398090493/localToManagerQueue-8483c4bb1db1e26d
LOCAL 2024-02-11 16:33:39 INFO  ManagerTask:93 - Received response for reviewId R1RUXYHCSZSHJ0 for inputIndex 0 for taskType entityRecognition with taskResult 
LOCAL 2024-02-11 16:33:39 INFO  ManagerTask:117 - Updated summary message for reviewId R1RUXYHCSZSHJ0 for inputIndex 0 with sentiment 2 and entities 
LOCAL 2024-02-11 16:33:40 INFO  SQSHandler:95 - Deleted message from https://sqs.us-east-1.amazonaws.com/767398090493/workerToManagerQueue
LOCAL 2024-02-11 16:33:40 INFO  ManagerTask:123 - Completed tasks 37 out of 40 for local app 8483c4bb1db1e26d for inputIndex 0
LOCAL 2024-02-11 16:33:40 INFO  SQSHandler:77 - Polling messages from https://sqs.us-east-1.amazonaws.com/767398090493/workerToManagerQueue
LOCAL 2024-02-11 16:33:40 INFO  ManagerTask:93 - Received response for reviewId R3R9QKZ61DMKGF for inputIndex 0 for taskType sentimentAnalysis with taskResult 3
LOCAL 2024-02-11 16:33:40 INFO  ManagerTask:117 - Updated summary message for reviewId R3R9QKZ61DMKGF for inputIndex 0 with sentiment 3 and entities 
LOCAL 2024-02-11 16:33:40 INFO  SQSHandler:95 - Deleted message from https://sqs.us-east-1.amazonaws.com/767398090493/workerToManagerQueue
LOCAL 2024-02-11 16:33:40 INFO  ManagerTask:123 - Completed tasks 38 out of 40 for local app 8483c4bb1db1e26d for inputIndex 0
LOCAL 2024-02-11 16:33:40 INFO  ManagerTask:93 - Received response for reviewId R367OTNJ8I36FS for inputIndex 0 for taskType entityRecognition with taskResult 
LOCAL 2024-02-11 16:33:40 INFO  ManagerTask:117 - Updated summary message for reviewId R367OTNJ8I36FS for inputIndex 0 with sentiment 3 and entities 
LOCAL 2024-02-11 16:33:40 INFO  Manager:69 - Received 0 requests
LOCAL 2024-02-11 16:33:40 INFO  SQSHandler:77 - Polling messages from https://sqs.us-east-1.amazonaws.com/767398090493/localToManagerQueue-8483c4bb1db1e26d
LOCAL 2024-02-11 16:33:40 INFO  SQSHandler:95 - Deleted message from https://sqs.us-east-1.amazonaws.com/767398090493/workerToManagerQueue
LOCAL 2024-02-11 16:33:40 INFO  ManagerTask:123 - Completed tasks 39 out of 40 for local app 8483c4bb1db1e26d for inputIndex 0
LOCAL 2024-02-11 16:33:40 INFO  SQSHandler:77 - Polling messages from https://sqs.us-east-1.amazonaws.com/767398090493/workerToManagerQueue
LOCAL 2024-02-11 16:33:40 INFO  ManagerTask:93 - Received response for reviewId R33SW6AMDKTSB8 for inputIndex 0 for taskType sentimentAnalysis with taskResult 3
LOCAL 2024-02-11 16:33:40 INFO  ManagerTask:117 - Updated summary message for reviewId R33SW6AMDKTSB8 for inputIndex 0 with sentiment 3 and entities 
LOCAL 2024-02-11 16:33:40 INFO  SQSHandler:95 - Deleted message from https://sqs.us-east-1.amazonaws.com/767398090493/workerToManagerQueue
LOCAL 2024-02-11 16:33:40 INFO  ManagerTask:123 - Completed tasks 40 out of 40 for local app 8483c4bb1db1e26d for inputIndex 0
LOCAL 2024-02-11 16:33:40 INFO  ManagerTask:45 - Received all responses from workers for local app 8483c4bb1db1e26d for inputIndex 0
LOCAL 2024-02-11 16:33:41 INFO  Manager:69 - Received 0 requests
LOCAL 2024-02-11 16:33:41 INFO  SQSHandler:77 - Polling messages from https://sqs.us-east-1.amazonaws.com/767398090493/localToManagerQueue-8483c4bb1db1e26d
LOCAL 2024-02-11 16:33:42 INFO  S3Handler:52 - Content uploaded to S3 bucket sarcasm-analysis-bucket-8483c4bb1db1e26d with key 8483c4bb1db1e26d-summary-0
LOCAL 2024-02-11 16:33:42 INFO  SQSHandler:73 - Sent message to https://sqs.us-east-1.amazonaws.com/767398090493/managerToLocalQueue-8483c4bb1db1e26d
LOCAL 2024-02-11 16:33:42 INFO  ManagerTask:140 - Uploaded summary file 8483c4bb1db1e26d-summary-0 to S3 and sent response to local app 8483c4bb1db1e26d for inputIndex 0
LOCAL 2024-02-11 16:33:42 INFO  ManagerTask:49 - Finished summary for local app 8483c4bb1db1e26d for inputIndex 0
LOCAL 2024-02-11 16:33:42 INFO  ManagerTask:50 - ManagerTask finished for local app 8483c4bb1db1e26d for inputIndex 0
LOCAL 2024-02-11 16:33:42 INFO  Manager:61 - Polling tasks from 1 local app queues
LOCAL 2024-02-11 16:33:42 INFO  SQSHandler:77 - Polling messages from https://sqs.us-east-1.amazonaws.com/767398090493/localToManagerQueue-8483c4bb1db1e26d
LOCAL 2024-02-11 16:33:44 INFO  Manager:69 - Received 1 requests
LOCAL 2024-02-11 16:33:44 INFO  Manager:90 - Received request: 8483c4bb1db1e26d::terminate
LOCAL 2024-02-11 16:33:44 INFO  Manager:97 - Termination request received from local app 8483c4bb1db1e26d
LOCAL 2024-02-11 16:33:44 INFO  SQSHandler:95 - Deleted message from https://sqs.us-east-1.amazonaws.com/767398090493/localToManagerQueue-8483c4bb1db1e26d
LOCAL 2024-02-11 16:33:45 INFO  Manager:69 - Received 0 requests
LOCAL 2024-02-11 16:33:49 INFO  Manager:69 - Received 0 requests
LOCAL 2024-02-11 16:33:52 INFO  Manager:69 - Received 0 requests
LOCAL 2024-02-11 16:33:59 INFO  Manager:69 - Received 0 requests
LOCAL 2024-02-11 16:34:00 INFO  Manager:69 - Received 0 requests
LOCAL 2024-02-11 16:34:02 INFO  Manager:69 - Received 0 requests
LOCAL 2024-02-11 16:34:02 INFO  Manager:69 - Received 0 requests
LOCAL 2024-02-11 16:34:02 INFO  Manager:142 - All local app queues are removed
LOCAL 2024-02-11 16:34:02 INFO  EC2Handler:125 - Terminating all workers
LOCAL 2024-02-11 16:34:03 INFO  Manager:178 - Executor terminated
LOCAL 2024-02-11 16:34:03 INFO  SQSHandler:55 - Queue https://sqs.us-east-1.amazonaws.com/767398090493/managerToWorkerQueue deleted
LOCAL 2024-02-11 16:34:04 INFO  SQSHandler:55 - Queue https://sqs.us-east-1.amazonaws.com/767398090493/workerToManagerQueue deleted
LOCAL 2024-02-11 16:34:04 INFO  EC2Handler:141 - Terminating manager
LOCAL 2024-02-11 16:34:04 INFO  EC2Handler:117 - Terminating EC2 instance i-0f7a8a44dd8f45732
LOCAL 2024-02-11 16:34:05 INFO  Manager:46 - Manager finished
