LOCAL 2024-02-11 19:32:32 INFO  Manager:19 - Manager started
LOCAL 2024-02-11 19:32:32 INFO  Manager:23 - ManagerEnv created
LOCAL 2024-02-11 19:32:33 INFO  SQSHandler:19 - Queue managerToWorkerQueue created
LOCAL 2024-02-11 19:32:34 INFO  SQSHandler:19 - Queue workerToManagerQueue created
LOCAL 2024-02-11 19:32:34 INFO  Manager:61 - Polling tasks from 1 local app queues
LOCAL 2024-02-11 19:32:38 INFO  Manager:61 - Polling tasks from 1 local app queues
LOCAL 2024-02-11 19:32:41 INFO  Manager:61 - Polling tasks from 1 local app queues
LOCAL 2024-02-11 19:32:45 INFO  Manager:61 - Polling tasks from 1 local app queues
LOCAL 2024-02-11 19:32:49 INFO  Manager:61 - Polling tasks from 1 local app queues
LOCAL 2024-02-11 19:32:52 INFO  Manager:61 - Polling tasks from 1 local app queues
LOCAL 2024-02-11 19:32:54 INFO  Manager:69 - Received 0 requests
LOCAL 2024-02-11 19:32:56 INFO  Manager:61 - Polling tasks from 1 local app queues
LOCAL 2024-02-11 19:32:58 INFO  Manager:69 - Received 0 requests
LOCAL 2024-02-11 19:33:00 INFO  Manager:61 - Polling tasks from 1 local app queues
LOCAL 2024-02-11 19:33:01 INFO  Manager:69 - Received 0 requests
LOCAL 2024-02-11 19:33:03 INFO  Manager:61 - Polling tasks from 1 local app queues
LOCAL 2024-02-11 19:33:05 INFO  Manager:69 - Received 0 requests
LOCAL 2024-02-11 19:33:07 INFO  Manager:61 - Polling tasks from 1 local app queues
LOCAL 2024-02-11 19:33:09 INFO  Manager:69 - Received 0 requests
LOCAL 2024-02-11 19:33:11 INFO  Manager:61 - Polling tasks from 1 local app queues
LOCAL 2024-02-11 19:33:13 INFO  Manager:69 - Received 0 requests
LOCAL 2024-02-11 19:33:14 INFO  Manager:61 - Polling tasks from 1 local app queues
LOCAL 2024-02-11 19:33:14 INFO  Manager:69 - Received 0 requests
LOCAL 2024-02-11 19:33:16 INFO  Manager:69 - Received 0 requests
LOCAL 2024-02-11 19:33:17 INFO  Manager:61 - Polling tasks from 1 local app queues
LOCAL 2024-02-11 19:33:18 INFO  Manager:69 - Received 0 requests
LOCAL 2024-02-11 19:33:20 INFO  Manager:69 - Received 0 requests
LOCAL 2024-02-11 19:33:20 INFO  Manager:61 - Polling tasks from 1 local app queues
LOCAL 2024-02-11 19:33:22 INFO  Manager:69 - Received 0 requests
LOCAL 2024-02-11 19:33:23 INFO  Manager:61 - Polling tasks from 1 local app queues
LOCAL 2024-02-11 19:33:24 INFO  Manager:69 - Received 0 requests
LOCAL 2024-02-11 19:33:25 INFO  Manager:69 - Received 0 requests
LOCAL 2024-02-11 19:33:27 INFO  Manager:61 - Polling tasks from 1 local app queues
LOCAL 2024-02-11 19:33:27 INFO  Manager:69 - Received 0 requests
LOCAL 2024-02-11 19:33:29 INFO  Manager:69 - Received 0 requests
LOCAL 2024-02-11 19:33:30 INFO  Manager:61 - Polling tasks from 1 local app queues
LOCAL 2024-02-11 19:33:33 INFO  Manager:69 - Received 0 requests
LOCAL 2024-02-11 19:33:33 INFO  Manager:61 - Polling tasks from 1 local app queues
LOCAL 2024-02-11 19:33:34 INFO  Manager:69 - Received 0 requests
LOCAL 2024-02-11 19:33:36 INFO  Manager:61 - Polling tasks from 1 local app queues
LOCAL 2024-02-11 19:33:36 INFO  Manager:69 - Received 0 requests
LOCAL 2024-02-11 19:33:38 INFO  Manager:69 - Received 0 requests
LOCAL 2024-02-11 19:33:39 INFO  Manager:61 - Polling tasks from 1 local app queues
LOCAL 2024-02-11 19:33:40 INFO  Manager:69 - Received 0 requests
LOCAL 2024-02-11 19:33:42 INFO  Manager:69 - Received 0 requests
LOCAL 2024-02-11 19:33:43 INFO  Manager:61 - Polling tasks from 1 local app queues
LOCAL 2024-02-11 19:33:44 INFO  Manager:69 - Received 0 requests
LOCAL 2024-02-11 19:33:45 INFO  Manager:69 - Received 0 requests
LOCAL 2024-02-11 19:33:46 INFO  Manager:61 - Polling tasks from 1 local app queues
LOCAL 2024-02-11 19:33:47 INFO  Manager:69 - Received 0 requests
LOCAL 2024-02-11 19:33:49 INFO  Manager:61 - Polling tasks from 1 local app queues
LOCAL 2024-02-11 19:33:49 INFO  Manager:69 - Received 0 requests
LOCAL 2024-02-11 19:33:52 INFO  Manager:61 - Polling tasks from 1 local app queues
LOCAL 2024-02-11 19:33:53 INFO  Manager:69 - Received 0 requests
LOCAL 2024-02-11 19:33:55 INFO  Manager:69 - Received 0 requests
LOCAL 2024-02-11 19:33:55 INFO  Manager:61 - Polling tasks from 1 local app queues
LOCAL 2024-02-11 19:33:57 INFO  Manager:69 - Received 0 requests
LOCAL 2024-02-11 19:33:58 INFO  Manager:69 - Received 0 requests
LOCAL 2024-02-11 19:33:59 INFO  Manager:61 - Polling tasks from 1 local app queues
LOCAL 2024-02-11 19:34:00 INFO  Manager:69 - Received 0 requests
LOCAL 2024-02-11 19:34:02 INFO  Manager:61 - Polling tasks from 1 local app queues
LOCAL 2024-02-11 19:34:02 INFO  Manager:69 - Received 0 requests
LOCAL 2024-02-11 19:34:04 INFO  Manager:69 - Received 0 requests
LOCAL 2024-02-11 19:34:05 INFO  Manager:61 - Polling tasks from 2 local app queues
LOCAL 2024-02-11 19:34:06 INFO  Manager:69 - Received 0 requests
LOCAL 2024-02-11 19:34:08 INFO  Manager:69 - Received 0 requests
LOCAL 2024-02-11 19:34:09 INFO  Manager:61 - Polling tasks from 2 local app queues
LOCAL 2024-02-11 19:34:09 INFO  Manager:69 - Received 0 requests
LOCAL 2024-02-11 19:34:12 INFO  Manager:61 - Polling tasks from 2 local app queues
LOCAL 2024-02-11 19:34:13 INFO  Manager:69 - Received 0 requests
LOCAL 2024-02-11 19:34:15 INFO  Manager:69 - Received 0 requests
LOCAL 2024-02-11 19:34:15 INFO  Manager:61 - Polling tasks from 2 local app queues
LOCAL 2024-02-11 19:34:17 INFO  Manager:69 - Received 0 requests
LOCAL 2024-02-11 19:34:18 INFO  Manager:61 - Polling tasks from 2 local app queues
LOCAL 2024-02-11 19:34:19 INFO  Manager:69 - Received 0 requests
LOCAL 2024-02-11 19:34:20 INFO  Manager:69 - Received 0 requests
LOCAL 2024-02-11 19:34:21 INFO  Manager:61 - Polling tasks from 2 local app queues
LOCAL 2024-02-11 19:34:22 INFO  Manager:69 - Received 0 requests
LOCAL 2024-02-11 19:34:24 INFO  Manager:69 - Received 0 requests
LOCAL 2024-02-11 19:34:24 INFO  Manager:61 - Polling tasks from 2 local app queues
LOCAL 2024-02-11 19:34:25 INFO  Manager:69 - Received 0 requests
LOCAL 2024-02-11 19:34:26 INFO  Manager:69 - Received 0 requests
LOCAL 2024-02-11 19:34:26 INFO  Manager:69 - Received 0 requests
LOCAL 2024-02-11 19:34:26 INFO  Manager:69 - Received 0 requests
LOCAL 2024-02-11 19:34:26 INFO  Manager:69 - Received 0 requests
LOCAL 2024-02-11 19:34:26 INFO  Manager:69 - Received 0 requests
LOCAL 2024-02-11 19:34:26 INFO  Manager:69 - Received 0 requests
LOCAL 2024-02-11 19:34:26 INFO  Manager:69 - Received 0 requests
LOCAL 2024-02-11 19:34:26 INFO  Manager:69 - Received 0 requests
LOCAL 2024-02-11 19:34:26 INFO  Manager:69 - Received 0 requests
LOCAL 2024-02-11 19:34:26 INFO  Manager:69 - Received 0 requests
LOCAL 2024-02-11 19:34:28 INFO  Manager:61 - Polling tasks from 2 local app queues
LOCAL 2024-02-11 19:34:28 INFO  Manager:69 - Received 0 requests
LOCAL 2024-02-11 19:34:30 INFO  Manager:69 - Received 0 requests
LOCAL 2024-02-11 19:34:31 INFO  Manager:61 - Polling tasks from 2 local app queues
LOCAL 2024-02-11 19:34:33 INFO  Manager:69 - Received 0 requests
LOCAL 2024-02-11 19:34:34 INFO  Manager:61 - Polling tasks from 2 local app queues
LOCAL 2024-02-11 19:34:35 INFO  Manager:69 - Received 0 requests
LOCAL 2024-02-11 19:34:37 INFO  Manager:69 - Received 0 requests
LOCAL 2024-02-11 19:34:37 INFO  Manager:61 - Polling tasks from 2 local app queues
LOCAL 2024-02-11 19:34:39 INFO  Manager:69 - Received 0 requests
LOCAL 2024-02-11 19:34:40 INFO  Manager:61 - Polling tasks from 2 local app queues
LOCAL 2024-02-11 19:34:40 INFO  Manager:69 - Received 0 requests
LOCAL 2024-02-11 19:34:42 INFO  Manager:69 - Received 0 requests
LOCAL 2024-02-11 19:34:43 INFO  Manager:61 - Polling tasks from 2 local app queues
LOCAL 2024-02-11 19:34:44 INFO  Manager:69 - Received 0 requests
LOCAL 2024-02-11 19:34:45 INFO  Manager:69 - Received 0 requests
LOCAL 2024-02-11 19:34:46 INFO  Manager:69 - Received 0 requests
LOCAL 2024-02-11 19:34:46 INFO  Manager:69 - Received 0 requests
LOCAL 2024-02-11 19:34:46 INFO  Manager:69 - Received 0 requests
LOCAL 2024-02-11 19:34:46 INFO  Manager:69 - Received 0 requests
LOCAL 2024-02-11 19:34:46 INFO  Manager:69 - Received 0 requests
LOCAL 2024-02-11 19:34:46 INFO  Manager:69 - Received 0 requests
LOCAL 2024-02-11 19:34:46 INFO  Manager:69 - Received 0 requests
LOCAL 2024-02-11 19:34:46 INFO  Manager:69 - Received 0 requests
LOCAL 2024-02-11 19:34:46 INFO  Manager:69 - Received 0 requests
LOCAL 2024-02-11 19:34:46 INFO  Manager:69 - Received 0 requests
LOCAL 2024-02-11 19:34:47 INFO  Manager:61 - Polling tasks from 2 local app queues
LOCAL 2024-02-11 19:34:48 INFO  Manager:69 - Received 0 requests
LOCAL 2024-02-11 19:34:50 INFO  Manager:61 - Polling tasks from 2 local app queues
LOCAL 2024-02-11 19:34:50 INFO  Manager:69 - Received 0 requests
LOCAL 2024-02-11 19:34:53 INFO  Manager:61 - Polling tasks from 2 local app queues
LOCAL 2024-02-11 19:34:54 INFO  Manager:69 - Received 0 requests
LOCAL 2024-02-11 19:34:55 INFO  Manager:69 - Received 0 requests
LOCAL 2024-02-11 19:34:57 INFO  Manager:61 - Polling tasks from 2 local app queues
LOCAL 2024-02-11 19:34:57 INFO  Manager:69 - Received 0 requests
LOCAL 2024-02-11 19:34:59 INFO  Manager:69 - Received 0 requests
LOCAL 2024-02-11 19:35:00 INFO  Manager:61 - Polling tasks from 2 local app queues
LOCAL 2024-02-11 19:35:01 INFO  Manager:69 - Received 0 requests
LOCAL 2024-02-11 19:35:03 INFO  Manager:69 - Received 0 requests
LOCAL 2024-02-11 19:35:03 INFO  Manager:61 - Polling tasks from 2 local app queues
LOCAL 2024-02-11 19:35:04 INFO  Manager:69 - Received 0 requests
LOCAL 2024-02-11 19:35:05 INFO  Manager:69 - Received 0 requests
LOCAL 2024-02-11 19:35:06 INFO  Manager:69 - Received 0 requests
LOCAL 2024-02-11 19:35:06 INFO  Manager:69 - Received 0 requests
LOCAL 2024-02-11 19:35:06 INFO  Manager:69 - Received 0 requests
LOCAL 2024-02-11 19:35:06 INFO  Manager:61 - Polling tasks from 2 local app queues
LOCAL 2024-02-11 19:35:06 INFO  Manager:69 - Received 0 requests
LOCAL 2024-02-11 19:35:06 INFO  Manager:69 - Received 0 requests
LOCAL 2024-02-11 19:35:06 INFO  Manager:69 - Received 0 requests
LOCAL 2024-02-11 19:35:06 INFO  Manager:69 - Received 0 requests
LOCAL 2024-02-11 19:35:06 INFO  Manager:69 - Received 0 requests
LOCAL 2024-02-11 19:35:06 INFO  Manager:69 - Received 0 requests
LOCAL 2024-02-11 19:35:06 INFO  Manager:69 - Received 0 requests
LOCAL 2024-02-11 19:35:08 INFO  Manager:69 - Received 0 requests
LOCAL 2024-02-11 19:35:09 INFO  Manager:61 - Polling tasks from 2 local app queues
LOCAL 2024-02-11 19:35:10 INFO  Manager:69 - Received 0 requests
LOCAL 2024-02-11 19:35:12 INFO  Manager:61 - Polling tasks from 2 local app queues
LOCAL 2024-02-11 19:35:14 INFO  Manager:69 - Received 0 requests
LOCAL 2024-02-11 19:35:15 INFO  Manager:69 - Received 0 requests
LOCAL 2024-02-11 19:35:16 INFO  Manager:61 - Polling tasks from 2 local app queues
LOCAL 2024-02-11 19:35:17 INFO  Manager:69 - Received 0 requests
LOCAL 2024-02-11 19:35:19 INFO  Manager:61 - Polling tasks from 2 local app queues
LOCAL 2024-02-11 19:35:19 INFO  Manager:69 - Received 0 requests
