LOCAL 2024-02-12 10:06:25 INFO  Manager:20 - Manager started
LOCAL 2024-02-12 10:06:26 INFO  SQSHandler:19 - Queue managerToWorkerQueue created
LOCAL 2024-02-12 10:06:26 INFO  SQSHandler:19 - Queue workerToManagerQueue created
LOCAL 2024-02-12 10:06:26 INFO  Manager:43 - Received 1 requests
LOCAL 2024-02-12 10:06:26 INFO  Manager:56 - Received request: a00c3aff1cb9f71e::analyze::test-input1.txt::0::20
LOCAL 2024-02-12 10:06:26 INFO  S3Handler:56 - Downloading file test-input1.txt from S3 bucket sarcasm-analysis-bucket-a00c3aff1cb9f71e
LOCAL 2024-02-12 10:06:27 INFO  Manager:97 - Parsed 20 reviews from input file test-input1.txt
LOCAL 2024-02-12 10:06:27 INFO  ManagerTask:40 - ManagerTask started for local app a00c3aff1cb9f71e for inputIndex 0
LOCAL 2024-02-12 10:06:27 INFO  ManagerTask:60 - Sending tasks to workers for local app a00c3aff1cb9f71e for inputIndex 0
LOCAL 2024-02-12 10:06:28 INFO  SQSHandler:76 - Sent message to https://sqs.us-east-1.amazonaws.com/767398090493/managerToWorkerQueue
LOCAL 2024-02-12 10:06:28 INFO  SQSHandler:76 - Sent message to https://sqs.us-east-1.amazonaws.com/767398090493/managerToWorkerQueue
LOCAL 2024-02-12 10:06:28 INFO  ManagerTask:77 - Sent tasks for reviewId RJ62XWHGDIF7 for local app a00c3aff1cb9f71e for inputIndex 0
LOCAL 2024-02-12 10:06:28 INFO  ManagerTask:78 - Sent total tasks 2 to workers for local app a00c3aff1cb9f71e for inputIndex 0
LOCAL 2024-02-12 10:06:28 INFO  SQSHandler:76 - Sent message to https://sqs.us-east-1.amazonaws.com/767398090493/managerToWorkerQueue
LOCAL 2024-02-12 10:06:28 INFO  SQSHandler:116 - Deleted message from https://sqs.us-east-1.amazonaws.com/767398090493/localToManagerQueue
LOCAL 2024-02-12 10:06:28 INFO  SQSHandler:76 - Sent message to https://sqs.us-east-1.amazonaws.com/767398090493/managerToWorkerQueue
LOCAL 2024-02-12 10:06:28 INFO  ManagerTask:77 - Sent tasks for reviewId RSO743RDYVWTZ for local app a00c3aff1cb9f71e for inputIndex 0
LOCAL 2024-02-12 10:06:28 INFO  ManagerTask:78 - Sent total tasks 4 to workers for local app a00c3aff1cb9f71e for inputIndex 0
LOCAL 2024-02-12 10:06:28 INFO  Manager:43 - Received 1 requests
LOCAL 2024-02-12 10:06:28 INFO  Manager:56 - Received request: a49e7617bdffb467::analyze::test-input1.txt::0::20
LOCAL 2024-02-12 10:06:28 INFO  S3Handler:56 - Downloading file test-input1.txt from S3 bucket sarcasm-analysis-bucket-a49e7617bdffb467
LOCAL 2024-02-12 10:06:28 INFO  SQSHandler:76 - Sent message to https://sqs.us-east-1.amazonaws.com/767398090493/managerToWorkerQueue
LOCAL 2024-02-12 10:06:28 INFO  SQSHandler:76 - Sent message to https://sqs.us-east-1.amazonaws.com/767398090493/managerToWorkerQueue
LOCAL 2024-02-12 10:06:28 INFO  ManagerTask:77 - Sent tasks for reviewId R8OWCLDI0GGL0 for local app a00c3aff1cb9f71e for inputIndex 0
LOCAL 2024-02-12 10:06:28 INFO  ManagerTask:78 - Sent total tasks 6 to workers for local app a00c3aff1cb9f71e for inputIndex 0
LOCAL 2024-02-12 10:06:29 INFO  SQSHandler:76 - Sent message to https://sqs.us-east-1.amazonaws.com/767398090493/managerToWorkerQueue
LOCAL 2024-02-12 10:06:29 INFO  SQSHandler:76 - Sent message to https://sqs.us-east-1.amazonaws.com/767398090493/managerToWorkerQueue
LOCAL 2024-02-12 10:06:29 INFO  ManagerTask:77 - Sent tasks for reviewId R33DK4T6EHUIHX for local app a00c3aff1cb9f71e for inputIndex 0
LOCAL 2024-02-12 10:06:29 INFO  ManagerTask:78 - Sent total tasks 8 to workers for local app a00c3aff1cb9f71e for inputIndex 0
LOCAL 2024-02-12 10:06:29 INFO  SQSHandler:76 - Sent message to https://sqs.us-east-1.amazonaws.com/767398090493/managerToWorkerQueue
LOCAL 2024-02-12 10:06:29 INFO  SQSHandler:76 - Sent message to https://sqs.us-east-1.amazonaws.com/767398090493/managerToWorkerQueue
LOCAL 2024-02-12 10:06:29 INFO  ManagerTask:77 - Sent tasks for reviewId R3DHV2T9Q991V7 for local app a00c3aff1cb9f71e for inputIndex 0
LOCAL 2024-02-12 10:06:29 INFO  ManagerTask:78 - Sent total tasks 10 to workers for local app a00c3aff1cb9f71e for inputIndex 0
LOCAL 2024-02-12 10:06:29 INFO  Manager:97 - Parsed 20 reviews from input file test-input1.txt
LOCAL 2024-02-12 10:06:29 INFO  ManagerTask:40 - ManagerTask started for local app a49e7617bdffb467 for inputIndex 0
LOCAL 2024-02-12 10:06:29 INFO  ManagerTask:60 - Sending tasks to workers for local app a49e7617bdffb467 for inputIndex 0
LOCAL 2024-02-12 10:06:29 INFO  SQSHandler:76 - Sent message to https://sqs.us-east-1.amazonaws.com/767398090493/managerToWorkerQueue
LOCAL 2024-02-12 10:06:29 INFO  SQSHandler:116 - Deleted message from https://sqs.us-east-1.amazonaws.com/767398090493/localToManagerQueue
LOCAL 2024-02-12 10:06:29 INFO  SQSHandler:76 - Sent message to https://sqs.us-east-1.amazonaws.com/767398090493/managerToWorkerQueue
LOCAL 2024-02-12 10:06:29 INFO  ManagerTask:77 - Sent tasks for reviewId R14D3WP6J91DCU for local app a00c3aff1cb9f71e for inputIndex 0
LOCAL 2024-02-12 10:06:29 INFO  ManagerTask:78 - Sent total tasks 12 to workers for local app a00c3aff1cb9f71e for inputIndex 0
LOCAL 2024-02-12 10:06:30 INFO  SQSHandler:76 - Sent message to https://sqs.us-east-1.amazonaws.com/767398090493/managerToWorkerQueue
LOCAL 2024-02-12 10:06:30 INFO  SQSHandler:76 - Sent message to https://sqs.us-east-1.amazonaws.com/767398090493/managerToWorkerQueue
LOCAL 2024-02-12 10:06:30 INFO  ManagerTask:77 - Sent tasks for reviewId R3P2KOXRF7Z400 for local app a00c3aff1cb9f71e for inputIndex 0
LOCAL 2024-02-12 10:06:30 INFO  ManagerTask:78 - Sent total tasks 14 to workers for local app a00c3aff1cb9f71e for inputIndex 0
LOCAL 2024-02-12 10:06:30 INFO  SQSHandler:76 - Sent message to https://sqs.us-east-1.amazonaws.com/767398090493/managerToWorkerQueue
LOCAL 2024-02-12 10:06:30 INFO  SQSHandler:76 - Sent message to https://sqs.us-east-1.amazonaws.com/767398090493/managerToWorkerQueue
LOCAL 2024-02-12 10:06:30 INFO  ManagerTask:77 - Sent tasks for reviewId R1IKZK5S0DCKZ0 for local app a00c3aff1cb9f71e for inputIndex 0
LOCAL 2024-02-12 10:06:30 INFO  ManagerTask:78 - Sent total tasks 16 to workers for local app a00c3aff1cb9f71e for inputIndex 0
LOCAL 2024-02-12 10:06:30 INFO  SQSHandler:76 - Sent message to https://sqs.us-east-1.amazonaws.com/767398090493/managerToWorkerQueue
LOCAL 2024-02-12 10:06:30 INFO  SQSHandler:76 - Sent message to https://sqs.us-east-1.amazonaws.com/767398090493/managerToWorkerQueue
LOCAL 2024-02-12 10:06:30 INFO  SQSHandler:76 - Sent message to https://sqs.us-east-1.amazonaws.com/767398090493/managerToWorkerQueue
LOCAL 2024-02-12 10:06:30 INFO  ManagerTask:77 - Sent tasks for reviewId RJ62XWHGDIF7 for local app a49e7617bdffb467 for inputIndex 0
LOCAL 2024-02-12 10:06:30 INFO  ManagerTask:78 - Sent total tasks 2 to workers for local app a49e7617bdffb467 for inputIndex 0
LOCAL 2024-02-12 10:06:30 INFO  SQSHandler:76 - Sent message to https://sqs.us-east-1.amazonaws.com/767398090493/managerToWorkerQueue
LOCAL 2024-02-12 10:06:30 INFO  ManagerTask:77 - Sent tasks for reviewId RGMH5ROASTBS8 for local app a00c3aff1cb9f71e for inputIndex 0
LOCAL 2024-02-12 10:06:30 INFO  ManagerTask:78 - Sent total tasks 18 to workers for local app a00c3aff1cb9f71e for inputIndex 0
LOCAL 2024-02-12 10:06:30 INFO  SQSHandler:76 - Sent message to https://sqs.us-east-1.amazonaws.com/767398090493/managerToWorkerQueue
LOCAL 2024-02-12 10:06:30 INFO  SQSHandler:76 - Sent message to https://sqs.us-east-1.amazonaws.com/767398090493/managerToWorkerQueue
LOCAL 2024-02-12 10:06:30 INFO  SQSHandler:76 - Sent message to https://sqs.us-east-1.amazonaws.com/767398090493/managerToWorkerQueue
LOCAL 2024-02-12 10:06:30 INFO  ManagerTask:77 - Sent tasks for reviewId RSO743RDYVWTZ for local app a49e7617bdffb467 for inputIndex 0
LOCAL 2024-02-12 10:06:30 INFO  ManagerTask:78 - Sent total tasks 4 to workers for local app a49e7617bdffb467 for inputIndex 0
LOCAL 2024-02-12 10:06:31 INFO  SQSHandler:76 - Sent message to https://sqs.us-east-1.amazonaws.com/767398090493/managerToWorkerQueue
LOCAL 2024-02-12 10:06:31 INFO  ManagerTask:77 - Sent tasks for reviewId R1RUXYHCSZSHJ0 for local app a00c3aff1cb9f71e for inputIndex 0
LOCAL 2024-02-12 10:06:31 INFO  ManagerTask:78 - Sent total tasks 20 to workers for local app a00c3aff1cb9f71e for inputIndex 0
LOCAL 2024-02-12 10:06:31 INFO  SQSHandler:76 - Sent message to https://sqs.us-east-1.amazonaws.com/767398090493/managerToWorkerQueue
LOCAL 2024-02-12 10:06:31 INFO  SQSHandler:76 - Sent message to https://sqs.us-east-1.amazonaws.com/767398090493/managerToWorkerQueue
LOCAL 2024-02-12 10:06:31 INFO  SQSHandler:76 - Sent message to https://sqs.us-east-1.amazonaws.com/767398090493/managerToWorkerQueue
LOCAL 2024-02-12 10:06:31 INFO  ManagerTask:77 - Sent tasks for reviewId R8OWCLDI0GGL0 for local app a49e7617bdffb467 for inputIndex 0
LOCAL 2024-02-12 10:06:31 INFO  ManagerTask:78 - Sent total tasks 6 to workers for local app a49e7617bdffb467 for inputIndex 0
LOCAL 2024-02-12 10:06:31 INFO  SQSHandler:76 - Sent message to https://sqs.us-east-1.amazonaws.com/767398090493/managerToWorkerQueue
LOCAL 2024-02-12 10:06:31 INFO  ManagerTask:77 - Sent tasks for reviewId R3R9QKZ61DMKGF for local app a00c3aff1cb9f71e for inputIndex 0
LOCAL 2024-02-12 10:06:31 INFO  ManagerTask:78 - Sent total tasks 22 to workers for local app a00c3aff1cb9f71e for inputIndex 0
LOCAL 2024-02-12 10:06:31 INFO  SQSHandler:76 - Sent message to https://sqs.us-east-1.amazonaws.com/767398090493/managerToWorkerQueue
LOCAL 2024-02-12 10:06:31 INFO  SQSHandler:76 - Sent message to https://sqs.us-east-1.amazonaws.com/767398090493/managerToWorkerQueue
LOCAL 2024-02-12 10:06:31 INFO  SQSHandler:76 - Sent message to https://sqs.us-east-1.amazonaws.com/767398090493/managerToWorkerQueue
LOCAL 2024-02-12 10:06:31 INFO  ManagerTask:77 - Sent tasks for reviewId R33DK4T6EHUIHX for local app a49e7617bdffb467 for inputIndex 0
LOCAL 2024-02-12 10:06:31 INFO  ManagerTask:78 - Sent total tasks 8 to workers for local app a49e7617bdffb467 for inputIndex 0
LOCAL 2024-02-12 10:06:31 INFO  SQSHandler:76 - Sent message to https://sqs.us-east-1.amazonaws.com/767398090493/managerToWorkerQueue
LOCAL 2024-02-12 10:06:31 INFO  ManagerTask:77 - Sent tasks for reviewId R367OTNJ8I36FS for local app a00c3aff1cb9f71e for inputIndex 0
LOCAL 2024-02-12 10:06:31 INFO  ManagerTask:78 - Sent total tasks 24 to workers for local app a00c3aff1cb9f71e for inputIndex 0
LOCAL 2024-02-12 10:06:31 INFO  SQSHandler:76 - Sent message to https://sqs.us-east-1.amazonaws.com/767398090493/managerToWorkerQueue
LOCAL 2024-02-12 10:06:31 INFO  SQSHandler:76 - Sent message to https://sqs.us-east-1.amazonaws.com/767398090493/managerToWorkerQueue
LOCAL 2024-02-12 10:06:31 INFO  SQSHandler:76 - Sent message to https://sqs.us-east-1.amazonaws.com/767398090493/managerToWorkerQueue
LOCAL 2024-02-12 10:06:31 INFO  ManagerTask:77 - Sent tasks for reviewId R3DHV2T9Q991V7 for local app a49e7617bdffb467 for inputIndex 0
LOCAL 2024-02-12 10:06:31 INFO  ManagerTask:78 - Sent total tasks 10 to workers for local app a49e7617bdffb467 for inputIndex 0
LOCAL 2024-02-12 10:06:31 INFO  SQSHandler:76 - Sent message to https://sqs.us-east-1.amazonaws.com/767398090493/managerToWorkerQueue
LOCAL 2024-02-12 10:06:31 INFO  ManagerTask:77 - Sent tasks for reviewId R3GCFAIUL8BI3Y for local app a00c3aff1cb9f71e for inputIndex 0
LOCAL 2024-02-12 10:06:31 INFO  ManagerTask:78 - Sent total tasks 26 to workers for local app a00c3aff1cb9f71e for inputIndex 0
LOCAL 2024-02-12 10:06:32 INFO  SQSHandler:76 - Sent message to https://sqs.us-east-1.amazonaws.com/767398090493/managerToWorkerQueue
LOCAL 2024-02-12 10:06:32 INFO  SQSHandler:76 - Sent message to https://sqs.us-east-1.amazonaws.com/767398090493/managerToWorkerQueue
LOCAL 2024-02-12 10:06:32 INFO  SQSHandler:76 - Sent message to https://sqs.us-east-1.amazonaws.com/767398090493/managerToWorkerQueue
LOCAL 2024-02-12 10:06:32 INFO  ManagerTask:77 - Sent tasks for reviewId R14D3WP6J91DCU for local app a49e7617bdffb467 for inputIndex 0
LOCAL 2024-02-12 10:06:32 INFO  ManagerTask:78 - Sent total tasks 12 to workers for local app a49e7617bdffb467 for inputIndex 0
LOCAL 2024-02-12 10:06:32 INFO  SQSHandler:76 - Sent message to https://sqs.us-east-1.amazonaws.com/767398090493/managerToWorkerQueue
LOCAL 2024-02-12 10:06:32 INFO  ManagerTask:77 - Sent tasks for reviewId R33SW6AMDKTSB8 for local app a00c3aff1cb9f71e for inputIndex 0
LOCAL 2024-02-12 10:06:32 INFO  ManagerTask:78 - Sent total tasks 28 to workers for local app a00c3aff1cb9f71e for inputIndex 0
LOCAL 2024-02-12 10:06:32 INFO  SQSHandler:76 - Sent message to https://sqs.us-east-1.amazonaws.com/767398090493/managerToWorkerQueue
LOCAL 2024-02-12 10:06:32 INFO  SQSHandler:76 - Sent message to https://sqs.us-east-1.amazonaws.com/767398090493/managerToWorkerQueue
LOCAL 2024-02-12 10:06:32 INFO  SQSHandler:76 - Sent message to https://sqs.us-east-1.amazonaws.com/767398090493/managerToWorkerQueue
LOCAL 2024-02-12 10:06:32 INFO  ManagerTask:77 - Sent tasks for reviewId R3P2KOXRF7Z400 for local app a49e7617bdffb467 for inputIndex 0
LOCAL 2024-02-12 10:06:32 INFO  ManagerTask:78 - Sent total tasks 14 to workers for local app a49e7617bdffb467 for inputIndex 0
LOCAL 2024-02-12 10:06:32 INFO  SQSHandler:76 - Sent message to https://sqs.us-east-1.amazonaws.com/767398090493/managerToWorkerQueue
LOCAL 2024-02-12 10:06:32 INFO  ManagerTask:77 - Sent tasks for reviewId RW6ORU2M3C461 for local app a00c3aff1cb9f71e for inputIndex 0
LOCAL 2024-02-12 10:06:32 INFO  ManagerTask:78 - Sent total tasks 30 to workers for local app a00c3aff1cb9f71e for inputIndex 0
LOCAL 2024-02-12 10:06:32 INFO  SQSHandler:76 - Sent message to https://sqs.us-east-1.amazonaws.com/767398090493/managerToWorkerQueue
LOCAL 2024-02-12 10:06:32 INFO  SQSHandler:76 - Sent message to https://sqs.us-east-1.amazonaws.com/767398090493/managerToWorkerQueue
LOCAL 2024-02-12 10:06:32 INFO  SQSHandler:76 - Sent message to https://sqs.us-east-1.amazonaws.com/767398090493/managerToWorkerQueue
LOCAL 2024-02-12 10:06:32 INFO  ManagerTask:77 - Sent tasks for reviewId R1IKZK5S0DCKZ0 for local app a49e7617bdffb467 for inputIndex 0
LOCAL 2024-02-12 10:06:32 INFO  ManagerTask:78 - Sent total tasks 16 to workers for local app a49e7617bdffb467 for inputIndex 0
LOCAL 2024-02-12 10:06:32 INFO  SQSHandler:76 - Sent message to https://sqs.us-east-1.amazonaws.com/767398090493/managerToWorkerQueue
LOCAL 2024-02-12 10:06:32 INFO  ManagerTask:77 - Sent tasks for reviewId R1L8O7RM8DD6J3 for local app a00c3aff1cb9f71e for inputIndex 0
LOCAL 2024-02-12 10:06:32 INFO  ManagerTask:78 - Sent total tasks 32 to workers for local app a00c3aff1cb9f71e for inputIndex 0
LOCAL 2024-02-12 10:06:32 INFO  SQSHandler:76 - Sent message to https://sqs.us-east-1.amazonaws.com/767398090493/managerToWorkerQueue
LOCAL 2024-02-12 10:06:33 INFO  SQSHandler:76 - Sent message to https://sqs.us-east-1.amazonaws.com/767398090493/managerToWorkerQueue
LOCAL 2024-02-12 10:06:33 INFO  SQSHandler:76 - Sent message to https://sqs.us-east-1.amazonaws.com/767398090493/managerToWorkerQueue
LOCAL 2024-02-12 10:06:33 INFO  ManagerTask:77 - Sent tasks for reviewId RGMH5ROASTBS8 for local app a49e7617bdffb467 for inputIndex 0
LOCAL 2024-02-12 10:06:33 INFO  ManagerTask:78 - Sent total tasks 18 to workers for local app a49e7617bdffb467 for inputIndex 0
LOCAL 2024-02-12 10:06:33 INFO  SQSHandler:76 - Sent message to https://sqs.us-east-1.amazonaws.com/767398090493/managerToWorkerQueue
LOCAL 2024-02-12 10:06:33 INFO  ManagerTask:77 - Sent tasks for reviewId R3V239ZPPF0XY3 for local app a00c3aff1cb9f71e for inputIndex 0
LOCAL 2024-02-12 10:06:33 INFO  ManagerTask:78 - Sent total tasks 34 to workers for local app a00c3aff1cb9f71e for inputIndex 0
LOCAL 2024-02-12 10:06:33 INFO  SQSHandler:76 - Sent message to https://sqs.us-east-1.amazonaws.com/767398090493/managerToWorkerQueue
LOCAL 2024-02-12 10:06:33 INFO  SQSHandler:76 - Sent message to https://sqs.us-east-1.amazonaws.com/767398090493/managerToWorkerQueue
LOCAL 2024-02-12 10:06:33 INFO  SQSHandler:76 - Sent message to https://sqs.us-east-1.amazonaws.com/767398090493/managerToWorkerQueue
LOCAL 2024-02-12 10:06:33 INFO  ManagerTask:77 - Sent tasks for reviewId R1RUXYHCSZSHJ0 for local app a49e7617bdffb467 for inputIndex 0
LOCAL 2024-02-12 10:06:33 INFO  ManagerTask:78 - Sent total tasks 20 to workers for local app a49e7617bdffb467 for inputIndex 0
LOCAL 2024-02-12 10:06:33 INFO  SQSHandler:76 - Sent message to https://sqs.us-east-1.amazonaws.com/767398090493/managerToWorkerQueue
LOCAL 2024-02-12 10:06:33 INFO  ManagerTask:77 - Sent tasks for reviewId R3MRIY8FUDOYHU for local app a00c3aff1cb9f71e for inputIndex 0
LOCAL 2024-02-12 10:06:33 INFO  ManagerTask:78 - Sent total tasks 36 to workers for local app a00c3aff1cb9f71e for inputIndex 0
LOCAL 2024-02-12 10:06:33 INFO  SQSHandler:76 - Sent message to https://sqs.us-east-1.amazonaws.com/767398090493/managerToWorkerQueue
LOCAL 2024-02-12 10:06:33 INFO  SQSHandler:76 - Sent message to https://sqs.us-east-1.amazonaws.com/767398090493/managerToWorkerQueue
LOCAL 2024-02-12 10:06:33 INFO  SQSHandler:76 - Sent message to https://sqs.us-east-1.amazonaws.com/767398090493/managerToWorkerQueue
LOCAL 2024-02-12 10:06:33 INFO  ManagerTask:77 - Sent tasks for reviewId R3R9QKZ61DMKGF for local app a49e7617bdffb467 for inputIndex 0
LOCAL 2024-02-12 10:06:33 INFO  ManagerTask:78 - Sent total tasks 22 to workers for local app a49e7617bdffb467 for inputIndex 0
LOCAL 2024-02-12 10:06:33 INFO  SQSHandler:76 - Sent message to https://sqs.us-east-1.amazonaws.com/767398090493/managerToWorkerQueue
LOCAL 2024-02-12 10:06:33 INFO  ManagerTask:77 - Sent tasks for reviewId RB9QK3F6SUQPU for local app a00c3aff1cb9f71e for inputIndex 0
LOCAL 2024-02-12 10:06:33 INFO  ManagerTask:78 - Sent total tasks 38 to workers for local app a00c3aff1cb9f71e for inputIndex 0
LOCAL 2024-02-12 10:06:33 INFO  SQSHandler:76 - Sent message to https://sqs.us-east-1.amazonaws.com/767398090493/managerToWorkerQueue
LOCAL 2024-02-12 10:06:33 INFO  SQSHandler:76 - Sent message to https://sqs.us-east-1.amazonaws.com/767398090493/managerToWorkerQueue
LOCAL 2024-02-12 10:06:34 INFO  SQSHandler:76 - Sent message to https://sqs.us-east-1.amazonaws.com/767398090493/managerToWorkerQueue
LOCAL 2024-02-12 10:06:34 INFO  ManagerTask:77 - Sent tasks for reviewId R366N97DLUODS7 for local app a00c3aff1cb9f71e for inputIndex 0
LOCAL 2024-02-12 10:06:34 INFO  ManagerTask:78 - Sent total tasks 40 to workers for local app a00c3aff1cb9f71e for inputIndex 0
LOCAL 2024-02-12 10:06:34 INFO  ManagerTask:44 - Sent tasks to workers for local app a00c3aff1cb9f71e for inputIndex 0
LOCAL 2024-02-12 10:06:34 INFO  ManagerTask:83 - Receiving responses from workers for local app a00c3aff1cb9f71e for inputIndex 0
LOCAL 2024-02-12 10:06:34 INFO  SQSHandler:76 - Sent message to https://sqs.us-east-1.amazonaws.com/767398090493/managerToWorkerQueue
LOCAL 2024-02-12 10:06:34 INFO  ManagerTask:77 - Sent tasks for reviewId R367OTNJ8I36FS for local app a49e7617bdffb467 for inputIndex 0
LOCAL 2024-02-12 10:06:34 INFO  ManagerTask:78 - Sent total tasks 24 to workers for local app a49e7617bdffb467 for inputIndex 0
LOCAL 2024-02-12 10:06:34 INFO  SQSHandler:76 - Sent message to https://sqs.us-east-1.amazonaws.com/767398090493/managerToWorkerQueue
LOCAL 2024-02-12 10:06:34 INFO  SQSHandler:76 - Sent message to https://sqs.us-east-1.amazonaws.com/767398090493/managerToWorkerQueue
LOCAL 2024-02-12 10:06:34 INFO  ManagerTask:77 - Sent tasks for reviewId R3GCFAIUL8BI3Y for local app a49e7617bdffb467 for inputIndex 0
LOCAL 2024-02-12 10:06:34 INFO  ManagerTask:78 - Sent total tasks 26 to workers for local app a49e7617bdffb467 for inputIndex 0
LOCAL 2024-02-12 10:06:34 INFO  SQSHandler:76 - Sent message to https://sqs.us-east-1.amazonaws.com/767398090493/managerToWorkerQueue
LOCAL 2024-02-12 10:06:34 INFO  SQSHandler:76 - Sent message to https://sqs.us-east-1.amazonaws.com/767398090493/managerToWorkerQueue
LOCAL 2024-02-12 10:06:34 INFO  ManagerTask:77 - Sent tasks for reviewId R33SW6AMDKTSB8 for local app a49e7617bdffb467 for inputIndex 0
LOCAL 2024-02-12 10:06:34 INFO  ManagerTask:78 - Sent total tasks 28 to workers for local app a49e7617bdffb467 for inputIndex 0
LOCAL 2024-02-12 10:06:34 INFO  SQSHandler:76 - Sent message to https://sqs.us-east-1.amazonaws.com/767398090493/managerToWorkerQueue
LOCAL 2024-02-12 10:06:35 INFO  SQSHandler:76 - Sent message to https://sqs.us-east-1.amazonaws.com/767398090493/managerToWorkerQueue
LOCAL 2024-02-12 10:06:35 INFO  ManagerTask:77 - Sent tasks for reviewId RW6ORU2M3C461 for local app a49e7617bdffb467 for inputIndex 0
LOCAL 2024-02-12 10:06:35 INFO  ManagerTask:78 - Sent total tasks 30 to workers for local app a49e7617bdffb467 for inputIndex 0
LOCAL 2024-02-12 10:06:35 INFO  SQSHandler:76 - Sent message to https://sqs.us-east-1.amazonaws.com/767398090493/managerToWorkerQueue
LOCAL 2024-02-12 10:06:35 INFO  SQSHandler:76 - Sent message to https://sqs.us-east-1.amazonaws.com/767398090493/managerToWorkerQueue
LOCAL 2024-02-12 10:06:35 INFO  ManagerTask:77 - Sent tasks for reviewId R1L8O7RM8DD6J3 for local app a49e7617bdffb467 for inputIndex 0
LOCAL 2024-02-12 10:06:35 INFO  ManagerTask:78 - Sent total tasks 32 to workers for local app a49e7617bdffb467 for inputIndex 0
LOCAL 2024-02-12 10:06:35 INFO  SQSHandler:76 - Sent message to https://sqs.us-east-1.amazonaws.com/767398090493/managerToWorkerQueue
LOCAL 2024-02-12 10:06:35 INFO  SQSHandler:76 - Sent message to https://sqs.us-east-1.amazonaws.com/767398090493/managerToWorkerQueue
LOCAL 2024-02-12 10:06:35 INFO  ManagerTask:77 - Sent tasks for reviewId R3V239ZPPF0XY3 for local app a49e7617bdffb467 for inputIndex 0
LOCAL 2024-02-12 10:06:35 INFO  ManagerTask:78 - Sent total tasks 34 to workers for local app a49e7617bdffb467 for inputIndex 0
LOCAL 2024-02-12 10:06:35 INFO  SQSHandler:76 - Sent message to https://sqs.us-east-1.amazonaws.com/767398090493/managerToWorkerQueue
LOCAL 2024-02-12 10:06:35 INFO  SQSHandler:76 - Sent message to https://sqs.us-east-1.amazonaws.com/767398090493/managerToWorkerQueue
LOCAL 2024-02-12 10:06:35 INFO  ManagerTask:77 - Sent tasks for reviewId R3MRIY8FUDOYHU for local app a49e7617bdffb467 for inputIndex 0
LOCAL 2024-02-12 10:06:35 INFO  ManagerTask:78 - Sent total tasks 36 to workers for local app a49e7617bdffb467 for inputIndex 0
LOCAL 2024-02-12 10:06:36 INFO  SQSHandler:76 - Sent message to https://sqs.us-east-1.amazonaws.com/767398090493/managerToWorkerQueue
LOCAL 2024-02-12 10:06:36 INFO  SQSHandler:76 - Sent message to https://sqs.us-east-1.amazonaws.com/767398090493/managerToWorkerQueue
LOCAL 2024-02-12 10:06:36 INFO  ManagerTask:77 - Sent tasks for reviewId RB9QK3F6SUQPU for local app a49e7617bdffb467 for inputIndex 0
LOCAL 2024-02-12 10:06:36 INFO  ManagerTask:78 - Sent total tasks 38 to workers for local app a49e7617bdffb467 for inputIndex 0
LOCAL 2024-02-12 10:06:36 INFO  SQSHandler:76 - Sent message to https://sqs.us-east-1.amazonaws.com/767398090493/managerToWorkerQueue
LOCAL 2024-02-12 10:06:36 INFO  SQSHandler:76 - Sent message to https://sqs.us-east-1.amazonaws.com/767398090493/managerToWorkerQueue
LOCAL 2024-02-12 10:06:36 INFO  ManagerTask:77 - Sent tasks for reviewId R366N97DLUODS7 for local app a49e7617bdffb467 for inputIndex 0
LOCAL 2024-02-12 10:06:36 INFO  ManagerTask:78 - Sent total tasks 40 to workers for local app a49e7617bdffb467 for inputIndex 0
LOCAL 2024-02-12 10:06:36 INFO  ManagerTask:44 - Sent tasks to workers for local app a49e7617bdffb467 for inputIndex 0
LOCAL 2024-02-12 10:06:36 INFO  ManagerTask:83 - Receiving responses from workers for local app a49e7617bdffb467 for inputIndex 0
LOCAL 2024-02-12 10:06:49 INFO  Manager:43 - Received 0 requests
LOCAL 2024-02-12 10:07:10 INFO  Manager:43 - Received 0 requests
LOCAL 2024-02-12 10:07:25 INFO  ManagerTask:99 - Received response for reviewId RSO743RDYVWTZ for inputIndex 0 for taskType entityRecognition with taskResult 
LOCAL 2024-02-12 10:07:25 INFO  SQSHandler:116 - Deleted message from https://sqs.us-east-1.amazonaws.com/767398090493/workerToManagerQueue
LOCAL 2024-02-12 10:07:25 INFO  ManagerTask:128 - Completed tasks 1 out of 40 for local app a00c3aff1cb9f71e for inputIndex 0
LOCAL 2024-02-12 10:07:27 INFO  ManagerTask:132 - Putting back not relevant response in workerToManager queue
LOCAL 2024-02-12 10:07:27 INFO  SQSHandler:76 - Sent message to https://sqs.us-east-1.amazonaws.com/767398090493/workerToManagerQueue
LOCAL 2024-02-12 10:07:27 INFO  ManagerTask:99 - Received response for reviewId R33DK4T6EHUIHX for inputIndex 0 for taskType sentimentAnalysis with taskResult 1
LOCAL 2024-02-12 10:07:27 INFO  SQSHandler:116 - Deleted message from https://sqs.us-east-1.amazonaws.com/767398090493/workerToManagerQueue
LOCAL 2024-02-12 10:07:27 INFO  ManagerTask:128 - Completed tasks 2 out of 40 for local app a00c3aff1cb9f71e for inputIndex 0
LOCAL 2024-02-12 10:07:27 INFO  ManagerTask:132 - Putting back not relevant response in workerToManager queue
LOCAL 2024-02-12 10:07:28 INFO  SQSHandler:76 - Sent message to https://sqs.us-east-1.amazonaws.com/767398090493/workerToManagerQueue
LOCAL 2024-02-12 10:07:28 INFO  ManagerTask:99 - Received response for reviewId RJ62XWHGDIF7 for inputIndex 0 for taskType entityRecognition with taskResult 
LOCAL 2024-02-12 10:07:28 INFO  SQSHandler:116 - Deleted message from https://sqs.us-east-1.amazonaws.com/767398090493/workerToManagerQueue
LOCAL 2024-02-12 10:07:28 INFO  ManagerTask:128 - Completed tasks 3 out of 40 for local app a00c3aff1cb9f71e for inputIndex 0
LOCAL 2024-02-12 10:07:28 INFO  ManagerTask:132 - Putting back not relevant response in workerToManager queue
LOCAL 2024-02-12 10:07:28 INFO  SQSHandler:76 - Sent message to https://sqs.us-east-1.amazonaws.com/767398090493/workerToManagerQueue
LOCAL 2024-02-12 10:07:28 INFO  ManagerTask:99 - Received response for reviewId R14D3WP6J91DCU for inputIndex 0 for taskType sentimentAnalysis with taskResult 3
LOCAL 2024-02-12 10:07:28 INFO  SQSHandler:116 - Deleted message from https://sqs.us-east-1.amazonaws.com/767398090493/workerToManagerQueue
LOCAL 2024-02-12 10:07:28 INFO  ManagerTask:128 - Completed tasks 4 out of 40 for local app a00c3aff1cb9f71e for inputIndex 0
LOCAL 2024-02-12 10:07:29 INFO  ManagerTask:132 - Putting back not relevant response in workerToManager queue
LOCAL 2024-02-12 10:07:29 INFO  SQSHandler:76 - Sent message to https://sqs.us-east-1.amazonaws.com/767398090493/workerToManagerQueue
LOCAL 2024-02-12 10:07:29 INFO  ManagerTask:99 - Received response for reviewId R33DK4T6EHUIHX for inputIndex 0 for taskType entityRecognition with taskResult 
LOCAL 2024-02-12 10:07:29 INFO  ManagerTask:123 - Updated summary message for reviewId R33DK4T6EHUIHX for inputIndex 0 with sentiment 1 and entities 
LOCAL 2024-02-12 10:07:29 INFO  SQSHandler:116 - Deleted message from https://sqs.us-east-1.amazonaws.com/767398090493/workerToManagerQueue
LOCAL 2024-02-12 10:07:29 INFO  ManagerTask:128 - Completed tasks 5 out of 40 for local app a00c3aff1cb9f71e for inputIndex 0
LOCAL 2024-02-12 10:07:29 INFO  ManagerTask:132 - Putting back not relevant response in workerToManager queue
LOCAL 2024-02-12 10:07:29 INFO  SQSHandler:76 - Sent message to https://sqs.us-east-1.amazonaws.com/767398090493/workerToManagerQueue
LOCAL 2024-02-12 10:07:29 INFO  ManagerTask:99 - Received response for reviewId R8OWCLDI0GGL0 for inputIndex 0 for taskType entityRecognition with taskResult Karen: PERSON, Katz: PERSON
LOCAL 2024-02-12 10:07:29 INFO  SQSHandler:116 - Deleted message from https://sqs.us-east-1.amazonaws.com/767398090493/workerToManagerQueue
LOCAL 2024-02-12 10:07:29 INFO  ManagerTask:128 - Completed tasks 6 out of 40 for local app a00c3aff1cb9f71e for inputIndex 0
LOCAL 2024-02-12 10:07:29 INFO  ManagerTask:132 - Putting back not relevant response in workerToManager queue
LOCAL 2024-02-12 10:07:30 INFO  SQSHandler:76 - Sent message to https://sqs.us-east-1.amazonaws.com/767398090493/workerToManagerQueue
LOCAL 2024-02-12 10:07:30 INFO  ManagerTask:99 - Received response for reviewId R3DHV2T9Q991V7 for inputIndex 0 for taskType entityRecognition with taskResult 
LOCAL 2024-02-12 10:07:30 INFO  Manager:43 - Received 0 requests
LOCAL 2024-02-12 10:07:30 INFO  SQSHandler:116 - Deleted message from https://sqs.us-east-1.amazonaws.com/767398090493/workerToManagerQueue
LOCAL 2024-02-12 10:07:30 INFO  ManagerTask:128 - Completed tasks 7 out of 40 for local app a00c3aff1cb9f71e for inputIndex 0
LOCAL 2024-02-12 10:07:30 INFO  ManagerTask:132 - Putting back not relevant response in workerToManager queue
LOCAL 2024-02-12 10:07:30 INFO  SQSHandler:76 - Sent message to https://sqs.us-east-1.amazonaws.com/767398090493/workerToManagerQueue
LOCAL 2024-02-12 10:07:30 INFO  ManagerTask:99 - Received response for reviewId R1IKZK5S0DCKZ0 for inputIndex 0 for taskType sentimentAnalysis with taskResult 3
LOCAL 2024-02-12 10:07:30 INFO  SQSHandler:116 - Deleted message from https://sqs.us-east-1.amazonaws.com/767398090493/workerToManagerQueue
LOCAL 2024-02-12 10:07:30 INFO  ManagerTask:128 - Completed tasks 8 out of 40 for local app a00c3aff1cb9f71e for inputIndex 0
LOCAL 2024-02-12 10:07:30 INFO  ManagerTask:132 - Putting back not relevant response in workerToManager queue
LOCAL 2024-02-12 10:07:31 INFO  SQSHandler:76 - Sent message to https://sqs.us-east-1.amazonaws.com/767398090493/workerToManagerQueue
LOCAL 2024-02-12 10:07:31 INFO  ManagerTask:99 - Received response for reviewId R3DHV2T9Q991V7 for inputIndex 0 for taskType sentimentAnalysis with taskResult 4
LOCAL 2024-02-12 10:07:31 INFO  ManagerTask:123 - Updated summary message for reviewId R3DHV2T9Q991V7 for inputIndex 0 with sentiment 4 and entities 
LOCAL 2024-02-12 10:07:31 INFO  SQSHandler:116 - Deleted message from https://sqs.us-east-1.amazonaws.com/767398090493/workerToManagerQueue
LOCAL 2024-02-12 10:07:31 INFO  ManagerTask:128 - Completed tasks 9 out of 40 for local app a00c3aff1cb9f71e for inputIndex 0
LOCAL 2024-02-12 10:07:31 INFO  ManagerTask:132 - Putting back not relevant response in workerToManager queue
LOCAL 2024-02-12 10:07:31 INFO  SQSHandler:76 - Sent message to https://sqs.us-east-1.amazonaws.com/767398090493/workerToManagerQueue
LOCAL 2024-02-12 10:07:31 INFO  ManagerTask:99 - Received response for reviewId RGMH5ROASTBS8 for inputIndex 0 for taskType entityRecognition with taskResult 
LOCAL 2024-02-12 10:07:31 INFO  SQSHandler:116 - Deleted message from https://sqs.us-east-1.amazonaws.com/767398090493/workerToManagerQueue
LOCAL 2024-02-12 10:07:31 INFO  ManagerTask:128 - Completed tasks 10 out of 40 for local app a00c3aff1cb9f71e for inputIndex 0
LOCAL 2024-02-12 10:07:31 INFO  ManagerTask:132 - Putting back not relevant response in workerToManager queue
LOCAL 2024-02-12 10:07:32 INFO  SQSHandler:76 - Sent message to https://sqs.us-east-1.amazonaws.com/767398090493/workerToManagerQueue
LOCAL 2024-02-12 10:07:32 INFO  ManagerTask:99 - Received response for reviewId R1IKZK5S0DCKZ0 for inputIndex 0 for taskType entityRecognition with taskResult Karen: PERSON, Katz: PERSON
LOCAL 2024-02-12 10:07:32 INFO  ManagerTask:123 - Updated summary message for reviewId R1IKZK5S0DCKZ0 for inputIndex 0 with sentiment 3 and entities Karen: PERSON, Katz: PERSON
LOCAL 2024-02-12 10:07:32 INFO  SQSHandler:116 - Deleted message from https://sqs.us-east-1.amazonaws.com/767398090493/workerToManagerQueue
LOCAL 2024-02-12 10:07:32 INFO  ManagerTask:128 - Completed tasks 11 out of 40 for local app a00c3aff1cb9f71e for inputIndex 0
LOCAL 2024-02-12 10:07:32 INFO  ManagerTask:132 - Putting back not relevant response in workerToManager queue
LOCAL 2024-02-12 10:07:32 INFO  SQSHandler:76 - Sent message to https://sqs.us-east-1.amazonaws.com/767398090493/workerToManagerQueue
LOCAL 2024-02-12 10:07:32 INFO  ManagerTask:99 - Received response for reviewId R1RUXYHCSZSHJ0 for inputIndex 0 for taskType sentimentAnalysis with taskResult 2
LOCAL 2024-02-12 10:07:32 INFO  SQSHandler:116 - Deleted message from https://sqs.us-east-1.amazonaws.com/767398090493/workerToManagerQueue
LOCAL 2024-02-12 10:07:32 INFO  ManagerTask:128 - Completed tasks 12 out of 40 for local app a00c3aff1cb9f71e for inputIndex 0
LOCAL 2024-02-12 10:07:33 INFO  ManagerTask:99 - Received response for reviewId RJ62XWHGDIF7 for inputIndex 0 for taskType sentimentAnalysis with taskResult 2
LOCAL 2024-02-12 10:07:33 INFO  ManagerTask:123 - Updated summary message for reviewId RJ62XWHGDIF7 for inputIndex 0 with sentiment 2 and entities 
LOCAL 2024-02-12 10:07:33 INFO  SQSHandler:116 - Deleted message from https://sqs.us-east-1.amazonaws.com/767398090493/workerToManagerQueue
LOCAL 2024-02-12 10:07:33 INFO  ManagerTask:128 - Completed tasks 13 out of 40 for local app a00c3aff1cb9f71e for inputIndex 0
LOCAL 2024-02-12 10:07:33 INFO  ManagerTask:132 - Putting back not relevant response in workerToManager queue
LOCAL 2024-02-12 10:07:34 INFO  SQSHandler:76 - Sent message to https://sqs.us-east-1.amazonaws.com/767398090493/workerToManagerQueue
LOCAL 2024-02-12 10:07:34 INFO  ManagerTask:99 - Received response for reviewId R8OWCLDI0GGL0 for inputIndex 0 for taskType entityRecognition with taskResult Karen: PERSON, Katz: PERSON
LOCAL 2024-02-12 10:07:34 INFO  SQSHandler:116 - Deleted message from https://sqs.us-east-1.amazonaws.com/767398090493/workerToManagerQueue
LOCAL 2024-02-12 10:07:34 INFO  ManagerTask:128 - Completed tasks 1 out of 40 for local app a49e7617bdffb467 for inputIndex 0
LOCAL 2024-02-12 10:07:35 INFO  ManagerTask:99 - Received response for reviewId R14D3WP6J91DCU for inputIndex 0 for taskType entityRecognition with taskResult 
LOCAL 2024-02-12 10:07:35 INFO  ManagerTask:123 - Updated summary message for reviewId R14D3WP6J91DCU for inputIndex 0 with sentiment 3 and entities 
LOCAL 2024-02-12 10:07:35 INFO  SQSHandler:116 - Deleted message from https://sqs.us-east-1.amazonaws.com/767398090493/workerToManagerQueue
LOCAL 2024-02-12 10:07:35 INFO  ManagerTask:128 - Completed tasks 14 out of 40 for local app a00c3aff1cb9f71e for inputIndex 0
LOCAL 2024-02-12 10:07:35 INFO  ManagerTask:99 - Received response for reviewId RSO743RDYVWTZ for inputIndex 0 for taskType entityRecognition with taskResult 
LOCAL 2024-02-12 10:07:35 INFO  SQSHandler:116 - Deleted message from https://sqs.us-east-1.amazonaws.com/767398090493/workerToManagerQueue
LOCAL 2024-02-12 10:07:35 INFO  ManagerTask:128 - Completed tasks 2 out of 40 for local app a49e7617bdffb467 for inputIndex 0
LOCAL 2024-02-12 10:07:36 INFO  ManagerTask:99 - Received response for reviewId RSO743RDYVWTZ for inputIndex 0 for taskType sentimentAnalysis with taskResult 2
LOCAL 2024-02-12 10:07:36 INFO  ManagerTask:123 - Updated summary message for reviewId RSO743RDYVWTZ for inputIndex 0 with sentiment 2 and entities 
LOCAL 2024-02-12 10:07:36 INFO  SQSHandler:116 - Deleted message from https://sqs.us-east-1.amazonaws.com/767398090493/workerToManagerQueue
LOCAL 2024-02-12 10:07:36 INFO  ManagerTask:128 - Completed tasks 15 out of 40 for local app a00c3aff1cb9f71e for inputIndex 0
LOCAL 2024-02-12 10:07:36 INFO  ManagerTask:132 - Putting back not relevant response in workerToManager queue
LOCAL 2024-02-12 10:07:36 INFO  SQSHandler:76 - Sent message to https://sqs.us-east-1.amazonaws.com/767398090493/workerToManagerQueue
LOCAL 2024-02-12 10:07:37 INFO  ManagerTask:132 - Putting back not relevant response in workerToManager queue
LOCAL 2024-02-12 10:07:37 INFO  SQSHandler:76 - Sent message to https://sqs.us-east-1.amazonaws.com/767398090493/workerToManagerQueue
LOCAL 2024-02-12 10:07:37 INFO  ManagerTask:99 - Received response for reviewId R3GCFAIUL8BI3Y for inputIndex 0 for taskType sentimentAnalysis with taskResult 4
LOCAL 2024-02-12 10:07:37 INFO  SQSHandler:116 - Deleted message from https://sqs.us-east-1.amazonaws.com/767398090493/workerToManagerQueue
LOCAL 2024-02-12 10:07:37 INFO  ManagerTask:128 - Completed tasks 16 out of 40 for local app a00c3aff1cb9f71e for inputIndex 0
LOCAL 2024-02-12 10:07:37 INFO  ManagerTask:132 - Putting back not relevant response in workerToManager queue
LOCAL 2024-02-12 10:07:38 INFO  SQSHandler:76 - Sent message to https://sqs.us-east-1.amazonaws.com/767398090493/workerToManagerQueue
LOCAL 2024-02-12 10:07:38 INFO  ManagerTask:99 - Received response for reviewId RJ62XWHGDIF7 for inputIndex 0 for taskType sentimentAnalysis with taskResult 2
LOCAL 2024-02-12 10:07:38 INFO  SQSHandler:116 - Deleted message from https://sqs.us-east-1.amazonaws.com/767398090493/workerToManagerQueue
LOCAL 2024-02-12 10:07:38 INFO  ManagerTask:128 - Completed tasks 3 out of 40 for local app a49e7617bdffb467 for inputIndex 0
LOCAL 2024-02-12 10:07:38 INFO  ManagerTask:99 - Received response for reviewId R3P2KOXRF7Z400 for inputIndex 0 for taskType sentimentAnalysis with taskResult 3
LOCAL 2024-02-12 10:07:38 INFO  SQSHandler:116 - Deleted message from https://sqs.us-east-1.amazonaws.com/767398090493/workerToManagerQueue
LOCAL 2024-02-12 10:07:38 INFO  ManagerTask:128 - Completed tasks 17 out of 40 for local app a00c3aff1cb9f71e for inputIndex 0
LOCAL 2024-02-12 10:07:38 INFO  ManagerTask:132 - Putting back not relevant response in workerToManager queue
LOCAL 2024-02-12 10:07:39 INFO  SQSHandler:76 - Sent message to https://sqs.us-east-1.amazonaws.com/767398090493/workerToManagerQueue
LOCAL 2024-02-12 10:07:39 INFO  ManagerTask:99 - Received response for reviewId R3R9QKZ61DMKGF for inputIndex 0 for taskType entityRecognition with taskResult 
LOCAL 2024-02-12 10:07:39 INFO  SQSHandler:116 - Deleted message from https://sqs.us-east-1.amazonaws.com/767398090493/workerToManagerQueue
LOCAL 2024-02-12 10:07:39 INFO  ManagerTask:128 - Completed tasks 18 out of 40 for local app a00c3aff1cb9f71e for inputIndex 0
LOCAL 2024-02-12 10:07:40 INFO  ManagerTask:132 - Putting back not relevant response in workerToManager queue
LOCAL 2024-02-12 10:07:40 INFO  SQSHandler:76 - Sent message to https://sqs.us-east-1.amazonaws.com/767398090493/workerToManagerQueue
LOCAL 2024-02-12 10:07:40 INFO  ManagerTask:99 - Received response for reviewId R33DK4T6EHUIHX for inputIndex 0 for taskType sentimentAnalysis with taskResult 1
LOCAL 2024-02-12 10:07:40 INFO  SQSHandler:116 - Deleted message from https://sqs.us-east-1.amazonaws.com/767398090493/workerToManagerQueue
LOCAL 2024-02-12 10:07:40 INFO  ManagerTask:128 - Completed tasks 4 out of 40 for local app a49e7617bdffb467 for inputIndex 0
LOCAL 2024-02-12 10:07:40 INFO  ManagerTask:132 - Putting back not relevant response in workerToManager queue
LOCAL 2024-02-12 10:07:41 INFO  SQSHandler:76 - Sent message to https://sqs.us-east-1.amazonaws.com/767398090493/workerToManagerQueue
LOCAL 2024-02-12 10:07:41 INFO  ManagerTask:132 - Putting back not relevant response in workerToManager queue
LOCAL 2024-02-12 10:07:41 INFO  SQSHandler:76 - Sent message to https://sqs.us-east-1.amazonaws.com/767398090493/workerToManagerQueue
LOCAL 2024-02-12 10:07:41 INFO  ManagerTask:99 - Received response for reviewId R3P2KOXRF7Z400 for inputIndex 0 for taskType entityRecognition with taskResult 
LOCAL 2024-02-12 10:07:41 INFO  SQSHandler:116 - Deleted message from https://sqs.us-east-1.amazonaws.com/767398090493/workerToManagerQueue
LOCAL 2024-02-12 10:07:41 INFO  ManagerTask:128 - Completed tasks 5 out of 40 for local app a49e7617bdffb467 for inputIndex 0
LOCAL 2024-02-12 10:07:41 INFO  ManagerTask:99 - Received response for reviewId RGMH5ROASTBS8 for inputIndex 0 for taskType sentimentAnalysis with taskResult 3
LOCAL 2024-02-12 10:07:41 INFO  ManagerTask:123 - Updated summary message for reviewId RGMH5ROASTBS8 for inputIndex 0 with sentiment 3 and entities 
LOCAL 2024-02-12 10:07:41 INFO  SQSHandler:116 - Deleted message from https://sqs.us-east-1.amazonaws.com/767398090493/workerToManagerQueue
LOCAL 2024-02-12 10:07:41 INFO  ManagerTask:128 - Completed tasks 19 out of 40 for local app a00c3aff1cb9f71e for inputIndex 0
LOCAL 2024-02-12 10:07:41 INFO  ManagerTask:132 - Putting back not relevant response in workerToManager queue
LOCAL 2024-02-12 10:07:42 INFO  SQSHandler:76 - Sent message to https://sqs.us-east-1.amazonaws.com/767398090493/workerToManagerQueue
LOCAL 2024-02-12 10:07:42 INFO  ManagerTask:99 - Received response for reviewId R1L8O7RM8DD6J3 for inputIndex 0 for taskType entityRecognition with taskResult 
LOCAL 2024-02-12 10:07:42 INFO  SQSHandler:116 - Deleted message from https://sqs.us-east-1.amazonaws.com/767398090493/workerToManagerQueue
LOCAL 2024-02-12 10:07:42 INFO  ManagerTask:128 - Completed tasks 20 out of 40 for local app a00c3aff1cb9f71e for inputIndex 0
LOCAL 2024-02-12 10:07:42 INFO  ManagerTask:132 - Putting back not relevant response in workerToManager queue
LOCAL 2024-02-12 10:07:42 INFO  SQSHandler:76 - Sent message to https://sqs.us-east-1.amazonaws.com/767398090493/workerToManagerQueue
LOCAL 2024-02-12 10:07:42 INFO  ManagerTask:99 - Received response for reviewId R8OWCLDI0GGL0 for inputIndex 0 for taskType sentimentAnalysis with taskResult 4
LOCAL 2024-02-12 10:07:42 INFO  ManagerTask:123 - Updated summary message for reviewId R8OWCLDI0GGL0 for inputIndex 0 with sentiment 4 and entities Karen: PERSON, Katz: PERSON
LOCAL 2024-02-12 10:07:42 INFO  SQSHandler:116 - Deleted message from https://sqs.us-east-1.amazonaws.com/767398090493/workerToManagerQueue
LOCAL 2024-02-12 10:07:42 INFO  ManagerTask:128 - Completed tasks 21 out of 40 for local app a00c3aff1cb9f71e for inputIndex 0
LOCAL 2024-02-12 10:07:43 INFO  ManagerTask:132 - Putting back not relevant response in workerToManager queue
LOCAL 2024-02-12 10:07:43 INFO  SQSHandler:76 - Sent message to https://sqs.us-east-1.amazonaws.com/767398090493/workerToManagerQueue
LOCAL 2024-02-12 10:07:43 INFO  ManagerTask:99 - Received response for reviewId RB9QK3F6SUQPU for inputIndex 0 for taskType entityRecognition with taskResult 
LOCAL 2024-02-12 10:07:43 INFO  SQSHandler:116 - Deleted message from https://sqs.us-east-1.amazonaws.com/767398090493/workerToManagerQueue
LOCAL 2024-02-12 10:07:43 INFO  ManagerTask:128 - Completed tasks 22 out of 40 for local app a00c3aff1cb9f71e for inputIndex 0
LOCAL 2024-02-12 10:07:44 INFO  ManagerTask:132 - Putting back not relevant response in workerToManager queue
LOCAL 2024-02-12 10:07:44 INFO  SQSHandler:76 - Sent message to https://sqs.us-east-1.amazonaws.com/767398090493/workerToManagerQueue
LOCAL 2024-02-12 10:07:44 INFO  ManagerTask:99 - Received response for reviewId R367OTNJ8I36FS for inputIndex 0 for taskType sentimentAnalysis with taskResult 3
LOCAL 2024-02-12 10:07:44 INFO  SQSHandler:116 - Deleted message from https://sqs.us-east-1.amazonaws.com/767398090493/workerToManagerQueue
LOCAL 2024-02-12 10:07:44 INFO  ManagerTask:128 - Completed tasks 23 out of 40 for local app a00c3aff1cb9f71e for inputIndex 0
LOCAL 2024-02-12 10:07:44 INFO  ManagerTask:132 - Putting back not relevant response in workerToManager queue
LOCAL 2024-02-12 10:07:44 INFO  ManagerTask:99 - Received response for reviewId R3P2KOXRF7Z400 for inputIndex 0 for taskType entityRecognition with taskResult 
LOCAL 2024-02-12 10:07:44 INFO  ManagerTask:123 - Updated summary message for reviewId R3P2KOXRF7Z400 for inputIndex 0 with sentiment 3 and entities 
LOCAL 2024-02-12 10:07:44 INFO  SQSHandler:116 - Deleted message from https://sqs.us-east-1.amazonaws.com/767398090493/workerToManagerQueue
LOCAL 2024-02-12 10:07:44 INFO  ManagerTask:128 - Completed tasks 24 out of 40 for local app a00c3aff1cb9f71e for inputIndex 0
LOCAL 2024-02-12 10:07:44 INFO  SQSHandler:76 - Sent message to https://sqs.us-east-1.amazonaws.com/767398090493/workerToManagerQueue
LOCAL 2024-02-12 10:07:45 INFO  ManagerTask:132 - Putting back not relevant response in workerToManager queue
LOCAL 2024-02-12 10:07:45 INFO  SQSHandler:76 - Sent message to https://sqs.us-east-1.amazonaws.com/767398090493/workerToManagerQueue
LOCAL 2024-02-12 10:07:45 INFO  ManagerTask:99 - Received response for reviewId RJ62XWHGDIF7 for inputIndex 0 for taskType entityRecognition with taskResult 
LOCAL 2024-02-12 10:07:45 INFO  ManagerTask:123 - Updated summary message for reviewId RJ62XWHGDIF7 for inputIndex 0 with sentiment 2 and entities 
LOCAL 2024-02-12 10:07:45 INFO  SQSHandler:116 - Deleted message from https://sqs.us-east-1.amazonaws.com/767398090493/workerToManagerQueue
LOCAL 2024-02-12 10:07:45 INFO  ManagerTask:128 - Completed tasks 6 out of 40 for local app a49e7617bdffb467 for inputIndex 0
LOCAL 2024-02-12 10:07:45 INFO  ManagerTask:132 - Putting back not relevant response in workerToManager queue
LOCAL 2024-02-12 10:07:45 INFO  SQSHandler:76 - Sent message to https://sqs.us-east-1.amazonaws.com/767398090493/workerToManagerQueue
LOCAL 2024-02-12 10:07:45 INFO  ManagerTask:99 - Received response for reviewId RSO743RDYVWTZ for inputIndex 0 for taskType sentimentAnalysis with taskResult 2
LOCAL 2024-02-12 10:07:45 INFO  ManagerTask:123 - Updated summary message for reviewId RSO743RDYVWTZ for inputIndex 0 with sentiment 2 and entities 
LOCAL 2024-02-12 10:07:45 INFO  SQSHandler:116 - Deleted message from https://sqs.us-east-1.amazonaws.com/767398090493/workerToManagerQueue
LOCAL 2024-02-12 10:07:45 INFO  ManagerTask:128 - Completed tasks 7 out of 40 for local app a49e7617bdffb467 for inputIndex 0
LOCAL 2024-02-12 10:07:46 INFO  ManagerTask:132 - Putting back not relevant response in workerToManager queue
LOCAL 2024-02-12 10:07:46 INFO  SQSHandler:76 - Sent message to https://sqs.us-east-1.amazonaws.com/767398090493/workerToManagerQueue
LOCAL 2024-02-12 10:07:46 INFO  ManagerTask:99 - Received response for reviewId R8OWCLDI0GGL0 for inputIndex 0 for taskType sentimentAnalysis with taskResult 4
LOCAL 2024-02-12 10:07:46 INFO  ManagerTask:123 - Updated summary message for reviewId R8OWCLDI0GGL0 for inputIndex 0 with sentiment 4 and entities Karen: PERSON, Katz: PERSON
LOCAL 2024-02-12 10:07:46 INFO  SQSHandler:116 - Deleted message from https://sqs.us-east-1.amazonaws.com/767398090493/workerToManagerQueue
LOCAL 2024-02-12 10:07:46 INFO  ManagerTask:128 - Completed tasks 8 out of 40 for local app a49e7617bdffb467 for inputIndex 0
LOCAL 2024-02-12 10:07:47 INFO  ManagerTask:132 - Putting back not relevant response in workerToManager queue
LOCAL 2024-02-12 10:07:47 INFO  SQSHandler:76 - Sent message to https://sqs.us-east-1.amazonaws.com/767398090493/workerToManagerQueue
LOCAL 2024-02-12 10:07:47 INFO  ManagerTask:99 - Received response for reviewId R1L8O7RM8DD6J3 for inputIndex 0 for taskType sentimentAnalysis with taskResult 1
LOCAL 2024-02-12 10:07:47 INFO  ManagerTask:123 - Updated summary message for reviewId R1L8O7RM8DD6J3 for inputIndex 0 with sentiment 1 and entities 
LOCAL 2024-02-12 10:07:47 INFO  SQSHandler:116 - Deleted message from https://sqs.us-east-1.amazonaws.com/767398090493/workerToManagerQueue
LOCAL 2024-02-12 10:07:47 INFO  ManagerTask:128 - Completed tasks 25 out of 40 for local app a00c3aff1cb9f71e for inputIndex 0
LOCAL 2024-02-12 10:07:47 INFO  ManagerTask:132 - Putting back not relevant response in workerToManager queue
LOCAL 2024-02-12 10:07:47 INFO  SQSHandler:76 - Sent message to https://sqs.us-east-1.amazonaws.com/767398090493/workerToManagerQueue
LOCAL 2024-02-12 10:07:47 INFO  ManagerTask:99 - Received response for reviewId R33SW6AMDKTSB8 for inputIndex 0 for taskType sentimentAnalysis with taskResult 3
LOCAL 2024-02-12 10:07:48 INFO  SQSHandler:116 - Deleted message from https://sqs.us-east-1.amazonaws.com/767398090493/workerToManagerQueue
LOCAL 2024-02-12 10:07:48 INFO  ManagerTask:128 - Completed tasks 9 out of 40 for local app a49e7617bdffb467 for inputIndex 0
LOCAL 2024-02-12 10:07:48 INFO  ManagerTask:132 - Putting back not relevant response in workerToManager queue
LOCAL 2024-02-12 10:07:48 INFO  SQSHandler:76 - Sent message to https://sqs.us-east-1.amazonaws.com/767398090493/workerToManagerQueue
LOCAL 2024-02-12 10:07:48 INFO  ManagerTask:99 - Received response for reviewId R33DK4T6EHUIHX for inputIndex 0 for taskType entityRecognition with taskResult 
LOCAL 2024-02-12 10:07:48 INFO  ManagerTask:123 - Updated summary message for reviewId R33DK4T6EHUIHX for inputIndex 0 with sentiment 1 and entities 
LOCAL 2024-02-12 10:07:48 INFO  SQSHandler:116 - Deleted message from https://sqs.us-east-1.amazonaws.com/767398090493/workerToManagerQueue
LOCAL 2024-02-12 10:07:48 INFO  ManagerTask:128 - Completed tasks 10 out of 40 for local app a49e7617bdffb467 for inputIndex 0
LOCAL 2024-02-12 10:07:48 INFO  ManagerTask:99 - Received response for reviewId R33SW6AMDKTSB8 for inputIndex 0 for taskType entityRecognition with taskResult 
LOCAL 2024-02-12 10:07:48 INFO  SQSHandler:116 - Deleted message from https://sqs.us-east-1.amazonaws.com/767398090493/workerToManagerQueue
LOCAL 2024-02-12 10:07:48 INFO  ManagerTask:128 - Completed tasks 26 out of 40 for local app a00c3aff1cb9f71e for inputIndex 0
LOCAL 2024-02-12 10:07:49 INFO  ManagerTask:99 - Received response for reviewId R3V239ZPPF0XY3 for inputIndex 0 for taskType sentimentAnalysis with taskResult 2
LOCAL 2024-02-12 10:07:49 INFO  ManagerTask:99 - Received response for reviewId R1RUXYHCSZSHJ0 for inputIndex 0 for taskType entityRecognition with taskResult 
LOCAL 2024-02-12 10:07:49 INFO  ManagerTask:123 - Updated summary message for reviewId R1RUXYHCSZSHJ0 for inputIndex 0 with sentiment 2 and entities 
LOCAL 2024-02-12 10:07:49 INFO  SQSHandler:116 - Deleted message from https://sqs.us-east-1.amazonaws.com/767398090493/workerToManagerQueue
LOCAL 2024-02-12 10:07:49 INFO  ManagerTask:128 - Completed tasks 11 out of 40 for local app a49e7617bdffb467 for inputIndex 0
LOCAL 2024-02-12 10:07:50 INFO  SQSHandler:116 - Deleted message from https://sqs.us-east-1.amazonaws.com/767398090493/workerToManagerQueue
LOCAL 2024-02-12 10:07:50 INFO  ManagerTask:128 - Completed tasks 27 out of 40 for local app a00c3aff1cb9f71e for inputIndex 0
LOCAL 2024-02-12 10:07:50 INFO  ManagerTask:99 - Received response for reviewId R3R9QKZ61DMKGF for inputIndex 0 for taskType sentimentAnalysis with taskResult 3
LOCAL 2024-02-12 10:07:50 INFO  ManagerTask:123 - Updated summary message for reviewId R3R9QKZ61DMKGF for inputIndex 0 with sentiment 3 and entities 
LOCAL 2024-02-12 10:07:50 INFO  SQSHandler:116 - Deleted message from https://sqs.us-east-1.amazonaws.com/767398090493/workerToManagerQueue
LOCAL 2024-02-12 10:07:50 INFO  ManagerTask:128 - Completed tasks 28 out of 40 for local app a00c3aff1cb9f71e for inputIndex 0
LOCAL 2024-02-12 10:07:50 INFO  Manager:43 - Received 0 requests
LOCAL 2024-02-12 10:07:50 INFO  ManagerTask:99 - Received response for reviewId RGMH5ROASTBS8 for inputIndex 0 for taskType sentimentAnalysis with taskResult 3
LOCAL 2024-02-12 10:07:50 INFO  SQSHandler:116 - Deleted message from https://sqs.us-east-1.amazonaws.com/767398090493/workerToManagerQueue
LOCAL 2024-02-12 10:07:50 INFO  ManagerTask:128 - Completed tasks 12 out of 40 for local app a49e7617bdffb467 for inputIndex 0
LOCAL 2024-02-12 10:07:51 INFO  ManagerTask:99 - Received response for reviewId R3V239ZPPF0XY3 for inputIndex 0 for taskType entityRecognition with taskResult 
LOCAL 2024-02-12 10:07:51 INFO  ManagerTask:123 - Updated summary message for reviewId R3V239ZPPF0XY3 for inputIndex 0 with sentiment 2 and entities 
LOCAL 2024-02-12 10:07:51 INFO  SQSHandler:116 - Deleted message from https://sqs.us-east-1.amazonaws.com/767398090493/workerToManagerQueue
LOCAL 2024-02-12 10:07:51 INFO  ManagerTask:128 - Completed tasks 13 out of 40 for local app a49e7617bdffb467 for inputIndex 0
LOCAL 2024-02-12 10:07:51 INFO  ManagerTask:132 - Putting back not relevant response in workerToManager queue
LOCAL 2024-02-12 10:07:51 INFO  SQSHandler:76 - Sent message to https://sqs.us-east-1.amazonaws.com/767398090493/workerToManagerQueue
LOCAL 2024-02-12 10:07:51 INFO  ManagerTask:99 - Received response for reviewId R3V239ZPPF0XY3 for inputIndex 0 for taskType sentimentAnalysis with taskResult 2
LOCAL 2024-02-12 10:07:52 INFO  SQSHandler:116 - Deleted message from https://sqs.us-east-1.amazonaws.com/767398090493/workerToManagerQueue
LOCAL 2024-02-12 10:07:52 INFO  ManagerTask:128 - Completed tasks 29 out of 40 for local app a00c3aff1cb9f71e for inputIndex 0
LOCAL 2024-02-12 10:07:52 INFO  ManagerTask:99 - Received response for reviewId RB9QK3F6SUQPU for inputIndex 0 for taskType entityRecognition with taskResult 
LOCAL 2024-02-12 10:07:52 INFO  SQSHandler:116 - Deleted message from https://sqs.us-east-1.amazonaws.com/767398090493/workerToManagerQueue
LOCAL 2024-02-12 10:07:52 INFO  ManagerTask:128 - Completed tasks 14 out of 40 for local app a49e7617bdffb467 for inputIndex 0
LOCAL 2024-02-12 10:07:52 INFO  ManagerTask:99 - Received response for reviewId RGMH5ROASTBS8 for inputIndex 0 for taskType entityRecognition with taskResult 
LOCAL 2024-02-12 10:07:52 INFO  ManagerTask:123 - Updated summary message for reviewId RGMH5ROASTBS8 for inputIndex 0 with sentiment 3 and entities 
LOCAL 2024-02-12 10:07:52 INFO  SQSHandler:116 - Deleted message from https://sqs.us-east-1.amazonaws.com/767398090493/workerToManagerQueue
LOCAL 2024-02-12 10:07:52 INFO  ManagerTask:128 - Completed tasks 15 out of 40 for local app a49e7617bdffb467 for inputIndex 0
LOCAL 2024-02-12 10:07:54 INFO  ManagerTask:132 - Putting back not relevant response in workerToManager queue
LOCAL 2024-02-12 10:07:54 INFO  SQSHandler:76 - Sent message to https://sqs.us-east-1.amazonaws.com/767398090493/workerToManagerQueue
LOCAL 2024-02-12 10:07:54 INFO  ManagerTask:99 - Received response for reviewId R3MRIY8FUDOYHU for inputIndex 0 for taskType sentimentAnalysis with taskResult 2
LOCAL 2024-02-12 10:07:54 INFO  SQSHandler:116 - Deleted message from https://sqs.us-east-1.amazonaws.com/767398090493/workerToManagerQueue
LOCAL 2024-02-12 10:07:54 INFO  ManagerTask:128 - Completed tasks 30 out of 40 for local app a00c3aff1cb9f71e for inputIndex 0
LOCAL 2024-02-12 10:07:54 INFO  ManagerTask:132 - Putting back not relevant response in workerToManager queue
LOCAL 2024-02-12 10:07:55 INFO  SQSHandler:76 - Sent message to https://sqs.us-east-1.amazonaws.com/767398090493/workerToManagerQueue
LOCAL 2024-02-12 10:07:55 INFO  ManagerTask:99 - Received response for reviewId R367OTNJ8I36FS for inputIndex 0 for taskType entityRecognition with taskResult 
LOCAL 2024-02-12 10:07:55 INFO  ManagerTask:123 - Updated summary message for reviewId R367OTNJ8I36FS for inputIndex 0 with sentiment 3 and entities 
LOCAL 2024-02-12 10:07:55 INFO  SQSHandler:116 - Deleted message from https://sqs.us-east-1.amazonaws.com/767398090493/workerToManagerQueue
LOCAL 2024-02-12 10:07:55 INFO  ManagerTask:128 - Completed tasks 31 out of 40 for local app a00c3aff1cb9f71e for inputIndex 0
LOCAL 2024-02-12 10:07:55 INFO  ManagerTask:99 - Received response for reviewId R3V239ZPPF0XY3 for inputIndex 0 for taskType entityRecognition with taskResult 
LOCAL 2024-02-12 10:07:55 INFO  ManagerTask:123 - Updated summary message for reviewId R3V239ZPPF0XY3 for inputIndex 0 with sentiment 2 and entities 
LOCAL 2024-02-12 10:07:55 INFO  SQSHandler:116 - Deleted message from https://sqs.us-east-1.amazonaws.com/767398090493/workerToManagerQueue
LOCAL 2024-02-12 10:07:55 INFO  ManagerTask:128 - Completed tasks 32 out of 40 for local app a00c3aff1cb9f71e for inputIndex 0
LOCAL 2024-02-12 10:07:55 INFO  ManagerTask:99 - Received response for reviewId R3DHV2T9Q991V7 for inputIndex 0 for taskType sentimentAnalysis with taskResult 4
LOCAL 2024-02-12 10:07:56 INFO  SQSHandler:116 - Deleted message from https://sqs.us-east-1.amazonaws.com/767398090493/workerToManagerQueue
LOCAL 2024-02-12 10:07:56 INFO  ManagerTask:128 - Completed tasks 16 out of 40 for local app a49e7617bdffb467 for inputIndex 0
LOCAL 2024-02-12 10:07:56 INFO  ManagerTask:132 - Putting back not relevant response in workerToManager queue
LOCAL 2024-02-12 10:07:56 INFO  SQSHandler:76 - Sent message to https://sqs.us-east-1.amazonaws.com/767398090493/workerToManagerQueue
LOCAL 2024-02-12 10:07:56 INFO  ManagerTask:99 - Received response for reviewId R3GCFAIUL8BI3Y for inputIndex 0 for taskType entityRecognition with taskResult 
LOCAL 2024-02-12 10:07:56 INFO  ManagerTask:123 - Updated summary message for reviewId R3GCFAIUL8BI3Y for inputIndex 0 with sentiment 4 and entities 
LOCAL 2024-02-12 10:07:56 INFO  SQSHandler:116 - Deleted message from https://sqs.us-east-1.amazonaws.com/767398090493/workerToManagerQueue
LOCAL 2024-02-12 10:07:56 INFO  ManagerTask:128 - Completed tasks 33 out of 40 for local app a00c3aff1cb9f71e for inputIndex 0
LOCAL 2024-02-12 10:07:56 INFO  ManagerTask:99 - Received response for reviewId R3DHV2T9Q991V7 for inputIndex 0 for taskType entityRecognition with taskResult 
LOCAL 2024-02-12 10:07:56 INFO  ManagerTask:123 - Updated summary message for reviewId R3DHV2T9Q991V7 for inputIndex 0 with sentiment 4 and entities 
LOCAL 2024-02-12 10:07:56 INFO  SQSHandler:116 - Deleted message from https://sqs.us-east-1.amazonaws.com/767398090493/workerToManagerQueue
LOCAL 2024-02-12 10:07:56 INFO  ManagerTask:128 - Completed tasks 17 out of 40 for local app a49e7617bdffb467 for inputIndex 0
LOCAL 2024-02-12 10:07:57 INFO  ManagerTask:132 - Putting back not relevant response in workerToManager queue
LOCAL 2024-02-12 10:07:57 INFO  SQSHandler:76 - Sent message to https://sqs.us-east-1.amazonaws.com/767398090493/workerToManagerQueue
LOCAL 2024-02-12 10:07:57 INFO  ManagerTask:99 - Received response for reviewId R3R9QKZ61DMKGF for inputIndex 0 for taskType sentimentAnalysis with taskResult 3
LOCAL 2024-02-12 10:07:57 INFO  SQSHandler:116 - Deleted message from https://sqs.us-east-1.amazonaws.com/767398090493/workerToManagerQueue
LOCAL 2024-02-12 10:07:57 INFO  ManagerTask:128 - Completed tasks 18 out of 40 for local app a49e7617bdffb467 for inputIndex 0
LOCAL 2024-02-12 10:07:57 INFO  ManagerTask:99 - Received response for reviewId RB9QK3F6SUQPU for inputIndex 0 for taskType sentimentAnalysis with taskResult 4
LOCAL 2024-02-12 10:07:57 INFO  ManagerTask:123 - Updated summary message for reviewId RB9QK3F6SUQPU for inputIndex 0 with sentiment 4 and entities 
LOCAL 2024-02-12 10:07:57 INFO  SQSHandler:116 - Deleted message from https://sqs.us-east-1.amazonaws.com/767398090493/workerToManagerQueue
LOCAL 2024-02-12 10:07:57 INFO  ManagerTask:128 - Completed tasks 34 out of 40 for local app a00c3aff1cb9f71e for inputIndex 0
LOCAL 2024-02-12 10:07:58 INFO  ManagerTask:99 - Received response for reviewId R3MRIY8FUDOYHU for inputIndex 0 for taskType entityRecognition with taskResult Katz: PERSON, Karen: PERSON, Katz: PERSON, Katz: PERSON
LOCAL 2024-02-12 10:07:58 INFO  ManagerTask:123 - Updated summary message for reviewId R3MRIY8FUDOYHU for inputIndex 0 with sentiment 2 and entities Katz: PERSON, Karen: PERSON, Katz: PERSON, Katz: PERSON
LOCAL 2024-02-12 10:07:58 INFO  SQSHandler:116 - Deleted message from https://sqs.us-east-1.amazonaws.com/767398090493/workerToManagerQueue
LOCAL 2024-02-12 10:07:58 INFO  ManagerTask:128 - Completed tasks 35 out of 40 for local app a00c3aff1cb9f71e for inputIndex 0
LOCAL 2024-02-12 10:07:59 INFO  ManagerTask:132 - Putting back not relevant response in workerToManager queue
LOCAL 2024-02-12 10:07:59 INFO  SQSHandler:76 - Sent message to https://sqs.us-east-1.amazonaws.com/767398090493/workerToManagerQueue
LOCAL 2024-02-12 10:07:59 INFO  ManagerTask:99 - Received response for reviewId R3R9QKZ61DMKGF for inputIndex 0 for taskType entityRecognition with taskResult 
LOCAL 2024-02-12 10:07:59 INFO  ManagerTask:123 - Updated summary message for reviewId R3R9QKZ61DMKGF for inputIndex 0 with sentiment 3 and entities 
LOCAL 2024-02-12 10:07:59 INFO  SQSHandler:116 - Deleted message from https://sqs.us-east-1.amazonaws.com/767398090493/workerToManagerQueue
LOCAL 2024-02-12 10:07:59 INFO  ManagerTask:128 - Completed tasks 19 out of 40 for local app a49e7617bdffb467 for inputIndex 0
LOCAL 2024-02-12 10:07:59 INFO  ManagerTask:132 - Putting back not relevant response in workerToManager queue
LOCAL 2024-02-12 10:07:59 INFO  SQSHandler:76 - Sent message to https://sqs.us-east-1.amazonaws.com/767398090493/workerToManagerQueue
LOCAL 2024-02-12 10:07:59 INFO  ManagerTask:99 - Received response for reviewId R14D3WP6J91DCU for inputIndex 0 for taskType entityRecognition with taskResult 
LOCAL 2024-02-12 10:08:00 INFO  SQSHandler:116 - Deleted message from https://sqs.us-east-1.amazonaws.com/767398090493/workerToManagerQueue
LOCAL 2024-02-12 10:08:00 INFO  ManagerTask:128 - Completed tasks 20 out of 40 for local app a49e7617bdffb467 for inputIndex 0
LOCAL 2024-02-12 10:08:00 INFO  ManagerTask:132 - Putting back not relevant response in workerToManager queue
LOCAL 2024-02-12 10:08:00 INFO  SQSHandler:76 - Sent message to https://sqs.us-east-1.amazonaws.com/767398090493/workerToManagerQueue
LOCAL 2024-02-12 10:08:00 INFO  ManagerTask:99 - Received response for reviewId R3GCFAIUL8BI3Y for inputIndex 0 for taskType entityRecognition with taskResult 
LOCAL 2024-02-12 10:08:00 INFO  SQSHandler:116 - Deleted message from https://sqs.us-east-1.amazonaws.com/767398090493/workerToManagerQueue
LOCAL 2024-02-12 10:08:00 INFO  ManagerTask:128 - Completed tasks 21 out of 40 for local app a49e7617bdffb467 for inputIndex 0
LOCAL 2024-02-12 10:08:00 INFO  ManagerTask:132 - Putting back not relevant response in workerToManager queue
LOCAL 2024-02-12 10:08:00 INFO  SQSHandler:76 - Sent message to https://sqs.us-east-1.amazonaws.com/767398090493/workerToManagerQueue
LOCAL 2024-02-12 10:08:00 INFO  ManagerTask:99 - Received response for reviewId R3MRIY8FUDOYHU for inputIndex 0 for taskType entityRecognition with taskResult Katz: PERSON, Karen: PERSON, Katz: PERSON, Katz: PERSON
LOCAL 2024-02-12 10:08:01 INFO  SQSHandler:116 - Deleted message from https://sqs.us-east-1.amazonaws.com/767398090493/workerToManagerQueue
LOCAL 2024-02-12 10:08:01 INFO  ManagerTask:128 - Completed tasks 22 out of 40 for local app a49e7617bdffb467 for inputIndex 0
LOCAL 2024-02-12 10:08:01 INFO  ManagerTask:132 - Putting back not relevant response in workerToManager queue
LOCAL 2024-02-12 10:08:01 INFO  SQSHandler:76 - Sent message to https://sqs.us-east-1.amazonaws.com/767398090493/workerToManagerQueue
LOCAL 2024-02-12 10:08:01 INFO  ManagerTask:99 - Received response for reviewId R1RUXYHCSZSHJ0 for inputIndex 0 for taskType sentimentAnalysis with taskResult 2
LOCAL 2024-02-12 10:08:01 INFO  SQSHandler:116 - Deleted message from https://sqs.us-east-1.amazonaws.com/767398090493/workerToManagerQueue
LOCAL 2024-02-12 10:08:01 INFO  ManagerTask:128 - Completed tasks 23 out of 40 for local app a49e7617bdffb467 for inputIndex 0
LOCAL 2024-02-12 10:08:02 INFO  ManagerTask:132 - Putting back not relevant response in workerToManager queue
LOCAL 2024-02-12 10:08:02 INFO  SQSHandler:76 - Sent message to https://sqs.us-east-1.amazonaws.com/767398090493/workerToManagerQueue
LOCAL 2024-02-12 10:08:02 INFO  ManagerTask:99 - Received response for reviewId R367OTNJ8I36FS for inputIndex 0 for taskType sentimentAnalysis with taskResult 3
LOCAL 2024-02-12 10:08:02 INFO  SQSHandler:116 - Deleted message from https://sqs.us-east-1.amazonaws.com/767398090493/workerToManagerQueue
LOCAL 2024-02-12 10:08:02 INFO  ManagerTask:128 - Completed tasks 24 out of 40 for local app a49e7617bdffb467 for inputIndex 0
LOCAL 2024-02-12 10:08:02 INFO  ManagerTask:132 - Putting back not relevant response in workerToManager queue
LOCAL 2024-02-12 10:08:02 INFO  SQSHandler:76 - Sent message to https://sqs.us-east-1.amazonaws.com/767398090493/workerToManagerQueue
LOCAL 2024-02-12 10:08:02 INFO  ManagerTask:99 - Received response for reviewId R14D3WP6J91DCU for inputIndex 0 for taskType sentimentAnalysis with taskResult 3
LOCAL 2024-02-12 10:08:02 INFO  ManagerTask:123 - Updated summary message for reviewId R14D3WP6J91DCU for inputIndex 0 with sentiment 3 and entities 
LOCAL 2024-02-12 10:08:02 INFO  SQSHandler:116 - Deleted message from https://sqs.us-east-1.amazonaws.com/767398090493/workerToManagerQueue
LOCAL 2024-02-12 10:08:02 INFO  ManagerTask:128 - Completed tasks 25 out of 40 for local app a49e7617bdffb467 for inputIndex 0
LOCAL 2024-02-12 10:08:03 INFO  ManagerTask:132 - Putting back not relevant response in workerToManager queue
LOCAL 2024-02-12 10:08:03 INFO  SQSHandler:76 - Sent message to https://sqs.us-east-1.amazonaws.com/767398090493/workerToManagerQueue
LOCAL 2024-02-12 10:08:03 INFO  ManagerTask:99 - Received response for reviewId R366N97DLUODS7 for inputIndex 0 for taskType sentimentAnalysis with taskResult 2
LOCAL 2024-02-12 10:08:03 INFO  SQSHandler:116 - Deleted message from https://sqs.us-east-1.amazonaws.com/767398090493/workerToManagerQueue
LOCAL 2024-02-12 10:08:03 INFO  ManagerTask:128 - Completed tasks 26 out of 40 for local app a49e7617bdffb467 for inputIndex 0
LOCAL 2024-02-12 10:08:03 INFO  ManagerTask:99 - Received response for reviewId RW6ORU2M3C461 for inputIndex 0 for taskType entityRecognition with taskResult 
LOCAL 2024-02-12 10:08:03 INFO  SQSHandler:116 - Deleted message from https://sqs.us-east-1.amazonaws.com/767398090493/workerToManagerQueue
LOCAL 2024-02-12 10:08:03 INFO  ManagerTask:128 - Completed tasks 36 out of 40 for local app a00c3aff1cb9f71e for inputIndex 0
LOCAL 2024-02-12 10:08:04 INFO  ManagerTask:99 - Received response for reviewId RW6ORU2M3C461 for inputIndex 0 for taskType sentimentAnalysis with taskResult 3
LOCAL 2024-02-12 10:08:04 INFO  SQSHandler:116 - Deleted message from https://sqs.us-east-1.amazonaws.com/767398090493/workerToManagerQueue
LOCAL 2024-02-12 10:08:04 INFO  ManagerTask:128 - Completed tasks 27 out of 40 for local app a49e7617bdffb467 for inputIndex 0
LOCAL 2024-02-12 10:08:04 INFO  ManagerTask:132 - Putting back not relevant response in workerToManager queue
LOCAL 2024-02-12 10:08:04 INFO  SQSHandler:76 - Sent message to https://sqs.us-east-1.amazonaws.com/767398090493/workerToManagerQueue
LOCAL 2024-02-12 10:08:04 INFO  ManagerTask:99 - Received response for reviewId R366N97DLUODS7 for inputIndex 0 for taskType entityRecognition with taskResult 
LOCAL 2024-02-12 10:08:04 INFO  ManagerTask:123 - Updated summary message for reviewId R366N97DLUODS7 for inputIndex 0 with sentiment 2 and entities 
LOCAL 2024-02-12 10:08:04 INFO  SQSHandler:116 - Deleted message from https://sqs.us-east-1.amazonaws.com/767398090493/workerToManagerQueue
LOCAL 2024-02-12 10:08:04 INFO  ManagerTask:128 - Completed tasks 28 out of 40 for local app a49e7617bdffb467 for inputIndex 0
LOCAL 2024-02-12 10:08:05 INFO  ManagerTask:132 - Putting back not relevant response in workerToManager queue
LOCAL 2024-02-12 10:08:05 INFO  SQSHandler:76 - Sent message to https://sqs.us-east-1.amazonaws.com/767398090493/workerToManagerQueue
LOCAL 2024-02-12 10:08:05 INFO  ManagerTask:99 - Received response for reviewId R33SW6AMDKTSB8 for inputIndex 0 for taskType sentimentAnalysis with taskResult 3
LOCAL 2024-02-12 10:08:05 INFO  ManagerTask:123 - Updated summary message for reviewId R33SW6AMDKTSB8 for inputIndex 0 with sentiment 3 and entities 
LOCAL 2024-02-12 10:08:05 INFO  SQSHandler:116 - Deleted message from https://sqs.us-east-1.amazonaws.com/767398090493/workerToManagerQueue
LOCAL 2024-02-12 10:08:05 INFO  ManagerTask:128 - Completed tasks 37 out of 40 for local app a00c3aff1cb9f71e for inputIndex 0
LOCAL 2024-02-12 10:08:05 INFO  ManagerTask:132 - Putting back not relevant response in workerToManager queue
LOCAL 2024-02-12 10:08:05 INFO  SQSHandler:76 - Sent message to https://sqs.us-east-1.amazonaws.com/767398090493/workerToManagerQueue
LOCAL 2024-02-12 10:08:05 INFO  ManagerTask:99 - Received response for reviewId R366N97DLUODS7 for inputIndex 0 for taskType sentimentAnalysis with taskResult 2
LOCAL 2024-02-12 10:08:05 INFO  SQSHandler:116 - Deleted message from https://sqs.us-east-1.amazonaws.com/767398090493/workerToManagerQueue
LOCAL 2024-02-12 10:08:05 INFO  ManagerTask:128 - Completed tasks 38 out of 40 for local app a00c3aff1cb9f71e for inputIndex 0
LOCAL 2024-02-12 10:08:06 INFO  ManagerTask:99 - Received response for reviewId R3P2KOXRF7Z400 for inputIndex 0 for taskType sentimentAnalysis with taskResult 3
LOCAL 2024-02-12 10:08:06 INFO  ManagerTask:123 - Updated summary message for reviewId R3P2KOXRF7Z400 for inputIndex 0 with sentiment 3 and entities 
LOCAL 2024-02-12 10:08:06 INFO  SQSHandler:116 - Deleted message from https://sqs.us-east-1.amazonaws.com/767398090493/workerToManagerQueue
LOCAL 2024-02-12 10:08:06 INFO  ManagerTask:128 - Completed tasks 29 out of 40 for local app a49e7617bdffb467 for inputIndex 0
LOCAL 2024-02-12 10:08:06 INFO  ManagerTask:132 - Putting back not relevant response in workerToManager queue
LOCAL 2024-02-12 10:08:06 INFO  SQSHandler:76 - Sent message to https://sqs.us-east-1.amazonaws.com/767398090493/workerToManagerQueue
LOCAL 2024-02-12 10:08:06 INFO  ManagerTask:99 - Received response for reviewId R1IKZK5S0DCKZ0 for inputIndex 0 for taskType entityRecognition with taskResult Karen: PERSON, Katz: PERSON
LOCAL 2024-02-12 10:08:06 INFO  SQSHandler:116 - Deleted message from https://sqs.us-east-1.amazonaws.com/767398090493/workerToManagerQueue
LOCAL 2024-02-12 10:08:06 INFO  ManagerTask:128 - Completed tasks 30 out of 40 for local app a49e7617bdffb467 for inputIndex 0
LOCAL 2024-02-12 10:08:07 INFO  ManagerTask:132 - Putting back not relevant response in workerToManager queue
LOCAL 2024-02-12 10:08:07 INFO  SQSHandler:76 - Sent message to https://sqs.us-east-1.amazonaws.com/767398090493/workerToManagerQueue
LOCAL 2024-02-12 10:08:07 INFO  ManagerTask:99 - Received response for reviewId R33SW6AMDKTSB8 for inputIndex 0 for taskType entityRecognition with taskResult 
LOCAL 2024-02-12 10:08:07 INFO  ManagerTask:123 - Updated summary message for reviewId R33SW6AMDKTSB8 for inputIndex 0 with sentiment 3 and entities 
LOCAL 2024-02-12 10:08:07 INFO  SQSHandler:116 - Deleted message from https://sqs.us-east-1.amazonaws.com/767398090493/workerToManagerQueue
LOCAL 2024-02-12 10:08:07 INFO  ManagerTask:128 - Completed tasks 31 out of 40 for local app a49e7617bdffb467 for inputIndex 0
LOCAL 2024-02-12 10:08:07 INFO  ManagerTask:99 - Received response for reviewId RW6ORU2M3C461 for inputIndex 0 for taskType sentimentAnalysis with taskResult 3
LOCAL 2024-02-12 10:08:07 INFO  ManagerTask:123 - Updated summary message for reviewId RW6ORU2M3C461 for inputIndex 0 with sentiment 3 and entities 
LOCAL 2024-02-12 10:08:07 INFO  SQSHandler:116 - Deleted message from https://sqs.us-east-1.amazonaws.com/767398090493/workerToManagerQueue
LOCAL 2024-02-12 10:08:07 INFO  ManagerTask:128 - Completed tasks 39 out of 40 for local app a00c3aff1cb9f71e for inputIndex 0
LOCAL 2024-02-12 10:08:08 INFO  ManagerTask:132 - Putting back not relevant response in workerToManager queue
LOCAL 2024-02-12 10:08:08 INFO  SQSHandler:76 - Sent message to https://sqs.us-east-1.amazonaws.com/767398090493/workerToManagerQueue
LOCAL 2024-02-12 10:08:08 INFO  ManagerTask:99 - Received response for reviewId R1RUXYHCSZSHJ0 for inputIndex 0 for taskType entityRecognition with taskResult 
LOCAL 2024-02-12 10:08:08 INFO  ManagerTask:123 - Updated summary message for reviewId R1RUXYHCSZSHJ0 for inputIndex 0 with sentiment 2 and entities 
LOCAL 2024-02-12 10:08:08 INFO  SQSHandler:116 - Deleted message from https://sqs.us-east-1.amazonaws.com/767398090493/workerToManagerQueue
LOCAL 2024-02-12 10:08:08 INFO  ManagerTask:128 - Completed tasks 32 out of 40 for local app a49e7617bdffb467 for inputIndex 0
LOCAL 2024-02-12 10:08:08 INFO  ManagerTask:132 - Putting back not relevant response in workerToManager queue
LOCAL 2024-02-12 10:08:08 INFO  SQSHandler:76 - Sent message to https://sqs.us-east-1.amazonaws.com/767398090493/workerToManagerQueue
LOCAL 2024-02-12 10:08:08 INFO  ManagerTask:132 - Putting back not relevant response in workerToManager queue
LOCAL 2024-02-12 10:08:09 INFO  SQSHandler:76 - Sent message to https://sqs.us-east-1.amazonaws.com/767398090493/workerToManagerQueue
LOCAL 2024-02-12 10:08:09 INFO  ManagerTask:99 - Received response for reviewId RW6ORU2M3C461 for inputIndex 0 for taskType entityRecognition with taskResult 
LOCAL 2024-02-12 10:08:09 INFO  ManagerTask:123 - Updated summary message for reviewId RW6ORU2M3C461 for inputIndex 0 with sentiment 3 and entities 
LOCAL 2024-02-12 10:08:09 INFO  SQSHandler:116 - Deleted message from https://sqs.us-east-1.amazonaws.com/767398090493/workerToManagerQueue
LOCAL 2024-02-12 10:08:09 INFO  ManagerTask:128 - Completed tasks 33 out of 40 for local app a49e7617bdffb467 for inputIndex 0
LOCAL 2024-02-12 10:08:09 INFO  ManagerTask:99 - Received response for reviewId R366N97DLUODS7 for inputIndex 0 for taskType entityRecognition with taskResult 
LOCAL 2024-02-12 10:08:09 INFO  ManagerTask:123 - Updated summary message for reviewId R366N97DLUODS7 for inputIndex 0 with sentiment 2 and entities 
LOCAL 2024-02-12 10:08:09 INFO  SQSHandler:116 - Deleted message from https://sqs.us-east-1.amazonaws.com/767398090493/workerToManagerQueue
LOCAL 2024-02-12 10:08:09 INFO  ManagerTask:128 - Completed tasks 40 out of 40 for local app a00c3aff1cb9f71e for inputIndex 0
LOCAL 2024-02-12 10:08:09 INFO  ManagerTask:48 - Received all responses from workers for local app a00c3aff1cb9f71e for inputIndex 0
LOCAL 2024-02-12 10:08:09 INFO  ManagerTask:99 - Received response for reviewId R1L8O7RM8DD6J3 for inputIndex 0 for taskType entityRecognition with taskResult 
LOCAL 2024-02-12 10:08:09 INFO  SQSHandler:116 - Deleted message from https://sqs.us-east-1.amazonaws.com/767398090493/workerToManagerQueue
LOCAL 2024-02-12 10:08:09 INFO  ManagerTask:128 - Completed tasks 34 out of 40 for local app a49e7617bdffb467 for inputIndex 0
LOCAL 2024-02-12 10:08:10 INFO  S3Handler:52 - Content uploaded to S3 bucket sarcasm-analysis-bucket-a00c3aff1cb9f71e with key a00c3aff1cb9f71e-summary-0
LOCAL 2024-02-12 10:08:10 INFO  Manager:43 - Received 0 requests
LOCAL 2024-02-12 10:08:10 INFO  SQSHandler:76 - Sent message to https://sqs.us-east-1.amazonaws.com/767398090493/managerToLocalQueue
LOCAL 2024-02-12 10:08:10 INFO  ManagerTask:148 - Uploaded summary file a00c3aff1cb9f71e-summary-0 to S3 and sent response to local app a00c3aff1cb9f71e for inputIndex 0
LOCAL 2024-02-12 10:08:10 INFO  ManagerTask:52 - Finished summary for local app a00c3aff1cb9f71e for inputIndex 0
LOCAL 2024-02-12 10:08:10 INFO  ManagerTask:56 - ManagerTask finished for local app a00c3aff1cb9f71e for inputIndex 0
LOCAL 2024-02-12 10:08:11 INFO  ManagerTask:99 - Received response for reviewId R3MRIY8FUDOYHU for inputIndex 0 for taskType sentimentAnalysis with taskResult 2
LOCAL 2024-02-12 10:08:11 INFO  ManagerTask:123 - Updated summary message for reviewId R3MRIY8FUDOYHU for inputIndex 0 with sentiment 2 and entities Katz: PERSON, Karen: PERSON, Katz: PERSON, Katz: PERSON
LOCAL 2024-02-12 10:08:11 INFO  SQSHandler:116 - Deleted message from https://sqs.us-east-1.amazonaws.com/767398090493/workerToManagerQueue
LOCAL 2024-02-12 10:08:11 INFO  ManagerTask:128 - Completed tasks 35 out of 40 for local app a49e7617bdffb467 for inputIndex 0
LOCAL 2024-02-12 10:08:11 INFO  ManagerTask:99 - Received response for reviewId R1IKZK5S0DCKZ0 for inputIndex 0 for taskType sentimentAnalysis with taskResult 3
LOCAL 2024-02-12 10:08:11 INFO  ManagerTask:123 - Updated summary message for reviewId R1IKZK5S0DCKZ0 for inputIndex 0 with sentiment 3 and entities Karen: PERSON, Katz: PERSON
LOCAL 2024-02-12 10:08:12 INFO  SQSHandler:116 - Deleted message from https://sqs.us-east-1.amazonaws.com/767398090493/workerToManagerQueue
LOCAL 2024-02-12 10:08:12 INFO  ManagerTask:128 - Completed tasks 36 out of 40 for local app a49e7617bdffb467 for inputIndex 0
LOCAL 2024-02-12 10:08:12 INFO  ManagerTask:99 - Received response for reviewId R367OTNJ8I36FS for inputIndex 0 for taskType entityRecognition with taskResult 
LOCAL 2024-02-12 10:08:12 INFO  ManagerTask:123 - Updated summary message for reviewId R367OTNJ8I36FS for inputIndex 0 with sentiment 3 and entities 
LOCAL 2024-02-12 10:08:12 INFO  SQSHandler:116 - Deleted message from https://sqs.us-east-1.amazonaws.com/767398090493/workerToManagerQueue
LOCAL 2024-02-12 10:08:12 INFO  ManagerTask:128 - Completed tasks 37 out of 40 for local app a49e7617bdffb467 for inputIndex 0
LOCAL 2024-02-12 10:08:12 INFO  ManagerTask:99 - Received response for reviewId R3GCFAIUL8BI3Y for inputIndex 0 for taskType sentimentAnalysis with taskResult 4
LOCAL 2024-02-12 10:08:12 INFO  ManagerTask:123 - Updated summary message for reviewId R3GCFAIUL8BI3Y for inputIndex 0 with sentiment 4 and entities 
LOCAL 2024-02-12 10:08:13 INFO  SQSHandler:116 - Deleted message from https://sqs.us-east-1.amazonaws.com/767398090493/workerToManagerQueue
LOCAL 2024-02-12 10:08:13 INFO  ManagerTask:128 - Completed tasks 38 out of 40 for local app a49e7617bdffb467 for inputIndex 0
LOCAL 2024-02-12 10:08:13 INFO  ManagerTask:99 - Received response for reviewId R1L8O7RM8DD6J3 for inputIndex 0 for taskType sentimentAnalysis with taskResult 1
LOCAL 2024-02-12 10:08:13 INFO  ManagerTask:123 - Updated summary message for reviewId R1L8O7RM8DD6J3 for inputIndex 0 with sentiment 1 and entities 
LOCAL 2024-02-12 10:08:14 INFO  SQSHandler:116 - Deleted message from https://sqs.us-east-1.amazonaws.com/767398090493/workerToManagerQueue
LOCAL 2024-02-12 10:08:14 INFO  ManagerTask:128 - Completed tasks 39 out of 40 for local app a49e7617bdffb467 for inputIndex 0
LOCAL 2024-02-12 10:08:14 INFO  ManagerTask:99 - Received response for reviewId RB9QK3F6SUQPU for inputIndex 0 for taskType sentimentAnalysis with taskResult 4
LOCAL 2024-02-12 10:08:14 INFO  ManagerTask:123 - Updated summary message for reviewId RB9QK3F6SUQPU for inputIndex 0 with sentiment 4 and entities 
LOCAL 2024-02-12 10:08:14 INFO  SQSHandler:116 - Deleted message from https://sqs.us-east-1.amazonaws.com/767398090493/workerToManagerQueue
LOCAL 2024-02-12 10:08:14 INFO  ManagerTask:128 - Completed tasks 40 out of 40 for local app a49e7617bdffb467 for inputIndex 0
LOCAL 2024-02-12 10:08:14 INFO  ManagerTask:48 - Received all responses from workers for local app a49e7617bdffb467 for inputIndex 0
LOCAL 2024-02-12 10:08:15 INFO  S3Handler:52 - Content uploaded to S3 bucket sarcasm-analysis-bucket-a49e7617bdffb467 with key a49e7617bdffb467-summary-0
LOCAL 2024-02-12 10:08:16 INFO  SQSHandler:76 - Sent message to https://sqs.us-east-1.amazonaws.com/767398090493/managerToLocalQueue
LOCAL 2024-02-12 10:08:16 INFO  ManagerTask:148 - Uploaded summary file a49e7617bdffb467-summary-0 to S3 and sent response to local app a49e7617bdffb467 for inputIndex 0
LOCAL 2024-02-12 10:08:16 INFO  ManagerTask:52 - Finished summary for local app a49e7617bdffb467 for inputIndex 0
LOCAL 2024-02-12 10:08:16 INFO  ManagerTask:56 - ManagerTask finished for local app a49e7617bdffb467 for inputIndex 0
LOCAL 2024-02-12 10:08:30 INFO  Manager:43 - Received 0 requests
LOCAL 2024-02-12 10:08:50 INFO  Manager:43 - Received 0 requests
LOCAL 2024-02-12 10:09:11 INFO  Manager:43 - Received 0 requests
LOCAL 2024-02-12 10:09:31 INFO  Manager:43 - Received 0 requests
LOCAL 2024-02-12 10:09:51 INFO  Manager:43 - Received 0 requests
LOCAL 2024-02-12 10:10:11 INFO  Manager:43 - Received 0 requests
