LOCAL 2024-02-11 20:50:18 INFO  Manager:19 - Manager started
LOCAL 2024-02-11 20:50:18 INFO  Manager:23 - ManagerEnv created
LOCAL 2024-02-11 20:50:20 INFO  SQSHandler:19 - Queue managerToWorkerQueue created
LOCAL 2024-02-11 20:50:20 INFO  SQSHandler:19 - Queue workerToManagerQueue created
LOCAL 2024-02-11 20:50:21 INFO  Manager:51 - Polling tasks from 1 local app queues
LOCAL 2024-02-11 20:50:21 INFO  Manager:61 - Received 2 requests
LOCAL 2024-02-11 20:50:21 INFO  Manager:84 - Received request: ba8b31929571a9c8::analyze::test-input1.txt::0::10
LOCAL 2024-02-11 20:50:21 INFO  S3Handler:56 - Downloading file test-input1.txt from S3 bucket sarcasm-analysis-bucket-ba8b31929571a9c8
LOCAL 2024-02-11 20:50:22 INFO  Manager:111 - Parsed 20 reviews from input file test-input1.txt
LOCAL 2024-02-11 20:50:22 INFO  Manager:153 - Assigning workers
LOCAL 2024-02-11 20:50:24 INFO  Manager:51 - Polling tasks from 1 local app queues
LOCAL 2024-02-11 20:50:24 INFO  EC2Handler:118 - Active workers: 0
LOCAL 2024-02-11 20:50:24 INFO  EC2Handler:99 - Creating worker instance
LOCAL 2024-02-11 20:50:26 INFO  EC2Handler:33 - Successfully started EC2 instance i-02d80708042d0399e based on AMI ami-00e95a9222311e8ed
LOCAL 2024-02-11 20:50:26 INFO  EC2Handler:99 - Creating worker instance
LOCAL 2024-02-11 20:50:28 INFO  Manager:51 - Polling tasks from 1 local app queues
LOCAL 2024-02-11 20:50:29 INFO  EC2Handler:33 - Successfully started EC2 instance i-0076f551914aea0f8 based on AMI ami-00e95a9222311e8ed
LOCAL 2024-02-11 20:50:29 INFO  EC2Handler:99 - Creating worker instance
LOCAL 2024-02-11 20:50:31 INFO  Manager:51 - Polling tasks from 1 local app queues
LOCAL 2024-02-11 20:50:31 INFO  EC2Handler:33 - Successfully started EC2 instance i-010ea88fe0d10ee78 based on AMI ami-00e95a9222311e8ed
LOCAL 2024-02-11 20:50:31 INFO  EC2Handler:99 - Creating worker instance
LOCAL 2024-02-11 20:50:33 INFO  EC2Handler:33 - Successfully started EC2 instance i-04830736bdcde87a3 based on AMI ami-00e95a9222311e8ed
LOCAL 2024-02-11 20:50:33 INFO  Manager:169 - Workers assigned: 4
LOCAL 2024-02-11 20:50:33 INFO  ManagerTask:37 - ManagerTask started for local app ba8b31929571a9c8 for inputIndex 0
LOCAL 2024-02-11 20:50:33 INFO  ManagerTask:54 - Sending tasks to workers for local app ba8b31929571a9c8 for inputIndex 0
LOCAL 2024-02-11 20:50:33 INFO  SQSHandler:73 - Sent message to https://sqs.us-east-1.amazonaws.com/767398090493/managerToWorkerQueue
LOCAL 2024-02-11 20:50:34 INFO  SQSHandler:93 - Deleted message from https://sqs.us-east-1.amazonaws.com/767398090493/localToManagerQueue-ba8b31929571a9c8
LOCAL 2024-02-11 20:50:34 INFO  Manager:84 - Received request: ba8b31929571a9c8::analyze::test-input2.txt::1::10
LOCAL 2024-02-11 20:50:34 INFO  S3Handler:56 - Downloading file test-input2.txt from S3 bucket sarcasm-analysis-bucket-ba8b31929571a9c8
LOCAL 2024-02-11 20:50:34 INFO  SQSHandler:73 - Sent message to https://sqs.us-east-1.amazonaws.com/767398090493/managerToWorkerQueue
LOCAL 2024-02-11 20:50:34 INFO  ManagerTask:71 - Sent tasks for reviewId RJ62XWHGDIF7 for local app ba8b31929571a9c8 for inputIndex 0
LOCAL 2024-02-11 20:50:34 INFO  ManagerTask:72 - Sent total tasks 2 to workers for local app ba8b31929571a9c8 for inputIndex 0
LOCAL 2024-02-11 20:50:34 INFO  Manager:51 - Polling tasks from 1 local app queues
LOCAL 2024-02-11 20:50:34 INFO  SQSHandler:73 - Sent message to https://sqs.us-east-1.amazonaws.com/767398090493/managerToWorkerQueue
LOCAL 2024-02-11 20:50:34 INFO  SQSHandler:73 - Sent message to https://sqs.us-east-1.amazonaws.com/767398090493/managerToWorkerQueue
LOCAL 2024-02-11 20:50:34 INFO  ManagerTask:71 - Sent tasks for reviewId RSO743RDYVWTZ for local app ba8b31929571a9c8 for inputIndex 0
LOCAL 2024-02-11 20:50:34 INFO  ManagerTask:72 - Sent total tasks 4 to workers for local app ba8b31929571a9c8 for inputIndex 0
LOCAL 2024-02-11 20:50:35 INFO  Manager:111 - Parsed 20 reviews from input file test-input2.txt
LOCAL 2024-02-11 20:50:35 INFO  Manager:153 - Assigning workers
LOCAL 2024-02-11 20:50:35 INFO  SQSHandler:73 - Sent message to https://sqs.us-east-1.amazonaws.com/767398090493/managerToWorkerQueue
LOCAL 2024-02-11 20:50:35 INFO  SQSHandler:73 - Sent message to https://sqs.us-east-1.amazonaws.com/767398090493/managerToWorkerQueue
LOCAL 2024-02-11 20:50:35 INFO  ManagerTask:71 - Sent tasks for reviewId R8OWCLDI0GGL0 for local app ba8b31929571a9c8 for inputIndex 0
LOCAL 2024-02-11 20:50:35 INFO  ManagerTask:72 - Sent total tasks 6 to workers for local app ba8b31929571a9c8 for inputIndex 0
LOCAL 2024-02-11 20:50:35 INFO  SQSHandler:73 - Sent message to https://sqs.us-east-1.amazonaws.com/767398090493/managerToWorkerQueue
LOCAL 2024-02-11 20:50:36 INFO  SQSHandler:73 - Sent message to https://sqs.us-east-1.amazonaws.com/767398090493/managerToWorkerQueue
LOCAL 2024-02-11 20:50:36 INFO  ManagerTask:71 - Sent tasks for reviewId R33DK4T6EHUIHX for local app ba8b31929571a9c8 for inputIndex 0
LOCAL 2024-02-11 20:50:36 INFO  ManagerTask:72 - Sent total tasks 8 to workers for local app ba8b31929571a9c8 for inputIndex 0
LOCAL 2024-02-11 20:50:36 INFO  SQSHandler:73 - Sent message to https://sqs.us-east-1.amazonaws.com/767398090493/managerToWorkerQueue
LOCAL 2024-02-11 20:50:36 INFO  EC2Handler:118 - Active workers: 4
LOCAL 2024-02-11 20:50:36 INFO  Manager:157 - Enough workers are already active
LOCAL 2024-02-11 20:50:36 INFO  ManagerTask:37 - ManagerTask started for local app ba8b31929571a9c8 for inputIndex 1
LOCAL 2024-02-11 20:50:36 INFO  ManagerTask:54 - Sending tasks to workers for local app ba8b31929571a9c8 for inputIndex 1
LOCAL 2024-02-11 20:50:36 INFO  SQSHandler:73 - Sent message to https://sqs.us-east-1.amazonaws.com/767398090493/managerToWorkerQueue
LOCAL 2024-02-11 20:50:36 INFO  ManagerTask:71 - Sent tasks for reviewId R3DHV2T9Q991V7 for local app ba8b31929571a9c8 for inputIndex 0
LOCAL 2024-02-11 20:50:36 INFO  ManagerTask:72 - Sent total tasks 10 to workers for local app ba8b31929571a9c8 for inputIndex 0
LOCAL 2024-02-11 20:50:36 INFO  SQSHandler:93 - Deleted message from https://sqs.us-east-1.amazonaws.com/767398090493/localToManagerQueue-ba8b31929571a9c8
LOCAL 2024-02-11 20:50:36 INFO  SQSHandler:73 - Sent message to https://sqs.us-east-1.amazonaws.com/767398090493/managerToWorkerQueue
LOCAL 2024-02-11 20:50:37 INFO  SQSHandler:73 - Sent message to https://sqs.us-east-1.amazonaws.com/767398090493/managerToWorkerQueue
LOCAL 2024-02-11 20:50:37 INFO  ManagerTask:71 - Sent tasks for reviewId R14D3WP6J91DCU for local app ba8b31929571a9c8 for inputIndex 0
LOCAL 2024-02-11 20:50:37 INFO  ManagerTask:72 - Sent total tasks 12 to workers for local app ba8b31929571a9c8 for inputIndex 0
LOCAL 2024-02-11 20:50:37 INFO  SQSHandler:73 - Sent message to https://sqs.us-east-1.amazonaws.com/767398090493/managerToWorkerQueue
LOCAL 2024-02-11 20:50:37 INFO  SQSHandler:73 - Sent message to https://sqs.us-east-1.amazonaws.com/767398090493/managerToWorkerQueue
LOCAL 2024-02-11 20:50:37 INFO  SQSHandler:73 - Sent message to https://sqs.us-east-1.amazonaws.com/767398090493/managerToWorkerQueue
LOCAL 2024-02-11 20:50:37 INFO  ManagerTask:71 - Sent tasks for reviewId RJ1ACTUJ9GHIA for local app ba8b31929571a9c8 for inputIndex 1
LOCAL 2024-02-11 20:50:37 INFO  ManagerTask:72 - Sent total tasks 2 to workers for local app ba8b31929571a9c8 for inputIndex 1
LOCAL 2024-02-11 20:50:37 INFO  SQSHandler:73 - Sent message to https://sqs.us-east-1.amazonaws.com/767398090493/managerToWorkerQueue
LOCAL 2024-02-11 20:50:37 INFO  SQSHandler:73 - Sent message to https://sqs.us-east-1.amazonaws.com/767398090493/managerToWorkerQueue
LOCAL 2024-02-11 20:50:37 INFO  ManagerTask:71 - Sent tasks for reviewId R3P2KOXRF7Z400 for local app ba8b31929571a9c8 for inputIndex 0
LOCAL 2024-02-11 20:50:37 INFO  ManagerTask:72 - Sent total tasks 14 to workers for local app ba8b31929571a9c8 for inputIndex 0
LOCAL 2024-02-11 20:50:37 INFO  SQSHandler:73 - Sent message to https://sqs.us-east-1.amazonaws.com/767398090493/managerToWorkerQueue
LOCAL 2024-02-11 20:50:37 INFO  ManagerTask:71 - Sent tasks for reviewId R2VXY3WQWH9Z0F for local app ba8b31929571a9c8 for inputIndex 1
LOCAL 2024-02-11 20:50:37 INFO  ManagerTask:72 - Sent total tasks 4 to workers for local app ba8b31929571a9c8 for inputIndex 1
LOCAL 2024-02-11 20:50:37 INFO  SQSHandler:73 - Sent message to https://sqs.us-east-1.amazonaws.com/767398090493/managerToWorkerQueue
LOCAL 2024-02-11 20:50:37 INFO  SQSHandler:73 - Sent message to https://sqs.us-east-1.amazonaws.com/767398090493/managerToWorkerQueue
LOCAL 2024-02-11 20:50:38 INFO  Manager:51 - Polling tasks from 1 local app queues
LOCAL 2024-02-11 20:50:38 INFO  SQSHandler:73 - Sent message to https://sqs.us-east-1.amazonaws.com/767398090493/managerToWorkerQueue
LOCAL 2024-02-11 20:50:38 INFO  ManagerTask:71 - Sent tasks for reviewId R1IKZK5S0DCKZ0 for local app ba8b31929571a9c8 for inputIndex 0
LOCAL 2024-02-11 20:50:38 INFO  ManagerTask:72 - Sent total tasks 16 to workers for local app ba8b31929571a9c8 for inputIndex 0
LOCAL 2024-02-11 20:50:38 INFO  SQSHandler:73 - Sent message to https://sqs.us-east-1.amazonaws.com/767398090493/managerToWorkerQueue
LOCAL 2024-02-11 20:50:38 INFO  SQSHandler:73 - Sent message to https://sqs.us-east-1.amazonaws.com/767398090493/managerToWorkerQueue
LOCAL 2024-02-11 20:50:38 INFO  ManagerTask:71 - Sent tasks for reviewId R2OJAJRDONJ956 for local app ba8b31929571a9c8 for inputIndex 1
LOCAL 2024-02-11 20:50:38 INFO  ManagerTask:72 - Sent total tasks 6 to workers for local app ba8b31929571a9c8 for inputIndex 1
LOCAL 2024-02-11 20:50:38 INFO  SQSHandler:73 - Sent message to https://sqs.us-east-1.amazonaws.com/767398090493/managerToWorkerQueue
LOCAL 2024-02-11 20:50:38 INFO  SQSHandler:73 - Sent message to https://sqs.us-east-1.amazonaws.com/767398090493/managerToWorkerQueue
LOCAL 2024-02-11 20:50:38 INFO  ManagerTask:71 - Sent tasks for reviewId RGMH5ROASTBS8 for local app ba8b31929571a9c8 for inputIndex 0
LOCAL 2024-02-11 20:50:38 INFO  ManagerTask:72 - Sent total tasks 18 to workers for local app ba8b31929571a9c8 for inputIndex 0
LOCAL 2024-02-11 20:50:38 INFO  SQSHandler:73 - Sent message to https://sqs.us-east-1.amazonaws.com/767398090493/managerToWorkerQueue
LOCAL 2024-02-11 20:50:38 INFO  ManagerTask:71 - Sent tasks for reviewId R1CKE9Q64Z7CZC for local app ba8b31929571a9c8 for inputIndex 1
LOCAL 2024-02-11 20:50:38 INFO  ManagerTask:72 - Sent total tasks 8 to workers for local app ba8b31929571a9c8 for inputIndex 1
LOCAL 2024-02-11 20:50:39 INFO  SQSHandler:73 - Sent message to https://sqs.us-east-1.amazonaws.com/767398090493/managerToWorkerQueue
LOCAL 2024-02-11 20:50:39 INFO  SQSHandler:73 - Sent message to https://sqs.us-east-1.amazonaws.com/767398090493/managerToWorkerQueue
LOCAL 2024-02-11 20:50:39 INFO  SQSHandler:73 - Sent message to https://sqs.us-east-1.amazonaws.com/767398090493/managerToWorkerQueue
LOCAL 2024-02-11 20:50:39 INFO  ManagerTask:71 - Sent tasks for reviewId RP1Q8KK6ZJAK0 for local app ba8b31929571a9c8 for inputIndex 1
LOCAL 2024-02-11 20:50:39 INFO  ManagerTask:72 - Sent total tasks 10 to workers for local app ba8b31929571a9c8 for inputIndex 1
LOCAL 2024-02-11 20:50:39 INFO  SQSHandler:73 - Sent message to https://sqs.us-east-1.amazonaws.com/767398090493/managerToWorkerQueue
LOCAL 2024-02-11 20:50:39 INFO  SQSHandler:73 - Sent message to https://sqs.us-east-1.amazonaws.com/767398090493/managerToWorkerQueue
LOCAL 2024-02-11 20:50:39 INFO  ManagerTask:71 - Sent tasks for reviewId R1RUXYHCSZSHJ0 for local app ba8b31929571a9c8 for inputIndex 0
LOCAL 2024-02-11 20:50:39 INFO  ManagerTask:72 - Sent total tasks 20 to workers for local app ba8b31929571a9c8 for inputIndex 0
LOCAL 2024-02-11 20:50:39 INFO  SQSHandler:73 - Sent message to https://sqs.us-east-1.amazonaws.com/767398090493/managerToWorkerQueue
LOCAL 2024-02-11 20:50:39 INFO  SQSHandler:73 - Sent message to https://sqs.us-east-1.amazonaws.com/767398090493/managerToWorkerQueue
LOCAL 2024-02-11 20:50:39 INFO  ManagerTask:71 - Sent tasks for reviewId R35P822BAW0TEW for local app ba8b31929571a9c8 for inputIndex 1
LOCAL 2024-02-11 20:50:39 INFO  ManagerTask:72 - Sent total tasks 12 to workers for local app ba8b31929571a9c8 for inputIndex 1
LOCAL 2024-02-11 20:50:39 INFO  SQSHandler:73 - Sent message to https://sqs.us-east-1.amazonaws.com/767398090493/managerToWorkerQueue
LOCAL 2024-02-11 20:50:39 INFO  ManagerTask:71 - Sent tasks for reviewId R3R9QKZ61DMKGF for local app ba8b31929571a9c8 for inputIndex 0
LOCAL 2024-02-11 20:50:39 INFO  ManagerTask:72 - Sent total tasks 22 to workers for local app ba8b31929571a9c8 for inputIndex 0
LOCAL 2024-02-11 20:50:39 INFO  SQSHandler:73 - Sent message to https://sqs.us-east-1.amazonaws.com/767398090493/managerToWorkerQueue
LOCAL 2024-02-11 20:50:39 INFO  SQSHandler:73 - Sent message to https://sqs.us-east-1.amazonaws.com/767398090493/managerToWorkerQueue
LOCAL 2024-02-11 20:50:40 INFO  SQSHandler:73 - Sent message to https://sqs.us-east-1.amazonaws.com/767398090493/managerToWorkerQueue
LOCAL 2024-02-11 20:50:40 INFO  ManagerTask:71 - Sent tasks for reviewId R367OTNJ8I36FS for local app ba8b31929571a9c8 for inputIndex 0
LOCAL 2024-02-11 20:50:40 INFO  ManagerTask:72 - Sent total tasks 24 to workers for local app ba8b31929571a9c8 for inputIndex 0
LOCAL 2024-02-11 20:50:40 INFO  SQSHandler:73 - Sent message to https://sqs.us-east-1.amazonaws.com/767398090493/managerToWorkerQueue
LOCAL 2024-02-11 20:50:40 INFO  ManagerTask:71 - Sent tasks for reviewId R2IZ8JCDKDN7YL for local app ba8b31929571a9c8 for inputIndex 1
LOCAL 2024-02-11 20:50:40 INFO  ManagerTask:72 - Sent total tasks 14 to workers for local app ba8b31929571a9c8 for inputIndex 1
LOCAL 2024-02-11 20:50:40 INFO  SQSHandler:73 - Sent message to https://sqs.us-east-1.amazonaws.com/767398090493/managerToWorkerQueue
LOCAL 2024-02-11 20:50:40 INFO  SQSHandler:73 - Sent message to https://sqs.us-east-1.amazonaws.com/767398090493/managerToWorkerQueue
LOCAL 2024-02-11 20:50:40 INFO  ManagerTask:71 - Sent tasks for reviewId R3GCFAIUL8BI3Y for local app ba8b31929571a9c8 for inputIndex 0
LOCAL 2024-02-11 20:50:40 INFO  ManagerTask:72 - Sent total tasks 26 to workers for local app ba8b31929571a9c8 for inputIndex 0
LOCAL 2024-02-11 20:50:40 INFO  SQSHandler:73 - Sent message to https://sqs.us-east-1.amazonaws.com/767398090493/managerToWorkerQueue
LOCAL 2024-02-11 20:50:40 INFO  SQSHandler:73 - Sent message to https://sqs.us-east-1.amazonaws.com/767398090493/managerToWorkerQueue
LOCAL 2024-02-11 20:50:40 INFO  SQSHandler:73 - Sent message to https://sqs.us-east-1.amazonaws.com/767398090493/managerToWorkerQueue
LOCAL 2024-02-11 20:50:40 INFO  ManagerTask:71 - Sent tasks for reviewId R25Z5IPKQQBRQN for local app ba8b31929571a9c8 for inputIndex 1
LOCAL 2024-02-11 20:50:40 INFO  ManagerTask:72 - Sent total tasks 16 to workers for local app ba8b31929571a9c8 for inputIndex 1
LOCAL 2024-02-11 20:50:40 INFO  SQSHandler:73 - Sent message to https://sqs.us-east-1.amazonaws.com/767398090493/managerToWorkerQueue
LOCAL 2024-02-11 20:50:40 INFO  ManagerTask:71 - Sent tasks for reviewId R33SW6AMDKTSB8 for local app ba8b31929571a9c8 for inputIndex 0
LOCAL 2024-02-11 20:50:40 INFO  ManagerTask:72 - Sent total tasks 28 to workers for local app ba8b31929571a9c8 for inputIndex 0
LOCAL 2024-02-11 20:50:40 INFO  SQSHandler:73 - Sent message to https://sqs.us-east-1.amazonaws.com/767398090493/managerToWorkerQueue
LOCAL 2024-02-11 20:50:40 INFO  SQSHandler:73 - Sent message to https://sqs.us-east-1.amazonaws.com/767398090493/managerToWorkerQueue
LOCAL 2024-02-11 20:50:41 INFO  SQSHandler:73 - Sent message to https://sqs.us-east-1.amazonaws.com/767398090493/managerToWorkerQueue
LOCAL 2024-02-11 20:50:41 INFO  ManagerTask:71 - Sent tasks for reviewId RW6ORU2M3C461 for local app ba8b31929571a9c8 for inputIndex 0
LOCAL 2024-02-11 20:50:41 INFO  ManagerTask:72 - Sent total tasks 30 to workers for local app ba8b31929571a9c8 for inputIndex 0
LOCAL 2024-02-11 20:50:41 INFO  SQSHandler:73 - Sent message to https://sqs.us-east-1.amazonaws.com/767398090493/managerToWorkerQueue
LOCAL 2024-02-11 20:50:41 INFO  ManagerTask:71 - Sent tasks for reviewId R1JDXB8Y4TO3MT for local app ba8b31929571a9c8 for inputIndex 1
LOCAL 2024-02-11 20:50:41 INFO  ManagerTask:72 - Sent total tasks 18 to workers for local app ba8b31929571a9c8 for inputIndex 1
LOCAL 2024-02-11 20:50:41 INFO  Manager:51 - Polling tasks from 1 local app queues
LOCAL 2024-02-11 20:50:41 INFO  SQSHandler:73 - Sent message to https://sqs.us-east-1.amazonaws.com/767398090493/managerToWorkerQueue
LOCAL 2024-02-11 20:50:41 INFO  SQSHandler:73 - Sent message to https://sqs.us-east-1.amazonaws.com/767398090493/managerToWorkerQueue
LOCAL 2024-02-11 20:50:41 INFO  ManagerTask:71 - Sent tasks for reviewId R1L8O7RM8DD6J3 for local app ba8b31929571a9c8 for inputIndex 0
LOCAL 2024-02-11 20:50:41 INFO  ManagerTask:72 - Sent total tasks 32 to workers for local app ba8b31929571a9c8 for inputIndex 0
LOCAL 2024-02-11 20:50:41 INFO  SQSHandler:73 - Sent message to https://sqs.us-east-1.amazonaws.com/767398090493/managerToWorkerQueue
LOCAL 2024-02-11 20:50:41 INFO  SQSHandler:73 - Sent message to https://sqs.us-east-1.amazonaws.com/767398090493/managerToWorkerQueue
LOCAL 2024-02-11 20:50:41 INFO  SQSHandler:73 - Sent message to https://sqs.us-east-1.amazonaws.com/767398090493/managerToWorkerQueue
LOCAL 2024-02-11 20:50:41 INFO  ManagerTask:71 - Sent tasks for reviewId R3V239ZPPF0XY3 for local app ba8b31929571a9c8 for inputIndex 0
LOCAL 2024-02-11 20:50:41 INFO  ManagerTask:72 - Sent total tasks 34 to workers for local app ba8b31929571a9c8 for inputIndex 0
LOCAL 2024-02-11 20:50:41 INFO  SQSHandler:73 - Sent message to https://sqs.us-east-1.amazonaws.com/767398090493/managerToWorkerQueue
LOCAL 2024-02-11 20:50:41 INFO  ManagerTask:71 - Sent tasks for reviewId RTCQYW9LFP4NU for local app ba8b31929571a9c8 for inputIndex 1
LOCAL 2024-02-11 20:50:41 INFO  ManagerTask:72 - Sent total tasks 20 to workers for local app ba8b31929571a9c8 for inputIndex 1
LOCAL 2024-02-11 20:50:41 INFO  SQSHandler:73 - Sent message to https://sqs.us-east-1.amazonaws.com/767398090493/managerToWorkerQueue
LOCAL 2024-02-11 20:50:42 INFO  SQSHandler:73 - Sent message to https://sqs.us-east-1.amazonaws.com/767398090493/managerToWorkerQueue
LOCAL 2024-02-11 20:50:42 INFO  ManagerTask:71 - Sent tasks for reviewId R3MRIY8FUDOYHU for local app ba8b31929571a9c8 for inputIndex 0
LOCAL 2024-02-11 20:50:42 INFO  ManagerTask:72 - Sent total tasks 36 to workers for local app ba8b31929571a9c8 for inputIndex 0
LOCAL 2024-02-11 20:50:42 INFO  SQSHandler:73 - Sent message to https://sqs.us-east-1.amazonaws.com/767398090493/managerToWorkerQueue
LOCAL 2024-02-11 20:50:42 INFO  SQSHandler:73 - Sent message to https://sqs.us-east-1.amazonaws.com/767398090493/managerToWorkerQueue
LOCAL 2024-02-11 20:50:42 INFO  SQSHandler:73 - Sent message to https://sqs.us-east-1.amazonaws.com/767398090493/managerToWorkerQueue
LOCAL 2024-02-11 20:50:42 INFO  ManagerTask:71 - Sent tasks for reviewId RB9QK3F6SUQPU for local app ba8b31929571a9c8 for inputIndex 0
LOCAL 2024-02-11 20:50:42 INFO  ManagerTask:72 - Sent total tasks 38 to workers for local app ba8b31929571a9c8 for inputIndex 0
LOCAL 2024-02-11 20:50:42 INFO  SQSHandler:73 - Sent message to https://sqs.us-east-1.amazonaws.com/767398090493/managerToWorkerQueue
LOCAL 2024-02-11 20:50:42 INFO  ManagerTask:71 - Sent tasks for reviewId RPURVNKU8YWTS for local app ba8b31929571a9c8 for inputIndex 1
LOCAL 2024-02-11 20:50:42 INFO  ManagerTask:72 - Sent total tasks 22 to workers for local app ba8b31929571a9c8 for inputIndex 1
LOCAL 2024-02-11 20:50:42 INFO  SQSHandler:73 - Sent message to https://sqs.us-east-1.amazonaws.com/767398090493/managerToWorkerQueue
LOCAL 2024-02-11 20:50:42 INFO  SQSHandler:73 - Sent message to https://sqs.us-east-1.amazonaws.com/767398090493/managerToWorkerQueue
LOCAL 2024-02-11 20:50:42 INFO  ManagerTask:71 - Sent tasks for reviewId R366N97DLUODS7 for local app ba8b31929571a9c8 for inputIndex 0
LOCAL 2024-02-11 20:50:42 INFO  ManagerTask:72 - Sent total tasks 40 to workers for local app ba8b31929571a9c8 for inputIndex 0
LOCAL 2024-02-11 20:50:42 INFO  ManagerTask:41 - Sent tasks to workers for local app ba8b31929571a9c8 for inputIndex 0
LOCAL 2024-02-11 20:50:42 INFO  ManagerTask:77 - Receiving responses from workers for local app ba8b31929571a9c8 for inputIndex 0
LOCAL 2024-02-11 20:50:42 INFO  SQSHandler:73 - Sent message to https://sqs.us-east-1.amazonaws.com/767398090493/managerToWorkerQueue
LOCAL 2024-02-11 20:50:43 INFO  SQSHandler:73 - Sent message to https://sqs.us-east-1.amazonaws.com/767398090493/managerToWorkerQueue
LOCAL 2024-02-11 20:50:43 INFO  ManagerTask:71 - Sent tasks for reviewId R3PLCGYS9LYRHZ for local app ba8b31929571a9c8 for inputIndex 1
LOCAL 2024-02-11 20:50:43 INFO  ManagerTask:72 - Sent total tasks 24 to workers for local app ba8b31929571a9c8 for inputIndex 1
LOCAL 2024-02-11 20:50:43 INFO  SQSHandler:73 - Sent message to https://sqs.us-east-1.amazonaws.com/767398090493/managerToWorkerQueue
LOCAL 2024-02-11 20:50:44 INFO  SQSHandler:73 - Sent message to https://sqs.us-east-1.amazonaws.com/767398090493/managerToWorkerQueue
LOCAL 2024-02-11 20:50:44 INFO  ManagerTask:71 - Sent tasks for reviewId R1266STJW192AU for local app ba8b31929571a9c8 for inputIndex 1
LOCAL 2024-02-11 20:50:44 INFO  ManagerTask:72 - Sent total tasks 26 to workers for local app ba8b31929571a9c8 for inputIndex 1
LOCAL 2024-02-11 20:50:44 INFO  Manager:51 - Polling tasks from 1 local app queues
LOCAL 2024-02-11 20:50:44 INFO  SQSHandler:73 - Sent message to https://sqs.us-east-1.amazonaws.com/767398090493/managerToWorkerQueue
LOCAL 2024-02-11 20:50:44 INFO  SQSHandler:73 - Sent message to https://sqs.us-east-1.amazonaws.com/767398090493/managerToWorkerQueue
LOCAL 2024-02-11 20:50:44 INFO  ManagerTask:71 - Sent tasks for reviewId R11CRDLQ8ID6MM for local app ba8b31929571a9c8 for inputIndex 1
LOCAL 2024-02-11 20:50:44 INFO  ManagerTask:72 - Sent total tasks 28 to workers for local app ba8b31929571a9c8 for inputIndex 1
LOCAL 2024-02-11 20:50:45 INFO  SQSHandler:73 - Sent message to https://sqs.us-east-1.amazonaws.com/767398090493/managerToWorkerQueue
LOCAL 2024-02-11 20:50:45 INFO  SQSHandler:73 - Sent message to https://sqs.us-east-1.amazonaws.com/767398090493/managerToWorkerQueue
LOCAL 2024-02-11 20:50:45 INFO  ManagerTask:71 - Sent tasks for reviewId R248WNDI9KORMN for local app ba8b31929571a9c8 for inputIndex 1
LOCAL 2024-02-11 20:50:45 INFO  ManagerTask:72 - Sent total tasks 30 to workers for local app ba8b31929571a9c8 for inputIndex 1
LOCAL 2024-02-11 20:50:46 INFO  SQSHandler:73 - Sent message to https://sqs.us-east-1.amazonaws.com/767398090493/managerToWorkerQueue
LOCAL 2024-02-11 20:50:46 INFO  SQSHandler:73 - Sent message to https://sqs.us-east-1.amazonaws.com/767398090493/managerToWorkerQueue
LOCAL 2024-02-11 20:50:46 INFO  ManagerTask:71 - Sent tasks for reviewId R386EPGNDYSO6 for local app ba8b31929571a9c8 for inputIndex 1
LOCAL 2024-02-11 20:50:46 INFO  ManagerTask:72 - Sent total tasks 32 to workers for local app ba8b31929571a9c8 for inputIndex 1
LOCAL 2024-02-11 20:50:46 INFO  SQSHandler:73 - Sent message to https://sqs.us-east-1.amazonaws.com/767398090493/managerToWorkerQueue
LOCAL 2024-02-11 20:50:47 INFO  SQSHandler:73 - Sent message to https://sqs.us-east-1.amazonaws.com/767398090493/managerToWorkerQueue
LOCAL 2024-02-11 20:50:47 INFO  ManagerTask:71 - Sent tasks for reviewId R82DFHHKNJGR0 for local app ba8b31929571a9c8 for inputIndex 1
LOCAL 2024-02-11 20:50:47 INFO  ManagerTask:72 - Sent total tasks 34 to workers for local app ba8b31929571a9c8 for inputIndex 1
LOCAL 2024-02-11 20:50:47 INFO  SQSHandler:73 - Sent message to https://sqs.us-east-1.amazonaws.com/767398090493/managerToWorkerQueue
LOCAL 2024-02-11 20:50:47 INFO  SQSHandler:73 - Sent message to https://sqs.us-east-1.amazonaws.com/767398090493/managerToWorkerQueue
LOCAL 2024-02-11 20:50:47 INFO  ManagerTask:71 - Sent tasks for reviewId RGAST6Q7TRKA4 for local app ba8b31929571a9c8 for inputIndex 1
LOCAL 2024-02-11 20:50:47 INFO  ManagerTask:72 - Sent total tasks 36 to workers for local app ba8b31929571a9c8 for inputIndex 1
LOCAL 2024-02-11 20:50:47 INFO  Manager:51 - Polling tasks from 1 local app queues
LOCAL 2024-02-11 20:50:47 INFO  SQSHandler:73 - Sent message to https://sqs.us-east-1.amazonaws.com/767398090493/managerToWorkerQueue
LOCAL 2024-02-11 20:50:48 INFO  SQSHandler:73 - Sent message to https://sqs.us-east-1.amazonaws.com/767398090493/managerToWorkerQueue
LOCAL 2024-02-11 20:50:48 INFO  ManagerTask:71 - Sent tasks for reviewId R2NETRFTNAT0D for local app ba8b31929571a9c8 for inputIndex 1
LOCAL 2024-02-11 20:50:48 INFO  ManagerTask:72 - Sent total tasks 38 to workers for local app ba8b31929571a9c8 for inputIndex 1
LOCAL 2024-02-11 20:50:48 INFO  SQSHandler:73 - Sent message to https://sqs.us-east-1.amazonaws.com/767398090493/managerToWorkerQueue
LOCAL 2024-02-11 20:50:48 INFO  SQSHandler:73 - Sent message to https://sqs.us-east-1.amazonaws.com/767398090493/managerToWorkerQueue
LOCAL 2024-02-11 20:50:48 INFO  ManagerTask:71 - Sent tasks for reviewId R2I4MYU1IT5IJ for local app ba8b31929571a9c8 for inputIndex 1
LOCAL 2024-02-11 20:50:48 INFO  ManagerTask:72 - Sent total tasks 40 to workers for local app ba8b31929571a9c8 for inputIndex 1
LOCAL 2024-02-11 20:50:48 INFO  ManagerTask:41 - Sent tasks to workers for local app ba8b31929571a9c8 for inputIndex 1
LOCAL 2024-02-11 20:50:48 INFO  ManagerTask:77 - Receiving responses from workers for local app ba8b31929571a9c8 for inputIndex 1
LOCAL 2024-02-11 20:50:50 INFO  Manager:51 - Polling tasks from 1 local app queues
LOCAL 2024-02-11 20:50:54 INFO  Manager:51 - Polling tasks from 1 local app queues
LOCAL 2024-02-11 20:50:56 INFO  Manager:61 - Received 0 requests
LOCAL 2024-02-11 20:50:57 INFO  Manager:51 - Polling tasks from 1 local app queues
LOCAL 2024-02-11 20:51:00 INFO  Manager:51 - Polling tasks from 1 local app queues
LOCAL 2024-02-11 20:51:03 INFO  Manager:51 - Polling tasks from 1 local app queues
LOCAL 2024-02-11 20:51:06 INFO  Manager:51 - Polling tasks from 1 local app queues
LOCAL 2024-02-11 20:51:09 INFO  Manager:51 - Polling tasks from 1 local app queues
LOCAL 2024-02-11 20:51:13 INFO  Manager:51 - Polling tasks from 1 local app queues
LOCAL 2024-02-11 20:51:16 INFO  Manager:51 - Polling tasks from 1 local app queues
LOCAL 2024-02-11 20:51:16 INFO  Manager:61 - Received 0 requests
LOCAL 2024-02-11 20:51:19 INFO  Manager:51 - Polling tasks from 1 local app queues
LOCAL 2024-02-11 20:51:22 INFO  Manager:51 - Polling tasks from 1 local app queues
LOCAL 2024-02-11 20:51:25 INFO  Manager:51 - Polling tasks from 1 local app queues
LOCAL 2024-02-11 20:51:28 INFO  Manager:51 - Polling tasks from 1 local app queues
LOCAL 2024-02-11 20:51:29 INFO  ManagerTask:93 - Received response for reviewId R14D3WP6J91DCU for inputIndex 0 for taskType sentimentAnalysis with taskResult 3
LOCAL 2024-02-11 20:51:30 INFO  SQSHandler:93 - Deleted message from https://sqs.us-east-1.amazonaws.com/767398090493/workerToManagerQueue
LOCAL 2024-02-11 20:51:30 INFO  ManagerTask:122 - Completed tasks 1 out of 40 for local app ba8b31929571a9c8 for inputIndex 0
LOCAL 2024-02-11 20:51:31 INFO  ManagerTask:93 - Received response for reviewId R1JDXB8Y4TO3MT for inputIndex 1 for taskType entityRecognition with taskResult 
LOCAL 2024-02-11 20:51:31 INFO  Manager:51 - Polling tasks from 1 local app queues
LOCAL 2024-02-11 20:51:32 INFO  SQSHandler:93 - Deleted message from https://sqs.us-east-1.amazonaws.com/767398090493/workerToManagerQueue
LOCAL 2024-02-11 20:51:32 INFO  ManagerTask:122 - Completed tasks 1 out of 40 for local app ba8b31929571a9c8 for inputIndex 1
LOCAL 2024-02-11 20:51:32 INFO  ManagerTask:93 - Received response for reviewId RB9QK3F6SUQPU for inputIndex 0 for taskType entityRecognition with taskResult 
LOCAL 2024-02-11 20:51:32 INFO  SQSHandler:93 - Deleted message from https://sqs.us-east-1.amazonaws.com/767398090493/workerToManagerQueue
LOCAL 2024-02-11 20:51:32 INFO  ManagerTask:122 - Completed tasks 2 out of 40 for local app ba8b31929571a9c8 for inputIndex 0
LOCAL 2024-02-11 20:51:32 INFO  ManagerTask:93 - Received response for reviewId R3DHV2T9Q991V7 for inputIndex 0 for taskType entityRecognition with taskResult 
LOCAL 2024-02-11 20:51:33 INFO  SQSHandler:93 - Deleted message from https://sqs.us-east-1.amazonaws.com/767398090493/workerToManagerQueue
LOCAL 2024-02-11 20:51:33 INFO  ManagerTask:122 - Completed tasks 3 out of 40 for local app ba8b31929571a9c8 for inputIndex 0
LOCAL 2024-02-11 20:51:33 INFO  ManagerTask:93 - Received response for reviewId RP1Q8KK6ZJAK0 for inputIndex 1 for taskType entityRecognition with taskResult 
LOCAL 2024-02-11 20:51:33 INFO  SQSHandler:93 - Deleted message from https://sqs.us-east-1.amazonaws.com/767398090493/workerToManagerQueue
LOCAL 2024-02-11 20:51:33 INFO  ManagerTask:122 - Completed tasks 2 out of 40 for local app ba8b31929571a9c8 for inputIndex 1
LOCAL 2024-02-11 20:51:33 INFO  ManagerTask:93 - Received response for reviewId RW6ORU2M3C461 for inputIndex 0 for taskType sentimentAnalysis with taskResult 3
LOCAL 2024-02-11 20:51:34 INFO  ManagerTask:93 - Received response for reviewId R386EPGNDYSO6 for inputIndex 1 for taskType entityRecognition with taskResult 
LOCAL 2024-02-11 20:51:34 INFO  SQSHandler:93 - Deleted message from https://sqs.us-east-1.amazonaws.com/767398090493/workerToManagerQueue
LOCAL 2024-02-11 20:51:34 INFO  ManagerTask:122 - Completed tasks 4 out of 40 for local app ba8b31929571a9c8 for inputIndex 0
LOCAL 2024-02-11 20:51:34 INFO  SQSHandler:93 - Deleted message from https://sqs.us-east-1.amazonaws.com/767398090493/workerToManagerQueue
LOCAL 2024-02-11 20:51:34 INFO  ManagerTask:122 - Completed tasks 3 out of 40 for local app ba8b31929571a9c8 for inputIndex 1
LOCAL 2024-02-11 20:51:35 INFO  ManagerTask:93 - Received response for reviewId RTCQYW9LFP4NU for inputIndex 1 for taskType sentimentAnalysis with taskResult 2
LOCAL 2024-02-11 20:51:35 INFO  Manager:51 - Polling tasks from 1 local app queues
LOCAL 2024-02-11 20:51:35 INFO  SQSHandler:93 - Deleted message from https://sqs.us-east-1.amazonaws.com/767398090493/workerToManagerQueue
LOCAL 2024-02-11 20:51:35 INFO  ManagerTask:122 - Completed tasks 4 out of 40 for local app ba8b31929571a9c8 for inputIndex 1
LOCAL 2024-02-11 20:51:35 INFO  ManagerTask:93 - Received response for reviewId R3PLCGYS9LYRHZ for inputIndex 1 for taskType sentimentAnalysis with taskResult 2
LOCAL 2024-02-11 20:51:35 INFO  ManagerTask:93 - Received response for reviewId R8OWCLDI0GGL0 for inputIndex 0 for taskType sentimentAnalysis with taskResult 4
LOCAL 2024-02-11 20:51:35 INFO  SQSHandler:93 - Deleted message from https://sqs.us-east-1.amazonaws.com/767398090493/workerToManagerQueue
LOCAL 2024-02-11 20:51:35 INFO  ManagerTask:122 - Completed tasks 5 out of 40 for local app ba8b31929571a9c8 for inputIndex 1
LOCAL 2024-02-11 20:51:35 INFO  SQSHandler:93 - Deleted message from https://sqs.us-east-1.amazonaws.com/767398090493/workerToManagerQueue
LOCAL 2024-02-11 20:51:35 INFO  ManagerTask:122 - Completed tasks 5 out of 40 for local app ba8b31929571a9c8 for inputIndex 0
LOCAL 2024-02-11 20:51:35 INFO  ManagerTask:93 - Received response for reviewId R2OJAJRDONJ956 for inputIndex 1 for taskType sentimentAnalysis with taskResult 3
LOCAL 2024-02-11 20:51:36 INFO  SQSHandler:93 - Deleted message from https://sqs.us-east-1.amazonaws.com/767398090493/workerToManagerQueue
LOCAL 2024-02-11 20:51:36 INFO  ManagerTask:122 - Completed tasks 6 out of 40 for local app ba8b31929571a9c8 for inputIndex 1
LOCAL 2024-02-11 20:51:36 INFO  ManagerTask:93 - Received response for reviewId R366N97DLUODS7 for inputIndex 0 for taskType sentimentAnalysis with taskResult 2
LOCAL 2024-02-11 20:51:36 INFO  ManagerTask:93 - Received response for reviewId R2IZ8JCDKDN7YL for inputIndex 1 for taskType sentimentAnalysis with taskResult 2
LOCAL 2024-02-11 20:51:36 INFO  SQSHandler:93 - Deleted message from https://sqs.us-east-1.amazonaws.com/767398090493/workerToManagerQueue
LOCAL 2024-02-11 20:51:36 INFO  ManagerTask:122 - Completed tasks 6 out of 40 for local app ba8b31929571a9c8 for inputIndex 0
LOCAL 2024-02-11 20:51:36 INFO  SQSHandler:93 - Deleted message from https://sqs.us-east-1.amazonaws.com/767398090493/workerToManagerQueue
LOCAL 2024-02-11 20:51:36 INFO  ManagerTask:122 - Completed tasks 7 out of 40 for local app ba8b31929571a9c8 for inputIndex 1
LOCAL 2024-02-11 20:51:37 INFO  ManagerTask:93 - Received response for reviewId R25Z5IPKQQBRQN for inputIndex 1 for taskType entityRecognition with taskResult 
LOCAL 2024-02-11 20:51:37 INFO  Manager:61 - Received 0 requests
LOCAL 2024-02-11 20:51:37 INFO  SQSHandler:93 - Deleted message from https://sqs.us-east-1.amazonaws.com/767398090493/workerToManagerQueue
LOCAL 2024-02-11 20:51:37 INFO  ManagerTask:122 - Completed tasks 8 out of 40 for local app ba8b31929571a9c8 for inputIndex 1
LOCAL 2024-02-11 20:51:37 INFO  ManagerTask:93 - Received response for reviewId RTCQYW9LFP4NU for inputIndex 1 for taskType entityRecognition with taskResult 
LOCAL 2024-02-11 20:51:37 INFO  ManagerTask:117 - Updated summary message for reviewId RTCQYW9LFP4NU for inputIndex 1 with sentiment 2 and entities 
LOCAL 2024-02-11 20:51:37 INFO  SQSHandler:93 - Deleted message from https://sqs.us-east-1.amazonaws.com/767398090493/workerToManagerQueue
LOCAL 2024-02-11 20:51:37 INFO  ManagerTask:122 - Completed tasks 9 out of 40 for local app ba8b31929571a9c8 for inputIndex 1
LOCAL 2024-02-11 20:51:37 INFO  ManagerTask:93 - Received response for reviewId R82DFHHKNJGR0 for inputIndex 1 for taskType sentimentAnalysis with taskResult 4
LOCAL 2024-02-11 20:51:37 INFO  SQSHandler:93 - Deleted message from https://sqs.us-east-1.amazonaws.com/767398090493/workerToManagerQueue
LOCAL 2024-02-11 20:51:37 INFO  ManagerTask:122 - Completed tasks 10 out of 40 for local app ba8b31929571a9c8 for inputIndex 1
LOCAL 2024-02-11 20:51:37 INFO  ManagerTask:93 - Received response for reviewId R82DFHHKNJGR0 for inputIndex 1 for taskType entityRecognition with taskResult 
LOCAL 2024-02-11 20:51:37 INFO  ManagerTask:117 - Updated summary message for reviewId R82DFHHKNJGR0 for inputIndex 1 with sentiment 4 and entities 
LOCAL 2024-02-11 20:51:37 INFO  ManagerTask:93 - Received response for reviewId R14D3WP6J91DCU for inputIndex 0 for taskType entityRecognition with taskResult 
LOCAL 2024-02-11 20:51:37 INFO  ManagerTask:117 - Updated summary message for reviewId R14D3WP6J91DCU for inputIndex 0 with sentiment 3 and entities 
LOCAL 2024-02-11 20:51:37 INFO  SQSHandler:93 - Deleted message from https://sqs.us-east-1.amazonaws.com/767398090493/workerToManagerQueue
LOCAL 2024-02-11 20:51:37 INFO  ManagerTask:122 - Completed tasks 11 out of 40 for local app ba8b31929571a9c8 for inputIndex 1
LOCAL 2024-02-11 20:51:38 INFO  ManagerTask:93 - Received response for reviewId RGAST6Q7TRKA4 for inputIndex 1 for taskType sentimentAnalysis with taskResult 3
LOCAL 2024-02-11 20:51:38 INFO  SQSHandler:93 - Deleted message from https://sqs.us-east-1.amazonaws.com/767398090493/workerToManagerQueue
LOCAL 2024-02-11 20:51:38 INFO  ManagerTask:122 - Completed tasks 12 out of 40 for local app ba8b31929571a9c8 for inputIndex 1
LOCAL 2024-02-11 20:51:38 INFO  Manager:51 - Polling tasks from 1 local app queues
LOCAL 2024-02-11 20:51:38 INFO  SQSHandler:93 - Deleted message from https://sqs.us-east-1.amazonaws.com/767398090493/workerToManagerQueue
LOCAL 2024-02-11 20:51:38 INFO  ManagerTask:122 - Completed tasks 7 out of 40 for local app ba8b31929571a9c8 for inputIndex 0
LOCAL 2024-02-11 20:51:38 INFO  ManagerTask:93 - Received response for reviewId R2I4MYU1IT5IJ for inputIndex 1 for taskType sentimentAnalysis with taskResult 3
LOCAL 2024-02-11 20:51:38 INFO  SQSHandler:93 - Deleted message from https://sqs.us-east-1.amazonaws.com/767398090493/workerToManagerQueue
LOCAL 2024-02-11 20:51:38 INFO  ManagerTask:122 - Completed tasks 13 out of 40 for local app ba8b31929571a9c8 for inputIndex 1
LOCAL 2024-02-11 20:51:38 INFO  ManagerTask:93 - Received response for reviewId R1266STJW192AU for inputIndex 1 for taskType sentimentAnalysis with taskResult 1
LOCAL 2024-02-11 20:51:38 INFO  ManagerTask:93 - Received response for reviewId R366N97DLUODS7 for inputIndex 0 for taskType entityRecognition with taskResult 
LOCAL 2024-02-11 20:51:38 INFO  ManagerTask:117 - Updated summary message for reviewId R366N97DLUODS7 for inputIndex 0 with sentiment 2 and entities 
LOCAL 2024-02-11 20:51:38 INFO  SQSHandler:93 - Deleted message from https://sqs.us-east-1.amazonaws.com/767398090493/workerToManagerQueue
LOCAL 2024-02-11 20:51:38 INFO  ManagerTask:122 - Completed tasks 14 out of 40 for local app ba8b31929571a9c8 for inputIndex 1
LOCAL 2024-02-11 20:51:39 INFO  SQSHandler:93 - Deleted message from https://sqs.us-east-1.amazonaws.com/767398090493/workerToManagerQueue
LOCAL 2024-02-11 20:51:39 INFO  ManagerTask:122 - Completed tasks 8 out of 40 for local app ba8b31929571a9c8 for inputIndex 0
LOCAL 2024-02-11 20:51:39 INFO  ManagerTask:93 - Received response for reviewId RSO743RDYVWTZ for inputIndex 0 for taskType entityRecognition with taskResult 
LOCAL 2024-02-11 20:51:39 INFO  ManagerTask:93 - Received response for reviewId R2VXY3WQWH9Z0F for inputIndex 1 for taskType entityRecognition with taskResult Haribo: PERSON
LOCAL 2024-02-11 20:51:39 INFO  SQSHandler:93 - Deleted message from https://sqs.us-east-1.amazonaws.com/767398090493/workerToManagerQueue
LOCAL 2024-02-11 20:51:39 INFO  ManagerTask:122 - Completed tasks 9 out of 40 for local app ba8b31929571a9c8 for inputIndex 0
LOCAL 2024-02-11 20:51:39 INFO  ManagerTask:93 - Received response for reviewId R33DK4T6EHUIHX for inputIndex 0 for taskType sentimentAnalysis with taskResult 1
LOCAL 2024-02-11 20:51:39 INFO  SQSHandler:93 - Deleted message from https://sqs.us-east-1.amazonaws.com/767398090493/workerToManagerQueue
LOCAL 2024-02-11 20:51:39 INFO  ManagerTask:122 - Completed tasks 15 out of 40 for local app ba8b31929571a9c8 for inputIndex 1
LOCAL 2024-02-11 20:51:39 INFO  SQSHandler:93 - Deleted message from https://sqs.us-east-1.amazonaws.com/767398090493/workerToManagerQueue
LOCAL 2024-02-11 20:51:39 INFO  ManagerTask:122 - Completed tasks 10 out of 40 for local app ba8b31929571a9c8 for inputIndex 0
LOCAL 2024-02-11 20:51:39 INFO  ManagerTask:93 - Received response for reviewId R33DK4T6EHUIHX for inputIndex 0 for taskType entityRecognition with taskResult 
LOCAL 2024-02-11 20:51:39 INFO  ManagerTask:117 - Updated summary message for reviewId R33DK4T6EHUIHX for inputIndex 0 with sentiment 1 and entities 
LOCAL 2024-02-11 20:51:39 INFO  SQSHandler:93 - Deleted message from https://sqs.us-east-1.amazonaws.com/767398090493/workerToManagerQueue
LOCAL 2024-02-11 20:51:39 INFO  ManagerTask:122 - Completed tasks 11 out of 40 for local app ba8b31929571a9c8 for inputIndex 0
LOCAL 2024-02-11 20:51:40 INFO  ManagerTask:93 - Received response for reviewId RSO743RDYVWTZ for inputIndex 0 for taskType sentimentAnalysis with taskResult 2
LOCAL 2024-02-11 20:51:40 INFO  ManagerTask:117 - Updated summary message for reviewId RSO743RDYVWTZ for inputIndex 0 with sentiment 2 and entities 
LOCAL 2024-02-11 20:51:40 INFO  SQSHandler:93 - Deleted message from https://sqs.us-east-1.amazonaws.com/767398090493/workerToManagerQueue
LOCAL 2024-02-11 20:51:40 INFO  ManagerTask:122 - Completed tasks 12 out of 40 for local app ba8b31929571a9c8 for inputIndex 0
LOCAL 2024-02-11 20:51:40 INFO  ManagerTask:93 - Received response for reviewId R2OJAJRDONJ956 for inputIndex 1 for taskType entityRecognition with taskResult 
LOCAL 2024-02-11 20:51:40 INFO  ManagerTask:117 - Updated summary message for reviewId R2OJAJRDONJ956 for inputIndex 1 with sentiment 3 and entities 
LOCAL 2024-02-11 20:51:40 INFO  SQSHandler:93 - Deleted message from https://sqs.us-east-1.amazonaws.com/767398090493/workerToManagerQueue
LOCAL 2024-02-11 20:51:40 INFO  ManagerTask:122 - Completed tasks 16 out of 40 for local app ba8b31929571a9c8 for inputIndex 1
LOCAL 2024-02-11 20:51:40 INFO  ManagerTask:93 - Received response for reviewId R1IKZK5S0DCKZ0 for inputIndex 0 for taskType entityRecognition with taskResult Karen: PERSON, Katz: PERSON
LOCAL 2024-02-11 20:51:40 INFO  SQSHandler:93 - Deleted message from https://sqs.us-east-1.amazonaws.com/767398090493/workerToManagerQueue
LOCAL 2024-02-11 20:51:40 INFO  ManagerTask:122 - Completed tasks 13 out of 40 for local app ba8b31929571a9c8 for inputIndex 0
LOCAL 2024-02-11 20:51:41 INFO  ManagerTask:93 - Received response for reviewId RGMH5ROASTBS8 for inputIndex 0 for taskType entityRecognition with taskResult 
LOCAL 2024-02-11 20:51:41 INFO  SQSHandler:93 - Deleted message from https://sqs.us-east-1.amazonaws.com/767398090493/workerToManagerQueue
LOCAL 2024-02-11 20:51:41 INFO  ManagerTask:122 - Completed tasks 14 out of 40 for local app ba8b31929571a9c8 for inputIndex 0
LOCAL 2024-02-11 20:51:41 INFO  ManagerTask:93 - Received response for reviewId R367OTNJ8I36FS for inputIndex 0 for taskType sentimentAnalysis with taskResult 3
LOCAL 2024-02-11 20:51:41 INFO  SQSHandler:93 - Deleted message from https://sqs.us-east-1.amazonaws.com/767398090493/workerToManagerQueue
LOCAL 2024-02-11 20:51:41 INFO  ManagerTask:122 - Completed tasks 15 out of 40 for local app ba8b31929571a9c8 for inputIndex 0
LOCAL 2024-02-11 20:51:41 INFO  ManagerTask:93 - Received response for reviewId R3R9QKZ61DMKGF for inputIndex 0 for taskType sentimentAnalysis with taskResult 3
LOCAL 2024-02-11 20:51:41 INFO  ManagerTask:93 - Received response for reviewId R25Z5IPKQQBRQN for inputIndex 1 for taskType sentimentAnalysis with taskResult 1
LOCAL 2024-02-11 20:51:41 INFO  ManagerTask:117 - Updated summary message for reviewId R25Z5IPKQQBRQN for inputIndex 1 with sentiment 1 and entities 
LOCAL 2024-02-11 20:51:41 INFO  SQSHandler:93 - Deleted message from https://sqs.us-east-1.amazonaws.com/767398090493/workerToManagerQueue
LOCAL 2024-02-11 20:51:41 INFO  ManagerTask:122 - Completed tasks 16 out of 40 for local app ba8b31929571a9c8 for inputIndex 0
LOCAL 2024-02-11 20:51:41 INFO  SQSHandler:93 - Deleted message from https://sqs.us-east-1.amazonaws.com/767398090493/workerToManagerQueue
LOCAL 2024-02-11 20:51:41 INFO  ManagerTask:122 - Completed tasks 17 out of 40 for local app ba8b31929571a9c8 for inputIndex 1
LOCAL 2024-02-11 20:51:41 INFO  ManagerTask:93 - Received response for reviewId R3R9QKZ61DMKGF for inputIndex 0 for taskType entityRecognition with taskResult 
LOCAL 2024-02-11 20:51:41 INFO  ManagerTask:117 - Updated summary message for reviewId R3R9QKZ61DMKGF for inputIndex 0 with sentiment 3 and entities 
LOCAL 2024-02-11 20:51:41 INFO  Manager:51 - Polling tasks from 1 local app queues
LOCAL 2024-02-11 20:51:42 INFO  SQSHandler:93 - Deleted message from https://sqs.us-east-1.amazonaws.com/767398090493/workerToManagerQueue
LOCAL 2024-02-11 20:51:42 INFO  ManagerTask:122 - Completed tasks 17 out of 40 for local app ba8b31929571a9c8 for inputIndex 0
LOCAL 2024-02-11 20:51:42 INFO  ManagerTask:93 - Received response for reviewId R3V239ZPPF0XY3 for inputIndex 0 for taskType sentimentAnalysis with taskResult 2
LOCAL 2024-02-11 20:51:42 INFO  SQSHandler:93 - Deleted message from https://sqs.us-east-1.amazonaws.com/767398090493/workerToManagerQueue
LOCAL 2024-02-11 20:51:42 INFO  ManagerTask:122 - Completed tasks 18 out of 40 for local app ba8b31929571a9c8 for inputIndex 0
LOCAL 2024-02-11 20:51:42 INFO  ManagerTask:93 - Received response for reviewId R386EPGNDYSO6 for inputIndex 1 for taskType sentimentAnalysis with taskResult 3
LOCAL 2024-02-11 20:51:42 INFO  ManagerTask:117 - Updated summary message for reviewId R386EPGNDYSO6 for inputIndex 1 with sentiment 3 and entities 
LOCAL 2024-02-11 20:51:42 INFO  SQSHandler:93 - Deleted message from https://sqs.us-east-1.amazonaws.com/767398090493/workerToManagerQueue
LOCAL 2024-02-11 20:51:42 INFO  ManagerTask:122 - Completed tasks 18 out of 40 for local app ba8b31929571a9c8 for inputIndex 1
LOCAL 2024-02-11 20:51:42 INFO  ManagerTask:93 - Received response for reviewId R248WNDI9KORMN for inputIndex 1 for taskType entityRecognition with taskResult Gummi: PERSON, Bears: PERSON
LOCAL 2024-02-11 20:51:42 INFO  SQSHandler:93 - Deleted message from https://sqs.us-east-1.amazonaws.com/767398090493/workerToManagerQueue
LOCAL 2024-02-11 20:51:42 INFO  ManagerTask:122 - Completed tasks 19 out of 40 for local app ba8b31929571a9c8 for inputIndex 1
LOCAL 2024-02-11 20:51:45 INFO  Manager:51 - Polling tasks from 1 local app queues
LOCAL 2024-02-11 20:51:48 INFO  Manager:51 - Polling tasks from 1 local app queues
LOCAL 2024-02-11 20:51:51 INFO  Manager:51 - Polling tasks from 1 local app queues
LOCAL 2024-02-11 20:51:52 INFO  ManagerTask:93 - Received response for reviewId R2VXY3WQWH9Z0F for inputIndex 1 for taskType sentimentAnalysis with taskResult 1
LOCAL 2024-02-11 20:51:52 INFO  ManagerTask:117 - Updated summary message for reviewId R2VXY3WQWH9Z0F for inputIndex 1 with sentiment 1 and entities Haribo: PERSON
LOCAL 2024-02-11 20:51:52 INFO  SQSHandler:93 - Deleted message from https://sqs.us-east-1.amazonaws.com/767398090493/workerToManagerQueue
LOCAL 2024-02-11 20:51:52 INFO  ManagerTask:122 - Completed tasks 20 out of 40 for local app ba8b31929571a9c8 for inputIndex 1
LOCAL 2024-02-11 20:51:54 INFO  Manager:51 - Polling tasks from 1 local app queues
LOCAL 2024-02-11 20:51:56 INFO  ManagerTask:93 - Received response for reviewId R3GCFAIUL8BI3Y for inputIndex 0 for taskType sentimentAnalysis with taskResult 4
LOCAL 2024-02-11 20:51:56 INFO  SQSHandler:93 - Deleted message from https://sqs.us-east-1.amazonaws.com/767398090493/workerToManagerQueue
LOCAL 2024-02-11 20:51:56 INFO  ManagerTask:122 - Completed tasks 19 out of 40 for local app ba8b31929571a9c8 for inputIndex 0
LOCAL 2024-02-11 20:51:56 INFO  ManagerTask:93 - Received response for reviewId RW6ORU2M3C461 for inputIndex 0 for taskType entityRecognition with taskResult 
LOCAL 2024-02-11 20:51:56 INFO  ManagerTask:117 - Updated summary message for reviewId RW6ORU2M3C461 for inputIndex 0 with sentiment 3 and entities 
LOCAL 2024-02-11 20:51:56 INFO  SQSHandler:93 - Deleted message from https://sqs.us-east-1.amazonaws.com/767398090493/workerToManagerQueue
LOCAL 2024-02-11 20:51:56 INFO  ManagerTask:122 - Completed tasks 20 out of 40 for local app ba8b31929571a9c8 for inputIndex 0
LOCAL 2024-02-11 20:51:56 INFO  ManagerTask:93 - Received response for reviewId RPURVNKU8YWTS for inputIndex 1 for taskType sentimentAnalysis with taskResult 2
LOCAL 2024-02-11 20:51:57 INFO  SQSHandler:93 - Deleted message from https://sqs.us-east-1.amazonaws.com/767398090493/workerToManagerQueue
LOCAL 2024-02-11 20:51:57 INFO  ManagerTask:122 - Completed tasks 21 out of 40 for local app ba8b31929571a9c8 for inputIndex 1
LOCAL 2024-02-11 20:51:57 INFO  Manager:61 - Received 0 requests
LOCAL 2024-02-11 20:51:57 INFO  Manager:51 - Polling tasks from 1 local app queues
LOCAL 2024-02-11 20:52:00 INFO  Manager:51 - Polling tasks from 1 local app queues
LOCAL 2024-02-11 20:52:04 INFO  Manager:51 - Polling tasks from 1 local app queues
LOCAL 2024-02-11 20:52:07 INFO  Manager:51 - Polling tasks from 1 local app queues
LOCAL 2024-02-11 20:52:10 INFO  Manager:51 - Polling tasks from 1 local app queues
LOCAL 2024-02-11 20:52:13 INFO  Manager:51 - Polling tasks from 1 local app queues
LOCAL 2024-02-11 20:52:16 INFO  Manager:51 - Polling tasks from 1 local app queues
LOCAL 2024-02-11 20:52:17 INFO  Manager:61 - Received 0 requests
LOCAL 2024-02-11 20:52:19 INFO  Manager:51 - Polling tasks from 1 local app queues
LOCAL 2024-02-11 20:52:23 INFO  Manager:51 - Polling tasks from 1 local app queues
LOCAL 2024-02-11 20:52:26 INFO  Manager:51 - Polling tasks from 1 local app queues
LOCAL 2024-02-11 20:52:29 INFO  Manager:51 - Polling tasks from 1 local app queues
LOCAL 2024-02-11 20:52:30 INFO  ManagerTask:93 - Received response for reviewId RJ1ACTUJ9GHIA for inputIndex 1 for taskType sentimentAnalysis with taskResult 1
LOCAL 2024-02-11 20:52:30 INFO  SQSHandler:93 - Deleted message from https://sqs.us-east-1.amazonaws.com/767398090493/workerToManagerQueue
LOCAL 2024-02-11 20:52:30 INFO  ManagerTask:122 - Completed tasks 22 out of 40 for local app ba8b31929571a9c8 for inputIndex 1
LOCAL 2024-02-11 20:52:32 INFO  ManagerTask:93 - Received response for reviewId R1L8O7RM8DD6J3 for inputIndex 0 for taskType entityRecognition with taskResult 
LOCAL 2024-02-11 20:52:32 INFO  Manager:51 - Polling tasks from 1 local app queues
LOCAL 2024-02-11 20:52:32 INFO  SQSHandler:93 - Deleted message from https://sqs.us-east-1.amazonaws.com/767398090493/workerToManagerQueue
LOCAL 2024-02-11 20:52:32 INFO  ManagerTask:122 - Completed tasks 21 out of 40 for local app ba8b31929571a9c8 for inputIndex 0
LOCAL 2024-02-11 20:52:34 INFO  ManagerTask:93 - Received response for reviewId R2NETRFTNAT0D for inputIndex 1 for taskType sentimentAnalysis with taskResult 3
LOCAL 2024-02-11 20:52:34 INFO  ManagerTask:93 - Received response for reviewId R1L8O7RM8DD6J3 for inputIndex 0 for taskType sentimentAnalysis with taskResult 1
LOCAL 2024-02-11 20:52:34 INFO  ManagerTask:117 - Updated summary message for reviewId R1L8O7RM8DD6J3 for inputIndex 0 with sentiment 1 and entities 
LOCAL 2024-02-11 20:52:34 INFO  SQSHandler:93 - Deleted message from https://sqs.us-east-1.amazonaws.com/767398090493/workerToManagerQueue
LOCAL 2024-02-11 20:52:34 INFO  ManagerTask:122 - Completed tasks 23 out of 40 for local app ba8b31929571a9c8 for inputIndex 1
LOCAL 2024-02-11 20:52:35 INFO  SQSHandler:93 - Deleted message from https://sqs.us-east-1.amazonaws.com/767398090493/workerToManagerQueue
LOCAL 2024-02-11 20:52:35 INFO  ManagerTask:122 - Completed tasks 22 out of 40 for local app ba8b31929571a9c8 for inputIndex 0
LOCAL 2024-02-11 20:52:35 INFO  Manager:51 - Polling tasks from 1 local app queues
LOCAL 2024-02-11 20:52:36 INFO  ManagerTask:93 - Received response for reviewId R1RUXYHCSZSHJ0 for inputIndex 0 for taskType entityRecognition with taskResult 
LOCAL 2024-02-11 20:52:36 INFO  SQSHandler:93 - Deleted message from https://sqs.us-east-1.amazonaws.com/767398090493/workerToManagerQueue
LOCAL 2024-02-11 20:52:36 INFO  ManagerTask:122 - Completed tasks 23 out of 40 for local app ba8b31929571a9c8 for inputIndex 0
LOCAL 2024-02-11 20:52:36 INFO  ManagerTask:93 - Received response for reviewId RGAST6Q7TRKA4 for inputIndex 1 for taskType entityRecognition with taskResult 
LOCAL 2024-02-11 20:52:36 INFO  ManagerTask:117 - Updated summary message for reviewId RGAST6Q7TRKA4 for inputIndex 1 with sentiment 3 and entities 
LOCAL 2024-02-11 20:52:37 INFO  SQSHandler:93 - Deleted message from https://sqs.us-east-1.amazonaws.com/767398090493/workerToManagerQueue
LOCAL 2024-02-11 20:52:37 INFO  ManagerTask:122 - Completed tasks 24 out of 40 for local app ba8b31929571a9c8 for inputIndex 1
LOCAL 2024-02-11 20:52:37 INFO  Manager:61 - Received 0 requests
LOCAL 2024-02-11 20:52:38 INFO  ManagerTask:93 - Received response for reviewId R11CRDLQ8ID6MM for inputIndex 1 for taskType entityRecognition with taskResult Yummy: PERSON, Yummy: PERSON, Yummy: PERSON
LOCAL 2024-02-11 20:52:38 INFO  SQSHandler:93 - Deleted message from https://sqs.us-east-1.amazonaws.com/767398090493/workerToManagerQueue
LOCAL 2024-02-11 20:52:38 INFO  ManagerTask:122 - Completed tasks 25 out of 40 for local app ba8b31929571a9c8 for inputIndex 1
LOCAL 2024-02-11 20:52:38 INFO  Manager:51 - Polling tasks from 1 local app queues
LOCAL 2024-02-11 20:52:39 INFO  ManagerTask:93 - Received response for reviewId R3P2KOXRF7Z400 for inputIndex 0 for taskType entityRecognition with taskResult 
LOCAL 2024-02-11 20:52:39 INFO  SQSHandler:93 - Deleted message from https://sqs.us-east-1.amazonaws.com/767398090493/workerToManagerQueue
LOCAL 2024-02-11 20:52:39 INFO  ManagerTask:122 - Completed tasks 24 out of 40 for local app ba8b31929571a9c8 for inputIndex 0
LOCAL 2024-02-11 20:52:39 INFO  ManagerTask:93 - Received response for reviewId RJ62XWHGDIF7 for inputIndex 0 for taskType sentimentAnalysis with taskResult 2
LOCAL 2024-02-11 20:52:39 INFO  SQSHandler:93 - Deleted message from https://sqs.us-east-1.amazonaws.com/767398090493/workerToManagerQueue
LOCAL 2024-02-11 20:52:39 INFO  ManagerTask:122 - Completed tasks 25 out of 40 for local app ba8b31929571a9c8 for inputIndex 0
LOCAL 2024-02-11 20:52:39 INFO  ManagerTask:93 - Received response for reviewId RJ62XWHGDIF7 for inputIndex 0 for taskType entityRecognition with taskResult 
LOCAL 2024-02-11 20:52:39 INFO  ManagerTask:117 - Updated summary message for reviewId RJ62XWHGDIF7 for inputIndex 0 with sentiment 2 and entities 
LOCAL 2024-02-11 20:52:40 INFO  SQSHandler:93 - Deleted message from https://sqs.us-east-1.amazonaws.com/767398090493/workerToManagerQueue
LOCAL 2024-02-11 20:52:40 INFO  ManagerTask:122 - Completed tasks 26 out of 40 for local app ba8b31929571a9c8 for inputIndex 0
LOCAL 2024-02-11 20:52:40 INFO  ManagerTask:93 - Received response for reviewId RGMH5ROASTBS8 for inputIndex 0 for taskType sentimentAnalysis with taskResult 3
LOCAL 2024-02-11 20:52:40 INFO  ManagerTask:117 - Updated summary message for reviewId RGMH5ROASTBS8 for inputIndex 0 with sentiment 3 and entities 
LOCAL 2024-02-11 20:52:41 INFO  SQSHandler:93 - Deleted message from https://sqs.us-east-1.amazonaws.com/767398090493/workerToManagerQueue
LOCAL 2024-02-11 20:52:41 INFO  ManagerTask:122 - Completed tasks 27 out of 40 for local app ba8b31929571a9c8 for inputIndex 0
LOCAL 2024-02-11 20:52:41 INFO  ManagerTask:93 - Received response for reviewId R2IZ8JCDKDN7YL for inputIndex 1 for taskType entityRecognition with taskResult 
LOCAL 2024-02-11 20:52:41 INFO  ManagerTask:117 - Updated summary message for reviewId R2IZ8JCDKDN7YL for inputIndex 1 with sentiment 2 and entities 
LOCAL 2024-02-11 20:52:42 INFO  SQSHandler:93 - Deleted message from https://sqs.us-east-1.amazonaws.com/767398090493/workerToManagerQueue
LOCAL 2024-02-11 20:52:42 INFO  ManagerTask:122 - Completed tasks 26 out of 40 for local app ba8b31929571a9c8 for inputIndex 1
LOCAL 2024-02-11 20:52:42 INFO  Manager:51 - Polling tasks from 1 local app queues
LOCAL 2024-02-11 20:52:42 INFO  ManagerTask:93 - Received response for reviewId R33SW6AMDKTSB8 for inputIndex 0 for taskType sentimentAnalysis with taskResult 3
LOCAL 2024-02-11 20:52:42 INFO  SQSHandler:93 - Deleted message from https://sqs.us-east-1.amazonaws.com/767398090493/workerToManagerQueue
LOCAL 2024-02-11 20:52:42 INFO  ManagerTask:122 - Completed tasks 28 out of 40 for local app ba8b31929571a9c8 for inputIndex 0
LOCAL 2024-02-11 20:52:42 INFO  ManagerTask:93 - Received response for reviewId R3MRIY8FUDOYHU for inputIndex 0 for taskType entityRecognition with taskResult Katz: PERSON, Karen: PERSON, Katz: PERSON, Katz: PERSON
LOCAL 2024-02-11 20:52:42 INFO  SQSHandler:93 - Deleted message from https://sqs.us-east-1.amazonaws.com/767398090493/workerToManagerQueue
LOCAL 2024-02-11 20:52:42 INFO  ManagerTask:122 - Completed tasks 29 out of 40 for local app ba8b31929571a9c8 for inputIndex 0
LOCAL 2024-02-11 20:52:42 INFO  ManagerTask:93 - Received response for reviewId R2I4MYU1IT5IJ for inputIndex 1 for taskType entityRecognition with taskResult 
LOCAL 2024-02-11 20:52:42 INFO  ManagerTask:117 - Updated summary message for reviewId R2I4MYU1IT5IJ for inputIndex 1 with sentiment 3 and entities 
LOCAL 2024-02-11 20:52:42 INFO  SQSHandler:93 - Deleted message from https://sqs.us-east-1.amazonaws.com/767398090493/workerToManagerQueue
LOCAL 2024-02-11 20:52:42 INFO  ManagerTask:122 - Completed tasks 27 out of 40 for local app ba8b31929571a9c8 for inputIndex 1
LOCAL 2024-02-11 20:52:44 INFO  ManagerTask:93 - Received response for reviewId RB9QK3F6SUQPU for inputIndex 0 for taskType sentimentAnalysis with taskResult 4
LOCAL 2024-02-11 20:52:44 INFO  ManagerTask:117 - Updated summary message for reviewId RB9QK3F6SUQPU for inputIndex 0 with sentiment 4 and entities 
LOCAL 2024-02-11 20:52:45 INFO  ManagerTask:93 - Received response for reviewId RPURVNKU8YWTS for inputIndex 1 for taskType entityRecognition with taskResult 
LOCAL 2024-02-11 20:52:45 INFO  ManagerTask:117 - Updated summary message for reviewId RPURVNKU8YWTS for inputIndex 1 with sentiment 2 and entities 
LOCAL 2024-02-11 20:52:45 INFO  SQSHandler:93 - Deleted message from https://sqs.us-east-1.amazonaws.com/767398090493/workerToManagerQueue
LOCAL 2024-02-11 20:52:45 INFO  ManagerTask:122 - Completed tasks 30 out of 40 for local app ba8b31929571a9c8 for inputIndex 0
LOCAL 2024-02-11 20:52:45 INFO  ManagerTask:93 - Received response for reviewId R3MRIY8FUDOYHU for inputIndex 0 for taskType sentimentAnalysis with taskResult 2
LOCAL 2024-02-11 20:52:45 INFO  ManagerTask:117 - Updated summary message for reviewId R3MRIY8FUDOYHU for inputIndex 0 with sentiment 2 and entities Katz: PERSON, Karen: PERSON, Katz: PERSON, Katz: PERSON
LOCAL 2024-02-11 20:52:45 INFO  Manager:51 - Polling tasks from 1 local app queues
LOCAL 2024-02-11 20:52:45 INFO  SQSHandler:93 - Deleted message from https://sqs.us-east-1.amazonaws.com/767398090493/workerToManagerQueue
LOCAL 2024-02-11 20:52:45 INFO  ManagerTask:122 - Completed tasks 28 out of 40 for local app ba8b31929571a9c8 for inputIndex 1
LOCAL 2024-02-11 20:52:45 INFO  SQSHandler:93 - Deleted message from https://sqs.us-east-1.amazonaws.com/767398090493/workerToManagerQueue
LOCAL 2024-02-11 20:52:45 INFO  ManagerTask:122 - Completed tasks 31 out of 40 for local app ba8b31929571a9c8 for inputIndex 0
LOCAL 2024-02-11 20:52:48 INFO  Manager:51 - Polling tasks from 1 local app queues
LOCAL 2024-02-11 20:52:51 INFO  Manager:51 - Polling tasks from 1 local app queues
LOCAL 2024-02-11 20:52:52 INFO  ManagerTask:93 - Received response for reviewId R1CKE9Q64Z7CZC for inputIndex 1 for taskType entityRecognition with taskResult 
LOCAL 2024-02-11 20:52:52 INFO  SQSHandler:93 - Deleted message from https://sqs.us-east-1.amazonaws.com/767398090493/workerToManagerQueue
LOCAL 2024-02-11 20:52:52 INFO  ManagerTask:122 - Completed tasks 29 out of 40 for local app ba8b31929571a9c8 for inputIndex 1
LOCAL 2024-02-11 20:52:54 INFO  Manager:51 - Polling tasks from 1 local app queues
LOCAL 2024-02-11 20:52:56 INFO  ManagerTask:93 - Received response for reviewId R367OTNJ8I36FS for inputIndex 0 for taskType entityRecognition with taskResult 
LOCAL 2024-02-11 20:52:56 INFO  ManagerTask:117 - Updated summary message for reviewId R367OTNJ8I36FS for inputIndex 0 with sentiment 3 and entities 
LOCAL 2024-02-11 20:52:56 INFO  SQSHandler:93 - Deleted message from https://sqs.us-east-1.amazonaws.com/767398090493/workerToManagerQueue
LOCAL 2024-02-11 20:52:56 INFO  ManagerTask:122 - Completed tasks 32 out of 40 for local app ba8b31929571a9c8 for inputIndex 0
LOCAL 2024-02-11 20:52:56 INFO  ManagerTask:93 - Received response for reviewId R3V239ZPPF0XY3 for inputIndex 0 for taskType entityRecognition with taskResult 
LOCAL 2024-02-11 20:52:56 INFO  ManagerTask:117 - Updated summary message for reviewId R3V239ZPPF0XY3 for inputIndex 0 with sentiment 2 and entities 
LOCAL 2024-02-11 20:52:56 INFO  SQSHandler:93 - Deleted message from https://sqs.us-east-1.amazonaws.com/767398090493/workerToManagerQueue
LOCAL 2024-02-11 20:52:56 INFO  ManagerTask:122 - Completed tasks 33 out of 40 for local app ba8b31929571a9c8 for inputIndex 0
LOCAL 2024-02-11 20:52:57 INFO  Manager:61 - Received 0 requests
LOCAL 2024-02-11 20:52:57 INFO  Manager:51 - Polling tasks from 1 local app queues
LOCAL 2024-02-11 20:53:01 INFO  Manager:51 - Polling tasks from 1 local app queues
LOCAL 2024-02-11 20:53:04 INFO  Manager:51 - Polling tasks from 1 local app queues
LOCAL 2024-02-11 20:53:07 INFO  Manager:51 - Polling tasks from 1 local app queues
LOCAL 2024-02-11 20:53:10 INFO  Manager:51 - Polling tasks from 1 local app queues
LOCAL 2024-02-11 20:53:13 INFO  Manager:51 - Polling tasks from 1 local app queues
LOCAL 2024-02-11 20:53:16 INFO  Manager:51 - Polling tasks from 1 local app queues
LOCAL 2024-02-11 20:53:18 INFO  Manager:61 - Received 0 requests
LOCAL 2024-02-11 20:53:20 INFO  Manager:51 - Polling tasks from 1 local app queues
LOCAL 2024-02-11 20:53:23 INFO  Manager:51 - Polling tasks from 1 local app queues
LOCAL 2024-02-11 20:53:26 INFO  Manager:51 - Polling tasks from 1 local app queues
LOCAL 2024-02-11 20:53:30 INFO  Manager:51 - Polling tasks from 1 local app queues
LOCAL 2024-02-11 20:53:31 INFO  ManagerTask:93 - Received response for reviewId R1IKZK5S0DCKZ0 for inputIndex 0 for taskType sentimentAnalysis with taskResult 3
LOCAL 2024-02-11 20:53:31 INFO  ManagerTask:117 - Updated summary message for reviewId R1IKZK5S0DCKZ0 for inputIndex 0 with sentiment 3 and entities Karen: PERSON, Katz: PERSON
LOCAL 2024-02-11 20:53:31 INFO  ManagerTask:93 - Received response for reviewId R1CKE9Q64Z7CZC for inputIndex 1 for taskType sentimentAnalysis with taskResult 3
LOCAL 2024-02-11 20:53:31 INFO  ManagerTask:117 - Updated summary message for reviewId R1CKE9Q64Z7CZC for inputIndex 1 with sentiment 3 and entities 
LOCAL 2024-02-11 20:53:31 INFO  SQSHandler:93 - Deleted message from https://sqs.us-east-1.amazonaws.com/767398090493/workerToManagerQueue
LOCAL 2024-02-11 20:53:31 INFO  ManagerTask:122 - Completed tasks 34 out of 40 for local app ba8b31929571a9c8 for inputIndex 0
LOCAL 2024-02-11 20:53:31 INFO  SQSHandler:93 - Deleted message from https://sqs.us-east-1.amazonaws.com/767398090493/workerToManagerQueue
LOCAL 2024-02-11 20:53:31 INFO  ManagerTask:122 - Completed tasks 30 out of 40 for local app ba8b31929571a9c8 for inputIndex 1
LOCAL 2024-02-11 20:53:33 INFO  Manager:51 - Polling tasks from 1 local app queues
LOCAL 2024-02-11 20:53:33 INFO  ManagerTask:93 - Received response for reviewId R1JDXB8Y4TO3MT for inputIndex 1 for taskType sentimentAnalysis with taskResult 3
LOCAL 2024-02-11 20:53:33 INFO  ManagerTask:117 - Updated summary message for reviewId R1JDXB8Y4TO3MT for inputIndex 1 with sentiment 3 and entities 
LOCAL 2024-02-11 20:53:33 INFO  SQSHandler:93 - Deleted message from https://sqs.us-east-1.amazonaws.com/767398090493/workerToManagerQueue
LOCAL 2024-02-11 20:53:33 INFO  ManagerTask:122 - Completed tasks 31 out of 40 for local app ba8b31929571a9c8 for inputIndex 1
LOCAL 2024-02-11 20:53:36 INFO  ManagerTask:93 - Received response for reviewId R1RUXYHCSZSHJ0 for inputIndex 0 for taskType sentimentAnalysis with taskResult 2
LOCAL 2024-02-11 20:53:36 INFO  ManagerTask:117 - Updated summary message for reviewId R1RUXYHCSZSHJ0 for inputIndex 0 with sentiment 2 and entities 
LOCAL 2024-02-11 20:53:36 INFO  Manager:51 - Polling tasks from 1 local app queues
LOCAL 2024-02-11 20:53:36 INFO  SQSHandler:93 - Deleted message from https://sqs.us-east-1.amazonaws.com/767398090493/workerToManagerQueue
LOCAL 2024-02-11 20:53:36 INFO  ManagerTask:122 - Completed tasks 35 out of 40 for local app ba8b31929571a9c8 for inputIndex 0
LOCAL 2024-02-11 20:53:38 INFO  Manager:61 - Received 0 requests
LOCAL 2024-02-11 20:53:38 INFO  ManagerTask:93 - Received response for reviewId R11CRDLQ8ID6MM for inputIndex 1 for taskType sentimentAnalysis with taskResult 2
LOCAL 2024-02-11 20:53:38 INFO  ManagerTask:117 - Updated summary message for reviewId R11CRDLQ8ID6MM for inputIndex 1 with sentiment 2 and entities Yummy: PERSON, Yummy: PERSON, Yummy: PERSON
LOCAL 2024-02-11 20:53:38 INFO  SQSHandler:93 - Deleted message from https://sqs.us-east-1.amazonaws.com/767398090493/workerToManagerQueue
LOCAL 2024-02-11 20:53:38 INFO  ManagerTask:122 - Completed tasks 32 out of 40 for local app ba8b31929571a9c8 for inputIndex 1
LOCAL 2024-02-11 20:53:39 INFO  Manager:51 - Polling tasks from 1 local app queues
LOCAL 2024-02-11 20:53:41 INFO  ManagerTask:93 - Received response for reviewId R35P822BAW0TEW for inputIndex 1 for taskType entityRecognition with taskResult 
LOCAL 2024-02-11 20:53:42 INFO  SQSHandler:93 - Deleted message from https://sqs.us-east-1.amazonaws.com/767398090493/workerToManagerQueue
LOCAL 2024-02-11 20:53:42 INFO  ManagerTask:122 - Completed tasks 33 out of 40 for local app ba8b31929571a9c8 for inputIndex 1
LOCAL 2024-02-11 20:53:42 INFO  ManagerTask:93 - Received response for reviewId R248WNDI9KORMN for inputIndex 1 for taskType sentimentAnalysis with taskResult 2
LOCAL 2024-02-11 20:53:42 INFO  ManagerTask:117 - Updated summary message for reviewId R248WNDI9KORMN for inputIndex 1 with sentiment 2 and entities Gummi: PERSON, Bears: PERSON
LOCAL 2024-02-11 20:53:42 INFO  Manager:51 - Polling tasks from 1 local app queues
LOCAL 2024-02-11 20:53:42 INFO  SQSHandler:93 - Deleted message from https://sqs.us-east-1.amazonaws.com/767398090493/workerToManagerQueue
LOCAL 2024-02-11 20:53:42 INFO  ManagerTask:122 - Completed tasks 34 out of 40 for local app ba8b31929571a9c8 for inputIndex 1
LOCAL 2024-02-11 20:53:45 INFO  Manager:51 - Polling tasks from 1 local app queues
LOCAL 2024-02-11 20:53:49 INFO  Manager:51 - Polling tasks from 1 local app queues
LOCAL 2024-02-11 20:53:52 INFO  Manager:51 - Polling tasks from 1 local app queues
LOCAL 2024-02-11 20:53:55 INFO  Manager:51 - Polling tasks from 1 local app queues
LOCAL 2024-02-11 20:53:56 INFO  ManagerTask:93 - Received response for reviewId R33SW6AMDKTSB8 for inputIndex 0 for taskType entityRecognition with taskResult 
LOCAL 2024-02-11 20:53:56 INFO  ManagerTask:117 - Updated summary message for reviewId R33SW6AMDKTSB8 for inputIndex 0 with sentiment 3 and entities 
LOCAL 2024-02-11 20:53:56 INFO  SQSHandler:93 - Deleted message from https://sqs.us-east-1.amazonaws.com/767398090493/workerToManagerQueue
LOCAL 2024-02-11 20:53:56 INFO  ManagerTask:122 - Completed tasks 36 out of 40 for local app ba8b31929571a9c8 for inputIndex 0
LOCAL 2024-02-11 20:53:58 INFO  Manager:61 - Received 0 requests
LOCAL 2024-02-11 20:53:58 INFO  Manager:51 - Polling tasks from 1 local app queues
LOCAL 2024-02-11 20:54:01 INFO  Manager:51 - Polling tasks from 1 local app queues
LOCAL 2024-02-11 20:54:04 INFO  Manager:51 - Polling tasks from 1 local app queues
LOCAL 2024-02-11 20:54:08 INFO  Manager:51 - Polling tasks from 1 local app queues
LOCAL 2024-02-11 20:54:11 INFO  Manager:51 - Polling tasks from 1 local app queues
LOCAL 2024-02-11 20:54:14 INFO  Manager:51 - Polling tasks from 1 local app queues
LOCAL 2024-02-11 20:54:17 INFO  Manager:51 - Polling tasks from 1 local app queues
LOCAL 2024-02-11 20:54:18 INFO  Manager:61 - Received 0 requests
LOCAL 2024-02-11 20:54:20 INFO  Manager:51 - Polling tasks from 1 local app queues
LOCAL 2024-02-11 20:54:23 INFO  Manager:51 - Polling tasks from 1 local app queues
LOCAL 2024-02-11 20:54:27 INFO  Manager:51 - Polling tasks from 1 local app queues
LOCAL 2024-02-11 20:54:30 INFO  ManagerTask:93 - Received response for reviewId R3P2KOXRF7Z400 for inputIndex 0 for taskType sentimentAnalysis with taskResult 3
LOCAL 2024-02-11 20:54:30 INFO  ManagerTask:117 - Updated summary message for reviewId R3P2KOXRF7Z400 for inputIndex 0 with sentiment 3 and entities 
LOCAL 2024-02-11 20:54:30 INFO  SQSHandler:93 - Deleted message from https://sqs.us-east-1.amazonaws.com/767398090493/workerToManagerQueue
LOCAL 2024-02-11 20:54:30 INFO  Manager:51 - Polling tasks from 1 local app queues
LOCAL 2024-02-11 20:54:30 INFO  ManagerTask:122 - Completed tasks 37 out of 40 for local app ba8b31929571a9c8 for inputIndex 0
LOCAL 2024-02-11 20:54:33 INFO  ManagerTask:93 - Received response for reviewId RJ1ACTUJ9GHIA for inputIndex 1 for taskType entityRecognition with taskResult 
LOCAL 2024-02-11 20:54:33 INFO  ManagerTask:117 - Updated summary message for reviewId RJ1ACTUJ9GHIA for inputIndex 1 with sentiment 1 and entities 
LOCAL 2024-02-11 20:54:33 INFO  Manager:51 - Polling tasks from 1 local app queues
LOCAL 2024-02-11 20:54:33 INFO  SQSHandler:93 - Deleted message from https://sqs.us-east-1.amazonaws.com/767398090493/workerToManagerQueue
LOCAL 2024-02-11 20:54:33 INFO  ManagerTask:122 - Completed tasks 35 out of 40 for local app ba8b31929571a9c8 for inputIndex 1
LOCAL 2024-02-11 20:54:36 INFO  Manager:51 - Polling tasks from 1 local app queues
LOCAL 2024-02-11 20:54:37 INFO  ManagerTask:93 - Received response for reviewId R3PLCGYS9LYRHZ for inputIndex 1 for taskType entityRecognition with taskResult 
LOCAL 2024-02-11 20:54:37 INFO  ManagerTask:117 - Updated summary message for reviewId R3PLCGYS9LYRHZ for inputIndex 1 with sentiment 2 and entities 
LOCAL 2024-02-11 20:54:37 INFO  SQSHandler:93 - Deleted message from https://sqs.us-east-1.amazonaws.com/767398090493/workerToManagerQueue
LOCAL 2024-02-11 20:54:37 INFO  ManagerTask:122 - Completed tasks 36 out of 40 for local app ba8b31929571a9c8 for inputIndex 1
LOCAL 2024-02-11 20:54:37 INFO  ManagerTask:93 - Received response for reviewId R3GCFAIUL8BI3Y for inputIndex 0 for taskType entityRecognition with taskResult 
LOCAL 2024-02-11 20:54:37 INFO  ManagerTask:117 - Updated summary message for reviewId R3GCFAIUL8BI3Y for inputIndex 0 with sentiment 4 and entities 
LOCAL 2024-02-11 20:54:37 INFO  SQSHandler:93 - Deleted message from https://sqs.us-east-1.amazonaws.com/767398090493/workerToManagerQueue
LOCAL 2024-02-11 20:54:37 INFO  ManagerTask:122 - Completed tasks 38 out of 40 for local app ba8b31929571a9c8 for inputIndex 0
LOCAL 2024-02-11 20:54:38 INFO  Manager:61 - Received 0 requests
LOCAL 2024-02-11 20:54:40 ERROR SQSHandler:43 - User: arn:aws:sts::767398090493:assumed-role/voclabs/user3057334=galyaaco@post.bgu.ac.il is not authorized to perform: sqs:listqueues on resource: arn:aws:sqs:us-east-1:767398090493: with an explicit deny in an identity-based policy (Service: Sqs, Status Code: 403, Request ID: 81f65a42-3f49-5daa-b28e-04012566134e)
