LOCAL 2024-02-11 20:58:44 INFO  Manager:19 - Manager started
LOCAL 2024-02-11 20:58:44 INFO  Manager:23 - ManagerEnv created
LOCAL 2024-02-11 20:58:45 INFO  SQSHandler:19 - Queue managerToWorkerQueue created
LOCAL 2024-02-11 20:58:46 INFO  SQSHandler:19 - Queue workerToManagerQueue created
LOCAL 2024-02-11 20:58:46 INFO  Manager:51 - Polling tasks from 1 local app queues
LOCAL 2024-02-11 20:58:46 INFO  Manager:61 - Received 1 requests
LOCAL 2024-02-11 20:58:46 INFO  Manager:84 - Received request: ad19f2be63d4f13a::analyze::test-input2.txt::1::10
LOCAL 2024-02-11 20:58:46 INFO  S3Handler:56 - Downloading file test-input2.txt from S3 bucket sarcasm-analysis-bucket-ad19f2be63d4f13a
LOCAL 2024-02-11 20:58:48 INFO  Manager:111 - Parsed 20 reviews from input file test-input2.txt
LOCAL 2024-02-11 20:58:48 INFO  Manager:153 - Assigning workers
LOCAL 2024-02-11 20:58:49 INFO  Manager:51 - Polling tasks from 1 local app queues
LOCAL 2024-02-11 20:58:49 INFO  EC2Handler:118 - Active workers: 0
LOCAL 2024-02-11 20:58:49 INFO  EC2Handler:99 - Creating worker instance
LOCAL 2024-02-11 20:58:51 INFO  EC2Handler:33 - Successfully started EC2 instance i-0c09d18f97501450d based on AMI ami-00e95a9222311e8ed
LOCAL 2024-02-11 20:58:51 INFO  EC2Handler:99 - Creating worker instance
LOCAL 2024-02-11 20:58:52 INFO  Manager:51 - Polling tasks from 1 local app queues
LOCAL 2024-02-11 20:58:53 INFO  EC2Handler:33 - Successfully started EC2 instance i-08866fb4a96e09c6f based on AMI ami-00e95a9222311e8ed
LOCAL 2024-02-11 20:58:53 INFO  EC2Handler:99 - Creating worker instance
LOCAL 2024-02-11 20:58:56 INFO  EC2Handler:33 - Successfully started EC2 instance i-0002a0548f3a173e5 based on AMI ami-00e95a9222311e8ed
LOCAL 2024-02-11 20:58:56 INFO  EC2Handler:99 - Creating worker instance
LOCAL 2024-02-11 20:58:56 INFO  Manager:51 - Polling tasks from 1 local app queues
LOCAL 2024-02-11 20:58:58 INFO  EC2Handler:33 - Successfully started EC2 instance i-08ba83ec59918dca1 based on AMI ami-00e95a9222311e8ed
LOCAL 2024-02-11 20:58:58 INFO  Manager:169 - Workers assigned: 4
LOCAL 2024-02-11 20:58:58 INFO  ManagerTask:37 - ManagerTask started for local app ad19f2be63d4f13a for inputIndex 1
LOCAL 2024-02-11 20:58:58 INFO  ManagerTask:54 - Sending tasks to workers for local app ad19f2be63d4f13a for inputIndex 1
LOCAL 2024-02-11 20:58:58 INFO  SQSHandler:73 - Sent message to https://sqs.us-east-1.amazonaws.com/767398090493/managerToWorkerQueue
LOCAL 2024-02-11 20:58:58 INFO  SQSHandler:73 - Sent message to https://sqs.us-east-1.amazonaws.com/767398090493/managerToWorkerQueue
LOCAL 2024-02-11 20:58:58 INFO  ManagerTask:71 - Sent tasks for reviewId RJ1ACTUJ9GHIA for local app ad19f2be63d4f13a for inputIndex 1
LOCAL 2024-02-11 20:58:58 INFO  ManagerTask:72 - Sent total tasks 2 to workers for local app ad19f2be63d4f13a for inputIndex 1
LOCAL 2024-02-11 20:58:59 INFO  SQSHandler:93 - Deleted message from https://sqs.us-east-1.amazonaws.com/767398090493/localToManagerQueue-ad19f2be63d4f13a
LOCAL 2024-02-11 20:58:59 INFO  SQSHandler:73 - Sent message to https://sqs.us-east-1.amazonaws.com/767398090493/managerToWorkerQueue
LOCAL 2024-02-11 20:58:59 INFO  Manager:61 - Received 1 requests
LOCAL 2024-02-11 20:58:59 INFO  Manager:84 - Received request: ad19f2be63d4f13a::analyze::test-input1.txt::0::10
LOCAL 2024-02-11 20:58:59 INFO  S3Handler:56 - Downloading file test-input1.txt from S3 bucket sarcasm-analysis-bucket-ad19f2be63d4f13a
LOCAL 2024-02-11 20:58:59 INFO  SQSHandler:73 - Sent message to https://sqs.us-east-1.amazonaws.com/767398090493/managerToWorkerQueue
LOCAL 2024-02-11 20:58:59 INFO  ManagerTask:71 - Sent tasks for reviewId R2VXY3WQWH9Z0F for local app ad19f2be63d4f13a for inputIndex 1
LOCAL 2024-02-11 20:58:59 INFO  ManagerTask:72 - Sent total tasks 4 to workers for local app ad19f2be63d4f13a for inputIndex 1
LOCAL 2024-02-11 20:58:59 INFO  SQSHandler:73 - Sent message to https://sqs.us-east-1.amazonaws.com/767398090493/managerToWorkerQueue
LOCAL 2024-02-11 20:58:59 INFO  SQSHandler:73 - Sent message to https://sqs.us-east-1.amazonaws.com/767398090493/managerToWorkerQueue
LOCAL 2024-02-11 20:58:59 INFO  ManagerTask:71 - Sent tasks for reviewId R2OJAJRDONJ956 for local app ad19f2be63d4f13a for inputIndex 1
LOCAL 2024-02-11 20:58:59 INFO  ManagerTask:72 - Sent total tasks 6 to workers for local app ad19f2be63d4f13a for inputIndex 1
LOCAL 2024-02-11 20:58:59 INFO  SQSHandler:73 - Sent message to https://sqs.us-east-1.amazonaws.com/767398090493/managerToWorkerQueue
LOCAL 2024-02-11 20:58:59 INFO  Manager:51 - Polling tasks from 1 local app queues
LOCAL 2024-02-11 20:59:00 INFO  SQSHandler:73 - Sent message to https://sqs.us-east-1.amazonaws.com/767398090493/managerToWorkerQueue
LOCAL 2024-02-11 20:59:00 INFO  ManagerTask:71 - Sent tasks for reviewId R1CKE9Q64Z7CZC for local app ad19f2be63d4f13a for inputIndex 1
LOCAL 2024-02-11 20:59:00 INFO  ManagerTask:72 - Sent total tasks 8 to workers for local app ad19f2be63d4f13a for inputIndex 1
LOCAL 2024-02-11 20:59:00 INFO  Manager:111 - Parsed 20 reviews from input file test-input1.txt
LOCAL 2024-02-11 20:59:00 INFO  Manager:153 - Assigning workers
LOCAL 2024-02-11 20:59:00 INFO  SQSHandler:73 - Sent message to https://sqs.us-east-1.amazonaws.com/767398090493/managerToWorkerQueue
LOCAL 2024-02-11 20:59:00 INFO  SQSHandler:73 - Sent message to https://sqs.us-east-1.amazonaws.com/767398090493/managerToWorkerQueue
LOCAL 2024-02-11 20:59:00 INFO  ManagerTask:71 - Sent tasks for reviewId RP1Q8KK6ZJAK0 for local app ad19f2be63d4f13a for inputIndex 1
LOCAL 2024-02-11 20:59:00 INFO  ManagerTask:72 - Sent total tasks 10 to workers for local app ad19f2be63d4f13a for inputIndex 1
LOCAL 2024-02-11 20:59:00 INFO  SQSHandler:73 - Sent message to https://sqs.us-east-1.amazonaws.com/767398090493/managerToWorkerQueue
LOCAL 2024-02-11 20:59:00 INFO  SQSHandler:73 - Sent message to https://sqs.us-east-1.amazonaws.com/767398090493/managerToWorkerQueue
LOCAL 2024-02-11 20:59:00 INFO  ManagerTask:71 - Sent tasks for reviewId R35P822BAW0TEW for local app ad19f2be63d4f13a for inputIndex 1
LOCAL 2024-02-11 20:59:00 INFO  ManagerTask:72 - Sent total tasks 12 to workers for local app ad19f2be63d4f13a for inputIndex 1
LOCAL 2024-02-11 20:59:01 INFO  EC2Handler:118 - Active workers: 4
LOCAL 2024-02-11 20:59:01 INFO  Manager:157 - Enough workers are already active
LOCAL 2024-02-11 20:59:01 INFO  ManagerTask:37 - ManagerTask started for local app ad19f2be63d4f13a for inputIndex 0
LOCAL 2024-02-11 20:59:01 INFO  ManagerTask:54 - Sending tasks to workers for local app ad19f2be63d4f13a for inputIndex 0
LOCAL 2024-02-11 20:59:01 INFO  SQSHandler:73 - Sent message to https://sqs.us-east-1.amazonaws.com/767398090493/managerToWorkerQueue
LOCAL 2024-02-11 20:59:01 INFO  SQSHandler:93 - Deleted message from https://sqs.us-east-1.amazonaws.com/767398090493/localToManagerQueue-ad19f2be63d4f13a
LOCAL 2024-02-11 20:59:01 INFO  SQSHandler:73 - Sent message to https://sqs.us-east-1.amazonaws.com/767398090493/managerToWorkerQueue
LOCAL 2024-02-11 20:59:01 INFO  ManagerTask:71 - Sent tasks for reviewId R2IZ8JCDKDN7YL for local app ad19f2be63d4f13a for inputIndex 1
LOCAL 2024-02-11 20:59:01 INFO  ManagerTask:72 - Sent total tasks 14 to workers for local app ad19f2be63d4f13a for inputIndex 1
LOCAL 2024-02-11 20:59:01 INFO  SQSHandler:73 - Sent message to https://sqs.us-east-1.amazonaws.com/767398090493/managerToWorkerQueue
LOCAL 2024-02-11 20:59:01 INFO  SQSHandler:73 - Sent message to https://sqs.us-east-1.amazonaws.com/767398090493/managerToWorkerQueue
LOCAL 2024-02-11 20:59:01 INFO  SQSHandler:73 - Sent message to https://sqs.us-east-1.amazonaws.com/767398090493/managerToWorkerQueue
LOCAL 2024-02-11 20:59:01 INFO  ManagerTask:71 - Sent tasks for reviewId RJ62XWHGDIF7 for local app ad19f2be63d4f13a for inputIndex 0
LOCAL 2024-02-11 20:59:01 INFO  ManagerTask:72 - Sent total tasks 2 to workers for local app ad19f2be63d4f13a for inputIndex 0
LOCAL 2024-02-11 20:59:01 INFO  SQSHandler:73 - Sent message to https://sqs.us-east-1.amazonaws.com/767398090493/managerToWorkerQueue
LOCAL 2024-02-11 20:59:01 INFO  ManagerTask:71 - Sent tasks for reviewId R25Z5IPKQQBRQN for local app ad19f2be63d4f13a for inputIndex 1
LOCAL 2024-02-11 20:59:01 INFO  ManagerTask:72 - Sent total tasks 16 to workers for local app ad19f2be63d4f13a for inputIndex 1
LOCAL 2024-02-11 20:59:01 INFO  SQSHandler:73 - Sent message to https://sqs.us-east-1.amazonaws.com/767398090493/managerToWorkerQueue
LOCAL 2024-02-11 20:59:01 INFO  SQSHandler:73 - Sent message to https://sqs.us-east-1.amazonaws.com/767398090493/managerToWorkerQueue
LOCAL 2024-02-11 20:59:01 INFO  SQSHandler:73 - Sent message to https://sqs.us-east-1.amazonaws.com/767398090493/managerToWorkerQueue
LOCAL 2024-02-11 20:59:01 INFO  ManagerTask:71 - Sent tasks for reviewId RSO743RDYVWTZ for local app ad19f2be63d4f13a for inputIndex 0
LOCAL 2024-02-11 20:59:01 INFO  ManagerTask:72 - Sent total tasks 4 to workers for local app ad19f2be63d4f13a for inputIndex 0
LOCAL 2024-02-11 20:59:02 INFO  SQSHandler:73 - Sent message to https://sqs.us-east-1.amazonaws.com/767398090493/managerToWorkerQueue
LOCAL 2024-02-11 20:59:02 INFO  ManagerTask:71 - Sent tasks for reviewId R1JDXB8Y4TO3MT for local app ad19f2be63d4f13a for inputIndex 1
LOCAL 2024-02-11 20:59:02 INFO  ManagerTask:72 - Sent total tasks 18 to workers for local app ad19f2be63d4f13a for inputIndex 1
LOCAL 2024-02-11 20:59:02 INFO  SQSHandler:73 - Sent message to https://sqs.us-east-1.amazonaws.com/767398090493/managerToWorkerQueue
LOCAL 2024-02-11 20:59:02 INFO  SQSHandler:73 - Sent message to https://sqs.us-east-1.amazonaws.com/767398090493/managerToWorkerQueue
LOCAL 2024-02-11 20:59:02 INFO  SQSHandler:73 - Sent message to https://sqs.us-east-1.amazonaws.com/767398090493/managerToWorkerQueue
LOCAL 2024-02-11 20:59:02 INFO  ManagerTask:71 - Sent tasks for reviewId R8OWCLDI0GGL0 for local app ad19f2be63d4f13a for inputIndex 0
LOCAL 2024-02-11 20:59:02 INFO  ManagerTask:72 - Sent total tasks 6 to workers for local app ad19f2be63d4f13a for inputIndex 0
LOCAL 2024-02-11 20:59:02 INFO  SQSHandler:73 - Sent message to https://sqs.us-east-1.amazonaws.com/767398090493/managerToWorkerQueue
LOCAL 2024-02-11 20:59:02 INFO  ManagerTask:71 - Sent tasks for reviewId RTCQYW9LFP4NU for local app ad19f2be63d4f13a for inputIndex 1
LOCAL 2024-02-11 20:59:02 INFO  ManagerTask:72 - Sent total tasks 20 to workers for local app ad19f2be63d4f13a for inputIndex 1
LOCAL 2024-02-11 20:59:02 INFO  SQSHandler:73 - Sent message to https://sqs.us-east-1.amazonaws.com/767398090493/managerToWorkerQueue
LOCAL 2024-02-11 20:59:02 INFO  SQSHandler:73 - Sent message to https://sqs.us-east-1.amazonaws.com/767398090493/managerToWorkerQueue
LOCAL 2024-02-11 20:59:02 INFO  SQSHandler:73 - Sent message to https://sqs.us-east-1.amazonaws.com/767398090493/managerToWorkerQueue
LOCAL 2024-02-11 20:59:02 INFO  ManagerTask:71 - Sent tasks for reviewId R33DK4T6EHUIHX for local app ad19f2be63d4f13a for inputIndex 0
LOCAL 2024-02-11 20:59:02 INFO  ManagerTask:72 - Sent total tasks 8 to workers for local app ad19f2be63d4f13a for inputIndex 0
LOCAL 2024-02-11 20:59:02 INFO  SQSHandler:73 - Sent message to https://sqs.us-east-1.amazonaws.com/767398090493/managerToWorkerQueue
LOCAL 2024-02-11 20:59:02 INFO  ManagerTask:71 - Sent tasks for reviewId RPURVNKU8YWTS for local app ad19f2be63d4f13a for inputIndex 1
LOCAL 2024-02-11 20:59:02 INFO  ManagerTask:72 - Sent total tasks 22 to workers for local app ad19f2be63d4f13a for inputIndex 1
LOCAL 2024-02-11 20:59:02 INFO  SQSHandler:73 - Sent message to https://sqs.us-east-1.amazonaws.com/767398090493/managerToWorkerQueue
LOCAL 2024-02-11 20:59:03 INFO  SQSHandler:73 - Sent message to https://sqs.us-east-1.amazonaws.com/767398090493/managerToWorkerQueue
LOCAL 2024-02-11 20:59:03 INFO  SQSHandler:73 - Sent message to https://sqs.us-east-1.amazonaws.com/767398090493/managerToWorkerQueue
LOCAL 2024-02-11 20:59:03 INFO  ManagerTask:71 - Sent tasks for reviewId R3DHV2T9Q991V7 for local app ad19f2be63d4f13a for inputIndex 0
LOCAL 2024-02-11 20:59:03 INFO  ManagerTask:72 - Sent total tasks 10 to workers for local app ad19f2be63d4f13a for inputIndex 0
LOCAL 2024-02-11 20:59:03 INFO  SQSHandler:73 - Sent message to https://sqs.us-east-1.amazonaws.com/767398090493/managerToWorkerQueue
LOCAL 2024-02-11 20:59:03 INFO  ManagerTask:71 - Sent tasks for reviewId R3PLCGYS9LYRHZ for local app ad19f2be63d4f13a for inputIndex 1
LOCAL 2024-02-11 20:59:03 INFO  ManagerTask:72 - Sent total tasks 24 to workers for local app ad19f2be63d4f13a for inputIndex 1
LOCAL 2024-02-11 20:59:03 INFO  SQSHandler:73 - Sent message to https://sqs.us-east-1.amazonaws.com/767398090493/managerToWorkerQueue
LOCAL 2024-02-11 20:59:03 INFO  SQSHandler:73 - Sent message to https://sqs.us-east-1.amazonaws.com/767398090493/managerToWorkerQueue
LOCAL 2024-02-11 20:59:03 INFO  SQSHandler:73 - Sent message to https://sqs.us-east-1.amazonaws.com/767398090493/managerToWorkerQueue
LOCAL 2024-02-11 20:59:03 INFO  ManagerTask:71 - Sent tasks for reviewId R14D3WP6J91DCU for local app ad19f2be63d4f13a for inputIndex 0
LOCAL 2024-02-11 20:59:03 INFO  ManagerTask:72 - Sent total tasks 12 to workers for local app ad19f2be63d4f13a for inputIndex 0
LOCAL 2024-02-11 20:59:03 INFO  SQSHandler:73 - Sent message to https://sqs.us-east-1.amazonaws.com/767398090493/managerToWorkerQueue
LOCAL 2024-02-11 20:59:03 INFO  ManagerTask:71 - Sent tasks for reviewId R1266STJW192AU for local app ad19f2be63d4f13a for inputIndex 1
LOCAL 2024-02-11 20:59:03 INFO  ManagerTask:72 - Sent total tasks 26 to workers for local app ad19f2be63d4f13a for inputIndex 1
LOCAL 2024-02-11 20:59:03 INFO  SQSHandler:73 - Sent message to https://sqs.us-east-1.amazonaws.com/767398090493/managerToWorkerQueue
LOCAL 2024-02-11 20:59:04 INFO  SQSHandler:73 - Sent message to https://sqs.us-east-1.amazonaws.com/767398090493/managerToWorkerQueue
LOCAL 2024-02-11 20:59:04 INFO  SQSHandler:73 - Sent message to https://sqs.us-east-1.amazonaws.com/767398090493/managerToWorkerQueue
LOCAL 2024-02-11 20:59:04 INFO  ManagerTask:71 - Sent tasks for reviewId R3P2KOXRF7Z400 for local app ad19f2be63d4f13a for inputIndex 0
LOCAL 2024-02-11 20:59:04 INFO  ManagerTask:72 - Sent total tasks 14 to workers for local app ad19f2be63d4f13a for inputIndex 0
LOCAL 2024-02-11 20:59:04 INFO  SQSHandler:73 - Sent message to https://sqs.us-east-1.amazonaws.com/767398090493/managerToWorkerQueue
LOCAL 2024-02-11 20:59:04 INFO  ManagerTask:71 - Sent tasks for reviewId R11CRDLQ8ID6MM for local app ad19f2be63d4f13a for inputIndex 1
LOCAL 2024-02-11 20:59:04 INFO  ManagerTask:72 - Sent total tasks 28 to workers for local app ad19f2be63d4f13a for inputIndex 1
LOCAL 2024-02-11 20:59:04 INFO  SQSHandler:73 - Sent message to https://sqs.us-east-1.amazonaws.com/767398090493/managerToWorkerQueue
LOCAL 2024-02-11 20:59:04 INFO  SQSHandler:73 - Sent message to https://sqs.us-east-1.amazonaws.com/767398090493/managerToWorkerQueue
LOCAL 2024-02-11 20:59:04 INFO  SQSHandler:73 - Sent message to https://sqs.us-east-1.amazonaws.com/767398090493/managerToWorkerQueue
LOCAL 2024-02-11 20:59:04 INFO  ManagerTask:71 - Sent tasks for reviewId R1IKZK5S0DCKZ0 for local app ad19f2be63d4f13a for inputIndex 0
LOCAL 2024-02-11 20:59:04 INFO  ManagerTask:72 - Sent total tasks 16 to workers for local app ad19f2be63d4f13a for inputIndex 0
LOCAL 2024-02-11 20:59:04 INFO  SQSHandler:73 - Sent message to https://sqs.us-east-1.amazonaws.com/767398090493/managerToWorkerQueue
LOCAL 2024-02-11 20:59:04 INFO  ManagerTask:71 - Sent tasks for reviewId R248WNDI9KORMN for local app ad19f2be63d4f13a for inputIndex 1
LOCAL 2024-02-11 20:59:04 INFO  ManagerTask:72 - Sent total tasks 30 to workers for local app ad19f2be63d4f13a for inputIndex 1
LOCAL 2024-02-11 20:59:04 INFO  SQSHandler:73 - Sent message to https://sqs.us-east-1.amazonaws.com/767398090493/managerToWorkerQueue
LOCAL 2024-02-11 20:59:04 INFO  SQSHandler:73 - Sent message to https://sqs.us-east-1.amazonaws.com/767398090493/managerToWorkerQueue
LOCAL 2024-02-11 20:59:04 INFO  Manager:51 - Polling tasks from 1 local app queues
LOCAL 2024-02-11 20:59:04 INFO  SQSHandler:73 - Sent message to https://sqs.us-east-1.amazonaws.com/767398090493/managerToWorkerQueue
LOCAL 2024-02-11 20:59:04 INFO  ManagerTask:71 - Sent tasks for reviewId RGMH5ROASTBS8 for local app ad19f2be63d4f13a for inputIndex 0
LOCAL 2024-02-11 20:59:04 INFO  ManagerTask:72 - Sent total tasks 18 to workers for local app ad19f2be63d4f13a for inputIndex 0
LOCAL 2024-02-11 20:59:05 INFO  SQSHandler:73 - Sent message to https://sqs.us-east-1.amazonaws.com/767398090493/managerToWorkerQueue
LOCAL 2024-02-11 20:59:05 INFO  ManagerTask:71 - Sent tasks for reviewId R386EPGNDYSO6 for local app ad19f2be63d4f13a for inputIndex 1
LOCAL 2024-02-11 20:59:05 INFO  ManagerTask:72 - Sent total tasks 32 to workers for local app ad19f2be63d4f13a for inputIndex 1
LOCAL 2024-02-11 20:59:05 INFO  SQSHandler:73 - Sent message to https://sqs.us-east-1.amazonaws.com/767398090493/managerToWorkerQueue
LOCAL 2024-02-11 20:59:05 INFO  SQSHandler:73 - Sent message to https://sqs.us-east-1.amazonaws.com/767398090493/managerToWorkerQueue
LOCAL 2024-02-11 20:59:05 INFO  SQSHandler:73 - Sent message to https://sqs.us-east-1.amazonaws.com/767398090493/managerToWorkerQueue
LOCAL 2024-02-11 20:59:05 INFO  ManagerTask:71 - Sent tasks for reviewId R1RUXYHCSZSHJ0 for local app ad19f2be63d4f13a for inputIndex 0
LOCAL 2024-02-11 20:59:05 INFO  ManagerTask:72 - Sent total tasks 20 to workers for local app ad19f2be63d4f13a for inputIndex 0
LOCAL 2024-02-11 20:59:05 INFO  SQSHandler:73 - Sent message to https://sqs.us-east-1.amazonaws.com/767398090493/managerToWorkerQueue
LOCAL 2024-02-11 20:59:05 INFO  ManagerTask:71 - Sent tasks for reviewId R82DFHHKNJGR0 for local app ad19f2be63d4f13a for inputIndex 1
LOCAL 2024-02-11 20:59:05 INFO  ManagerTask:72 - Sent total tasks 34 to workers for local app ad19f2be63d4f13a for inputIndex 1
LOCAL 2024-02-11 20:59:05 INFO  SQSHandler:73 - Sent message to https://sqs.us-east-1.amazonaws.com/767398090493/managerToWorkerQueue
LOCAL 2024-02-11 20:59:05 INFO  SQSHandler:73 - Sent message to https://sqs.us-east-1.amazonaws.com/767398090493/managerToWorkerQueue
LOCAL 2024-02-11 20:59:05 INFO  SQSHandler:73 - Sent message to https://sqs.us-east-1.amazonaws.com/767398090493/managerToWorkerQueue
LOCAL 2024-02-11 20:59:05 INFO  ManagerTask:71 - Sent tasks for reviewId R3R9QKZ61DMKGF for local app ad19f2be63d4f13a for inputIndex 0
LOCAL 2024-02-11 20:59:05 INFO  ManagerTask:72 - Sent total tasks 22 to workers for local app ad19f2be63d4f13a for inputIndex 0
LOCAL 2024-02-11 20:59:06 INFO  SQSHandler:73 - Sent message to https://sqs.us-east-1.amazonaws.com/767398090493/managerToWorkerQueue
LOCAL 2024-02-11 20:59:06 INFO  ManagerTask:71 - Sent tasks for reviewId RGAST6Q7TRKA4 for local app ad19f2be63d4f13a for inputIndex 1
LOCAL 2024-02-11 20:59:06 INFO  ManagerTask:72 - Sent total tasks 36 to workers for local app ad19f2be63d4f13a for inputIndex 1
LOCAL 2024-02-11 20:59:06 INFO  SQSHandler:73 - Sent message to https://sqs.us-east-1.amazonaws.com/767398090493/managerToWorkerQueue
LOCAL 2024-02-11 20:59:06 INFO  SQSHandler:73 - Sent message to https://sqs.us-east-1.amazonaws.com/767398090493/managerToWorkerQueue
LOCAL 2024-02-11 20:59:06 INFO  SQSHandler:73 - Sent message to https://sqs.us-east-1.amazonaws.com/767398090493/managerToWorkerQueue
LOCAL 2024-02-11 20:59:06 INFO  ManagerTask:71 - Sent tasks for reviewId R367OTNJ8I36FS for local app ad19f2be63d4f13a for inputIndex 0
LOCAL 2024-02-11 20:59:06 INFO  ManagerTask:72 - Sent total tasks 24 to workers for local app ad19f2be63d4f13a for inputIndex 0
LOCAL 2024-02-11 20:59:06 INFO  SQSHandler:73 - Sent message to https://sqs.us-east-1.amazonaws.com/767398090493/managerToWorkerQueue
LOCAL 2024-02-11 20:59:06 INFO  ManagerTask:71 - Sent tasks for reviewId R2NETRFTNAT0D for local app ad19f2be63d4f13a for inputIndex 1
LOCAL 2024-02-11 20:59:06 INFO  ManagerTask:72 - Sent total tasks 38 to workers for local app ad19f2be63d4f13a for inputIndex 1
LOCAL 2024-02-11 20:59:06 INFO  SQSHandler:73 - Sent message to https://sqs.us-east-1.amazonaws.com/767398090493/managerToWorkerQueue
LOCAL 2024-02-11 20:59:06 INFO  SQSHandler:73 - Sent message to https://sqs.us-east-1.amazonaws.com/767398090493/managerToWorkerQueue
LOCAL 2024-02-11 20:59:06 INFO  SQSHandler:73 - Sent message to https://sqs.us-east-1.amazonaws.com/767398090493/managerToWorkerQueue
LOCAL 2024-02-11 20:59:06 INFO  ManagerTask:71 - Sent tasks for reviewId R3GCFAIUL8BI3Y for local app ad19f2be63d4f13a for inputIndex 0
LOCAL 2024-02-11 20:59:06 INFO  ManagerTask:72 - Sent total tasks 26 to workers for local app ad19f2be63d4f13a for inputIndex 0
LOCAL 2024-02-11 20:59:06 INFO  SQSHandler:73 - Sent message to https://sqs.us-east-1.amazonaws.com/767398090493/managerToWorkerQueue
LOCAL 2024-02-11 20:59:06 INFO  ManagerTask:71 - Sent tasks for reviewId R2I4MYU1IT5IJ for local app ad19f2be63d4f13a for inputIndex 1
LOCAL 2024-02-11 20:59:06 INFO  ManagerTask:72 - Sent total tasks 40 to workers for local app ad19f2be63d4f13a for inputIndex 1
LOCAL 2024-02-11 20:59:06 INFO  ManagerTask:41 - Sent tasks to workers for local app ad19f2be63d4f13a for inputIndex 1
LOCAL 2024-02-11 20:59:06 INFO  ManagerTask:77 - Receiving responses from workers for local app ad19f2be63d4f13a for inputIndex 1
LOCAL 2024-02-11 20:59:06 INFO  SQSHandler:73 - Sent message to https://sqs.us-east-1.amazonaws.com/767398090493/managerToWorkerQueue
LOCAL 2024-02-11 20:59:07 INFO  SQSHandler:73 - Sent message to https://sqs.us-east-1.amazonaws.com/767398090493/managerToWorkerQueue
LOCAL 2024-02-11 20:59:07 INFO  ManagerTask:71 - Sent tasks for reviewId R33SW6AMDKTSB8 for local app ad19f2be63d4f13a for inputIndex 0
LOCAL 2024-02-11 20:59:07 INFO  ManagerTask:72 - Sent total tasks 28 to workers for local app ad19f2be63d4f13a for inputIndex 0
LOCAL 2024-02-11 20:59:07 INFO  SQSHandler:73 - Sent message to https://sqs.us-east-1.amazonaws.com/767398090493/managerToWorkerQueue
LOCAL 2024-02-11 20:59:07 INFO  SQSHandler:73 - Sent message to https://sqs.us-east-1.amazonaws.com/767398090493/managerToWorkerQueue
LOCAL 2024-02-11 20:59:07 INFO  ManagerTask:71 - Sent tasks for reviewId RW6ORU2M3C461 for local app ad19f2be63d4f13a for inputIndex 0
LOCAL 2024-02-11 20:59:07 INFO  ManagerTask:72 - Sent total tasks 30 to workers for local app ad19f2be63d4f13a for inputIndex 0
LOCAL 2024-02-11 20:59:07 INFO  SQSHandler:73 - Sent message to https://sqs.us-east-1.amazonaws.com/767398090493/managerToWorkerQueue
LOCAL 2024-02-11 20:59:08 INFO  SQSHandler:73 - Sent message to https://sqs.us-east-1.amazonaws.com/767398090493/managerToWorkerQueue
LOCAL 2024-02-11 20:59:08 INFO  ManagerTask:71 - Sent tasks for reviewId R1L8O7RM8DD6J3 for local app ad19f2be63d4f13a for inputIndex 0
LOCAL 2024-02-11 20:59:08 INFO  ManagerTask:72 - Sent total tasks 32 to workers for local app ad19f2be63d4f13a for inputIndex 0
LOCAL 2024-02-11 20:59:08 INFO  SQSHandler:73 - Sent message to https://sqs.us-east-1.amazonaws.com/767398090493/managerToWorkerQueue
LOCAL 2024-02-11 20:59:08 INFO  SQSHandler:73 - Sent message to https://sqs.us-east-1.amazonaws.com/767398090493/managerToWorkerQueue
LOCAL 2024-02-11 20:59:08 INFO  ManagerTask:71 - Sent tasks for reviewId R3V239ZPPF0XY3 for local app ad19f2be63d4f13a for inputIndex 0
LOCAL 2024-02-11 20:59:08 INFO  ManagerTask:72 - Sent total tasks 34 to workers for local app ad19f2be63d4f13a for inputIndex 0
LOCAL 2024-02-11 20:59:08 INFO  Manager:51 - Polling tasks from 1 local app queues
LOCAL 2024-02-11 20:59:08 INFO  SQSHandler:73 - Sent message to https://sqs.us-east-1.amazonaws.com/767398090493/managerToWorkerQueue
LOCAL 2024-02-11 20:59:08 INFO  SQSHandler:73 - Sent message to https://sqs.us-east-1.amazonaws.com/767398090493/managerToWorkerQueue
LOCAL 2024-02-11 20:59:08 INFO  ManagerTask:71 - Sent tasks for reviewId R3MRIY8FUDOYHU for local app ad19f2be63d4f13a for inputIndex 0
LOCAL 2024-02-11 20:59:08 INFO  ManagerTask:72 - Sent total tasks 36 to workers for local app ad19f2be63d4f13a for inputIndex 0
LOCAL 2024-02-11 20:59:09 INFO  SQSHandler:73 - Sent message to https://sqs.us-east-1.amazonaws.com/767398090493/managerToWorkerQueue
LOCAL 2024-02-11 20:59:09 INFO  SQSHandler:73 - Sent message to https://sqs.us-east-1.amazonaws.com/767398090493/managerToWorkerQueue
LOCAL 2024-02-11 20:59:09 INFO  ManagerTask:71 - Sent tasks for reviewId RB9QK3F6SUQPU for local app ad19f2be63d4f13a for inputIndex 0
LOCAL 2024-02-11 20:59:09 INFO  ManagerTask:72 - Sent total tasks 38 to workers for local app ad19f2be63d4f13a for inputIndex 0
LOCAL 2024-02-11 20:59:09 INFO  SQSHandler:73 - Sent message to https://sqs.us-east-1.amazonaws.com/767398090493/managerToWorkerQueue
LOCAL 2024-02-11 20:59:09 INFO  SQSHandler:73 - Sent message to https://sqs.us-east-1.amazonaws.com/767398090493/managerToWorkerQueue
LOCAL 2024-02-11 20:59:09 INFO  ManagerTask:71 - Sent tasks for reviewId R366N97DLUODS7 for local app ad19f2be63d4f13a for inputIndex 0
LOCAL 2024-02-11 20:59:09 INFO  ManagerTask:72 - Sent total tasks 40 to workers for local app ad19f2be63d4f13a for inputIndex 0
LOCAL 2024-02-11 20:59:09 INFO  ManagerTask:41 - Sent tasks to workers for local app ad19f2be63d4f13a for inputIndex 0
LOCAL 2024-02-11 20:59:09 INFO  ManagerTask:77 - Receiving responses from workers for local app ad19f2be63d4f13a for inputIndex 0
LOCAL 2024-02-11 20:59:12 INFO  Manager:51 - Polling tasks from 1 local app queues
LOCAL 2024-02-11 20:59:15 INFO  Manager:51 - Polling tasks from 1 local app queues
LOCAL 2024-02-11 20:59:18 INFO  Manager:51 - Polling tasks from 1 local app queues
LOCAL 2024-02-11 20:59:21 INFO  Manager:61 - Received 0 requests
LOCAL 2024-02-11 20:59:22 INFO  Manager:51 - Polling tasks from 1 local app queues
LOCAL 2024-02-11 20:59:25 INFO  Manager:51 - Polling tasks from 1 local app queues
LOCAL 2024-02-11 20:59:29 INFO  Manager:51 - Polling tasks from 1 local app queues
LOCAL 2024-02-11 20:59:32 INFO  Manager:51 - Polling tasks from 1 local app queues
LOCAL 2024-02-11 20:59:36 INFO  Manager:51 - Polling tasks from 1 local app queues
LOCAL 2024-02-11 20:59:39 INFO  Manager:51 - Polling tasks from 1 local app queues
LOCAL 2024-02-11 20:59:41 INFO  Manager:61 - Received 0 requests
LOCAL 2024-02-11 20:59:43 INFO  Manager:51 - Polling tasks from 1 local app queues
LOCAL 2024-02-11 20:59:46 INFO  Manager:51 - Polling tasks from 1 local app queues
LOCAL 2024-02-11 20:59:50 INFO  Manager:51 - Polling tasks from 1 local app queues
LOCAL 2024-02-11 20:59:53 INFO  Manager:51 - Polling tasks from 1 local app queues
LOCAL 2024-02-11 20:59:54 INFO  ManagerTask:93 - Received response for reviewId RJ1ACTUJ9GHIA for inputIndex 1 for taskType sentimentAnalysis with taskResult 1
LOCAL 2024-02-11 20:59:54 INFO  SQSHandler:93 - Deleted message from https://sqs.us-east-1.amazonaws.com/767398090493/workerToManagerQueue
LOCAL 2024-02-11 20:59:54 INFO  ManagerTask:122 - Completed tasks 1 out of 40 for local app ad19f2be63d4f13a for inputIndex 1
LOCAL 2024-02-11 20:59:56 INFO  ManagerTask:93 - Received response for reviewId R2OJAJRDONJ956 for inputIndex 1 for taskType entityRecognition with taskResult 
LOCAL 2024-02-11 20:59:56 INFO  SQSHandler:93 - Deleted message from https://sqs.us-east-1.amazonaws.com/767398090493/workerToManagerQueue
LOCAL 2024-02-11 20:59:56 INFO  ManagerTask:122 - Completed tasks 2 out of 40 for local app ad19f2be63d4f13a for inputIndex 1
LOCAL 2024-02-11 20:59:56 INFO  Manager:51 - Polling tasks from 1 local app queues
LOCAL 2024-02-11 20:59:57 INFO  ManagerTask:93 - Received response for reviewId R25Z5IPKQQBRQN for inputIndex 1 for taskType sentimentAnalysis with taskResult 1
LOCAL 2024-02-11 20:59:57 INFO  SQSHandler:93 - Deleted message from https://sqs.us-east-1.amazonaws.com/767398090493/workerToManagerQueue
LOCAL 2024-02-11 20:59:57 INFO  ManagerTask:122 - Completed tasks 3 out of 40 for local app ad19f2be63d4f13a for inputIndex 1
LOCAL 2024-02-11 21:00:00 INFO  Manager:51 - Polling tasks from 1 local app queues
LOCAL 2024-02-11 21:00:00 INFO  ManagerTask:93 - Received response for reviewId R35P822BAW0TEW for inputIndex 1 for taskType entityRecognition with taskResult 
LOCAL 2024-02-11 21:00:00 INFO  SQSHandler:93 - Deleted message from https://sqs.us-east-1.amazonaws.com/767398090493/workerToManagerQueue
LOCAL 2024-02-11 21:00:00 INFO  ManagerTask:122 - Completed tasks 4 out of 40 for local app ad19f2be63d4f13a for inputIndex 1
LOCAL 2024-02-11 21:00:01 INFO  ManagerTask:93 - Received response for reviewId RPURVNKU8YWTS for inputIndex 1 for taskType entityRecognition with taskResult 
LOCAL 2024-02-11 21:00:01 INFO  ManagerTask:93 - Received response for reviewId R3DHV2T9Q991V7 for inputIndex 0 for taskType sentimentAnalysis with taskResult 4
LOCAL 2024-02-11 21:00:01 INFO  SQSHandler:93 - Deleted message from https://sqs.us-east-1.amazonaws.com/767398090493/workerToManagerQueue
LOCAL 2024-02-11 21:00:01 INFO  ManagerTask:122 - Completed tasks 5 out of 40 for local app ad19f2be63d4f13a for inputIndex 1
LOCAL 2024-02-11 21:00:01 INFO  SQSHandler:93 - Deleted message from https://sqs.us-east-1.amazonaws.com/767398090493/workerToManagerQueue
LOCAL 2024-02-11 21:00:01 INFO  ManagerTask:122 - Completed tasks 1 out of 40 for local app ad19f2be63d4f13a for inputIndex 0
LOCAL 2024-02-11 21:00:01 INFO  Manager:61 - Received 0 requests
LOCAL 2024-02-11 21:00:01 INFO  ManagerTask:93 - Received response for reviewId R3PLCGYS9LYRHZ for inputIndex 1 for taskType sentimentAnalysis with taskResult 2
LOCAL 2024-02-11 21:00:01 INFO  SQSHandler:93 - Deleted message from https://sqs.us-east-1.amazonaws.com/767398090493/workerToManagerQueue
LOCAL 2024-02-11 21:00:01 INFO  ManagerTask:122 - Completed tasks 6 out of 40 for local app ad19f2be63d4f13a for inputIndex 1
LOCAL 2024-02-11 21:00:02 INFO  ManagerTask:93 - Received response for reviewId RJ1ACTUJ9GHIA for inputIndex 1 for taskType entityRecognition with taskResult 
LOCAL 2024-02-11 21:00:02 INFO  ManagerTask:117 - Updated summary message for reviewId RJ1ACTUJ9GHIA for inputIndex 1 with sentiment 1 and entities 
LOCAL 2024-02-11 21:00:02 INFO  ManagerTask:93 - Received response for reviewId R8OWCLDI0GGL0 for inputIndex 0 for taskType sentimentAnalysis with taskResult 4
LOCAL 2024-02-11 21:00:02 INFO  SQSHandler:93 - Deleted message from https://sqs.us-east-1.amazonaws.com/767398090493/workerToManagerQueue
LOCAL 2024-02-11 21:00:02 INFO  ManagerTask:122 - Completed tasks 7 out of 40 for local app ad19f2be63d4f13a for inputIndex 1
LOCAL 2024-02-11 21:00:02 INFO  SQSHandler:93 - Deleted message from https://sqs.us-east-1.amazonaws.com/767398090493/workerToManagerQueue
LOCAL 2024-02-11 21:00:02 INFO  ManagerTask:122 - Completed tasks 2 out of 40 for local app ad19f2be63d4f13a for inputIndex 0
LOCAL 2024-02-11 21:00:02 INFO  ManagerTask:93 - Received response for reviewId R1JDXB8Y4TO3MT for inputIndex 1 for taskType sentimentAnalysis with taskResult 3
LOCAL 2024-02-11 21:00:02 INFO  SQSHandler:93 - Deleted message from https://sqs.us-east-1.amazonaws.com/767398090493/workerToManagerQueue
LOCAL 2024-02-11 21:00:02 INFO  ManagerTask:122 - Completed tasks 8 out of 40 for local app ad19f2be63d4f13a for inputIndex 1
LOCAL 2024-02-11 21:00:02 INFO  ManagerTask:93 - Received response for reviewId R14D3WP6J91DCU for inputIndex 0 for taskType sentimentAnalysis with taskResult 3
LOCAL 2024-02-11 21:00:03 INFO  ManagerTask:93 - Received response for reviewId R2IZ8JCDKDN7YL for inputIndex 1 for taskType sentimentAnalysis with taskResult 2
LOCAL 2024-02-11 21:00:03 INFO  SQSHandler:93 - Deleted message from https://sqs.us-east-1.amazonaws.com/767398090493/workerToManagerQueue
LOCAL 2024-02-11 21:00:03 INFO  ManagerTask:122 - Completed tasks 9 out of 40 for local app ad19f2be63d4f13a for inputIndex 1
LOCAL 2024-02-11 21:00:03 INFO  SQSHandler:93 - Deleted message from https://sqs.us-east-1.amazonaws.com/767398090493/workerToManagerQueue
LOCAL 2024-02-11 21:00:03 INFO  ManagerTask:122 - Completed tasks 3 out of 40 for local app ad19f2be63d4f13a for inputIndex 0
LOCAL 2024-02-11 21:00:03 INFO  ManagerTask:93 - Received response for reviewId R248WNDI9KORMN for inputIndex 1 for taskType sentimentAnalysis with taskResult 2
LOCAL 2024-02-11 21:00:04 INFO  SQSHandler:93 - Deleted message from https://sqs.us-east-1.amazonaws.com/767398090493/workerToManagerQueue
LOCAL 2024-02-11 21:00:04 INFO  ManagerTask:122 - Completed tasks 10 out of 40 for local app ad19f2be63d4f13a for inputIndex 1
LOCAL 2024-02-11 21:00:04 INFO  ManagerTask:93 - Received response for reviewId RGAST6Q7TRKA4 for inputIndex 1 for taskType sentimentAnalysis with taskResult 3
LOCAL 2024-02-11 21:00:04 INFO  Manager:51 - Polling tasks from 1 local app queues
LOCAL 2024-02-11 21:00:04 INFO  SQSHandler:93 - Deleted message from https://sqs.us-east-1.amazonaws.com/767398090493/workerToManagerQueue
LOCAL 2024-02-11 21:00:04 INFO  ManagerTask:122 - Completed tasks 11 out of 40 for local app ad19f2be63d4f13a for inputIndex 1
LOCAL 2024-02-11 21:00:04 INFO  ManagerTask:93 - Received response for reviewId R386EPGNDYSO6 for inputIndex 1 for taskType entityRecognition with taskResult 
LOCAL 2024-02-11 21:00:04 INFO  SQSHandler:93 - Deleted message from https://sqs.us-east-1.amazonaws.com/767398090493/workerToManagerQueue
LOCAL 2024-02-11 21:00:04 INFO  ManagerTask:122 - Completed tasks 12 out of 40 for local app ad19f2be63d4f13a for inputIndex 1
LOCAL 2024-02-11 21:00:05 INFO  ManagerTask:93 - Received response for reviewId R82DFHHKNJGR0 for inputIndex 1 for taskType sentimentAnalysis with taskResult 4
LOCAL 2024-02-11 21:00:05 INFO  ManagerTask:93 - Received response for reviewId R3V239ZPPF0XY3 for inputIndex 0 for taskType entityRecognition with taskResult 
LOCAL 2024-02-11 21:00:05 INFO  SQSHandler:93 - Deleted message from https://sqs.us-east-1.amazonaws.com/767398090493/workerToManagerQueue
LOCAL 2024-02-11 21:00:05 INFO  ManagerTask:122 - Completed tasks 13 out of 40 for local app ad19f2be63d4f13a for inputIndex 1
LOCAL 2024-02-11 21:00:05 INFO  ManagerTask:93 - Received response for reviewId R35P822BAW0TEW for inputIndex 1 for taskType sentimentAnalysis with taskResult 3
LOCAL 2024-02-11 21:00:05 INFO  ManagerTask:117 - Updated summary message for reviewId R35P822BAW0TEW for inputIndex 1 with sentiment 3 and entities 
LOCAL 2024-02-11 21:00:05 INFO  SQSHandler:93 - Deleted message from https://sqs.us-east-1.amazonaws.com/767398090493/workerToManagerQueue
LOCAL 2024-02-11 21:00:05 INFO  ManagerTask:122 - Completed tasks 4 out of 40 for local app ad19f2be63d4f13a for inputIndex 0
LOCAL 2024-02-11 21:00:05 INFO  SQSHandler:93 - Deleted message from https://sqs.us-east-1.amazonaws.com/767398090493/workerToManagerQueue
LOCAL 2024-02-11 21:00:05 INFO  ManagerTask:122 - Completed tasks 14 out of 40 for local app ad19f2be63d4f13a for inputIndex 1
LOCAL 2024-02-11 21:00:06 INFO  ManagerTask:93 - Received response for reviewId R248WNDI9KORMN for inputIndex 1 for taskType entityRecognition with taskResult Gummi: PERSON, Bears: PERSON
LOCAL 2024-02-11 21:00:06 INFO  ManagerTask:117 - Updated summary message for reviewId R248WNDI9KORMN for inputIndex 1 with sentiment 2 and entities Gummi: PERSON, Bears: PERSON
LOCAL 2024-02-11 21:00:06 INFO  SQSHandler:93 - Deleted message from https://sqs.us-east-1.amazonaws.com/767398090493/workerToManagerQueue
LOCAL 2024-02-11 21:00:06 INFO  ManagerTask:122 - Completed tasks 15 out of 40 for local app ad19f2be63d4f13a for inputIndex 1
LOCAL 2024-02-11 21:00:06 INFO  ManagerTask:93 - Received response for reviewId RJ62XWHGDIF7 for inputIndex 0 for taskType sentimentAnalysis with taskResult 2
LOCAL 2024-02-11 21:00:06 INFO  SQSHandler:93 - Deleted message from https://sqs.us-east-1.amazonaws.com/767398090493/workerToManagerQueue
LOCAL 2024-02-11 21:00:06 INFO  ManagerTask:122 - Completed tasks 5 out of 40 for local app ad19f2be63d4f13a for inputIndex 0
LOCAL 2024-02-11 21:00:06 INFO  ManagerTask:93 - Received response for reviewId R3MRIY8FUDOYHU for inputIndex 0 for taskType sentimentAnalysis with taskResult 2
LOCAL 2024-02-11 21:00:06 INFO  ManagerTask:93 - Received response for reviewId R25Z5IPKQQBRQN for inputIndex 1 for taskType entityRecognition with taskResult 
LOCAL 2024-02-11 21:00:06 INFO  ManagerTask:117 - Updated summary message for reviewId R25Z5IPKQQBRQN for inputIndex 1 with sentiment 1 and entities 
LOCAL 2024-02-11 21:00:06 INFO  SQSHandler:93 - Deleted message from https://sqs.us-east-1.amazonaws.com/767398090493/workerToManagerQueue
LOCAL 2024-02-11 21:00:06 INFO  ManagerTask:122 - Completed tasks 6 out of 40 for local app ad19f2be63d4f13a for inputIndex 0
LOCAL 2024-02-11 21:00:06 INFO  ManagerTask:93 - Received response for reviewId R1RUXYHCSZSHJ0 for inputIndex 0 for taskType sentimentAnalysis with taskResult 2
LOCAL 2024-02-11 21:00:06 INFO  SQSHandler:93 - Deleted message from https://sqs.us-east-1.amazonaws.com/767398090493/workerToManagerQueue
LOCAL 2024-02-11 21:00:06 INFO  ManagerTask:122 - Completed tasks 16 out of 40 for local app ad19f2be63d4f13a for inputIndex 1
LOCAL 2024-02-11 21:00:06 INFO  SQSHandler:93 - Deleted message from https://sqs.us-east-1.amazonaws.com/767398090493/workerToManagerQueue
LOCAL 2024-02-11 21:00:06 INFO  ManagerTask:122 - Completed tasks 7 out of 40 for local app ad19f2be63d4f13a for inputIndex 0
LOCAL 2024-02-11 21:00:07 INFO  ManagerTask:93 - Received response for reviewId R3GCFAIUL8BI3Y for inputIndex 0 for taskType sentimentAnalysis with taskResult 4
LOCAL 2024-02-11 21:00:07 INFO  ManagerTask:93 - Received response for reviewId R2OJAJRDONJ956 for inputIndex 1 for taskType sentimentAnalysis with taskResult 3
LOCAL 2024-02-11 21:00:07 INFO  ManagerTask:117 - Updated summary message for reviewId R2OJAJRDONJ956 for inputIndex 1 with sentiment 3 and entities 
LOCAL 2024-02-11 21:00:07 INFO  SQSHandler:93 - Deleted message from https://sqs.us-east-1.amazonaws.com/767398090493/workerToManagerQueue
LOCAL 2024-02-11 21:00:07 INFO  ManagerTask:122 - Completed tasks 8 out of 40 for local app ad19f2be63d4f13a for inputIndex 0
LOCAL 2024-02-11 21:00:07 INFO  ManagerTask:93 - Received response for reviewId R3R9QKZ61DMKGF for inputIndex 0 for taskType sentimentAnalysis with taskResult 3
LOCAL 2024-02-11 21:00:07 INFO  Manager:51 - Polling tasks from 1 local app queues
LOCAL 2024-02-11 21:00:07 INFO  SQSHandler:93 - Deleted message from https://sqs.us-east-1.amazonaws.com/767398090493/workerToManagerQueue
LOCAL 2024-02-11 21:00:07 INFO  ManagerTask:122 - Completed tasks 17 out of 40 for local app ad19f2be63d4f13a for inputIndex 1
LOCAL 2024-02-11 21:00:07 INFO  SQSHandler:93 - Deleted message from https://sqs.us-east-1.amazonaws.com/767398090493/workerToManagerQueue
LOCAL 2024-02-11 21:00:07 INFO  ManagerTask:122 - Completed tasks 9 out of 40 for local app ad19f2be63d4f13a for inputIndex 0
LOCAL 2024-02-11 21:00:07 INFO  ManagerTask:93 - Received response for reviewId RGMH5ROASTBS8 for inputIndex 0 for taskType sentimentAnalysis with taskResult 3
LOCAL 2024-02-11 21:00:08 INFO  SQSHandler:93 - Deleted message from https://sqs.us-east-1.amazonaws.com/767398090493/workerToManagerQueue
LOCAL 2024-02-11 21:00:08 INFO  ManagerTask:122 - Completed tasks 10 out of 40 for local app ad19f2be63d4f13a for inputIndex 0
LOCAL 2024-02-11 21:00:08 INFO  ManagerTask:93 - Received response for reviewId RB9QK3F6SUQPU for inputIndex 0 for taskType sentimentAnalysis with taskResult 4
LOCAL 2024-02-11 21:00:08 INFO  SQSHandler:93 - Deleted message from https://sqs.us-east-1.amazonaws.com/767398090493/workerToManagerQueue
LOCAL 2024-02-11 21:00:08 INFO  ManagerTask:122 - Completed tasks 11 out of 40 for local app ad19f2be63d4f13a for inputIndex 0
LOCAL 2024-02-11 21:00:08 INFO  ManagerTask:93 - Received response for reviewId R33SW6AMDKTSB8 for inputIndex 0 for taskType entityRecognition with taskResult 
LOCAL 2024-02-11 21:00:08 INFO  SQSHandler:93 - Deleted message from https://sqs.us-east-1.amazonaws.com/767398090493/workerToManagerQueue
LOCAL 2024-02-11 21:00:08 INFO  ManagerTask:122 - Completed tasks 12 out of 40 for local app ad19f2be63d4f13a for inputIndex 0
LOCAL 2024-02-11 21:00:09 INFO  ManagerTask:93 - Received response for reviewId R366N97DLUODS7 for inputIndex 0 for taskType entityRecognition with taskResult 
LOCAL 2024-02-11 21:00:09 INFO  SQSHandler:93 - Deleted message from https://sqs.us-east-1.amazonaws.com/767398090493/workerToManagerQueue
LOCAL 2024-02-11 21:00:09 INFO  ManagerTask:122 - Completed tasks 13 out of 40 for local app ad19f2be63d4f13a for inputIndex 0
LOCAL 2024-02-11 21:00:09 INFO  ManagerTask:93 - Received response for reviewId R1L8O7RM8DD6J3 for inputIndex 0 for taskType sentimentAnalysis with taskResult 1
LOCAL 2024-02-11 21:00:09 INFO  SQSHandler:93 - Deleted message from https://sqs.us-east-1.amazonaws.com/767398090493/workerToManagerQueue
LOCAL 2024-02-11 21:00:09 INFO  ManagerTask:122 - Completed tasks 14 out of 40 for local app ad19f2be63d4f13a for inputIndex 0
LOCAL 2024-02-11 21:00:09 INFO  ManagerTask:93 - Received response for reviewId R3MRIY8FUDOYHU for inputIndex 0 for taskType entityRecognition with taskResult Katz: PERSON, Karen: PERSON, Katz: PERSON, Katz: PERSON
LOCAL 2024-02-11 21:00:09 INFO  ManagerTask:117 - Updated summary message for reviewId R3MRIY8FUDOYHU for inputIndex 0 with sentiment 2 and entities Katz: PERSON, Karen: PERSON, Katz: PERSON, Katz: PERSON
LOCAL 2024-02-11 21:00:09 INFO  SQSHandler:93 - Deleted message from https://sqs.us-east-1.amazonaws.com/767398090493/workerToManagerQueue
LOCAL 2024-02-11 21:00:09 INFO  ManagerTask:122 - Completed tasks 15 out of 40 for local app ad19f2be63d4f13a for inputIndex 0
LOCAL 2024-02-11 21:00:10 INFO  ManagerTask:93 - Received response for reviewId R3GCFAIUL8BI3Y for inputIndex 0 for taskType entityRecognition with taskResult 
LOCAL 2024-02-11 21:00:10 INFO  ManagerTask:117 - Updated summary message for reviewId R3GCFAIUL8BI3Y for inputIndex 0 with sentiment 4 and entities 
LOCAL 2024-02-11 21:00:10 INFO  SQSHandler:93 - Deleted message from https://sqs.us-east-1.amazonaws.com/767398090493/workerToManagerQueue
LOCAL 2024-02-11 21:00:10 INFO  ManagerTask:122 - Completed tasks 16 out of 40 for local app ad19f2be63d4f13a for inputIndex 0
LOCAL 2024-02-11 21:00:10 INFO  ManagerTask:93 - Received response for reviewId R2NETRFTNAT0D for inputIndex 1 for taskType entityRecognition with taskResult 
LOCAL 2024-02-11 21:00:10 INFO  ManagerTask:93 - Received response for reviewId R3R9QKZ61DMKGF for inputIndex 0 for taskType entityRecognition with taskResult 
LOCAL 2024-02-11 21:00:10 INFO  ManagerTask:117 - Updated summary message for reviewId R3R9QKZ61DMKGF for inputIndex 0 with sentiment 3 and entities 
LOCAL 2024-02-11 21:00:10 INFO  SQSHandler:93 - Deleted message from https://sqs.us-east-1.amazonaws.com/767398090493/workerToManagerQueue
LOCAL 2024-02-11 21:00:10 INFO  ManagerTask:122 - Completed tasks 18 out of 40 for local app ad19f2be63d4f13a for inputIndex 1
LOCAL 2024-02-11 21:00:10 INFO  SQSHandler:93 - Deleted message from https://sqs.us-east-1.amazonaws.com/767398090493/workerToManagerQueue
LOCAL 2024-02-11 21:00:10 INFO  ManagerTask:122 - Completed tasks 17 out of 40 for local app ad19f2be63d4f13a for inputIndex 0
LOCAL 2024-02-11 21:00:11 INFO  Manager:51 - Polling tasks from 1 local app queues
LOCAL 2024-02-11 21:00:11 INFO  ManagerTask:93 - Received response for reviewId R3P2KOXRF7Z400 for inputIndex 0 for taskType entityRecognition with taskResult 
LOCAL 2024-02-11 21:00:11 INFO  SQSHandler:93 - Deleted message from https://sqs.us-east-1.amazonaws.com/767398090493/workerToManagerQueue
LOCAL 2024-02-11 21:00:11 INFO  ManagerTask:122 - Completed tasks 18 out of 40 for local app ad19f2be63d4f13a for inputIndex 0
LOCAL 2024-02-11 21:00:11 INFO  ManagerTask:93 - Received response for reviewId R1L8O7RM8DD6J3 for inputIndex 0 for taskType entityRecognition with taskResult 
LOCAL 2024-02-11 21:00:11 INFO  ManagerTask:117 - Updated summary message for reviewId R1L8O7RM8DD6J3 for inputIndex 0 with sentiment 1 and entities 
LOCAL 2024-02-11 21:00:11 INFO  ManagerTask:93 - Received response for reviewId R2I4MYU1IT5IJ for inputIndex 1 for taskType sentimentAnalysis with taskResult 3
LOCAL 2024-02-11 21:00:11 INFO  SQSHandler:93 - Deleted message from https://sqs.us-east-1.amazonaws.com/767398090493/workerToManagerQueue
LOCAL 2024-02-11 21:00:11 INFO  ManagerTask:122 - Completed tasks 19 out of 40 for local app ad19f2be63d4f13a for inputIndex 0
LOCAL 2024-02-11 21:00:12 INFO  SQSHandler:93 - Deleted message from https://sqs.us-east-1.amazonaws.com/767398090493/workerToManagerQueue
LOCAL 2024-02-11 21:00:12 INFO  ManagerTask:122 - Completed tasks 19 out of 40 for local app ad19f2be63d4f13a for inputIndex 1
LOCAL 2024-02-11 21:00:14 INFO  Manager:51 - Polling tasks from 1 local app queues
LOCAL 2024-02-11 21:00:17 INFO  Manager:51 - Polling tasks from 1 local app queues
LOCAL 2024-02-11 21:00:20 INFO  ManagerTask:93 - Received response for reviewId R2VXY3WQWH9Z0F for inputIndex 1 for taskType sentimentAnalysis with taskResult 1
LOCAL 2024-02-11 21:00:20 INFO  Manager:51 - Polling tasks from 1 local app queues
LOCAL 2024-02-11 21:00:20 INFO  SQSHandler:93 - Deleted message from https://sqs.us-east-1.amazonaws.com/767398090493/workerToManagerQueue
LOCAL 2024-02-11 21:00:20 INFO  ManagerTask:122 - Completed tasks 20 out of 40 for local app ad19f2be63d4f13a for inputIndex 1
LOCAL 2024-02-11 21:00:21 INFO  Manager:61 - Received 0 requests
LOCAL 2024-02-11 21:00:22 INFO  ManagerTask:93 - Received response for reviewId R8OWCLDI0GGL0 for inputIndex 0 for taskType entityRecognition with taskResult Karen: PERSON, Katz: PERSON
LOCAL 2024-02-11 21:00:22 INFO  ManagerTask:117 - Updated summary message for reviewId R8OWCLDI0GGL0 for inputIndex 0 with sentiment 4 and entities Karen: PERSON, Katz: PERSON
LOCAL 2024-02-11 21:00:22 INFO  SQSHandler:93 - Deleted message from https://sqs.us-east-1.amazonaws.com/767398090493/workerToManagerQueue
LOCAL 2024-02-11 21:00:22 INFO  ManagerTask:122 - Completed tasks 20 out of 40 for local app ad19f2be63d4f13a for inputIndex 0
LOCAL 2024-02-11 21:00:22 INFO  ManagerTask:93 - Received response for reviewId R3P2KOXRF7Z400 for inputIndex 0 for taskType sentimentAnalysis with taskResult 3
LOCAL 2024-02-11 21:00:22 INFO  ManagerTask:117 - Updated summary message for reviewId R3P2KOXRF7Z400 for inputIndex 0 with sentiment 3 and entities 
LOCAL 2024-02-11 21:00:22 INFO  SQSHandler:93 - Deleted message from https://sqs.us-east-1.amazonaws.com/767398090493/workerToManagerQueue
LOCAL 2024-02-11 21:00:22 INFO  ManagerTask:122 - Completed tasks 21 out of 40 for local app ad19f2be63d4f13a for inputIndex 0
LOCAL 2024-02-11 21:00:23 INFO  Manager:51 - Polling tasks from 1 local app queues
LOCAL 2024-02-11 21:00:26 INFO  Manager:51 - Polling tasks from 1 local app queues
LOCAL 2024-02-11 21:00:30 INFO  Manager:51 - Polling tasks from 1 local app queues
LOCAL 2024-02-11 21:00:33 INFO  Manager:51 - Polling tasks from 1 local app queues
LOCAL 2024-02-11 21:00:36 INFO  Manager:51 - Polling tasks from 1 local app queues
LOCAL 2024-02-11 21:00:39 INFO  Manager:51 - Polling tasks from 1 local app queues
LOCAL 2024-02-11 21:00:41 INFO  Manager:61 - Received 0 requests
LOCAL 2024-02-11 21:00:42 INFO  Manager:51 - Polling tasks from 1 local app queues
LOCAL 2024-02-11 21:00:45 INFO  Manager:51 - Polling tasks from 1 local app queues
LOCAL 2024-02-11 21:00:49 INFO  Manager:51 - Polling tasks from 1 local app queues
LOCAL 2024-02-11 21:00:52 INFO  Manager:51 - Polling tasks from 1 local app queues
LOCAL 2024-02-11 21:00:55 INFO  Manager:51 - Polling tasks from 1 local app queues
LOCAL 2024-02-11 21:00:58 INFO  Manager:51 - Polling tasks from 1 local app queues
LOCAL 2024-02-11 21:01:01 INFO  Manager:51 - Polling tasks from 1 local app queues
LOCAL 2024-02-11 21:01:02 INFO  Manager:61 - Received 0 requests
LOCAL 2024-02-11 21:01:04 INFO  Manager:51 - Polling tasks from 1 local app queues
LOCAL 2024-02-11 21:01:08 INFO  Manager:51 - Polling tasks from 1 local app queues
LOCAL 2024-02-11 21:01:11 INFO  Manager:51 - Polling tasks from 1 local app queues
LOCAL 2024-02-11 21:01:14 INFO  Manager:51 - Polling tasks from 1 local app queues
LOCAL 2024-02-11 21:01:17 INFO  Manager:51 - Polling tasks from 1 local app queues
LOCAL 2024-02-11 21:01:20 INFO  Manager:51 - Polling tasks from 1 local app queues
LOCAL 2024-02-11 21:01:22 INFO  Manager:61 - Received 0 requests
LOCAL 2024-02-11 21:01:23 INFO  Manager:51 - Polling tasks from 1 local app queues
LOCAL 2024-02-11 21:01:27 INFO  Manager:51 - Polling tasks from 1 local app queues
LOCAL 2024-02-11 21:01:30 INFO  Manager:51 - Polling tasks from 1 local app queues
LOCAL 2024-02-11 21:01:33 INFO  Manager:51 - Polling tasks from 1 local app queues
LOCAL 2024-02-11 21:01:36 INFO  Manager:51 - Polling tasks from 1 local app queues
LOCAL 2024-02-11 21:01:40 INFO  Manager:51 - Polling tasks from 1 local app queues
LOCAL 2024-02-11 21:01:42 INFO  Manager:61 - Received 0 requests
LOCAL 2024-02-11 21:01:43 INFO  Manager:51 - Polling tasks from 1 local app queues
LOCAL 2024-02-11 21:01:46 INFO  Manager:51 - Polling tasks from 1 local app queues
LOCAL 2024-02-11 21:01:49 INFO  Manager:51 - Polling tasks from 1 local app queues
LOCAL 2024-02-11 21:01:52 INFO  Manager:51 - Polling tasks from 1 local app queues
LOCAL 2024-02-11 21:01:54 INFO  ManagerTask:93 - Received response for reviewId R1CKE9Q64Z7CZC for inputIndex 1 for taskType sentimentAnalysis with taskResult 3
LOCAL 2024-02-11 21:01:55 INFO  SQSHandler:93 - Deleted message from https://sqs.us-east-1.amazonaws.com/767398090493/workerToManagerQueue
LOCAL 2024-02-11 21:01:55 INFO  ManagerTask:122 - Completed tasks 21 out of 40 for local app ad19f2be63d4f13a for inputIndex 1
LOCAL 2024-02-11 21:01:55 INFO  Manager:51 - Polling tasks from 1 local app queues
LOCAL 2024-02-11 21:01:58 INFO  ManagerTask:93 - Received response for reviewId RTCQYW9LFP4NU for inputIndex 1 for taskType sentimentAnalysis with taskResult 2
LOCAL 2024-02-11 21:01:58 INFO  SQSHandler:93 - Deleted message from https://sqs.us-east-1.amazonaws.com/767398090493/workerToManagerQueue
LOCAL 2024-02-11 21:01:58 INFO  ManagerTask:122 - Completed tasks 22 out of 40 for local app ad19f2be63d4f13a for inputIndex 1
LOCAL 2024-02-11 21:01:59 INFO  Manager:51 - Polling tasks from 1 local app queues
LOCAL 2024-02-11 21:02:02 INFO  ManagerTask:93 - Received response for reviewId R11CRDLQ8ID6MM for inputIndex 1 for taskType sentimentAnalysis with taskResult 2
LOCAL 2024-02-11 21:02:02 INFO  Manager:51 - Polling tasks from 1 local app queues
LOCAL 2024-02-11 21:02:02 INFO  ManagerTask:93 - Received response for reviewId RSO743RDYVWTZ for inputIndex 0 for taskType sentimentAnalysis with taskResult 2
LOCAL 2024-02-11 21:02:02 INFO  SQSHandler:93 - Deleted message from https://sqs.us-east-1.amazonaws.com/767398090493/workerToManagerQueue
LOCAL 2024-02-11 21:02:02 INFO  ManagerTask:122 - Completed tasks 23 out of 40 for local app ad19f2be63d4f13a for inputIndex 1
LOCAL 2024-02-11 21:02:02 INFO  SQSHandler:93 - Deleted message from https://sqs.us-east-1.amazonaws.com/767398090493/workerToManagerQueue
LOCAL 2024-02-11 21:02:02 INFO  ManagerTask:122 - Completed tasks 22 out of 40 for local app ad19f2be63d4f13a for inputIndex 0
LOCAL 2024-02-11 21:02:02 INFO  Manager:61 - Received 0 requests
LOCAL 2024-02-11 21:02:02 INFO  ManagerTask:93 - Received response for reviewId RP1Q8KK6ZJAK0 for inputIndex 1 for taskType entityRecognition with taskResult 
LOCAL 2024-02-11 21:02:02 INFO  ManagerTask:93 - Received response for reviewId RSO743RDYVWTZ for inputIndex 0 for taskType entityRecognition with taskResult 
LOCAL 2024-02-11 21:02:02 INFO  ManagerTask:117 - Updated summary message for reviewId RSO743RDYVWTZ for inputIndex 0 with sentiment 2 and entities 
LOCAL 2024-02-11 21:02:03 INFO  SQSHandler:93 - Deleted message from https://sqs.us-east-1.amazonaws.com/767398090493/workerToManagerQueue
LOCAL 2024-02-11 21:02:03 INFO  ManagerTask:122 - Completed tasks 23 out of 40 for local app ad19f2be63d4f13a for inputIndex 0
LOCAL 2024-02-11 21:02:03 INFO  SQSHandler:93 - Deleted message from https://sqs.us-east-1.amazonaws.com/767398090493/workerToManagerQueue
LOCAL 2024-02-11 21:02:03 INFO  ManagerTask:122 - Completed tasks 24 out of 40 for local app ad19f2be63d4f13a for inputIndex 1
LOCAL 2024-02-11 21:02:03 INFO  ManagerTask:93 - Received response for reviewId R14D3WP6J91DCU for inputIndex 0 for taskType entityRecognition with taskResult 
LOCAL 2024-02-11 21:02:03 INFO  ManagerTask:117 - Updated summary message for reviewId R14D3WP6J91DCU for inputIndex 0 with sentiment 3 and entities 
LOCAL 2024-02-11 21:02:03 INFO  SQSHandler:93 - Deleted message from https://sqs.us-east-1.amazonaws.com/767398090493/workerToManagerQueue
LOCAL 2024-02-11 21:02:03 INFO  ManagerTask:122 - Completed tasks 24 out of 40 for local app ad19f2be63d4f13a for inputIndex 0
LOCAL 2024-02-11 21:02:03 INFO  ManagerTask:93 - Received response for reviewId R1IKZK5S0DCKZ0 for inputIndex 0 for taskType sentimentAnalysis with taskResult 3
LOCAL 2024-02-11 21:02:03 INFO  SQSHandler:93 - Deleted message from https://sqs.us-east-1.amazonaws.com/767398090493/workerToManagerQueue
LOCAL 2024-02-11 21:02:03 INFO  ManagerTask:122 - Completed tasks 25 out of 40 for local app ad19f2be63d4f13a for inputIndex 0
LOCAL 2024-02-11 21:02:04 INFO  ManagerTask:93 - Received response for reviewId RTCQYW9LFP4NU for inputIndex 1 for taskType entityRecognition with taskResult 
LOCAL 2024-02-11 21:02:04 INFO  ManagerTask:117 - Updated summary message for reviewId RTCQYW9LFP4NU for inputIndex 1 with sentiment 2 and entities 
LOCAL 2024-02-11 21:02:04 INFO  SQSHandler:93 - Deleted message from https://sqs.us-east-1.amazonaws.com/767398090493/workerToManagerQueue
LOCAL 2024-02-11 21:02:04 INFO  ManagerTask:122 - Completed tasks 25 out of 40 for local app ad19f2be63d4f13a for inputIndex 1
LOCAL 2024-02-11 21:02:04 INFO  ManagerTask:93 - Received response for reviewId R3V239ZPPF0XY3 for inputIndex 0 for taskType sentimentAnalysis with taskResult 2
LOCAL 2024-02-11 21:02:04 INFO  ManagerTask:117 - Updated summary message for reviewId R3V239ZPPF0XY3 for inputIndex 0 with sentiment 2 and entities 
LOCAL 2024-02-11 21:02:04 INFO  SQSHandler:93 - Deleted message from https://sqs.us-east-1.amazonaws.com/767398090493/workerToManagerQueue
LOCAL 2024-02-11 21:02:04 INFO  ManagerTask:122 - Completed tasks 26 out of 40 for local app ad19f2be63d4f13a for inputIndex 0
LOCAL 2024-02-11 21:02:05 INFO  Manager:51 - Polling tasks from 1 local app queues
LOCAL 2024-02-11 21:02:05 INFO  ManagerTask:93 - Received response for reviewId RB9QK3F6SUQPU for inputIndex 0 for taskType entityRecognition with taskResult 
LOCAL 2024-02-11 21:02:05 INFO  ManagerTask:117 - Updated summary message for reviewId RB9QK3F6SUQPU for inputIndex 0 with sentiment 4 and entities 
LOCAL 2024-02-11 21:02:05 INFO  SQSHandler:93 - Deleted message from https://sqs.us-east-1.amazonaws.com/767398090493/workerToManagerQueue
LOCAL 2024-02-11 21:02:05 INFO  ManagerTask:122 - Completed tasks 27 out of 40 for local app ad19f2be63d4f13a for inputIndex 0
LOCAL 2024-02-11 21:02:07 INFO  ManagerTask:93 - Received response for reviewId RW6ORU2M3C461 for inputIndex 0 for taskType entityRecognition with taskResult 
LOCAL 2024-02-11 21:02:07 INFO  SQSHandler:93 - Deleted message from https://sqs.us-east-1.amazonaws.com/767398090493/workerToManagerQueue
LOCAL 2024-02-11 21:02:07 INFO  ManagerTask:122 - Completed tasks 28 out of 40 for local app ad19f2be63d4f13a for inputIndex 0
LOCAL 2024-02-11 21:02:08 INFO  ManagerTask:93 - Received response for reviewId R2I4MYU1IT5IJ for inputIndex 1 for taskType entityRecognition with taskResult 
LOCAL 2024-02-11 21:02:08 INFO  ManagerTask:117 - Updated summary message for reviewId R2I4MYU1IT5IJ for inputIndex 1 with sentiment 3 and entities 
LOCAL 2024-02-11 21:02:08 INFO  ManagerTask:93 - Received response for reviewId R33SW6AMDKTSB8 for inputIndex 0 for taskType sentimentAnalysis with taskResult 3
LOCAL 2024-02-11 21:02:08 INFO  ManagerTask:117 - Updated summary message for reviewId R33SW6AMDKTSB8 for inputIndex 0 with sentiment 3 and entities 
LOCAL 2024-02-11 21:02:08 INFO  SQSHandler:93 - Deleted message from https://sqs.us-east-1.amazonaws.com/767398090493/workerToManagerQueue
LOCAL 2024-02-11 21:02:08 INFO  ManagerTask:122 - Completed tasks 29 out of 40 for local app ad19f2be63d4f13a for inputIndex 0
LOCAL 2024-02-11 21:02:08 INFO  Manager:51 - Polling tasks from 1 local app queues
LOCAL 2024-02-11 21:02:08 INFO  SQSHandler:93 - Deleted message from https://sqs.us-east-1.amazonaws.com/767398090493/workerToManagerQueue
LOCAL 2024-02-11 21:02:08 INFO  ManagerTask:122 - Completed tasks 26 out of 40 for local app ad19f2be63d4f13a for inputIndex 1
LOCAL 2024-02-11 21:02:08 INFO  ManagerTask:93 - Received response for reviewId R1IKZK5S0DCKZ0 for inputIndex 0 for taskType entityRecognition with taskResult Karen: PERSON, Katz: PERSON
LOCAL 2024-02-11 21:02:08 INFO  ManagerTask:117 - Updated summary message for reviewId R1IKZK5S0DCKZ0 for inputIndex 0 with sentiment 3 and entities Karen: PERSON, Katz: PERSON
LOCAL 2024-02-11 21:02:09 INFO  SQSHandler:93 - Deleted message from https://sqs.us-east-1.amazonaws.com/767398090493/workerToManagerQueue
LOCAL 2024-02-11 21:02:09 INFO  ManagerTask:122 - Completed tasks 30 out of 40 for local app ad19f2be63d4f13a for inputIndex 0
LOCAL 2024-02-11 21:02:09 INFO  ManagerTask:93 - Received response for reviewId RW6ORU2M3C461 for inputIndex 0 for taskType sentimentAnalysis with taskResult 3
LOCAL 2024-02-11 21:02:09 INFO  ManagerTask:117 - Updated summary message for reviewId RW6ORU2M3C461 for inputIndex 0 with sentiment 3 and entities 
LOCAL 2024-02-11 21:02:09 INFO  SQSHandler:93 - Deleted message from https://sqs.us-east-1.amazonaws.com/767398090493/workerToManagerQueue
LOCAL 2024-02-11 21:02:09 INFO  ManagerTask:122 - Completed tasks 31 out of 40 for local app ad19f2be63d4f13a for inputIndex 0
LOCAL 2024-02-11 21:02:10 INFO  ManagerTask:93 - Received response for reviewId R2NETRFTNAT0D for inputIndex 1 for taskType sentimentAnalysis with taskResult 3
LOCAL 2024-02-11 21:02:10 INFO  ManagerTask:117 - Updated summary message for reviewId R2NETRFTNAT0D for inputIndex 1 with sentiment 3 and entities 
LOCAL 2024-02-11 21:02:11 INFO  ManagerTask:93 - Received response for reviewId R367OTNJ8I36FS for inputIndex 0 for taskType sentimentAnalysis with taskResult 3
LOCAL 2024-02-11 21:02:11 INFO  SQSHandler:93 - Deleted message from https://sqs.us-east-1.amazonaws.com/767398090493/workerToManagerQueue
LOCAL 2024-02-11 21:02:11 INFO  ManagerTask:122 - Completed tasks 27 out of 40 for local app ad19f2be63d4f13a for inputIndex 1
LOCAL 2024-02-11 21:02:11 INFO  SQSHandler:93 - Deleted message from https://sqs.us-east-1.amazonaws.com/767398090493/workerToManagerQueue
LOCAL 2024-02-11 21:02:11 INFO  ManagerTask:122 - Completed tasks 32 out of 40 for local app ad19f2be63d4f13a for inputIndex 0
LOCAL 2024-02-11 21:02:11 INFO  Manager:51 - Polling tasks from 1 local app queues
LOCAL 2024-02-11 21:02:15 INFO  Manager:51 - Polling tasks from 1 local app queues
LOCAL 2024-02-11 21:02:18 INFO  Manager:51 - Polling tasks from 1 local app queues
LOCAL 2024-02-11 21:02:21 INFO  Manager:51 - Polling tasks from 1 local app queues
LOCAL 2024-02-11 21:02:22 INFO  ManagerTask:93 - Received response for reviewId RJ62XWHGDIF7 for inputIndex 0 for taskType entityRecognition with taskResult 
LOCAL 2024-02-11 21:02:22 INFO  ManagerTask:117 - Updated summary message for reviewId RJ62XWHGDIF7 for inputIndex 0 with sentiment 2 and entities 
LOCAL 2024-02-11 21:02:22 INFO  SQSHandler:93 - Deleted message from https://sqs.us-east-1.amazonaws.com/767398090493/workerToManagerQueue
LOCAL 2024-02-11 21:02:22 INFO  ManagerTask:122 - Completed tasks 33 out of 40 for local app ad19f2be63d4f13a for inputIndex 0
LOCAL 2024-02-11 21:02:22 INFO  ManagerTask:93 - Received response for reviewId RGMH5ROASTBS8 for inputIndex 0 for taskType entityRecognition with taskResult 
LOCAL 2024-02-11 21:02:22 INFO  ManagerTask:117 - Updated summary message for reviewId RGMH5ROASTBS8 for inputIndex 0 with sentiment 3 and entities 
LOCAL 2024-02-11 21:02:22 INFO  Manager:61 - Received 0 requests
LOCAL 2024-02-11 21:02:22 INFO  SQSHandler:93 - Deleted message from https://sqs.us-east-1.amazonaws.com/767398090493/workerToManagerQueue
LOCAL 2024-02-11 21:02:22 INFO  ManagerTask:122 - Completed tasks 34 out of 40 for local app ad19f2be63d4f13a for inputIndex 0
LOCAL 2024-02-11 21:02:23 INFO  ManagerTask:93 - Received response for reviewId R82DFHHKNJGR0 for inputIndex 1 for taskType entityRecognition with taskResult 
LOCAL 2024-02-11 21:02:23 INFO  ManagerTask:117 - Updated summary message for reviewId R82DFHHKNJGR0 for inputIndex 1 with sentiment 4 and entities 
LOCAL 2024-02-11 21:02:23 INFO  SQSHandler:93 - Deleted message from https://sqs.us-east-1.amazonaws.com/767398090493/workerToManagerQueue
LOCAL 2024-02-11 21:02:23 INFO  ManagerTask:122 - Completed tasks 28 out of 40 for local app ad19f2be63d4f13a for inputIndex 1
LOCAL 2024-02-11 21:02:24 INFO  Manager:51 - Polling tasks from 1 local app queues
LOCAL 2024-02-11 21:02:27 INFO  Manager:51 - Polling tasks from 1 local app queues
LOCAL 2024-02-11 21:02:30 INFO  Manager:51 - Polling tasks from 1 local app queues
LOCAL 2024-02-11 21:02:34 INFO  Manager:51 - Polling tasks from 1 local app queues
LOCAL 2024-02-11 21:02:37 INFO  Manager:51 - Polling tasks from 1 local app queues
LOCAL 2024-02-11 21:02:40 INFO  Manager:51 - Polling tasks from 1 local app queues
LOCAL 2024-02-11 21:02:43 INFO  Manager:61 - Received 0 requests
LOCAL 2024-02-11 21:02:43 INFO  Manager:51 - Polling tasks from 1 local app queues
LOCAL 2024-02-11 21:02:46 INFO  Manager:51 - Polling tasks from 1 local app queues
LOCAL 2024-02-11 21:02:49 INFO  Manager:51 - Polling tasks from 1 local app queues
LOCAL 2024-02-11 21:02:53 INFO  Manager:51 - Polling tasks from 1 local app queues
LOCAL 2024-02-11 21:02:56 INFO  Manager:51 - Polling tasks from 1 local app queues
LOCAL 2024-02-11 21:02:59 INFO  Manager:51 - Polling tasks from 1 local app queues
LOCAL 2024-02-11 21:03:02 INFO  Manager:51 - Polling tasks from 1 local app queues
LOCAL 2024-02-11 21:03:03 INFO  Manager:61 - Received 0 requests
LOCAL 2024-02-11 21:03:06 INFO  Manager:51 - Polling tasks from 1 local app queues
LOCAL 2024-02-11 21:03:09 INFO  Manager:51 - Polling tasks from 1 local app queues
LOCAL 2024-02-11 21:03:12 INFO  Manager:51 - Polling tasks from 1 local app queues
LOCAL 2024-02-11 21:03:15 INFO  Manager:51 - Polling tasks from 1 local app queues
