LOCAL 2024-02-11 21:06:39 INFO  Manager:19 - Manager started
LOCAL 2024-02-11 21:06:39 INFO  Manager:23 - ManagerEnv created
LOCAL 2024-02-11 21:06:40 INFO  SQSHandler:19 - Queue managerToWorkerQueue created
LOCAL 2024-02-11 21:06:40 INFO  SQSHandler:19 - Queue workerToManagerQueue created
LOCAL 2024-02-11 21:06:41 INFO  Manager:51 - Polling tasks from 1 local app queues
LOCAL 2024-02-11 21:06:41 INFO  Manager:61 - Received 1 requests
LOCAL 2024-02-11 21:06:41 INFO  Manager:84 - Received request: 8f0356aad452aa45::analyze::test-input1.txt::0::10
LOCAL 2024-02-11 21:06:41 INFO  S3Handler:56 - Downloading file test-input1.txt from S3 bucket sarcasm-analysis-bucket-8f0356aad452aa45
LOCAL 2024-02-11 21:06:43 INFO  Manager:111 - Parsed 20 reviews from input file test-input1.txt
LOCAL 2024-02-11 21:06:43 INFO  Manager:153 - Assigning workers
LOCAL 2024-02-11 21:06:44 INFO  Manager:51 - Polling tasks from 1 local app queues
LOCAL 2024-02-11 21:06:44 INFO  EC2Handler:118 - Active workers: 4
LOCAL 2024-02-11 21:06:44 INFO  Manager:157 - Enough workers are already active
LOCAL 2024-02-11 21:06:44 INFO  ManagerTask:37 - ManagerTask started for local app 8f0356aad452aa45 for inputIndex 0
LOCAL 2024-02-11 21:06:44 INFO  ManagerTask:54 - Sending tasks to workers for local app 8f0356aad452aa45 for inputIndex 0
LOCAL 2024-02-11 21:06:45 INFO  SQSHandler:73 - Sent message to https://sqs.us-east-1.amazonaws.com/767398090493/managerToWorkerQueue
LOCAL 2024-02-11 21:06:45 INFO  SQSHandler:73 - Sent message to https://sqs.us-east-1.amazonaws.com/767398090493/managerToWorkerQueue
LOCAL 2024-02-11 21:06:45 INFO  ManagerTask:71 - Sent tasks for reviewId RJ62XWHGDIF7 for local app 8f0356aad452aa45 for inputIndex 0
LOCAL 2024-02-11 21:06:45 INFO  ManagerTask:72 - Sent total tasks 2 to workers for local app 8f0356aad452aa45 for inputIndex 0
LOCAL 2024-02-11 21:06:45 INFO  SQSHandler:93 - Deleted message from https://sqs.us-east-1.amazonaws.com/767398090493/localToManagerQueue-8f0356aad452aa45
LOCAL 2024-02-11 21:06:45 INFO  SQSHandler:73 - Sent message to https://sqs.us-east-1.amazonaws.com/767398090493/managerToWorkerQueue
LOCAL 2024-02-11 21:06:45 INFO  Manager:61 - Received 1 requests
LOCAL 2024-02-11 21:06:45 INFO  Manager:84 - Received request: 8f0356aad452aa45::analyze::test-input2.txt::1::10
LOCAL 2024-02-11 21:06:45 INFO  S3Handler:56 - Downloading file test-input2.txt from S3 bucket sarcasm-analysis-bucket-8f0356aad452aa45
LOCAL 2024-02-11 21:06:45 INFO  SQSHandler:73 - Sent message to https://sqs.us-east-1.amazonaws.com/767398090493/managerToWorkerQueue
LOCAL 2024-02-11 21:06:45 INFO  ManagerTask:71 - Sent tasks for reviewId RSO743RDYVWTZ for local app 8f0356aad452aa45 for inputIndex 0
LOCAL 2024-02-11 21:06:45 INFO  ManagerTask:72 - Sent total tasks 4 to workers for local app 8f0356aad452aa45 for inputIndex 0
LOCAL 2024-02-11 21:06:45 INFO  SQSHandler:73 - Sent message to https://sqs.us-east-1.amazonaws.com/767398090493/managerToWorkerQueue
LOCAL 2024-02-11 21:06:45 INFO  SQSHandler:73 - Sent message to https://sqs.us-east-1.amazonaws.com/767398090493/managerToWorkerQueue
LOCAL 2024-02-11 21:06:45 INFO  ManagerTask:71 - Sent tasks for reviewId R8OWCLDI0GGL0 for local app 8f0356aad452aa45 for inputIndex 0
LOCAL 2024-02-11 21:06:45 INFO  ManagerTask:72 - Sent total tasks 6 to workers for local app 8f0356aad452aa45 for inputIndex 0
LOCAL 2024-02-11 21:06:46 INFO  Manager:111 - Parsed 20 reviews from input file test-input2.txt
LOCAL 2024-02-11 21:06:46 INFO  Manager:153 - Assigning workers
LOCAL 2024-02-11 21:06:46 INFO  SQSHandler:73 - Sent message to https://sqs.us-east-1.amazonaws.com/767398090493/managerToWorkerQueue
LOCAL 2024-02-11 21:06:46 INFO  SQSHandler:73 - Sent message to https://sqs.us-east-1.amazonaws.com/767398090493/managerToWorkerQueue
LOCAL 2024-02-11 21:06:46 INFO  ManagerTask:71 - Sent tasks for reviewId R33DK4T6EHUIHX for local app 8f0356aad452aa45 for inputIndex 0
LOCAL 2024-02-11 21:06:46 INFO  ManagerTask:72 - Sent total tasks 8 to workers for local app 8f0356aad452aa45 for inputIndex 0
LOCAL 2024-02-11 21:06:46 INFO  SQSHandler:73 - Sent message to https://sqs.us-east-1.amazonaws.com/767398090493/managerToWorkerQueue
LOCAL 2024-02-11 21:06:46 INFO  SQSHandler:73 - Sent message to https://sqs.us-east-1.amazonaws.com/767398090493/managerToWorkerQueue
LOCAL 2024-02-11 21:06:46 INFO  ManagerTask:71 - Sent tasks for reviewId R3DHV2T9Q991V7 for local app 8f0356aad452aa45 for inputIndex 0
LOCAL 2024-02-11 21:06:46 INFO  ManagerTask:72 - Sent total tasks 10 to workers for local app 8f0356aad452aa45 for inputIndex 0
LOCAL 2024-02-11 21:06:46 INFO  SQSHandler:73 - Sent message to https://sqs.us-east-1.amazonaws.com/767398090493/managerToWorkerQueue
LOCAL 2024-02-11 21:06:46 INFO  SQSHandler:73 - Sent message to https://sqs.us-east-1.amazonaws.com/767398090493/managerToWorkerQueue
LOCAL 2024-02-11 21:06:46 INFO  ManagerTask:71 - Sent tasks for reviewId R14D3WP6J91DCU for local app 8f0356aad452aa45 for inputIndex 0
LOCAL 2024-02-11 21:06:46 INFO  ManagerTask:72 - Sent total tasks 12 to workers for local app 8f0356aad452aa45 for inputIndex 0
LOCAL 2024-02-11 21:06:46 INFO  EC2Handler:118 - Active workers: 4
LOCAL 2024-02-11 21:06:46 INFO  Manager:157 - Enough workers are already active
LOCAL 2024-02-11 21:06:46 INFO  ManagerTask:37 - ManagerTask started for local app 8f0356aad452aa45 for inputIndex 1
LOCAL 2024-02-11 21:06:46 INFO  ManagerTask:54 - Sending tasks to workers for local app 8f0356aad452aa45 for inputIndex 1
LOCAL 2024-02-11 21:06:47 INFO  SQSHandler:93 - Deleted message from https://sqs.us-east-1.amazonaws.com/767398090493/localToManagerQueue-8f0356aad452aa45
LOCAL 2024-02-11 21:06:47 INFO  SQSHandler:73 - Sent message to https://sqs.us-east-1.amazonaws.com/767398090493/managerToWorkerQueue
LOCAL 2024-02-11 21:06:47 INFO  SQSHandler:73 - Sent message to https://sqs.us-east-1.amazonaws.com/767398090493/managerToWorkerQueue
LOCAL 2024-02-11 21:06:47 INFO  ManagerTask:71 - Sent tasks for reviewId R3P2KOXRF7Z400 for local app 8f0356aad452aa45 for inputIndex 0
LOCAL 2024-02-11 21:06:47 INFO  ManagerTask:72 - Sent total tasks 14 to workers for local app 8f0356aad452aa45 for inputIndex 0
LOCAL 2024-02-11 21:06:47 INFO  SQSHandler:73 - Sent message to https://sqs.us-east-1.amazonaws.com/767398090493/managerToWorkerQueue
LOCAL 2024-02-11 21:06:47 INFO  SQSHandler:73 - Sent message to https://sqs.us-east-1.amazonaws.com/767398090493/managerToWorkerQueue
LOCAL 2024-02-11 21:06:47 INFO  ManagerTask:71 - Sent tasks for reviewId R1IKZK5S0DCKZ0 for local app 8f0356aad452aa45 for inputIndex 0
LOCAL 2024-02-11 21:06:47 INFO  ManagerTask:72 - Sent total tasks 16 to workers for local app 8f0356aad452aa45 for inputIndex 0
LOCAL 2024-02-11 21:06:47 INFO  SQSHandler:73 - Sent message to https://sqs.us-east-1.amazonaws.com/767398090493/managerToWorkerQueue
LOCAL 2024-02-11 21:06:47 INFO  SQSHandler:73 - Sent message to https://sqs.us-east-1.amazonaws.com/767398090493/managerToWorkerQueue
LOCAL 2024-02-11 21:06:47 INFO  SQSHandler:73 - Sent message to https://sqs.us-east-1.amazonaws.com/767398090493/managerToWorkerQueue
LOCAL 2024-02-11 21:06:47 INFO  ManagerTask:71 - Sent tasks for reviewId RJ1ACTUJ9GHIA for local app 8f0356aad452aa45 for inputIndex 1
LOCAL 2024-02-11 21:06:47 INFO  ManagerTask:72 - Sent total tasks 2 to workers for local app 8f0356aad452aa45 for inputIndex 1
LOCAL 2024-02-11 21:06:47 INFO  SQSHandler:73 - Sent message to https://sqs.us-east-1.amazonaws.com/767398090493/managerToWorkerQueue
LOCAL 2024-02-11 21:06:47 INFO  ManagerTask:71 - Sent tasks for reviewId RGMH5ROASTBS8 for local app 8f0356aad452aa45 for inputIndex 0
LOCAL 2024-02-11 21:06:47 INFO  ManagerTask:72 - Sent total tasks 18 to workers for local app 8f0356aad452aa45 for inputIndex 0
LOCAL 2024-02-11 21:06:47 INFO  Manager:51 - Polling tasks from 1 local app queues
LOCAL 2024-02-11 21:06:48 INFO  SQSHandler:73 - Sent message to https://sqs.us-east-1.amazonaws.com/767398090493/managerToWorkerQueue
LOCAL 2024-02-11 21:06:48 INFO  SQSHandler:73 - Sent message to https://sqs.us-east-1.amazonaws.com/767398090493/managerToWorkerQueue
LOCAL 2024-02-11 21:06:48 INFO  SQSHandler:73 - Sent message to https://sqs.us-east-1.amazonaws.com/767398090493/managerToWorkerQueue
LOCAL 2024-02-11 21:06:48 INFO  ManagerTask:71 - Sent tasks for reviewId R2VXY3WQWH9Z0F for local app 8f0356aad452aa45 for inputIndex 1
LOCAL 2024-02-11 21:06:48 INFO  ManagerTask:72 - Sent total tasks 4 to workers for local app 8f0356aad452aa45 for inputIndex 1
LOCAL 2024-02-11 21:06:48 INFO  SQSHandler:73 - Sent message to https://sqs.us-east-1.amazonaws.com/767398090493/managerToWorkerQueue
LOCAL 2024-02-11 21:06:48 INFO  ManagerTask:71 - Sent tasks for reviewId R1RUXYHCSZSHJ0 for local app 8f0356aad452aa45 for inputIndex 0
LOCAL 2024-02-11 21:06:48 INFO  ManagerTask:72 - Sent total tasks 20 to workers for local app 8f0356aad452aa45 for inputIndex 0
LOCAL 2024-02-11 21:06:48 INFO  SQSHandler:73 - Sent message to https://sqs.us-east-1.amazonaws.com/767398090493/managerToWorkerQueue
LOCAL 2024-02-11 21:06:48 INFO  SQSHandler:73 - Sent message to https://sqs.us-east-1.amazonaws.com/767398090493/managerToWorkerQueue
LOCAL 2024-02-11 21:06:48 INFO  SQSHandler:73 - Sent message to https://sqs.us-east-1.amazonaws.com/767398090493/managerToWorkerQueue
LOCAL 2024-02-11 21:06:48 INFO  SQSHandler:73 - Sent message to https://sqs.us-east-1.amazonaws.com/767398090493/managerToWorkerQueue
LOCAL 2024-02-11 21:06:48 INFO  ManagerTask:71 - Sent tasks for reviewId R3R9QKZ61DMKGF for local app 8f0356aad452aa45 for inputIndex 0
LOCAL 2024-02-11 21:06:48 INFO  ManagerTask:71 - Sent tasks for reviewId R2OJAJRDONJ956 for local app 8f0356aad452aa45 for inputIndex 1
LOCAL 2024-02-11 21:06:48 INFO  ManagerTask:72 - Sent total tasks 22 to workers for local app 8f0356aad452aa45 for inputIndex 0
LOCAL 2024-02-11 21:06:48 INFO  ManagerTask:72 - Sent total tasks 6 to workers for local app 8f0356aad452aa45 for inputIndex 1
LOCAL 2024-02-11 21:06:48 INFO  SQSHandler:73 - Sent message to https://sqs.us-east-1.amazonaws.com/767398090493/managerToWorkerQueue
LOCAL 2024-02-11 21:06:48 INFO  SQSHandler:73 - Sent message to https://sqs.us-east-1.amazonaws.com/767398090493/managerToWorkerQueue
LOCAL 2024-02-11 21:06:48 INFO  SQSHandler:73 - Sent message to https://sqs.us-east-1.amazonaws.com/767398090493/managerToWorkerQueue
LOCAL 2024-02-11 21:06:48 INFO  ManagerTask:71 - Sent tasks for reviewId R367OTNJ8I36FS for local app 8f0356aad452aa45 for inputIndex 0
LOCAL 2024-02-11 21:06:48 INFO  ManagerTask:72 - Sent total tasks 24 to workers for local app 8f0356aad452aa45 for inputIndex 0
LOCAL 2024-02-11 21:06:48 INFO  SQSHandler:73 - Sent message to https://sqs.us-east-1.amazonaws.com/767398090493/managerToWorkerQueue
LOCAL 2024-02-11 21:06:48 INFO  ManagerTask:71 - Sent tasks for reviewId R1CKE9Q64Z7CZC for local app 8f0356aad452aa45 for inputIndex 1
LOCAL 2024-02-11 21:06:48 INFO  ManagerTask:72 - Sent total tasks 8 to workers for local app 8f0356aad452aa45 for inputIndex 1
LOCAL 2024-02-11 21:06:48 INFO  SQSHandler:73 - Sent message to https://sqs.us-east-1.amazonaws.com/767398090493/managerToWorkerQueue
LOCAL 2024-02-11 21:06:48 INFO  SQSHandler:73 - Sent message to https://sqs.us-east-1.amazonaws.com/767398090493/managerToWorkerQueue
LOCAL 2024-02-11 21:06:49 INFO  SQSHandler:73 - Sent message to https://sqs.us-east-1.amazonaws.com/767398090493/managerToWorkerQueue
LOCAL 2024-02-11 21:06:49 INFO  ManagerTask:71 - Sent tasks for reviewId R3GCFAIUL8BI3Y for local app 8f0356aad452aa45 for inputIndex 0
LOCAL 2024-02-11 21:06:49 INFO  ManagerTask:72 - Sent total tasks 26 to workers for local app 8f0356aad452aa45 for inputIndex 0
LOCAL 2024-02-11 21:06:49 INFO  SQSHandler:73 - Sent message to https://sqs.us-east-1.amazonaws.com/767398090493/managerToWorkerQueue
LOCAL 2024-02-11 21:06:49 INFO  ManagerTask:71 - Sent tasks for reviewId RP1Q8KK6ZJAK0 for local app 8f0356aad452aa45 for inputIndex 1
LOCAL 2024-02-11 21:06:49 INFO  ManagerTask:72 - Sent total tasks 10 to workers for local app 8f0356aad452aa45 for inputIndex 1
LOCAL 2024-02-11 21:06:49 INFO  SQSHandler:73 - Sent message to https://sqs.us-east-1.amazonaws.com/767398090493/managerToWorkerQueue
LOCAL 2024-02-11 21:06:49 INFO  SQSHandler:73 - Sent message to https://sqs.us-east-1.amazonaws.com/767398090493/managerToWorkerQueue
LOCAL 2024-02-11 21:06:49 INFO  SQSHandler:73 - Sent message to https://sqs.us-east-1.amazonaws.com/767398090493/managerToWorkerQueue
LOCAL 2024-02-11 21:06:49 INFO  ManagerTask:71 - Sent tasks for reviewId R33SW6AMDKTSB8 for local app 8f0356aad452aa45 for inputIndex 0
LOCAL 2024-02-11 21:06:49 INFO  ManagerTask:72 - Sent total tasks 28 to workers for local app 8f0356aad452aa45 for inputIndex 0
LOCAL 2024-02-11 21:06:49 INFO  SQSHandler:73 - Sent message to https://sqs.us-east-1.amazonaws.com/767398090493/managerToWorkerQueue
LOCAL 2024-02-11 21:06:49 INFO  ManagerTask:71 - Sent tasks for reviewId R35P822BAW0TEW for local app 8f0356aad452aa45 for inputIndex 1
LOCAL 2024-02-11 21:06:49 INFO  ManagerTask:72 - Sent total tasks 12 to workers for local app 8f0356aad452aa45 for inputIndex 1
LOCAL 2024-02-11 21:06:49 INFO  SQSHandler:73 - Sent message to https://sqs.us-east-1.amazonaws.com/767398090493/managerToWorkerQueue
LOCAL 2024-02-11 21:06:49 INFO  SQSHandler:73 - Sent message to https://sqs.us-east-1.amazonaws.com/767398090493/managerToWorkerQueue
LOCAL 2024-02-11 21:06:49 INFO  SQSHandler:73 - Sent message to https://sqs.us-east-1.amazonaws.com/767398090493/managerToWorkerQueue
LOCAL 2024-02-11 21:06:49 INFO  ManagerTask:71 - Sent tasks for reviewId RW6ORU2M3C461 for local app 8f0356aad452aa45 for inputIndex 0
LOCAL 2024-02-11 21:06:49 INFO  ManagerTask:72 - Sent total tasks 30 to workers for local app 8f0356aad452aa45 for inputIndex 0
LOCAL 2024-02-11 21:06:49 INFO  SQSHandler:73 - Sent message to https://sqs.us-east-1.amazonaws.com/767398090493/managerToWorkerQueue
LOCAL 2024-02-11 21:06:49 INFO  ManagerTask:71 - Sent tasks for reviewId R2IZ8JCDKDN7YL for local app 8f0356aad452aa45 for inputIndex 1
LOCAL 2024-02-11 21:06:49 INFO  ManagerTask:72 - Sent total tasks 14 to workers for local app 8f0356aad452aa45 for inputIndex 1
LOCAL 2024-02-11 21:06:49 INFO  SQSHandler:73 - Sent message to https://sqs.us-east-1.amazonaws.com/767398090493/managerToWorkerQueue
LOCAL 2024-02-11 21:06:49 INFO  SQSHandler:73 - Sent message to https://sqs.us-east-1.amazonaws.com/767398090493/managerToWorkerQueue
LOCAL 2024-02-11 21:06:50 INFO  SQSHandler:73 - Sent message to https://sqs.us-east-1.amazonaws.com/767398090493/managerToWorkerQueue
LOCAL 2024-02-11 21:06:50 INFO  ManagerTask:71 - Sent tasks for reviewId R1L8O7RM8DD6J3 for local app 8f0356aad452aa45 for inputIndex 0
LOCAL 2024-02-11 21:06:50 INFO  ManagerTask:72 - Sent total tasks 32 to workers for local app 8f0356aad452aa45 for inputIndex 0
LOCAL 2024-02-11 21:06:50 INFO  SQSHandler:73 - Sent message to https://sqs.us-east-1.amazonaws.com/767398090493/managerToWorkerQueue
LOCAL 2024-02-11 21:06:50 INFO  ManagerTask:71 - Sent tasks for reviewId R25Z5IPKQQBRQN for local app 8f0356aad452aa45 for inputIndex 1
LOCAL 2024-02-11 21:06:50 INFO  ManagerTask:72 - Sent total tasks 16 to workers for local app 8f0356aad452aa45 for inputIndex 1
LOCAL 2024-02-11 21:06:50 INFO  SQSHandler:73 - Sent message to https://sqs.us-east-1.amazonaws.com/767398090493/managerToWorkerQueue
LOCAL 2024-02-11 21:06:50 INFO  SQSHandler:73 - Sent message to https://sqs.us-east-1.amazonaws.com/767398090493/managerToWorkerQueue
LOCAL 2024-02-11 21:06:50 INFO  SQSHandler:73 - Sent message to https://sqs.us-east-1.amazonaws.com/767398090493/managerToWorkerQueue
LOCAL 2024-02-11 21:06:50 INFO  ManagerTask:71 - Sent tasks for reviewId R3V239ZPPF0XY3 for local app 8f0356aad452aa45 for inputIndex 0
LOCAL 2024-02-11 21:06:50 INFO  ManagerTask:72 - Sent total tasks 34 to workers for local app 8f0356aad452aa45 for inputIndex 0
LOCAL 2024-02-11 21:06:50 INFO  SQSHandler:73 - Sent message to https://sqs.us-east-1.amazonaws.com/767398090493/managerToWorkerQueue
LOCAL 2024-02-11 21:06:50 INFO  ManagerTask:71 - Sent tasks for reviewId R1JDXB8Y4TO3MT for local app 8f0356aad452aa45 for inputIndex 1
LOCAL 2024-02-11 21:06:50 INFO  ManagerTask:72 - Sent total tasks 18 to workers for local app 8f0356aad452aa45 for inputIndex 1
LOCAL 2024-02-11 21:06:50 INFO  SQSHandler:73 - Sent message to https://sqs.us-east-1.amazonaws.com/767398090493/managerToWorkerQueue
LOCAL 2024-02-11 21:06:50 INFO  SQSHandler:73 - Sent message to https://sqs.us-east-1.amazonaws.com/767398090493/managerToWorkerQueue
LOCAL 2024-02-11 21:06:50 INFO  SQSHandler:73 - Sent message to https://sqs.us-east-1.amazonaws.com/767398090493/managerToWorkerQueue
LOCAL 2024-02-11 21:06:50 INFO  ManagerTask:71 - Sent tasks for reviewId R3MRIY8FUDOYHU for local app 8f0356aad452aa45 for inputIndex 0
LOCAL 2024-02-11 21:06:50 INFO  ManagerTask:72 - Sent total tasks 36 to workers for local app 8f0356aad452aa45 for inputIndex 0
LOCAL 2024-02-11 21:06:50 INFO  SQSHandler:73 - Sent message to https://sqs.us-east-1.amazonaws.com/767398090493/managerToWorkerQueue
LOCAL 2024-02-11 21:06:50 INFO  ManagerTask:71 - Sent tasks for reviewId RTCQYW9LFP4NU for local app 8f0356aad452aa45 for inputIndex 1
LOCAL 2024-02-11 21:06:50 INFO  ManagerTask:72 - Sent total tasks 20 to workers for local app 8f0356aad452aa45 for inputIndex 1
LOCAL 2024-02-11 21:06:50 INFO  SQSHandler:73 - Sent message to https://sqs.us-east-1.amazonaws.com/767398090493/managerToWorkerQueue
LOCAL 2024-02-11 21:06:50 INFO  SQSHandler:73 - Sent message to https://sqs.us-east-1.amazonaws.com/767398090493/managerToWorkerQueue
LOCAL 2024-02-11 21:06:50 INFO  SQSHandler:73 - Sent message to https://sqs.us-east-1.amazonaws.com/767398090493/managerToWorkerQueue
LOCAL 2024-02-11 21:06:50 INFO  ManagerTask:71 - Sent tasks for reviewId RB9QK3F6SUQPU for local app 8f0356aad452aa45 for inputIndex 0
LOCAL 2024-02-11 21:06:50 INFO  ManagerTask:72 - Sent total tasks 38 to workers for local app 8f0356aad452aa45 for inputIndex 0
LOCAL 2024-02-11 21:06:50 INFO  SQSHandler:73 - Sent message to https://sqs.us-east-1.amazonaws.com/767398090493/managerToWorkerQueue
LOCAL 2024-02-11 21:06:50 INFO  ManagerTask:71 - Sent tasks for reviewId RPURVNKU8YWTS for local app 8f0356aad452aa45 for inputIndex 1
LOCAL 2024-02-11 21:06:50 INFO  ManagerTask:72 - Sent total tasks 22 to workers for local app 8f0356aad452aa45 for inputIndex 1
LOCAL 2024-02-11 21:06:51 INFO  Manager:51 - Polling tasks from 1 local app queues
LOCAL 2024-02-11 21:06:51 INFO  SQSHandler:73 - Sent message to https://sqs.us-east-1.amazonaws.com/767398090493/managerToWorkerQueue
LOCAL 2024-02-11 21:06:51 INFO  SQSHandler:73 - Sent message to https://sqs.us-east-1.amazonaws.com/767398090493/managerToWorkerQueue
LOCAL 2024-02-11 21:06:51 INFO  SQSHandler:73 - Sent message to https://sqs.us-east-1.amazonaws.com/767398090493/managerToWorkerQueue
LOCAL 2024-02-11 21:06:51 INFO  ManagerTask:71 - Sent tasks for reviewId R366N97DLUODS7 for local app 8f0356aad452aa45 for inputIndex 0
LOCAL 2024-02-11 21:06:51 INFO  ManagerTask:72 - Sent total tasks 40 to workers for local app 8f0356aad452aa45 for inputIndex 0
LOCAL 2024-02-11 21:06:51 INFO  ManagerTask:41 - Sent tasks to workers for local app 8f0356aad452aa45 for inputIndex 0
LOCAL 2024-02-11 21:06:51 INFO  ManagerTask:77 - Receiving responses from workers for local app 8f0356aad452aa45 for inputIndex 0
LOCAL 2024-02-11 21:06:51 INFO  SQSHandler:73 - Sent message to https://sqs.us-east-1.amazonaws.com/767398090493/managerToWorkerQueue
LOCAL 2024-02-11 21:06:51 INFO  ManagerTask:71 - Sent tasks for reviewId R3PLCGYS9LYRHZ for local app 8f0356aad452aa45 for inputIndex 1
LOCAL 2024-02-11 21:06:51 INFO  ManagerTask:72 - Sent total tasks 24 to workers for local app 8f0356aad452aa45 for inputIndex 1
LOCAL 2024-02-11 21:06:51 INFO  SQSHandler:73 - Sent message to https://sqs.us-east-1.amazonaws.com/767398090493/managerToWorkerQueue
LOCAL 2024-02-11 21:06:51 INFO  ManagerTask:93 - Received response for reviewId R8OWCLDI0GGL0 for inputIndex 0 for taskType sentimentAnalysis with taskResult 4
LOCAL 2024-02-11 21:06:51 INFO  SQSHandler:73 - Sent message to https://sqs.us-east-1.amazonaws.com/767398090493/managerToWorkerQueue
LOCAL 2024-02-11 21:06:51 INFO  ManagerTask:71 - Sent tasks for reviewId R1266STJW192AU for local app 8f0356aad452aa45 for inputIndex 1
LOCAL 2024-02-11 21:06:51 INFO  ManagerTask:72 - Sent total tasks 26 to workers for local app 8f0356aad452aa45 for inputIndex 1
LOCAL 2024-02-11 21:06:51 INFO  SQSHandler:93 - Deleted message from https://sqs.us-east-1.amazonaws.com/767398090493/workerToManagerQueue
LOCAL 2024-02-11 21:06:51 INFO  ManagerTask:122 - Completed tasks 1 out of 40 for local app 8f0356aad452aa45 for inputIndex 0
LOCAL 2024-02-11 21:06:51 INFO  ManagerTask:93 - Received response for reviewId R33DK4T6EHUIHX for inputIndex 0 for taskType sentimentAnalysis with taskResult 1
LOCAL 2024-02-11 21:06:51 INFO  SQSHandler:73 - Sent message to https://sqs.us-east-1.amazonaws.com/767398090493/managerToWorkerQueue
LOCAL 2024-02-11 21:06:51 INFO  SQSHandler:93 - Deleted message from https://sqs.us-east-1.amazonaws.com/767398090493/workerToManagerQueue
LOCAL 2024-02-11 21:06:51 INFO  ManagerTask:122 - Completed tasks 2 out of 40 for local app 8f0356aad452aa45 for inputIndex 0
LOCAL 2024-02-11 21:06:52 INFO  SQSHandler:73 - Sent message to https://sqs.us-east-1.amazonaws.com/767398090493/managerToWorkerQueue
LOCAL 2024-02-11 21:06:52 INFO  ManagerTask:71 - Sent tasks for reviewId R11CRDLQ8ID6MM for local app 8f0356aad452aa45 for inputIndex 1
LOCAL 2024-02-11 21:06:52 INFO  ManagerTask:72 - Sent total tasks 28 to workers for local app 8f0356aad452aa45 for inputIndex 1
LOCAL 2024-02-11 21:06:52 INFO  SQSHandler:73 - Sent message to https://sqs.us-east-1.amazonaws.com/767398090493/workerToManagerQueue
LOCAL 2024-02-11 21:06:52 INFO  ManagerTask:93 - Received response for reviewId R3R9QKZ61DMKGF for inputIndex 0 for taskType sentimentAnalysis with taskResult 3
LOCAL 2024-02-11 21:06:52 INFO  SQSHandler:73 - Sent message to https://sqs.us-east-1.amazonaws.com/767398090493/managerToWorkerQueue
LOCAL 2024-02-11 21:06:52 INFO  SQSHandler:93 - Deleted message from https://sqs.us-east-1.amazonaws.com/767398090493/workerToManagerQueue
LOCAL 2024-02-11 21:06:52 INFO  ManagerTask:122 - Completed tasks 3 out of 40 for local app 8f0356aad452aa45 for inputIndex 0
LOCAL 2024-02-11 21:06:52 INFO  ManagerTask:93 - Received response for reviewId R3GCFAIUL8BI3Y for inputIndex 0 for taskType sentimentAnalysis with taskResult 4
LOCAL 2024-02-11 21:06:52 INFO  SQSHandler:73 - Sent message to https://sqs.us-east-1.amazonaws.com/767398090493/managerToWorkerQueue
LOCAL 2024-02-11 21:06:52 INFO  ManagerTask:71 - Sent tasks for reviewId R248WNDI9KORMN for local app 8f0356aad452aa45 for inputIndex 1
LOCAL 2024-02-11 21:06:52 INFO  ManagerTask:72 - Sent total tasks 30 to workers for local app 8f0356aad452aa45 for inputIndex 1
LOCAL 2024-02-11 21:06:52 INFO  SQSHandler:93 - Deleted message from https://sqs.us-east-1.amazonaws.com/767398090493/workerToManagerQueue
LOCAL 2024-02-11 21:06:52 INFO  ManagerTask:122 - Completed tasks 4 out of 40 for local app 8f0356aad452aa45 for inputIndex 0
LOCAL 2024-02-11 21:06:52 INFO  SQSHandler:73 - Sent message to https://sqs.us-east-1.amazonaws.com/767398090493/managerToWorkerQueue
LOCAL 2024-02-11 21:06:52 INFO  SQSHandler:73 - Sent message to https://sqs.us-east-1.amazonaws.com/767398090493/workerToManagerQueue
LOCAL 2024-02-11 21:06:52 INFO  ManagerTask:93 - Received response for reviewId R33SW6AMDKTSB8 for inputIndex 0 for taskType entityRecognition with taskResult 
LOCAL 2024-02-11 21:06:52 INFO  SQSHandler:73 - Sent message to https://sqs.us-east-1.amazonaws.com/767398090493/managerToWorkerQueue
LOCAL 2024-02-11 21:06:52 INFO  ManagerTask:71 - Sent tasks for reviewId R386EPGNDYSO6 for local app 8f0356aad452aa45 for inputIndex 1
LOCAL 2024-02-11 21:06:52 INFO  ManagerTask:72 - Sent total tasks 32 to workers for local app 8f0356aad452aa45 for inputIndex 1
LOCAL 2024-02-11 21:06:52 INFO  SQSHandler:93 - Deleted message from https://sqs.us-east-1.amazonaws.com/767398090493/workerToManagerQueue
LOCAL 2024-02-11 21:06:52 INFO  ManagerTask:122 - Completed tasks 5 out of 40 for local app 8f0356aad452aa45 for inputIndex 0
LOCAL 2024-02-11 21:06:52 INFO  ManagerTask:93 - Received response for reviewId RW6ORU2M3C461 for inputIndex 0 for taskType sentimentAnalysis with taskResult 3
LOCAL 2024-02-11 21:06:52 INFO  SQSHandler:73 - Sent message to https://sqs.us-east-1.amazonaws.com/767398090493/managerToWorkerQueue
LOCAL 2024-02-11 21:06:52 INFO  SQSHandler:93 - Deleted message from https://sqs.us-east-1.amazonaws.com/767398090493/workerToManagerQueue
LOCAL 2024-02-11 21:06:52 INFO  ManagerTask:122 - Completed tasks 6 out of 40 for local app 8f0356aad452aa45 for inputIndex 0
LOCAL 2024-02-11 21:06:52 INFO  ManagerTask:93 - Received response for reviewId R3V239ZPPF0XY3 for inputIndex 0 for taskType sentimentAnalysis with taskResult 2
LOCAL 2024-02-11 21:06:52 INFO  SQSHandler:73 - Sent message to https://sqs.us-east-1.amazonaws.com/767398090493/managerToWorkerQueue
LOCAL 2024-02-11 21:06:52 INFO  ManagerTask:71 - Sent tasks for reviewId R82DFHHKNJGR0 for local app 8f0356aad452aa45 for inputIndex 1
LOCAL 2024-02-11 21:06:52 INFO  ManagerTask:72 - Sent total tasks 34 to workers for local app 8f0356aad452aa45 for inputIndex 1
LOCAL 2024-02-11 21:06:53 INFO  SQSHandler:93 - Deleted message from https://sqs.us-east-1.amazonaws.com/767398090493/workerToManagerQueue
LOCAL 2024-02-11 21:06:53 INFO  ManagerTask:122 - Completed tasks 7 out of 40 for local app 8f0356aad452aa45 for inputIndex 0
LOCAL 2024-02-11 21:06:53 INFO  SQSHandler:73 - Sent message to https://sqs.us-east-1.amazonaws.com/767398090493/managerToWorkerQueue
LOCAL 2024-02-11 21:06:53 INFO  ManagerTask:93 - Received response for reviewId R3DHV2T9Q991V7 for inputIndex 0 for taskType sentimentAnalysis with taskResult 4
LOCAL 2024-02-11 21:06:53 INFO  SQSHandler:73 - Sent message to https://sqs.us-east-1.amazonaws.com/767398090493/managerToWorkerQueue
LOCAL 2024-02-11 21:06:53 INFO  ManagerTask:71 - Sent tasks for reviewId RGAST6Q7TRKA4 for local app 8f0356aad452aa45 for inputIndex 1
LOCAL 2024-02-11 21:06:53 INFO  ManagerTask:72 - Sent total tasks 36 to workers for local app 8f0356aad452aa45 for inputIndex 1
LOCAL 2024-02-11 21:06:53 INFO  SQSHandler:93 - Deleted message from https://sqs.us-east-1.amazonaws.com/767398090493/workerToManagerQueue
LOCAL 2024-02-11 21:06:53 INFO  ManagerTask:122 - Completed tasks 8 out of 40 for local app 8f0356aad452aa45 for inputIndex 0
LOCAL 2024-02-11 21:06:53 INFO  ManagerTask:93 - Received response for reviewId R14D3WP6J91DCU for inputIndex 0 for taskType entityRecognition with taskResult 
LOCAL 2024-02-11 21:06:53 INFO  SQSHandler:73 - Sent message to https://sqs.us-east-1.amazonaws.com/767398090493/managerToWorkerQueue
LOCAL 2024-02-11 21:06:53 INFO  SQSHandler:93 - Deleted message from https://sqs.us-east-1.amazonaws.com/767398090493/workerToManagerQueue
LOCAL 2024-02-11 21:06:53 INFO  ManagerTask:122 - Completed tasks 9 out of 40 for local app 8f0356aad452aa45 for inputIndex 0
LOCAL 2024-02-11 21:06:53 INFO  ManagerTask:93 - Received response for reviewId R1IKZK5S0DCKZ0 for inputIndex 0 for taskType entityRecognition with taskResult Karen: PERSON, Katz: PERSON
LOCAL 2024-02-11 21:06:53 INFO  SQSHandler:73 - Sent message to https://sqs.us-east-1.amazonaws.com/767398090493/managerToWorkerQueue
LOCAL 2024-02-11 21:06:53 INFO  ManagerTask:71 - Sent tasks for reviewId R2NETRFTNAT0D for local app 8f0356aad452aa45 for inputIndex 1
LOCAL 2024-02-11 21:06:53 INFO  ManagerTask:72 - Sent total tasks 38 to workers for local app 8f0356aad452aa45 for inputIndex 1
LOCAL 2024-02-11 21:06:53 INFO  SQSHandler:93 - Deleted message from https://sqs.us-east-1.amazonaws.com/767398090493/workerToManagerQueue
LOCAL 2024-02-11 21:06:53 INFO  ManagerTask:122 - Completed tasks 10 out of 40 for local app 8f0356aad452aa45 for inputIndex 0
LOCAL 2024-02-11 21:06:53 INFO  ManagerTask:93 - Received response for reviewId R1RUXYHCSZSHJ0 for inputIndex 0 for taskType sentimentAnalysis with taskResult 2
LOCAL 2024-02-11 21:06:53 INFO  SQSHandler:73 - Sent message to https://sqs.us-east-1.amazonaws.com/767398090493/managerToWorkerQueue
LOCAL 2024-02-11 21:06:53 INFO  SQSHandler:93 - Deleted message from https://sqs.us-east-1.amazonaws.com/767398090493/workerToManagerQueue
LOCAL 2024-02-11 21:06:53 INFO  ManagerTask:122 - Completed tasks 11 out of 40 for local app 8f0356aad452aa45 for inputIndex 0
LOCAL 2024-02-11 21:06:53 INFO  SQSHandler:73 - Sent message to https://sqs.us-east-1.amazonaws.com/767398090493/managerToWorkerQueue
LOCAL 2024-02-11 21:06:53 INFO  ManagerTask:71 - Sent tasks for reviewId R2I4MYU1IT5IJ for local app 8f0356aad452aa45 for inputIndex 1
LOCAL 2024-02-11 21:06:53 INFO  ManagerTask:72 - Sent total tasks 40 to workers for local app 8f0356aad452aa45 for inputIndex 1
LOCAL 2024-02-11 21:06:53 INFO  ManagerTask:41 - Sent tasks to workers for local app 8f0356aad452aa45 for inputIndex 1
LOCAL 2024-02-11 21:06:53 INFO  ManagerTask:77 - Receiving responses from workers for local app 8f0356aad452aa45 for inputIndex 1
LOCAL 2024-02-11 21:06:53 INFO  SQSHandler:73 - Sent message to https://sqs.us-east-1.amazonaws.com/767398090493/workerToManagerQueue
LOCAL 2024-02-11 21:06:54 INFO  SQSHandler:73 - Sent message to https://sqs.us-east-1.amazonaws.com/767398090493/workerToManagerQueue
LOCAL 2024-02-11 21:06:54 INFO  ManagerTask:93 - Received response for reviewId R33SW6AMDKTSB8 for inputIndex 0 for taskType sentimentAnalysis with taskResult 3
LOCAL 2024-02-11 21:06:54 INFO  ManagerTask:117 - Updated summary message for reviewId R33SW6AMDKTSB8 for inputIndex 0 with sentiment 3 and entities 
LOCAL 2024-02-11 21:06:54 INFO  SQSHandler:93 - Deleted message from https://sqs.us-east-1.amazonaws.com/767398090493/workerToManagerQueue
LOCAL 2024-02-11 21:06:54 INFO  ManagerTask:122 - Completed tasks 12 out of 40 for local app 8f0356aad452aa45 for inputIndex 0
LOCAL 2024-02-11 21:06:54 INFO  ManagerTask:93 - Received response for reviewId RW6ORU2M3C461 for inputIndex 0 for taskType entityRecognition with taskResult 
LOCAL 2024-02-11 21:06:54 INFO  ManagerTask:117 - Updated summary message for reviewId RW6ORU2M3C461 for inputIndex 0 with sentiment 3 and entities 
LOCAL 2024-02-11 21:06:54 INFO  Manager:51 - Polling tasks from 1 local app queues
LOCAL 2024-02-11 21:06:54 INFO  SQSHandler:93 - Deleted message from https://sqs.us-east-1.amazonaws.com/767398090493/workerToManagerQueue
LOCAL 2024-02-11 21:06:54 INFO  ManagerTask:122 - Completed tasks 13 out of 40 for local app 8f0356aad452aa45 for inputIndex 0
LOCAL 2024-02-11 21:06:54 INFO  ManagerTask:93 - Received response for reviewId R366N97DLUODS7 for inputIndex 0 for taskType entityRecognition with taskResult 
LOCAL 2024-02-11 21:06:54 INFO  SQSHandler:93 - Deleted message from https://sqs.us-east-1.amazonaws.com/767398090493/workerToManagerQueue
LOCAL 2024-02-11 21:06:54 INFO  ManagerTask:122 - Completed tasks 14 out of 40 for local app 8f0356aad452aa45 for inputIndex 0
LOCAL 2024-02-11 21:06:54 INFO  SQSHandler:73 - Sent message to https://sqs.us-east-1.amazonaws.com/767398090493/workerToManagerQueue
LOCAL 2024-02-11 21:06:54 INFO  SQSHandler:73 - Sent message to https://sqs.us-east-1.amazonaws.com/767398090493/workerToManagerQueue
LOCAL 2024-02-11 21:06:54 INFO  SQSHandler:73 - Sent message to https://sqs.us-east-1.amazonaws.com/767398090493/workerToManagerQueue
LOCAL 2024-02-11 21:06:54 INFO  SQSHandler:73 - Sent message to https://sqs.us-east-1.amazonaws.com/767398090493/workerToManagerQueue
LOCAL 2024-02-11 21:06:54 INFO  ManagerTask:93 - Received response for reviewId R2VXY3WQWH9Z0F for inputIndex 1 for taskType entityRecognition with taskResult Haribo: PERSON
LOCAL 2024-02-11 21:06:54 INFO  ManagerTask:93 - Received response for reviewId R33DK4T6EHUIHX for inputIndex 0 for taskType entityRecognition with taskResult 
LOCAL 2024-02-11 21:06:54 INFO  ManagerTask:117 - Updated summary message for reviewId R33DK4T6EHUIHX for inputIndex 0 with sentiment 1 and entities 
LOCAL 2024-02-11 21:06:54 INFO  SQSHandler:93 - Deleted message from https://sqs.us-east-1.amazonaws.com/767398090493/workerToManagerQueue
LOCAL 2024-02-11 21:06:54 INFO  ManagerTask:122 - Completed tasks 1 out of 40 for local app 8f0356aad452aa45 for inputIndex 1
LOCAL 2024-02-11 21:06:54 INFO  ManagerTask:93 - Received response for reviewId R1CKE9Q64Z7CZC for inputIndex 1 for taskType sentimentAnalysis with taskResult 3
LOCAL 2024-02-11 21:06:54 INFO  SQSHandler:93 - Deleted message from https://sqs.us-east-1.amazonaws.com/767398090493/workerToManagerQueue
LOCAL 2024-02-11 21:06:54 INFO  ManagerTask:122 - Completed tasks 15 out of 40 for local app 8f0356aad452aa45 for inputIndex 0
LOCAL 2024-02-11 21:06:54 INFO  ManagerTask:93 - Received response for reviewId R3P2KOXRF7Z400 for inputIndex 0 for taskType sentimentAnalysis with taskResult 3
LOCAL 2024-02-11 21:06:55 INFO  SQSHandler:93 - Deleted message from https://sqs.us-east-1.amazonaws.com/767398090493/workerToManagerQueue
LOCAL 2024-02-11 21:06:55 INFO  ManagerTask:122 - Completed tasks 16 out of 40 for local app 8f0356aad452aa45 for inputIndex 0
LOCAL 2024-02-11 21:06:55 INFO  SQSHandler:73 - Sent message to https://sqs.us-east-1.amazonaws.com/767398090493/workerToManagerQueue
LOCAL 2024-02-11 21:06:55 INFO  SQSHandler:73 - Sent message to https://sqs.us-east-1.amazonaws.com/767398090493/workerToManagerQueue
LOCAL 2024-02-11 21:06:55 INFO  ManagerTask:93 - Received response for reviewId R3V239ZPPF0XY3 for inputIndex 0 for taskType entityRecognition with taskResult 
LOCAL 2024-02-11 21:06:55 INFO  ManagerTask:117 - Updated summary message for reviewId R3V239ZPPF0XY3 for inputIndex 0 with sentiment 2 and entities 
LOCAL 2024-02-11 21:06:55 INFO  SQSHandler:93 - Deleted message from https://sqs.us-east-1.amazonaws.com/767398090493/workerToManagerQueue
LOCAL 2024-02-11 21:06:55 INFO  ManagerTask:122 - Completed tasks 2 out of 40 for local app 8f0356aad452aa45 for inputIndex 1
LOCAL 2024-02-11 21:06:55 INFO  ManagerTask:93 - Received response for reviewId R1JDXB8Y4TO3MT for inputIndex 1 for taskType entityRecognition with taskResult 
LOCAL 2024-02-11 21:06:55 INFO  SQSHandler:93 - Deleted message from https://sqs.us-east-1.amazonaws.com/767398090493/workerToManagerQueue
LOCAL 2024-02-11 21:06:55 INFO  ManagerTask:122 - Completed tasks 17 out of 40 for local app 8f0356aad452aa45 for inputIndex 0
LOCAL 2024-02-11 21:06:55 INFO  SQSHandler:73 - Sent message to https://sqs.us-east-1.amazonaws.com/767398090493/workerToManagerQueue
LOCAL 2024-02-11 21:06:55 INFO  ManagerTask:93 - Received response for reviewId RB9QK3F6SUQPU for inputIndex 0 for taskType entityRecognition with taskResult 
LOCAL 2024-02-11 21:06:56 INFO  SQSHandler:93 - Deleted message from https://sqs.us-east-1.amazonaws.com/767398090493/workerToManagerQueue
LOCAL 2024-02-11 21:06:56 INFO  ManagerTask:122 - Completed tasks 3 out of 40 for local app 8f0356aad452aa45 for inputIndex 1
LOCAL 2024-02-11 21:06:56 INFO  SQSHandler:93 - Deleted message from https://sqs.us-east-1.amazonaws.com/767398090493/workerToManagerQueue
LOCAL 2024-02-11 21:06:56 INFO  ManagerTask:122 - Completed tasks 18 out of 40 for local app 8f0356aad452aa45 for inputIndex 0
LOCAL 2024-02-11 21:06:56 INFO  SQSHandler:73 - Sent message to https://sqs.us-east-1.amazonaws.com/767398090493/workerToManagerQueue
LOCAL 2024-02-11 21:06:56 INFO  SQSHandler:73 - Sent message to https://sqs.us-east-1.amazonaws.com/767398090493/workerToManagerQueue
LOCAL 2024-02-11 21:06:56 INFO  ManagerTask:93 - Received response for reviewId RSO743RDYVWTZ for inputIndex 0 for taskType entityRecognition with taskResult 
LOCAL 2024-02-11 21:06:56 INFO  SQSHandler:73 - Sent message to https://sqs.us-east-1.amazonaws.com/767398090493/workerToManagerQueue
LOCAL 2024-02-11 21:06:56 INFO  ManagerTask:93 - Received response for reviewId R1JDXB8Y4TO3MT for inputIndex 1 for taskType sentimentAnalysis with taskResult 3
LOCAL 2024-02-11 21:06:56 INFO  ManagerTask:117 - Updated summary message for reviewId R1JDXB8Y4TO3MT for inputIndex 1 with sentiment 3 and entities 
LOCAL 2024-02-11 21:06:56 INFO  SQSHandler:93 - Deleted message from https://sqs.us-east-1.amazonaws.com/767398090493/workerToManagerQueue
LOCAL 2024-02-11 21:06:56 INFO  ManagerTask:122 - Completed tasks 19 out of 40 for local app 8f0356aad452aa45 for inputIndex 0
LOCAL 2024-02-11 21:06:56 INFO  SQSHandler:93 - Deleted message from https://sqs.us-east-1.amazonaws.com/767398090493/workerToManagerQueue
LOCAL 2024-02-11 21:06:56 INFO  ManagerTask:122 - Completed tasks 4 out of 40 for local app 8f0356aad452aa45 for inputIndex 1
LOCAL 2024-02-11 21:06:56 INFO  ManagerTask:93 - Received response for reviewId R1266STJW192AU for inputIndex 1 for taskType entityRecognition with taskResult 
LOCAL 2024-02-11 21:06:56 INFO  ManagerTask:93 - Received response for reviewId R3R9QKZ61DMKGF for inputIndex 0 for taskType entityRecognition with taskResult 
LOCAL 2024-02-11 21:06:56 INFO  ManagerTask:117 - Updated summary message for reviewId R3R9QKZ61DMKGF for inputIndex 0 with sentiment 3 and entities 
LOCAL 2024-02-11 21:06:56 INFO  SQSHandler:93 - Deleted message from https://sqs.us-east-1.amazonaws.com/767398090493/workerToManagerQueue
LOCAL 2024-02-11 21:06:56 INFO  ManagerTask:122 - Completed tasks 5 out of 40 for local app 8f0356aad452aa45 for inputIndex 1
LOCAL 2024-02-11 21:06:56 INFO  SQSHandler:93 - Deleted message from https://sqs.us-east-1.amazonaws.com/767398090493/workerToManagerQueue
LOCAL 2024-02-11 21:06:56 INFO  ManagerTask:122 - Completed tasks 20 out of 40 for local app 8f0356aad452aa45 for inputIndex 0
LOCAL 2024-02-11 21:06:56 INFO  SQSHandler:73 - Sent message to https://sqs.us-east-1.amazonaws.com/767398090493/workerToManagerQueue
LOCAL 2024-02-11 21:06:56 INFO  ManagerTask:93 - Received response for reviewId R3MRIY8FUDOYHU for inputIndex 0 for taskType entityRecognition with taskResult Katz: PERSON, Karen: PERSON, Katz: PERSON, Katz: PERSON
LOCAL 2024-02-11 21:06:57 INFO  SQSHandler:93 - Deleted message from https://sqs.us-east-1.amazonaws.com/767398090493/workerToManagerQueue
LOCAL 2024-02-11 21:06:57 INFO  ManagerTask:122 - Completed tasks 21 out of 40 for local app 8f0356aad452aa45 for inputIndex 0
LOCAL 2024-02-11 21:06:57 INFO  SQSHandler:73 - Sent message to https://sqs.us-east-1.amazonaws.com/767398090493/workerToManagerQueue
LOCAL 2024-02-11 21:06:57 INFO  SQSHandler:73 - Sent message to https://sqs.us-east-1.amazonaws.com/767398090493/workerToManagerQueue
LOCAL 2024-02-11 21:06:57 INFO  SQSHandler:73 - Sent message to https://sqs.us-east-1.amazonaws.com/767398090493/workerToManagerQueue
LOCAL 2024-02-11 21:06:57 INFO  SQSHandler:73 - Sent message to https://sqs.us-east-1.amazonaws.com/767398090493/workerToManagerQueue
LOCAL 2024-02-11 21:06:57 INFO  SQSHandler:73 - Sent message to https://sqs.us-east-1.amazonaws.com/767398090493/workerToManagerQueue
LOCAL 2024-02-11 21:06:57 INFO  Manager:51 - Polling tasks from 1 local app queues
LOCAL 2024-02-11 21:06:57 INFO  SQSHandler:73 - Sent message to https://sqs.us-east-1.amazonaws.com/767398090493/workerToManagerQueue
LOCAL 2024-02-11 21:06:57 INFO  SQSHandler:73 - Sent message to https://sqs.us-east-1.amazonaws.com/767398090493/workerToManagerQueue
LOCAL 2024-02-11 21:06:57 INFO  ManagerTask:93 - Received response for reviewId RGMH5ROASTBS8 for inputIndex 0 for taskType entityRecognition with taskResult 
LOCAL 2024-02-11 21:06:57 INFO  SQSHandler:93 - Deleted message from https://sqs.us-east-1.amazonaws.com/767398090493/workerToManagerQueue
LOCAL 2024-02-11 21:06:57 INFO  ManagerTask:122 - Completed tasks 22 out of 40 for local app 8f0356aad452aa45 for inputIndex 0
LOCAL 2024-02-11 21:06:57 INFO  SQSHandler:73 - Sent message to https://sqs.us-east-1.amazonaws.com/767398090493/workerToManagerQueue
LOCAL 2024-02-11 21:06:58 INFO  SQSHandler:73 - Sent message to https://sqs.us-east-1.amazonaws.com/767398090493/workerToManagerQueue
LOCAL 2024-02-11 21:06:58 INFO  SQSHandler:73 - Sent message to https://sqs.us-east-1.amazonaws.com/767398090493/workerToManagerQueue
LOCAL 2024-02-11 21:06:58 INFO  ManagerTask:93 - Received response for reviewId R35P822BAW0TEW for inputIndex 1 for taskType entityRecognition with taskResult 
LOCAL 2024-02-11 21:06:58 INFO  SQSHandler:93 - Deleted message from https://sqs.us-east-1.amazonaws.com/767398090493/workerToManagerQueue
LOCAL 2024-02-11 21:06:58 INFO  ManagerTask:122 - Completed tasks 6 out of 40 for local app 8f0356aad452aa45 for inputIndex 1
LOCAL 2024-02-11 21:06:58 INFO  SQSHandler:73 - Sent message to https://sqs.us-east-1.amazonaws.com/767398090493/workerToManagerQueue
LOCAL 2024-02-11 21:06:58 INFO  SQSHandler:73 - Sent message to https://sqs.us-east-1.amazonaws.com/767398090493/workerToManagerQueue
LOCAL 2024-02-11 21:06:58 INFO  ManagerTask:93 - Received response for reviewId R35P822BAW0TEW for inputIndex 1 for taskType sentimentAnalysis with taskResult 3
LOCAL 2024-02-11 21:06:58 INFO  ManagerTask:117 - Updated summary message for reviewId R35P822BAW0TEW for inputIndex 1 with sentiment 3 and entities 
LOCAL 2024-02-11 21:06:58 INFO  SQSHandler:73 - Sent message to https://sqs.us-east-1.amazonaws.com/767398090493/workerToManagerQueue
LOCAL 2024-02-11 21:06:58 INFO  SQSHandler:93 - Deleted message from https://sqs.us-east-1.amazonaws.com/767398090493/workerToManagerQueue
LOCAL 2024-02-11 21:06:58 INFO  ManagerTask:122 - Completed tasks 7 out of 40 for local app 8f0356aad452aa45 for inputIndex 1
LOCAL 2024-02-11 21:06:58 INFO  ManagerTask:93 - Received response for reviewId RTCQYW9LFP4NU for inputIndex 1 for taskType entityRecognition with taskResult 
LOCAL 2024-02-11 21:06:58 INFO  SQSHandler:73 - Sent message to https://sqs.us-east-1.amazonaws.com/767398090493/workerToManagerQueue
LOCAL 2024-02-11 21:06:58 INFO  ManagerTask:93 - Received response for reviewId RJ62XWHGDIF7 for inputIndex 0 for taskType sentimentAnalysis with taskResult 2
LOCAL 2024-02-11 21:06:58 INFO  SQSHandler:93 - Deleted message from https://sqs.us-east-1.amazonaws.com/767398090493/workerToManagerQueue
LOCAL 2024-02-11 21:06:58 INFO  ManagerTask:122 - Completed tasks 8 out of 40 for local app 8f0356aad452aa45 for inputIndex 1
LOCAL 2024-02-11 21:06:58 INFO  ManagerTask:93 - Received response for reviewId RPURVNKU8YWTS for inputIndex 1 for taskType entityRecognition with taskResult 
LOCAL 2024-02-11 21:06:58 INFO  SQSHandler:93 - Deleted message from https://sqs.us-east-1.amazonaws.com/767398090493/workerToManagerQueue
LOCAL 2024-02-11 21:06:58 INFO  ManagerTask:122 - Completed tasks 23 out of 40 for local app 8f0356aad452aa45 for inputIndex 0
LOCAL 2024-02-11 21:06:58 INFO  SQSHandler:93 - Deleted message from https://sqs.us-east-1.amazonaws.com/767398090493/workerToManagerQueue
LOCAL 2024-02-11 21:06:58 INFO  ManagerTask:122 - Completed tasks 9 out of 40 for local app 8f0356aad452aa45 for inputIndex 1
LOCAL 2024-02-11 21:06:58 INFO  SQSHandler:73 - Sent message to https://sqs.us-east-1.amazonaws.com/767398090493/workerToManagerQueue
LOCAL 2024-02-11 21:06:59 INFO  SQSHandler:73 - Sent message to https://sqs.us-east-1.amazonaws.com/767398090493/workerToManagerQueue
LOCAL 2024-02-11 21:06:59 INFO  ManagerTask:93 - Received response for reviewId R2OJAJRDONJ956 for inputIndex 1 for taskType sentimentAnalysis with taskResult 3
LOCAL 2024-02-11 21:06:59 INFO  SQSHandler:73 - Sent message to https://sqs.us-east-1.amazonaws.com/767398090493/workerToManagerQueue
LOCAL 2024-02-11 21:06:59 INFO  SQSHandler:93 - Deleted message from https://sqs.us-east-1.amazonaws.com/767398090493/workerToManagerQueue
LOCAL 2024-02-11 21:06:59 INFO  ManagerTask:122 - Completed tasks 10 out of 40 for local app 8f0356aad452aa45 for inputIndex 1
LOCAL 2024-02-11 21:06:59 INFO  ManagerTask:93 - Received response for reviewId R82DFHHKNJGR0 for inputIndex 1 for taskType entityRecognition with taskResult 
LOCAL 2024-02-11 21:06:59 INFO  SQSHandler:73 - Sent message to https://sqs.us-east-1.amazonaws.com/767398090493/workerToManagerQueue
LOCAL 2024-02-11 21:06:59 INFO  ManagerTask:93 - Received response for reviewId R366N97DLUODS7 for inputIndex 0 for taskType sentimentAnalysis with taskResult 2
LOCAL 2024-02-11 21:06:59 INFO  ManagerTask:117 - Updated summary message for reviewId R366N97DLUODS7 for inputIndex 0 with sentiment 2 and entities 
LOCAL 2024-02-11 21:06:59 INFO  SQSHandler:93 - Deleted message from https://sqs.us-east-1.amazonaws.com/767398090493/workerToManagerQueue
LOCAL 2024-02-11 21:06:59 INFO  SQSHandler:93 - Deleted message from https://sqs.us-east-1.amazonaws.com/767398090493/workerToManagerQueue
LOCAL 2024-02-11 21:06:59 INFO  ManagerTask:122 - Completed tasks 11 out of 40 for local app 8f0356aad452aa45 for inputIndex 1
LOCAL 2024-02-11 21:06:59 INFO  ManagerTask:122 - Completed tasks 24 out of 40 for local app 8f0356aad452aa45 for inputIndex 0
LOCAL 2024-02-11 21:06:59 INFO  ManagerTask:93 - Received response for reviewId R248WNDI9KORMN for inputIndex 1 for taskType entityRecognition with taskResult Gummi: PERSON, Bears: PERSON
LOCAL 2024-02-11 21:06:59 INFO  SQSHandler:93 - Deleted message from https://sqs.us-east-1.amazonaws.com/767398090493/workerToManagerQueue
LOCAL 2024-02-11 21:06:59 INFO  ManagerTask:122 - Completed tasks 12 out of 40 for local app 8f0356aad452aa45 for inputIndex 1
LOCAL 2024-02-11 21:06:59 INFO  ManagerTask:93 - Received response for reviewId RGAST6Q7TRKA4 for inputIndex 1 for taskType sentimentAnalysis with taskResult 3
LOCAL 2024-02-11 21:06:59 INFO  SQSHandler:73 - Sent message to https://sqs.us-east-1.amazonaws.com/767398090493/workerToManagerQueue
LOCAL 2024-02-11 21:06:59 INFO  ManagerTask:93 - Received response for reviewId R3MRIY8FUDOYHU for inputIndex 0 for taskType sentimentAnalysis with taskResult 2
LOCAL 2024-02-11 21:06:59 INFO  ManagerTask:117 - Updated summary message for reviewId R3MRIY8FUDOYHU for inputIndex 0 with sentiment 2 and entities Katz: PERSON, Karen: PERSON, Katz: PERSON, Katz: PERSON
LOCAL 2024-02-11 21:06:59 INFO  SQSHandler:93 - Deleted message from https://sqs.us-east-1.amazonaws.com/767398090493/workerToManagerQueue
LOCAL 2024-02-11 21:06:59 INFO  ManagerTask:122 - Completed tasks 13 out of 40 for local app 8f0356aad452aa45 for inputIndex 1
LOCAL 2024-02-11 21:06:59 INFO  SQSHandler:93 - Deleted message from https://sqs.us-east-1.amazonaws.com/767398090493/workerToManagerQueue
LOCAL 2024-02-11 21:06:59 INFO  ManagerTask:122 - Completed tasks 25 out of 40 for local app 8f0356aad452aa45 for inputIndex 0
LOCAL 2024-02-11 21:07:00 INFO  SQSHandler:73 - Sent message to https://sqs.us-east-1.amazonaws.com/767398090493/workerToManagerQueue
LOCAL 2024-02-11 21:07:00 INFO  ManagerTask:93 - Received response for reviewId RPURVNKU8YWTS for inputIndex 1 for taskType sentimentAnalysis with taskResult 2
LOCAL 2024-02-11 21:07:00 INFO  ManagerTask:117 - Updated summary message for reviewId RPURVNKU8YWTS for inputIndex 1 with sentiment 2 and entities 
LOCAL 2024-02-11 21:07:00 INFO  SQSHandler:73 - Sent message to https://sqs.us-east-1.amazonaws.com/767398090493/workerToManagerQueue
LOCAL 2024-02-11 21:07:00 INFO  ManagerTask:93 - Received response for reviewId RJ62XWHGDIF7 for inputIndex 0 for taskType entityRecognition with taskResult 
LOCAL 2024-02-11 21:07:00 INFO  ManagerTask:117 - Updated summary message for reviewId RJ62XWHGDIF7 for inputIndex 0 with sentiment 2 and entities 
LOCAL 2024-02-11 21:07:00 INFO  SQSHandler:93 - Deleted message from https://sqs.us-east-1.amazonaws.com/767398090493/workerToManagerQueue
LOCAL 2024-02-11 21:07:00 INFO  ManagerTask:122 - Completed tasks 14 out of 40 for local app 8f0356aad452aa45 for inputIndex 1
LOCAL 2024-02-11 21:07:00 INFO  ManagerTask:93 - Received response for reviewId R2I4MYU1IT5IJ for inputIndex 1 for taskType entityRecognition with taskResult 
LOCAL 2024-02-11 21:07:00 INFO  SQSHandler:93 - Deleted message from https://sqs.us-east-1.amazonaws.com/767398090493/workerToManagerQueue
LOCAL 2024-02-11 21:07:00 INFO  ManagerTask:122 - Completed tasks 26 out of 40 for local app 8f0356aad452aa45 for inputIndex 0
LOCAL 2024-02-11 21:07:00 INFO  SQSHandler:93 - Deleted message from https://sqs.us-east-1.amazonaws.com/767398090493/workerToManagerQueue
LOCAL 2024-02-11 21:07:00 INFO  ManagerTask:122 - Completed tasks 15 out of 40 for local app 8f0356aad452aa45 for inputIndex 1
LOCAL 2024-02-11 21:07:00 INFO  SQSHandler:73 - Sent message to https://sqs.us-east-1.amazonaws.com/767398090493/workerToManagerQueue
LOCAL 2024-02-11 21:07:00 INFO  ManagerTask:93 - Received response for reviewId R367OTNJ8I36FS for inputIndex 0 for taskType entityRecognition with taskResult 
LOCAL 2024-02-11 21:07:00 INFO  Manager:51 - Polling tasks from 1 local app queues
LOCAL 2024-02-11 21:07:00 INFO  SQSHandler:93 - Deleted message from https://sqs.us-east-1.amazonaws.com/767398090493/workerToManagerQueue
LOCAL 2024-02-11 21:07:00 INFO  ManagerTask:122 - Completed tasks 27 out of 40 for local app 8f0356aad452aa45 for inputIndex 0
LOCAL 2024-02-11 21:07:00 INFO  SQSHandler:73 - Sent message to https://sqs.us-east-1.amazonaws.com/767398090493/workerToManagerQueue
LOCAL 2024-02-11 21:07:00 INFO  ManagerTask:93 - Received response for reviewId R1L8O7RM8DD6J3 for inputIndex 0 for taskType entityRecognition with taskResult 
LOCAL 2024-02-11 21:07:01 INFO  SQSHandler:93 - Deleted message from https://sqs.us-east-1.amazonaws.com/767398090493/workerToManagerQueue
LOCAL 2024-02-11 21:07:01 INFO  ManagerTask:122 - Completed tasks 28 out of 40 for local app 8f0356aad452aa45 for inputIndex 0
LOCAL 2024-02-11 21:07:01 INFO  SQSHandler:73 - Sent message to https://sqs.us-east-1.amazonaws.com/767398090493/workerToManagerQueue
LOCAL 2024-02-11 21:07:01 INFO  SQSHandler:73 - Sent message to https://sqs.us-east-1.amazonaws.com/767398090493/workerToManagerQueue
LOCAL 2024-02-11 21:07:01 INFO  SQSHandler:73 - Sent message to https://sqs.us-east-1.amazonaws.com/767398090493/workerToManagerQueue
LOCAL 2024-02-11 21:07:01 INFO  SQSHandler:73 - Sent message to https://sqs.us-east-1.amazonaws.com/767398090493/workerToManagerQueue
LOCAL 2024-02-11 21:07:02 INFO  SQSHandler:73 - Sent message to https://sqs.us-east-1.amazonaws.com/767398090493/workerToManagerQueue
LOCAL 2024-02-11 21:07:02 INFO  SQSHandler:73 - Sent message to https://sqs.us-east-1.amazonaws.com/767398090493/workerToManagerQueue
LOCAL 2024-02-11 21:07:02 INFO  SQSHandler:73 - Sent message to https://sqs.us-east-1.amazonaws.com/767398090493/workerToManagerQueue
LOCAL 2024-02-11 21:07:02 INFO  SQSHandler:73 - Sent message to https://sqs.us-east-1.amazonaws.com/767398090493/workerToManagerQueue
LOCAL 2024-02-11 21:07:02 INFO  SQSHandler:73 - Sent message to https://sqs.us-east-1.amazonaws.com/767398090493/workerToManagerQueue
LOCAL 2024-02-11 21:07:02 INFO  SQSHandler:73 - Sent message to https://sqs.us-east-1.amazonaws.com/767398090493/workerToManagerQueue
LOCAL 2024-02-11 21:07:02 INFO  ManagerTask:93 - Received response for reviewId RB9QK3F6SUQPU for inputIndex 0 for taskType sentimentAnalysis with taskResult 4
LOCAL 2024-02-11 21:07:02 INFO  ManagerTask:117 - Updated summary message for reviewId RB9QK3F6SUQPU for inputIndex 0 with sentiment 4 and entities 
LOCAL 2024-02-11 21:07:02 INFO  ManagerTask:93 - Received response for reviewId R82DFHHKNJGR0 for inputIndex 1 for taskType sentimentAnalysis with taskResult 4
LOCAL 2024-02-11 21:07:02 INFO  ManagerTask:117 - Updated summary message for reviewId R82DFHHKNJGR0 for inputIndex 1 with sentiment 4 and entities 
LOCAL 2024-02-11 21:07:03 INFO  SQSHandler:93 - Deleted message from https://sqs.us-east-1.amazonaws.com/767398090493/workerToManagerQueue
LOCAL 2024-02-11 21:07:03 INFO  ManagerTask:122 - Completed tasks 29 out of 40 for local app 8f0356aad452aa45 for inputIndex 0
LOCAL 2024-02-11 21:07:03 INFO  SQSHandler:73 - Sent message to https://sqs.us-east-1.amazonaws.com/767398090493/workerToManagerQueue
LOCAL 2024-02-11 21:07:03 INFO  SQSHandler:73 - Sent message to https://sqs.us-east-1.amazonaws.com/767398090493/workerToManagerQueue
LOCAL 2024-02-11 21:07:03 INFO  ManagerTask:93 - Received response for reviewId RSO743RDYVWTZ for inputIndex 0 for taskType sentimentAnalysis with taskResult 2
LOCAL 2024-02-11 21:07:03 INFO  ManagerTask:117 - Updated summary message for reviewId RSO743RDYVWTZ for inputIndex 0 with sentiment 2 and entities 
LOCAL 2024-02-11 21:07:03 INFO  SQSHandler:93 - Deleted message from https://sqs.us-east-1.amazonaws.com/767398090493/workerToManagerQueue
LOCAL 2024-02-11 21:07:03 INFO  ManagerTask:122 - Completed tasks 30 out of 40 for local app 8f0356aad452aa45 for inputIndex 0
LOCAL 2024-02-11 21:07:03 INFO  SQSHandler:93 - Deleted message from https://sqs.us-east-1.amazonaws.com/767398090493/workerToManagerQueue
LOCAL 2024-02-11 21:07:03 INFO  ManagerTask:122 - Completed tasks 16 out of 40 for local app 8f0356aad452aa45 for inputIndex 1
LOCAL 2024-02-11 21:07:03 INFO  Manager:51 - Polling tasks from 1 local app queues
LOCAL 2024-02-11 21:07:03 INFO  SQSHandler:73 - Sent message to https://sqs.us-east-1.amazonaws.com/767398090493/workerToManagerQueue
LOCAL 2024-02-11 21:07:03 INFO  ManagerTask:93 - Received response for reviewId R1RUXYHCSZSHJ0 for inputIndex 0 for taskType entityRecognition with taskResult 
LOCAL 2024-02-11 21:07:03 INFO  ManagerTask:117 - Updated summary message for reviewId R1RUXYHCSZSHJ0 for inputIndex 0 with sentiment 2 and entities 
LOCAL 2024-02-11 21:07:04 INFO  SQSHandler:93 - Deleted message from https://sqs.us-east-1.amazonaws.com/767398090493/workerToManagerQueue
LOCAL 2024-02-11 21:07:04 INFO  ManagerTask:122 - Completed tasks 31 out of 40 for local app 8f0356aad452aa45 for inputIndex 0
LOCAL 2024-02-11 21:07:04 INFO  SQSHandler:73 - Sent message to https://sqs.us-east-1.amazonaws.com/767398090493/workerToManagerQueue
LOCAL 2024-02-11 21:07:04 INFO  ManagerTask:93 - Received response for reviewId RJ1ACTUJ9GHIA for inputIndex 1 for taskType sentimentAnalysis with taskResult 1
LOCAL 2024-02-11 21:07:04 INFO  SQSHandler:73 - Sent message to https://sqs.us-east-1.amazonaws.com/767398090493/workerToManagerQueue
LOCAL 2024-02-11 21:07:04 INFO  SQSHandler:93 - Deleted message from https://sqs.us-east-1.amazonaws.com/767398090493/workerToManagerQueue
LOCAL 2024-02-11 21:07:04 INFO  ManagerTask:122 - Completed tasks 17 out of 40 for local app 8f0356aad452aa45 for inputIndex 1
LOCAL 2024-02-11 21:07:04 INFO  ManagerTask:93 - Received response for reviewId RP1Q8KK6ZJAK0 for inputIndex 1 for taskType entityRecognition with taskResult 
LOCAL 2024-02-11 21:07:04 INFO  SQSHandler:73 - Sent message to https://sqs.us-east-1.amazonaws.com/767398090493/workerToManagerQueue
LOCAL 2024-02-11 21:07:04 INFO  ManagerTask:93 - Received response for reviewId R1L8O7RM8DD6J3 for inputIndex 0 for taskType sentimentAnalysis with taskResult 1
LOCAL 2024-02-11 21:07:04 INFO  ManagerTask:117 - Updated summary message for reviewId R1L8O7RM8DD6J3 for inputIndex 0 with sentiment 1 and entities 
LOCAL 2024-02-11 21:07:04 INFO  SQSHandler:93 - Deleted message from https://sqs.us-east-1.amazonaws.com/767398090493/workerToManagerQueue
LOCAL 2024-02-11 21:07:04 INFO  ManagerTask:122 - Completed tasks 32 out of 40 for local app 8f0356aad452aa45 for inputIndex 0
LOCAL 2024-02-11 21:07:04 INFO  SQSHandler:93 - Deleted message from https://sqs.us-east-1.amazonaws.com/767398090493/workerToManagerQueue
LOCAL 2024-02-11 21:07:04 INFO  ManagerTask:122 - Completed tasks 18 out of 40 for local app 8f0356aad452aa45 for inputIndex 1
LOCAL 2024-02-11 21:07:04 INFO  ManagerTask:93 - Received response for reviewId RJ1ACTUJ9GHIA for inputIndex 1 for taskType entityRecognition with taskResult 
LOCAL 2024-02-11 21:07:04 INFO  ManagerTask:117 - Updated summary message for reviewId RJ1ACTUJ9GHIA for inputIndex 1 with sentiment 1 and entities 
LOCAL 2024-02-11 21:07:05 INFO  SQSHandler:73 - Sent message to https://sqs.us-east-1.amazonaws.com/767398090493/workerToManagerQueue
LOCAL 2024-02-11 21:07:05 INFO  ManagerTask:93 - Received response for reviewId R8OWCLDI0GGL0 for inputIndex 0 for taskType entityRecognition with taskResult Karen: PERSON, Katz: PERSON
LOCAL 2024-02-11 21:07:05 INFO  ManagerTask:117 - Updated summary message for reviewId R8OWCLDI0GGL0 for inputIndex 0 with sentiment 4 and entities Karen: PERSON, Katz: PERSON
LOCAL 2024-02-11 21:07:05 INFO  SQSHandler:93 - Deleted message from https://sqs.us-east-1.amazonaws.com/767398090493/workerToManagerQueue
LOCAL 2024-02-11 21:07:05 INFO  ManagerTask:122 - Completed tasks 33 out of 40 for local app 8f0356aad452aa45 for inputIndex 0
LOCAL 2024-02-11 21:07:05 INFO  ManagerTask:93 - Received response for reviewId R3DHV2T9Q991V7 for inputIndex 0 for taskType entityRecognition with taskResult 
LOCAL 2024-02-11 21:07:05 INFO  ManagerTask:117 - Updated summary message for reviewId R3DHV2T9Q991V7 for inputIndex 0 with sentiment 4 and entities 
LOCAL 2024-02-11 21:07:05 INFO  SQSHandler:93 - Deleted message from https://sqs.us-east-1.amazonaws.com/767398090493/workerToManagerQueue
LOCAL 2024-02-11 21:07:05 INFO  ManagerTask:122 - Completed tasks 19 out of 40 for local app 8f0356aad452aa45 for inputIndex 1
LOCAL 2024-02-11 21:07:05 INFO  ManagerTask:93 - Received response for reviewId RTCQYW9LFP4NU for inputIndex 1 for taskType sentimentAnalysis with taskResult 2
LOCAL 2024-02-11 21:07:05 INFO  ManagerTask:117 - Updated summary message for reviewId RTCQYW9LFP4NU for inputIndex 1 with sentiment 2 and entities 
LOCAL 2024-02-11 21:07:05 INFO  SQSHandler:93 - Deleted message from https://sqs.us-east-1.amazonaws.com/767398090493/workerToManagerQueue
LOCAL 2024-02-11 21:07:05 INFO  ManagerTask:122 - Completed tasks 34 out of 40 for local app 8f0356aad452aa45 for inputIndex 0
LOCAL 2024-02-11 21:07:05 INFO  ManagerTask:93 - Received response for reviewId R3P2KOXRF7Z400 for inputIndex 0 for taskType entityRecognition with taskResult 
LOCAL 2024-02-11 21:07:05 INFO  ManagerTask:117 - Updated summary message for reviewId R3P2KOXRF7Z400 for inputIndex 0 with sentiment 3 and entities 
LOCAL 2024-02-11 21:07:05 INFO  SQSHandler:93 - Deleted message from https://sqs.us-east-1.amazonaws.com/767398090493/workerToManagerQueue
LOCAL 2024-02-11 21:07:05 INFO  ManagerTask:122 - Completed tasks 35 out of 40 for local app 8f0356aad452aa45 for inputIndex 0
LOCAL 2024-02-11 21:07:05 INFO  ManagerTask:93 - Received response for reviewId R1IKZK5S0DCKZ0 for inputIndex 0 for taskType sentimentAnalysis with taskResult 3
LOCAL 2024-02-11 21:07:05 INFO  ManagerTask:117 - Updated summary message for reviewId R1IKZK5S0DCKZ0 for inputIndex 0 with sentiment 3 and entities Karen: PERSON, Katz: PERSON
LOCAL 2024-02-11 21:07:05 INFO  SQSHandler:93 - Deleted message from https://sqs.us-east-1.amazonaws.com/767398090493/workerToManagerQueue
LOCAL 2024-02-11 21:07:05 INFO  ManagerTask:122 - Completed tasks 20 out of 40 for local app 8f0356aad452aa45 for inputIndex 1
LOCAL 2024-02-11 21:07:05 INFO  SQSHandler:93 - Deleted message from https://sqs.us-east-1.amazonaws.com/767398090493/workerToManagerQueue
LOCAL 2024-02-11 21:07:05 INFO  ManagerTask:122 - Completed tasks 36 out of 40 for local app 8f0356aad452aa45 for inputIndex 0
LOCAL 2024-02-11 21:07:05 INFO  ManagerTask:93 - Received response for reviewId RGMH5ROASTBS8 for inputIndex 0 for taskType sentimentAnalysis with taskResult 3
LOCAL 2024-02-11 21:07:05 INFO  ManagerTask:117 - Updated summary message for reviewId RGMH5ROASTBS8 for inputIndex 0 with sentiment 3 and entities 
LOCAL 2024-02-11 21:07:05 INFO  SQSHandler:93 - Deleted message from https://sqs.us-east-1.amazonaws.com/767398090493/workerToManagerQueue
LOCAL 2024-02-11 21:07:05 INFO  ManagerTask:122 - Completed tasks 37 out of 40 for local app 8f0356aad452aa45 for inputIndex 0
LOCAL 2024-02-11 21:07:06 INFO  SQSHandler:73 - Sent message to https://sqs.us-east-1.amazonaws.com/767398090493/workerToManagerQueue
LOCAL 2024-02-11 21:07:06 INFO  ManagerTask:93 - Received response for reviewId R3GCFAIUL8BI3Y for inputIndex 0 for taskType entityRecognition with taskResult 
LOCAL 2024-02-11 21:07:06 INFO  ManagerTask:117 - Updated summary message for reviewId R3GCFAIUL8BI3Y for inputIndex 0 with sentiment 4 and entities 
LOCAL 2024-02-11 21:07:06 INFO  SQSHandler:93 - Deleted message from https://sqs.us-east-1.amazonaws.com/767398090493/workerToManagerQueue
LOCAL 2024-02-11 21:07:06 INFO  ManagerTask:122 - Completed tasks 38 out of 40 for local app 8f0356aad452aa45 for inputIndex 0
LOCAL 2024-02-11 21:07:06 INFO  ManagerTask:93 - Received response for reviewId R367OTNJ8I36FS for inputIndex 0 for taskType sentimentAnalysis with taskResult 3
LOCAL 2024-02-11 21:07:06 INFO  ManagerTask:117 - Updated summary message for reviewId R367OTNJ8I36FS for inputIndex 0 with sentiment 3 and entities 
LOCAL 2024-02-11 21:07:06 INFO  ManagerTask:93 - Received response for reviewId R25Z5IPKQQBRQN for inputIndex 1 for taskType entityRecognition with taskResult 
LOCAL 2024-02-11 21:07:06 INFO  SQSHandler:93 - Deleted message from https://sqs.us-east-1.amazonaws.com/767398090493/workerToManagerQueue
LOCAL 2024-02-11 21:07:06 INFO  ManagerTask:122 - Completed tasks 39 out of 40 for local app 8f0356aad452aa45 for inputIndex 0
LOCAL 2024-02-11 21:07:06 INFO  SQSHandler:73 - Sent message to https://sqs.us-east-1.amazonaws.com/767398090493/workerToManagerQueue
LOCAL 2024-02-11 21:07:06 INFO  SQSHandler:73 - Sent message to https://sqs.us-east-1.amazonaws.com/767398090493/workerToManagerQueue
LOCAL 2024-02-11 21:07:06 INFO  SQSHandler:93 - Deleted message from https://sqs.us-east-1.amazonaws.com/767398090493/workerToManagerQueue
LOCAL 2024-02-11 21:07:06 INFO  ManagerTask:122 - Completed tasks 21 out of 40 for local app 8f0356aad452aa45 for inputIndex 1
LOCAL 2024-02-11 21:07:06 INFO  ManagerTask:93 - Received response for reviewId R11CRDLQ8ID6MM for inputIndex 1 for taskType sentimentAnalysis with taskResult 2
LOCAL 2024-02-11 21:07:06 INFO  Manager:51 - Polling tasks from 1 local app queues
LOCAL 2024-02-11 21:07:07 INFO  SQSHandler:73 - Sent message to https://sqs.us-east-1.amazonaws.com/767398090493/workerToManagerQueue
LOCAL 2024-02-11 21:07:07 INFO  Manager:61 - Received 0 requests
LOCAL 2024-02-11 21:07:07 INFO  SQSHandler:93 - Deleted message from https://sqs.us-east-1.amazonaws.com/767398090493/workerToManagerQueue
LOCAL 2024-02-11 21:07:07 INFO  ManagerTask:122 - Completed tasks 22 out of 40 for local app 8f0356aad452aa45 for inputIndex 1
LOCAL 2024-02-11 21:07:07 INFO  ManagerTask:93 - Received response for reviewId R2OJAJRDONJ956 for inputIndex 1 for taskType entityRecognition with taskResult 
LOCAL 2024-02-11 21:07:07 INFO  ManagerTask:117 - Updated summary message for reviewId R2OJAJRDONJ956 for inputIndex 1 with sentiment 3 and entities 
LOCAL 2024-02-11 21:07:07 INFO  SQSHandler:73 - Sent message to https://sqs.us-east-1.amazonaws.com/767398090493/workerToManagerQueue
LOCAL 2024-02-11 21:07:07 INFO  SQSHandler:93 - Deleted message from https://sqs.us-east-1.amazonaws.com/767398090493/workerToManagerQueue
LOCAL 2024-02-11 21:07:07 INFO  ManagerTask:122 - Completed tasks 23 out of 40 for local app 8f0356aad452aa45 for inputIndex 1
LOCAL 2024-02-11 21:07:07 INFO  SQSHandler:73 - Sent message to https://sqs.us-east-1.amazonaws.com/767398090493/workerToManagerQueue
LOCAL 2024-02-11 21:07:08 INFO  SQSHandler:73 - Sent message to https://sqs.us-east-1.amazonaws.com/767398090493/workerToManagerQueue
LOCAL 2024-02-11 21:07:08 INFO  ManagerTask:93 - Received response for reviewId R386EPGNDYSO6 for inputIndex 1 for taskType sentimentAnalysis with taskResult 3
LOCAL 2024-02-11 21:07:08 INFO  SQSHandler:73 - Sent message to https://sqs.us-east-1.amazonaws.com/767398090493/workerToManagerQueue
LOCAL 2024-02-11 21:07:08 INFO  SQSHandler:73 - Sent message to https://sqs.us-east-1.amazonaws.com/767398090493/workerToManagerQueue
LOCAL 2024-02-11 21:07:08 INFO  SQSHandler:93 - Deleted message from https://sqs.us-east-1.amazonaws.com/767398090493/workerToManagerQueue
LOCAL 2024-02-11 21:07:08 INFO  ManagerTask:122 - Completed tasks 24 out of 40 for local app 8f0356aad452aa45 for inputIndex 1
LOCAL 2024-02-11 21:07:08 INFO  SQSHandler:73 - Sent message to https://sqs.us-east-1.amazonaws.com/767398090493/workerToManagerQueue
LOCAL 2024-02-11 21:07:08 INFO  ManagerTask:93 - Received response for reviewId R25Z5IPKQQBRQN for inputIndex 1 for taskType sentimentAnalysis with taskResult 1
LOCAL 2024-02-11 21:07:08 INFO  ManagerTask:117 - Updated summary message for reviewId R25Z5IPKQQBRQN for inputIndex 1 with sentiment 1 and entities 
LOCAL 2024-02-11 21:07:09 INFO  SQSHandler:73 - Sent message to https://sqs.us-east-1.amazonaws.com/767398090493/workerToManagerQueue
LOCAL 2024-02-11 21:07:09 INFO  SQSHandler:93 - Deleted message from https://sqs.us-east-1.amazonaws.com/767398090493/workerToManagerQueue
LOCAL 2024-02-11 21:07:09 INFO  ManagerTask:122 - Completed tasks 25 out of 40 for local app 8f0356aad452aa45 for inputIndex 1
LOCAL 2024-02-11 21:07:09 INFO  SQSHandler:73 - Sent message to https://sqs.us-east-1.amazonaws.com/767398090493/workerToManagerQueue
LOCAL 2024-02-11 21:07:09 INFO  SQSHandler:73 - Sent message to https://sqs.us-east-1.amazonaws.com/767398090493/workerToManagerQueue
LOCAL 2024-02-11 21:07:09 INFO  ManagerTask:93 - Received response for reviewId R3PLCGYS9LYRHZ for inputIndex 1 for taskType sentimentAnalysis with taskResult 2
LOCAL 2024-02-11 21:07:09 INFO  SQSHandler:73 - Sent message to https://sqs.us-east-1.amazonaws.com/767398090493/workerToManagerQueue
LOCAL 2024-02-11 21:07:09 INFO  SQSHandler:73 - Sent message to https://sqs.us-east-1.amazonaws.com/767398090493/workerToManagerQueue
LOCAL 2024-02-11 21:07:10 INFO  SQSHandler:73 - Sent message to https://sqs.us-east-1.amazonaws.com/767398090493/workerToManagerQueue
LOCAL 2024-02-11 21:07:10 INFO  SQSHandler:93 - Deleted message from https://sqs.us-east-1.amazonaws.com/767398090493/workerToManagerQueue
LOCAL 2024-02-11 21:07:10 INFO  ManagerTask:122 - Completed tasks 26 out of 40 for local app 8f0356aad452aa45 for inputIndex 1
LOCAL 2024-02-11 21:07:10 INFO  Manager:51 - Polling tasks from 1 local app queues
LOCAL 2024-02-11 21:07:10 INFO  SQSHandler:73 - Sent message to https://sqs.us-east-1.amazonaws.com/767398090493/workerToManagerQueue
LOCAL 2024-02-11 21:07:10 INFO  SQSHandler:73 - Sent message to https://sqs.us-east-1.amazonaws.com/767398090493/workerToManagerQueue
LOCAL 2024-02-11 21:07:10 INFO  ManagerTask:93 - Received response for reviewId R2VXY3WQWH9Z0F for inputIndex 1 for taskType sentimentAnalysis with taskResult 1
LOCAL 2024-02-11 21:07:10 INFO  ManagerTask:117 - Updated summary message for reviewId R2VXY3WQWH9Z0F for inputIndex 1 with sentiment 1 and entities Haribo: PERSON
LOCAL 2024-02-11 21:07:10 INFO  SQSHandler:73 - Sent message to https://sqs.us-east-1.amazonaws.com/767398090493/workerToManagerQueue
LOCAL 2024-02-11 21:07:10 INFO  ManagerTask:93 - Received response for reviewId R14D3WP6J91DCU for inputIndex 0 for taskType sentimentAnalysis with taskResult 3
LOCAL 2024-02-11 21:07:10 INFO  ManagerTask:117 - Updated summary message for reviewId R14D3WP6J91DCU for inputIndex 0 with sentiment 3 and entities 
LOCAL 2024-02-11 21:07:10 INFO  SQSHandler:93 - Deleted message from https://sqs.us-east-1.amazonaws.com/767398090493/workerToManagerQueue
LOCAL 2024-02-11 21:07:10 INFO  ManagerTask:122 - Completed tasks 40 out of 40 for local app 8f0356aad452aa45 for inputIndex 0
LOCAL 2024-02-11 21:07:10 INFO  SQSHandler:73 - Sent message to https://sqs.us-east-1.amazonaws.com/767398090493/workerToManagerQueue
LOCAL 2024-02-11 21:07:10 INFO  ManagerTask:45 - Received all responses from workers for local app 8f0356aad452aa45 for inputIndex 0
LOCAL 2024-02-11 21:07:11 INFO  SQSHandler:93 - Deleted message from https://sqs.us-east-1.amazonaws.com/767398090493/workerToManagerQueue
LOCAL 2024-02-11 21:07:11 INFO  ManagerTask:122 - Completed tasks 27 out of 40 for local app 8f0356aad452aa45 for inputIndex 1
LOCAL 2024-02-11 21:07:11 INFO  ManagerTask:93 - Received response for reviewId R11CRDLQ8ID6MM for inputIndex 1 for taskType entityRecognition with taskResult Yummy: PERSON, Yummy: PERSON, Yummy: PERSON
LOCAL 2024-02-11 21:07:11 INFO  ManagerTask:117 - Updated summary message for reviewId R11CRDLQ8ID6MM for inputIndex 1 with sentiment 2 and entities Yummy: PERSON, Yummy: PERSON, Yummy: PERSON
LOCAL 2024-02-11 21:07:11 INFO  SQSHandler:93 - Deleted message from https://sqs.us-east-1.amazonaws.com/767398090493/workerToManagerQueue
LOCAL 2024-02-11 21:07:11 INFO  ManagerTask:122 - Completed tasks 28 out of 40 for local app 8f0356aad452aa45 for inputIndex 1
LOCAL 2024-02-11 21:07:11 INFO  ManagerTask:93 - Received response for reviewId R248WNDI9KORMN for inputIndex 1 for taskType sentimentAnalysis with taskResult 2
LOCAL 2024-02-11 21:07:11 INFO  ManagerTask:117 - Updated summary message for reviewId R248WNDI9KORMN for inputIndex 1 with sentiment 2 and entities Gummi: PERSON, Bears: PERSON
LOCAL 2024-02-11 21:07:12 INFO  SQSHandler:93 - Deleted message from https://sqs.us-east-1.amazonaws.com/767398090493/workerToManagerQueue
LOCAL 2024-02-11 21:07:12 INFO  ManagerTask:122 - Completed tasks 29 out of 40 for local app 8f0356aad452aa45 for inputIndex 1
LOCAL 2024-02-11 21:07:12 INFO  S3Handler:52 - Content uploaded to S3 bucket sarcasm-analysis-bucket-8f0356aad452aa45 with key 8f0356aad452aa45-summary-0
LOCAL 2024-02-11 21:07:12 INFO  ManagerTask:93 - Received response for reviewId R1266STJW192AU for inputIndex 1 for taskType sentimentAnalysis with taskResult 1
LOCAL 2024-02-11 21:07:12 INFO  ManagerTask:117 - Updated summary message for reviewId R1266STJW192AU for inputIndex 1 with sentiment 1 and entities 
LOCAL 2024-02-11 21:07:12 INFO  SQSHandler:73 - Sent message to https://sqs.us-east-1.amazonaws.com/767398090493/managerToLocalQueue-8f0356aad452aa45
LOCAL 2024-02-11 21:07:12 INFO  ManagerTask:144 - Uploaded summary file 8f0356aad452aa45-summary-0 to S3 and sent response to local app 8f0356aad452aa45 for inputIndex 0
LOCAL 2024-02-11 21:07:12 INFO  ManagerTask:49 - Finished summary for local app 8f0356aad452aa45 for inputIndex 0
LOCAL 2024-02-11 21:07:12 INFO  ManagerTask:50 - ManagerTask finished for local app 8f0356aad452aa45 for inputIndex 0
LOCAL 2024-02-11 21:07:12 INFO  SQSHandler:93 - Deleted message from https://sqs.us-east-1.amazonaws.com/767398090493/workerToManagerQueue
LOCAL 2024-02-11 21:07:12 INFO  ManagerTask:122 - Completed tasks 30 out of 40 for local app 8f0356aad452aa45 for inputIndex 1
LOCAL 2024-02-11 21:07:12 INFO  ManagerTask:93 - Received response for reviewId RGAST6Q7TRKA4 for inputIndex 1 for taskType entityRecognition with taskResult 
LOCAL 2024-02-11 21:07:12 INFO  ManagerTask:117 - Updated summary message for reviewId RGAST6Q7TRKA4 for inputIndex 1 with sentiment 3 and entities 
LOCAL 2024-02-11 21:07:13 INFO  SQSHandler:93 - Deleted message from https://sqs.us-east-1.amazonaws.com/767398090493/workerToManagerQueue
LOCAL 2024-02-11 21:07:13 INFO  ManagerTask:122 - Completed tasks 31 out of 40 for local app 8f0356aad452aa45 for inputIndex 1
LOCAL 2024-02-11 21:07:13 INFO  ManagerTask:93 - Received response for reviewId R2I4MYU1IT5IJ for inputIndex 1 for taskType sentimentAnalysis with taskResult 3
LOCAL 2024-02-11 21:07:13 INFO  ManagerTask:117 - Updated summary message for reviewId R2I4MYU1IT5IJ for inputIndex 1 with sentiment 3 and entities 
LOCAL 2024-02-11 21:07:13 INFO  Manager:51 - Polling tasks from 1 local app queues
LOCAL 2024-02-11 21:07:13 INFO  SQSHandler:93 - Deleted message from https://sqs.us-east-1.amazonaws.com/767398090493/workerToManagerQueue
LOCAL 2024-02-11 21:07:13 INFO  ManagerTask:122 - Completed tasks 32 out of 40 for local app 8f0356aad452aa45 for inputIndex 1
LOCAL 2024-02-11 21:07:13 INFO  ManagerTask:93 - Received response for reviewId R2IZ8JCDKDN7YL for inputIndex 1 for taskType sentimentAnalysis with taskResult 2
LOCAL 2024-02-11 21:07:13 INFO  SQSHandler:93 - Deleted message from https://sqs.us-east-1.amazonaws.com/767398090493/workerToManagerQueue
LOCAL 2024-02-11 21:07:13 INFO  ManagerTask:122 - Completed tasks 33 out of 40 for local app 8f0356aad452aa45 for inputIndex 1
LOCAL 2024-02-11 21:07:14 INFO  ManagerTask:93 - Received response for reviewId R2NETRFTNAT0D for inputIndex 1 for taskType sentimentAnalysis with taskResult 3
LOCAL 2024-02-11 21:07:14 INFO  SQSHandler:93 - Deleted message from https://sqs.us-east-1.amazonaws.com/767398090493/workerToManagerQueue
LOCAL 2024-02-11 21:07:14 INFO  ManagerTask:122 - Completed tasks 34 out of 40 for local app 8f0356aad452aa45 for inputIndex 1
LOCAL 2024-02-11 21:07:15 INFO  ManagerTask:93 - Received response for reviewId R386EPGNDYSO6 for inputIndex 1 for taskType entityRecognition with taskResult 
LOCAL 2024-02-11 21:07:15 INFO  ManagerTask:117 - Updated summary message for reviewId R386EPGNDYSO6 for inputIndex 1 with sentiment 3 and entities 
LOCAL 2024-02-11 21:07:15 INFO  SQSHandler:93 - Deleted message from https://sqs.us-east-1.amazonaws.com/767398090493/workerToManagerQueue
LOCAL 2024-02-11 21:07:15 INFO  ManagerTask:122 - Completed tasks 35 out of 40 for local app 8f0356aad452aa45 for inputIndex 1
LOCAL 2024-02-11 21:07:15 INFO  ManagerTask:93 - Received response for reviewId R1CKE9Q64Z7CZC for inputIndex 1 for taskType entityRecognition with taskResult 
LOCAL 2024-02-11 21:07:15 INFO  ManagerTask:117 - Updated summary message for reviewId R1CKE9Q64Z7CZC for inputIndex 1 with sentiment 3 and entities 
LOCAL 2024-02-11 21:07:16 INFO  SQSHandler:93 - Deleted message from https://sqs.us-east-1.amazonaws.com/767398090493/workerToManagerQueue
LOCAL 2024-02-11 21:07:16 INFO  ManagerTask:122 - Completed tasks 36 out of 40 for local app 8f0356aad452aa45 for inputIndex 1
LOCAL 2024-02-11 21:07:16 INFO  ManagerTask:93 - Received response for reviewId R3PLCGYS9LYRHZ for inputIndex 1 for taskType entityRecognition with taskResult 
LOCAL 2024-02-11 21:07:16 INFO  ManagerTask:117 - Updated summary message for reviewId R3PLCGYS9LYRHZ for inputIndex 1 with sentiment 2 and entities 
LOCAL 2024-02-11 21:07:16 INFO  SQSHandler:93 - Deleted message from https://sqs.us-east-1.amazonaws.com/767398090493/workerToManagerQueue
LOCAL 2024-02-11 21:07:16 INFO  Manager:51 - Polling tasks from 1 local app queues
LOCAL 2024-02-11 21:07:16 INFO  ManagerTask:122 - Completed tasks 37 out of 40 for local app 8f0356aad452aa45 for inputIndex 1
LOCAL 2024-02-11 21:07:16 INFO  ManagerTask:93 - Received response for reviewId R2NETRFTNAT0D for inputIndex 1 for taskType entityRecognition with taskResult 
LOCAL 2024-02-11 21:07:16 INFO  ManagerTask:117 - Updated summary message for reviewId R2NETRFTNAT0D for inputIndex 1 with sentiment 3 and entities 
LOCAL 2024-02-11 21:07:16 INFO  SQSHandler:93 - Deleted message from https://sqs.us-east-1.amazonaws.com/767398090493/workerToManagerQueue
LOCAL 2024-02-11 21:07:16 INFO  ManagerTask:122 - Completed tasks 38 out of 40 for local app 8f0356aad452aa45 for inputIndex 1
LOCAL 2024-02-11 21:07:17 INFO  ManagerTask:93 - Received response for reviewId R2IZ8JCDKDN7YL for inputIndex 1 for taskType entityRecognition with taskResult 
LOCAL 2024-02-11 21:07:17 INFO  ManagerTask:117 - Updated summary message for reviewId R2IZ8JCDKDN7YL for inputIndex 1 with sentiment 2 and entities 
LOCAL 2024-02-11 21:07:17 INFO  SQSHandler:93 - Deleted message from https://sqs.us-east-1.amazonaws.com/767398090493/workerToManagerQueue
LOCAL 2024-02-11 21:07:17 INFO  ManagerTask:122 - Completed tasks 39 out of 40 for local app 8f0356aad452aa45 for inputIndex 1
LOCAL 2024-02-11 21:07:17 INFO  ManagerTask:93 - Received response for reviewId RP1Q8KK6ZJAK0 for inputIndex 1 for taskType sentimentAnalysis with taskResult 3
LOCAL 2024-02-11 21:07:17 INFO  ManagerTask:117 - Updated summary message for reviewId RP1Q8KK6ZJAK0 for inputIndex 1 with sentiment 3 and entities 
LOCAL 2024-02-11 21:07:17 INFO  SQSHandler:93 - Deleted message from https://sqs.us-east-1.amazonaws.com/767398090493/workerToManagerQueue
LOCAL 2024-02-11 21:07:17 INFO  ManagerTask:122 - Completed tasks 40 out of 40 for local app 8f0356aad452aa45 for inputIndex 1
LOCAL 2024-02-11 21:07:17 INFO  ManagerTask:45 - Received all responses from workers for local app 8f0356aad452aa45 for inputIndex 1
LOCAL 2024-02-11 21:07:17 INFO  S3Handler:52 - Content uploaded to S3 bucket sarcasm-analysis-bucket-8f0356aad452aa45 with key 8f0356aad452aa45-summary-1
LOCAL 2024-02-11 21:07:18 INFO  SQSHandler:73 - Sent message to https://sqs.us-east-1.amazonaws.com/767398090493/managerToLocalQueue-8f0356aad452aa45
LOCAL 2024-02-11 21:07:18 INFO  ManagerTask:144 - Uploaded summary file 8f0356aad452aa45-summary-1 to S3 and sent response to local app 8f0356aad452aa45 for inputIndex 1
LOCAL 2024-02-11 21:07:18 INFO  ManagerTask:49 - Finished summary for local app 8f0356aad452aa45 for inputIndex 1
LOCAL 2024-02-11 21:07:18 INFO  ManagerTask:50 - ManagerTask finished for local app 8f0356aad452aa45 for inputIndex 1
LOCAL 2024-02-11 21:07:19 INFO  Manager:51 - Polling tasks from 1 local app queues
LOCAL 2024-02-11 21:07:22 INFO  Manager:51 - Polling tasks from 1 local app queues
LOCAL 2024-02-11 21:07:25 INFO  Manager:51 - Polling tasks from 1 local app queues
LOCAL 2024-02-11 21:07:27 INFO  Manager:61 - Received 0 requests
LOCAL 2024-02-11 21:07:29 INFO  Manager:51 - Polling tasks from 1 local app queues
LOCAL 2024-02-11 21:07:32 INFO  Manager:51 - Polling tasks from 1 local app queues
LOCAL 2024-02-11 21:07:35 INFO  Manager:51 - Polling tasks from 1 local app queues
LOCAL 2024-02-11 21:07:38 INFO  Manager:51 - Polling tasks from 1 local app queues
LOCAL 2024-02-11 21:07:41 INFO  Manager:51 - Polling tasks from 1 local app queues
LOCAL 2024-02-11 21:07:44 INFO  Manager:51 - Polling tasks from 1 local app queues
LOCAL 2024-02-11 21:07:48 INFO  Manager:51 - Polling tasks from 1 local app queues
LOCAL 2024-02-11 21:07:51 INFO  Manager:51 - Polling tasks from 1 local app queues
LOCAL 2024-02-11 21:07:54 INFO  Manager:51 - Polling tasks from 1 local app queues
LOCAL 2024-02-11 21:07:57 INFO  Manager:51 - Polling tasks from 1 local app queues
LOCAL 2024-02-11 21:08:00 INFO  Manager:51 - Polling tasks from 1 local app queues
LOCAL 2024-02-11 21:08:03 INFO  Manager:51 - Polling tasks from 1 local app queues
LOCAL 2024-02-11 21:08:07 INFO  Manager:51 - Polling tasks from 1 local app queues
LOCAL 2024-02-11 21:08:10 INFO  Manager:51 - Polling tasks from 0 local app queues
LOCAL 2024-02-11 21:08:13 INFO  Manager:51 - Polling tasks from 0 local app queues
LOCAL 2024-02-11 21:08:16 INFO  Manager:51 - Polling tasks from 0 local app queues
LOCAL 2024-02-11 21:08:19 INFO  Manager:51 - Polling tasks from 0 local app queues
LOCAL 2024-02-11 21:08:23 INFO  Manager:51 - Polling tasks from 0 local app queues
LOCAL 2024-02-11 21:08:26 INFO  Manager:51 - Polling tasks from 0 local app queues
LOCAL 2024-02-11 21:08:29 INFO  Manager:51 - Polling tasks from 0 local app queues
LOCAL 2024-02-11 21:08:32 INFO  Manager:51 - Polling tasks from 0 local app queues
LOCAL 2024-02-11 21:08:35 INFO  Manager:51 - Polling tasks from 0 local app queues
LOCAL 2024-02-11 21:08:38 INFO  Manager:51 - Polling tasks from 0 local app queues
LOCAL 2024-02-11 21:08:42 INFO  Manager:51 - Polling tasks from 0 local app queues
LOCAL 2024-02-11 21:08:45 INFO  Manager:51 - Polling tasks from 0 local app queues
