LOCAL 2024-02-11 20:38:07 INFO  Manager:19 - Manager started
LOCAL 2024-02-11 20:38:07 INFO  Manager:23 - ManagerEnv created
LOCAL 2024-02-11 20:38:08 INFO  SQSHandler:19 - Queue managerToWorkerQueue created
LOCAL 2024-02-11 20:38:08 INFO  SQSHandler:19 - Queue workerToManagerQueue created
LOCAL 2024-02-11 20:38:14 INFO  Manager:51 - Polling tasks from 0 local app queues
LOCAL 2024-02-11 20:38:33 INFO  Manager:51 - Polling tasks from 0 local app queues
LOCAL 2024-02-11 20:38:42 INFO  Manager:51 - Polling tasks from 0 local app queues
LOCAL 2024-02-11 20:38:50 INFO  Manager:51 - Polling tasks from 0 local app queues
LOCAL 2024-02-11 20:39:37 INFO  Manager:51 - Polling tasks from 1 local app queues
LOCAL 2024-02-11 20:39:41 INFO  Manager:61 - Received 1 requests
LOCAL 2024-02-11 20:39:41 INFO  Manager:84 - Received request: 8ffe4fd3274fa45d::analyze::test-input2.txt::1::10
LOCAL 2024-02-11 20:39:41 INFO  S3Handler:56 - Downloading file test-input2.txt from S3 bucket sarcasm-analysis-bucket-8ffe4fd3274fa45d
LOCAL 2024-02-11 20:39:42 INFO  Manager:111 - Parsed 20 reviews from input file test-input2.txt
LOCAL 2024-02-11 20:39:42 INFO  Manager:153 - Assigning workers
LOCAL 2024-02-11 20:39:43 INFO  EC2Handler:118 - Active workers: 0
LOCAL 2024-02-11 20:39:43 INFO  EC2Handler:99 - Creating worker instance
LOCAL 2024-02-11 20:39:45 INFO  EC2Handler:33 - Successfully started EC2 instance i-004b9d8311d0f2df5 based on AMI ami-00e95a9222311e8ed
LOCAL 2024-02-11 20:39:45 INFO  EC2Handler:99 - Creating worker instance
LOCAL 2024-02-11 20:39:47 INFO  EC2Handler:33 - Successfully started EC2 instance i-0f5c47e4af7c7d3a1 based on AMI ami-00e95a9222311e8ed
LOCAL 2024-02-11 20:39:47 INFO  EC2Handler:99 - Creating worker instance
LOCAL 2024-02-11 20:39:49 INFO  EC2Handler:33 - Successfully started EC2 instance i-09c6a1d0cf9dea862 based on AMI ami-00e95a9222311e8ed
LOCAL 2024-02-11 20:39:49 INFO  EC2Handler:99 - Creating worker instance
LOCAL 2024-02-11 20:39:51 INFO  EC2Handler:33 - Successfully started EC2 instance i-0d8787f3c035f532e based on AMI ami-00e95a9222311e8ed
LOCAL 2024-02-11 20:39:51 INFO  Manager:169 - Workers assigned: 4
LOCAL 2024-02-11 20:39:51 INFO  ManagerTask:37 - ManagerTask started for local app 8ffe4fd3274fa45d for inputIndex 1
LOCAL 2024-02-11 20:39:51 INFO  ManagerTask:54 - Sending tasks to workers for local app 8ffe4fd3274fa45d for inputIndex 1
LOCAL 2024-02-11 20:39:52 INFO  SQSHandler:73 - Sent message to https://sqs.us-east-1.amazonaws.com/767398090493/managerToWorkerQueue
LOCAL 2024-02-11 20:39:52 INFO  SQSHandler:93 - Deleted message from https://sqs.us-east-1.amazonaws.com/767398090493/localToManagerQueue-8ffe4fd3274fa45d
LOCAL 2024-02-11 20:39:53 INFO  SQSHandler:73 - Sent message to https://sqs.us-east-1.amazonaws.com/767398090493/managerToWorkerQueue
LOCAL 2024-02-11 20:39:53 INFO  ManagerTask:71 - Sent tasks for reviewId RJ1ACTUJ9GHIA for local app 8ffe4fd3274fa45d for inputIndex 1
LOCAL 2024-02-11 20:39:53 INFO  ManagerTask:72 - Sent total tasks 2 to workers for local app 8ffe4fd3274fa45d for inputIndex 1
LOCAL 2024-02-11 20:39:53 INFO  SQSHandler:73 - Sent message to https://sqs.us-east-1.amazonaws.com/767398090493/managerToWorkerQueue
LOCAL 2024-02-11 20:39:53 INFO  Manager:61 - Received 1 requests
LOCAL 2024-02-11 20:39:53 INFO  Manager:84 - Received request: 8ffe4fd3274fa45d::analyze::test-input1.txt::0::10
LOCAL 2024-02-11 20:39:53 INFO  S3Handler:56 - Downloading file test-input1.txt from S3 bucket sarcasm-analysis-bucket-8ffe4fd3274fa45d
LOCAL 2024-02-11 20:39:53 INFO  Manager:51 - Polling tasks from 2 local app queues
LOCAL 2024-02-11 20:39:53 INFO  SQSHandler:73 - Sent message to https://sqs.us-east-1.amazonaws.com/767398090493/managerToWorkerQueue
LOCAL 2024-02-11 20:39:53 INFO  ManagerTask:71 - Sent tasks for reviewId R2VXY3WQWH9Z0F for local app 8ffe4fd3274fa45d for inputIndex 1
LOCAL 2024-02-11 20:39:53 INFO  ManagerTask:72 - Sent total tasks 4 to workers for local app 8ffe4fd3274fa45d for inputIndex 1
LOCAL 2024-02-11 20:39:53 INFO  SQSHandler:73 - Sent message to https://sqs.us-east-1.amazonaws.com/767398090493/managerToWorkerQueue
LOCAL 2024-02-11 20:39:53 INFO  SQSHandler:73 - Sent message to https://sqs.us-east-1.amazonaws.com/767398090493/managerToWorkerQueue
LOCAL 2024-02-11 20:39:53 INFO  ManagerTask:71 - Sent tasks for reviewId R2OJAJRDONJ956 for local app 8ffe4fd3274fa45d for inputIndex 1
LOCAL 2024-02-11 20:39:53 INFO  ManagerTask:72 - Sent total tasks 6 to workers for local app 8ffe4fd3274fa45d for inputIndex 1
LOCAL 2024-02-11 20:39:53 INFO  SQSHandler:73 - Sent message to https://sqs.us-east-1.amazonaws.com/767398090493/managerToWorkerQueue
LOCAL 2024-02-11 20:39:54 INFO  SQSHandler:73 - Sent message to https://sqs.us-east-1.amazonaws.com/767398090493/managerToWorkerQueue
LOCAL 2024-02-11 20:39:54 INFO  ManagerTask:71 - Sent tasks for reviewId R1CKE9Q64Z7CZC for local app 8ffe4fd3274fa45d for inputIndex 1
LOCAL 2024-02-11 20:39:54 INFO  ManagerTask:72 - Sent total tasks 8 to workers for local app 8ffe4fd3274fa45d for inputIndex 1
LOCAL 2024-02-11 20:39:54 INFO  Manager:111 - Parsed 20 reviews from input file test-input1.txt
LOCAL 2024-02-11 20:39:54 INFO  Manager:153 - Assigning workers
LOCAL 2024-02-11 20:39:54 INFO  SQSHandler:73 - Sent message to https://sqs.us-east-1.amazonaws.com/767398090493/managerToWorkerQueue
LOCAL 2024-02-11 20:39:54 INFO  SQSHandler:73 - Sent message to https://sqs.us-east-1.amazonaws.com/767398090493/managerToWorkerQueue
LOCAL 2024-02-11 20:39:54 INFO  ManagerTask:71 - Sent tasks for reviewId RP1Q8KK6ZJAK0 for local app 8ffe4fd3274fa45d for inputIndex 1
LOCAL 2024-02-11 20:39:54 INFO  ManagerTask:72 - Sent total tasks 10 to workers for local app 8ffe4fd3274fa45d for inputIndex 1
LOCAL 2024-02-11 20:39:54 INFO  SQSHandler:73 - Sent message to https://sqs.us-east-1.amazonaws.com/767398090493/managerToWorkerQueue
LOCAL 2024-02-11 20:39:54 INFO  SQSHandler:73 - Sent message to https://sqs.us-east-1.amazonaws.com/767398090493/managerToWorkerQueue
LOCAL 2024-02-11 20:39:54 INFO  ManagerTask:71 - Sent tasks for reviewId R35P822BAW0TEW for local app 8ffe4fd3274fa45d for inputIndex 1
LOCAL 2024-02-11 20:39:54 INFO  ManagerTask:72 - Sent total tasks 12 to workers for local app 8ffe4fd3274fa45d for inputIndex 1
LOCAL 2024-02-11 20:39:54 INFO  EC2Handler:118 - Active workers: 4
LOCAL 2024-02-11 20:39:54 INFO  Manager:157 - Enough workers are already active
LOCAL 2024-02-11 20:39:54 INFO  ManagerTask:37 - ManagerTask started for local app 8ffe4fd3274fa45d for inputIndex 0
LOCAL 2024-02-11 20:39:54 INFO  ManagerTask:54 - Sending tasks to workers for local app 8ffe4fd3274fa45d for inputIndex 0
LOCAL 2024-02-11 20:39:54 INFO  SQSHandler:73 - Sent message to https://sqs.us-east-1.amazonaws.com/767398090493/managerToWorkerQueue
LOCAL 2024-02-11 20:39:55 INFO  SQSHandler:73 - Sent message to https://sqs.us-east-1.amazonaws.com/767398090493/managerToWorkerQueue
LOCAL 2024-02-11 20:39:55 INFO  ManagerTask:71 - Sent tasks for reviewId R2IZ8JCDKDN7YL for local app 8ffe4fd3274fa45d for inputIndex 1
LOCAL 2024-02-11 20:39:55 INFO  ManagerTask:72 - Sent total tasks 14 to workers for local app 8ffe4fd3274fa45d for inputIndex 1
LOCAL 2024-02-11 20:39:55 INFO  SQSHandler:73 - Sent message to https://sqs.us-east-1.amazonaws.com/767398090493/managerToWorkerQueue
LOCAL 2024-02-11 20:39:55 INFO  SQSHandler:93 - Deleted message from https://sqs.us-east-1.amazonaws.com/767398090493/localToManagerQueue-8ffe4fd3274fa45d
LOCAL 2024-02-11 20:39:55 INFO  SQSHandler:73 - Sent message to https://sqs.us-east-1.amazonaws.com/767398090493/managerToWorkerQueue
LOCAL 2024-02-11 20:39:55 INFO  SQSHandler:73 - Sent message to https://sqs.us-east-1.amazonaws.com/767398090493/managerToWorkerQueue
LOCAL 2024-02-11 20:39:55 INFO  ManagerTask:71 - Sent tasks for reviewId RJ62XWHGDIF7 for local app 8ffe4fd3274fa45d for inputIndex 0
LOCAL 2024-02-11 20:39:55 INFO  ManagerTask:72 - Sent total tasks 2 to workers for local app 8ffe4fd3274fa45d for inputIndex 0
LOCAL 2024-02-11 20:39:55 INFO  SQSHandler:73 - Sent message to https://sqs.us-east-1.amazonaws.com/767398090493/managerToWorkerQueue
LOCAL 2024-02-11 20:39:55 INFO  ManagerTask:71 - Sent tasks for reviewId R25Z5IPKQQBRQN for local app 8ffe4fd3274fa45d for inputIndex 1
LOCAL 2024-02-11 20:39:55 INFO  ManagerTask:72 - Sent total tasks 16 to workers for local app 8ffe4fd3274fa45d for inputIndex 1
LOCAL 2024-02-11 20:39:55 INFO  SQSHandler:73 - Sent message to https://sqs.us-east-1.amazonaws.com/767398090493/managerToWorkerQueue
LOCAL 2024-02-11 20:39:55 INFO  SQSHandler:73 - Sent message to https://sqs.us-east-1.amazonaws.com/767398090493/managerToWorkerQueue
LOCAL 2024-02-11 20:39:55 INFO  SQSHandler:73 - Sent message to https://sqs.us-east-1.amazonaws.com/767398090493/managerToWorkerQueue
LOCAL 2024-02-11 20:39:55 INFO  ManagerTask:71 - Sent tasks for reviewId RSO743RDYVWTZ for local app 8ffe4fd3274fa45d for inputIndex 0
LOCAL 2024-02-11 20:39:55 INFO  ManagerTask:72 - Sent total tasks 4 to workers for local app 8ffe4fd3274fa45d for inputIndex 0
LOCAL 2024-02-11 20:39:55 INFO  SQSHandler:73 - Sent message to https://sqs.us-east-1.amazonaws.com/767398090493/managerToWorkerQueue
LOCAL 2024-02-11 20:39:55 INFO  ManagerTask:71 - Sent tasks for reviewId R1JDXB8Y4TO3MT for local app 8ffe4fd3274fa45d for inputIndex 1
LOCAL 2024-02-11 20:39:55 INFO  ManagerTask:72 - Sent total tasks 18 to workers for local app 8ffe4fd3274fa45d for inputIndex 1
LOCAL 2024-02-11 20:39:55 INFO  SQSHandler:73 - Sent message to https://sqs.us-east-1.amazonaws.com/767398090493/managerToWorkerQueue
LOCAL 2024-02-11 20:39:55 INFO  SQSHandler:73 - Sent message to https://sqs.us-east-1.amazonaws.com/767398090493/managerToWorkerQueue
LOCAL 2024-02-11 20:39:55 INFO  SQSHandler:73 - Sent message to https://sqs.us-east-1.amazonaws.com/767398090493/managerToWorkerQueue
LOCAL 2024-02-11 20:39:55 INFO  ManagerTask:71 - Sent tasks for reviewId R8OWCLDI0GGL0 for local app 8ffe4fd3274fa45d for inputIndex 0
LOCAL 2024-02-11 20:39:55 INFO  ManagerTask:72 - Sent total tasks 6 to workers for local app 8ffe4fd3274fa45d for inputIndex 0
LOCAL 2024-02-11 20:39:56 INFO  SQSHandler:73 - Sent message to https://sqs.us-east-1.amazonaws.com/767398090493/managerToWorkerQueue
LOCAL 2024-02-11 20:39:56 INFO  ManagerTask:71 - Sent tasks for reviewId RTCQYW9LFP4NU for local app 8ffe4fd3274fa45d for inputIndex 1
LOCAL 2024-02-11 20:39:56 INFO  ManagerTask:72 - Sent total tasks 20 to workers for local app 8ffe4fd3274fa45d for inputIndex 1
LOCAL 2024-02-11 20:39:56 INFO  SQSHandler:73 - Sent message to https://sqs.us-east-1.amazonaws.com/767398090493/managerToWorkerQueue
LOCAL 2024-02-11 20:39:56 INFO  SQSHandler:73 - Sent message to https://sqs.us-east-1.amazonaws.com/767398090493/managerToWorkerQueue
LOCAL 2024-02-11 20:39:56 INFO  SQSHandler:73 - Sent message to https://sqs.us-east-1.amazonaws.com/767398090493/managerToWorkerQueue
LOCAL 2024-02-11 20:39:56 INFO  ManagerTask:71 - Sent tasks for reviewId R33DK4T6EHUIHX for local app 8ffe4fd3274fa45d for inputIndex 0
LOCAL 2024-02-11 20:39:56 INFO  ManagerTask:72 - Sent total tasks 8 to workers for local app 8ffe4fd3274fa45d for inputIndex 0
LOCAL 2024-02-11 20:39:56 INFO  SQSHandler:73 - Sent message to https://sqs.us-east-1.amazonaws.com/767398090493/managerToWorkerQueue
LOCAL 2024-02-11 20:39:56 INFO  ManagerTask:71 - Sent tasks for reviewId RPURVNKU8YWTS for local app 8ffe4fd3274fa45d for inputIndex 1
LOCAL 2024-02-11 20:39:56 INFO  ManagerTask:72 - Sent total tasks 22 to workers for local app 8ffe4fd3274fa45d for inputIndex 1
LOCAL 2024-02-11 20:39:56 INFO  SQSHandler:73 - Sent message to https://sqs.us-east-1.amazonaws.com/767398090493/managerToWorkerQueue
LOCAL 2024-02-11 20:39:56 INFO  SQSHandler:73 - Sent message to https://sqs.us-east-1.amazonaws.com/767398090493/managerToWorkerQueue
LOCAL 2024-02-11 20:39:56 INFO  SQSHandler:73 - Sent message to https://sqs.us-east-1.amazonaws.com/767398090493/managerToWorkerQueue
LOCAL 2024-02-11 20:39:56 INFO  ManagerTask:71 - Sent tasks for reviewId R3DHV2T9Q991V7 for local app 8ffe4fd3274fa45d for inputIndex 0
LOCAL 2024-02-11 20:39:56 INFO  ManagerTask:72 - Sent total tasks 10 to workers for local app 8ffe4fd3274fa45d for inputIndex 0
LOCAL 2024-02-11 20:39:56 INFO  SQSHandler:73 - Sent message to https://sqs.us-east-1.amazonaws.com/767398090493/managerToWorkerQueue
LOCAL 2024-02-11 20:39:56 INFO  SQSHandler:73 - Sent message to https://sqs.us-east-1.amazonaws.com/767398090493/managerToWorkerQueue
LOCAL 2024-02-11 20:39:56 INFO  ManagerTask:71 - Sent tasks for reviewId R3PLCGYS9LYRHZ for local app 8ffe4fd3274fa45d for inputIndex 1
LOCAL 2024-02-11 20:39:56 INFO  ManagerTask:72 - Sent total tasks 24 to workers for local app 8ffe4fd3274fa45d for inputIndex 1
LOCAL 2024-02-11 20:39:56 INFO  SQSHandler:73 - Sent message to https://sqs.us-east-1.amazonaws.com/767398090493/managerToWorkerQueue
LOCAL 2024-02-11 20:39:56 INFO  ManagerTask:71 - Sent tasks for reviewId R14D3WP6J91DCU for local app 8ffe4fd3274fa45d for inputIndex 0
LOCAL 2024-02-11 20:39:56 INFO  ManagerTask:72 - Sent total tasks 12 to workers for local app 8ffe4fd3274fa45d for inputIndex 0
LOCAL 2024-02-11 20:39:56 INFO  SQSHandler:73 - Sent message to https://sqs.us-east-1.amazonaws.com/767398090493/managerToWorkerQueue
LOCAL 2024-02-11 20:39:57 INFO  SQSHandler:73 - Sent message to https://sqs.us-east-1.amazonaws.com/767398090493/managerToWorkerQueue
LOCAL 2024-02-11 20:39:57 INFO  SQSHandler:73 - Sent message to https://sqs.us-east-1.amazonaws.com/767398090493/managerToWorkerQueue
LOCAL 2024-02-11 20:39:57 INFO  ManagerTask:71 - Sent tasks for reviewId R1266STJW192AU for local app 8ffe4fd3274fa45d for inputIndex 1
LOCAL 2024-02-11 20:39:57 INFO  ManagerTask:72 - Sent total tasks 26 to workers for local app 8ffe4fd3274fa45d for inputIndex 1
LOCAL 2024-02-11 20:39:57 INFO  SQSHandler:73 - Sent message to https://sqs.us-east-1.amazonaws.com/767398090493/managerToWorkerQueue
LOCAL 2024-02-11 20:39:57 INFO  ManagerTask:71 - Sent tasks for reviewId R3P2KOXRF7Z400 for local app 8ffe4fd3274fa45d for inputIndex 0
LOCAL 2024-02-11 20:39:57 INFO  ManagerTask:72 - Sent total tasks 14 to workers for local app 8ffe4fd3274fa45d for inputIndex 0
LOCAL 2024-02-11 20:39:57 INFO  SQSHandler:73 - Sent message to https://sqs.us-east-1.amazonaws.com/767398090493/managerToWorkerQueue
LOCAL 2024-02-11 20:39:57 INFO  SQSHandler:73 - Sent message to https://sqs.us-east-1.amazonaws.com/767398090493/managerToWorkerQueue
LOCAL 2024-02-11 20:39:57 INFO  SQSHandler:73 - Sent message to https://sqs.us-east-1.amazonaws.com/767398090493/managerToWorkerQueue
LOCAL 2024-02-11 20:39:57 INFO  ManagerTask:71 - Sent tasks for reviewId R11CRDLQ8ID6MM for local app 8ffe4fd3274fa45d for inputIndex 1
LOCAL 2024-02-11 20:39:57 INFO  ManagerTask:72 - Sent total tasks 28 to workers for local app 8ffe4fd3274fa45d for inputIndex 1
LOCAL 2024-02-11 20:39:57 INFO  SQSHandler:73 - Sent message to https://sqs.us-east-1.amazonaws.com/767398090493/managerToWorkerQueue
LOCAL 2024-02-11 20:39:57 INFO  ManagerTask:71 - Sent tasks for reviewId R1IKZK5S0DCKZ0 for local app 8ffe4fd3274fa45d for inputIndex 0
LOCAL 2024-02-11 20:39:57 INFO  ManagerTask:72 - Sent total tasks 16 to workers for local app 8ffe4fd3274fa45d for inputIndex 0
LOCAL 2024-02-11 20:39:57 INFO  SQSHandler:73 - Sent message to https://sqs.us-east-1.amazonaws.com/767398090493/managerToWorkerQueue
LOCAL 2024-02-11 20:39:57 INFO  SQSHandler:73 - Sent message to https://sqs.us-east-1.amazonaws.com/767398090493/managerToWorkerQueue
LOCAL 2024-02-11 20:39:57 INFO  SQSHandler:73 - Sent message to https://sqs.us-east-1.amazonaws.com/767398090493/managerToWorkerQueue
LOCAL 2024-02-11 20:39:57 INFO  ManagerTask:71 - Sent tasks for reviewId RGMH5ROASTBS8 for local app 8ffe4fd3274fa45d for inputIndex 0
LOCAL 2024-02-11 20:39:57 INFO  ManagerTask:72 - Sent total tasks 18 to workers for local app 8ffe4fd3274fa45d for inputIndex 0
LOCAL 2024-02-11 20:39:57 INFO  SQSHandler:73 - Sent message to https://sqs.us-east-1.amazonaws.com/767398090493/managerToWorkerQueue
LOCAL 2024-02-11 20:39:57 INFO  ManagerTask:71 - Sent tasks for reviewId R248WNDI9KORMN for local app 8ffe4fd3274fa45d for inputIndex 1
LOCAL 2024-02-11 20:39:57 INFO  ManagerTask:72 - Sent total tasks 30 to workers for local app 8ffe4fd3274fa45d for inputIndex 1
LOCAL 2024-02-11 20:39:57 INFO  SQSHandler:73 - Sent message to https://sqs.us-east-1.amazonaws.com/767398090493/managerToWorkerQueue
LOCAL 2024-02-11 20:39:57 INFO  SQSHandler:73 - Sent message to https://sqs.us-east-1.amazonaws.com/767398090493/managerToWorkerQueue
LOCAL 2024-02-11 20:39:58 INFO  SQSHandler:73 - Sent message to https://sqs.us-east-1.amazonaws.com/767398090493/managerToWorkerQueue
LOCAL 2024-02-11 20:39:58 INFO  ManagerTask:71 - Sent tasks for reviewId R386EPGNDYSO6 for local app 8ffe4fd3274fa45d for inputIndex 1
LOCAL 2024-02-11 20:39:58 INFO  ManagerTask:72 - Sent total tasks 32 to workers for local app 8ffe4fd3274fa45d for inputIndex 1
LOCAL 2024-02-11 20:39:58 INFO  SQSHandler:73 - Sent message to https://sqs.us-east-1.amazonaws.com/767398090493/managerToWorkerQueue
LOCAL 2024-02-11 20:39:58 INFO  ManagerTask:71 - Sent tasks for reviewId R1RUXYHCSZSHJ0 for local app 8ffe4fd3274fa45d for inputIndex 0
LOCAL 2024-02-11 20:39:58 INFO  ManagerTask:72 - Sent total tasks 20 to workers for local app 8ffe4fd3274fa45d for inputIndex 0
LOCAL 2024-02-11 20:39:58 INFO  SQSHandler:73 - Sent message to https://sqs.us-east-1.amazonaws.com/767398090493/managerToWorkerQueue
LOCAL 2024-02-11 20:39:58 INFO  SQSHandler:73 - Sent message to https://sqs.us-east-1.amazonaws.com/767398090493/managerToWorkerQueue
LOCAL 2024-02-11 20:39:58 INFO  SQSHandler:73 - Sent message to https://sqs.us-east-1.amazonaws.com/767398090493/managerToWorkerQueue
LOCAL 2024-02-11 20:39:58 INFO  ManagerTask:71 - Sent tasks for reviewId R3R9QKZ61DMKGF for local app 8ffe4fd3274fa45d for inputIndex 0
LOCAL 2024-02-11 20:39:58 INFO  ManagerTask:72 - Sent total tasks 22 to workers for local app 8ffe4fd3274fa45d for inputIndex 0
LOCAL 2024-02-11 20:39:58 INFO  SQSHandler:73 - Sent message to https://sqs.us-east-1.amazonaws.com/767398090493/managerToWorkerQueue
LOCAL 2024-02-11 20:39:58 INFO  ManagerTask:71 - Sent tasks for reviewId R82DFHHKNJGR0 for local app 8ffe4fd3274fa45d for inputIndex 1
LOCAL 2024-02-11 20:39:58 INFO  ManagerTask:72 - Sent total tasks 34 to workers for local app 8ffe4fd3274fa45d for inputIndex 1
LOCAL 2024-02-11 20:39:58 INFO  SQSHandler:73 - Sent message to https://sqs.us-east-1.amazonaws.com/767398090493/managerToWorkerQueue
LOCAL 2024-02-11 20:39:58 INFO  SQSHandler:73 - Sent message to https://sqs.us-east-1.amazonaws.com/767398090493/managerToWorkerQueue
LOCAL 2024-02-11 20:39:58 INFO  SQSHandler:73 - Sent message to https://sqs.us-east-1.amazonaws.com/767398090493/managerToWorkerQueue
LOCAL 2024-02-11 20:39:58 INFO  ManagerTask:71 - Sent tasks for reviewId R367OTNJ8I36FS for local app 8ffe4fd3274fa45d for inputIndex 0
LOCAL 2024-02-11 20:39:58 INFO  ManagerTask:72 - Sent total tasks 24 to workers for local app 8ffe4fd3274fa45d for inputIndex 0
LOCAL 2024-02-11 20:39:58 INFO  SQSHandler:73 - Sent message to https://sqs.us-east-1.amazonaws.com/767398090493/managerToWorkerQueue
LOCAL 2024-02-11 20:39:58 INFO  ManagerTask:71 - Sent tasks for reviewId RGAST6Q7TRKA4 for local app 8ffe4fd3274fa45d for inputIndex 1
LOCAL 2024-02-11 20:39:58 INFO  ManagerTask:72 - Sent total tasks 36 to workers for local app 8ffe4fd3274fa45d for inputIndex 1
LOCAL 2024-02-11 20:39:58 INFO  SQSHandler:73 - Sent message to https://sqs.us-east-1.amazonaws.com/767398090493/managerToWorkerQueue
LOCAL 2024-02-11 20:39:58 INFO  SQSHandler:73 - Sent message to https://sqs.us-east-1.amazonaws.com/767398090493/managerToWorkerQueue
LOCAL 2024-02-11 20:39:59 INFO  SQSHandler:73 - Sent message to https://sqs.us-east-1.amazonaws.com/767398090493/managerToWorkerQueue
LOCAL 2024-02-11 20:39:59 INFO  ManagerTask:71 - Sent tasks for reviewId R3GCFAIUL8BI3Y for local app 8ffe4fd3274fa45d for inputIndex 0
LOCAL 2024-02-11 20:39:59 INFO  ManagerTask:72 - Sent total tasks 26 to workers for local app 8ffe4fd3274fa45d for inputIndex 0
LOCAL 2024-02-11 20:39:59 INFO  SQSHandler:73 - Sent message to https://sqs.us-east-1.amazonaws.com/767398090493/managerToWorkerQueue
LOCAL 2024-02-11 20:39:59 INFO  ManagerTask:71 - Sent tasks for reviewId R2NETRFTNAT0D for local app 8ffe4fd3274fa45d for inputIndex 1
LOCAL 2024-02-11 20:39:59 INFO  ManagerTask:72 - Sent total tasks 38 to workers for local app 8ffe4fd3274fa45d for inputIndex 1
LOCAL 2024-02-11 20:39:59 INFO  SQSHandler:73 - Sent message to https://sqs.us-east-1.amazonaws.com/767398090493/managerToWorkerQueue
LOCAL 2024-02-11 20:39:59 INFO  SQSHandler:73 - Sent message to https://sqs.us-east-1.amazonaws.com/767398090493/managerToWorkerQueue
LOCAL 2024-02-11 20:39:59 INFO  SQSHandler:73 - Sent message to https://sqs.us-east-1.amazonaws.com/767398090493/managerToWorkerQueue
LOCAL 2024-02-11 20:39:59 INFO  ManagerTask:71 - Sent tasks for reviewId R33SW6AMDKTSB8 for local app 8ffe4fd3274fa45d for inputIndex 0
LOCAL 2024-02-11 20:39:59 INFO  ManagerTask:72 - Sent total tasks 28 to workers for local app 8ffe4fd3274fa45d for inputIndex 0
LOCAL 2024-02-11 20:39:59 INFO  SQSHandler:73 - Sent message to https://sqs.us-east-1.amazonaws.com/767398090493/managerToWorkerQueue
LOCAL 2024-02-11 20:39:59 INFO  ManagerTask:71 - Sent tasks for reviewId R2I4MYU1IT5IJ for local app 8ffe4fd3274fa45d for inputIndex 1
LOCAL 2024-02-11 20:39:59 INFO  ManagerTask:72 - Sent total tasks 40 to workers for local app 8ffe4fd3274fa45d for inputIndex 1
LOCAL 2024-02-11 20:39:59 INFO  ManagerTask:41 - Sent tasks to workers for local app 8ffe4fd3274fa45d for inputIndex 1
LOCAL 2024-02-11 20:39:59 INFO  ManagerTask:77 - Receiving responses from workers for local app 8ffe4fd3274fa45d for inputIndex 1
LOCAL 2024-02-11 20:39:59 INFO  SQSHandler:73 - Sent message to https://sqs.us-east-1.amazonaws.com/767398090493/managerToWorkerQueue
LOCAL 2024-02-11 20:39:59 INFO  SQSHandler:73 - Sent message to https://sqs.us-east-1.amazonaws.com/767398090493/managerToWorkerQueue
LOCAL 2024-02-11 20:39:59 INFO  ManagerTask:71 - Sent tasks for reviewId RW6ORU2M3C461 for local app 8ffe4fd3274fa45d for inputIndex 0
LOCAL 2024-02-11 20:39:59 INFO  ManagerTask:72 - Sent total tasks 30 to workers for local app 8ffe4fd3274fa45d for inputIndex 0
LOCAL 2024-02-11 20:39:59 INFO  SQSHandler:73 - Sent message to https://sqs.us-east-1.amazonaws.com/767398090493/managerToWorkerQueue
LOCAL 2024-02-11 20:40:00 INFO  SQSHandler:73 - Sent message to https://sqs.us-east-1.amazonaws.com/767398090493/managerToWorkerQueue
LOCAL 2024-02-11 20:40:00 INFO  ManagerTask:71 - Sent tasks for reviewId R1L8O7RM8DD6J3 for local app 8ffe4fd3274fa45d for inputIndex 0
LOCAL 2024-02-11 20:40:00 INFO  ManagerTask:72 - Sent total tasks 32 to workers for local app 8ffe4fd3274fa45d for inputIndex 0
LOCAL 2024-02-11 20:40:00 INFO  SQSHandler:73 - Sent message to https://sqs.us-east-1.amazonaws.com/767398090493/managerToWorkerQueue
LOCAL 2024-02-11 20:40:00 INFO  SQSHandler:73 - Sent message to https://sqs.us-east-1.amazonaws.com/767398090493/managerToWorkerQueue
LOCAL 2024-02-11 20:40:00 INFO  ManagerTask:71 - Sent tasks for reviewId R3V239ZPPF0XY3 for local app 8ffe4fd3274fa45d for inputIndex 0
LOCAL 2024-02-11 20:40:00 INFO  ManagerTask:72 - Sent total tasks 34 to workers for local app 8ffe4fd3274fa45d for inputIndex 0
LOCAL 2024-02-11 20:40:00 INFO  SQSHandler:73 - Sent message to https://sqs.us-east-1.amazonaws.com/767398090493/managerToWorkerQueue
LOCAL 2024-02-11 20:40:00 INFO  SQSHandler:73 - Sent message to https://sqs.us-east-1.amazonaws.com/767398090493/managerToWorkerQueue
LOCAL 2024-02-11 20:40:00 INFO  ManagerTask:71 - Sent tasks for reviewId R3MRIY8FUDOYHU for local app 8ffe4fd3274fa45d for inputIndex 0
LOCAL 2024-02-11 20:40:00 INFO  ManagerTask:72 - Sent total tasks 36 to workers for local app 8ffe4fd3274fa45d for inputIndex 0
LOCAL 2024-02-11 20:40:01 INFO  SQSHandler:73 - Sent message to https://sqs.us-east-1.amazonaws.com/767398090493/managerToWorkerQueue
LOCAL 2024-02-11 20:40:01 INFO  SQSHandler:73 - Sent message to https://sqs.us-east-1.amazonaws.com/767398090493/managerToWorkerQueue
LOCAL 2024-02-11 20:40:01 INFO  ManagerTask:71 - Sent tasks for reviewId RB9QK3F6SUQPU for local app 8ffe4fd3274fa45d for inputIndex 0
LOCAL 2024-02-11 20:40:01 INFO  ManagerTask:72 - Sent total tasks 38 to workers for local app 8ffe4fd3274fa45d for inputIndex 0
LOCAL 2024-02-11 20:40:01 INFO  SQSHandler:73 - Sent message to https://sqs.us-east-1.amazonaws.com/767398090493/managerToWorkerQueue
LOCAL 2024-02-11 20:40:01 INFO  SQSHandler:73 - Sent message to https://sqs.us-east-1.amazonaws.com/767398090493/managerToWorkerQueue
LOCAL 2024-02-11 20:40:01 INFO  ManagerTask:71 - Sent tasks for reviewId R366N97DLUODS7 for local app 8ffe4fd3274fa45d for inputIndex 0
LOCAL 2024-02-11 20:40:01 INFO  ManagerTask:72 - Sent total tasks 40 to workers for local app 8ffe4fd3274fa45d for inputIndex 0
LOCAL 2024-02-11 20:40:01 INFO  ManagerTask:41 - Sent tasks to workers for local app 8ffe4fd3274fa45d for inputIndex 0
LOCAL 2024-02-11 20:40:01 INFO  ManagerTask:77 - Receiving responses from workers for local app 8ffe4fd3274fa45d for inputIndex 0
LOCAL 2024-02-11 20:40:05 INFO  Manager:61 - Received 1 requests
LOCAL 2024-02-11 20:40:05 INFO  Manager:84 - Received request: 9f82db818a321c1b::analyze::test-input1.txt::0::5
LOCAL 2024-02-11 20:40:05 INFO  S3Handler:56 - Downloading file test-input1.txt from S3 bucket sarcasm-analysis-bucket-9f82db818a321c1b
LOCAL 2024-02-11 20:40:06 INFO  Manager:111 - Parsed 20 reviews from input file test-input1.txt
LOCAL 2024-02-11 20:40:06 INFO  Manager:153 - Assigning workers
LOCAL 2024-02-11 20:40:07 INFO  EC2Handler:118 - Active workers: 4
LOCAL 2024-02-11 20:40:07 INFO  EC2Handler:99 - Creating worker instance
LOCAL 2024-02-11 20:40:09 INFO  EC2Handler:33 - Successfully started EC2 instance i-01532c665a5d202f6 based on AMI ami-00e95a9222311e8ed
LOCAL 2024-02-11 20:40:09 INFO  EC2Handler:99 - Creating worker instance
LOCAL 2024-02-11 20:40:11 INFO  EC2Handler:33 - Successfully started EC2 instance i-04e1c57f5a555a41d based on AMI ami-00e95a9222311e8ed
LOCAL 2024-02-11 20:40:11 INFO  EC2Handler:99 - Creating worker instance
LOCAL 2024-02-11 20:40:13 INFO  EC2Handler:33 - Successfully started EC2 instance i-04ea71b0b218c6430 based on AMI ami-00e95a9222311e8ed
LOCAL 2024-02-11 20:40:13 INFO  EC2Handler:99 - Creating worker instance
LOCAL 2024-02-11 20:40:15 INFO  Manager:61 - Received 0 requests
LOCAL 2024-02-11 20:40:16 INFO  EC2Handler:33 - Successfully started EC2 instance i-051aeff2dcff51e55 based on AMI ami-00e95a9222311e8ed
LOCAL 2024-02-11 20:40:16 INFO  Manager:169 - Workers assigned: 8
LOCAL 2024-02-11 20:40:16 INFO  ManagerTask:37 - ManagerTask started for local app 9f82db818a321c1b for inputIndex 0
LOCAL 2024-02-11 20:40:16 INFO  ManagerTask:54 - Sending tasks to workers for local app 9f82db818a321c1b for inputIndex 0
LOCAL 2024-02-11 20:40:16 INFO  SQSHandler:93 - Deleted message from https://sqs.us-east-1.amazonaws.com/767398090493/localToManagerQueue-9f82db818a321c1b
LOCAL 2024-02-11 20:40:17 INFO  SQSHandler:73 - Sent message to https://sqs.us-east-1.amazonaws.com/767398090493/managerToWorkerQueue
LOCAL 2024-02-11 20:40:17 INFO  SQSHandler:73 - Sent message to https://sqs.us-east-1.amazonaws.com/767398090493/managerToWorkerQueue
LOCAL 2024-02-11 20:40:17 INFO  ManagerTask:71 - Sent tasks for reviewId RJ62XWHGDIF7 for local app 9f82db818a321c1b for inputIndex 0
LOCAL 2024-02-11 20:40:17 INFO  ManagerTask:72 - Sent total tasks 2 to workers for local app 9f82db818a321c1b for inputIndex 0
LOCAL 2024-02-11 20:40:17 INFO  SQSHandler:73 - Sent message to https://sqs.us-east-1.amazonaws.com/767398090493/managerToWorkerQueue
LOCAL 2024-02-11 20:40:17 INFO  SQSHandler:73 - Sent message to https://sqs.us-east-1.amazonaws.com/767398090493/managerToWorkerQueue
LOCAL 2024-02-11 20:40:17 INFO  ManagerTask:71 - Sent tasks for reviewId RSO743RDYVWTZ for local app 9f82db818a321c1b for inputIndex 0
LOCAL 2024-02-11 20:40:17 INFO  ManagerTask:72 - Sent total tasks 4 to workers for local app 9f82db818a321c1b for inputIndex 0
LOCAL 2024-02-11 20:40:17 INFO  SQSHandler:73 - Sent message to https://sqs.us-east-1.amazonaws.com/767398090493/managerToWorkerQueue
LOCAL 2024-02-11 20:40:17 INFO  SQSHandler:73 - Sent message to https://sqs.us-east-1.amazonaws.com/767398090493/managerToWorkerQueue
LOCAL 2024-02-11 20:40:17 INFO  ManagerTask:71 - Sent tasks for reviewId R8OWCLDI0GGL0 for local app 9f82db818a321c1b for inputIndex 0
LOCAL 2024-02-11 20:40:17 INFO  ManagerTask:72 - Sent total tasks 6 to workers for local app 9f82db818a321c1b for inputIndex 0
LOCAL 2024-02-11 20:40:18 INFO  SQSHandler:73 - Sent message to https://sqs.us-east-1.amazonaws.com/767398090493/managerToWorkerQueue
LOCAL 2024-02-11 20:40:18 INFO  SQSHandler:73 - Sent message to https://sqs.us-east-1.amazonaws.com/767398090493/managerToWorkerQueue
LOCAL 2024-02-11 20:40:18 INFO  ManagerTask:71 - Sent tasks for reviewId R33DK4T6EHUIHX for local app 9f82db818a321c1b for inputIndex 0
LOCAL 2024-02-11 20:40:18 INFO  ManagerTask:72 - Sent total tasks 8 to workers for local app 9f82db818a321c1b for inputIndex 0
LOCAL 2024-02-11 20:40:18 INFO  SQSHandler:73 - Sent message to https://sqs.us-east-1.amazonaws.com/767398090493/managerToWorkerQueue
LOCAL 2024-02-11 20:40:18 INFO  SQSHandler:73 - Sent message to https://sqs.us-east-1.amazonaws.com/767398090493/managerToWorkerQueue
LOCAL 2024-02-11 20:40:18 INFO  ManagerTask:71 - Sent tasks for reviewId R3DHV2T9Q991V7 for local app 9f82db818a321c1b for inputIndex 0
LOCAL 2024-02-11 20:40:18 INFO  ManagerTask:72 - Sent total tasks 10 to workers for local app 9f82db818a321c1b for inputIndex 0
LOCAL 2024-02-11 20:40:18 INFO  SQSHandler:73 - Sent message to https://sqs.us-east-1.amazonaws.com/767398090493/managerToWorkerQueue
LOCAL 2024-02-11 20:40:18 INFO  SQSHandler:73 - Sent message to https://sqs.us-east-1.amazonaws.com/767398090493/managerToWorkerQueue
LOCAL 2024-02-11 20:40:18 INFO  ManagerTask:71 - Sent tasks for reviewId R14D3WP6J91DCU for local app 9f82db818a321c1b for inputIndex 0
LOCAL 2024-02-11 20:40:18 INFO  ManagerTask:72 - Sent total tasks 12 to workers for local app 9f82db818a321c1b for inputIndex 0
LOCAL 2024-02-11 20:40:18 INFO  SQSHandler:73 - Sent message to https://sqs.us-east-1.amazonaws.com/767398090493/managerToWorkerQueue
LOCAL 2024-02-11 20:40:19 INFO  SQSHandler:73 - Sent message to https://sqs.us-east-1.amazonaws.com/767398090493/managerToWorkerQueue
LOCAL 2024-02-11 20:40:19 INFO  ManagerTask:71 - Sent tasks for reviewId R3P2KOXRF7Z400 for local app 9f82db818a321c1b for inputIndex 0
LOCAL 2024-02-11 20:40:19 INFO  ManagerTask:72 - Sent total tasks 14 to workers for local app 9f82db818a321c1b for inputIndex 0
LOCAL 2024-02-11 20:40:19 INFO  SQSHandler:73 - Sent message to https://sqs.us-east-1.amazonaws.com/767398090493/managerToWorkerQueue
LOCAL 2024-02-11 20:40:19 INFO  SQSHandler:73 - Sent message to https://sqs.us-east-1.amazonaws.com/767398090493/managerToWorkerQueue
LOCAL 2024-02-11 20:40:19 INFO  ManagerTask:71 - Sent tasks for reviewId R1IKZK5S0DCKZ0 for local app 9f82db818a321c1b for inputIndex 0
LOCAL 2024-02-11 20:40:19 INFO  ManagerTask:72 - Sent total tasks 16 to workers for local app 9f82db818a321c1b for inputIndex 0
LOCAL 2024-02-11 20:40:19 INFO  SQSHandler:73 - Sent message to https://sqs.us-east-1.amazonaws.com/767398090493/managerToWorkerQueue
LOCAL 2024-02-11 20:40:19 INFO  SQSHandler:73 - Sent message to https://sqs.us-east-1.amazonaws.com/767398090493/managerToWorkerQueue
LOCAL 2024-02-11 20:40:19 INFO  ManagerTask:71 - Sent tasks for reviewId RGMH5ROASTBS8 for local app 9f82db818a321c1b for inputIndex 0
LOCAL 2024-02-11 20:40:19 INFO  ManagerTask:72 - Sent total tasks 18 to workers for local app 9f82db818a321c1b for inputIndex 0
LOCAL 2024-02-11 20:40:19 INFO  SQSHandler:73 - Sent message to https://sqs.us-east-1.amazonaws.com/767398090493/managerToWorkerQueue
LOCAL 2024-02-11 20:40:20 INFO  SQSHandler:73 - Sent message to https://sqs.us-east-1.amazonaws.com/767398090493/managerToWorkerQueue
LOCAL 2024-02-11 20:40:20 INFO  ManagerTask:71 - Sent tasks for reviewId R1RUXYHCSZSHJ0 for local app 9f82db818a321c1b for inputIndex 0
LOCAL 2024-02-11 20:40:20 INFO  ManagerTask:72 - Sent total tasks 20 to workers for local app 9f82db818a321c1b for inputIndex 0
LOCAL 2024-02-11 20:40:20 INFO  SQSHandler:73 - Sent message to https://sqs.us-east-1.amazonaws.com/767398090493/managerToWorkerQueue
LOCAL 2024-02-11 20:40:20 INFO  SQSHandler:73 - Sent message to https://sqs.us-east-1.amazonaws.com/767398090493/managerToWorkerQueue
LOCAL 2024-02-11 20:40:20 INFO  ManagerTask:71 - Sent tasks for reviewId R3R9QKZ61DMKGF for local app 9f82db818a321c1b for inputIndex 0
LOCAL 2024-02-11 20:40:20 INFO  ManagerTask:72 - Sent total tasks 22 to workers for local app 9f82db818a321c1b for inputIndex 0
LOCAL 2024-02-11 20:40:20 INFO  SQSHandler:73 - Sent message to https://sqs.us-east-1.amazonaws.com/767398090493/managerToWorkerQueue
LOCAL 2024-02-11 20:40:20 INFO  SQSHandler:73 - Sent message to https://sqs.us-east-1.amazonaws.com/767398090493/managerToWorkerQueue
LOCAL 2024-02-11 20:40:20 INFO  ManagerTask:71 - Sent tasks for reviewId R367OTNJ8I36FS for local app 9f82db818a321c1b for inputIndex 0
LOCAL 2024-02-11 20:40:20 INFO  ManagerTask:72 - Sent total tasks 24 to workers for local app 9f82db818a321c1b for inputIndex 0
LOCAL 2024-02-11 20:40:20 INFO  SQSHandler:73 - Sent message to https://sqs.us-east-1.amazonaws.com/767398090493/managerToWorkerQueue
LOCAL 2024-02-11 20:40:20 INFO  SQSHandler:73 - Sent message to https://sqs.us-east-1.amazonaws.com/767398090493/managerToWorkerQueue
LOCAL 2024-02-11 20:40:20 INFO  ManagerTask:71 - Sent tasks for reviewId R3GCFAIUL8BI3Y for local app 9f82db818a321c1b for inputIndex 0
LOCAL 2024-02-11 20:40:20 INFO  ManagerTask:72 - Sent total tasks 26 to workers for local app 9f82db818a321c1b for inputIndex 0
LOCAL 2024-02-11 20:40:21 INFO  SQSHandler:73 - Sent message to https://sqs.us-east-1.amazonaws.com/767398090493/managerToWorkerQueue
LOCAL 2024-02-11 20:40:21 INFO  SQSHandler:73 - Sent message to https://sqs.us-east-1.amazonaws.com/767398090493/managerToWorkerQueue
LOCAL 2024-02-11 20:40:21 INFO  ManagerTask:71 - Sent tasks for reviewId R33SW6AMDKTSB8 for local app 9f82db818a321c1b for inputIndex 0
LOCAL 2024-02-11 20:40:21 INFO  ManagerTask:72 - Sent total tasks 28 to workers for local app 9f82db818a321c1b for inputIndex 0
LOCAL 2024-02-11 20:40:21 INFO  SQSHandler:73 - Sent message to https://sqs.us-east-1.amazonaws.com/767398090493/managerToWorkerQueue
LOCAL 2024-02-11 20:40:21 INFO  SQSHandler:73 - Sent message to https://sqs.us-east-1.amazonaws.com/767398090493/managerToWorkerQueue
LOCAL 2024-02-11 20:40:21 INFO  ManagerTask:71 - Sent tasks for reviewId RW6ORU2M3C461 for local app 9f82db818a321c1b for inputIndex 0
LOCAL 2024-02-11 20:40:21 INFO  ManagerTask:72 - Sent total tasks 30 to workers for local app 9f82db818a321c1b for inputIndex 0
LOCAL 2024-02-11 20:40:21 INFO  SQSHandler:73 - Sent message to https://sqs.us-east-1.amazonaws.com/767398090493/managerToWorkerQueue
LOCAL 2024-02-11 20:40:21 INFO  SQSHandler:73 - Sent message to https://sqs.us-east-1.amazonaws.com/767398090493/managerToWorkerQueue
LOCAL 2024-02-11 20:40:21 INFO  ManagerTask:71 - Sent tasks for reviewId R1L8O7RM8DD6J3 for local app 9f82db818a321c1b for inputIndex 0
LOCAL 2024-02-11 20:40:21 INFO  ManagerTask:72 - Sent total tasks 32 to workers for local app 9f82db818a321c1b for inputIndex 0
LOCAL 2024-02-11 20:40:22 INFO  SQSHandler:73 - Sent message to https://sqs.us-east-1.amazonaws.com/767398090493/managerToWorkerQueue
LOCAL 2024-02-11 20:40:22 INFO  SQSHandler:73 - Sent message to https://sqs.us-east-1.amazonaws.com/767398090493/managerToWorkerQueue
LOCAL 2024-02-11 20:40:22 INFO  ManagerTask:71 - Sent tasks for reviewId R3V239ZPPF0XY3 for local app 9f82db818a321c1b for inputIndex 0
LOCAL 2024-02-11 20:40:22 INFO  ManagerTask:72 - Sent total tasks 34 to workers for local app 9f82db818a321c1b for inputIndex 0
LOCAL 2024-02-11 20:40:22 INFO  SQSHandler:73 - Sent message to https://sqs.us-east-1.amazonaws.com/767398090493/managerToWorkerQueue
LOCAL 2024-02-11 20:40:22 INFO  SQSHandler:73 - Sent message to https://sqs.us-east-1.amazonaws.com/767398090493/managerToWorkerQueue
LOCAL 2024-02-11 20:40:22 INFO  ManagerTask:71 - Sent tasks for reviewId R3MRIY8FUDOYHU for local app 9f82db818a321c1b for inputIndex 0
LOCAL 2024-02-11 20:40:22 INFO  ManagerTask:72 - Sent total tasks 36 to workers for local app 9f82db818a321c1b for inputIndex 0
LOCAL 2024-02-11 20:40:22 INFO  SQSHandler:73 - Sent message to https://sqs.us-east-1.amazonaws.com/767398090493/managerToWorkerQueue
LOCAL 2024-02-11 20:40:22 INFO  SQSHandler:73 - Sent message to https://sqs.us-east-1.amazonaws.com/767398090493/managerToWorkerQueue
LOCAL 2024-02-11 20:40:22 INFO  ManagerTask:71 - Sent tasks for reviewId RB9QK3F6SUQPU for local app 9f82db818a321c1b for inputIndex 0
LOCAL 2024-02-11 20:40:22 INFO  ManagerTask:72 - Sent total tasks 38 to workers for local app 9f82db818a321c1b for inputIndex 0
LOCAL 2024-02-11 20:40:23 INFO  SQSHandler:73 - Sent message to https://sqs.us-east-1.amazonaws.com/767398090493/managerToWorkerQueue
LOCAL 2024-02-11 20:40:23 INFO  SQSHandler:73 - Sent message to https://sqs.us-east-1.amazonaws.com/767398090493/managerToWorkerQueue
LOCAL 2024-02-11 20:40:23 INFO  ManagerTask:71 - Sent tasks for reviewId R366N97DLUODS7 for local app 9f82db818a321c1b for inputIndex 0
LOCAL 2024-02-11 20:40:23 INFO  ManagerTask:72 - Sent total tasks 40 to workers for local app 9f82db818a321c1b for inputIndex 0
LOCAL 2024-02-11 20:40:23 INFO  ManagerTask:41 - Sent tasks to workers for local app 9f82db818a321c1b for inputIndex 0
LOCAL 2024-02-11 20:40:23 INFO  ManagerTask:77 - Receiving responses from workers for local app 9f82db818a321c1b for inputIndex 0
LOCAL 2024-02-11 20:40:35 INFO  Manager:61 - Received 0 requests
LOCAL 2024-02-11 20:40:36 INFO  Manager:61 - Received 0 requests
LOCAL 2024-02-11 20:40:50 INFO  ManagerTask:123 - Completed tasks 0 out of 40 for local app 8ffe4fd3274fa45d for inputIndex 0
LOCAL 2024-02-11 20:40:50 INFO  ManagerTask:123 - Completed tasks 0 out of 40 for local app 8ffe4fd3274fa45d for inputIndex 1
LOCAL 2024-02-11 20:40:50 INFO  ManagerTask:93 - Received response for reviewId R2NETRFTNAT0D for inputIndex 1 for taskType sentimentAnalysis with taskResult 3
LOCAL 2024-02-11 20:40:50 INFO  ManagerTask:123 - Completed tasks 0 out of 40 for local app 8ffe4fd3274fa45d for inputIndex 1
LOCAL 2024-02-11 20:40:51 INFO  SQSHandler:93 - Deleted message from https://sqs.us-east-1.amazonaws.com/767398090493/workerToManagerQueue
LOCAL 2024-02-11 20:40:51 INFO  ManagerTask:123 - Completed tasks 1 out of 40 for local app 8ffe4fd3274fa45d for inputIndex 1
LOCAL 2024-02-11 20:40:51 INFO  ManagerTask:123 - Completed tasks 0 out of 40 for local app 8ffe4fd3274fa45d for inputIndex 0
LOCAL 2024-02-11 20:40:52 INFO  ManagerTask:123 - Completed tasks 0 out of 40 for local app 8ffe4fd3274fa45d for inputIndex 0
LOCAL 2024-02-11 20:40:53 INFO  ManagerTask:123 - Completed tasks 0 out of 40 for local app 8ffe4fd3274fa45d for inputIndex 1
LOCAL 2024-02-11 20:40:54 INFO  ManagerTask:123 - Completed tasks 0 out of 40 for local app 8ffe4fd3274fa45d for inputIndex 1
LOCAL 2024-02-11 20:40:55 INFO  ManagerTask:123 - Completed tasks 0 out of 40 for local app 8ffe4fd3274fa45d for inputIndex 1
LOCAL 2024-02-11 20:40:55 INFO  ManagerTask:93 - Received response for reviewId R386EPGNDYSO6 for inputIndex 1 for taskType entityRecognition with taskResult 
LOCAL 2024-02-11 20:40:55 INFO  ManagerTask:123 - Completed tasks 0 out of 40 for local app 8ffe4fd3274fa45d for inputIndex 0
LOCAL 2024-02-11 20:40:55 INFO  SQSHandler:93 - Deleted message from https://sqs.us-east-1.amazonaws.com/767398090493/workerToManagerQueue
LOCAL 2024-02-11 20:40:55 INFO  ManagerTask:123 - Completed tasks 2 out of 40 for local app 8ffe4fd3274fa45d for inputIndex 1
LOCAL 2024-02-11 20:40:55 INFO  ManagerTask:93 - Received response for reviewId R33SW6AMDKTSB8 for inputIndex 0 for taskType entityRecognition with taskResult 
LOCAL 2024-02-11 20:40:55 INFO  SQSHandler:93 - Deleted message from https://sqs.us-east-1.amazonaws.com/767398090493/workerToManagerQueue
LOCAL 2024-02-11 20:40:55 INFO  ManagerTask:123 - Completed tasks 1 out of 40 for local app 8ffe4fd3274fa45d for inputIndex 0
LOCAL 2024-02-11 20:40:55 INFO  ManagerTask:93 - Received response for reviewId R3MRIY8FUDOYHU for inputIndex 0 for taskType sentimentAnalysis with taskResult 2
LOCAL 2024-02-11 20:40:55 INFO  ManagerTask:123 - Completed tasks 2 out of 40 for local app 8ffe4fd3274fa45d for inputIndex 0
LOCAL 2024-02-11 20:40:56 INFO  SQSHandler:93 - Deleted message from https://sqs.us-east-1.amazonaws.com/767398090493/workerToManagerQueue
LOCAL 2024-02-11 20:40:56 INFO  ManagerTask:123 - Completed tasks 2 out of 40 for local app 8ffe4fd3274fa45d for inputIndex 0
LOCAL 2024-02-11 20:40:56 INFO  Manager:61 - Received 0 requests
LOCAL 2024-02-11 20:40:56 INFO  ManagerTask:123 - Completed tasks 2 out of 40 for local app 9f82db818a321c1b for inputIndex 0
LOCAL 2024-02-11 20:40:56 INFO  ManagerTask:93 - Received response for reviewId RSO743RDYVWTZ for inputIndex 0 for taskType entityRecognition with taskResult 
LOCAL 2024-02-11 20:40:56 INFO  SQSHandler:93 - Deleted message from https://sqs.us-east-1.amazonaws.com/767398090493/workerToManagerQueue
LOCAL 2024-02-11 20:40:56 INFO  ManagerTask:123 - Completed tasks 1 out of 40 for local app 9f82db818a321c1b for inputIndex 0
LOCAL 2024-02-11 20:40:56 INFO  ManagerTask:123 - Completed tasks 2 out of 40 for local app 9f82db818a321c1b for inputIndex 0
LOCAL 2024-02-11 20:40:57 INFO  Manager:61 - Received 0 requests
LOCAL 2024-02-11 20:40:57 INFO  ManagerTask:93 - Received response for reviewId RJ62XWHGDIF7 for inputIndex 0 for taskType sentimentAnalysis with taskResult 2
LOCAL 2024-02-11 20:40:57 INFO  ManagerTask:123 - Completed tasks 1 out of 40 for local app 8ffe4fd3274fa45d for inputIndex 0
LOCAL 2024-02-11 20:40:57 INFO  ManagerTask:123 - Completed tasks 2 out of 40 for local app 8ffe4fd3274fa45d for inputIndex 0
LOCAL 2024-02-11 20:40:57 INFO  SQSHandler:93 - Deleted message from https://sqs.us-east-1.amazonaws.com/767398090493/workerToManagerQueue
LOCAL 2024-02-11 20:40:57 INFO  ManagerTask:123 - Completed tasks 3 out of 40 for local app 8ffe4fd3274fa45d for inputIndex 0
LOCAL 2024-02-11 20:40:57 INFO  ManagerTask:123 - Completed tasks 1 out of 40 for local app 8ffe4fd3274fa45d for inputIndex 0
LOCAL 2024-02-11 20:40:57 INFO  ManagerTask:123 - Completed tasks 2 out of 40 for local app 8ffe4fd3274fa45d for inputIndex 0
LOCAL 2024-02-11 20:40:57 INFO  ManagerTask:123 - Completed tasks 3 out of 40 for local app 9f82db818a321c1b for inputIndex 0
LOCAL 2024-02-11 20:40:57 INFO  ManagerTask:93 - Received response for reviewId RGMH5ROASTBS8 for inputIndex 0 for taskType entityRecognition with taskResult 
LOCAL 2024-02-11 20:40:57 INFO  ManagerTask:93 - Received response for reviewId R1266STJW192AU for inputIndex 1 for taskType entityRecognition with taskResult 
LOCAL 2024-02-11 20:40:57 INFO  SQSHandler:93 - Deleted message from https://sqs.us-east-1.amazonaws.com/767398090493/workerToManagerQueue
LOCAL 2024-02-11 20:40:57 INFO  ManagerTask:123 - Completed tasks 2 out of 40 for local app 9f82db818a321c1b for inputIndex 0
LOCAL 2024-02-11 20:40:57 INFO  SQSHandler:93 - Deleted message from https://sqs.us-east-1.amazonaws.com/767398090493/workerToManagerQueue
LOCAL 2024-02-11 20:40:57 INFO  ManagerTask:123 - Completed tasks 3 out of 40 for local app 8ffe4fd3274fa45d for inputIndex 1
LOCAL 2024-02-11 20:40:57 INFO  ManagerTask:123 - Completed tasks 3 out of 40 for local app 9f82db818a321c1b for inputIndex 0
LOCAL 2024-02-11 20:40:58 INFO  ManagerTask:123 - Completed tasks 2 out of 40 for local app 8ffe4fd3274fa45d for inputIndex 0
LOCAL 2024-02-11 20:40:58 INFO  ManagerTask:123 - Completed tasks 3 out of 40 for local app 8ffe4fd3274fa45d for inputIndex 1
LOCAL 2024-02-11 20:40:58 INFO  ManagerTask:123 - Completed tasks 3 out of 40 for local app 8ffe4fd3274fa45d for inputIndex 0
LOCAL 2024-02-11 20:40:59 INFO  ManagerTask:123 - Completed tasks 3 out of 40 for local app 8ffe4fd3274fa45d for inputIndex 1
LOCAL 2024-02-11 20:40:59 INFO  ManagerTask:123 - Completed tasks 2 out of 40 for local app 8ffe4fd3274fa45d for inputIndex 0
LOCAL 2024-02-11 20:40:59 INFO  ManagerTask:93 - Received response for reviewId R3R9QKZ61DMKGF for inputIndex 0 for taskType entityRecognition with taskResult 
LOCAL 2024-02-11 20:40:59 INFO  ManagerTask:123 - Completed tasks 3 out of 40 for local app 9f82db818a321c1b for inputIndex 0
LOCAL 2024-02-11 20:40:59 INFO  SQSHandler:93 - Deleted message from https://sqs.us-east-1.amazonaws.com/767398090493/workerToManagerQueue
LOCAL 2024-02-11 20:40:59 INFO  ManagerTask:123 - Completed tasks 4 out of 40 for local app 8ffe4fd3274fa45d for inputIndex 0
LOCAL 2024-02-11 20:40:59 INFO  ManagerTask:123 - Completed tasks 2 out of 40 for local app 8ffe4fd3274fa45d for inputIndex 1
LOCAL 2024-02-11 20:40:59 INFO  ManagerTask:93 - Received response for reviewId R1CKE9Q64Z7CZC for inputIndex 1 for taskType sentimentAnalysis with taskResult 3
LOCAL 2024-02-11 20:40:59 INFO  SQSHandler:93 - Deleted message from https://sqs.us-east-1.amazonaws.com/767398090493/workerToManagerQueue
LOCAL 2024-02-11 20:40:59 INFO  ManagerTask:123 - Completed tasks 4 out of 40 for local app 8ffe4fd3274fa45d for inputIndex 1
LOCAL 2024-02-11 20:40:59 INFO  ManagerTask:123 - Completed tasks 2 out of 40 for local app 8ffe4fd3274fa45d for inputIndex 1
LOCAL 2024-02-11 20:41:00 INFO  ManagerTask:93 - Received response for reviewId R1JDXB8Y4TO3MT for inputIndex 1 for taskType sentimentAnalysis with taskResult 3
LOCAL 2024-02-11 20:41:00 INFO  ManagerTask:93 - Received response for reviewId R3DHV2T9Q991V7 for inputIndex 0 for taskType sentimentAnalysis with taskResult 4
LOCAL 2024-02-11 20:41:00 INFO  ManagerTask:123 - Completed tasks 2 out of 40 for local app 8ffe4fd3274fa45d for inputIndex 1
LOCAL 2024-02-11 20:41:00 INFO  SQSHandler:93 - Deleted message from https://sqs.us-east-1.amazonaws.com/767398090493/workerToManagerQueue
LOCAL 2024-02-11 20:41:00 INFO  ManagerTask:123 - Completed tasks 5 out of 40 for local app 8ffe4fd3274fa45d for inputIndex 1
LOCAL 2024-02-11 20:41:00 INFO  SQSHandler:93 - Deleted message from https://sqs.us-east-1.amazonaws.com/767398090493/workerToManagerQueue
LOCAL 2024-02-11 20:41:00 INFO  ManagerTask:123 - Completed tasks 5 out of 40 for local app 8ffe4fd3274fa45d for inputIndex 0
LOCAL 2024-02-11 20:41:00 INFO  ManagerTask:123 - Completed tasks 2 out of 40 for local app 8ffe4fd3274fa45d for inputIndex 1
LOCAL 2024-02-11 20:41:00 INFO  ManagerTask:123 - Completed tasks 5 out of 40 for local app 8ffe4fd3274fa45d for inputIndex 0
LOCAL 2024-02-11 20:41:00 INFO  ManagerTask:93 - Received response for reviewId R2IZ8JCDKDN7YL for inputIndex 1 for taskType entityRecognition with taskResult 
LOCAL 2024-02-11 20:41:00 INFO  ManagerTask:123 - Completed tasks 5 out of 40 for local app 8ffe4fd3274fa45d for inputIndex 1
LOCAL 2024-02-11 20:41:00 INFO  ManagerTask:123 - Completed tasks 2 out of 40 for local app 8ffe4fd3274fa45d for inputIndex 0
LOCAL 2024-02-11 20:41:00 INFO  SQSHandler:93 - Deleted message from https://sqs.us-east-1.amazonaws.com/767398090493/workerToManagerQueue
LOCAL 2024-02-11 20:41:00 INFO  ManagerTask:123 - Completed tasks 6 out of 40 for local app 8ffe4fd3274fa45d for inputIndex 1
LOCAL 2024-02-11 20:41:00 INFO  ManagerTask:93 - Received response for reviewId RB9QK3F6SUQPU for inputIndex 0 for taskType entityRecognition with taskResult 
LOCAL 2024-02-11 20:41:00 INFO  ManagerTask:93 - Received response for reviewId RTCQYW9LFP4NU for inputIndex 1 for taskType entityRecognition with taskResult 
LOCAL 2024-02-11 20:41:00 INFO  ManagerTask:123 - Completed tasks 2 out of 40 for local app 8ffe4fd3274fa45d for inputIndex 1
LOCAL 2024-02-11 20:41:00 INFO  ManagerTask:123 - Completed tasks 2 out of 40 for local app 8ffe4fd3274fa45d for inputIndex 0
LOCAL 2024-02-11 20:41:01 INFO  SQSHandler:93 - Deleted message from https://sqs.us-east-1.amazonaws.com/767398090493/workerToManagerQueue
LOCAL 2024-02-11 20:41:01 INFO  ManagerTask:123 - Completed tasks 6 out of 40 for local app 8ffe4fd3274fa45d for inputIndex 0
LOCAL 2024-02-11 20:41:01 INFO  ManagerTask:123 - Completed tasks 6 out of 40 for local app 8ffe4fd3274fa45d for inputIndex 1
LOCAL 2024-02-11 20:41:01 INFO  SQSHandler:93 - Deleted message from https://sqs.us-east-1.amazonaws.com/767398090493/workerToManagerQueue
LOCAL 2024-02-11 20:41:01 INFO  ManagerTask:123 - Completed tasks 7 out of 40 for local app 8ffe4fd3274fa45d for inputIndex 1
LOCAL 2024-02-11 20:41:01 INFO  ManagerTask:123 - Completed tasks 2 out of 40 for local app 8ffe4fd3274fa45d for inputIndex 0
LOCAL 2024-02-11 20:41:01 INFO  ManagerTask:123 - Completed tasks 6 out of 40 for local app 8ffe4fd3274fa45d for inputIndex 1
LOCAL 2024-02-11 20:41:01 INFO  ManagerTask:93 - Received response for reviewId R1L8O7RM8DD6J3 for inputIndex 0 for taskType sentimentAnalysis with taskResult 1
LOCAL 2024-02-11 20:41:01 INFO  ManagerTask:123 - Completed tasks 7 out of 40 for local app 8ffe4fd3274fa45d for inputIndex 0
LOCAL 2024-02-11 20:41:01 INFO  ManagerTask:93 - Received response for reviewId RJ62XWHGDIF7 for inputIndex 0 for taskType entityRecognition with taskResult 
LOCAL 2024-02-11 20:41:01 INFO  SQSHandler:93 - Deleted message from https://sqs.us-east-1.amazonaws.com/767398090493/workerToManagerQueue
LOCAL 2024-02-11 20:41:01 INFO  ManagerTask:123 - Completed tasks 7 out of 40 for local app 8ffe4fd3274fa45d for inputIndex 0
LOCAL 2024-02-11 20:41:01 INFO  ManagerTask:93 - Received response for reviewId R3P2KOXRF7Z400 for inputIndex 0 for taskType sentimentAnalysis with taskResult 3
LOCAL 2024-02-11 20:41:01 INFO  ManagerTask:123 - Completed tasks 7 out of 40 for local app 8ffe4fd3274fa45d for inputIndex 0
LOCAL 2024-02-11 20:41:01 INFO  SQSHandler:93 - Deleted message from https://sqs.us-east-1.amazonaws.com/767398090493/workerToManagerQueue
LOCAL 2024-02-11 20:41:01 INFO  ManagerTask:123 - Completed tasks 3 out of 40 for local app 9f82db818a321c1b for inputIndex 0
LOCAL 2024-02-11 20:41:01 INFO  SQSHandler:93 - Deleted message from https://sqs.us-east-1.amazonaws.com/767398090493/workerToManagerQueue
LOCAL 2024-02-11 20:41:01 INFO  ManagerTask:123 - Completed tasks 8 out of 40 for local app 8ffe4fd3274fa45d for inputIndex 0
LOCAL 2024-02-11 20:41:01 INFO  ManagerTask:93 - Received response for reviewId R386EPGNDYSO6 for inputIndex 1 for taskType sentimentAnalysis with taskResult 3
LOCAL 2024-02-11 20:41:01 INFO  ManagerTask:117 - Updated summary message for reviewId R386EPGNDYSO6 for inputIndex 1 with sentiment 3 and entities 
LOCAL 2024-02-11 20:41:01 INFO  ManagerTask:123 - Completed tasks 3 out of 40 for local app 8ffe4fd3274fa45d for inputIndex 1
LOCAL 2024-02-11 20:41:01 INFO  SQSHandler:93 - Deleted message from https://sqs.us-east-1.amazonaws.com/767398090493/workerToManagerQueue
LOCAL 2024-02-11 20:41:01 INFO  ManagerTask:123 - Completed tasks 8 out of 40 for local app 8ffe4fd3274fa45d for inputIndex 1
LOCAL 2024-02-11 20:41:01 INFO  ManagerTask:123 - Completed tasks 8 out of 40 for local app 8ffe4fd3274fa45d for inputIndex 0
LOCAL 2024-02-11 20:41:01 INFO  ManagerTask:123 - Completed tasks 3 out of 40 for local app 8ffe4fd3274fa45d for inputIndex 1
LOCAL 2024-02-11 20:41:01 INFO  ManagerTask:123 - Completed tasks 3 out of 40 for local app 8ffe4fd3274fa45d for inputIndex 0
LOCAL 2024-02-11 20:41:02 INFO  ManagerTask:123 - Completed tasks 8 out of 40 for local app 9f82db818a321c1b for inputIndex 0
LOCAL 2024-02-11 20:41:02 INFO  ManagerTask:93 - Received response for reviewId R82DFHHKNJGR0 for inputIndex 1 for taskType sentimentAnalysis with taskResult 4
LOCAL 2024-02-11 20:41:02 INFO  SQSHandler:93 - Deleted message from https://sqs.us-east-1.amazonaws.com/767398090493/workerToManagerQueue
LOCAL 2024-02-11 20:41:02 INFO  ManagerTask:123 - Completed tasks 9 out of 40 for local app 8ffe4fd3274fa45d for inputIndex 1
LOCAL 2024-02-11 20:41:02 INFO  ManagerTask:123 - Completed tasks 9 out of 40 for local app 8ffe4fd3274fa45d for inputIndex 0
LOCAL 2024-02-11 20:41:02 INFO  ManagerTask:93 - Received response for reviewId R82DFHHKNJGR0 for inputIndex 1 for taskType entityRecognition with taskResult 
LOCAL 2024-02-11 20:41:02 INFO  ManagerTask:117 - Updated summary message for reviewId R82DFHHKNJGR0 for inputIndex 1 with sentiment 4 and entities 
LOCAL 2024-02-11 20:41:02 INFO  ManagerTask:123 - Completed tasks 3 out of 40 for local app 8ffe4fd3274fa45d for inputIndex 0
LOCAL 2024-02-11 20:41:02 INFO  ManagerTask:123 - Completed tasks 8 out of 40 for local app 8ffe4fd3274fa45d for inputIndex 1
LOCAL 2024-02-11 20:41:02 INFO  SQSHandler:93 - Deleted message from https://sqs.us-east-1.amazonaws.com/767398090493/workerToManagerQueue
LOCAL 2024-02-11 20:41:02 INFO  ManagerTask:123 - Completed tasks 10 out of 40 for local app 8ffe4fd3274fa45d for inputIndex 1
LOCAL 2024-02-11 20:41:02 INFO  ManagerTask:123 - Completed tasks 8 out of 40 for local app 9f82db818a321c1b for inputIndex 0
LOCAL 2024-02-11 20:41:02 INFO  ManagerTask:123 - Completed tasks 3 out of 40 for local app 8ffe4fd3274fa45d for inputIndex 1
LOCAL 2024-02-11 20:41:02 INFO  ManagerTask:123 - Completed tasks 10 out of 40 for local app 9f82db818a321c1b for inputIndex 0
LOCAL 2024-02-11 20:41:02 INFO  ManagerTask:93 - Received response for reviewId R1IKZK5S0DCKZ0 for inputIndex 0 for taskType entityRecognition with taskResult Karen: PERSON, Katz: PERSON
LOCAL 2024-02-11 20:41:02 INFO  SQSHandler:93 - Deleted message from https://sqs.us-east-1.amazonaws.com/767398090493/workerToManagerQueue
LOCAL 2024-02-11 20:41:02 INFO  ManagerTask:123 - Completed tasks 4 out of 40 for local app 9f82db818a321c1b for inputIndex 0
LOCAL 2024-02-11 20:41:03 INFO  ManagerTask:93 - Received response for reviewId RW6ORU2M3C461 for inputIndex 0 for taskType sentimentAnalysis with taskResult 3
LOCAL 2024-02-11 20:41:03 INFO  ManagerTask:123 - Completed tasks 10 out of 40 for local app 9f82db818a321c1b for inputIndex 0
LOCAL 2024-02-11 20:41:03 INFO  ManagerTask:93 - Received response for reviewId R2VXY3WQWH9Z0F for inputIndex 1 for taskType sentimentAnalysis with taskResult 1
LOCAL 2024-02-11 20:41:03 INFO  SQSHandler:93 - Deleted message from https://sqs.us-east-1.amazonaws.com/767398090493/workerToManagerQueue
LOCAL 2024-02-11 20:41:03 INFO  ManagerTask:123 - Completed tasks 5 out of 40 for local app 9f82db818a321c1b for inputIndex 0
LOCAL 2024-02-11 20:41:03 INFO  ManagerTask:123 - Completed tasks 8 out of 40 for local app 9f82db818a321c1b for inputIndex 0
LOCAL 2024-02-11 20:41:03 INFO  SQSHandler:93 - Deleted message from https://sqs.us-east-1.amazonaws.com/767398090493/workerToManagerQueue
LOCAL 2024-02-11 20:41:03 INFO  ManagerTask:123 - Completed tasks 11 out of 40 for local app 8ffe4fd3274fa45d for inputIndex 1
LOCAL 2024-02-11 20:41:03 INFO  ManagerTask:123 - Completed tasks 11 out of 40 for local app 9f82db818a321c1b for inputIndex 0
LOCAL 2024-02-11 20:41:03 INFO  ManagerTask:93 - Received response for reviewId R3MRIY8FUDOYHU for inputIndex 0 for taskType entityRecognition with taskResult Katz: PERSON, Karen: PERSON, Katz: PERSON, Katz: PERSON
LOCAL 2024-02-11 20:41:03 INFO  ManagerTask:93 - Received response for reviewId R2OJAJRDONJ956 for inputIndex 1 for taskType entityRecognition with taskResult 
LOCAL 2024-02-11 20:41:03 INFO  ManagerTask:123 - Completed tasks 8 out of 40 for local app 8ffe4fd3274fa45d for inputIndex 1
LOCAL 2024-02-11 20:41:03 INFO  SQSHandler:93 - Deleted message from https://sqs.us-east-1.amazonaws.com/767398090493/workerToManagerQueue
LOCAL 2024-02-11 20:41:03 INFO  ManagerTask:123 - Completed tasks 6 out of 40 for local app 9f82db818a321c1b for inputIndex 0
LOCAL 2024-02-11 20:41:03 INFO  SQSHandler:93 - Deleted message from https://sqs.us-east-1.amazonaws.com/767398090493/workerToManagerQueue
LOCAL 2024-02-11 20:41:03 INFO  ManagerTask:123 - Completed tasks 12 out of 40 for local app 8ffe4fd3274fa45d for inputIndex 1
LOCAL 2024-02-11 20:41:04 INFO  ManagerTask:93 - Received response for reviewId R33SW6AMDKTSB8 for inputIndex 0 for taskType sentimentAnalysis with taskResult 3
LOCAL 2024-02-11 20:41:04 INFO  ManagerTask:117 - Updated summary message for reviewId R33SW6AMDKTSB8 for inputIndex 0 with sentiment 3 and entities 
LOCAL 2024-02-11 20:41:04 INFO  ManagerTask:123 - Completed tasks 6 out of 40 for local app 8ffe4fd3274fa45d for inputIndex 1
LOCAL 2024-02-11 20:41:04 INFO  ManagerTask:93 - Received response for reviewId R2I4MYU1IT5IJ for inputIndex 1 for taskType entityRecognition with taskResult 
LOCAL 2024-02-11 20:41:04 INFO  SQSHandler:93 - Deleted message from https://sqs.us-east-1.amazonaws.com/767398090493/workerToManagerQueue
LOCAL 2024-02-11 20:41:04 INFO  ManagerTask:123 - Completed tasks 9 out of 40 for local app 8ffe4fd3274fa45d for inputIndex 0
LOCAL 2024-02-11 20:41:04 INFO  ManagerTask:123 - Completed tasks 6 out of 40 for local app 8ffe4fd3274fa45d for inputIndex 0
LOCAL 2024-02-11 20:41:04 INFO  SQSHandler:93 - Deleted message from https://sqs.us-east-1.amazonaws.com/767398090493/workerToManagerQueue
LOCAL 2024-02-11 20:41:04 INFO  ManagerTask:123 - Completed tasks 13 out of 40 for local app 8ffe4fd3274fa45d for inputIndex 1
LOCAL 2024-02-11 20:41:04 INFO  ManagerTask:123 - Completed tasks 13 out of 40 for local app 9f82db818a321c1b for inputIndex 0
LOCAL 2024-02-11 20:41:04 INFO  ManagerTask:123 - Completed tasks 9 out of 40 for local app 9f82db818a321c1b for inputIndex 0
LOCAL 2024-02-11 20:41:04 INFO  ManagerTask:123 - Completed tasks 6 out of 40 for local app 8ffe4fd3274fa45d for inputIndex 0
LOCAL 2024-02-11 20:41:04 INFO  ManagerTask:123 - Completed tasks 6 out of 40 for local app 8ffe4fd3274fa45d for inputIndex 0
LOCAL 2024-02-11 20:41:04 INFO  ManagerTask:123 - Completed tasks 13 out of 40 for local app 9f82db818a321c1b for inputIndex 0
LOCAL 2024-02-11 20:41:04 INFO  ManagerTask:93 - Received response for reviewId RSO743RDYVWTZ for inputIndex 0 for taskType sentimentAnalysis with taskResult 2
LOCAL 2024-02-11 20:41:04 INFO  ManagerTask:93 - Received response for reviewId RPURVNKU8YWTS for inputIndex 1 for taskType sentimentAnalysis with taskResult 2
LOCAL 2024-02-11 20:41:04 INFO  SQSHandler:93 - Deleted message from https://sqs.us-east-1.amazonaws.com/767398090493/workerToManagerQueue
LOCAL 2024-02-11 20:41:04 INFO  ManagerTask:123 - Completed tasks 10 out of 40 for local app 8ffe4fd3274fa45d for inputIndex 0
LOCAL 2024-02-11 20:41:05 INFO  ManagerTask:93 - Received response for reviewId R33DK4T6EHUIHX for inputIndex 0 for taskType sentimentAnalysis with taskResult 1
LOCAL 2024-02-11 20:41:05 INFO  SQSHandler:93 - Deleted message from https://sqs.us-east-1.amazonaws.com/767398090493/workerToManagerQueue
LOCAL 2024-02-11 20:41:05 INFO  ManagerTask:123 - Completed tasks 11 out of 40 for local app 8ffe4fd3274fa45d for inputIndex 0
LOCAL 2024-02-11 20:41:05 INFO  ManagerTask:123 - Completed tasks 6 out of 40 for local app 8ffe4fd3274fa45d for inputIndex 1
LOCAL 2024-02-11 20:41:05 INFO  ManagerTask:123 - Completed tasks 6 out of 40 for local app 8ffe4fd3274fa45d for inputIndex 1
LOCAL 2024-02-11 20:41:05 INFO  ManagerTask:123 - Completed tasks 6 out of 40 for local app 8ffe4fd3274fa45d for inputIndex 1
LOCAL 2024-02-11 20:41:05 INFO  ManagerTask:93 - Received response for reviewId RGMH5ROASTBS8 for inputIndex 0 for taskType sentimentAnalysis with taskResult 3
LOCAL 2024-02-11 20:41:05 INFO  ManagerTask:123 - Completed tasks 6 out of 40 for local app 8ffe4fd3274fa45d for inputIndex 1
LOCAL 2024-02-11 20:41:05 INFO  SQSHandler:93 - Deleted message from https://sqs.us-east-1.amazonaws.com/767398090493/workerToManagerQueue
LOCAL 2024-02-11 20:41:05 INFO  ManagerTask:123 - Completed tasks 14 out of 40 for local app 8ffe4fd3274fa45d for inputIndex 1
LOCAL 2024-02-11 20:41:05 INFO  ManagerTask:123 - Completed tasks 14 out of 40 for local app 9f82db818a321c1b for inputIndex 0
LOCAL 2024-02-11 20:41:05 INFO  SQSHandler:93 - Deleted message from https://sqs.us-east-1.amazonaws.com/767398090493/workerToManagerQueue
LOCAL 2024-02-11 20:41:05 INFO  ManagerTask:123 - Completed tasks 12 out of 40 for local app 8ffe4fd3274fa45d for inputIndex 0
LOCAL 2024-02-11 20:41:05 INFO  ManagerTask:93 - Received response for reviewId R33DK4T6EHUIHX for inputIndex 0 for taskType entityRecognition with taskResult 
LOCAL 2024-02-11 20:41:05 INFO  ManagerTask:117 - Updated summary message for reviewId R33DK4T6EHUIHX for inputIndex 0 with sentiment 1 and entities 
LOCAL 2024-02-11 20:41:05 INFO  ManagerTask:93 - Received response for reviewId RJ62XWHGDIF7 for inputIndex 0 for taskType sentimentAnalysis with taskResult 2
LOCAL 2024-02-11 20:41:05 INFO  ManagerTask:117 - Updated summary message for reviewId RJ62XWHGDIF7 for inputIndex 0 with sentiment 2 and entities 
LOCAL 2024-02-11 20:41:05 INFO  ManagerTask:123 - Completed tasks 14 out of 40 for local app 9f82db818a321c1b for inputIndex 0
LOCAL 2024-02-11 20:41:06 INFO  SQSHandler:93 - Deleted message from https://sqs.us-east-1.amazonaws.com/767398090493/workerToManagerQueue
LOCAL 2024-02-11 20:41:06 INFO  ManagerTask:123 - Completed tasks 13 out of 40 for local app 8ffe4fd3274fa45d for inputIndex 0
LOCAL 2024-02-11 20:41:06 INFO  SQSHandler:93 - Deleted message from https://sqs.us-east-1.amazonaws.com/767398090493/workerToManagerQueue
LOCAL 2024-02-11 20:41:06 INFO  ManagerTask:123 - Completed tasks 7 out of 40 for local app 9f82db818a321c1b for inputIndex 0
LOCAL 2024-02-11 20:41:06 INFO  ManagerTask:123 - Completed tasks 14 out of 40 for local app 9f82db818a321c1b for inputIndex 0
LOCAL 2024-02-11 20:41:06 INFO  ManagerTask:123 - Completed tasks 13 out of 40 for local app 9f82db818a321c1b for inputIndex 0
LOCAL 2024-02-11 20:41:06 INFO  ManagerTask:123 - Completed tasks 13 out of 40 for local app 9f82db818a321c1b for inputIndex 0
LOCAL 2024-02-11 20:41:06 INFO  ManagerTask:93 - Received response for reviewId R3DHV2T9Q991V7 for inputIndex 0 for taskType entityRecognition with taskResult 
LOCAL 2024-02-11 20:41:06 INFO  ManagerTask:123 - Completed tasks 14 out of 40 for local app 9f82db818a321c1b for inputIndex 0
LOCAL 2024-02-11 20:41:06 INFO  ManagerTask:123 - Completed tasks 14 out of 40 for local app 9f82db818a321c1b for inputIndex 0
LOCAL 2024-02-11 20:41:06 INFO  ManagerTask:93 - Received response for reviewId R367OTNJ8I36FS for inputIndex 0 for taskType sentimentAnalysis with taskResult 3
LOCAL 2024-02-11 20:41:06 INFO  SQSHandler:93 - Deleted message from https://sqs.us-east-1.amazonaws.com/767398090493/workerToManagerQueue
LOCAL 2024-02-11 20:41:06 INFO  ManagerTask:123 - Completed tasks 8 out of 40 for local app 9f82db818a321c1b for inputIndex 0
LOCAL 2024-02-11 20:41:06 INFO  ManagerTask:93 - Received response for reviewId R3P2KOXRF7Z400 for inputIndex 0 for taskType entityRecognition with taskResult 
LOCAL 2024-02-11 20:41:06 INFO  ManagerTask:93 - Received response for reviewId RGAST6Q7TRKA4 for inputIndex 1 for taskType sentimentAnalysis with taskResult 3
LOCAL 2024-02-11 20:41:06 INFO  SQSHandler:93 - Deleted message from https://sqs.us-east-1.amazonaws.com/767398090493/workerToManagerQueue
LOCAL 2024-02-11 20:41:06 INFO  ManagerTask:123 - Completed tasks 14 out of 40 for local app 8ffe4fd3274fa45d for inputIndex 0
LOCAL 2024-02-11 20:41:06 INFO  SQSHandler:93 - Deleted message from https://sqs.us-east-1.amazonaws.com/767398090493/workerToManagerQueue
LOCAL 2024-02-11 20:41:06 INFO  ManagerTask:123 - Completed tasks 9 out of 40 for local app 9f82db818a321c1b for inputIndex 0
LOCAL 2024-02-11 20:41:06 INFO  ManagerTask:93 - Received response for reviewId R1RUXYHCSZSHJ0 for inputIndex 0 for taskType sentimentAnalysis with taskResult 2
LOCAL 2024-02-11 20:41:06 INFO  SQSHandler:93 - Deleted message from https://sqs.us-east-1.amazonaws.com/767398090493/workerToManagerQueue
LOCAL 2024-02-11 20:41:06 INFO  ManagerTask:123 - Completed tasks 15 out of 40 for local app 8ffe4fd3274fa45d for inputIndex 1
LOCAL 2024-02-11 20:41:06 INFO  ManagerTask:123 - Completed tasks 15 out of 40 for local app 9f82db818a321c1b for inputIndex 0
LOCAL 2024-02-11 20:41:06 INFO  SQSHandler:93 - Deleted message from https://sqs.us-east-1.amazonaws.com/767398090493/workerToManagerQueue
LOCAL 2024-02-11 20:41:06 INFO  ManagerTask:123 - Completed tasks 10 out of 40 for local app 9f82db818a321c1b for inputIndex 0
LOCAL 2024-02-11 20:41:06 INFO  ManagerTask:123 - Completed tasks 14 out of 40 for local app 9f82db818a321c1b for inputIndex 0
LOCAL 2024-02-11 20:41:06 INFO  ManagerTask:123 - Completed tasks 15 out of 40 for local app 9f82db818a321c1b for inputIndex 0
LOCAL 2024-02-11 20:41:06 INFO  ManagerTask:93 - Received response for reviewId R33SW6AMDKTSB8 for inputIndex 0 for taskType sentimentAnalysis with taskResult 3
LOCAL 2024-02-11 20:41:06 INFO  ManagerTask:123 - Completed tasks 14 out of 40 for local app 9f82db818a321c1b for inputIndex 0
LOCAL 2024-02-11 20:41:07 INFO  SQSHandler:93 - Deleted message from https://sqs.us-east-1.amazonaws.com/767398090493/workerToManagerQueue
LOCAL 2024-02-11 20:41:07 INFO  ManagerTask:123 - Completed tasks 11 out of 40 for local app 9f82db818a321c1b for inputIndex 0
LOCAL 2024-02-11 20:41:07 INFO  ManagerTask:123 - Completed tasks 11 out of 40 for local app 8ffe4fd3274fa45d for inputIndex 0
LOCAL 2024-02-11 20:41:07 INFO  ManagerTask:123 - Completed tasks 15 out of 40 for local app 9f82db818a321c1b for inputIndex 0
LOCAL 2024-02-11 20:41:07 INFO  ManagerTask:123 - Completed tasks 14 out of 40 for local app 9f82db818a321c1b for inputIndex 0
LOCAL 2024-02-11 20:41:07 INFO  ManagerTask:93 - Received response for reviewId R33SW6AMDKTSB8 for inputIndex 0 for taskType entityRecognition with taskResult 
LOCAL 2024-02-11 20:41:07 INFO  ManagerTask:117 - Updated summary message for reviewId R33SW6AMDKTSB8 for inputIndex 0 with sentiment 3 and entities 
LOCAL 2024-02-11 20:41:07 INFO  SQSHandler:93 - Deleted message from https://sqs.us-east-1.amazonaws.com/767398090493/workerToManagerQueue
LOCAL 2024-02-11 20:41:07 INFO  ManagerTask:123 - Completed tasks 12 out of 40 for local app 9f82db818a321c1b for inputIndex 0
LOCAL 2024-02-11 20:41:07 INFO  ManagerTask:123 - Completed tasks 14 out of 40 for local app 9f82db818a321c1b for inputIndex 0
LOCAL 2024-02-11 20:41:16 INFO  Manager:61 - Received 0 requests
LOCAL 2024-02-11 20:41:17 INFO  Manager:61 - Received 0 requests
LOCAL 2024-02-11 20:41:36 INFO  Manager:61 - Received 0 requests
LOCAL 2024-02-11 20:41:37 INFO  Manager:61 - Received 0 requests
LOCAL 2024-02-11 20:41:50 INFO  ManagerTask:123 - Completed tasks 12 out of 40 for local app 8ffe4fd3274fa45d for inputIndex 0
LOCAL 2024-02-11 20:41:50 INFO  ManagerTask:93 - Received response for reviewId RGAST6Q7TRKA4 for inputIndex 1 for taskType entityRecognition with taskResult 
LOCAL 2024-02-11 20:41:50 INFO  ManagerTask:117 - Updated summary message for reviewId RGAST6Q7TRKA4 for inputIndex 1 with sentiment 3 and entities 
LOCAL 2024-02-11 20:41:50 INFO  ManagerTask:123 - Completed tasks 12 out of 40 for local app 8ffe4fd3274fa45d for inputIndex 1
LOCAL 2024-02-11 20:41:51 INFO  SQSHandler:93 - Deleted message from https://sqs.us-east-1.amazonaws.com/767398090493/workerToManagerQueue
LOCAL 2024-02-11 20:41:51 INFO  ManagerTask:123 - Completed tasks 16 out of 40 for local app 8ffe4fd3274fa45d for inputIndex 1
LOCAL 2024-02-11 20:41:51 INFO  ManagerTask:123 - Completed tasks 16 out of 40 for local app 8ffe4fd3274fa45d for inputIndex 0
LOCAL 2024-02-11 20:41:52 INFO  ManagerTask:123 - Completed tasks 16 out of 40 for local app 8ffe4fd3274fa45d for inputIndex 0
LOCAL 2024-02-11 20:41:53 INFO  ManagerTask:123 - Completed tasks 12 out of 40 for local app 8ffe4fd3274fa45d for inputIndex 1
LOCAL 2024-02-11 20:41:54 INFO  ManagerTask:123 - Completed tasks 12 out of 40 for local app 8ffe4fd3274fa45d for inputIndex 1
LOCAL 2024-02-11 20:41:55 INFO  ManagerTask:93 - Received response for reviewId R35P822BAW0TEW for inputIndex 1 for taskType entityRecognition with taskResult 
LOCAL 2024-02-11 20:41:55 INFO  SQSHandler:93 - Deleted message from https://sqs.us-east-1.amazonaws.com/767398090493/workerToManagerQueue
LOCAL 2024-02-11 20:41:55 INFO  ManagerTask:123 - Completed tasks 17 out of 40 for local app 8ffe4fd3274fa45d for inputIndex 1
LOCAL 2024-02-11 20:41:55 INFO  ManagerTask:123 - Completed tasks 12 out of 40 for local app 8ffe4fd3274fa45d for inputIndex 0
LOCAL 2024-02-11 20:41:55 INFO  ManagerTask:123 - Completed tasks 12 out of 40 for local app 8ffe4fd3274fa45d for inputIndex 0
LOCAL 2024-02-11 20:41:56 INFO  ManagerTask:123 - Completed tasks 17 out of 40 for local app 9f82db818a321c1b for inputIndex 0
LOCAL 2024-02-11 20:41:56 INFO  ManagerTask:123 - Completed tasks 17 out of 40 for local app 9f82db818a321c1b for inputIndex 0
LOCAL 2024-02-11 20:41:56 INFO  Manager:61 - Received 0 requests
LOCAL 2024-02-11 20:41:57 INFO  ManagerTask:123 - Completed tasks 17 out of 40 for local app 8ffe4fd3274fa45d for inputIndex 0
LOCAL 2024-02-11 20:41:57 INFO  ManagerTask:93 - Received response for reviewId R8OWCLDI0GGL0 for inputIndex 0 for taskType entityRecognition with taskResult Karen: PERSON, Katz: PERSON
LOCAL 2024-02-11 20:41:57 INFO  ManagerTask:123 - Completed tasks 12 out of 40 for local app 8ffe4fd3274fa45d for inputIndex 0
LOCAL 2024-02-11 20:41:57 INFO  ManagerTask:123 - Completed tasks 17 out of 40 for local app 8ffe4fd3274fa45d for inputIndex 0
LOCAL 2024-02-11 20:41:57 INFO  SQSHandler:93 - Deleted message from https://sqs.us-east-1.amazonaws.com/767398090493/workerToManagerQueue
LOCAL 2024-02-11 20:41:57 INFO  ManagerTask:123 - Completed tasks 15 out of 40 for local app 8ffe4fd3274fa45d for inputIndex 0
LOCAL 2024-02-11 20:41:57 INFO  ManagerTask:93 - Received response for reviewId RGMH5ROASTBS8 for inputIndex 0 for taskType sentimentAnalysis with taskResult 3
LOCAL 2024-02-11 20:41:57 INFO  ManagerTask:117 - Updated summary message for reviewId RGMH5ROASTBS8 for inputIndex 0 with sentiment 3 and entities 
LOCAL 2024-02-11 20:41:57 INFO  Manager:61 - Received 0 requests
LOCAL 2024-02-11 20:41:57 INFO  SQSHandler:93 - Deleted message from https://sqs.us-east-1.amazonaws.com/767398090493/workerToManagerQueue
LOCAL 2024-02-11 20:41:57 INFO  ManagerTask:123 - Completed tasks 13 out of 40 for local app 9f82db818a321c1b for inputIndex 0
LOCAL 2024-02-11 20:41:57 INFO  ManagerTask:123 - Completed tasks 15 out of 40 for local app 9f82db818a321c1b for inputIndex 0
LOCAL 2024-02-11 20:41:58 INFO  ManagerTask:123 - Completed tasks 17 out of 40 for local app 8ffe4fd3274fa45d for inputIndex 0
LOCAL 2024-02-11 20:41:58 INFO  ManagerTask:123 - Completed tasks 13 out of 40 for local app 8ffe4fd3274fa45d for inputIndex 1
LOCAL 2024-02-11 20:41:58 INFO  ManagerTask:123 - Completed tasks 17 out of 40 for local app 8ffe4fd3274fa45d for inputIndex 0
LOCAL 2024-02-11 20:41:59 INFO  ManagerTask:123 - Completed tasks 13 out of 40 for local app 8ffe4fd3274fa45d for inputIndex 1
LOCAL 2024-02-11 20:41:59 INFO  ManagerTask:123 - Completed tasks 17 out of 40 for local app 8ffe4fd3274fa45d for inputIndex 0
LOCAL 2024-02-11 20:41:59 INFO  ManagerTask:123 - Completed tasks 15 out of 40 for local app 9f82db818a321c1b for inputIndex 0
LOCAL 2024-02-11 20:41:59 INFO  ManagerTask:93 - Received response for reviewId RJ1ACTUJ9GHIA for inputIndex 1 for taskType sentimentAnalysis with taskResult 1
LOCAL 2024-02-11 20:41:59 INFO  SQSHandler:93 - Deleted message from https://sqs.us-east-1.amazonaws.com/767398090493/workerToManagerQueue
LOCAL 2024-02-11 20:41:59 INFO  ManagerTask:123 - Completed tasks 18 out of 40 for local app 8ffe4fd3274fa45d for inputIndex 1
LOCAL 2024-02-11 20:41:59 INFO  ManagerTask:123 - Completed tasks 15 out of 40 for local app 8ffe4fd3274fa45d for inputIndex 1
LOCAL 2024-02-11 20:42:00 INFO  ManagerTask:123 - Completed tasks 15 out of 40 for local app 8ffe4fd3274fa45d for inputIndex 1
LOCAL 2024-02-11 20:42:00 INFO  ManagerTask:123 - Completed tasks 13 out of 40 for local app 8ffe4fd3274fa45d for inputIndex 1
LOCAL 2024-02-11 20:42:00 INFO  ManagerTask:93 - Received response for reviewId R3P2KOXRF7Z400 for inputIndex 0 for taskType entityRecognition with taskResult 
LOCAL 2024-02-11 20:42:00 INFO  ManagerTask:117 - Updated summary message for reviewId R3P2KOXRF7Z400 for inputIndex 0 with sentiment 3 and entities 
LOCAL 2024-02-11 20:42:00 INFO  ManagerTask:93 - Received response for reviewId R2VXY3WQWH9Z0F for inputIndex 1 for taskType entityRecognition with taskResult Haribo: PERSON
LOCAL 2024-02-11 20:42:00 INFO  ManagerTask:117 - Updated summary message for reviewId R2VXY3WQWH9Z0F for inputIndex 1 with sentiment 1 and entities Haribo: PERSON
LOCAL 2024-02-11 20:42:00 INFO  ManagerTask:123 - Completed tasks 13 out of 40 for local app 8ffe4fd3274fa45d for inputIndex 0
LOCAL 2024-02-11 20:42:00 INFO  SQSHandler:93 - Deleted message from https://sqs.us-east-1.amazonaws.com/767398090493/workerToManagerQueue
LOCAL 2024-02-11 20:42:00 INFO  ManagerTask:123 - Completed tasks 16 out of 40 for local app 8ffe4fd3274fa45d for inputIndex 0
LOCAL 2024-02-11 20:42:00 INFO  SQSHandler:93 - Deleted message from https://sqs.us-east-1.amazonaws.com/767398090493/workerToManagerQueue
LOCAL 2024-02-11 20:42:00 INFO  ManagerTask:123 - Completed tasks 19 out of 40 for local app 8ffe4fd3274fa45d for inputIndex 1
LOCAL 2024-02-11 20:42:00 INFO  ManagerTask:123 - Completed tasks 13 out of 40 for local app 8ffe4fd3274fa45d for inputIndex 1
LOCAL 2024-02-11 20:42:00 INFO  ManagerTask:123 - Completed tasks 16 out of 40 for local app 8ffe4fd3274fa45d for inputIndex 1
LOCAL 2024-02-11 20:42:00 INFO  ManagerTask:93 - Received response for reviewId RB9QK3F6SUQPU for inputIndex 0 for taskType sentimentAnalysis with taskResult 4
LOCAL 2024-02-11 20:42:00 INFO  ManagerTask:117 - Updated summary message for reviewId RB9QK3F6SUQPU for inputIndex 0 with sentiment 4 and entities 
LOCAL 2024-02-11 20:42:01 INFO  SQSHandler:93 - Deleted message from https://sqs.us-east-1.amazonaws.com/767398090493/workerToManagerQueue
LOCAL 2024-02-11 20:42:01 INFO  ManagerTask:123 - Completed tasks 17 out of 40 for local app 8ffe4fd3274fa45d for inputIndex 0
LOCAL 2024-02-11 20:42:01 INFO  ManagerTask:123 - Completed tasks 19 out of 40 for local app 8ffe4fd3274fa45d for inputIndex 0
LOCAL 2024-02-11 20:42:01 INFO  ManagerTask:123 - Completed tasks 13 out of 40 for local app 8ffe4fd3274fa45d for inputIndex 1
LOCAL 2024-02-11 20:42:01 INFO  ManagerTask:93 - Received response for reviewId R1IKZK5S0DCKZ0 for inputIndex 0 for taskType sentimentAnalysis with taskResult 3
LOCAL 2024-02-11 20:42:01 INFO  SQSHandler:93 - Deleted message from https://sqs.us-east-1.amazonaws.com/767398090493/workerToManagerQueue
LOCAL 2024-02-11 20:42:01 INFO  ManagerTask:123 - Completed tasks 18 out of 40 for local app 8ffe4fd3274fa45d for inputIndex 0
LOCAL 2024-02-11 20:42:01 INFO  ManagerTask:123 - Completed tasks 13 out of 40 for local app 8ffe4fd3274fa45d for inputIndex 0
LOCAL 2024-02-11 20:42:01 INFO  ManagerTask:123 - Completed tasks 19 out of 40 for local app 8ffe4fd3274fa45d for inputIndex 0
LOCAL 2024-02-11 20:42:01 INFO  ManagerTask:123 - Completed tasks 18 out of 40 for local app 8ffe4fd3274fa45d for inputIndex 1
LOCAL 2024-02-11 20:42:01 INFO  ManagerTask:123 - Completed tasks 13 out of 40 for local app 8ffe4fd3274fa45d for inputIndex 1
LOCAL 2024-02-11 20:42:01 INFO  ManagerTask:93 - Received response for reviewId RP1Q8KK6ZJAK0 for inputIndex 1 for taskType sentimentAnalysis with taskResult 3
LOCAL 2024-02-11 20:42:02 INFO  SQSHandler:93 - Deleted message from https://sqs.us-east-1.amazonaws.com/767398090493/workerToManagerQueue
LOCAL 2024-02-11 20:42:02 INFO  ManagerTask:123 - Completed tasks 20 out of 40 for local app 8ffe4fd3274fa45d for inputIndex 1
LOCAL 2024-02-11 20:42:02 INFO  ManagerTask:123 - Completed tasks 20 out of 40 for local app 8ffe4fd3274fa45d for inputIndex 0
LOCAL 2024-02-11 20:42:02 INFO  ManagerTask:123 - Completed tasks 18 out of 40 for local app 9f82db818a321c1b for inputIndex 0
LOCAL 2024-02-11 20:42:02 INFO  ManagerTask:93 - Received response for reviewId R1L8O7RM8DD6J3 for inputIndex 0 for taskType entityRecognition with taskResult 
LOCAL 2024-02-11 20:42:02 INFO  ManagerTask:117 - Updated summary message for reviewId R1L8O7RM8DD6J3 for inputIndex 0 with sentiment 1 and entities 
LOCAL 2024-02-11 20:42:02 INFO  SQSHandler:93 - Deleted message from https://sqs.us-east-1.amazonaws.com/767398090493/workerToManagerQueue
LOCAL 2024-02-11 20:42:02 INFO  ManagerTask:123 - Completed tasks 19 out of 40 for local app 8ffe4fd3274fa45d for inputIndex 0
LOCAL 2024-02-11 20:42:02 INFO  ManagerTask:123 - Completed tasks 13 out of 40 for local app 8ffe4fd3274fa45d for inputIndex 0
LOCAL 2024-02-11 20:42:02 INFO  ManagerTask:123 - Completed tasks 19 out of 40 for local app 9f82db818a321c1b for inputIndex 0
LOCAL 2024-02-11 20:42:02 INFO  ManagerTask:123 - Completed tasks 19 out of 40 for local app 8ffe4fd3274fa45d for inputIndex 1
LOCAL 2024-02-11 20:42:02 INFO  ManagerTask:123 - Completed tasks 20 out of 40 for local app 9f82db818a321c1b for inputIndex 0
LOCAL 2024-02-11 20:42:03 INFO  ManagerTask:123 - Completed tasks 20 out of 40 for local app 9f82db818a321c1b for inputIndex 0
LOCAL 2024-02-11 20:42:03 INFO  ManagerTask:123 - Completed tasks 19 out of 40 for local app 9f82db818a321c1b for inputIndex 0
LOCAL 2024-02-11 20:42:03 INFO  ManagerTask:93 - Received response for reviewId R3DHV2T9Q991V7 for inputIndex 0 for taskType sentimentAnalysis with taskResult 4
LOCAL 2024-02-11 20:42:03 INFO  ManagerTask:117 - Updated summary message for reviewId R3DHV2T9Q991V7 for inputIndex 0 with sentiment 4 and entities 
LOCAL 2024-02-11 20:42:03 INFO  ManagerTask:93 - Received response for reviewId RP1Q8KK6ZJAK0 for inputIndex 1 for taskType entityRecognition with taskResult 
LOCAL 2024-02-11 20:42:03 INFO  ManagerTask:117 - Updated summary message for reviewId RP1Q8KK6ZJAK0 for inputIndex 1 with sentiment 3 and entities 
LOCAL 2024-02-11 20:42:03 INFO  SQSHandler:93 - Deleted message from https://sqs.us-east-1.amazonaws.com/767398090493/workerToManagerQueue
LOCAL 2024-02-11 20:42:03 INFO  ManagerTask:123 - Completed tasks 14 out of 40 for local app 9f82db818a321c1b for inputIndex 0
LOCAL 2024-02-11 20:42:04 INFO  SQSHandler:93 - Deleted message from https://sqs.us-east-1.amazonaws.com/767398090493/workerToManagerQueue
LOCAL 2024-02-11 20:42:04 INFO  ManagerTask:123 - Completed tasks 21 out of 40 for local app 8ffe4fd3274fa45d for inputIndex 1
LOCAL 2024-02-11 20:42:04 INFO  ManagerTask:123 - Completed tasks 19 out of 40 for local app 8ffe4fd3274fa45d for inputIndex 1
LOCAL 2024-02-11 20:42:04 INFO  ManagerTask:93 - Received response for reviewId R367OTNJ8I36FS for inputIndex 0 for taskType sentimentAnalysis with taskResult 3
LOCAL 2024-02-11 20:42:04 INFO  ManagerTask:123 - Completed tasks 21 out of 40 for local app 8ffe4fd3274fa45d for inputIndex 0
LOCAL 2024-02-11 20:42:04 INFO  SQSHandler:93 - Deleted message from https://sqs.us-east-1.amazonaws.com/767398090493/workerToManagerQueue
LOCAL 2024-02-11 20:42:04 INFO  ManagerTask:123 - Completed tasks 15 out of 40 for local app 9f82db818a321c1b for inputIndex 0
LOCAL 2024-02-11 20:42:04 INFO  ManagerTask:123 - Completed tasks 19 out of 40 for local app 9f82db818a321c1b for inputIndex 0
LOCAL 2024-02-11 20:42:04 INFO  ManagerTask:123 - Completed tasks 21 out of 40 for local app 8ffe4fd3274fa45d for inputIndex 0
LOCAL 2024-02-11 20:42:04 INFO  ManagerTask:123 - Completed tasks 21 out of 40 for local app 8ffe4fd3274fa45d for inputIndex 0
LOCAL 2024-02-11 20:42:04 INFO  ManagerTask:93 - Received response for reviewId R8OWCLDI0GGL0 for inputIndex 0 for taskType entityRecognition with taskResult Karen: PERSON, Katz: PERSON
LOCAL 2024-02-11 20:42:04 INFO  SQSHandler:93 - Deleted message from https://sqs.us-east-1.amazonaws.com/767398090493/workerToManagerQueue
LOCAL 2024-02-11 20:42:04 INFO  ManagerTask:123 - Completed tasks 16 out of 40 for local app 9f82db818a321c1b for inputIndex 0
LOCAL 2024-02-11 20:42:05 INFO  ManagerTask:93 - Received response for reviewId R1266STJW192AU for inputIndex 1 for taskType sentimentAnalysis with taskResult 1
LOCAL 2024-02-11 20:42:05 INFO  ManagerTask:117 - Updated summary message for reviewId R1266STJW192AU for inputIndex 1 with sentiment 1 and entities 
LOCAL 2024-02-11 20:42:05 INFO  ManagerTask:123 - Completed tasks 19 out of 40 for local app 8ffe4fd3274fa45d for inputIndex 1
LOCAL 2024-02-11 20:42:05 INFO  SQSHandler:93 - Deleted message from https://sqs.us-east-1.amazonaws.com/767398090493/workerToManagerQueue
LOCAL 2024-02-11 20:42:05 INFO  ManagerTask:123 - Completed tasks 22 out of 40 for local app 8ffe4fd3274fa45d for inputIndex 1
LOCAL 2024-02-11 20:42:05 INFO  ManagerTask:93 - Received response for reviewId R11CRDLQ8ID6MM for inputIndex 1 for taskType sentimentAnalysis with taskResult 2
LOCAL 2024-02-11 20:42:05 INFO  ManagerTask:123 - Completed tasks 16 out of 40 for local app 8ffe4fd3274fa45d for inputIndex 1
LOCAL 2024-02-11 20:42:05 INFO  SQSHandler:93 - Deleted message from https://sqs.us-east-1.amazonaws.com/767398090493/workerToManagerQueue
LOCAL 2024-02-11 20:42:05 INFO  ManagerTask:123 - Completed tasks 23 out of 40 for local app 8ffe4fd3274fa45d for inputIndex 1
LOCAL 2024-02-11 20:42:05 INFO  ManagerTask:93 - Received response for reviewId R1L8O7RM8DD6J3 for inputIndex 0 for taskType entityRecognition with taskResult 
LOCAL 2024-02-11 20:42:05 INFO  SQSHandler:93 - Deleted message from https://sqs.us-east-1.amazonaws.com/767398090493/workerToManagerQueue
LOCAL 2024-02-11 20:42:05 INFO  ManagerTask:123 - Completed tasks 17 out of 40 for local app 9f82db818a321c1b for inputIndex 0
LOCAL 2024-02-11 20:42:05 INFO  ManagerTask:123 - Completed tasks 19 out of 40 for local app 9f82db818a321c1b for inputIndex 0
LOCAL 2024-02-11 20:42:06 INFO  ManagerTask:123 - Completed tasks 23 out of 40 for local app 9f82db818a321c1b for inputIndex 0
LOCAL 2024-02-11 20:42:06 INFO  ManagerTask:93 - Received response for reviewId R8OWCLDI0GGL0 for inputIndex 0 for taskType sentimentAnalysis with taskResult 4
LOCAL 2024-02-11 20:42:06 INFO  ManagerTask:117 - Updated summary message for reviewId R8OWCLDI0GGL0 for inputIndex 0 with sentiment 4 and entities Karen: PERSON, Katz: PERSON
LOCAL 2024-02-11 20:42:06 INFO  ManagerTask:123 - Completed tasks 19 out of 40 for local app 9f82db818a321c1b for inputIndex 0
LOCAL 2024-02-11 20:42:06 INFO  ManagerTask:123 - Completed tasks 19 out of 40 for local app 9f82db818a321c1b for inputIndex 0
LOCAL 2024-02-11 20:42:06 INFO  SQSHandler:93 - Deleted message from https://sqs.us-east-1.amazonaws.com/767398090493/workerToManagerQueue
LOCAL 2024-02-11 20:42:06 INFO  ManagerTask:123 - Completed tasks 18 out of 40 for local app 9f82db818a321c1b for inputIndex 0
LOCAL 2024-02-11 20:42:06 INFO  ManagerTask:93 - Received response for reviewId RB9QK3F6SUQPU for inputIndex 0 for taskType entityRecognition with taskResult 
LOCAL 2024-02-11 20:42:06 INFO  SQSHandler:93 - Deleted message from https://sqs.us-east-1.amazonaws.com/767398090493/workerToManagerQueue
LOCAL 2024-02-11 20:42:06 INFO  ManagerTask:123 - Completed tasks 19 out of 40 for local app 9f82db818a321c1b for inputIndex 0
LOCAL 2024-02-11 20:42:06 INFO  ManagerTask:123 - Completed tasks 19 out of 40 for local app 9f82db818a321c1b for inputIndex 0
LOCAL 2024-02-11 20:42:06 INFO  ManagerTask:123 - Completed tasks 19 out of 40 for local app 9f82db818a321c1b for inputIndex 0
LOCAL 2024-02-11 20:42:06 INFO  ManagerTask:123 - Completed tasks 23 out of 40 for local app 9f82db818a321c1b for inputIndex 0
LOCAL 2024-02-11 20:42:06 INFO  ManagerTask:123 - Completed tasks 19 out of 40 for local app 8ffe4fd3274fa45d for inputIndex 0
LOCAL 2024-02-11 20:42:06 INFO  ManagerTask:123 - Completed tasks 19 out of 40 for local app 9f82db818a321c1b for inputIndex 0
LOCAL 2024-02-11 20:42:07 INFO  ManagerTask:123 - Completed tasks 23 out of 40 for local app 9f82db818a321c1b for inputIndex 0
LOCAL 2024-02-11 20:42:07 INFO  ManagerTask:93 - Received response for reviewId R3GCFAIUL8BI3Y for inputIndex 0 for taskType entityRecognition with taskResult 
LOCAL 2024-02-11 20:42:07 INFO  SQSHandler:93 - Deleted message from https://sqs.us-east-1.amazonaws.com/767398090493/workerToManagerQueue
LOCAL 2024-02-11 20:42:07 INFO  ManagerTask:123 - Completed tasks 20 out of 40 for local app 9f82db818a321c1b for inputIndex 0
LOCAL 2024-02-11 20:42:07 INFO  ManagerTask:123 - Completed tasks 19 out of 40 for local app 9f82db818a321c1b for inputIndex 0
LOCAL 2024-02-11 20:42:17 INFO  Manager:61 - Received 0 requests
LOCAL 2024-02-11 20:42:17 INFO  Manager:61 - Received 0 requests
LOCAL 2024-02-11 20:42:37 INFO  Manager:61 - Received 0 requests
LOCAL 2024-02-11 20:42:38 INFO  Manager:61 - Received 0 requests
LOCAL 2024-02-11 20:42:50 INFO  ManagerTask:93 - Received response for reviewId R1RUXYHCSZSHJ0 for inputIndex 0 for taskType sentimentAnalysis with taskResult 2
LOCAL 2024-02-11 20:42:50 INFO  SQSHandler:93 - Deleted message from https://sqs.us-east-1.amazonaws.com/767398090493/workerToManagerQueue
LOCAL 2024-02-11 20:42:50 INFO  ManagerTask:123 - Completed tasks 20 out of 40 for local app 8ffe4fd3274fa45d for inputIndex 0
LOCAL 2024-02-11 20:42:50 INFO  ManagerTask:123 - Completed tasks 20 out of 40 for local app 8ffe4fd3274fa45d for inputIndex 1
LOCAL 2024-02-11 20:42:51 INFO  ManagerTask:93 - Received response for reviewId RW6ORU2M3C461 for inputIndex 0 for taskType entityRecognition with taskResult 
LOCAL 2024-02-11 20:42:51 INFO  SQSHandler:93 - Deleted message from https://sqs.us-east-1.amazonaws.com/767398090493/workerToManagerQueue
LOCAL 2024-02-11 20:42:51 INFO  ManagerTask:123 - Completed tasks 21 out of 40 for local app 8ffe4fd3274fa45d for inputIndex 0
LOCAL 2024-02-11 20:42:52 INFO  ManagerTask:93 - Received response for reviewId R3V239ZPPF0XY3 for inputIndex 0 for taskType sentimentAnalysis with taskResult 2
LOCAL 2024-02-11 20:42:52 INFO  SQSHandler:93 - Deleted message from https://sqs.us-east-1.amazonaws.com/767398090493/workerToManagerQueue
LOCAL 2024-02-11 20:42:52 INFO  ManagerTask:123 - Completed tasks 22 out of 40 for local app 8ffe4fd3274fa45d for inputIndex 0
LOCAL 2024-02-11 20:42:53 INFO  ManagerTask:123 - Completed tasks 20 out of 40 for local app 8ffe4fd3274fa45d for inputIndex 1
LOCAL 2024-02-11 20:42:54 INFO  ManagerTask:123 - Completed tasks 22 out of 40 for local app 8ffe4fd3274fa45d for inputIndex 1
LOCAL 2024-02-11 20:42:55 INFO  ManagerTask:123 - Completed tasks 23 out of 40 for local app 8ffe4fd3274fa45d for inputIndex 0
LOCAL 2024-02-11 20:42:55 INFO  ManagerTask:123 - Completed tasks 23 out of 40 for local app 8ffe4fd3274fa45d for inputIndex 0
LOCAL 2024-02-11 20:42:56 INFO  ManagerTask:123 - Completed tasks 23 out of 40 for local app 9f82db818a321c1b for inputIndex 0
LOCAL 2024-02-11 20:42:56 INFO  ManagerTask:123 - Completed tasks 22 out of 40 for local app 9f82db818a321c1b for inputIndex 0
LOCAL 2024-02-11 20:42:57 INFO  ManagerTask:93 - Received response for reviewId R8OWCLDI0GGL0 for inputIndex 0 for taskType sentimentAnalysis with taskResult 4
LOCAL 2024-02-11 20:42:57 INFO  ManagerTask:117 - Updated summary message for reviewId R8OWCLDI0GGL0 for inputIndex 0 with sentiment 4 and entities Karen: PERSON, Katz: PERSON
LOCAL 2024-02-11 20:42:57 INFO  SQSHandler:93 - Deleted message from https://sqs.us-east-1.amazonaws.com/767398090493/workerToManagerQueue
LOCAL 2024-02-11 20:42:57 INFO  ManagerTask:123 - Completed tasks 23 out of 40 for local app 8ffe4fd3274fa45d for inputIndex 0
LOCAL 2024-02-11 20:42:57 INFO  ManagerTask:123 - Completed tasks 23 out of 40 for local app 8ffe4fd3274fa45d for inputIndex 0
LOCAL 2024-02-11 20:42:57 INFO  ManagerTask:123 - Completed tasks 20 out of 40 for local app 8ffe4fd3274fa45d for inputIndex 0
LOCAL 2024-02-11 20:42:57 INFO  Manager:61 - Received 0 requests
LOCAL 2024-02-11 20:42:57 INFO  ManagerTask:123 - Completed tasks 23 out of 40 for local app 9f82db818a321c1b for inputIndex 0
LOCAL 2024-02-11 20:42:58 INFO  ManagerTask:123 - Completed tasks 20 out of 40 for local app 8ffe4fd3274fa45d for inputIndex 0
LOCAL 2024-02-11 20:42:58 INFO  ManagerTask:93 - Received response for reviewId R248WNDI9KORMN for inputIndex 1 for taskType entityRecognition with taskResult Gummi: PERSON, Bears: PERSON
LOCAL 2024-02-11 20:42:58 INFO  ManagerTask:123 - Completed tasks 20 out of 40 for local app 8ffe4fd3274fa45d for inputIndex 0
LOCAL 2024-02-11 20:42:58 INFO  SQSHandler:93 - Deleted message from https://sqs.us-east-1.amazonaws.com/767398090493/workerToManagerQueue
LOCAL 2024-02-11 20:42:58 INFO  ManagerTask:123 - Completed tasks 24 out of 40 for local app 8ffe4fd3274fa45d for inputIndex 1
LOCAL 2024-02-11 20:42:58 INFO  Manager:61 - Received 0 requests
LOCAL 2024-02-11 20:42:59 INFO  ManagerTask:93 - Received response for reviewId R248WNDI9KORMN for inputIndex 1 for taskType sentimentAnalysis with taskResult 2
LOCAL 2024-02-11 20:42:59 INFO  ManagerTask:117 - Updated summary message for reviewId R248WNDI9KORMN for inputIndex 1 with sentiment 2 and entities Gummi: PERSON, Bears: PERSON
LOCAL 2024-02-11 20:42:59 INFO  ManagerTask:123 - Completed tasks 20 out of 40 for local app 8ffe4fd3274fa45d for inputIndex 0
LOCAL 2024-02-11 20:42:59 INFO  SQSHandler:93 - Deleted message from https://sqs.us-east-1.amazonaws.com/767398090493/workerToManagerQueue
LOCAL 2024-02-11 20:42:59 INFO  ManagerTask:123 - Completed tasks 25 out of 40 for local app 8ffe4fd3274fa45d for inputIndex 1
LOCAL 2024-02-11 20:42:59 INFO  ManagerTask:123 - Completed tasks 23 out of 40 for local app 9f82db818a321c1b for inputIndex 0
LOCAL 2024-02-11 20:42:59 INFO  ManagerTask:123 - Completed tasks 20 out of 40 for local app 8ffe4fd3274fa45d for inputIndex 1
LOCAL 2024-02-11 20:43:00 INFO  ManagerTask:93 - Received response for reviewId R3PLCGYS9LYRHZ for inputIndex 1 for taskType sentimentAnalysis with taskResult 2
LOCAL 2024-02-11 20:43:00 INFO  SQSHandler:93 - Deleted message from https://sqs.us-east-1.amazonaws.com/767398090493/workerToManagerQueue
LOCAL 2024-02-11 20:43:00 INFO  ManagerTask:123 - Completed tasks 26 out of 40 for local app 8ffe4fd3274fa45d for inputIndex 1
LOCAL 2024-02-11 20:43:00 INFO  ManagerTask:123 - Completed tasks 23 out of 40 for local app 8ffe4fd3274fa45d for inputIndex 1
LOCAL 2024-02-11 20:43:00 INFO  ManagerTask:123 - Completed tasks 26 out of 40 for local app 8ffe4fd3274fa45d for inputIndex 0
LOCAL 2024-02-11 20:43:00 INFO  ManagerTask:123 - Completed tasks 20 out of 40 for local app 8ffe4fd3274fa45d for inputIndex 1
LOCAL 2024-02-11 20:43:00 INFO  ManagerTask:93 - Received response for reviewId RTCQYW9LFP4NU for inputIndex 1 for taskType sentimentAnalysis with taskResult 2
LOCAL 2024-02-11 20:43:00 INFO  ManagerTask:117 - Updated summary message for reviewId RTCQYW9LFP4NU for inputIndex 1 with sentiment 2 and entities 
LOCAL 2024-02-11 20:43:01 INFO  SQSHandler:93 - Deleted message from https://sqs.us-east-1.amazonaws.com/767398090493/workerToManagerQueue
LOCAL 2024-02-11 20:43:01 INFO  ManagerTask:123 - Completed tasks 27 out of 40 for local app 8ffe4fd3274fa45d for inputIndex 1
LOCAL 2024-02-11 20:43:01 INFO  ManagerTask:123 - Completed tasks 20 out of 40 for local app 8ffe4fd3274fa45d for inputIndex 0
LOCAL 2024-02-11 20:43:01 INFO  ManagerTask:123 - Completed tasks 23 out of 40 for local app 8ffe4fd3274fa45d for inputIndex 1
LOCAL 2024-02-11 20:43:01 INFO  ManagerTask:123 - Completed tasks 27 out of 40 for local app 8ffe4fd3274fa45d for inputIndex 0
LOCAL 2024-02-11 20:43:01 INFO  ManagerTask:123 - Completed tasks 20 out of 40 for local app 8ffe4fd3274fa45d for inputIndex 0
LOCAL 2024-02-11 20:43:01 INFO  ManagerTask:123 - Completed tasks 23 out of 40 for local app 8ffe4fd3274fa45d for inputIndex 1
LOCAL 2024-02-11 20:43:01 INFO  ManagerTask:93 - Received response for reviewId R35P822BAW0TEW for inputIndex 1 for taskType sentimentAnalysis with taskResult 3
LOCAL 2024-02-11 20:43:01 INFO  ManagerTask:117 - Updated summary message for reviewId R35P822BAW0TEW for inputIndex 1 with sentiment 3 and entities 
LOCAL 2024-02-11 20:43:01 INFO  ManagerTask:123 - Completed tasks 20 out of 40 for local app 8ffe4fd3274fa45d for inputIndex 0
LOCAL 2024-02-11 20:43:01 INFO  SQSHandler:93 - Deleted message from https://sqs.us-east-1.amazonaws.com/767398090493/workerToManagerQueue
LOCAL 2024-02-11 20:43:01 INFO  ManagerTask:123 - Completed tasks 28 out of 40 for local app 8ffe4fd3274fa45d for inputIndex 1
LOCAL 2024-02-11 20:43:02 INFO  ManagerTask:123 - Completed tasks 23 out of 40 for local app 9f82db818a321c1b for inputIndex 0
LOCAL 2024-02-11 20:43:02 INFO  ManagerTask:123 - Completed tasks 28 out of 40 for local app 8ffe4fd3274fa45d for inputIndex 0
LOCAL 2024-02-11 20:43:02 INFO  ManagerTask:123 - Completed tasks 23 out of 40 for local app 9f82db818a321c1b for inputIndex 0
LOCAL 2024-02-11 20:43:02 INFO  ManagerTask:123 - Completed tasks 23 out of 40 for local app 8ffe4fd3274fa45d for inputIndex 1
LOCAL 2024-02-11 20:43:02 INFO  ManagerTask:93 - Received response for reviewId R1IKZK5S0DCKZ0 for inputIndex 0 for taskType sentimentAnalysis with taskResult 3
LOCAL 2024-02-11 20:43:02 INFO  ManagerTask:117 - Updated summary message for reviewId R1IKZK5S0DCKZ0 for inputIndex 0 with sentiment 3 and entities Karen: PERSON, Katz: PERSON
LOCAL 2024-02-11 20:43:02 INFO  SQSHandler:93 - Deleted message from https://sqs.us-east-1.amazonaws.com/767398090493/workerToManagerQueue
LOCAL 2024-02-11 20:43:02 INFO  ManagerTask:123 - Completed tasks 21 out of 40 for local app 9f82db818a321c1b for inputIndex 0
LOCAL 2024-02-11 20:43:03 INFO  ManagerTask:123 - Completed tasks 28 out of 40 for local app 9f82db818a321c1b for inputIndex 0
LOCAL 2024-02-11 20:43:03 INFO  ManagerTask:123 - Completed tasks 23 out of 40 for local app 9f82db818a321c1b for inputIndex 0
LOCAL 2024-02-11 20:43:04 INFO  ManagerTask:93 - Received response for reviewId R2I4MYU1IT5IJ for inputIndex 1 for taskType sentimentAnalysis with taskResult 3
LOCAL 2024-02-11 20:43:04 INFO  ManagerTask:117 - Updated summary message for reviewId R2I4MYU1IT5IJ for inputIndex 1 with sentiment 3 and entities 
LOCAL 2024-02-11 20:43:04 INFO  SQSHandler:93 - Deleted message from https://sqs.us-east-1.amazonaws.com/767398090493/workerToManagerQueue
LOCAL 2024-02-11 20:43:04 INFO  ManagerTask:123 - Completed tasks 29 out of 40 for local app 8ffe4fd3274fa45d for inputIndex 1
LOCAL 2024-02-11 20:43:04 INFO  ManagerTask:123 - Completed tasks 21 out of 40 for local app 8ffe4fd3274fa45d for inputIndex 0
LOCAL 2024-02-11 20:43:04 INFO  ManagerTask:123 - Completed tasks 23 out of 40 for local app 9f82db818a321c1b for inputIndex 0
LOCAL 2024-02-11 20:43:04 INFO  ManagerTask:123 - Completed tasks 21 out of 40 for local app 8ffe4fd3274fa45d for inputIndex 0
LOCAL 2024-02-11 20:43:04 INFO  ManagerTask:123 - Completed tasks 21 out of 40 for local app 8ffe4fd3274fa45d for inputIndex 0
LOCAL 2024-02-11 20:43:05 INFO  ManagerTask:93 - Received response for reviewId R3PLCGYS9LYRHZ for inputIndex 1 for taskType entityRecognition with taskResult 
LOCAL 2024-02-11 20:43:05 INFO  ManagerTask:117 - Updated summary message for reviewId R3PLCGYS9LYRHZ for inputIndex 1 with sentiment 2 and entities 
LOCAL 2024-02-11 20:43:05 INFO  SQSHandler:93 - Deleted message from https://sqs.us-east-1.amazonaws.com/767398090493/workerToManagerQueue
LOCAL 2024-02-11 20:43:05 INFO  ManagerTask:123 - Completed tasks 30 out of 40 for local app 8ffe4fd3274fa45d for inputIndex 1
LOCAL 2024-02-11 20:43:05 INFO  ManagerTask:123 - Completed tasks 23 out of 40 for local app 8ffe4fd3274fa45d for inputIndex 1
LOCAL 2024-02-11 20:43:05 INFO  ManagerTask:123 - Completed tasks 23 out of 40 for local app 9f82db818a321c1b for inputIndex 0
LOCAL 2024-02-11 20:43:06 INFO  ManagerTask:93 - Received response for reviewId RB9QK3F6SUQPU for inputIndex 0 for taskType sentimentAnalysis with taskResult 4
LOCAL 2024-02-11 20:43:06 INFO  ManagerTask:117 - Updated summary message for reviewId RB9QK3F6SUQPU for inputIndex 0 with sentiment 4 and entities 
LOCAL 2024-02-11 20:43:06 INFO  SQSHandler:93 - Deleted message from https://sqs.us-east-1.amazonaws.com/767398090493/workerToManagerQueue
LOCAL 2024-02-11 20:43:06 INFO  ManagerTask:123 - Completed tasks 22 out of 40 for local app 9f82db818a321c1b for inputIndex 0
LOCAL 2024-02-11 20:43:06 INFO  ManagerTask:123 - Completed tasks 23 out of 40 for local app 9f82db818a321c1b for inputIndex 0
LOCAL 2024-02-11 20:43:06 INFO  ManagerTask:123 - Completed tasks 30 out of 40 for local app 9f82db818a321c1b for inputIndex 0
LOCAL 2024-02-11 20:43:06 INFO  ManagerTask:93 - Received response for reviewId R366N97DLUODS7 for inputIndex 0 for taskType sentimentAnalysis with taskResult 2
LOCAL 2024-02-11 20:43:06 INFO  SQSHandler:93 - Deleted message from https://sqs.us-east-1.amazonaws.com/767398090493/workerToManagerQueue
LOCAL 2024-02-11 20:43:06 INFO  ManagerTask:123 - Completed tasks 23 out of 40 for local app 9f82db818a321c1b for inputIndex 0
LOCAL 2024-02-11 20:43:06 INFO  ManagerTask:123 - Completed tasks 23 out of 40 for local app 9f82db818a321c1b for inputIndex 0
LOCAL 2024-02-11 20:43:06 INFO  ManagerTask:123 - Completed tasks 30 out of 40 for local app 9f82db818a321c1b for inputIndex 0
LOCAL 2024-02-11 20:43:06 INFO  ManagerTask:123 - Completed tasks 23 out of 40 for local app 8ffe4fd3274fa45d for inputIndex 0
LOCAL 2024-02-11 20:43:06 INFO  ManagerTask:93 - Received response for reviewId R33DK4T6EHUIHX for inputIndex 0 for taskType sentimentAnalysis with taskResult 1
LOCAL 2024-02-11 20:43:07 INFO  SQSHandler:93 - Deleted message from https://sqs.us-east-1.amazonaws.com/767398090493/workerToManagerQueue
LOCAL 2024-02-11 20:43:07 INFO  ManagerTask:123 - Completed tasks 24 out of 40 for local app 9f82db818a321c1b for inputIndex 0
LOCAL 2024-02-11 20:43:07 INFO  ManagerTask:123 - Completed tasks 23 out of 40 for local app 9f82db818a321c1b for inputIndex 0
LOCAL 2024-02-11 20:43:07 INFO  ManagerTask:123 - Completed tasks 30 out of 40 for local app 9f82db818a321c1b for inputIndex 0
LOCAL 2024-02-11 20:43:17 INFO  Manager:61 - Received 0 requests
LOCAL 2024-02-11 20:43:18 INFO  Manager:61 - Received 0 requests
LOCAL 2024-02-11 20:43:38 INFO  Manager:61 - Received 0 requests
LOCAL 2024-02-11 20:43:39 INFO  Manager:61 - Received 0 requests
LOCAL 2024-02-11 20:43:42 INFO  Manager:51 - Polling tasks from 2 local app queues
